Mplus VERSION 7.11
MUTHEN & MUTHEN
04/13/2015  11:52 AM

INPUT INSTRUCTIONS

   TITLE: Picture Completion, Aeh Model, Female

  DATA:  File = C:\Users\Besitzer\Desktop\ilse 03.03.dat;

  VARIABLE: Names are
   T1SD18 ID SEX t1dss t1bd t1fs t1fsb t1age center t1beer t1wine
   t1k t1pc t1vf t1sa t1spf t2dss t2bd
      t2fs t2fsb t2beer t2wine t2k t2pc t2vf t2sa t2spf t3dss t3bd
      t3k t3pc t3vf t3sa t3spf t2age t3age
      T1TUG t1height t1weight T2TUG t2height t2weight T3TUG t3height
      t3weight time1 time2r time3r time3
      time2 T1HAVIR1 T1HAVIL1 T1HAVIR2 T1HAVIL2 T2HAVIR1 T2HAVIR2
      T2HAVIL1 T2HAVIL2 T3HAVIR1x T3HAVIR2x
      T3HAVIL1x T3HAVIL2x t1hg t2hg t3hg T1APEC T1INFAR T1RAUCH
      Educ element Haupt second others Smoker
      Former;

           MISSING are ALL(-9999);
           USEVAR are  time1 time2 time3 Haupt Second others
                       c1 c2 c3
                       Bage height;
           TSCORES =   time1 time2 time3;

           USEOBSERVATIONS are sex EQ 1;

    Define: c1=t1pc; c2=t2pc; c3=t3pc;

            Bage=t1age-70;   !Centered at Age 70
            Bagesq=(t1age-70)**2;
           height=t1height-160; !centered for female

  ANALYSIS: TYPE = RANDOM;
  Estimator=MLF;


  MODEL:    ic sc | c1-c3 AT time1-time3;


          ic sc ON Bage height Haupt Second others;


          c1-c3 (res_c);

  OUTPUT: sampstat;



*** WARNING
  Data set contains cases with missing on x-variables.
  These cases were not included in the analysis.
  Number of cases with missing on x-variables:  14
   1 WARNING(S) FOUND IN THE INPUT INSTRUCTIONS



Picture Completion, Aeh Model, Female

SUMMARY OF ANALYSIS

Number of groups                                                 1
Number of observations                                         226

Number of dependent variables                                    3
Number of independent variables                                  5
Number of continuous latent variables                            2

Observed dependent variables

  Continuous
   C1          C2          C3

Observed independent variables
   HAUPT       SECOND      OTHERS      BAGE        HEIGHT

Continuous latent variables
   IC          SC

Variables with special functions

  Time scores
   TIME1       TIME2       TIME3


Estimator                                                      MLF
Information matrix                                        OBSERVED
Maximum number of iterations                                   100
Convergence criterion                                    0.100D-05
Maximum number of EM iterations                                500
Convergence criteria for the EM algorithm
  Loglikelihood change                                   0.100D-02
  Relative loglikelihood change                          0.100D-05
  Derivative                                             0.100D-03
Minimum variance                                         0.100D-03
Maximum number of steepest descent iterations                   20
Maximum number of iterations for H1                           2000
Convergence criterion for H1                             0.100D-03
Optimization algorithm                                         EMA

Input data file(s)
  C:\Users\Besitzer\Desktop\ilse 03.03.dat
Input data format  FREE


SUMMARY OF DATA

     Number of missing data patterns             3


COVARIANCE COVERAGE OF DATA

Minimum covariance coverage value   0.100


     PROPORTION OF DATA PRESENT


           Covariance Coverage
              C1            C2            C3            HAUPT         SECOND
              ________      ________      ________      ________      ________
 C1             1.000
 C2             0.903         0.903
 C3             0.668         0.668         0.668
 HAUPT          1.000         0.903         0.668         1.000
 SECOND         1.000         0.903         0.668         1.000         1.000
 OTHERS         1.000         0.903         0.668         1.000         1.000
 BAGE           1.000         0.903         0.668         1.000         1.000
 HEIGHT         1.000         0.903         0.668         1.000         1.000


           Covariance Coverage
              OTHERS        BAGE          HEIGHT
              ________      ________      ________
 OTHERS         1.000
 BAGE           1.000         1.000
 HEIGHT         1.000         1.000         1.000


SAMPLE STATISTICS


     ESTIMATED SAMPLE STATISTICS


           Means
              C1            C2            C3            HAUPT         SECOND
              ________      ________      ________      ________      ________
 1             10.717        11.095        10.446         0.765         0.027


           Means
              OTHERS        BAGE          HEIGHT
              ________      ________      ________
 1              0.137        -7.045         2.018


           Covariances
              C1            C2            C3            HAUPT         SECOND
              ________      ________      ________      ________      ________
 C1            15.114
 C2             8.981        14.246
 C3             9.449         7.383        18.464
 HAUPT         -0.319        -0.244        -0.214         0.180
 SECOND         0.069         0.037        -0.008        -0.020         0.026
 OTHERS         0.300         0.255         0.225        -0.105        -0.004
 BAGE          -0.143        -0.146         0.510        -0.004        -0.003
 HEIGHT         0.678         0.932         4.613        -0.146         0.017


           Covariances
              OTHERS        BAGE          HEIGHT
              ________      ________      ________
 OTHERS         0.118
 BAGE          -0.027         0.845
 HEIGHT         0.077         0.092        39.672


           Correlations
              C1            C2            C3            HAUPT         SECOND
              ________      ________      ________      ________      ________
 C1             1.000
 C2             0.612         1.000
 C3             0.566         0.455         1.000
 HAUPT         -0.193        -0.153        -0.118         1.000
 SECOND         0.111         0.061        -0.012        -0.298         1.000
 OTHERS         0.224         0.197         0.153        -0.720        -0.066
 BAGE          -0.040        -0.042         0.129        -0.009        -0.019
 HEIGHT         0.028         0.039         0.170        -0.055         0.017


           Correlations
              OTHERS        BAGE          HEIGHT
              ________      ________      ________
 OTHERS         1.000
 BAGE          -0.086         1.000
 HEIGHT         0.036         0.016         1.000


     MAXIMUM LOG-LIKELIHOOD VALUE FOR THE UNRESTRICTED (H1) MODEL IS -2561.447


THE MODEL ESTIMATION TERMINATED NORMALLY



MODEL FIT INFORMATION

Number of Free Parameters                       16

Loglikelihood

          H0 Value                       -1536.519

Information Criteria

          Akaike (AIC)                    3105.039
          Bayesian (BIC)                  3159.767
          Sample-Size Adjusted BIC        3109.059
            (n* = (n + 2) / 24)



MODEL RESULTS

                                                    Two-Tailed
                    Estimate       S.E.  Est./S.E.    P-Value

 IC         ON
    BAGE              -0.160      0.273     -0.585      0.558
    HEIGHT             0.001      0.040      0.018      0.986
    HAUPT              0.340      0.983      0.346      0.730
    SECOND             3.281      2.562      1.281      0.200
    OTHERS             2.855      1.331      2.145      0.032

 SC         ON
    BAGE               0.064      0.030      2.116      0.034
    HEIGHT             0.009      0.005      1.879      0.060
    HAUPT             -0.008      0.128     -0.065      0.948
    SECOND            -0.286      0.170     -1.682      0.093
    OTHERS            -0.071      0.154     -0.459      0.646

 SC       WITH
    IC                 0.003      0.108      0.024      0.981

 Intercepts
    C1                 0.000      0.000    999.000    999.000
    C2                 0.000      0.000    999.000    999.000
    C3                 0.000      0.000    999.000    999.000
    IC                 9.026      1.994      4.526      0.000
    SC                 0.429      0.236      1.820      0.069

 Residual Variances
    C1                 6.489      0.632     10.262      0.000
    C2                 6.489      0.632     10.262      0.000
    C3                 6.489      0.632     10.262      0.000
    IC                 7.786      1.529      5.092      0.000
    SC                 0.013      0.015      0.862      0.389


QUALITY OF NUMERICAL RESULTS

     Condition Number for the Information Matrix              0.140E-05
       (ratio of smallest to largest eigenvalue)


DIAGRAM INFORMATION

  Use View Diagram under the Diagram menu in the Mplus Editor to view the diagram.
  If running Mplus from the Mplus Diagrammer, the diagram opens automatically.

  Diagram output
    c:\users\besitzer\documents\github\ialsa-2015-portland\studies\ilse\unshared\cog\u1_female_aeh_n

     Beginning Time:  11:52:17
        Ending Time:  11:52:18
       Elapsed Time:  00:00:01



MUTHEN & MUTHEN
3463 Stoner Ave.
Los Angeles, CA  90066

Tel: (310) 391-9971
Fax: (310) 391-8971
Web: www.StatModel.com
Support: Support@StatModel.com

Copyright (c) 1998-2013 Muthen & Muthen
