Mplus VERSION 7.11
MUTHEN & MUTHEN
06/17/2015  11:13 AM

INPUT INSTRUCTIONS

   TITLE: Spacial Ability, Age Model, Male

  DATA:  File = C:\Users\Besitzer\Desktop\ilse 03.03.dat;

  VARIABLE: Names are
   T1SD18 ID SEX t1dss t1bd t1fs t1fsb t1age center t1beer t1wine
   t1k t1pc t1vf t1sa t1spf t2dss t2bd
      t2fs t2fsb t2beer t2wine t2k t2pc t2vf t2sa t2spf t3dss t3bd
      t3k t3pc t3vf t3sa t3spf t2age t3age
      T1TUG t1height t1weight T2TUG t2height t2weight T3TUG t3height
      t3weight time1 time2r time3r time3
      time2 T1HAVIR1 T1HAVIL1 T1HAVIR2 T1HAVIL2 T2HAVIR1 T2HAVIR2
      T2HAVIL1 T2HAVIL2 T3HAVIR1x T3HAVIR2x
      T3HAVIL1x T3HAVIL2x t1hg t2hg t3hg T1APEC T1INFAR T1RAUCH
      Educ element Haupt second others Smoker
      Former;

           MISSING are ALL(-9999);
           USEVAR are  time1 time2 time3
                       c1 c2 c3
                       Bage;
           TSCORES =   time1 time2 time3;

           USEOBSERVATIONS are sex EQ 0;

    Define: c1=t1sa; c2=t2sa; c3=t3sa;

            Bage=t1age-70;   !Centered at Age 70
            Bagesq=(t1age-70)**2;
           height=t1height-172; !centered for male

  ANALYSIS: TYPE = RANDOM;
  Estimator=MLF;


  MODEL:    ic sc | c1-c3 AT time1-time3;


          ic sc ON Bage;


          c1-c3 (res_c);

  OUTPUT: sampstat;



*** WARNING
  Data set contains cases with missing on x-variables.
  These cases were not included in the analysis.
  Number of cases with missing on x-variables:  7
   1 WARNING(S) FOUND IN THE INPUT INSTRUCTIONS



Spacial Ability, Age Model, Male

SUMMARY OF ANALYSIS

Number of groups                                                 1
Number of observations                                         253

Number of dependent variables                                    3
Number of independent variables                                  1
Number of continuous latent variables                            2

Observed dependent variables

  Continuous
   C1          C2          C3

Observed independent variables
   BAGE

Continuous latent variables
   IC          SC

Variables with special functions

  Time scores
   TIME1       TIME2       TIME3


Estimator                                                      MLF
Information matrix                                        OBSERVED
Maximum number of iterations                                   100
Convergence criterion                                    0.100D-05
Maximum number of EM iterations                                500
Convergence criteria for the EM algorithm
  Loglikelihood change                                   0.100D-02
  Relative loglikelihood change                          0.100D-05
  Derivative                                             0.100D-03
Minimum variance                                         0.100D-03
Maximum number of steepest descent iterations                   20
Maximum number of iterations for H1                           2000
Convergence criterion for H1                             0.100D-03
Optimization algorithm                                         EMA

Input data file(s)
  C:\Users\Besitzer\Desktop\ilse 03.03.dat
Input data format  FREE


SUMMARY OF DATA

     Number of missing data patterns             3


COVARIANCE COVERAGE OF DATA

Minimum covariance coverage value   0.100


     PROPORTION OF DATA PRESENT


           Covariance Coverage
              C1            C2            C3            BAGE
              ________      ________      ________      ________
 C1             1.000
 C2             0.897         0.897
 C3             0.601         0.601         0.601
 BAGE           1.000         0.897         0.601         1.000


SAMPLE STATISTICS


     ESTIMATED SAMPLE STATISTICS


           Means
              C1            C2            C3            BAGE
              ________      ________      ________      ________
 1             22.719        21.475        20.279        -7.024


           Covariances
              C1            C2            C3            BAGE
              ________      ________      ________      ________
 C1            37.601
 C2            31.572        41.392
 C3            27.900        31.508        47.325
 BAGE          -0.105        -0.295        -0.656         0.837


           Correlations
              C1            C2            C3            BAGE
              ________      ________      ________      ________
 C1             1.000
 C2             0.800         1.000
 C3             0.661         0.712         1.000
 BAGE          -0.019        -0.050        -0.104         1.000


     MAXIMUM LOG-LIKELIHOOD VALUE FOR THE UNRESTRICTED (H1) MODEL IS -2232.870


THE MODEL ESTIMATION TERMINATED NORMALLY



MODEL FIT INFORMATION

Number of Free Parameters                        8

Loglikelihood

          H0 Value                       -1900.426

Information Criteria

          Akaike (AIC)                    3816.853
          Bayesian (BIC)                  3845.120
          Sample-Size Adjusted BIC        3819.758
            (n* = (n + 2) / 24)



MODEL RESULTS

                                                    Two-Tailed
                    Estimate       S.E.  Est./S.E.    P-Value

 IC         ON
    BAGE              -0.114      0.418     -0.273      0.784

 SC         ON
    BAGE              -0.063      0.043     -1.464      0.143

 SC       WITH
    IC                -0.201      0.269     -0.747      0.455

 Intercepts
    C1                 0.000      0.000    999.000    999.000
    C2                 0.000      0.000    999.000    999.000
    C3                 0.000      0.000    999.000    999.000
    IC                21.784      2.941      7.407      0.000
    SC                -0.665      0.306     -2.175      0.030

 Residual Variances
    C1                 7.999      0.618     12.934      0.000
    C2                 7.999      0.618     12.934      0.000
    C3                 7.999      0.618     12.934      0.000
    IC                31.282      3.996      7.829      0.000
    SC                 0.102      0.020      5.219      0.000


QUALITY OF NUMERICAL RESULTS

     Condition Number for the Information Matrix              0.941E-04
       (ratio of smallest to largest eigenvalue)


DIAGRAM INFORMATION

  Use View Diagram under the Diagram menu in the Mplus Editor to view the diagram.
  If running Mplus from the Mplus Diagrammer, the diagram opens automatically.

  Diagram output
    c:\users\besitzer\documents\github\ialsa-2015-portland\studies\ilse\unshared\cog\u1_male_age_nop

     Beginning Time:  11:13:33
        Ending Time:  11:13:34
       Elapsed Time:  00:00:01



MUTHEN & MUTHEN
3463 Stoner Ave.
Los Angeles, CA  90066

Tel: (310) 391-9971
Fax: (310) 391-8971
Web: www.StatModel.com
Support: Support@StatModel.com

Copyright (c) 1998-2013 Muthen & Muthen
