Mplus VERSION 7.11
MUTHEN & MUTHEN
03/04/2015  11:08 AM

INPUT INSTRUCTIONS

   TITLE: Block Design, Aeh Model, Male

  DATA:  File = C:\Users\Besitzer\Desktop\ilse 03.03.dat;

  VARIABLE: Names are
   T1SD18 ID SEX t1dss t1bd t1fs t1fsb t1age center t1beer t1wine
   t1k t1pc t1vf t1sa t1spf t2dss t2bd
      t2fs t2fsb t2beer t2wine t2k t2pc t2vf t2sa t2spf t3dss t3bd
      t3k t3pc t3vf t3sa t3spf t2age t3age
      T1TUG t1height t1weight T2TUG t2height t2weight T3TUG t3height
      t3weight time1 time2r time3r time3
      time2 T1HAVIR1 T1HAVIL1 T1HAVIR2 T1HAVIL2 T2HAVIR1 T2HAVIR2
      T2HAVIL1 T2HAVIL2 T3HAVIR1x T3HAVIR2x
      T3HAVIL1x T3HAVIL2x t1hg t2hg t3hg T1APEC T1INFAR T1RAUCH
      Educ element Haupt second others Smoker
      Former;

           MISSING are ALL(-9999);
           USEVAR are  time1 time2 time3 Haupt Second others
                       c1 c2 c3
                       Bage height;
           TSCORES =   time1 time2 time3;

           USEOBSERVATIONS are sex EQ 0;

    Define: c1=t1bd; c2=t2bd; c3=t3bd;

            Bage=t1age-70;   !Centered at Age 70
            Bagesq=(t1age-70)**2;
           height=t1height-172; !centered for male

  ANALYSIS: TYPE = RANDOM;
  Estimator=MLF;


  MODEL:    ic sc | c1-c3 AT time1-time3;


          ic sc ON Bage height Haupt Second others;


          c1-c3 (res_c);

  OUTPUT: sampstat;



*** WARNING
  Data set contains cases with missing on x-variables.
  These cases were not included in the analysis.
  Number of cases with missing on x-variables:  7
   1 WARNING(S) FOUND IN THE INPUT INSTRUCTIONS



Block Design, Aeh Model, Male

SUMMARY OF ANALYSIS

Number of groups                                                 1
Number of observations                                         253

Number of dependent variables                                    3
Number of independent variables                                  5
Number of continuous latent variables                            2

Observed dependent variables

  Continuous
   C1          C2          C3

Observed independent variables
   HAUPT       SECOND      OTHERS      BAGE        HEIGHT

Continuous latent variables
   IC          SC

Variables with special functions

  Time scores
   TIME1       TIME2       TIME3


Estimator                                                      MLF
Information matrix                                        OBSERVED
Maximum number of iterations                                   100
Convergence criterion                                    0.100D-05
Maximum number of EM iterations                                500
Convergence criteria for the EM algorithm
  Loglikelihood change                                   0.100D-02
  Relative loglikelihood change                          0.100D-05
  Derivative                                             0.100D-03
Minimum variance                                         0.100D-03
Maximum number of steepest descent iterations                   20
Maximum number of iterations for H1                           2000
Convergence criterion for H1                             0.100D-03
Optimization algorithm                                         EMA

Input data file(s)
  C:\Users\Besitzer\Desktop\ilse 03.03.dat
Input data format  FREE


SUMMARY OF DATA

     Number of missing data patterns             3


COVARIANCE COVERAGE OF DATA

Minimum covariance coverage value   0.100


     PROPORTION OF DATA PRESENT


           Covariance Coverage
              C1            C2            C3            HAUPT         SECOND
              ________      ________      ________      ________      ________
 C1             1.000
 C2             0.897         0.897
 C3             0.609         0.609         0.609
 HAUPT          1.000         0.897         0.609         1.000
 SECOND         1.000         0.897         0.609         1.000         1.000
 OTHERS         1.000         0.897         0.609         1.000         1.000
 BAGE           1.000         0.897         0.609         1.000         1.000
 HEIGHT         1.000         0.897         0.609         1.000         1.000


           Covariance Coverage
              OTHERS        BAGE          HEIGHT
              ________      ________      ________
 OTHERS         1.000
 BAGE           1.000         1.000
 HEIGHT         1.000         1.000         1.000


SAMPLE STATISTICS


     ESTIMATED SAMPLE STATISTICS


           Means
              C1            C2            C3            HAUPT         SECOND
              ________      ________      ________      ________      ________
 1             28.040        24.615        23.729         0.680         0.020


           Means
              OTHERS        BAGE          HEIGHT
              ________      ________      ________
 1              0.237        -7.024         2.087


           Covariances
              C1            C2            C3            HAUPT         SECOND
              ________      ________      ________      ________      ________
 C1            68.038
 C2            54.837        74.637
 C3            49.062        53.306        71.636
 HAUPT         -0.968        -0.815        -0.442         0.218
 SECOND         0.138         0.170         0.078        -0.013         0.019
 OTHERS         1.105         0.920         0.753        -0.161        -0.005
 BAGE          -0.751        -0.574        -1.172        -0.025        -0.001
 HEIGHT        12.408        13.619        11.116        -0.790         0.085


           Covariances
              OTHERS        BAGE          HEIGHT
              ________      ________      ________
 OTHERS         0.181
 BAGE          -0.008         0.837
 HEIGHT         0.952        -0.392        44.779


           Correlations
              C1            C2            C3            HAUPT         SECOND
              ________      ________      ________      ________      ________
 C1             1.000
 C2             0.770         1.000
 C3             0.703         0.729         1.000
 HAUPT         -0.251        -0.202        -0.112         1.000
 SECOND         0.120         0.141         0.066        -0.207         1.000
 OTHERS         0.315         0.250         0.209        -0.812        -0.079
 BAGE          -0.100        -0.073        -0.151        -0.058        -0.007
 HEIGHT         0.225         0.236         0.196        -0.253         0.092


           Correlations
              OTHERS        BAGE          HEIGHT
              ________      ________      ________
 OTHERS         1.000
 BAGE          -0.022         1.000
 HEIGHT         0.334        -0.064         1.000


     MAXIMUM LOG-LIKELIHOOD VALUE FOR THE UNRESTRICTED (H1) MODEL IS -3214.135


THE MODEL ESTIMATION TERMINATED NORMALLY



MODEL FIT INFORMATION

Number of Free Parameters                       16

Loglikelihood

          H0 Value                       -2076.323

Information Criteria

          Akaike (AIC)                    4184.647
          Bayesian (BIC)                  4241.181
          Sample-Size Adjusted BIC        4190.458
            (n* = (n + 2) / 24)



MODEL RESULTS

                                                    Two-Tailed
                    Estimate       S.E.  Est./S.E.    P-Value

 IC         ON
    BAGE              -0.515      0.515     -1.000      0.317
    HEIGHT             0.146      0.073      1.999      0.046
    HAUPT              1.893      1.855      1.020      0.308
    SECOND            10.442      5.540      1.885      0.059
    OTHERS             7.085      2.227      3.181      0.001

 SC         ON
    BAGE              -0.043      0.051     -0.838      0.402
    HEIGHT             0.000      0.009      0.007      0.994
    HAUPT              0.240      0.182      1.316      0.188
    SECOND            -0.080      0.321     -0.248      0.804
    OTHERS             0.061      0.207      0.296      0.767

 SC       WITH
    IC                 0.206      0.399      0.517      0.605

 Intercepts
    C1                 0.000      0.000    999.000    999.000
    C2                 0.000      0.000    999.000    999.000
    C3                 0.000      0.000    999.000    999.000
    IC                20.254      3.749      5.402      0.000
    SC                -0.854      0.382     -2.234      0.025

 Residual Variances
    C1                18.808      1.702     11.053      0.000
    C2                18.808      1.702     11.053      0.000
    C3                18.808      1.702     11.053      0.000
    IC                42.590      5.928      7.185      0.000
    SC                 0.023      0.041      0.555      0.579


QUALITY OF NUMERICAL RESULTS

     Condition Number for the Information Matrix              0.815E-05
       (ratio of smallest to largest eigenvalue)


DIAGRAM INFORMATION

  Use View Diagram under the Diagram menu in the Mplus Editor to view the diagram.
  If running Mplus from the Mplus Diagrammer, the diagram opens automatically.

  Diagram output
    c:\users\besitzer\documents\github\ialsa-2015-portland\studies\ilse\unshared\cog\u1_male_aeh_nop

     Beginning Time:  11:08:02
        Ending Time:  11:08:02
       Elapsed Time:  00:00:00



MUTHEN & MUTHEN
3463 Stoner Ave.
Los Angeles, CA  90066

Tel: (310) 391-9971
Fax: (310) 391-8971
Web: www.StatModel.com
Support: Support@StatModel.com

Copyright (c) 1998-2013 Muthen & Muthen
