Mplus VERSION 7.11
MUTHEN & MUTHEN
07/15/2015   1:43 PM
INPUT INSTRUCTIONS
  TITLE: B1 Peak Flow, Delayed Recall, AEH, Female
  DATA:  File = "\\tsclient\C\Users\wuche\Dropbox\Research\IALSA\Mplus\Data\PEAK.dat";
  Variable:
    Names are
       hhid pn JAGE JALIVE JINSAMP JIWWAVE KAGE KALIVE KINSAMP KIWWAVE LAGE
       LALIVE LINSAMP LIWWAVE MAGE MALIVE MINSAMP MIWWAVE NAGE NALIVE NINSAMP
       NIWWAVE WHITE MALE educ04 smoke04 height04 bmi04 diabetes04 cvd04
       walk04 walk06 walk10 peak04 peak06 peak10 grip04 grip06 grip10 recall04i
       recall06i recall08i recall10i recall12i recall04d recall06d recall08d
       recall10d recall12d serial06 serial04 serial08 serial10 serial12 vocabulary04
       vocabulary06 vocabulary08 vocabulary10 vocabulary12 tisc04 tisc06
       tisc08 tisc10 tisc12 cesd04 cesd06 cesd08 cesd10 cesd12 t1 t2 t3 t4
       t5;
    MISSING are all(-9999);
    USEVAR  are time1 time2 time3 time4 time5
                Educ Height
                Bage p1 p2 p4 c1 c2 c3 c4 c5;
    TSCORES =   time1 time2 time3 time4 time5;
    CLUSTER =   hhid;
    SUBPOPULATION are MALE EQ 0;
  DEFINE: p1=peak04; p2 = peak06; p4 = peak10;
          c1=recall04d; c2=recall06d; c3=recall08d; c4=recall10d; c5=recall12d;
          time1 = t1; time2 = t2; time3 = t3; time4 = t4; time5 = t5;
          Bage = JAGE-70;
          Educ   = educ04-7;
          Height = height04-1.60;
  ANALYSIS: TYPE = RANDOM COMPLEX;
  MODEL: ip sp | p1 p2 p4 AT time1 time2       time4;
         ic sc | c1-c5    AT time1 time2 time3 time4 time5;
         ip sp ic sc ON Bage Educ Height;
         p1 p2 p4 (res_p);
         c1-c5 (res_p);
         p1  with c1  (res_cov);
         p2  with c2  (res_cov);
         p4  with c4  (res_cov);
  OUTPUT: sampstat Cinterval;
INPUT READING TERMINATED NORMALLY
B1 Peak Flow, Delayed Recall, AEH, Female
SUMMARY OF ANALYSIS
Number of groups                                                 1
Number of observations                                         715
Number of dependent variables                                    8
Number of independent variables                                  3
Number of continuous latent variables                            4
Observed dependent variables
  Continuous
   P1          P2          P4          C1          C2          C3
   C4          C5
Observed independent variables
   EDUC        HEIGHT      BAGE
Continuous latent variables
   IP          SP          IC          SC
Variables with special functions
  Cluster variable      HHID
  Weight variable       _WEIGHT
  Time scores
   TIME1       TIME2       TIME3       TIME4       TIME5
Estimator                                                      MLR
Information matrix                                        OBSERVED
Maximum number of iterations                                   100
Convergence criterion                                    0.100D-05
Maximum number of EM iterations                                500
Convergence criteria for the EM algorithm
  Loglikelihood change                                   0.100D-02
  Relative loglikelihood change                          0.100D-05
  Derivative                                             0.100D-03
Minimum variance                                         0.100D-03
Maximum number of steepest descent iterations                   20
Maximum number of iterations for H1                           2000
Convergence criterion for H1                             0.100D-03
Optimization algorithm                                         EMA
Input data file(s)
  \\tsclient\C\Users\wuche\Dropbox\Research\IALSA\Mplus\Data\PEAK.dat
Input data format  FREE
SAMPLE STATISTICS
     ESTIMATED SAMPLE STATISTICS
           Means
              P1            P2            P4            C1            C2
              ________      ________      ________      ________      ________
 1            275.078       274.185       259.624         4.418         4.186
           Means
              C3            C4            C5            EDUC          HEIGHT
              ________      ________      ________      ________      ________
 1              4.167         3.894         3.684         5.474         0.008
           Means
              BAGE
              ________
 1             -0.499
           Covariances
              P1            P2            P4            C1            C2
              ________      ________      ________      ________      ________
 P1          8053.956
 P2          6089.792      8098.113
 P4          6792.214      7362.831     10095.001
 C1            63.493        73.945        82.111         3.966
 C2            67.595        80.564        92.725         2.616         4.648
 C3            69.841        86.177        99.410         2.622         3.006
 C4            83.218        97.048       117.615         2.529         3.041
 C5            80.884        95.667       116.554         2.566         3.053
 EDUC          57.275        64.326        64.786         1.724         1.806
 HEIGHT         1.237         1.183         1.658         0.020         0.025
 BAGE        -511.987      -576.401      -734.599       -10.215       -12.033
           Covariances
              C3            C4            C5            EDUC          HEIGHT
              ________      ________      ________      ________      ________
 C3             5.152
 C4             3.113         4.949
 C5             3.228         3.378         5.587
 EDUC           1.754         1.796         1.387         8.568
 HEIGHT         0.022         0.023         0.030         0.034         0.005
 BAGE         -12.404       -15.066       -14.812        -4.549        -0.153
           Covariances
              BAGE
              ________
 BAGE         133.769
           Correlations
              P1            P2            P4            C1            C2
              ________      ________      ________      ________      ________
 P1             1.000
 P2             0.754         1.000
 P4             0.753         0.814         1.000
 C1             0.355         0.413         0.410         1.000
 C2             0.349         0.415         0.428         0.609         1.000
 C3             0.343         0.422         0.436         0.580         0.614
 C4             0.417         0.485         0.526         0.571         0.634
 C5             0.381         0.450         0.491         0.545         0.599
 EDUC           0.218         0.244         0.220         0.296         0.286
 HEIGHT         0.196         0.187         0.235         0.140         0.165
 BAGE          -0.493        -0.554        -0.632        -0.443        -0.483
           Correlations
              C3            C4            C5            EDUC          HEIGHT
              ________      ________      ________      ________      ________
 C3             1.000
 C4             0.616         1.000
 C5             0.602         0.642         1.000
 EDUC           0.264         0.276         0.200         1.000
 HEIGHT         0.137         0.148         0.184         0.167         1.000
 BAGE          -0.472        -0.586        -0.542        -0.134        -0.189
           Correlations
              BAGE
              ________
 BAGE           1.000
     MAXIMUM LOG-LIKELIHOOD VALUE FOR THE UNRESTRICTED (H1) MODEL IS -35474.821
     WARNING: THE MODEL ESTIMATION HAS REACHED A SADDLE POINT OR A POINT WHERE THE
     OBSERVED AND THE EXPECTED INFORMATION MATRICES DO NOT MATCH.
     AN ADJUSTMENT TO THE ESTIMATION OF THE INFORMATION MATRIX HAS BEEN MADE.
     THE CONDITION NUMBER IS      -0.322D-02.
     THE PROBLEM MAY ALSO BE RESOLVED BY DECREASING THE VALUE OF THE
     MCONVERGENCE OR LOGCRITERION OPTIONS OR BY CHANGING THE STARTING VALUES
     OR BY USING THE MLF ESTIMATOR.
THE MODEL ESTIMATION TERMINATED NORMALLY
MODEL FIT INFORMATION
Number of Free Parameters                       28
Loglikelihood
          H0 Value                      -23546.060
          H0 Scaling Correction Factor      1.1957
            for MLR
Information Criteria
          Akaike (AIC)                   47148.121
          Bayesian (BIC)                 47276.145
          Sample-Size Adjusted BIC       47187.237
            (n* = (n + 2) / 24)
MODEL RESULTS
                                                    Two-Tailed
                    Estimate       S.E.  Est./S.E.    P-Value
 IP         ON
    BAGE              -3.552      0.230    -15.443      0.000
    EDUC               4.701      0.895      5.251      0.000
    HEIGHT            93.452     46.005      2.031      0.042
 SP         ON
    BAGE              -0.247      0.053     -4.658      0.000
    EDUC              -0.088      0.207     -0.427      0.669
    HEIGHT             5.847      8.036      0.728      0.467
 IC         ON
    BAGE              -0.070      0.013     -5.290      0.000
    EDUC               0.167      0.030      5.661      0.000
    HEIGHT             0.750      1.099      0.682      0.495
 SC         ON
    BAGE              -0.004      0.012     -0.318      0.750
    EDUC              -0.004      0.011     -0.396      0.692
    HEIGHT             0.051      0.801      0.063      0.950
 SP       WITH
    IP              -308.549     53.512     -5.766      0.000
 IC       WITH
    IP                16.562     34.725      0.477      0.633
    SP                 0.621     82.625      0.008      0.994
 SC       WITH
    IP                 0.100    105.327      0.001      0.999
    SP                 0.201     12.735      0.016      0.987
    IC                -0.023      0.699     -0.033      0.974
 P1       WITH
    C1                 0.533      0.439      1.214      0.225
 P2       WITH
    C2                 0.533      0.439      1.214      0.225
 P4       WITH
    C4                 0.533      0.439      1.214      0.225
 Intercepts
    P1                 0.000      0.000    999.000    999.000
    P2                 0.000      0.000    999.000    999.000
    P4                 0.000      0.000    999.000    999.000
    C1                 0.000      0.000    999.000    999.000
    C2                 0.000      0.000    999.000    999.000
    C3                 0.000      0.000    999.000    999.000
    C4                 0.000      0.000    999.000    999.000
    C5                 0.000      0.000    999.000    999.000
    IP               248.501      5.605     44.338      0.000
    SP                -2.230      1.304     -1.710      0.087
    IC                 3.457      0.125     27.597      0.000
    SC                -0.052      0.107     -0.483      0.629
 Residual Variances
    P1               271.793     21.602     12.582      0.000
    P2               271.793     21.602     12.582      0.000
    P4               271.793     21.602     12.582      0.000
    C1               271.793     21.602     12.582      0.000
    C2               271.793     21.602     12.582      0.000
    C3               271.793     21.602     12.582      0.000
    C4               271.793     21.602     12.582      0.000
    C5               271.793     21.602     12.582      0.000
    IP              4937.577    276.529     17.856      0.000
    SP               185.492     27.681      6.701      0.000
    IC                 0.221      4.333      0.051      0.959
    SC                 0.007      0.293      0.025      0.980
QUALITY OF NUMERICAL RESULTS
     Condition Number for the Information Matrix             -0.322E-02
       (ratio of smallest to largest eigenvalue)
