Mplus VERSION 7.11
MUTHEN & MUTHEN
07/15/2015   2:04 PM
INPUT INSTRUCTIONS
  TITLE: B1 Peak Flow, Delayed Recall, AEH, Male
  DATA:  File = "\\tsclient\C\Users\wuche\Dropbox\Research\IALSA\Mplus\Data\PEAK.dat";
  Variable:
    Names are
       hhid pn JAGE JALIVE JINSAMP JIWWAVE KAGE KALIVE KINSAMP KIWWAVE LAGE
       LALIVE LINSAMP LIWWAVE MAGE MALIVE MINSAMP MIWWAVE NAGE NALIVE NINSAMP
       NIWWAVE WHITE MALE educ04 smoke04 height04 bmi04 diabetes04 cvd04
       walk04 walk06 walk10 peak04 peak06 peak10 grip04 grip06 grip10 recall04i
       recall06i recall08i recall10i recall12i recall04d recall06d recall08d
       recall10d recall12d serial06 serial04 serial08 serial10 serial12 vocabulary04
       vocabulary06 vocabulary08 vocabulary10 vocabulary12 tisc04 tisc06
       tisc08 tisc10 tisc12 cesd04 cesd06 cesd08 cesd10 cesd12 t1 t2 t3 t4
       t5;
    MISSING are all(-9999);
    USEVAR  are time1 time2 time3 time4 time5
                Educ Height
                Bage p1 p2 p4 c1 c2 c3 c4 c5;
    TSCORES =   time1 time2 time3 time4 time5;
    CLUSTER =   hhid;
    SUBPOPULATION are MALE EQ 1;
  DEFINE: p1=peak04; p2 = peak06; p4 = peak10;
          c1=recall04d; c2=recall06d; c3=recall08d; c4=recall10d; c5=recall12d;
          time1 = t1; time2 = t2; time3 = t3; time4 = t4; time5 = t5;
          Bage = JAGE-70;
          Educ   = educ04-7;
          Height = height04-1.60;
  ANALYSIS: TYPE = RANDOM COMPLEX;
  MODEL: ip sp | p1 p2 p4 AT time1 time2       time4;
         ic sc | c1-c5    AT time1 time2 time3 time4 time5;
         ip sp ic sc ON Bage Educ Height;
         p1 p2 p4 (res_p);
         c1-c5 (res_p);
         p1  with c1  (res_cov);
         p2  with c2  (res_cov);
         p4  with c4  (res_cov);
  OUTPUT: sampstat Cinterval;
INPUT READING TERMINATED NORMALLY
B1 Peak Flow, Delayed Recall, AEH, Male
SUMMARY OF ANALYSIS
Number of groups                                                 1
Number of observations                                         535
Number of dependent variables                                    8
Number of independent variables                                  3
Number of continuous latent variables                            4
Observed dependent variables
  Continuous
   P1          P2          P4          C1          C2          C3
   C4          C5
Observed independent variables
   EDUC        HEIGHT      BAGE
Continuous latent variables
   IP          SP          IC          SC
Variables with special functions
  Cluster variable      HHID
  Weight variable       _WEIGHT
  Time scores
   TIME1       TIME2       TIME3       TIME4       TIME5
Estimator                                                      MLR
Information matrix                                        OBSERVED
Maximum number of iterations                                   100
Convergence criterion                                    0.100D-05
Maximum number of EM iterations                                500
Convergence criteria for the EM algorithm
  Loglikelihood change                                   0.100D-02
  Relative loglikelihood change                          0.100D-05
  Derivative                                             0.100D-03
Minimum variance                                         0.100D-03
Maximum number of steepest descent iterations                   20
Maximum number of iterations for H1                           2000
Convergence criterion for H1                             0.100D-03
Optimization algorithm                                         EMA
Input data file(s)
  \\tsclient\C\Users\wuche\Dropbox\Research\IALSA\Mplus\Data\PEAK.dat
Input data format  FREE
SAMPLE STATISTICS
     ESTIMATED SAMPLE STATISTICS
           Means
              P1            P2            P4            C1            C2
              ________      ________      ________      ________      ________
 1            406.274       400.136       378.778         4.035         3.889
           Means
              C3            C4            C5            EDUC          HEIGHT
              ________      ________      ________      ________      ________
 1              3.730         3.435         3.263         5.879         0.166
           Means
              BAGE
              ________
 1             -0.677
           Covariances
              P1            P2            P4            C1            C2
              ________      ________      ________      ________      ________
 P1         16311.913
 P2         13784.781     18030.909
 P4         13625.038     16185.422     20351.413
 C1            63.283        74.663        84.181         3.232
 C2            62.978        77.954        98.472         1.918         3.549
 C3            76.934        90.804       108.158         1.852         1.898
 C4            79.596        91.230       120.981         2.021         2.247
 C5            91.959       111.489       127.876         2.209         2.304
 EDUC         107.493       121.147       122.954         2.233         2.174
 HEIGHT         2.077         2.466         2.886         0.023         0.022
 BAGE        -508.070      -644.653      -791.738        -7.536        -8.014
           Covariances
              C3            C4            C5            EDUC          HEIGHT
              ________      ________      ________      ________      ________
 C3             3.862
 C4             2.243         3.936
 C5             2.282         2.541         4.298
 EDUC           1.870         2.056         2.161        10.746
 HEIGHT         0.025         0.025         0.023         0.028         0.006
 BAGE          -8.594       -10.526       -11.401        -4.914        -0.172
           Covariances
              BAGE
              ________
 BAGE         122.335
           Correlations
              P1            P2            P4            C1            C2
              ________      ________      ________      ________      ________
 P1             1.000
 P2             0.804         1.000
 P4             0.748         0.845         1.000
 C1             0.276         0.309         0.328         1.000
 C2             0.262         0.308         0.366         0.566         1.000
 C3             0.307         0.344         0.386         0.524         0.513
 C4             0.314         0.342         0.427         0.567         0.601
 C5             0.347         0.400         0.432         0.593         0.590
 EDUC           0.257         0.275         0.263         0.379         0.352
 HEIGHT         0.214         0.242         0.266         0.170         0.156
 BAGE          -0.360        -0.434        -0.502        -0.379        -0.385
           Correlations
              C3            C4            C5            EDUC          HEIGHT
              ________      ________      ________      ________      ________
 C3             1.000
 C4             0.575         1.000
 C5             0.560         0.618         1.000
 EDUC           0.290         0.316         0.318         1.000
 HEIGHT         0.168         0.169         0.146         0.113         1.000
 BAGE          -0.395        -0.480        -0.497        -0.136        -0.204
           Correlations
              BAGE
              ________
 BAGE           1.000
     MAXIMUM LOG-LIKELIHOOD VALUE FOR THE UNRESTRICTED (H1) MODEL IS -35966.106
     WARNING: THE MODEL ESTIMATION HAS REACHED A SADDLE POINT OR A POINT WHERE THE
     OBSERVED AND THE EXPECTED INFORMATION MATRICES DO NOT MATCH.
     AN ADJUSTMENT TO THE ESTIMATION OF THE INFORMATION MATRIX HAS BEEN MADE.
     THE CONDITION NUMBER IS      -0.153D-01.
     THE PROBLEM MAY ALSO BE RESOLVED BY DECREASING THE VALUE OF THE
     MCONVERGENCE OR LOGCRITERION OPTIONS OR BY CHANGING THE STARTING VALUES
     OR BY USING THE MLF ESTIMATOR.
THE MODEL ESTIMATION TERMINATED NORMALLY
MODEL FIT INFORMATION
Number of Free Parameters                       28
Loglikelihood
          H0 Value                      -18284.169
          H0 Scaling Correction Factor      0.9166
            for MLR
Information Criteria
          Akaike (AIC)                   36624.337
          Bayesian (BIC)                 36744.241
          Sample-Size Adjusted BIC       36655.360
            (n* = (n + 2) / 24)
MODEL RESULTS
                                                    Two-Tailed
                    Estimate       S.E.  Est./S.E.    P-Value
 IP         ON
    BAGE              -3.661      0.432     -8.464      0.000
    EDUC               7.953      1.452      5.478      0.000
    HEIGHT           231.323     63.160      3.662      0.000
 SP         ON
    BAGE              -0.364      0.088     -4.123      0.000
    EDUC               0.186      0.381      0.488      0.626
    HEIGHT            -1.621     12.537     -0.129      0.897
 IC         ON
    BAGE              -0.048      0.009     -5.663      0.000
    EDUC               0.164      0.028      5.975      0.000
    HEIGHT             1.596      0.785      2.034      0.042
 SC         ON
    BAGE              -0.003      0.007     -0.477      0.633
    EDUC              -0.001      0.016     -0.044      0.965
    HEIGHT            -0.133      0.153     -0.869      0.385
 SP       WITH
    IP              -634.566    129.750     -4.891      0.000
 IC       WITH
    IP                11.896    688.366      0.017      0.986
    SP                 1.460     58.596      0.025      0.980
 SC       WITH
    IP                 1.662    201.607      0.008      0.993
    SP                 0.097     15.647      0.006      0.995
    IC                -0.035      0.960     -0.036      0.971
 P1       WITH
    C1                 0.330      0.583      0.566      0.571
 P2       WITH
    C2                 0.330      0.583      0.566      0.571
 P4       WITH
    C4                 0.330      0.583      0.566      0.571
 Intercepts
    P1                 0.000      0.000    999.000    999.000
    P2                 0.000      0.000    999.000    999.000
    P4                 0.000      0.000    999.000    999.000
    C1                 0.000      0.000    999.000    999.000
    C2                 0.000      0.000    999.000    999.000
    C3                 0.000      0.000    999.000    999.000
    C4                 0.000      0.000    999.000    999.000
    C5                 0.000      0.000    999.000    999.000
    IP               320.440     13.768     23.275      0.000
    SP                -6.434      3.049     -2.110      0.035
    IC                 2.787      0.184     15.109      0.000
    SC                -0.055      0.043     -1.274      0.203
 Residual Variances
    P1               414.769     32.891     12.611      0.000
    P2               414.769     32.891     12.611      0.000
    P4               414.769     32.891     12.611      0.000
    C1               414.769     32.891     12.611      0.000
    C2               414.769     32.891     12.611      0.000
    C3               414.769     32.891     12.611      0.000
    C4               414.769     32.891     12.611      0.000
    C5               414.769     32.891     12.611      0.000
    IP             12248.068    800.664     15.297      0.000
    SP               426.895     61.262      6.968      0.000
    IC                 0.241      6.439      0.037      0.970
    SC                 0.011      0.447      0.025      0.980
QUALITY OF NUMERICAL RESULTS
     Condition Number for the Information Matrix             -0.153E-01
       (ratio of smallest to largest eigenvalue)
