Mplus VERSION 7.11
MUTHEN & MUTHEN
11/12/2015  10:41 AM

INPUT INSTRUCTIONS

  TITLE: B1 walking, Immediate Recall, AEHPLUS, Male

  DATA:  File = "C:\Users\wuche\Dropbox\Research\IALSA\Mplus\Data\WALK.dat";

  Variable:
    Names are
       hhid pn JAGE JALIVE JINSAMP JIWWAVE KAGE KALIVE KINSAMP KIWWAVE LAGE
       LALIVE LINSAMP LIWWAVE MAGE MALIVE MINSAMP MIWWAVE NAGE NALIVE NINSAMP
       NIWWAVE WHITE MALE educ04 smoke04 height04 bmi04 diabetes04 cvd04
       walk04 walk06 walk10 peak04 peak06 peak10 grip04 grip06 grip10 recall04i
       recall06i recall08i recall10i recall12i recall04d recall06d recall08d
       recall10d recall12d serial06 serial04 serial08 serial10 serial12 vocabulary04
       vocabulary06 vocabulary08 vocabulary10 vocabulary12 tisc04 tisc06
       tisc08 tisc10 tisc12 cesd04 cesd06 cesd08 cesd10 cesd12 t1 t2 t3 t4
       t5;

    MISSING are all(-9999);
    USEVAR  are diabetes04 cvd04 smoke04 time1 time2 time3 time4 time5
                Educ Height
                Bage p1 p2 p4 c1 c2 c3 c4 c5;
    TSCORES =   time1 time2 time3 time4 time5;
    CLUSTER =   hhid;
    SUBPOPULATION are MALE EQ 1;

  DEFINE: p1=walk04; p2 = walk06; p4 = walk10;
          c1=recall04I; c2=recall06I; c3=recall08I; c4=recall10I; c5=recall12I;
          time1 = t1; time2 = t2; time3 = t3; time4 = t4; time5 = t5;
          Bage = JAGE-70;
          Educ   = educ04-7;
          Height = height04-1.60;

  ANALYSIS: TYPE = RANDOM COMPLEX;

  MODEL: ip sp | p1 p2 p4 AT time1 time2       time4;
         ic sc | c1-c5    AT time1 time2 time3 time4 time5;

         ip sp ic sc ON Bage Educ Height diabetes04 cvd04 smoke04;

         p1 p2 p4 (res_p);
         c1-c5 (res_c);
         p1  with c1  (res_cov);
         p2  with c2  (res_cov);
         p4  with c4  (res_cov);

  OUTPUT: sampstat Cinterval;



*** WARNING in VARIABLE command
  Note that only the first 8 characters of variable names are used in the output.
  Shorten variable names to avoid any confusion.
   1 WARNING(S) FOUND IN THE INPUT INSTRUCTIONS



B1 walking, Immediate Recall, AEHPLUS, Male

SUMMARY OF ANALYSIS

Number of groups                                                 1
Number of observations                                         318

Number of dependent variables                                    8
Number of independent variables                                  6
Number of continuous latent variables                            4

Observed dependent variables

  Continuous
   P1          P2          P4          C1          C2          C3
   C4          C5

Observed independent variables
   DIABETES    CVD04       SMOKE04     EDUC        HEIGHT      BAGE

Continuous latent variables
   IP          SP          IC          SC

Variables with special functions

  Cluster variable      HHID
  Weight variable       _WEIGHT

  Time scores
   TIME1       TIME2       TIME3       TIME4       TIME5


Estimator                                                      MLR
Information matrix                                        OBSERVED
Maximum number of iterations                                   100
Convergence criterion                                    0.100D-05
Maximum number of EM iterations                                500
Convergence criteria for the EM algorithm
  Loglikelihood change                                   0.100D-02
  Relative loglikelihood change                          0.100D-05
  Derivative                                             0.100D-03
Minimum variance                                         0.100D-03
Maximum number of steepest descent iterations                   20
Maximum number of iterations for H1                           2000
Convergence criterion for H1                             0.100D-03
Optimization algorithm                                         EMA

Input data file(s)
  C:\Users\wuche\Dropbox\Research\IALSA\Mplus\Data\WALK.dat
Input data format  FREE



SAMPLE STATISTICS


     ESTIMATED SAMPLE STATISTICS


           Means
              P1            P2            P4            C1            C2
              ________      ________      ________      ________      ________
 1              0.865         0.774         0.721         4.896         4.661


           Means
              C3            C4            C5            DIABETES      CVD04
              ________      ________      ________      ________      ________
 1              4.378         4.052         3.826         0.214         0.374


           Means
              SMOKE04       EDUC          HEIGHT        BAGE
              ________      ________      ________      ________
 1              0.053         5.541         0.159         5.918


           Covariances
              P1            P2            P4            C1            C2
              ________      ________      ________      ________      ________
 P1             0.061
 P2             0.027         0.053
 P4             0.026         0.033         0.072
 C1             0.084         0.095         0.103         2.068
 C2             0.097         0.115         0.122         1.178         2.485
 C3             0.090         0.105         0.160         1.255         1.245
 C4             0.095         0.100         0.143         1.253         1.500
 C5             0.095         0.146         0.142         0.984         1.223
 DIABETES      -0.013        -0.015        -0.023        -0.056        -0.066
 CVD04         -0.005        -0.008        -0.008         0.001        -0.036
 SMOKE04       -0.003         0.001         0.006        -0.023        -0.004
 EDUC           0.118         0.141         0.200         1.553         1.599
 HEIGHT         0.002         0.002         0.002         0.022         0.017
 BAGE          -0.431        -0.538        -0.628        -2.977        -3.863


           Covariances
              C3            C4            C5            DIABETES      CVD04
              ________      ________      ________      ________      ________
 C3             2.530
 C4             1.370         2.865
 C5             1.160         1.586         2.681
 DIABETES      -0.033        -0.066        -0.068         0.168
 CVD04         -0.060        -0.046        -0.094         0.002         0.234
 SMOKE04       -0.013        -0.020         0.038        -0.005         0.005
 EDUC           1.421         1.544         1.616         0.051        -0.004
 HEIGHT         0.018         0.022         0.023        -0.004         0.000
 BAGE          -3.925        -5.272        -5.118         0.137         0.156


           Covariances
              SMOKE04       EDUC          HEIGHT        BAGE
              ________      ________      ________      ________
 SMOKE04        0.051
 EDUC          -0.035        11.512
 HEIGHT         0.000         0.021         0.006
 BAGE          -0.099        -0.962        -0.097        42.792


           Correlations
              P1            P2            P4            C1            C2
              ________      ________      ________      ________      ________
 P1             1.000
 P2             0.475         1.000
 P4             0.390         0.532         1.000
 C1             0.238         0.287         0.267         1.000
 C2             0.250         0.315         0.288         0.520         1.000
 C3             0.229         0.287         0.375         0.549         0.497
 C4             0.228         0.257         0.316         0.515         0.562
 C5             0.236         0.387         0.324         0.418         0.474
 DIABETES      -0.129        -0.159        -0.212        -0.096        -0.102
 CVD04         -0.038        -0.072        -0.063         0.002        -0.048
 SMOKE04       -0.049         0.017         0.093        -0.070        -0.011
 EDUC           0.141         0.180         0.221         0.318         0.299
 HEIGHT         0.104         0.131         0.097         0.197         0.137
 BAGE          -0.267        -0.356        -0.359        -0.316        -0.375


           Correlations
              C3            C4            C5            DIABETES      CVD04
              ________      ________      ________      ________      ________
 C3             1.000
 C4             0.509         1.000
 C5             0.445         0.572         1.000
 DIABETES      -0.051        -0.095        -0.102         1.000
 CVD04         -0.078        -0.056        -0.118         0.009         1.000
 SMOKE04       -0.036        -0.054         0.103        -0.056         0.047
 EDUC           0.263         0.269         0.291         0.037        -0.003
 HEIGHT         0.147         0.167         0.179        -0.129         0.006
 BAGE          -0.377        -0.476        -0.478         0.051         0.049


           Correlations
              SMOKE04       EDUC          HEIGHT        BAGE
              ________      ________      ________      ________
 SMOKE04        1.000
 EDUC          -0.046         1.000
 HEIGHT         0.015         0.080         1.000
 BAGE          -0.068        -0.043        -0.190         1.000


     MAXIMUM LOG-LIKELIHOOD VALUE FOR THE UNRESTRICTED (H1) MODEL IS -8440.379


THE MODEL ESTIMATION TERMINATED NORMALLY



MODEL FIT INFORMATION

Number of Free Parameters                       41

Loglikelihood

          H0 Value                       -2049.934
          H0 Scaling Correction Factor      1.0781
            for MLR

Information Criteria

          Akaike (AIC)                    4181.869
          Bayesian (BIC)                  4336.113
          Sample-Size Adjusted BIC        4206.070
            (n* = (n + 2) / 24)



MODEL RESULTS

                                                    Two-Tailed
                    Estimate       S.E.  Est./S.E.    P-Value

 IP         ON
    BAGE              -0.010      0.002     -5.194      0.000
    EDUC               0.009      0.004      2.190      0.028
    HEIGHT             0.116      0.154      0.754      0.451
    DIABETES04        -0.068      0.030     -2.240      0.025
    CVD04             -0.014      0.024     -0.578      0.563
    SMOKE04           -0.065      0.049     -1.347      0.178

 SP         ON
    BAGE              -0.001      0.000     -1.467      0.142
    EDUC               0.001      0.001      1.421      0.155
    HEIGHT            -0.017      0.046     -0.377      0.706
    DIABETES04        -0.009      0.008     -1.230      0.219
    CVD04             -0.004      0.006     -0.568      0.570
    SMOKE04            0.025      0.011      2.206      0.027

 IC         ON
    BAGE              -0.066      0.010     -6.411      0.000
    EDUC               0.125      0.022      5.786      0.000
    HEIGHT             1.554      0.919      1.690      0.091
    DIABETES04        -0.281      0.186     -1.507      0.132
    CVD04              0.030      0.144      0.206      0.837
    SMOKE04           -0.491      0.241     -2.043      0.041

 SC         ON
    BAGE              -0.007      0.002     -3.351      0.001
    EDUC               0.000      0.004     -0.034      0.973
    HEIGHT            -0.104      0.182     -0.573      0.567
    DIABETES04        -0.003      0.036     -0.072      0.943
    CVD04             -0.040      0.026     -1.509      0.131
    SMOKE04            0.069      0.052      1.340      0.180

 SP       WITH
    IP                -0.001      0.001     -1.420      0.156

 IC       WITH
    IP                 0.034      0.016      2.145      0.032
    SP                 0.002      0.004      0.496      0.620

 SC       WITH
    IP                -0.001      0.003     -0.296      0.767
    SP                 0.000      0.001      0.325      0.745
    IC                -0.009      0.018     -0.514      0.607

 P1       WITH
    C1                 0.002      0.009      0.226      0.821

 P2       WITH
    C2                 0.002      0.009      0.226      0.821

 P4       WITH
    C4                 0.002      0.009      0.226      0.821

 Intercepts
    P1                 0.000      0.000    999.000    999.000
    P2                 0.000      0.000    999.000    999.000
    P4                 0.000      0.000    999.000    999.000
    C1                 0.000      0.000    999.000    999.000
    C2                 0.000      0.000    999.000    999.000
    C3                 0.000      0.000    999.000    999.000
    C4                 0.000      0.000    999.000    999.000
    C5                 0.000      0.000    999.000    999.000
    IP                 0.860      0.036     23.909      0.000
    SP                -0.023      0.010     -2.201      0.028
    IC                 4.442      0.212     20.965      0.000
    SC                -0.070      0.041     -1.716      0.086

 Residual Variances
    P1                 0.028      0.003      9.448      0.000
    P2                 0.028      0.003      9.448      0.000
    P4                 0.028      0.003      9.448      0.000
    C1                 1.174      0.070     16.651      0.000
    C2                 1.174      0.070     16.651      0.000
    C3                 1.174      0.070     16.651      0.000
    C4                 1.174      0.070     16.651      0.000
    C5                 1.174      0.070     16.651      0.000
    IP                 0.023      0.004      5.658      0.000
    SP                 0.001      0.000      1.977      0.048
    IC                 0.688      0.119      5.786      0.000
    SC                 0.003      0.004      0.800      0.423


QUALITY OF NUMERICAL RESULTS

     Condition Number for the Information Matrix              0.335E-05
       (ratio of smallest to largest eigenvalue)


CONFIDENCE INTERVALS OF MODEL RESULTS

                  Lower .5%  Lower 2.5%    Lower 5%    Estimate    Upper 5%  Upper 2.5%   Upper .5%

 IP       ON
    BAGE            -0.015      -0.014      -0.013      -0.010      -0.007      -0.006      -0.005
    EDUC            -0.002       0.001       0.002       0.009       0.016       0.017       0.020
    HEIGHT          -0.281      -0.186      -0.138       0.116       0.370       0.419       0.514
    DIABETES04      -0.147      -0.128      -0.118      -0.068      -0.018      -0.009       0.010
    CVD04           -0.076      -0.061      -0.054      -0.014       0.026       0.033       0.048
    SMOKE04         -0.190      -0.161      -0.145      -0.065       0.014       0.030       0.060

 SP       ON
    BAGE            -0.002      -0.002      -0.002      -0.001       0.000       0.000       0.001
    EDUC            -0.001      -0.001       0.000       0.001       0.003       0.003       0.004
    HEIGHT          -0.135      -0.107      -0.092      -0.017       0.058       0.072       0.100
    DIABETES04      -0.029      -0.024      -0.022      -0.009       0.003       0.005       0.010
    CVD04           -0.020      -0.016      -0.014      -0.004       0.007       0.009       0.013
    SMOKE04         -0.004       0.003       0.006       0.025       0.044       0.047       0.054

 IC       ON
    BAGE            -0.092      -0.086      -0.083      -0.066      -0.049      -0.046      -0.039
    EDUC             0.070       0.083       0.090       0.125       0.161       0.168       0.181
    HEIGHT          -0.814      -0.248       0.041       1.554       3.066       3.356       3.922
    DIABETES04      -0.760      -0.646      -0.587      -0.281       0.026       0.084       0.199
    CVD04           -0.340      -0.252      -0.207       0.030       0.266       0.311       0.399
    SMOKE04         -1.111      -0.963      -0.887      -0.491      -0.096      -0.020       0.128

 SC       ON
    BAGE            -0.012      -0.011      -0.010      -0.007      -0.004      -0.003      -0.002
    EDUC            -0.009      -0.007      -0.006       0.000       0.006       0.007       0.009
    HEIGHT          -0.572      -0.460      -0.403      -0.104       0.195       0.252       0.364
    DIABETES04      -0.094      -0.072      -0.061      -0.003       0.056       0.067       0.089
    CVD04           -0.107      -0.091      -0.083      -0.040       0.004       0.012       0.028
    SMOKE04         -0.064      -0.032      -0.016       0.069       0.154       0.170       0.202

 SP       WITH
    IP              -0.003      -0.003      -0.003      -0.001       0.000       0.000       0.001

 IC       WITH
    IP              -0.007       0.003       0.008       0.034       0.061       0.066       0.076
    SP              -0.008      -0.005      -0.004       0.002       0.008       0.009       0.011

 SC       WITH
    IP              -0.009      -0.007      -0.006      -0.001       0.004       0.005       0.007
    SP              -0.002      -0.001      -0.001       0.000       0.001       0.002       0.002
    IC              -0.054      -0.043      -0.038      -0.009       0.020       0.025       0.036

 P1       WITH
    C1              -0.022      -0.016      -0.013       0.002       0.018       0.021       0.027

 P2       WITH
    C2              -0.022      -0.016      -0.013       0.002       0.018       0.021       0.027

 P4       WITH
    C4              -0.022      -0.016      -0.013       0.002       0.018       0.021       0.027

 Intercepts
    P1               0.000       0.000       0.000       0.000       0.000       0.000       0.000
    P2               0.000       0.000       0.000       0.000       0.000       0.000       0.000
    P4               0.000       0.000       0.000       0.000       0.000       0.000       0.000
    C1               0.000       0.000       0.000       0.000       0.000       0.000       0.000
    C2               0.000       0.000       0.000       0.000       0.000       0.000       0.000
    C3               0.000       0.000       0.000       0.000       0.000       0.000       0.000
    C4               0.000       0.000       0.000       0.000       0.000       0.000       0.000
    C5               0.000       0.000       0.000       0.000       0.000       0.000       0.000
    IP               0.767       0.790       0.801       0.860       0.919       0.931       0.953
    SP              -0.049      -0.043      -0.040      -0.023      -0.006      -0.002       0.004
    IC               3.896       4.026       4.093       4.442       4.790       4.857       4.987
    SC              -0.176      -0.151      -0.138      -0.070      -0.003       0.010       0.035

 Residual Variances
    P1               0.020       0.022       0.023       0.028       0.033       0.034       0.036
    P2               0.020       0.022       0.023       0.028       0.033       0.034       0.036
    P4               0.020       0.022       0.023       0.028       0.033       0.034       0.036
    C1               0.992       1.036       1.058       1.174       1.290       1.312       1.355
    C2               0.992       1.036       1.058       1.174       1.290       1.312       1.355
    C3               0.992       1.036       1.058       1.174       1.290       1.312       1.355
    C4               0.992       1.036       1.058       1.174       1.290       1.312       1.355
    C5               0.992       1.036       1.058       1.174       1.290       1.312       1.355
    IP               0.012       0.015       0.016       0.023       0.029       0.030       0.033
    SP               0.000       0.000       0.000       0.001       0.001       0.001       0.001
    IC               0.382       0.455       0.493       0.688       0.884       0.922       0.995
    SC              -0.007      -0.004      -0.003       0.003       0.009       0.010       0.013


DIAGRAM INFORMATION

  Use View Diagram under the Diagram menu in the Mplus Editor to view the diagram.
  If running Mplus from the Mplus Diagrammer, the diagram opens automatically.

  Diagram output
    c:\users\wuche\dropbox\research\ialsa\mplus\aehplus\b1_male_aehplus_walking_memory_gait_immediat

     Beginning Time:  10:41:53
        Ending Time:  10:41:55
       Elapsed Time:  00:00:02



MUTHEN & MUTHEN
3463 Stoner Ave.
Los Angeles, CA  90066

Tel: (310) 391-9971
Fax: (310) 391-8971
Web: www.StatModel.com
Support: Support@StatModel.com

Copyright (c) 1998-2013 Muthen & Muthen
