Mplus VERSION 7.11
MUTHEN & MUTHEN
07/08/2015   9:28 AM

INPUT INSTRUCTIONS

  TITLE: B1 Peak Flow, Delayed Recall, Age Only, Female

  DATA:  File = "C:\Users\wuche\desktop\Mplus\hrs_IALSA_useable_peak.dat";

  VARIABLE:
    Names are
       hhid pn JAGE WHITE MALE educ04 smoke04 bmi04 height04 diabetes04 cvd04
       walk04 walk06 walk08 walk10 walk12 peak04 peak06 peak08 peak10 peak12
       grip04 grip06 grip08 grip10 grip12 recall04i recall06i recall08i recall10i
       recall12i recall04d recall06d recall08d recall10d recall12d serial06
       serial04 serial08 serial10 serial12 vocabulary04 vocabulary06 vocabulary08
       vocabulary10 vocabulary12 tisc04 tisc06 tisc08 tisc10 tisc12 cesd04
       cesd06 cesd08 cesd10 cesd12 t1 t2 t3 t4 t5;

    MISSING are all(-9999);
    USEVAR  are time1 time2 time3 time4 time5 Bage Educ Height
                p1 p2 p3 p4 p5 c1 c2 c3 c4 c5;
    TSCORES =   time1 time2 time3 time4 time5;
    CLUSTER =   hhid;
    SUBPOPULATION are MALE EQ 0;

  DEFINE: p1=peak04; p2 = peak06; p3 = peak08; p4 = peak10; p5 = peak12;
          c1=recall04d; c2=recall06d; c3=recall08d; c4=recall10d; c5=recall12d;
          time1 = t1; time2 = t2; time3 = t3; time4 = t4; time5 = t5;
          Bage = JAGE-70;
          Educ   = educ04-7;
          Height = height04-1.60;

  ANALYSIS: TYPE = RANDOM COMPLEX;

  MODEL: ip sp | p1-p5 AT time1 time2 time3 time4 time5;
         ic sc | c1-c5 AT time1 time2 time3 time4 time5;

         ip sp ic sc ON Bage Educ Height;

         p1-p5 (res_p);
         c1-c5 (res_p);
         p1-p5 pwith c1-c5(res_cov);

  OUTPUT: sampstat Cinterval;



*** WARNING
  Data set contains cases with missing on x-variables.
  These cases were not included in the analysis.
  Number of cases with missing on x-variables:  610
   1 WARNING(S) FOUND IN THE INPUT INSTRUCTIONS



B1 Peak Flow, Delayed Recall, Age Only, Female

SUMMARY OF ANALYSIS

Number of groups                                                 1
Number of observations                                        1519

Number of dependent variables                                   10
Number of independent variables                                  3
Number of continuous latent variables                            4

Observed dependent variables

  Continuous
   P1          P2          P3          P4          P5          C1
   C2          C3          C4          C5

Observed independent variables
   BAGE        EDUC        HEIGHT

Continuous latent variables
   IP          SP          IC          SC

Variables with special functions

  Cluster variable      HHID
  Weight variable       _WEIGHT

  Time scores
   TIME1       TIME2       TIME3       TIME4       TIME5


Estimator                                                      MLR
Information matrix                                        OBSERVED
Maximum number of iterations                                   100
Convergence criterion                                    0.100D-05
Maximum number of EM iterations                                500
Convergence criteria for the EM algorithm
  Loglikelihood change                                   0.100D-02
  Relative loglikelihood change                          0.100D-05
  Derivative                                             0.100D-03
Minimum variance                                         0.100D-03
Maximum number of steepest descent iterations                   20
Maximum number of iterations for H1                           2000
Convergence criterion for H1                             0.100D-03
Optimization algorithm                                         EMA

Input data file(s)
  C:\Users\wuche\desktop\Mplus\hrs_IALSA_useable_peak.dat
Input data format  FREE



SAMPLE STATISTICS


     ESTIMATED SAMPLE STATISTICS


           Means
              P1            P2            P3            P4            P5
              ________      ________      ________      ________      ________
 1            273.046       273.431       265.262       259.000       249.174


           Means
              C1            C2            C3            C4            C5
              ________      ________      ________      ________      ________
 1              4.419         4.369         4.214         3.926         3.684


           Means
              BAGE          EDUC          HEIGHT
              ________      ________      ________
 1             -1.258         5.394        -1.563


           Covariances
              P1            P2            P3            P4            P5
              ________      ________      ________      ________      ________
 P1          8141.855
 P2          6045.365      7954.275
 P3          6159.237      4606.555      9096.746
 P4          6584.959      7118.870      5235.640      9735.422
 P5          6522.801      5060.092      7470.645      5825.362      9802.088
 C1            54.258        67.085        58.744        71.647        61.038
 C2            66.017        77.106        75.925        87.025        75.375
 C3            62.446        79.125        84.873        91.165        90.139
 C4            73.788        92.075        94.839       111.148        97.883
 C5            76.635        94.425        90.275       112.609       107.728
 BAGE        -448.036      -519.412      -534.319      -664.970      -650.665
 EDUC          56.816        68.751        77.452        67.084        61.903
 HEIGHT        -0.358        -0.422        -0.378        -0.508        -0.457


           Covariances
              C1            C2            C3            C4            C5
              ________      ________      ________      ________      ________
 C1             3.816
 C2             2.430         4.756
 C3             2.440         2.743         4.758
 C4             2.411         3.090         3.069         5.421
 C5             2.672         3.027         3.286         3.588         5.509
 BAGE          -8.236       -10.799       -11.201       -14.056       -14.418
 EDUC           1.760         1.789         1.643         2.108         1.837
 HEIGHT        -0.005        -0.005        -0.007        -0.007        -0.007


           Covariances
              BAGE          EDUC          HEIGHT
              ________      ________      ________
 BAGE         127.466
 EDUC          -4.559         8.958
 HEIGHT         0.056         0.001         0.000


           Correlations
              P1            P2            P3            P4            P5
              ________      ________      ________      ________      ________
 P1             1.000
 P2             0.751         1.000
 P3             0.716         0.542         1.000
 P4             0.740         0.809         0.556         1.000
 P5             0.730         0.573         0.791         0.596         1.000
 C1             0.308         0.385         0.315         0.372         0.316
 C2             0.335         0.396         0.365         0.404         0.349
 C3             0.317         0.407         0.408         0.424         0.417
 C4             0.351         0.443         0.427         0.484         0.425
 C5             0.362         0.451         0.403         0.486         0.464
 BAGE          -0.440        -0.516        -0.496        -0.597        -0.582
 EDUC           0.210         0.258         0.271         0.227         0.209
 HEIGHT        -0.257        -0.306        -0.257        -0.333        -0.299


           Correlations
              C1            C2            C3            C4            C5
              ________      ________      ________      ________      ________
 C1             1.000
 C2             0.570         1.000
 C3             0.573         0.577         1.000
 C4             0.530         0.609         0.604         1.000
 C5             0.583         0.591         0.642         0.657         1.000
 BAGE          -0.373        -0.439        -0.455        -0.535        -0.544
 EDUC           0.301         0.274         0.252         0.302         0.261
 HEIGHT        -0.163        -0.148        -0.209        -0.186        -0.190


           Correlations
              BAGE          EDUC          HEIGHT
              ________      ________      ________
 BAGE           1.000
 EDUC          -0.135         1.000
 HEIGHT         0.320         0.027         1.000


     MAXIMUM LOG-LIKELIHOOD VALUE FOR THE UNRESTRICTED (H1) MODEL IS -68965.962

     WARNING: THE MODEL ESTIMATION HAS REACHED A SADDLE POINT OR A POINT WHERE THE
     OBSERVED AND THE EXPECTED INFORMATION MATRICES DO NOT MATCH.
     AN ADJUSTMENT TO THE ESTIMATION OF THE INFORMATION MATRIX HAS BEEN MADE.
     THE CONDITION NUMBER IS      -0.823D-04.
     THE PROBLEM MAY ALSO BE RESOLVED BY DECREASING THE VALUE OF THE
     MCONVERGENCE OR LOGCRITERION OPTIONS OR BY CHANGING THE STARTING VALUES
     OR BY USING THE MLF ESTIMATOR.


THE MODEL ESTIMATION TERMINATED NORMALLY



MODEL FIT INFORMATION

Number of Free Parameters                       28

Loglikelihood

          H0 Value                      -49420.783
          H0 Scaling Correction Factor      1.3116
            for MLR

Information Criteria

          Akaike (AIC)                   98897.566
          Bayesian (BIC)                 99046.688
          Sample-Size Adjusted BIC       98957.740
            (n* = (n + 2) / 24)



MODEL RESULTS

                                                    Two-Tailed
                    Estimate       S.E.  Est./S.E.    P-Value

 IP         ON
    BAGE              -2.939      0.185    -15.914      0.000
    EDUC               5.383      0.639      8.430      0.000
    HEIGHT          -839.100    136.206     -6.161      0.000

 SP         ON
    BAGE              -0.227      0.033     -6.874      0.000
    EDUC               0.034      0.117      0.290      0.772
    HEIGHT           -14.475     24.836     -0.583      0.560

 IC         ON
    BAGE              -0.058      0.007     -8.134      0.000
    EDUC               0.163      0.016     10.279      0.000
    HEIGHT            -8.493      2.893     -2.936      0.003

 SC         ON
    BAGE              -0.005      0.008     -0.657      0.511
    EDUC               0.001      0.004      0.135      0.893
    HEIGHT             0.703      1.161      0.606      0.545

 SP       WITH
    IP              -307.355     31.339     -9.807      0.000

 IC       WITH
    IP                18.839    270.300      0.070      0.944
    SP                -0.289     49.886     -0.006      0.995

 SC       WITH
    IP                -0.286     91.656     -0.003      0.998
    SP                 0.263      3.728      0.070      0.944
    IC                -0.017      0.481     -0.034      0.973

 P1       WITH
    C1                 0.831      0.342      2.429      0.015

 P2       WITH
    C2                 0.831      0.342      2.429      0.015

 P3       WITH
    C3                 0.831      0.342      2.429      0.015

 P4       WITH
    C4                 0.831      0.342      2.429      0.015

 P5       WITH
    C5                 0.831      0.342      2.429      0.015

 Intercepts
    P1                 0.000      0.000    999.000    999.000
    P2                 0.000      0.000    999.000    999.000
    P3                 0.000      0.000    999.000    999.000
    P4                 0.000      0.000    999.000    999.000
    P5                 0.000      0.000    999.000    999.000
    C1                 0.000      0.000    999.000    999.000
    C2                 0.000      0.000    999.000    999.000
    C3                 0.000      0.000    999.000    999.000
    C4                 0.000      0.000    999.000    999.000
    C5                 0.000      0.000    999.000    999.000
    IP             -1069.789    213.190     -5.018      0.000
    SP               -25.985     38.869     -0.669      0.504
    IC                -9.739      4.533     -2.148      0.032
    SC                 1.014      1.925      0.527      0.598

 Residual Variances
    P1               263.802     14.709     17.935      0.000
    P2               263.802     14.709     17.935      0.000
    P3               263.802     14.709     17.935      0.000
    P4               263.802     14.709     17.935      0.000
    P5               263.802     14.709     17.935      0.000
    C1               263.802     14.709     17.935      0.000
    C2               263.802     14.709     17.935      0.000
    C3               263.802     14.709     17.935      0.000
    C4               263.802     14.709     17.935      0.000
    C5               263.802     14.709     17.935      0.000
    IP              5510.667    204.751     26.914      0.000
    SP               133.564     11.569     11.545      0.000
    IC                 0.171      3.155      0.054      0.957
    SC                 0.005      0.197      0.027      0.979


QUALITY OF NUMERICAL RESULTS

     Condition Number for the Information Matrix             -0.823E-04
       (ratio of smallest to largest eigenvalue)


CONFIDENCE INTERVALS OF MODEL RESULTS

                  Lower .5%  Lower 2.5%    Lower 5%    Estimate    Upper 5%  Upper 2.5%   Upper .5%

 IP       ON
    BAGE            -3.415      -3.301      -3.243      -2.939      -2.636      -2.577      -2.464
    EDUC             3.738       4.131       4.332       5.383       6.433       6.634       7.028
    HEIGHT       -1189.939   -1106.064   -1063.159    -839.100    -615.042    -572.137    -488.262

 SP       ON
    BAGE            -0.312      -0.292      -0.282      -0.227      -0.173      -0.162      -0.142
    EDUC            -0.268      -0.196      -0.159       0.034       0.227       0.264       0.336
    HEIGHT         -78.448     -63.154     -55.330     -14.475      26.381      34.204      49.499

 IC       ON
    BAGE            -0.077      -0.072      -0.070      -0.058      -0.047      -0.044      -0.040
    EDUC             0.122       0.132       0.137       0.163       0.189       0.194       0.204
    HEIGHT         -15.944     -14.163     -13.251      -8.493      -3.735      -2.824      -1.043

 SC       ON
    BAGE            -0.025      -0.020      -0.018      -0.005       0.008       0.010       0.015
    EDUC            -0.010      -0.007      -0.006       0.001       0.007       0.008       0.011
    HEIGHT          -2.287      -1.572      -1.206       0.703       2.613       2.979       3.694

 SP       WITH
    IP            -388.078    -368.780    -358.908    -307.355    -255.802    -245.930    -226.631

 IC       WITH
    IP            -677.399    -510.949    -425.804      18.839     463.483     548.627     715.078
    SP            -128.785     -98.065     -82.351      -0.289      81.774      97.488     128.208

 SC       WITH
    IP            -236.375    -179.933    -151.061      -0.286     150.488     179.360     235.802
    SP              -9.339      -7.043      -5.869       0.263       6.395       7.569       9.865
    IC              -1.256      -0.960      -0.808      -0.017       0.775       0.927       1.223

 P1       WITH
    C1              -0.050       0.160       0.268       0.831       1.394       1.501       1.712

 P2       WITH
    C2              -0.050       0.160       0.268       0.831       1.394       1.501       1.712

 P3       WITH
    C3              -0.050       0.160       0.268       0.831       1.394       1.501       1.712

 P4       WITH
    C4              -0.050       0.160       0.268       0.831       1.394       1.501       1.712

 P5       WITH
    C5              -0.050       0.160       0.268       0.831       1.394       1.501       1.712

 Intercepts
    P1               0.000       0.000       0.000       0.000       0.000       0.000       0.000
    P2               0.000       0.000       0.000       0.000       0.000       0.000       0.000
    P3               0.000       0.000       0.000       0.000       0.000       0.000       0.000
    P4               0.000       0.000       0.000       0.000       0.000       0.000       0.000
    P5               0.000       0.000       0.000       0.000       0.000       0.000       0.000
    C1               0.000       0.000       0.000       0.000       0.000       0.000       0.000
    C2               0.000       0.000       0.000       0.000       0.000       0.000       0.000
    C3               0.000       0.000       0.000       0.000       0.000       0.000       0.000
    C4               0.000       0.000       0.000       0.000       0.000       0.000       0.000
    C5               0.000       0.000       0.000       0.000       0.000       0.000       0.000
    IP           -1618.924   -1487.642   -1420.487   -1069.789    -719.092    -651.937    -520.654
    SP            -126.102    -102.167     -89.924     -25.985      37.954      50.198      74.133
    IC             -21.415     -18.624     -17.196      -9.739      -2.282      -0.854       1.937
    SC              -3.943      -2.758      -2.152       1.014       4.180       4.786       5.971

 Residual Variances
    P1             225.916     234.973     239.607     263.802     287.998     292.631     301.689
    P2             225.916     234.973     239.607     263.802     287.998     292.631     301.689
    P3             225.916     234.973     239.607     263.802     287.998     292.631     301.689
    P4             225.916     234.973     239.607     263.802     287.998     292.631     301.689
    P5             225.916     234.973     239.607     263.802     287.998     292.631     301.689
    C1             225.916     234.973     239.607     263.802     287.998     292.631     301.689
    C2             225.916     234.973     239.607     263.802     287.998     292.631     301.689
    C3             225.916     234.973     239.607     263.802     287.998     292.631     301.689
    C4             225.916     234.973     239.607     263.802     287.998     292.631     301.689
    C5             225.916     234.973     239.607     263.802     287.998     292.631     301.689
    IP            4983.269    5109.355    5173.852    5510.667    5847.483    5911.980    6038.066
    SP             103.764     110.889     114.533     133.564     152.596     156.240     163.365
    IC              -7.955      -6.012      -5.019       0.171       5.360       6.354       8.297
    SC              -0.503      -0.382      -0.319       0.005       0.330       0.392       0.514


DIAGRAM INFORMATION

  Use View Diagram under the Diagram menu in the Mplus Editor to view the diagram.
  If running Mplus from the Mplus Diagrammer, the diagram opens automatically.

  Diagram output
    c:\users\wuche\desktop\mplus\aeh\b1_female_aeh_pulmonary_memory_peak_delayedrecall.dgm

     Beginning Time:  09:28:14
        Ending Time:  09:28:54
       Elapsed Time:  00:00:40



MUTHEN & MUTHEN
3463 Stoner Ave.
Los Angeles, CA  90066

Tel: (310) 391-9971
Fax: (310) 391-8971
Web: www.StatModel.com
Support: Support@StatModel.com

Copyright (c) 1998-2013 Muthen & Muthen
