Mplus VERSION 7.11
MUTHEN & MUTHEN
07/09/2015  10:21 AM

INPUT INSTRUCTIONS

  TITLE: B1 Hand strength, serial 7's, AGE, Female

  DATA:  File = "C:\Users\wuche\desktop\Mplus\hrs_IALSA_useable_peak.dat";

  Variable:
    Names are
       hhid JAGE MALE educ04 smoke04 height04 diabetes04 cvd04 peak04 peak06
       peak08 peak10 peak12 recall04i recall06i recall08i recall10i recall12i
       recall04d recall06d recall08d recall10d recall12d serial06 serial04
       serial08 serial10 serial12 tisc04 tisc06 tisc08 tisc10 tisc12 t1 t2
       t3 t4 t5;

    MISSING are all(-9999);
    USEVAR  are time1 time2 time3 time4 time5
                Bage
                p1 p2 p3 p4 p5 c1 c2 c3 c4 c5;
    TSCORES =   time1 time2 time3 time4 time5;
    CLUSTER =   hhid;
    SUBPOPULATION are MALE EQ 0;

  DEFINE: p1=peak04; p2 = peak06; p3 = peak08; p4 = peak10; p5 = peak12;
          c1=serial04; c2=serial06; c3=serial08; c4=serial10; c5=serial12;
          time1  = t1; time2 = t2; time3 = t3; time4 = t4; time5 = t5;
          Bage   = JAGE-70;

  ANALYSIS: TYPE = RANDOM COMPLEX;

  MODEL: ip sp | p1-p5 AT time1 time2 time3 time4 time5;
         ic sc | c1-c5 AT time1 time2 time3 time4 time5;

         ip sp ic sc ON Bage ;

         p1-p5 (res_p);
         c1-c5 (res_p);
         p1-p5 pwith c1-c5(res_cov);

  OUTPUT: sampstat Cinterval;



INPUT READING TERMINATED NORMALLY



B1 Hand strength, serial 7's, AGE, Female

SUMMARY OF ANALYSIS

Number of groups                                                 1
Number of observations                                        1782

Number of dependent variables                                   10
Number of independent variables                                  1
Number of continuous latent variables                            4

Observed dependent variables

  Continuous
   P1          P2          P3          P4          P5          C1
   C2          C3          C4          C5

Observed independent variables
   BAGE

Continuous latent variables
   IP          SP          IC          SC

Variables with special functions

  Cluster variable      HHID
  Weight variable       _WEIGHT

  Time scores
   TIME1       TIME2       TIME3       TIME4       TIME5


Estimator                                                      MLR
Information matrix                                        OBSERVED
Maximum number of iterations                                   100
Convergence criterion                                    0.100D-05
Maximum number of EM iterations                                500
Convergence criteria for the EM algorithm
  Loglikelihood change                                   0.100D-02
  Relative loglikelihood change                          0.100D-05
  Derivative                                             0.100D-03
Minimum variance                                         0.100D-03
Maximum number of steepest descent iterations                   20
Maximum number of iterations for H1                           2000
Convergence criterion for H1                             0.100D-03
Optimization algorithm                                         EMA

Input data file(s)
  C:\Users\wuche\desktop\Mplus\hrs_IALSA_useable_peak.dat
Input data format  FREE



SAMPLE STATISTICS


     ESTIMATED SAMPLE STATISTICS


           Means
              P1            P2            P3            P4            P5
              ________      ________      ________      ________      ________
 1            266.548       266.767       255.908       249.591       239.704


           Means
              C1            C2            C3            C4            C5
              ________      ________      ________      ________      ________
 1              3.345         3.149         2.788         2.342         2.067


           Means
              BAGE
              ________
 1             -0.261


           Covariances
              P1            P2            P3            P4            P5
              ________      ________      ________      ________      ________
 P1          8429.692
 P2          6368.499      8298.597
 P3          6503.802      5019.930      9651.314
 P4          7059.821      7565.004      5828.111     10288.899
 P5          6925.208      5474.560      8011.280      6397.367     10348.860
 C1            31.543        36.196        33.047        33.310        20.740
 C2            37.442        45.094        42.270        43.676        35.324
 C3            50.411        59.037        68.625        67.668        54.307
 C4            66.681        77.425        83.878        86.901        80.218
 C5            66.854        80.771        91.560        93.755        88.834
 BAGE        -511.577      -578.039      -621.717      -734.599      -740.422


           Covariances
              C1            C2            C3            C4            C5
              ________      ________      ________      ________      ________
 C1             3.059
 C2             2.029         3.544
 C3             1.894         2.311         4.026
 C4             1.703         2.129         2.704         4.286
 C5             1.519         1.833         2.490         3.188         4.325
 BAGE          -2.934        -3.878        -6.250        -9.804       -10.378


           Covariances
              BAGE
              ________
 BAGE         138.023


           Correlations
              P1            P2            P3            P4            P5
              ________      ________      ________      ________      ________
 P1             1.000
 P2             0.761         1.000
 P3             0.721         0.561         1.000
 P4             0.758         0.819         0.585         1.000
 P5             0.741         0.591         0.802         0.620         1.000
 C1             0.196         0.227         0.192         0.188         0.117
 C2             0.217         0.263         0.229         0.229         0.184
 C3             0.274         0.323         0.348         0.332         0.266
 C4             0.351         0.411         0.412         0.414         0.381
 C5             0.350         0.426         0.448         0.444         0.420
 BAGE          -0.474        -0.540        -0.539        -0.616        -0.620


           Correlations
              C1            C2            C3            C4            C5
              ________      ________      ________      ________      ________
 C1             1.000
 C2             0.616         1.000
 C3             0.540         0.612         1.000
 C4             0.470         0.546         0.651         1.000
 C5             0.418         0.468         0.597         0.740         1.000
 BAGE          -0.143        -0.175        -0.265        -0.403        -0.425


           Correlations
              BAGE
              ________
 BAGE           1.000


     MAXIMUM LOG-LIKELIHOOD VALUE FOR THE UNRESTRICTED (H1) MODEL IS -79757.461

     WARNING: THE MODEL ESTIMATION HAS REACHED A SADDLE POINT OR A POINT WHERE THE
     OBSERVED AND THE EXPECTED INFORMATION MATRICES DO NOT MATCH.
     AN ADJUSTMENT TO THE ESTIMATION OF THE INFORMATION MATRIX HAS BEEN MADE.
     THE CONDITION NUMBER IS      -0.204D-03.
     THE PROBLEM MAY ALSO BE RESOLVED BY DECREASING THE VALUE OF THE
     MCONVERGENCE OR LOGCRITERION OPTIONS OR BY CHANGING THE STARTING VALUES
     OR BY USING THE MLF ESTIMATOR.


THE MODEL ESTIMATION TERMINATED NORMALLY



MODEL FIT INFORMATION

Number of Free Parameters                       20

Loglikelihood

          H0 Value                      -59589.322
          H0 Scaling Correction Factor      1.6349
            for MLR

Information Criteria

          Akaike (AIC)                  119218.644
          Bayesian (BIC)                119328.354
          Sample-Size Adjusted BIC      119264.815
            (n* = (n + 2) / 24)



MODEL RESULTS

                                                    Two-Tailed
                    Estimate       S.E.  Est./S.E.    P-Value

 IP         ON
    BAGE              -3.702      0.155    -23.933      0.000

 SP         ON
    BAGE              -0.222      0.032     -6.897      0.000

 IC         ON
    BAGE              -0.019      0.003     -5.431      0.000

 SC         ON
    BAGE              -0.007      0.000    -14.894      0.000

 SP       WITH
    IP              -332.561     32.065    -10.372      0.000

 IC       WITH
    IP                22.431    175.512      0.128      0.898
    SP                -0.830     38.370     -0.022      0.983

 SC       WITH
    IP                 1.307     40.852      0.032      0.974
    SP                 0.163      8.941      0.018      0.985
    IC                -0.006      0.357     -0.017      0.986

 P1       WITH
    C1                 0.320      0.158      2.019      0.044

 P2       WITH
    C2                 0.320      0.158      2.019      0.044

 P3       WITH
    C3                 0.320      0.158      2.019      0.044

 P4       WITH
    C4                 0.320      0.158      2.019      0.044

 P5       WITH
    C5                 0.320      0.158      2.019      0.044

 Intercepts
    P1                 0.000      0.000    999.000    999.000
    P2                 0.000      0.000    999.000    999.000
    P3                 0.000      0.000    999.000    999.000
    P4                 0.000      0.000    999.000    999.000
    P5                 0.000      0.000    999.000    999.000
    C1                 0.000      0.000    999.000    999.000
    C2                 0.000      0.000    999.000    999.000
    C3                 0.000      0.000    999.000    999.000
    C4                 0.000      0.000    999.000    999.000
    C5                 0.000      0.000    999.000    999.000
    IP               267.035      1.852    144.157      0.000
    SP                -2.919      0.390     -7.488      0.000
    IC                 3.406      0.040     84.219      0.000
    SC                -0.170      0.006    -28.909      0.000

 Residual Variances
    P1               210.081     11.704     17.950      0.000
    P2               210.081     11.704     17.950      0.000
    P3               210.081     11.704     17.950      0.000
    P4               210.081     11.704     17.950      0.000
    P5               210.081     11.704     17.950      0.000
    C1               210.081     11.704     17.950      0.000
    C2               210.081     11.704     17.950      0.000
    C3               210.081     11.704     17.950      0.000
    C4               210.081     11.704     17.950      0.000
    C5               210.081     11.704     17.950      0.000
    IP              5944.909    198.676     29.923      0.000
    SP               155.626     13.725     11.339      0.000
    IC                 0.159      2.393      0.066      0.947
    SC                 0.004      0.158      0.023      0.982


QUALITY OF NUMERICAL RESULTS

     Condition Number for the Information Matrix             -0.204E-03
       (ratio of smallest to largest eigenvalue)


CONFIDENCE INTERVALS OF MODEL RESULTS

                  Lower .5%  Lower 2.5%    Lower 5%    Estimate    Upper 5%  Upper 2.5%   Upper .5%

 IP       ON
    BAGE            -4.100      -4.005      -3.956      -3.702      -3.448      -3.399      -3.304

 SP       ON
    BAGE            -0.305      -0.285      -0.275      -0.222      -0.169      -0.159      -0.139

 IC       ON
    BAGE            -0.027      -0.025      -0.024      -0.019      -0.013      -0.012      -0.010

 SC       ON
    BAGE            -0.009      -0.008      -0.008      -0.007      -0.007      -0.006      -0.006

 SP       WITH
    IP            -415.153    -395.408    -385.307    -332.561    -279.814    -269.714    -249.968

 IC       WITH
    IP            -429.652    -321.572    -266.286      22.431     311.148     366.435     474.515
    SP             -99.662     -76.034     -63.948      -0.830      62.288      74.374      98.002

 SC       WITH
    IP            -103.919     -78.762     -65.894       1.307      68.509      81.377     106.534
    SP             -22.868     -17.362     -14.546       0.163      14.871      17.688      23.194
    IC              -0.926      -0.706      -0.593      -0.006       0.581       0.694       0.914

 P1       WITH
    C1              -0.088       0.009       0.059       0.320       0.580       0.630       0.728

 P2       WITH
    C2              -0.088       0.009       0.059       0.320       0.580       0.630       0.728

 P3       WITH
    C3              -0.088       0.009       0.059       0.320       0.580       0.630       0.728

 P4       WITH
    C4              -0.088       0.009       0.059       0.320       0.580       0.630       0.728

 P5       WITH
    C5              -0.088       0.009       0.059       0.320       0.580       0.630       0.728

 Intercepts
    P1               0.000       0.000       0.000       0.000       0.000       0.000       0.000
    P2               0.000       0.000       0.000       0.000       0.000       0.000       0.000
    P3               0.000       0.000       0.000       0.000       0.000       0.000       0.000
    P4               0.000       0.000       0.000       0.000       0.000       0.000       0.000
    P5               0.000       0.000       0.000       0.000       0.000       0.000       0.000
    C1               0.000       0.000       0.000       0.000       0.000       0.000       0.000
    C2               0.000       0.000       0.000       0.000       0.000       0.000       0.000
    C3               0.000       0.000       0.000       0.000       0.000       0.000       0.000
    C4               0.000       0.000       0.000       0.000       0.000       0.000       0.000
    C5               0.000       0.000       0.000       0.000       0.000       0.000       0.000
    IP             262.264     263.405     263.988     267.035     270.083     270.666     271.807
    SP              -3.923      -3.683      -3.560      -2.919      -2.278      -2.155      -1.915
    IC               3.302       3.327       3.339       3.406       3.472       3.485       3.510
    SC              -0.185      -0.182      -0.180      -0.170      -0.160      -0.158      -0.155

 Residual Variances
    P1             179.934     187.141     190.828     210.081     229.334     233.021     240.228
    P2             179.934     187.141     190.828     210.081     229.334     233.021     240.228
    P3             179.934     187.141     190.828     210.081     229.334     233.021     240.228
    P4             179.934     187.141     190.828     210.081     229.334     233.021     240.228
    P5             179.934     187.141     190.828     210.081     229.334     233.021     240.228
    C1             179.934     187.141     190.828     210.081     229.334     233.021     240.228
    C2             179.934     187.141     190.828     210.081     229.334     233.021     240.228
    C3             179.934     187.141     190.828     210.081     229.334     233.021     240.228
    C4             179.934     187.141     190.828     210.081     229.334     233.021     240.228
    C5             179.934     187.141     190.828     210.081     229.334     233.021     240.228
    IP            5433.160    5555.504    5618.087    5944.909    6271.731    6334.314    6456.659
    SP             120.273     128.725     133.048     155.626     178.203     182.526     190.978
    IC              -6.005      -4.531      -3.778       0.159       4.095       4.849       6.322
    SC              -0.403      -0.306      -0.256       0.004       0.264       0.313       0.411


DIAGRAM INFORMATION

  Use View Diagram under the Diagram menu in the Mplus Editor to view the diagram.
  If running Mplus from the Mplus Diagrammer, the diagram opens automatically.

  Diagram output
    c:\users\wuche\desktop\mplus\age\b1_female_age_pulmonary_mental_peak_serial7.dgm

     Beginning Time:  10:21:43
        Ending Time:  10:22:34
       Elapsed Time:  00:00:51



MUTHEN & MUTHEN
3463 Stoner Ave.
Los Angeles, CA  90066

Tel: (310) 391-9971
Fax: (310) 391-8971
Web: www.StatModel.com
Support: Support@StatModel.com

Copyright (c) 1998-2013 Muthen & Muthen
