Mplus VERSION 7.11
MUTHEN & MUTHEN
07/15/2015   2:32 PM
INPUT INSTRUCTIONS
  TITLE: B1 Hand strength, Delayed Recall, AGE, Male
  DATA:  File = "\\tsclient\C\Users\wuche\Dropbox\Research\IALSA\Mplus\Data\grip.dat";
  Variable:
    Names are
       hhid pn JAGE JALIVE JINSAMP JIWWAVE KAGE KALIVE KINSAMP KIWWAVE LAGE
       LALIVE LINSAMP LIWWAVE MAGE MALIVE MINSAMP MIWWAVE NAGE NALIVE NINSAMP
       NIWWAVE WHITE MALE educ04 smoke04 height04 bmi04 diabetes04 cvd04
       walk04 walk06 walk10 peak04 peak06 peak10 grip04 grip06 grip10 recall04i
       recall06i recall08i recall10i recall12i recall04d recall06d recall08d
       recall10d recall12d serial06 serial04 serial08 serial10 serial12 vocabulary04
       vocabulary06 vocabulary08 vocabulary10 vocabulary12 tisc04 tisc06
       tisc08 tisc10 tisc12 cesd04 cesd06 cesd08 cesd10 cesd12 t1 t2 t3 t4
       t5;
    MISSING are all(-9999);
    USEVAR  are time1 time2 time3 time4 time5
                Bage p1 p2 p4 c1 c2 c3 c4 c5;
    TSCORES =   time1 time2 time3 time4 time5;
    CLUSTER =   hhid;
    SUBPOPULATION are MALE EQ 1;
  DEFINE: p1=grip04; p2 = grip06; p4 = grip10;
          c1=recall04d; c2=recall06d; c3=recall08d; c4=recall10d; c5=recall12d;
          time1 = t1; time2 = t2; time3 = t3; time4 = t4; time5 = t5;
          Bage = JAGE-70;
  ANALYSIS: TYPE = RANDOM COMPLEX;
  MODEL: ip sp | p1 p2 p4 AT time1 time2       time4;
         ic sc | c1-c5    AT time1 time2 time3 time4 time5;
         ip sp ic sc ON Bage;
         p1 p2 p4 (res_p);
         c1-c5 (res_p);
         p1  with c1  (res_cov);
         p2  with c2  (res_cov);
         p4  with c4  (res_cov);
  OUTPUT: sampstat Cinterval;
INPUT READING TERMINATED NORMALLY
B1 Hand strength, Delayed Recall, AGE, Male
SUMMARY OF ANALYSIS
Number of groups                                                 1
Number of observations                                         507
Number of dependent variables                                    8
Number of independent variables                                  1
Number of continuous latent variables                            4
Observed dependent variables
  Continuous
   P1          P2          P4          C1          C2          C3
   C4          C5
Observed independent variables
   BAGE
Continuous latent variables
   IP          SP          IC          SC
Variables with special functions
  Cluster variable      HHID
  Weight variable       _WEIGHT
  Time scores
   TIME1       TIME2       TIME3       TIME4       TIME5
Estimator                                                      MLR
Information matrix                                        OBSERVED
Maximum number of iterations                                   100
Convergence criterion                                    0.100D-05
Maximum number of EM iterations                                500
Convergence criteria for the EM algorithm
  Loglikelihood change                                   0.100D-02
  Relative loglikelihood change                          0.100D-05
  Derivative                                             0.100D-03
Minimum variance                                         0.100D-03
Maximum number of steepest descent iterations                   20
Maximum number of iterations for H1                           2000
Convergence criterion for H1                             0.100D-03
Optimization algorithm                                         EMA
Input data file(s)
  \\tsclient\C\Users\wuche\Dropbox\Research\IALSA\Mplus\Data\grip.dat
Input data format  FREE
SAMPLE STATISTICS
     ESTIMATED SAMPLE STATISTICS
           Means
              P1            P2            P4            C1            C2
              ________      ________      ________      ________      ________
 1             40.165        37.839        34.163         4.074         3.932
           Means
              C3            C4            C5            BAGE
              ________      ________      ________      ________
 1              3.732         3.499         3.306        -0.976
           Covariances
              P1            P2            P4            C1            C2
              ________      ________      ________      ________      ________
 P1           422.459
 P2            80.873        97.742
 P4            81.822        82.142       111.899
 C1             1.344         5.129         5.103         3.184
 C2             8.015         5.511         5.334         1.857         3.449
 C3             4.653         6.093         6.499         1.829         1.781
 C4             6.547         7.310         8.036         1.975         2.154
 C5             7.317         6.948         7.936         2.158         2.162
 BAGE         -69.900       -67.427       -72.736        -7.081        -7.540
           Covariances
              C3            C4            C5            BAGE
              ________      ________      ________      ________
 C3             3.800
 C4             2.233         3.867
 C5             2.205         2.484         4.179
 BAGE          -8.494       -10.277       -10.852       121.258
           Correlations
              P1            P2            P4            C1            C2
              ________      ________      ________      ________      ________
 P1             1.000
 P2             0.398         1.000
 P4             0.376         0.785         1.000
 C1             0.037         0.291         0.270         1.000
 C2             0.210         0.300         0.271         0.560         1.000
 C3             0.116         0.316         0.315         0.526         0.492
 C4             0.162         0.376         0.386         0.563         0.590
 C5             0.174         0.344         0.367         0.592         0.569
 BAGE          -0.309        -0.619        -0.624        -0.360        -0.369
           Correlations
              C3            C4            C5            BAGE
              ________      ________      ________      ________
 C3             1.000
 C4             0.583         1.000
 C5             0.553         0.618         1.000
 BAGE          -0.396        -0.475        -0.482         1.000
     MAXIMUM LOG-LIKELIHOOD VALUE FOR THE UNRESTRICTED (H1) MODEL IS -24925.108
     WARNING: THE MODEL ESTIMATION HAS REACHED A SADDLE POINT OR A POINT WHERE THE
     OBSERVED AND THE EXPECTED INFORMATION MATRICES DO NOT MATCH.
     AN ADJUSTMENT TO THE ESTIMATION OF THE INFORMATION MATRIX HAS BEEN MADE.
     THE CONDITION NUMBER IS      -0.630D-03.
     THE PROBLEM MAY ALSO BE RESOLVED BY DECREASING THE VALUE OF THE
     MCONVERGENCE OR LOGCRITERION OPTIONS OR BY CHANGING THE STARTING VALUES
     OR BY USING THE MLF ESTIMATOR.
THE MODEL ESTIMATION TERMINATED NORMALLY
MODEL FIT INFORMATION
Number of Free Parameters                       20
Loglikelihood
          H0 Value                      -11507.386
          H0 Scaling Correction Factor     41.4100
            for MLR
Information Criteria
          Akaike (AIC)                   23054.771
          Bayesian (BIC)                 23139.341
          Sample-Size Adjusted BIC       23075.859
            (n* = (n + 2) / 24)
MODEL RESULTS
                                                    Two-Tailed
                    Estimate       S.E.  Est./S.E.    P-Value
 IP         ON
    BAGE              -0.564      0.083     -6.820      0.000
 SP         ON
    BAGE              -0.005      0.018     -0.269      0.788
 IC         ON
    BAGE              -0.057      0.006     -9.500      0.000
 SC         ON
    BAGE              -0.002      0.001     -2.252      0.024
 SP       WITH
    IP               -34.681     31.295     -1.108      0.268
 IC       WITH
    IP                 0.279      7.557      0.037      0.971
    SP                 0.056      1.188      0.047      0.963
 SC       WITH
    IP                 0.082      1.330      0.061      0.951
    SP                -0.004      0.228     -0.015      0.988
    IC                -0.002      0.504     -0.003      0.997
 P1       WITH
    C1                -0.503      0.313     -1.605      0.108
 P2       WITH
    C2                -0.503      0.313     -1.605      0.108
 P4       WITH
    C4                -0.503      0.313     -1.605      0.108
 Intercepts
    P1                 0.000      0.000    999.000    999.000
    P2                 0.000      0.000    999.000    999.000
    P4                 0.000      0.000    999.000    999.000
    C1                 0.000      0.000    999.000    999.000
    C2                 0.000      0.000    999.000    999.000
    C3                 0.000      0.000    999.000    999.000
    C4                 0.000      0.000    999.000    999.000
    C5                 0.000      0.000    999.000    999.000
    IP                39.405      0.551     71.482      0.000
    SP                -0.906      0.070    -12.889      0.000
    IC                 4.024      0.070     57.820      0.000
    SC                -0.075      0.016     -4.616      0.000
 Residual Variances
    P1                23.600     15.708      1.502      0.133
    P2                23.600     15.708      1.502      0.133
    P4                23.600     15.708      1.502      0.133
    C1                23.600     15.708      1.502      0.133
    C2                23.600     15.708      1.502      0.133
    C3                23.600     15.708      1.502      0.133
    C4                23.600     15.708      1.502      0.133
    C5                23.600     15.708      1.502      0.133
    IP               205.990    155.150      1.328      0.184
    SP                 7.213      5.811      1.241      0.214
    IC                 0.025      2.076      0.012      0.991
    SC                 0.001      0.241      0.003      0.997
QUALITY OF NUMERICAL RESULTS
     Condition Number for the Information Matrix             -0.630E-03
       (ratio of smallest to largest eigenvalue)
