Mplus VERSION 7.11
MUTHEN & MUTHEN
07/09/2015  11:16 AM

INPUT INSTRUCTIONS

  TITLE: B1 walking, Immediate Recall, AEH, Male

  DATA:  File = "C:\Users\wuche\desktop\Mplus\hrs_IALSA_useable_walk.dat";

  Variable:
    Names are
       hhid JAGE MALE educ04 smoke04 height04 diabetes04 cvd04 walk04 walk06
       walk08 walk10 walk12 recall04i recall06i recall08i recall10i recall12i
       recall04d recall06d recall08d recall10d recall12d serial06 serial04
       serial08 serial10 serial12 tisc04 tisc06 tisc08 tisc10 tisc12 t1 t2
       t3 t4 t5;

    MISSING are all(-9999);
    USEVAR  are time1 time2 time3 time4 time5 Bage Educ Height
                p1 p2 p3 p4 p5 c1 c2 c3 c4 c5;
    TSCORES =   time1 time2 time3 time4 time5;
    CLUSTER =   hhid;
    SUBPOPULATION are MALE EQ 1;

  DEFINE: p1=walk04; p2 = walk06; p3 = walk08; p4 = walk10; p5 = walk12;
          c1=recall04i; c2=recall06i; c3=recall08i; c4=recall10i; c5=recall12i;
          time1 = t1; time2 = t2; time3 = t3; time4 = t4; time5 = t5;
          Bage = JAGE-70;
          Educ   = educ04-7;
          Height = height04-1.60;

  ANALYSIS: TYPE = RANDOM COMPLEX;

  MODEL: ip sp | p1-p5 AT time1 time2 time3 time4 time5;
         ic sc | c1-c5 AT time1 time2 time3 time4 time5;

         ip sp ic sc ON Bage Educ Height;

         p1-p5 (res_p);
         c1-c5 (res_p);
         p1-p5 pwith c1-c5(res_cov);

  OUTPUT: sampstat Cinterval;



INPUT READING TERMINATED NORMALLY



B1 walking, Immediate Recall, AEH, Male

SUMMARY OF ANALYSIS

Number of groups                                                 1
Number of observations                                         750

Number of dependent variables                                   10
Number of independent variables                                  3
Number of continuous latent variables                            4

Observed dependent variables

  Continuous
   P1          P2          P3          P4          P5          C1
   C2          C3          C4          C5

Observed independent variables
   BAGE        EDUC        HEIGHT

Continuous latent variables
   IP          SP          IC          SC

Variables with special functions

  Cluster variable      HHID
  Weight variable       _WEIGHT

  Time scores
   TIME1       TIME2       TIME3       TIME4       TIME5


Estimator                                                      MLR
Information matrix                                        OBSERVED
Maximum number of iterations                                   100
Convergence criterion                                    0.100D-05
Maximum number of EM iterations                                500
Convergence criteria for the EM algorithm
  Loglikelihood change                                   0.100D-02
  Relative loglikelihood change                          0.100D-05
  Derivative                                             0.100D-03
Minimum variance                                         0.100D-03
Maximum number of steepest descent iterations                   20
Maximum number of iterations for H1                           2000
Convergence criterion for H1                             0.100D-03
Optimization algorithm                                         EMA

Input data file(s)
  C:\Users\wuche\desktop\Mplus\hrs_IALSA_useable_walk.dat
Input data format  FREE



SAMPLE STATISTICS


     ESTIMATED SAMPLE STATISTICS


           Means
              P1            P2            P3            P4            P5
              ________      ________      ________      ________      ________
 1              0.854         0.765         0.711         0.714         0.683


           Means
              C1            C2            C3            C4            C5
              ________      ________      ________      ________      ________
 1              4.807         4.563         4.389         4.052         3.792


           Means
              BAGE          EDUC          HEIGHT
              ________      ________      ________
 1              6.088         5.349         0.153


           Covariances
              P1            P2            P3            P4            P5
              ________      ________      ________      ________      ________
 P1             0.067
 P2             0.029         0.055
 P3             0.031         0.018         0.073
 P4             0.027         0.033         0.018         0.069
 P5             0.025         0.016         0.032         0.016         0.067
 C1             0.095         0.108         0.103         0.109         0.097
 C2             0.099         0.119         0.116         0.126         0.065
 C3             0.103         0.110         0.099         0.154         0.084
 C4             0.086         0.088         0.109         0.135         0.117
 C5             0.086         0.141         0.148         0.138         0.163
 BAGE          -0.457        -0.592        -0.603        -0.679        -0.611
 EDUC           0.123         0.160         0.255         0.223         0.182
 HEIGHT         0.002         0.002         0.001         0.002         0.001


           Covariances
              C1            C2            C3            C4            C5
              ________      ________      ________      ________      ________
 C1             2.225
 C2             1.224         2.508
 C3             1.287         1.222         2.462
 C4             1.169         1.383         1.354         2.932
 C5             1.219         1.296         1.311         1.522         2.624
 BAGE          -3.102        -3.688        -3.710        -4.787        -4.879
 EDUC           2.084         1.869         1.830         1.644         1.718
 HEIGHT         0.023         0.012         0.017         0.015         0.019


           Covariances
              BAGE          EDUC          HEIGHT
              ________      ________      ________
 BAGE          49.558
 EDUC          -1.353        12.289
 HEIGHT        -0.056         0.045         0.006


           Correlations
              P1            P2            P3            P4            P5
              ________      ________      ________      ________      ________
 P1             1.000
 P2             0.485         1.000
 P3             0.447         0.279         1.000
 P4             0.395         0.536         0.248         1.000
 P5             0.378         0.262         0.462         0.229         1.000
 C1             0.246         0.311         0.256         0.278         0.251
 C2             0.242         0.320         0.273         0.303         0.159
 C3             0.254         0.300         0.234         0.373         0.208
 C4             0.193         0.220         0.237         0.300         0.263
 C5             0.204         0.373         0.339         0.324         0.389
 BAGE          -0.251        -0.360        -0.318        -0.367        -0.335
 EDUC           0.135         0.195         0.270         0.242         0.200
 HEIGHT         0.080         0.110         0.048         0.080         0.062


           Correlations
              C1            C2            C3            C4            C5
              ________      ________      ________      ________      ________
 C1             1.000
 C2             0.518         1.000
 C3             0.550         0.492         1.000
 C4             0.458         0.510         0.504         1.000
 C5             0.504         0.505         0.516         0.549         1.000
 BAGE          -0.295        -0.331        -0.336        -0.397        -0.428
 EDUC           0.398         0.337         0.333         0.274         0.302
 HEIGHT         0.196         0.097         0.138         0.114         0.146


           Correlations
              BAGE          EDUC          HEIGHT
              ________      ________      ________
 BAGE           1.000
 EDUC          -0.055         1.000
 HEIGHT        -0.101         0.164         1.000


     MAXIMUM LOG-LIKELIHOOD VALUE FOR THE UNRESTRICTED (H1) MODEL IS -19396.041

     WARNING: THE MODEL ESTIMATION HAS REACHED A SADDLE POINT OR A POINT WHERE THE
     OBSERVED AND THE EXPECTED INFORMATION MATRICES DO NOT MATCH.
     AN ADJUSTMENT TO THE ESTIMATION OF THE INFORMATION MATRIX HAS BEEN MADE.
     THE CONDITION NUMBER IS      -0.260D-09.
     THE PROBLEM MAY ALSO BE RESOLVED BY DECREASING THE VALUE OF THE
     MCONVERGENCE OR LOGCRITERION OPTIONS OR BY CHANGING THE STARTING VALUES
     OR BY USING THE MLF ESTIMATOR.


THE MODEL ESTIMATION TERMINATED NORMALLY



MODEL FIT INFORMATION

Number of Free Parameters                       28

Loglikelihood

          H0 Value                       -6435.362
          H0 Scaling Correction Factor      0.6454
            for MLR

Information Criteria

          Akaike (AIC)                   12926.723
          Bayesian (BIC)                 13056.085
          Sample-Size Adjusted BIC       12967.174
            (n* = (n + 2) / 24)



MODEL RESULTS

                                                    Two-Tailed
                    Estimate       S.E.  Est./S.E.    P-Value

 IP         ON
    BAGE              -0.009      0.001     -7.374      0.000
    EDUC               0.009      0.003      3.465      0.001
    HEIGHT             0.127      0.114      1.119      0.263

 SP         ON
    BAGE               0.000      0.000     -1.105      0.269
    EDUC               0.001      0.001      2.005      0.045
    HEIGHT            -0.034      0.027     -1.296      0.195

 IC         ON
    BAGE              -0.057      0.006     -9.226      0.000
    EDUC               0.154      0.013     11.688      0.000
    HEIGHT             1.459      0.570      2.560      0.010

 SC         ON
    BAGE              -0.005      0.001     -3.754      0.000
    EDUC              -0.004      0.002     -1.598      0.110
    HEIGHT            -0.121      0.113     -1.071      0.284

 SP       WITH
    IP                 0.000      0.001     -0.078      0.938

 IC       WITH
    IP                 0.039      0.102      0.378      0.705
    SP                -0.001      0.018     -0.069      0.945

 SC       WITH
    IP                -0.001      0.022     -0.033      0.974
    SP                 0.000      0.004      0.114      0.909
    IC                -0.052      0.011     -4.629      0.000

 P1       WITH
    C1                 0.016      0.010      1.556      0.120

 P2       WITH
    C2                 0.016      0.010      1.556      0.120

 P3       WITH
    C3                 0.016      0.010      1.556      0.120

 P4       WITH
    C4                 0.016      0.010      1.556      0.120

 P5       WITH
    C5                 0.016      0.010      1.556      0.120

 Intercepts
    P1                 0.000      0.000    999.000    999.000
    P2                 0.000      0.000    999.000    999.000
    P3                 0.000      0.000    999.000    999.000
    P4                 0.000      0.000    999.000    999.000
    P5                 0.000      0.000    999.000    999.000
    C1                 0.000      0.000    999.000    999.000
    C2                 0.000      0.000    999.000    999.000
    C3                 0.000      0.000    999.000    999.000
    C4                 0.000      0.000    999.000    999.000
    C5                 0.000      0.000    999.000    999.000
    IP                 0.828      0.025     33.183      0.000
    SP                -0.020      0.005     -3.707      0.000
    IC                 4.124      0.122     33.840      0.000
    SC                -0.061      0.026     -2.345      0.019

 Residual Variances
    P1                 0.623      0.024     25.932      0.000
    P2                 0.623      0.024     25.932      0.000
    P3                 0.623      0.024     25.932      0.000
    P4                 0.623      0.024     25.932      0.000
    P5                 0.623      0.024     25.932      0.000
    C1                 0.623      0.024     25.932      0.000
    C2                 0.623      0.024     25.932      0.000
    C3                 0.623      0.024     25.932      0.000
    C4                 0.623      0.024     25.932      0.000
    C5                 0.623      0.024     25.932      0.000
    IP                 0.002      0.008      0.248      0.804
    SP                 0.000      0.000      0.159      0.873
    IC                 1.012      0.073     13.924      0.000
    SC                 0.020      0.003      6.924      0.000


QUALITY OF NUMERICAL RESULTS

     Condition Number for the Information Matrix             -0.260E-09
       (ratio of smallest to largest eigenvalue)


CONFIDENCE INTERVALS OF MODEL RESULTS

                  Lower .5%  Lower 2.5%    Lower 5%    Estimate    Upper 5%  Upper 2.5%   Upper .5%

 IP       ON
    BAGE            -0.012      -0.011      -0.011      -0.009      -0.007      -0.007      -0.006
    EDUC             0.002       0.004       0.005       0.009       0.013       0.014       0.016
    HEIGHT          -0.166      -0.096      -0.060       0.127       0.315       0.350       0.421

 SP       ON
    BAGE            -0.001      -0.001      -0.001       0.000       0.000       0.000       0.000
    EDUC             0.000       0.000       0.000       0.001       0.002       0.002       0.003
    HEIGHT          -0.103      -0.086      -0.078      -0.034       0.009       0.018       0.034

 IC       ON
    BAGE            -0.073      -0.069      -0.067      -0.057      -0.047      -0.045      -0.041
    EDUC             0.120       0.128       0.132       0.154       0.176       0.180       0.188
    HEIGHT          -0.009       0.342       0.522       1.459       2.397       2.577       2.928

 SC       ON
    BAGE            -0.008      -0.007      -0.007      -0.005      -0.003      -0.002      -0.001
    EDUC            -0.010      -0.009      -0.008      -0.004       0.000       0.001       0.002
    HEIGHT          -0.412      -0.342      -0.307      -0.121       0.065       0.100       0.170

 SP       WITH
    IP              -0.003      -0.002      -0.002       0.000       0.002       0.002       0.003

 IC       WITH
    IP              -0.225      -0.162      -0.130       0.039       0.207       0.239       0.302
    SP              -0.047      -0.036      -0.030      -0.001       0.028       0.033       0.044

 SC       WITH
    IP              -0.057      -0.044      -0.037      -0.001       0.035       0.042       0.056
    SP              -0.009      -0.007      -0.006       0.000       0.007       0.008       0.010
    IC              -0.081      -0.074      -0.070      -0.052      -0.033      -0.030      -0.023

 P1       WITH
    C1              -0.010      -0.004      -0.001       0.016       0.032       0.035       0.042

 P2       WITH
    C2              -0.010      -0.004      -0.001       0.016       0.032       0.035       0.042

 P3       WITH
    C3              -0.010      -0.004      -0.001       0.016       0.032       0.035       0.042

 P4       WITH
    C4              -0.010      -0.004      -0.001       0.016       0.032       0.035       0.042

 P5       WITH
    C5              -0.010      -0.004      -0.001       0.016       0.032       0.035       0.042

 Intercepts
    P1               0.000       0.000       0.000       0.000       0.000       0.000       0.000
    P2               0.000       0.000       0.000       0.000       0.000       0.000       0.000
    P3               0.000       0.000       0.000       0.000       0.000       0.000       0.000
    P4               0.000       0.000       0.000       0.000       0.000       0.000       0.000
    P5               0.000       0.000       0.000       0.000       0.000       0.000       0.000
    C1               0.000       0.000       0.000       0.000       0.000       0.000       0.000
    C2               0.000       0.000       0.000       0.000       0.000       0.000       0.000
    C3               0.000       0.000       0.000       0.000       0.000       0.000       0.000
    C4               0.000       0.000       0.000       0.000       0.000       0.000       0.000
    C5               0.000       0.000       0.000       0.000       0.000       0.000       0.000
    IP               0.763       0.779       0.787       0.828       0.869       0.876       0.892
    SP              -0.034      -0.030      -0.029      -0.020      -0.011      -0.009      -0.006
    IC               3.810       3.885       3.924       4.124       4.325       4.363       4.438
    SC              -0.127      -0.111      -0.103      -0.061      -0.018      -0.010       0.006

 Residual Variances
    P1               0.562       0.576       0.584       0.623       0.663       0.671       0.685
    P2               0.562       0.576       0.584       0.623       0.663       0.671       0.685
    P3               0.562       0.576       0.584       0.623       0.663       0.671       0.685
    P4               0.562       0.576       0.584       0.623       0.663       0.671       0.685
    P5               0.562       0.576       0.584       0.623       0.663       0.671       0.685
    C1               0.562       0.576       0.584       0.623       0.663       0.671       0.685
    C2               0.562       0.576       0.584       0.623       0.663       0.671       0.685
    C3               0.562       0.576       0.584       0.623       0.663       0.671       0.685
    C4               0.562       0.576       0.584       0.623       0.663       0.671       0.685
    C5               0.562       0.576       0.584       0.623       0.663       0.671       0.685
    IP              -0.019      -0.014      -0.011       0.002       0.015       0.018       0.023
    SP              -0.001       0.000       0.000       0.000       0.000       0.001       0.001
    IC               0.825       0.870       0.893       1.012       1.132       1.155       1.199
    SC               0.012       0.014       0.015       0.020       0.024       0.025       0.027


DIAGRAM INFORMATION

  Use View Diagram under the Diagram menu in the Mplus Editor to view the diagram.
  If running Mplus from the Mplus Diagrammer, the diagram opens automatically.

  Diagram output
    c:\users\wuche\desktop\mplus\aeh\b1_male_aeh_walking_memory_gait_immediaterecall.dgm

     Beginning Time:  11:16:48
        Ending Time:  11:17:12
       Elapsed Time:  00:00:24



MUTHEN & MUTHEN
3463 Stoner Ave.
Los Angeles, CA  90066

Tel: (310) 391-9971
Fax: (310) 391-8971
Web: www.StatModel.com
Support: Support@StatModel.com

Copyright (c) 1998-2013 Muthen & Muthen
