Mplus VERSION 7.11
MUTHEN & MUTHEN
07/08/2015   4:40 PM

INPUT INSTRUCTIONS

  TITLE: B1 Hand strength, TICS, AEHPLUS, male

  DATA:  File = "C:\Users\wuche\desktop\Mplus\hrs_IALSA_useable_walk.dat";

  Variable:
    Names are
       hhid JAGE MALE educ04 smoke04 height04 diabetes04 cvd04 walk04 walk06
       walk08 walk10 walk12 recall04i recall06i recall08i recall10i recall12i
       recall04d recall06d recall08d recall10d recall12d serial06 serial04
       serial08 serial10 serial12 tisc04 tisc06 tisc08 tisc10 tisc12 t1 t2
       t3 t4 t5;

    MISSING are all(-9999);
    USEVAR  are diabetes04 cvd04 smoke04 time1 time2 time3 time4 time5
                Bage Educ Height
                p1 p2 p3 p4 p5 c1 c2 c3 c4 c5;
    TSCORES =   time1 time2 time3 time4 time5;
    CLUSTER =   hhid;
    SUBPOPULATION are MALE EQ 1;

  DEFINE: p1=walk04; p2 = walk06; p3 = walk08; p4 = walk10; p5 = walk12;
          c1=tisc04; c2=tisc06; c3=tisc08; c4=tisc10; c5=tisc12;
          time1  = t1; time2 = t2; time3 = t3; time4 = t4; time5 = t5;
          Bage   = JAGE-70;
          Educ   = educ04-7;
          Height = height04-1.60;

  ANALYSIS: TYPE = RANDOM COMPLEX;

  MODEL: ip sp | p1-p5 AT time1 time2 time3 time4 time5;
         ic sc | c1-c5 AT time1 time2 time3 time4 time5;

         ip sp ic sc ON Bage Educ Height diabetes04 cvd04 smoke04;

         p1-p5 (res_p);
         c1-c5 (res_p);
         p1-p5 pwith c1-c5(res_cov);

  OUTPUT: sampstat Cinterval;



*** WARNING in VARIABLE command
  Note that only the first 8 characters of variable names are used in the output.
  Shorten variable names to avoid any confusion.
   1 WARNING(S) FOUND IN THE INPUT INSTRUCTIONS



B1 Hand strength, TICS, AEHPLUS, male

SUMMARY OF ANALYSIS

Number of groups                                                 1
Number of observations                                         750

Number of dependent variables                                   10
Number of independent variables                                  6
Number of continuous latent variables                            4

Observed dependent variables

  Continuous
   P1          P2          P3          P4          P5          C1
   C2          C3          C4          C5

Observed independent variables
   DIABETES    CVD04       SMOKE04     BAGE        EDUC        HEIGHT

Continuous latent variables
   IP          SP          IC          SC

Variables with special functions

  Cluster variable      HHID
  Weight variable       _WEIGHT

  Time scores
   TIME1       TIME2       TIME3       TIME4       TIME5


Estimator                                                      MLR
Information matrix                                        OBSERVED
Maximum number of iterations                                   100
Convergence criterion                                    0.100D-05
Maximum number of EM iterations                                500
Convergence criteria for the EM algorithm
  Loglikelihood change                                   0.100D-02
  Relative loglikelihood change                          0.100D-05
  Derivative                                             0.100D-03
Minimum variance                                         0.100D-03
Maximum number of steepest descent iterations                   20
Maximum number of iterations for H1                           2000
Convergence criterion for H1                             0.100D-03
Optimization algorithm                                         EMA

Input data file(s)
  C:\Users\wuche\desktop\Mplus\hrs_IALSA_useable_walk.dat
Input data format  FREE



SAMPLE STATISTICS


     ESTIMATED SAMPLE STATISTICS


           Means
              P1            P2            P3            P4            P5
              ________      ________      ________      ________      ________
 1              0.854         0.764         0.714         0.718         0.692


           Means
              C1            C2            C3            C4            C5
              ________      ________      ________      ________      ________
 1              9.359         9.231         9.083         8.521         8.242


           Means
              DIABETES      CVD04         SMOKE04       BAGE          EDUC
              ________      ________      ________      ________      ________
 1              0.205         0.377         0.064         6.088         5.349


           Means
              HEIGHT
              ________
 1              0.153


           Covariances
              P1            P2            P3            P4            P5
              ________      ________      ________      ________      ________
 P1             0.067
 P2             0.030         0.056
 P3             0.030         0.017         0.071
 P4             0.028         0.034         0.019         0.072
 P5             0.025         0.015         0.030         0.016         0.066
 C1             0.044         0.058         0.055         0.088         0.046
 C2             0.075         0.074         0.078         0.091         0.075
 C3             0.065         0.084         0.080         0.080         0.075
 C4             0.096         0.120         0.143         0.158         0.072
 C5             0.123         0.133         0.163         0.154         0.104
 DIABETES      -0.006        -0.012        -0.008        -0.018        -0.015
 CVD04         -0.007        -0.010        -0.015        -0.010        -0.012
 SMOKE04        0.000         0.003         0.001         0.008        -0.002
 BAGE          -0.457        -0.614        -0.584        -0.727        -0.581
 EDUC           0.123         0.175         0.243         0.256         0.170
 HEIGHT         0.002         0.002         0.001         0.002         0.001


           Covariances
              C1            C2            C3            C4            C5
              ________      ________      ________      ________      ________
 C1             1.150
 C2             0.745         1.543
 C3             0.795         0.990         1.851
 C4             0.906         1.129         1.223         2.595
 C5             1.133         1.263         1.417         2.314         3.869
 DIABETES      -0.038        -0.032        -0.032        -0.052        -0.068
 CVD04          0.013        -0.030        -0.038        -0.031        -0.038
 SMOKE04        0.000         0.013        -0.006         0.011         0.025
 BAGE          -1.082        -1.685        -2.022        -3.106        -4.668
 EDUC           1.475         1.427         1.610         2.172         2.262
 HEIGHT         0.011         0.008         0.017         0.015         0.024


           Covariances
              DIABETES      CVD04         SMOKE04       BAGE          EDUC
              ________      ________      ________      ________      ________
 DIABETES       0.163
 CVD04          0.001         0.235
 SMOKE04       -0.004        -0.001         0.060
 BAGE          -0.002         0.279        -0.267        49.558
 EDUC          -0.068        -0.092        -0.070        -1.353        12.289
 HEIGHT        -0.003         0.000         0.000        -0.056         0.045


           Covariances
              HEIGHT
              ________
 HEIGHT         0.006


           Correlations
              P1            P2            P3            P4            P5
              ________      ________      ________      ________      ________
 P1             1.000
 P2             0.488         1.000
 P3             0.435         0.274         1.000
 P4             0.398         0.536         0.270         1.000
 P5             0.369         0.246         0.436         0.231         1.000
 C1             0.159         0.229         0.192         0.306         0.169
 C2             0.234         0.254         0.235         0.273         0.236
 C3             0.185         0.263         0.221         0.220         0.215
 C4             0.230         0.315         0.334         0.366         0.173
 C5             0.241         0.286         0.311         0.292         0.205
 DIABETES      -0.060        -0.125        -0.072        -0.170        -0.143
 CVD04         -0.055        -0.088        -0.119        -0.077        -0.097
 SMOKE04       -0.005         0.051         0.010         0.125        -0.034
 BAGE          -0.251        -0.370        -0.311        -0.385        -0.322
 EDUC           0.135         0.211         0.260         0.272         0.189
 HEIGHT         0.080         0.117         0.048         0.088         0.040


           Correlations
              C1            C2            C3            C4            C5
              ________      ________      ________      ________      ________
 C1             1.000
 C2             0.559         1.000
 C3             0.545         0.586         1.000
 C4             0.524         0.564         0.558         1.000
 C5             0.537         0.517         0.530         0.730         1.000
 DIABETES      -0.087        -0.065        -0.058        -0.079        -0.086
 CVD04          0.024        -0.050        -0.057        -0.040        -0.039
 SMOKE04       -0.001         0.043        -0.019         0.028         0.052
 BAGE          -0.143        -0.193        -0.211        -0.274        -0.337
 EDUC           0.392         0.328         0.338         0.385         0.328
 HEIGHT         0.125         0.077         0.161         0.115         0.154


           Correlations
              DIABETES      CVD04         SMOKE04       BAGE          EDUC
              ________      ________      ________      ________      ________
 DIABETES       1.000
 CVD04          0.006         1.000
 SMOKE04       -0.039        -0.012         1.000
 BAGE          -0.001         0.082        -0.155         1.000
 EDUC          -0.048        -0.054        -0.082        -0.055         1.000
 HEIGHT        -0.081         0.008         0.016        -0.101         0.164


           Correlations
              HEIGHT
              ________
 HEIGHT         1.000


     MAXIMUM LOG-LIKELIHOOD VALUE FOR THE UNRESTRICTED (H1) MODEL IS -20251.614

     WARNING: THE MODEL ESTIMATION HAS REACHED A SADDLE POINT OR A POINT WHERE THE
     OBSERVED AND THE EXPECTED INFORMATION MATRICES DO NOT MATCH.
     AN ADJUSTMENT TO THE ESTIMATION OF THE INFORMATION MATRIX HAS BEEN MADE.
     THE CONDITION NUMBER IS      -0.132D-09.
     THE PROBLEM MAY ALSO BE RESOLVED BY DECREASING THE VALUE OF THE
     MCONVERGENCE OR LOGCRITERION OPTIONS OR BY CHANGING THE STARTING VALUES
     OR BY USING THE MLF ESTIMATOR.


THE MODEL ESTIMATION TERMINATED NORMALLY



MODEL FIT INFORMATION

Number of Free Parameters                       40

Loglikelihood

          H0 Value                       -5620.551
          H0 Scaling Correction Factor      0.9921
            for MLR

Information Criteria

          Akaike (AIC)                   11321.102
          Bayesian (BIC)                 11505.905
          Sample-Size Adjusted BIC       11378.889
            (n* = (n + 2) / 24)



MODEL RESULTS

                                                    Two-Tailed
                    Estimate       S.E.  Est./S.E.    P-Value

 IP         ON
    BAGE              -0.009      0.001     -7.375      0.000
    EDUC               0.009      0.003      3.314      0.001
    HEIGHT             0.131      0.114      1.150      0.250
    DIABETES04        -0.039      0.022     -1.784      0.074
    CVD04             -0.019      0.017     -1.122      0.262
    SMOKE04           -0.026      0.033     -0.774      0.439

 SP         ON
    BAGE               0.000      0.000     -0.965      0.334
    EDUC               0.001      0.001      1.997      0.046
    HEIGHT            -0.037      0.026     -1.406      0.160
    DIABETES04        -0.007      0.005     -1.449      0.147
    CVD04             -0.002      0.004     -0.628      0.530
    SMOKE04            0.001      0.008      0.118      0.906

 IC         ON
    BAGE              -0.017      0.005     -3.092      0.002
    EDUC               0.108      0.015      7.040      0.000
    HEIGHT             0.482      0.517      0.933      0.351
    DIABETES04        -0.134      0.096     -1.391      0.164
    CVD04              0.063      0.070      0.907      0.364
    SMOKE04            0.034      0.161      0.212      0.832

 SC         ON
    BAGE              -0.007      0.002     -4.373      0.000
    EDUC               0.007      0.003      2.261      0.024
    HEIGHT             0.035      0.116      0.298      0.765
    DIABETES04        -0.015      0.026     -0.563      0.574
    CVD04             -0.022      0.019     -1.166      0.243
    SMOKE04            0.018      0.030      0.605      0.545

 SP       WITH
    IP                 0.000      0.001     -0.028      0.978

 IC       WITH
    IP                 0.021      0.077      0.268      0.789
    SP                 0.001      0.013      0.049      0.961

 SC       WITH
    IP                 0.004      0.016      0.242      0.809
    SP                 0.000      0.003      0.025      0.980
    IC                -0.008      0.016     -0.525      0.600

 P1       WITH
    C1                -0.006      0.010     -0.646      0.518

 P2       WITH
    C2                -0.006      0.010     -0.646      0.518

 P3       WITH
    C3                -0.006      0.010     -0.646      0.518

 P4       WITH
    C4                -0.006      0.010     -0.646      0.518

 P5       WITH
    C5                -0.006      0.010     -0.646      0.518

 Intercepts
    P1                 0.000      0.000    999.000    999.000
    P2                 0.000      0.000    999.000    999.000
    P3                 0.000      0.000    999.000    999.000
    P4                 0.000      0.000    999.000    999.000
    P5                 0.000      0.000    999.000    999.000
    C1                 0.000      0.000    999.000    999.000
    C2                 0.000      0.000    999.000    999.000
    C3                 0.000      0.000    999.000    999.000
    C4                 0.000      0.000    999.000    999.000
    C5                 0.000      0.000    999.000    999.000
    IP                 0.845      0.027     31.486      0.000
    SP                -0.017      0.006     -2.884      0.004
    IC                 8.899      0.145     61.197      0.000
    SC                -0.129      0.028     -4.664      0.000

 Residual Variances
    P1                 0.387      0.020     19.641      0.000
    P2                 0.387      0.020     19.641      0.000
    P3                 0.387      0.020     19.641      0.000
    P4                 0.387      0.020     19.641      0.000
    P5                 0.387      0.020     19.641      0.000
    C1                 0.387      0.020     19.641      0.000
    C2                 0.387      0.020     19.641      0.000
    C3                 0.387      0.020     19.641      0.000
    C4                 0.387      0.020     19.641      0.000
    C5                 0.387      0.020     19.641      0.000
    IP                 0.001      0.006      0.251      0.802
    SP                 0.000      0.000      0.156      0.876
    IC                 0.614      0.116      5.286      0.000
    SC                 0.036      0.006      6.510      0.000


QUALITY OF NUMERICAL RESULTS

     Condition Number for the Information Matrix             -0.132E-09
       (ratio of smallest to largest eigenvalue)


CONFIDENCE INTERVALS OF MODEL RESULTS

                  Lower .5%  Lower 2.5%    Lower 5%    Estimate    Upper 5%  Upper 2.5%   Upper .5%

 IP       ON
    BAGE            -0.013      -0.012      -0.011      -0.009      -0.007      -0.007      -0.006
    EDUC             0.002       0.004       0.004       0.009       0.013       0.014       0.016
    HEIGHT          -0.162      -0.092      -0.056       0.131       0.318       0.354       0.424
    DIABETES04      -0.095      -0.082      -0.075      -0.039      -0.003       0.004       0.017
    CVD04           -0.063      -0.053      -0.047      -0.019       0.009       0.014       0.025
    SMOKE04         -0.112      -0.091      -0.081      -0.026       0.029       0.040       0.060

 SP       ON
    BAGE            -0.001      -0.001      -0.001       0.000       0.000       0.000       0.001
    EDUC             0.000       0.000       0.000       0.001       0.002       0.002       0.003
    HEIGHT          -0.104      -0.088      -0.080      -0.037       0.006       0.014       0.030
    DIABETES04      -0.019      -0.016      -0.015      -0.007       0.001       0.002       0.005
    CVD04           -0.013      -0.010      -0.009      -0.002       0.004       0.005       0.008
    SMOKE04         -0.021      -0.015      -0.013       0.001       0.015       0.017       0.023

 IC       ON
    BAGE            -0.030      -0.027      -0.025      -0.017      -0.008      -0.006      -0.003
    EDUC             0.069       0.078       0.083       0.108       0.133       0.138       0.148
    HEIGHT          -0.849      -0.531      -0.368       0.482       1.333       1.496       1.814
    DIABETES04      -0.382      -0.323      -0.292      -0.134       0.024       0.055       0.114
    CVD04           -0.117      -0.074      -0.052       0.063       0.178       0.200       0.243
    SMOKE04         -0.380      -0.281      -0.230       0.034       0.298       0.349       0.448

 SC       ON
    BAGE            -0.011      -0.010      -0.009      -0.007      -0.004      -0.004      -0.003
    EDUC            -0.001       0.001       0.002       0.007       0.012       0.013       0.015
    HEIGHT          -0.265      -0.193      -0.157       0.035       0.226       0.263       0.335
    DIABETES04      -0.081      -0.065      -0.057      -0.015       0.028       0.036       0.052
    CVD04           -0.071      -0.059      -0.053      -0.022       0.009       0.015       0.027
    SMOKE04         -0.059      -0.041      -0.031       0.018       0.067       0.077       0.095

 SP       WITH
    IP              -0.002      -0.001      -0.001       0.000       0.001       0.001       0.002

 IC       WITH
    IP              -0.179      -0.131      -0.107       0.021       0.148       0.172       0.220
    SP              -0.033      -0.025      -0.021       0.001       0.022       0.027       0.035

 SC       WITH
    IP              -0.036      -0.027      -0.022       0.004       0.029       0.034       0.044
    SP              -0.007      -0.005      -0.004       0.000       0.004       0.005       0.007
    IC              -0.049      -0.039      -0.034      -0.008       0.018       0.023       0.032

 P1       WITH
    C1              -0.032      -0.026      -0.023      -0.006       0.010       0.013       0.019

 P2       WITH
    C2              -0.032      -0.026      -0.023      -0.006       0.010       0.013       0.019

 P3       WITH
    C3              -0.032      -0.026      -0.023      -0.006       0.010       0.013       0.019

 P4       WITH
    C4              -0.032      -0.026      -0.023      -0.006       0.010       0.013       0.019

 P5       WITH
    C5              -0.032      -0.026      -0.023      -0.006       0.010       0.013       0.019

 Intercepts
    P1               0.000       0.000       0.000       0.000       0.000       0.000       0.000
    P2               0.000       0.000       0.000       0.000       0.000       0.000       0.000
    P3               0.000       0.000       0.000       0.000       0.000       0.000       0.000
    P4               0.000       0.000       0.000       0.000       0.000       0.000       0.000
    P5               0.000       0.000       0.000       0.000       0.000       0.000       0.000
    C1               0.000       0.000       0.000       0.000       0.000       0.000       0.000
    C2               0.000       0.000       0.000       0.000       0.000       0.000       0.000
    C3               0.000       0.000       0.000       0.000       0.000       0.000       0.000
    C4               0.000       0.000       0.000       0.000       0.000       0.000       0.000
    C5               0.000       0.000       0.000       0.000       0.000       0.000       0.000
    IP               0.776       0.792       0.801       0.845       0.889       0.897       0.914
    SP              -0.033      -0.029      -0.027      -0.017      -0.007      -0.006      -0.002
    IC               8.524       8.614       8.659       8.899       9.138       9.184       9.273
    SC              -0.200      -0.183      -0.174      -0.129      -0.083      -0.075      -0.058

 Residual Variances
    P1               0.337       0.349       0.355       0.387       0.420       0.426       0.438
    P2               0.337       0.349       0.355       0.387       0.420       0.426       0.438
    P3               0.337       0.349       0.355       0.387       0.420       0.426       0.438
    P4               0.337       0.349       0.355       0.387       0.420       0.426       0.438
    P5               0.337       0.349       0.355       0.387       0.420       0.426       0.438
    C1               0.337       0.349       0.355       0.387       0.420       0.426       0.438
    C2               0.337       0.349       0.355       0.387       0.420       0.426       0.438
    C3               0.337       0.349       0.355       0.387       0.420       0.426       0.438
    C4               0.337       0.349       0.355       0.387       0.420       0.426       0.438
    C5               0.337       0.349       0.355       0.387       0.420       0.426       0.438
    IP              -0.013      -0.010      -0.008       0.001       0.011       0.013       0.016
    SP               0.000       0.000       0.000       0.000       0.000       0.000       0.000
    IC               0.315       0.386       0.423       0.614       0.804       0.841       0.912
    SC               0.022       0.025       0.027       0.036       0.045       0.047       0.050


DIAGRAM INFORMATION

  Use View Diagram under the Diagram menu in the Mplus Editor to view the diagram.
  If running Mplus from the Mplus Diagrammer, the diagram opens automatically.

  Diagram output
    c:\users\wuche\desktop\mplus\aehplus\b1_male_aehplus_walking_mental_gait_tics.dgm

     Beginning Time:  16:40:17
        Ending Time:  16:40:47
       Elapsed Time:  00:00:30



MUTHEN & MUTHEN
3463 Stoner Ave.
Los Angeles, CA  90066

Tel: (310) 391-9971
Fax: (310) 391-8971
Web: www.StatModel.com
Support: Support@StatModel.com

Copyright (c) 1998-2013 Muthen & Muthen
