Mplus VERSION 7.11
MUTHEN & MUTHEN
02/24/2015   1:27 PM

INPUT INSTRUCTIONS

  TITLE: M5 Timed Up and Go, Digit Symbol Substitution , Age Conditional, Female

  DATA:  File = unshared\ilse 23.02.dat;

  VARIABLE: Names are
     T1SD18 ID SEX t1dss t1bd t1hgl t1hgr t1fs t1fsb t1age
     center t1beer t1wine t1k t1pc t1vf t1sa
      t1spf t2dss t2bd t2hgl t2hgr t2fs t2fsb t2beer t2wine
      t2k t2pc t2vf t2sa t2spf t3dss t3bd t3k t3pc
      t3vf t3sa t3spf t2age t3age T1TUG t1height t1weight
      T2TUG t2height t2weight T3TUG t3hgl t3hgr
      t3height t3weight time1 time2r time3r time3 time2
      BMI1 BMI2 BMI3 no_sec Haupts Reals Secondary
      specials others;

         MISSING are ALL(-9999);
         USEVAR are  time1 time2 time3
                     p1 p2 p3
                     c1 c2 c3
                     Bage;
         TSCORES =   time1 time2 time3;

         USEOBSERVATIONS are sex EQ 1;

  Define: p1=T1TUG; p2=T2TUG; p3=T3TUG;
          c1=t1dss; c2=t2dss; c3=t3dss;
          Bage=t1age-70;
          Bagesq=(t1age-70)**2;



  ANALYSIS: TYPE = RANDOM; estimator=MLF;

  MODEL:  ip sp | p1-p3 AT time1-time3;
          ic sc | c1-c3 AT time1-time3;

          ip sp ic sc ON Bage;

          p1-p3 (res_p);
          c1-c3 (res_c);

          p1-p3 pwith c1-c3(res_cov);
          !Paired covariances constrained to be equal across time

  OUTPUT: sampstat Cinterval;





*** WARNING
  Data set contains cases with missing on x-variables.
  These cases were not included in the analysis.
  Number of cases with missing on x-variables:  12
   1 WARNING(S) FOUND IN THE INPUT INSTRUCTIONS



M5 Timed Up and Go, Digit Symbol Substitution , Age Conditional, Female

SUMMARY OF ANALYSIS

Number of groups                                                 1
Number of observations                                         252

Number of dependent variables                                    6
Number of independent variables                                  1
Number of continuous latent variables                            4

Observed dependent variables

  Continuous
   P1          P2          P3          C1          C2          C3

Observed independent variables
   BAGE

Continuous latent variables
   IP          SP          IC          SC

Variables with special functions

  Time scores
   TIME1       TIME2       TIME3


Estimator                                                      MLF
Information matrix                                        OBSERVED
Maximum number of iterations                                   100
Convergence criterion                                    0.100D-05
Maximum number of EM iterations                                500
Convergence criteria for the EM algorithm
  Loglikelihood change                                   0.100D-02
  Relative loglikelihood change                          0.100D-05
  Derivative                                             0.100D-03
Minimum variance                                         0.100D-03
Maximum number of steepest descent iterations                   20
Maximum number of iterations for H1                           2000
Convergence criterion for H1                             0.100D-03
Optimization algorithm                                         EMA

Input data file(s)
  unshared\ilse 23.02.dat
Input data format  FREE


SUMMARY OF DATA

     Number of missing data patterns            13


COVARIANCE COVERAGE OF DATA

Minimum covariance coverage value   0.100


     PROPORTION OF DATA PRESENT


           Covariance Coverage
              P1            P2            P3            C1            C2
              ________      ________      ________      ________      ________
 P1             0.433
 P2             0.369         0.845
 P3             0.206         0.405         0.413
 C1             0.433         0.845         0.413         1.000
 C2             0.381         0.845         0.413         0.909         0.909
 C3             0.282         0.591         0.413         0.603         0.603
 BAGE           0.433         0.845         0.413         1.000         0.909


           Covariance Coverage
              C3            BAGE
              ________      ________
 C3             0.603
 BAGE           0.603         1.000


SAMPLE STATISTICS


     ESTIMATED SAMPLE STATISTICS


           Means
              P1            P2            P3            C1            C2
              ________      ________      ________      ________      ________
 1              6.849         7.312         8.229        45.024        44.791


           Means
              C3            BAGE
              ________      ________
 1             40.069        -7.064


           Covariances
              P1            P2            P3            C1            C2
              ________      ________      ________      ________      ________
 P1            94.384
 P2            90.771        89.657
 P3            -4.730        -4.335         2.447
 C1             7.286         8.909        -1.150       119.944
 C2             9.149        10.411        -0.852       105.347       118.060
 C3           -15.877       -14.621        -1.162        99.117       101.044
 BAGE          -1.385        -1.494         0.137        -0.584        -0.355


           Covariances
              C3            BAGE
              ________      ________
 C3           120.366
 BAGE           0.131         0.851


           Correlations
              P1            P2            P3            C1            C2
              ________      ________      ________      ________      ________
 P1             1.000
 P2             0.987         1.000
 P3            -0.311        -0.293         1.000
 C1             0.068         0.086        -0.067         1.000
 C2             0.087         0.101        -0.050         0.885         1.000
 C3            -0.149        -0.141        -0.068         0.825         0.848
 BAGE          -0.155        -0.171         0.095        -0.058        -0.035


           Correlations
              C3            BAGE
              ________      ________
 C3             1.000
 BAGE           0.013         1.000


     MAXIMUM LOG-LIKELIHOOD VALUE FOR THE UNRESTRICTED (H1) MODEL IS -3648.230


THE MODEL ESTIMATION TERMINATED NORMALLY



MODEL FIT INFORMATION

Number of Free Parameters                       21

Loglikelihood

          H0 Value                       -3566.437

Information Criteria

          Akaike (AIC)                    7174.874
          Bayesian (BIC)                  7248.992
          Sample-Size Adjusted BIC        7182.418
            (n* = (n + 2) / 24)



MODEL RESULTS

                                                    Two-Tailed
                    Estimate       S.E.  Est./S.E.    P-Value

 IP         ON
    BAGE              -0.714      1.717     -0.416      0.678

 SP         ON
    BAGE              -0.013      0.250     -0.052      0.959

 IC         ON
    BAGE              -0.335      0.940     -0.356      0.722

 SC         ON
    BAGE               0.016      0.073      0.217      0.828

 SP       WITH
    IP                 0.026      0.874      0.029      0.977

 IC       WITH
    IP                -9.909     18.034     -0.549      0.583
    SP                -0.170      2.700     -0.063      0.950

 SC       WITH
    IP                 0.130      1.389      0.094      0.925
    SP                 0.007      0.197      0.036      0.971
    IC                -0.602      0.849     -0.709      0.478

 P1       WITH
    C1                14.354      8.113      1.769      0.077

 P2       WITH
    C2                14.354      8.113      1.769      0.077

 P3       WITH
    C3                14.354      8.113      1.769      0.077

 Intercepts
    P1                 0.000      0.000    999.000    999.000
    P2                 0.000      0.000    999.000    999.000
    P3                 0.000      0.000    999.000    999.000
    C1                 0.000      0.000    999.000    999.000
    C2                 0.000      0.000    999.000    999.000
    C3                 0.000      0.000    999.000    999.000
    IP                 0.720     12.170      0.059      0.953
    SP                 0.194      1.793      0.108      0.914
    IC                43.038      6.559      6.561      0.000
    SC                -0.292      0.531     -0.550      0.582

 Residual Variances
    P1                49.306     26.522      1.859      0.063
    P2                49.306     26.522      1.859      0.063
    P3                49.306     26.522      1.859      0.063
    C1                16.760      3.095      5.414      0.000
    C2                16.760      3.095      5.414      0.000
    C3                16.760      3.095      5.414      0.000
    IP                 1.380     27.878      0.050      0.961
    SP                 0.002      0.056      0.028      0.977
    IC               105.589     12.155      8.687      0.000
    SC                 0.069      0.088      0.788      0.431


QUALITY OF NUMERICAL RESULTS

     Condition Number for the Information Matrix              0.339E-07
       (ratio of smallest to largest eigenvalue)


CONFIDENCE INTERVALS OF MODEL RESULTS

                  Lower .5%  Lower 2.5%    Lower 5%    Estimate    Upper 5%  Upper 2.5%   Upper .5%

 IP       ON
    BAGE            -5.136      -4.079      -3.538      -0.714       2.110       2.651       3.708

 SP       ON
    BAGE            -0.656      -0.502      -0.424      -0.013       0.398       0.476       0.630

 IC       ON
    BAGE            -2.758      -2.178      -1.882      -0.335       1.212       1.508       2.087

 SC       ON
    BAGE            -0.172      -0.127      -0.104       0.016       0.136       0.159       0.203

 SP       WITH
    IP              -2.225      -1.687      -1.411       0.026       1.463       1.738       2.276

 IC       WITH
    IP             -56.362     -45.256     -39.575      -9.909      19.758      25.439      36.545
    SP              -7.126      -5.463      -4.612      -0.170       4.272       5.122       6.785

 SC       WITH
    IP              -3.448      -2.592      -2.155       0.130       2.415       2.853       3.708
    SP              -0.501      -0.379      -0.317       0.007       0.331       0.393       0.515
    IC              -2.790      -2.267      -2.000      -0.602       0.795       1.062       1.586

 P1       WITH
    C1              -6.545      -1.549       1.007      14.354      27.700      30.256      35.252

 P2       WITH
    C2              -6.545      -1.549       1.007      14.354      27.700      30.256      35.252

 P3       WITH
    C3              -6.545      -1.549       1.007      14.354      27.700      30.256      35.252

 Intercepts
    P1               0.000       0.000       0.000       0.000       0.000       0.000       0.000
    P2               0.000       0.000       0.000       0.000       0.000       0.000       0.000
    P3               0.000       0.000       0.000       0.000       0.000       0.000       0.000
    C1               0.000       0.000       0.000       0.000       0.000       0.000       0.000
    C2               0.000       0.000       0.000       0.000       0.000       0.000       0.000
    C3               0.000       0.000       0.000       0.000       0.000       0.000       0.000
    IP             -30.628     -23.133     -19.300       0.720      20.739      24.573      32.067
    SP              -4.423      -3.319      -2.755       0.194       3.143       3.708       4.811
    IC              26.143      30.182      32.248      43.038      53.829      55.895      59.934
    SC              -1.660      -1.333      -1.166      -0.292       0.581       0.749       1.076

 Residual Variances
    P1             -19.009      -2.677       5.677      49.306      92.934     101.288     117.621
    P2             -19.009      -2.677       5.677      49.306      92.934     101.288     117.621
    P3             -19.009      -2.677       5.677      49.306      92.934     101.288     117.621
    C1               8.787      10.693      11.668      16.760      21.852      22.827      24.733
    C2               8.787      10.693      11.668      16.760      21.852      22.827      24.733
    C3               8.787      10.693      11.668      16.760      21.852      22.827      24.733
    IP             -70.427     -53.260     -44.478       1.380      47.239      56.020      73.187
    SP              -0.144      -0.109      -0.091       0.002       0.094       0.112       0.147
    IC              74.279      81.764      85.593     105.589     125.584     129.413     136.898
    SC              -0.157      -0.103      -0.075       0.069       0.214       0.242       0.296


DIAGRAM INFORMATION

  Use View Diagram under the Diagram menu in the Mplus Editor to view the diagram.
  If running Mplus from the Mplus Diagrammer, the diagram opens automatically.

  Diagram output
    c:\users\besitzer\documents\github\ialsa-2015-portland\studies\ilse\unshared\b1_female_age_timed

     Beginning Time:  13:27:50
        Ending Time:  13:27:56
       Elapsed Time:  00:00:06



MUTHEN & MUTHEN
3463 Stoner Ave.
Los Angeles, CA  90066

Tel: (310) 391-9971
Fax: (310) 391-8971
Web: www.StatModel.com
Support: Support@StatModel.com

Copyright (c) 1998-2013 Muthen & Muthen
