Mplus VERSION 7.11
MUTHEN & MUTHEN
02/24/2015  10:04 AM

INPUT INSTRUCTIONS

   TITLE: M2 Block Design, Linear LGM, Age Conditional, Female

    DATA:  File = unshared\ilse 23.02.dat;

    VARIABLE: Names are
         T1SD18 ID SEX t1dss t1bd t1hgl t1hgr t1fs t1fsb t1age
     center t1beer t1wine t1k t1pc t1vf t1sa
      t1spf t2dss t2bd t2hgl t2hgr t2fs t2fsb t2beer t2wine
      t2k t2pc t2vf t2sa t2spf t3dss t3bd t3k t3pc
      t3vf t3sa t3spf t2age t3age T1TUG t1height t1weight
      T2TUG t2height t2weight T3TUG t3hgl t3hgr
      t3height t3weight time1 time2r time3r time3 time2
      BMI1 BMI2 BMI3 no_sec Haupts Reals Secondary
      specials others;

           MISSING are ALL(-9999);
           USEVAR are  time1 time2 time3
                       c1 c2 c3 Bage;
           TSCORES =   time1 time2 time3;

           USEOBSERVATIONS are sex EQ 1;

    Define: c1=t1bd; c2=t2bd; c3=t3bd;

            Bage=t1age-70;   !Centered at Age 80
            Bagesq=(t1age-70)**2;


    ANALYSIS: TYPE = RANDOM;

    MODEL:  ic sc | c1-c3 AT time1-time3;
    ic sc ON Bage;

            c1-c3 (res_c);

    OUTPUT: sampstat;



*** WARNING
  Data set contains cases with missing on x-variables.
  These cases were not included in the analysis.
  Number of cases with missing on x-variables:  12
   1 WARNING(S) FOUND IN THE INPUT INSTRUCTIONS



M2 Block Design, Linear LGM, Age Conditional, Female

SUMMARY OF ANALYSIS

Number of groups                                                 1
Number of observations                                         252

Number of dependent variables                                    3
Number of independent variables                                  1
Number of continuous latent variables                            2

Observed dependent variables

  Continuous
   C1          C2          C3

Observed independent variables
   BAGE

Continuous latent variables
   IC          SC

Variables with special functions

  Time scores
   TIME1       TIME2       TIME3


Estimator                                                      MLR
Information matrix                                        OBSERVED
Maximum number of iterations                                   100
Convergence criterion                                    0.100D-05
Maximum number of EM iterations                                500
Convergence criteria for the EM algorithm
  Loglikelihood change                                   0.100D-02
  Relative loglikelihood change                          0.100D-05
  Derivative                                             0.100D-03
Minimum variance                                         0.100D-03
Maximum number of steepest descent iterations                   20
Maximum number of iterations for H1                           2000
Convergence criterion for H1                             0.100D-03
Optimization algorithm                                         EMA

Input data file(s)
  unshared\ilse 23.02.dat
Input data format  FREE


SUMMARY OF DATA

     Number of missing data patterns             3


COVARIANCE COVERAGE OF DATA

Minimum covariance coverage value   0.100


     PROPORTION OF DATA PRESENT


           Covariance Coverage
              C1            C2            C3            BAGE
              ________      ________      ________      ________
 C1             1.000
 C2             0.909         0.909
 C3             0.603         0.603         0.603
 BAGE           1.000         0.909         0.603         1.000


SAMPLE STATISTICS


     ESTIMATED SAMPLE STATISTICS


           Means
              C1            C2            C3            BAGE
              ________      ________      ________      ________
 1             25.730        23.413        22.283        -7.064


           Covariances
              C1            C2            C3            BAGE
              ________      ________      ________      ________
 C1            59.332
 C2            50.542        70.107
 C3            39.422        48.155        60.615
 BAGE          -0.324        -0.704        -0.141         0.851


           Correlations
              C1            C2            C3            BAGE
              ________      ________      ________      ________
 C1             1.000
 C2             0.784         1.000
 C3             0.657         0.739         1.000
 BAGE          -0.046        -0.091        -0.020         1.000


     MAXIMUM LOG-LIKELIHOOD VALUE FOR THE UNRESTRICTED (H1) MODEL IS -2375.236


THE MODEL ESTIMATION TERMINATED NORMALLY



MODEL FIT INFORMATION

Number of Free Parameters                        8

Loglikelihood

          H0 Value                       -2051.960
          H0 Scaling Correction Factor      0.9547
            for MLR

Information Criteria

          Akaike (AIC)                    4119.921
          Bayesian (BIC)                  4148.156
          Sample-Size Adjusted BIC        4122.795
            (n* = (n + 2) / 24)



MODEL RESULTS

                                                    Two-Tailed
                    Estimate       S.E.  Est./S.E.    P-Value

 IC         ON
    BAGE              -0.529      0.491     -1.076      0.282

 SC         ON
    BAGE               0.007      0.045      0.162      0.871

 SC       WITH
    IC                -0.487      0.354     -1.378      0.168

 Intercepts
    C1                 0.000      0.000    999.000    999.000
    C2                 0.000      0.000    999.000    999.000
    C3                 0.000      0.000    999.000    999.000
    IC                21.589      3.521      6.132      0.000
    SC                -0.251      0.314     -0.799      0.424

 Residual Variances
    C1                14.515      1.319     11.002      0.000
    C2                14.515      1.319     11.002      0.000
    C3                14.515      1.319     11.002      0.000
    IC                49.537      5.236      9.462      0.000
    SC                 0.091      0.038      2.400      0.016


QUALITY OF NUMERICAL RESULTS

     Condition Number for the Information Matrix              0.733E-03
       (ratio of smallest to largest eigenvalue)


DIAGRAM INFORMATION

  Use View Diagram under the Diagram menu in the Mplus Editor to view the diagram.
  If running Mplus from the Mplus Diagrammer, the diagram opens automatically.

  Diagram output
    c:\users\besitzer\documents\github\ialsa-2015-portland\studies\ilse\unshared\u1_female_age_nophy

     Beginning Time:  10:04:52
        Ending Time:  10:04:53
       Elapsed Time:  00:00:01



MUTHEN & MUTHEN
3463 Stoner Ave.
Los Angeles, CA  90066

Tel: (310) 391-9971
Fax: (310) 391-8971
Web: www.StatModel.com
Support: Support@StatModel.com

Copyright (c) 1998-2013 Muthen & Muthen
