Mplus VERSION 7.4 (Mac)
MUTHEN & MUTHEN
02/08/2017   9:57 PM

INPUT INSTRUCTIONS

  TITLE:
  Script produced from the prototype in ./sandbox/syntax-creator/
  DATA:
  File = wide-dataset.dat ;
  VARIABLE:
  NAMES are
   id male age_c70 edu_c7 htm_c smoke cardio diabetes dementia_ever
      dementia_baseline bnt_00 bnt_01 bnt_02 bnt_03 bnt_04 bnt_05 bnt_06 bnt_07
      bnt_08 bnt_09 bnt_10 bnt_11 bnt_12 bnt_13 bnt_14 bnt_15 bnt_16 bnt_17
      bnt_18 bostordel_00 bostordel_01 bostordel_02 bostordel_03 bostordel_04
      bostordel_05 bostordel_06 bostordel_07 bostordel_08 bostordel_09 bostordel_10
      bostordel_11 bostordel_12 bostordel_13 bostordel_14 bostordel_15 bostordel_16
      bostordel_17 bostordel_18 bostorim_00 bostorim_01 bostorim_02 bostorim_03
      bostorim_04 bostorim_05 bostorim_06 bostorim_07 bostorim_08 bostorim_09
      bostorim_10 bostorim_11 bostorim_12 bostorim_13 bostorim_14 bostorim_15
      bostorim_16 bostorim_17 bostorim_18 catfluency_00 catfluency_01 catfluency_02
      catfluency_03 catfluency_04 catfluency_05 catfluency_06 catfluency_07
      catfluency_08 catfluency_09 catfluency_10 catfluency_11 catfluency_12
      catfluency_13 catfluency_14 catfluency_15 catfluency_16 catfluency_17
      catfluency_18 complexideas_00 complexideas_01 complexideas_02 complexideas_03
      complexideas_04 complexideas_05 complexideas_06 complexideas_07 complexideas_08
      complexideas_09 complexideas_10 complexideas_11 complexideas_12 complexideas_13
      complexideas_14 complexideas_15 complexideas_16 complexideas_17 complexideas_18
      digitbackward_00 digitbackward_01 digitbackward_02 digitbackward_03
      digitbackward_04 digitbackward_05 digitbackward_06 digitbackward_07
      digitbackward_08 digitbackward_09 digitbackward_10 digitbackward_11
      digitbackward_12 digitbackward_13 digitbackward_14 digitbackward_15
      digitbackward_16 digitbackward_17 digitbackward_18 digitforward_00
      digitforward_01 digitforward_02 digitforward_03 digitforward_04 digitforward_05
      digitforward_06 digitforward_07 digitforward_08 digitforward_09 digitforward_10
      digitforward_11 digitforward_12 digitforward_13 digitforward_14 digitforward_15
      digitforward_16 digitforward_17 digitforward_18 digitorder_00 digitorder_01
      digitorder_02 digitorder_03 digitorder_04 digitorder_05 digitorder_06
      digitorder_07 digitorder_08 digitorder_09 digitorder_10 digitorder_11
      digitorder_12 digitorder_13 digitorder_14 digitorder_15 digitorder_16
      digitorder_17 digitorder_18 fev_00 fev_01 fev_02 fev_03 fev_04 fev_05 fev_06
      fev_07 fev_08 fev_09 fev_10 fev_11 fev_12 fev_13 fev_14 fev_15 fev_16 fev_17
      fev_18 fev100_00 fev100_01 fev100_02 fev100_03 fev100_04 fev100_05 fev100_06
      fev100_07 fev100_08 fev100_09 fev100_10 fev100_11 fev100_12 fev100_13 fev100_14
      fev100_15 fev100_16 fev100_17 fev100_18 gait_00 gait_01 gait_02 gait_03 gait_04
      gait_05 gait_06 gait_07 gait_08 gait_09 gait_10 gait_11 gait_12 gait_13 gait_14
      gait_15 gait_16 gait_17 gait_18 grip_00 grip_01 grip_02 grip_03 grip_04 grip_05
      grip_06 grip_07 grip_08 grip_09 grip_10 grip_11 grip_12 grip_13 grip_14 grip_15
      grip_16 grip_17 grip_18 lineorientation_00 lineorientation_01 lineorientation_02
      lineorientation_03 lineorientation_04 lineorientation_05 lineorientation_06
      lineorientation_07 lineorientation_08 lineorientation_09 lineorientation_10
      lineorientation_11 lineorientation_12 lineorientation_13 lineorientation_14
      lineorientation_15 lineorientation_16 lineorientation_17 lineorientation_18
      logimemdel_00 logimemdel_01 logimemdel_02 logimemdel_03 logimemdel_04
      logimemdel_05 logimemdel_06 logimemdel_07 logimemdel_08 logimemdel_09
      logimemdel_10 logimemdel_11 logimemdel_12 logimemdel_13 logimemdel_14
      logimemdel_15 logimemdel_16 logimemdel_17 logimemdel_18 logimemim_00
      logimemim_01 logimemim_02 logimemim_03 logimemim_04 logimemim_05 logimemim_06
      logimemim_07 logimemim_08 logimemim_09 logimemim_10 logimemim_11 logimemim_12
      logimemim_13 logimemim_14 logimemim_15 logimemim_16 logimemim_17 logimemim_18
      matrices_00 matrices_01 matrices_02 matrices_03 matrices_04 matrices_05
      matrices_06 matrices_07 matrices_08 matrices_09 matrices_10 matrices_11
      matrices_12 matrices_13 matrices_14 matrices_15 matrices_16 matrices_17
      matrices_18 mmse_00 mmse_01 mmse_02 mmse_03 mmse_04 mmse_05 mmse_06 mmse_07
      mmse_08 mmse_09 mmse_10 mmse_11 mmse_12 mmse_13 mmse_14 mmse_15 mmse_16 mmse_17
      mmse_18 nart_00 nart_01 nart_02 nart_03 nart_04 nart_05 nart_06 nart_07 nart_08
      nart_09 nart_10 nart_11 nart_12 nart_13 nart_14 nart_15 nart_16 nart_17 nart_18
      numbercomparison_00 numbercomparison_01 numbercomparison_02 numbercomparison_03
      numbercomparison_04 numbercomparison_05 numbercomparison_06 numbercomparison_07
      numbercomparison_08 numbercomparison_09 numbercomparison_10 numbercomparison_11
      numbercomparison_12 numbercomparison_13 numbercomparison_14 numbercomparison_15
      numbercomparison_16 numbercomparison_17 numbercomparison_18 symbol_00
      symbol_01 symbol_02 symbol_03 symbol_04 symbol_05 symbol_06 symbol_07 symbol_08
      symbol_09 symbol_10 symbol_11 symbol_12 symbol_13 symbol_14 symbol_15 symbol_16
      symbol_17 symbol_18 wordlistdel_00 wordlistdel_01 wordlistdel_02 wordlistdel_03
      wordlistdel_04 wordlistdel_05 wordlistdel_06 wordlistdel_07 wordlistdel_08
      wordlistdel_09 wordlistdel_10 wordlistdel_11 wordlistdel_12 wordlistdel_13
      wordlistdel_14 wordlistdel_15 wordlistdel_16 wordlistdel_17 wordlistdel_18
      wordlistim_00 wordlistim_01 wordlistim_02 wordlistim_03 wordlistim_04
      wordlistim_05 wordlistim_06 wordlistim_07 wordlistim_08 wordlistim_09
      wordlistim_10 wordlistim_11 wordlistim_12 wordlistim_13 wordlistim_14
      wordlistim_15 wordlistim_16 wordlistim_17 wordlistim_18 wordlistrecog_00
      wordlistrecog_01 wordlistrecog_02 wordlistrecog_03 wordlistrecog_04
      wordlistrecog_05 wordlistrecog_06 wordlistrecog_07 wordlistrecog_08
      wordlistrecog_09 wordlistrecog_10 wordlistrecog_11 wordlistrecog_12
      wordlistrecog_13 wordlistrecog_14 wordlistrecog_15 wordlistrecog_16
      wordlistrecog_17 wordlistrecog_18 years_since_bl_00 years_since_bl_01
      years_since_bl_02 years_since_bl_03 years_since_bl_04 years_since_bl_05
      years_since_bl_06 years_since_bl_07 years_since_bl_08 years_since_bl_09
      years_since_bl_10 years_since_bl_11 years_since_bl_12 years_since_bl_13
      years_since_bl_14 years_since_bl_15 years_since_bl_16 years_since_bl_17
      years_since_bl_18
  	;
  Missing are all (-9999);
  USEVARIABLES are
  	!define the variables used in the analysis
  	! covariates used in the model
  age_c70
  edu_c7
  htm_c	
  	!estimated time points
  time_00
  time_01
  time_02
  time_03
  time_04
  	!modelled time points of process (A)
  a_00
  a_01
  a_02
  a_03
  a_04
  	!modelled time points of process (B)
  b_00
  b_01
  b_02
  b_03
  b_04
  ;
  TSCORES are
  	!estimated time points
  time_00
  time_01
  time_02
  time_03
  time_04;
  USEOBSERVATIONS are
  	!select a subset of observations
  male EQ 0
  and
  id NE 0
  ;
  DEFINE:
  	! assign variables to the process (A)
  a_00=grip_00;
  a_01=grip_01;
  a_02=grip_02;
  a_03=grip_03;
  a_04=grip_04;
  	! assign variables to the process (B)
  b_00=digitbackward_00;
  b_01=digitbackward_01;
  b_02=digitbackward_02;
  b_03=digitbackward_03;
  b_04=digitbackward_04;
  	!assign variables to time points
  time_00=years_since_bl_00;
  time_01=years_since_bl_01;
  time_02=years_since_bl_02;
  time_03=years_since_bl_03;
  time_04=years_since_bl_04;
  	
  ANALYSIS:
  TYPE = RANDOM;
  COVERAGE=.00;
  MODEL:
  	!first-level equation
  	! assign process (A) to time points
  ia sa | a_00 AT time_00 ;
  ia sa | a_01 AT time_01 ;
  ia sa | a_02 AT time_02 ;
  ia sa | a_03 AT time_03 ;
  ia sa | a_04 AT time_04 ;
  	! assign process (B) to time points
  ib sb | b_00 AT time_00 ;
  ib sb | b_01 AT time_01 ;
  ib sb | b_02 AT time_02 ;
  ib sb | b_03 AT time_03 ;
  ib sb | b_04 AT time_04 ;
  	!variance of the first-level terms
  ia (v_ia);
  sa (v_sa);
  ib (v_ib);
  sb (v_sb);
  	!covariance among first-level terms
  ia WITH sa (c_iasa);
  ia WITH ib (c_iaib);
  ia WITH sb (c_iasb);
  sa WITH ib (c_saib);
  sa WITH sb (c_sasb);
  ib WITH sb (c_ibsb);
  	!second-level equation
  ia sa ib sb ON age_c70
  edu_c7
  htm_c;
  	!residual covariance of process (A)
  a_00 (res_a);
  a_01 (res_a);
  a_02 (res_a);
  a_03 (res_a);
  a_04 (res_a);	
  	!residual covariance of process (B)
  b_00 (res_b);
  b_01 (res_b);
  b_02 (res_b);
  b_03 (res_b);
  b_04 (res_b);	
  	!Paired covariances constrained to be equal across t
  a_00 pwith b_00 (res_cov);
  a_01 pwith b_01 (res_cov);
  a_02 pwith b_02 (res_cov);
  a_03 pwith b_03 (res_cov);
  a_04 pwith b_04 (res_cov);	
  MODEL CONSTRAINT:
  	!assigns labels to new parameters;
  NEW r_iaib;
  NEW r_sasb;
  NEW r_res_ab;
  	!compute confidence intervals for correlation coefficients;
  r_iaib = c_iaib/((v_ia**0.5)*(v_ib**0.5));
  r_sasb = c_sasb/((v_sa**0.5)*(v_sb**0.5));
  r_res_ab = res_cov/((res_a**0.5)*(res_b**0.5));
  SAVEDATA:
  FILE is   b1_female_aeh_grip_digitbackward_fscores.dat;
  SAVE = FSCORES;
  RESULTS are   b1_female_aeh_grip_digitbackward_results.dat;
  	
  OUTPUT: sampstat cinterval;
  PLOT: Type is Plot1 Plot2 Plot3;



*** WARNING
  Data set contains cases with missing on x-variables.
  These cases were not included in the analysis.
  Number of cases with missing on x-variables:  15
   1 WARNING(S) FOUND IN THE INPUT INSTRUCTIONS




Script produced from the prototype in ./sandbox/syntax-creator/

SUMMARY OF ANALYSIS

Number of groups                                                 1
Number of observations                                        1351

Number of dependent variables                                   10
Number of independent variables                                  3
Number of continuous latent variables                            4

Observed dependent variables

  Continuous
   A_00        A_01        A_02        A_03        A_04        B_00
   B_01        B_02        B_03        B_04

Observed independent variables
   AGE_C70     EDU_C7      HTM_C

Continuous latent variables
   IA          SA          IB          SB

Variables with special functions

  Time scores
   TIME_00     TIME_01     TIME_02     TIME_03     TIME_04


Estimator                                                      MLR
Information matrix                                        OBSERVED
Maximum number of iterations                                   100
Convergence criterion                                    0.100D-05
Maximum number of EM iterations                                500
Convergence criteria for the EM algorithm
  Loglikelihood change                                   0.100D-02
  Relative loglikelihood change                          0.100D-05
  Derivative                                             0.100D-03
Minimum variance                                         0.100D-03
Maximum number of steepest descent iterations                   20
Maximum number of iterations for H1                           2000
Convergence criterion for H1                             0.100D-03
Optimization algorithm                                         EMA

Input data file(s)
  wide-dataset.dat
Input data format  FREE


SUMMARY OF DATA

     Number of missing data patterns           113


COVARIANCE COVERAGE OF DATA

Minimum covariance coverage value   0.000


     PROPORTION OF DATA PRESENT


           Covariance Coverage
              A_00          A_01          A_02          A_03          A_04
              ________      ________      ________      ________      ________
 A_00           0.866
 A_01           0.631         0.640
 A_02           0.527         0.482         0.547
 A_03           0.392         0.346         0.363         0.481
 A_04           0.266         0.229         0.235         0.299         0.348
 B_00           0.863         0.638         0.546         0.480         0.347
 B_01           0.758         0.635         0.531         0.466         0.337
 B_02           0.677         0.579         0.540         0.467         0.334
 B_03           0.591         0.502         0.482         0.473         0.336
 B_04           0.496         0.422         0.400         0.405         0.338
 AGE_C70        0.866         0.640         0.547         0.481         0.348
 EDU_C7         0.866         0.640         0.547         0.481         0.348
 HTM_C          0.866         0.640         0.547         0.481         0.348


           Covariance Coverage
              B_00          B_01          B_02          B_03          B_04
              ________      ________      ________      ________      ________
 B_00           0.996
 B_01           0.857         0.859
 B_02           0.776         0.751         0.776
 B_03           0.683         0.662         0.655         0.683
 B_04           0.580         0.561         0.551         0.548         0.580
 AGE_C70        0.996         0.859         0.776         0.683         0.580
 EDU_C7         0.996         0.859         0.776         0.683         0.580
 HTM_C          0.996         0.859         0.776         0.683         0.580


           Covariance Coverage
              AGE_C70       EDU_C7        HTM_C
              ________      ________      ________
 AGE_C70        1.000
 EDU_C7         1.000         1.000
 HTM_C          1.000         1.000         1.000


SAMPLE STATISTICS


     ESTIMATED SAMPLE STATISTICS


           Means
              A_00          A_01          A_02          A_03          A_04
              ________      ________      ________      ________      ________
 1             40.379        39.079        37.992        36.670        34.975


           Means
              B_00          B_01          B_02          B_03          B_04
              ________      ________      ________      ________      ________
 1              6.093         5.986         5.968         5.835         5.741


           Means
              AGE_C70       EDU_C7        HTM_C
              ________      ________      ________
 1              9.674         7.326        -0.013


           Covariances
              A_00          A_01          A_02          A_03          A_04
              ________      ________      ________      ________      ________
 A_00         153.717
 A_01         133.684       154.680
 A_02         133.770       137.582       161.646
 A_03         130.352       132.812       143.018       158.700
 A_04         133.543       136.172       140.099       145.799       170.285
 B_00           3.751         3.367         4.867         3.316         3.709
 B_01           4.415         4.967         5.780         4.629         4.648
 B_02           3.694         4.067         5.318         4.491         4.094
 B_03           5.000         5.497         7.083         7.044         7.112
 B_04           5.523         5.718         7.184         6.970         7.516
 AGE_C70      -43.027       -42.754       -48.028       -49.333       -48.040
 EDU_C7         5.342         5.681         5.436         3.934         3.399
 HTM_C          0.279         0.266         0.283         0.260         0.257


           Covariances
              B_00          B_01          B_02          B_03          B_04
              ________      ________      ________      ________      ________
 B_00           4.290
 B_01           2.648         4.259
 B_02           2.703         2.728         4.572
 B_03           2.574         2.620         2.979         4.845
 B_04           2.543         2.601         2.890         3.163         5.033
 AGE_C70       -0.996        -1.720        -1.464        -1.978        -1.472
 EDU_C7         1.676         1.539         1.500         1.708         1.687
 HTM_C          0.022         0.024         0.022         0.017         0.021


           Covariances
              AGE_C70       EDU_C7        HTM_C
              ________      ________      ________
 AGE_C70       60.600
 EDU_C7        -1.330         9.540
 HTM_C         -0.119         0.031         0.005


           Correlations
              A_00          A_01          A_02          A_03          A_04
              ________      ________      ________      ________      ________
 A_00           1.000
 A_01           0.867         1.000
 A_02           0.849         0.870         1.000
 A_03           0.835         0.848         0.893         1.000
 A_04           0.825         0.839         0.844         0.887         1.000
 B_00           0.146         0.131         0.185         0.127         0.137
 B_01           0.173         0.193         0.220         0.178         0.173
 B_02           0.139         0.153         0.196         0.167         0.147
 B_03           0.183         0.201         0.253         0.254         0.248
 B_04           0.199         0.205         0.252         0.247         0.257
 AGE_C70       -0.446        -0.442        -0.485        -0.503        -0.473
 EDU_C7         0.140         0.148         0.138         0.101         0.084
 HTM_C          0.327         0.311         0.324         0.300         0.287


           Correlations
              B_00          B_01          B_02          B_03          B_04
              ________      ________      ________      ________      ________
 B_00           1.000
 B_01           0.619         1.000
 B_02           0.610         0.618         1.000
 B_03           0.565         0.577         0.633         1.000
 B_04           0.547         0.562         0.603         0.641         1.000
 AGE_C70       -0.062        -0.107        -0.088        -0.115        -0.084
 EDU_C7         0.262         0.241         0.227         0.251         0.244
 HTM_C          0.156         0.171         0.149         0.115         0.139


           Correlations
              AGE_C70       EDU_C7        HTM_C
              ________      ________      ________
 AGE_C70        1.000
 EDU_C7        -0.055         1.000
 HTM_C         -0.222         0.146         1.000


     MAXIMUM LOG-LIKELIHOOD VALUE FOR THE UNRESTRICTED (H1) MODEL IS -29672.168


UNIVARIATE SAMPLE STATISTICS


     UNIVARIATE HIGHER-ORDER MOMENT DESCRIPTIVE STATISTICS

         Variable/         Mean/     Skewness/   Minimum/ % with                Percentiles
        Sample Size      Variance    Kurtosis    Maximum  Min/Max      20%/60%    40%/80%    Median

     A_00                 40.064       0.251       0.500    0.09%      29.750     36.750     39.750
            1170.000     154.444       0.395      97.750    0.09%      42.750     50.000
     A_01                 38.749       0.130       0.000    0.23%      28.750     35.500     38.500
             865.000     142.478       0.379      85.000    0.12%      41.500     48.500
     A_02                 37.908       0.013       0.000    0.27%      27.000     35.000     37.750
             739.000     146.612      -0.093      72.500    0.14%      40.750     48.250
     A_03                 36.575       0.168       0.000    0.31%      27.000     32.750     35.875
             650.000     137.142       0.179      73.750    0.15%      39.250     46.500
     A_04                 35.736       0.238       0.000    0.64%      25.750     32.500     35.375
             470.000     151.436       0.516      76.250    0.21%      38.250     45.250
     B_00                  6.097       0.262       0.000    0.30%       4.000      6.000      6.000
            1346.000       4.280       0.230      12.000    0.89%       6.000      8.000
     B_01                  6.073       0.117       0.000    0.52%       4.000      6.000      6.000
            1160.000       4.177       0.099      12.000    0.34%       6.000      8.000
     B_02                  6.091       0.081       0.000    0.67%       4.000      6.000      6.000
            1049.000       4.405       0.056      12.000    0.19%       6.000      8.000
     B_03                  6.021       0.021       0.000    0.98%       4.000      6.000      6.000
             923.000       4.605       0.128      12.000    0.43%       6.000      8.000
     B_04                  5.959      -0.033       0.000    1.40%       4.000      5.000      6.000
             783.000       4.821       0.106      12.000    0.38%       6.000      8.000
     AGE_C70               9.674      -0.476     -16.653    0.07%       3.467      8.678     10.446
            1351.000      60.600       0.200      30.471    0.07%      12.275     16.261
     EDU_C7                7.326      -0.172      -7.000    0.07%       5.000      6.000      7.000
            1351.000       9.540       1.195      18.000    0.07%       8.000     10.000
     HTM_C                -0.013      -0.207      -0.355    0.15%      -0.076     -0.025     -0.012
            1351.000       0.005       0.951       0.203    0.22%       0.000      0.051


THE MODEL ESTIMATION TERMINATED NORMALLY



MODEL FIT INFORMATION

Number of Free Parameters                       29

Loglikelihood

          H0 Value                      -23333.206
          H0 Scaling Correction Factor      1.1177
            for MLR

Information Criteria

          Akaike (AIC)                   46724.412
          Bayesian (BIC)                 46875.461
          Sample-Size Adjusted BIC       46783.341
            (n* = (n + 2) / 24)



MODEL RESULTS

                                                    Two-Tailed
                    Estimate       S.E.  Est./S.E.    P-Value

 IA         ON
    AGE_C70           -0.621      0.043    -14.414      0.000
    EDU_C7             0.367      0.106      3.463      0.001
    HTM_C             40.619      4.324      9.393      0.000

 SA         ON
    AGE_C70           -0.033      0.010     -3.322      0.001
    EDU_C7            -0.048      0.027     -1.779      0.075
    HTM_C             -1.217      1.164     -1.045      0.296

 IB         ON
    AGE_C70           -0.010      0.007     -1.402      0.161
    EDU_C7             0.154      0.016      9.821      0.000
    HTM_C              3.726      0.735      5.067      0.000

 SB         ON
    AGE_C70           -0.003      0.002     -1.418      0.156
    EDU_C7             0.002      0.005      0.452      0.652
    HTM_C             -0.311      0.234     -1.331      0.183

 IA       WITH
    SA                -1.313      0.889     -1.477      0.140
    IB                 1.303      0.586      2.223      0.026
    SB                 0.380      0.178      2.137      0.033

 SA       WITH
    IB                 0.133      0.146      0.917      0.359
    SB                 0.123      0.042      2.904      0.004

 IB       WITH
    SB                -0.033      0.032     -1.006      0.314

 A_00     WITH
    B_00               0.322      0.130      2.480      0.013

 A_01     WITH
    B_01               0.322      0.130      2.480      0.013

 A_02     WITH
    B_02               0.322      0.130      2.480      0.013

 A_03     WITH
    B_03               0.322      0.130      2.480      0.013

 A_04     WITH
    B_04               0.322      0.130      2.480      0.013

 Intercepts
    A_00               0.000      0.000    999.000    999.000
    A_01               0.000      0.000    999.000    999.000
    A_02               0.000      0.000    999.000    999.000
    A_03               0.000      0.000    999.000    999.000
    A_04               0.000      0.000    999.000    999.000
    B_00               0.000      0.000    999.000    999.000
    B_01               0.000      0.000    999.000    999.000
    B_02               0.000      0.000    999.000    999.000
    B_03               0.000      0.000    999.000    999.000
    B_04               0.000      0.000    999.000    999.000
    IA                44.256      1.000     44.252      0.000
    SA                -0.658      0.252     -2.612      0.009
    IB                 5.104      0.146     35.002      0.000
    SB                -0.075      0.044     -1.730      0.084

 Residual Variances
    A_00              19.749      0.903     21.882      0.000
    A_01              19.749      0.903     21.882      0.000
    A_02              19.749      0.903     21.882      0.000
    A_03              19.749      0.903     21.882      0.000
    A_04              19.749      0.903     21.882      0.000
    B_00               1.687      0.053     31.810      0.000
    B_01               1.687      0.053     31.810      0.000
    B_02               1.687      0.053     31.810      0.000
    B_03               1.687      0.053     31.810      0.000
    B_04               1.687      0.053     31.810      0.000
    IA                94.465      5.289     17.859      0.000
    SA                 1.254      0.280      4.470      0.000
    IB                 2.327      0.138     16.820      0.000
    SB                 0.061      0.015      4.154      0.000

New/Additional Parameters
    R_IAIB             0.088      0.039      2.261      0.024
    R_SASB             0.444      0.141      3.158      0.002
    R_RES_AB           0.056      0.022      2.493      0.013


QUALITY OF NUMERICAL RESULTS

     Condition Number for the Information Matrix              0.185E-04
       (ratio of smallest to largest eigenvalue)


CONFIDENCE INTERVALS OF MODEL RESULTS

                  Lower .5%  Lower 2.5%    Lower 5%    Estimate    Upper 5%  Upper 2.5%   Upper .5%

 IA       ON
    AGE_C70         -0.732      -0.706      -0.692      -0.621      -0.550      -0.537      -0.510
    EDU_C7           0.094       0.160       0.193       0.367       0.542       0.575       0.641
    HTM_C           29.481      32.144      33.506      40.619      47.733      49.095      51.758

 SA       ON
    AGE_C70         -0.059      -0.053      -0.050      -0.033      -0.017      -0.014      -0.008
    EDU_C7          -0.118      -0.101      -0.093      -0.048      -0.004       0.005       0.022
    HTM_C           -4.215      -3.498      -3.132      -1.217       0.698       1.065       1.782

 IB       ON
    AGE_C70         -0.027      -0.023      -0.021      -0.010       0.002       0.004       0.008
    EDU_C7           0.114       0.123       0.128       0.154       0.180       0.185       0.194
    HTM_C            1.832       2.284       2.516       3.726       4.935       5.167       5.620

 SB       ON
    AGE_C70         -0.008      -0.007      -0.006      -0.003       0.000       0.001       0.002
    EDU_C7          -0.010      -0.007      -0.006       0.002       0.010       0.011       0.014
    HTM_C           -0.912      -0.768      -0.695      -0.311       0.073       0.147       0.291

 IA       WITH
    SA              -3.602      -3.055      -2.775      -1.313       0.149       0.429       0.977
    IB              -0.206       0.154       0.339       1.303       2.267       2.452       2.813
    SB              -0.078       0.031       0.087       0.380       0.672       0.728       0.838

 SA       WITH
    IB              -0.241      -0.152      -0.106       0.133       0.373       0.419       0.508
    SB               0.014       0.040       0.053       0.123       0.192       0.206       0.232

 IB       WITH
    SB              -0.116      -0.096      -0.086      -0.033       0.021       0.031       0.051

 A_00     WITH
    B_00            -0.012       0.067       0.108       0.322       0.535       0.576       0.656

 A_01     WITH
    B_01            -0.012       0.067       0.108       0.322       0.535       0.576       0.656

 A_02     WITH
    B_02            -0.012       0.067       0.108       0.322       0.535       0.576       0.656

 A_03     WITH
    B_03            -0.012       0.067       0.108       0.322       0.535       0.576       0.656

 A_04     WITH
    B_04            -0.012       0.067       0.108       0.322       0.535       0.576       0.656

 Intercepts
    A_00             0.000       0.000       0.000       0.000       0.000       0.000       0.000
    A_01             0.000       0.000       0.000       0.000       0.000       0.000       0.000
    A_02             0.000       0.000       0.000       0.000       0.000       0.000       0.000
    A_03             0.000       0.000       0.000       0.000       0.000       0.000       0.000
    A_04             0.000       0.000       0.000       0.000       0.000       0.000       0.000
    B_00             0.000       0.000       0.000       0.000       0.000       0.000       0.000
    B_01             0.000       0.000       0.000       0.000       0.000       0.000       0.000
    B_02             0.000       0.000       0.000       0.000       0.000       0.000       0.000
    B_03             0.000       0.000       0.000       0.000       0.000       0.000       0.000
    B_04             0.000       0.000       0.000       0.000       0.000       0.000       0.000
    IA              41.680      42.295      42.610      44.256      45.901      46.216      46.832
    SA              -1.307      -1.152      -1.072      -0.658      -0.244      -0.164      -0.009
    IB               4.729       4.818       4.864       5.104       5.344       5.390       5.480
    SB              -0.187      -0.161      -0.147      -0.075      -0.004       0.010       0.037

 Residual Variances
    A_00            17.424      17.980      18.264      19.749      21.234      21.518      22.074
    A_01            17.424      17.980      18.264      19.749      21.234      21.518      22.074
    A_02            17.424      17.980      18.264      19.749      21.234      21.518      22.074
    A_03            17.424      17.980      18.264      19.749      21.234      21.518      22.074
    A_04            17.424      17.980      18.264      19.749      21.234      21.518      22.074
    B_00             1.550       1.583       1.600       1.687       1.774       1.791       1.824
    B_01             1.550       1.583       1.600       1.687       1.774       1.791       1.824
    B_02             1.550       1.583       1.600       1.687       1.774       1.791       1.824
    B_03             1.550       1.583       1.600       1.687       1.774       1.791       1.824
    B_04             1.550       1.583       1.600       1.687       1.774       1.791       1.824
    IA              80.840      84.098      85.764      94.465     103.166     104.832     108.089
    SA               0.531       0.704       0.792       1.254       1.715       1.803       1.976
    IB               1.970       2.056       2.099       2.327       2.554       2.598       2.683
    SB               0.023       0.032       0.037       0.061       0.085       0.090       0.099

New/Additional Parameters
    R_IAIB          -0.012       0.012       0.024       0.088       0.152       0.164       0.188
    R_SASB           0.082       0.168       0.213       0.444       0.676       0.720       0.807
    R_RES_AB        -0.002       0.012       0.019       0.056       0.093       0.100       0.113


SAMPLE STATISTICS FOR ESTIMATED FACTOR SCORES


     SAMPLE STATISTICS


           Means
              IA            IA_SE         SA            SA_SE         IB
              ________      ________      ________      ________      ________
 1             40.426         3.367        -1.319         0.991         6.092


           Means
              IB_SE         SB            SB_SE
              ________      ________      ________
 1              0.716        -0.085         0.215


           Covariances
              IA            IA_SE         SA            SA_SE         IB
              ________      ________      ________      ________      ________
 IA           121.056
 IA_SE          0.287         2.061
 SA             0.779         0.007         0.349
 SA_SE         -0.025         0.067        -0.001         0.008
 IB             3.418        -0.049         0.136        -0.015         2.146
 IB_SE         -0.152         0.082        -0.002         0.006        -0.026
 SB             0.478         0.006         0.045         0.000         0.028
 SB_SE         -0.025         0.011        -0.001         0.001        -0.004


           Covariances
              IB_SE         SB            SB_SE
              ________      ________      ________
 IB_SE          0.013
 SB            -0.001         0.015
 SB_SE          0.001         0.000         0.000


           Correlations
              IA            IA_SE         SA            SA_SE         IB
              ________      ________      ________      ________      ________
 IA             1.000
 IA_SE          0.018         1.000
 SA             0.120         0.008         1.000
 SA_SE         -0.024         0.506        -0.021         1.000
 IB             0.212        -0.023         0.157        -0.110         1.000
 IB_SE         -0.124         0.509        -0.032         0.581        -0.158
 SB             0.351         0.032         0.620         0.024         0.153
 SB_SE         -0.133         0.447        -0.080         0.790        -0.155


           Correlations
              IB_SE         SB            SB_SE
              ________      ________      ________
 IB_SE          1.000
 SB            -0.059         1.000
 SB_SE          0.756        -0.066         1.000


RESULTS SAVING INFORMATION

  Order of data

    Parameter estimates
     (saved in order shown in Technical 1 output)
    Standard errors
     (saved in order shown in Technical 1 output)
    H0 Loglikelihood
    H0 Scaling Correction Factor for MLR
    Number of Free Parameters
    Akaike (AIC)
    Bayesian (BIC)
    Sample-Size Adjusted BIC
    Condition Number

  Save file
    b1_female_aeh_grip_digitbackward_results.dat

  Save file format           Free


PLOT INFORMATION

The following plots are available:

  Histograms (sample values, estimated factor scores)
  Scatterplots (sample values, estimated factor scores)
  Latent variable distribution plots

SAVEDATA INFORMATION


  Save file
    b1_female_aeh_grip_digitbackward_fscores.dat

  Order and format of variables

    A_00           F10.3
    A_01           F10.3
    A_02           F10.3
    A_03           F10.3
    A_04           F10.3
    B_00           F10.3
    B_01           F10.3
    B_02           F10.3
    B_03           F10.3
    B_04           F10.3
    AGE_C70        F10.3
    EDU_C7         F10.3
    HTM_C          F10.3
    TIME_00        F10.3
    TIME_01        F10.3
    TIME_02        F10.3
    TIME_03        F10.3
    TIME_04        F10.3
    IA             F10.3
    IA_SE          F10.3
    SA             F10.3
    SA_SE          F10.3
    IB             F10.3
    IB_SE          F10.3
    SB             F10.3
    SB_SE          F10.3

  Save file format
    26F10.3

  Save file record length    10000


     Beginning Time:  21:57:05
        Ending Time:  21:57:09
       Elapsed Time:  00:00:04



MUTHEN & MUTHEN
3463 Stoner Ave.
Los Angeles, CA  90066

Tel: (310) 391-9971
Fax: (310) 391-8971
Web: www.StatModel.com
Support: Support@StatModel.com

Copyright (c) 1998-2015 Muthen & Muthen
