Mplus VERSION 7.4 (Mac)
MUTHEN & MUTHEN
02/08/2017  10:21 PM

INPUT INSTRUCTIONS

  TITLE:
  Script produced from the prototype in ./sandbox/syntax-creator/
  DATA:
  File = wide-dataset.dat ;
  VARIABLE:
  NAMES are
   id male age_c70 edu_c7 htm_c smoke cardio diabetes dementia_ever
      dementia_baseline bnt_00 bnt_01 bnt_02 bnt_03 bnt_04 bnt_05 bnt_06 bnt_07
      bnt_08 bnt_09 bnt_10 bnt_11 bnt_12 bnt_13 bnt_14 bnt_15 bnt_16 bnt_17
      bnt_18 bostordel_00 bostordel_01 bostordel_02 bostordel_03 bostordel_04
      bostordel_05 bostordel_06 bostordel_07 bostordel_08 bostordel_09 bostordel_10
      bostordel_11 bostordel_12 bostordel_13 bostordel_14 bostordel_15 bostordel_16
      bostordel_17 bostordel_18 bostorim_00 bostorim_01 bostorim_02 bostorim_03
      bostorim_04 bostorim_05 bostorim_06 bostorim_07 bostorim_08 bostorim_09
      bostorim_10 bostorim_11 bostorim_12 bostorim_13 bostorim_14 bostorim_15
      bostorim_16 bostorim_17 bostorim_18 catfluency_00 catfluency_01 catfluency_02
      catfluency_03 catfluency_04 catfluency_05 catfluency_06 catfluency_07
      catfluency_08 catfluency_09 catfluency_10 catfluency_11 catfluency_12
      catfluency_13 catfluency_14 catfluency_15 catfluency_16 catfluency_17
      catfluency_18 complexideas_00 complexideas_01 complexideas_02 complexideas_03
      complexideas_04 complexideas_05 complexideas_06 complexideas_07 complexideas_08
      complexideas_09 complexideas_10 complexideas_11 complexideas_12 complexideas_13
      complexideas_14 complexideas_15 complexideas_16 complexideas_17 complexideas_18
      digitbackward_00 digitbackward_01 digitbackward_02 digitbackward_03
      digitbackward_04 digitbackward_05 digitbackward_06 digitbackward_07
      digitbackward_08 digitbackward_09 digitbackward_10 digitbackward_11
      digitbackward_12 digitbackward_13 digitbackward_14 digitbackward_15
      digitbackward_16 digitbackward_17 digitbackward_18 digitforward_00
      digitforward_01 digitforward_02 digitforward_03 digitforward_04 digitforward_05
      digitforward_06 digitforward_07 digitforward_08 digitforward_09 digitforward_10
      digitforward_11 digitforward_12 digitforward_13 digitforward_14 digitforward_15
      digitforward_16 digitforward_17 digitforward_18 digitorder_00 digitorder_01
      digitorder_02 digitorder_03 digitorder_04 digitorder_05 digitorder_06
      digitorder_07 digitorder_08 digitorder_09 digitorder_10 digitorder_11
      digitorder_12 digitorder_13 digitorder_14 digitorder_15 digitorder_16
      digitorder_17 digitorder_18 fev_00 fev_01 fev_02 fev_03 fev_04 fev_05 fev_06
      fev_07 fev_08 fev_09 fev_10 fev_11 fev_12 fev_13 fev_14 fev_15 fev_16 fev_17
      fev_18 fev100_00 fev100_01 fev100_02 fev100_03 fev100_04 fev100_05 fev100_06
      fev100_07 fev100_08 fev100_09 fev100_10 fev100_11 fev100_12 fev100_13 fev100_14
      fev100_15 fev100_16 fev100_17 fev100_18 gait_00 gait_01 gait_02 gait_03 gait_04
      gait_05 gait_06 gait_07 gait_08 gait_09 gait_10 gait_11 gait_12 gait_13 gait_14
      gait_15 gait_16 gait_17 gait_18 grip_00 grip_01 grip_02 grip_03 grip_04 grip_05
      grip_06 grip_07 grip_08 grip_09 grip_10 grip_11 grip_12 grip_13 grip_14 grip_15
      grip_16 grip_17 grip_18 lineorientation_00 lineorientation_01 lineorientation_02
      lineorientation_03 lineorientation_04 lineorientation_05 lineorientation_06
      lineorientation_07 lineorientation_08 lineorientation_09 lineorientation_10
      lineorientation_11 lineorientation_12 lineorientation_13 lineorientation_14
      lineorientation_15 lineorientation_16 lineorientation_17 lineorientation_18
      logimemdel_00 logimemdel_01 logimemdel_02 logimemdel_03 logimemdel_04
      logimemdel_05 logimemdel_06 logimemdel_07 logimemdel_08 logimemdel_09
      logimemdel_10 logimemdel_11 logimemdel_12 logimemdel_13 logimemdel_14
      logimemdel_15 logimemdel_16 logimemdel_17 logimemdel_18 logimemim_00
      logimemim_01 logimemim_02 logimemim_03 logimemim_04 logimemim_05 logimemim_06
      logimemim_07 logimemim_08 logimemim_09 logimemim_10 logimemim_11 logimemim_12
      logimemim_13 logimemim_14 logimemim_15 logimemim_16 logimemim_17 logimemim_18
      matrices_00 matrices_01 matrices_02 matrices_03 matrices_04 matrices_05
      matrices_06 matrices_07 matrices_08 matrices_09 matrices_10 matrices_11
      matrices_12 matrices_13 matrices_14 matrices_15 matrices_16 matrices_17
      matrices_18 mmse_00 mmse_01 mmse_02 mmse_03 mmse_04 mmse_05 mmse_06 mmse_07
      mmse_08 mmse_09 mmse_10 mmse_11 mmse_12 mmse_13 mmse_14 mmse_15 mmse_16 mmse_17
      mmse_18 nart_00 nart_01 nart_02 nart_03 nart_04 nart_05 nart_06 nart_07 nart_08
      nart_09 nart_10 nart_11 nart_12 nart_13 nart_14 nart_15 nart_16 nart_17 nart_18
      numbercomparison_00 numbercomparison_01 numbercomparison_02 numbercomparison_03
      numbercomparison_04 numbercomparison_05 numbercomparison_06 numbercomparison_07
      numbercomparison_08 numbercomparison_09 numbercomparison_10 numbercomparison_11
      numbercomparison_12 numbercomparison_13 numbercomparison_14 numbercomparison_15
      numbercomparison_16 numbercomparison_17 numbercomparison_18 symbol_00
      symbol_01 symbol_02 symbol_03 symbol_04 symbol_05 symbol_06 symbol_07 symbol_08
      symbol_09 symbol_10 symbol_11 symbol_12 symbol_13 symbol_14 symbol_15 symbol_16
      symbol_17 symbol_18 wordlistdel_00 wordlistdel_01 wordlistdel_02 wordlistdel_03
      wordlistdel_04 wordlistdel_05 wordlistdel_06 wordlistdel_07 wordlistdel_08
      wordlistdel_09 wordlistdel_10 wordlistdel_11 wordlistdel_12 wordlistdel_13
      wordlistdel_14 wordlistdel_15 wordlistdel_16 wordlistdel_17 wordlistdel_18
      wordlistim_00 wordlistim_01 wordlistim_02 wordlistim_03 wordlistim_04
      wordlistim_05 wordlistim_06 wordlistim_07 wordlistim_08 wordlistim_09
      wordlistim_10 wordlistim_11 wordlistim_12 wordlistim_13 wordlistim_14
      wordlistim_15 wordlistim_16 wordlistim_17 wordlistim_18 wordlistrecog_00
      wordlistrecog_01 wordlistrecog_02 wordlistrecog_03 wordlistrecog_04
      wordlistrecog_05 wordlistrecog_06 wordlistrecog_07 wordlistrecog_08
      wordlistrecog_09 wordlistrecog_10 wordlistrecog_11 wordlistrecog_12
      wordlistrecog_13 wordlistrecog_14 wordlistrecog_15 wordlistrecog_16
      wordlistrecog_17 wordlistrecog_18 years_since_bl_00 years_since_bl_01
      years_since_bl_02 years_since_bl_03 years_since_bl_04 years_since_bl_05
      years_since_bl_06 years_since_bl_07 years_since_bl_08 years_since_bl_09
      years_since_bl_10 years_since_bl_11 years_since_bl_12 years_since_bl_13
      years_since_bl_14 years_since_bl_15 years_since_bl_16 years_since_bl_17
      years_since_bl_18
  	;
  Missing are all (-9999);
  USEVARIABLES are
  	!define the variables used in the analysis
  	! covariates used in the model
  age_c70
  edu_c7
  htm_c	
  	!estimated time points
  time_00
  time_01
  time_02
  time_03
  time_04
  	!modelled time points of process (A)
  a_00
  a_01
  a_02
  a_03
  a_04
  	!modelled time points of process (B)
  b_00
  b_01
  b_02
  b_03
  b_04
  ;
  TSCORES are
  	!estimated time points
  time_00
  time_01
  time_02
  time_03
  time_04;
  USEOBSERVATIONS are
  	!select a subset of observations
  male EQ 0
  and
  dementia_baseline NE 1
  ;
  DEFINE:
  	! assign variables to the process (A)
  a_00=fev_00;
  a_01=fev_01;
  a_02=fev_02;
  a_03=fev_03;
  a_04=fev_04;
  	! assign variables to the process (B)
  b_00=mmse_00;
  b_01=mmse_01;
  b_02=mmse_02;
  b_03=mmse_03;
  b_04=mmse_04;
  	!assign variables to time points
  time_00=years_since_bl_00;
  time_01=years_since_bl_01;
  time_02=years_since_bl_02;
  time_03=years_since_bl_03;
  time_04=years_since_bl_04;
  	
  ANALYSIS:
  TYPE = RANDOM;
  COVERAGE=.00;
  MODEL:
  	!first-level equation
  	! assign process (A) to time points
  ia sa | a_00 AT time_00 ;
  ia sa | a_01 AT time_01 ;
  ia sa | a_02 AT time_02 ;
  ia sa | a_03 AT time_03 ;
  ia sa | a_04 AT time_04 ;
  	! assign process (B) to time points
  ib sb | b_00 AT time_00 ;
  ib sb | b_01 AT time_01 ;
  ib sb | b_02 AT time_02 ;
  ib sb | b_03 AT time_03 ;
  ib sb | b_04 AT time_04 ;
  	!variance of the first-level terms
  ia (v_ia);
  sa (v_sa);
  ib (v_ib);
  sb (v_sb);
  	!covariance among first-level terms
  ia WITH sa (c_iasa);
  ia WITH ib (c_iaib);
  ia WITH sb (c_iasb);
  sa WITH ib (c_saib);
  sa WITH sb (c_sasb);
  ib WITH sb (c_ibsb);
  	!second-level equation
  ia sa ib sb ON age_c70
  edu_c7
  htm_c;
  	!residual covariance of process (A)
  a_00 (res_a);
  a_01 (res_a);
  a_02 (res_a);
  a_03 (res_a);
  a_04 (res_a);	
  	!residual covariance of process (B)
  b_00 (res_b);
  b_01 (res_b);
  b_02 (res_b);
  b_03 (res_b);
  b_04 (res_b);	
  	!Paired covariances constrained to be equal across t
  a_00 pwith b_00 (res_cov);
  a_01 pwith b_01 (res_cov);
  a_02 pwith b_02 (res_cov);
  a_03 pwith b_03 (res_cov);
  a_04 pwith b_04 (res_cov);	
  MODEL CONSTRAINT:
  	!assigns labels to new parameters;
  NEW r_iaib;
  NEW r_sasb;
  NEW r_res_ab;
  	!compute confidence intervals for correlation coefficients;
  r_iaib = c_iaib/((v_ia**0.5)*(v_ib**0.5));
  r_sasb = c_sasb/((v_sa**0.5)*(v_sb**0.5));
  r_res_ab = res_cov/((res_a**0.5)*(res_b**0.5));
  SAVEDATA:
  FILE is   b1_female_aeh_fev_mmse_fscores.dat;
  SAVE = FSCORES;
  RESULTS are   b1_female_aeh_fev_mmse_results.dat;
  	
  OUTPUT: sampstat cinterval;
  PLOT: Type is Plot1 Plot2 Plot3;



*** WARNING
  Data set contains cases with missing on x-variables.
  These cases were not included in the analysis.
  Number of cases with missing on x-variables:  6
   1 WARNING(S) FOUND IN THE INPUT INSTRUCTIONS




Script produced from the prototype in ./sandbox/syntax-creator/

SUMMARY OF ANALYSIS

Number of groups                                                 1
Number of observations                                        1303

Number of dependent variables                                   10
Number of independent variables                                  3
Number of continuous latent variables                            4

Observed dependent variables

  Continuous
   A_00        A_01        A_02        A_03        A_04        B_00
   B_01        B_02        B_03        B_04

Observed independent variables
   AGE_C70     EDU_C7      HTM_C

Continuous latent variables
   IA          SA          IB          SB

Variables with special functions

  Time scores
   TIME_00     TIME_01     TIME_02     TIME_03     TIME_04


Estimator                                                      MLR
Information matrix                                        OBSERVED
Maximum number of iterations                                   100
Convergence criterion                                    0.100D-05
Maximum number of EM iterations                                500
Convergence criteria for the EM algorithm
  Loglikelihood change                                   0.100D-02
  Relative loglikelihood change                          0.100D-05
  Derivative                                             0.100D-03
Minimum variance                                         0.100D-03
Maximum number of steepest descent iterations                   20
Maximum number of iterations for H1                           2000
Convergence criterion for H1                             0.100D-03
Optimization algorithm                                         EMA

Input data file(s)
  wide-dataset.dat
Input data format  FREE


SUMMARY OF DATA

     Number of missing data patterns           105


COVARIANCE COVERAGE OF DATA

Minimum covariance coverage value   0.000


     PROPORTION OF DATA PRESENT


           Covariance Coverage
              A_00          A_01          A_02          A_03          A_04
              ________      ________      ________      ________      ________
 A_00           0.856
 A_01           0.621         0.629
 A_02           0.524         0.474         0.539
 A_03           0.383         0.334         0.352         0.404
 A_04           0.265         0.219         0.223         0.229         0.345
 B_00           0.856         0.629         0.538         0.404         0.345
 B_01           0.755         0.627         0.525         0.395         0.336
 B_02           0.675         0.573         0.533         0.394         0.335
 B_03           0.592         0.498         0.483         0.404         0.335
 B_04           0.501         0.423         0.404         0.344         0.341
 AGE_C70        0.856         0.629         0.539         0.404         0.345
 EDU_C7         0.856         0.629         0.539         0.404         0.345
 HTM_C          0.856         0.629         0.539         0.404         0.345


           Covariance Coverage
              B_00          B_01          B_02          B_03          B_04
              ________      ________      ________      ________      ________
 B_00           0.999
 B_01           0.865         0.866
 B_02           0.783         0.761         0.784
 B_03           0.693         0.675         0.667         0.694
 B_04           0.592         0.575         0.565         0.562         0.592
 AGE_C70        0.999         0.866         0.784         0.694         0.592
 EDU_C7         0.999         0.866         0.784         0.694         0.592
 HTM_C          0.999         0.866         0.784         0.694         0.592


           Covariance Coverage
              AGE_C70       EDU_C7        HTM_C
              ________      ________      ________
 AGE_C70        1.000
 EDU_C7         1.000         1.000
 HTM_C          1.000         1.000         1.000


SAMPLE STATISTICS


     ESTIMATED SAMPLE STATISTICS


           Means
              A_00          A_01          A_02          A_03          A_04
              ________      ________      ________      ________      ________
 1              1.506         1.470         1.449         1.396         1.349


           Means
              B_00          B_01          B_02          B_03          B_04
              ________      ________      ________      ________      ________
 1             28.096        27.917        27.486        26.912        26.501


           Means
              AGE_C70       EDU_C7        HTM_C
              ________      ________      ________
 1              9.476         7.354        -0.012


           Covariances
              A_00          A_01          A_02          A_03          A_04
              ________      ________      ________      ________      ________
 A_00           0.191
 A_01           0.158         0.182
 A_02           0.164         0.155         0.179
 A_03           0.158         0.160         0.155         0.199
 A_04           0.159         0.159         0.156         0.170         0.188
 B_00           0.164         0.132         0.148         0.130         0.176
 B_01           0.155         0.136         0.163         0.170         0.192
 B_02           0.205         0.184         0.253         0.209         0.270
 B_03           0.285         0.239         0.334         0.348         0.427
 B_04           0.353         0.305         0.410         0.405         0.539
 AGE_C70       -1.491        -1.524        -1.486        -1.374        -1.544
 EDU_C7         0.162         0.159         0.164         0.135         0.163
 HTM_C          0.011         0.011         0.011         0.010         0.011


           Covariances
              B_00          B_01          B_02          B_03          B_04
              ________      ________      ________      ________      ________
 B_00           3.679
 B_01           2.186         5.464
 B_02           2.951         4.628         9.754
 B_03           3.689         5.851         9.370        15.701
 B_04           4.223         6.803        10.666        15.614        20.753
 AGE_C70       -4.006        -4.244        -5.678        -9.198       -10.622
 EDU_C7         1.610         1.456         1.882         1.797         2.095
 HTM_C          0.015         0.021         0.030         0.029         0.041


           Covariances
              AGE_C70       EDU_C7        HTM_C
              ________      ________      ________
 AGE_C70       59.863
 EDU_C7        -1.226         9.377
 HTM_C         -0.117         0.030         0.005


           Correlations
              A_00          A_01          A_02          A_03          A_04
              ________      ________      ________      ________      ________
 A_00           1.000
 A_01           0.846         1.000
 A_02           0.888         0.859         1.000
 A_03           0.811         0.840         0.818         1.000
 A_04           0.840         0.857         0.851         0.879         1.000
 B_00           0.196         0.162         0.183         0.152         0.211
 B_01           0.152         0.136         0.164         0.163         0.189
 B_02           0.151         0.138         0.192         0.150         0.199
 B_03           0.165         0.141         0.199         0.197         0.249
 B_04           0.177         0.157         0.212         0.199         0.273
 AGE_C70       -0.442        -0.462        -0.454        -0.398        -0.460
 EDU_C7         0.121         0.122         0.126         0.099         0.123
 HTM_C          0.373         0.384         0.393         0.338         0.360


           Correlations
              B_00          B_01          B_02          B_03          B_04
              ________      ________      ________      ________      ________
 B_00           1.000
 B_01           0.488         1.000
 B_02           0.493         0.634         1.000
 B_03           0.485         0.632         0.757         1.000
 B_04           0.483         0.639         0.750         0.865         1.000
 AGE_C70       -0.270        -0.235        -0.235        -0.300        -0.301
 EDU_C7         0.274         0.203         0.197         0.148         0.150
 HTM_C          0.115         0.132         0.139         0.107         0.129


           Correlations
              AGE_C70       EDU_C7        HTM_C
              ________      ________      ________
 AGE_C70        1.000
 EDU_C7        -0.052         1.000
 HTM_C         -0.218         0.141         1.000


     MAXIMUM LOG-LIKELIHOOD VALUE FOR THE UNRESTRICTED (H1) MODEL IS -17292.062


UNIVARIATE SAMPLE STATISTICS


     UNIVARIATE HIGHER-ORDER MOMENT DESCRIPTIVE STATISTICS

         Variable/         Mean/     Skewness/   Minimum/ % with                Percentiles
        Sample Size      Variance    Kurtosis    Maximum  Min/Max      20%/60%    40%/80%    Median

     A_00                  1.504       0.173       0.210    0.09%       1.135      1.375      1.488
            1116.000       0.195       0.084       3.135    0.09%       1.605      1.865
     A_01                  1.459       0.270       0.365    0.12%       1.105      1.330      1.440
             820.000       0.183       0.063       3.075    0.12%       1.540      1.815
     A_02                  1.452       0.221       0.350    0.14%       1.110      1.330      1.430
             702.000       0.175       0.205       3.035    0.14%       1.545      1.800
     A_03                  1.391       0.743       0.345    0.19%       1.030      1.260      1.365
             527.000       0.190       3.997       4.430    0.19%       1.495      1.705
     A_04                  1.365       0.057       0.200    0.22%       1.015      1.250      1.382
             450.000       0.166       0.140       2.710    0.22%       1.485      1.695
     B_00                 28.098      -1.552      18.000    0.15%      27.000     28.000     29.000
            1302.000       3.673       3.258      30.000   24.88%      29.000     30.000
     B_01                 27.961      -2.388      10.800    0.09%      27.000     28.000     29.000
            1128.000       5.380       9.178      30.000   25.18%      29.000     30.000
     B_02                 27.590      -3.462       0.000    0.10%      26.000     28.000     28.000
            1021.000       9.369      19.556      30.000   22.62%      29.000     30.000
     B_03                 27.181      -3.081       2.000    0.22%      26.000     28.000     28.000
             904.000      14.135      12.450      30.000   20.35%      29.000     30.000
     B_04                 26.936      -2.869       0.000    0.26%      26.000     28.000     28.000
             771.000      17.585      10.345      30.000   21.53%      29.000     30.000
     AGE_C70               9.476      -0.502     -16.653    0.08%       3.372      8.461     10.233
            1303.000      59.863       0.163      30.471    0.08%      12.163     16.048
     EDU_C7                7.354      -0.148      -7.000    0.08%       5.000      6.000      7.000
            1303.000       9.377       1.190      18.000    0.08%       8.000     10.000
     HTM_C                -0.012      -0.223      -0.355    0.15%      -0.076     -0.025     -0.012
            1303.000       0.005       0.977       0.203    0.23%       0.000      0.051


THE MODEL ESTIMATION TERMINATED NORMALLY



MODEL FIT INFORMATION

Number of Free Parameters                       29

Loglikelihood

          H0 Value                      -11243.723
          H0 Scaling Correction Factor      2.4056
            for MLR

Information Criteria

          Akaike (AIC)                   22545.446
          Bayesian (BIC)                 22695.447
          Sample-Size Adjusted BIC       22603.328
            (n* = (n + 2) / 24)



MODEL RESULTS

                                                    Two-Tailed
                    Estimate       S.E.  Est./S.E.    P-Value

 IA         ON
    AGE_C70           -0.021      0.001    -15.159      0.000
    EDU_C7             0.009      0.003      2.711      0.007
    HTM_C              1.800      0.156     11.524      0.000

 SA         ON
    AGE_C70            0.000      0.000      0.148      0.882
    EDU_C7             0.000      0.001     -0.210      0.833
    HTM_C             -0.033      0.035     -0.949      0.343

 IB         ON
    AGE_C70           -0.050      0.007     -7.469      0.000
    EDU_C7             0.152      0.016      9.323      0.000
    HTM_C              1.163      0.681      1.709      0.087

 SB         ON
    AGE_C70           -0.028      0.004     -6.522      0.000
    EDU_C7             0.007      0.010      0.747      0.455
    HTM_C              0.526      0.462      1.137      0.255

 IA       WITH
    SA                -0.001      0.001     -0.968      0.333
    IB                 0.010      0.018      0.538      0.590
    SB                -0.005      0.012     -0.389      0.698

 SA       WITH
    IB                 0.002      0.004      0.523      0.601
    SB                 0.010      0.004      2.234      0.025

 IB       WITH
    SB                 0.506      0.100      5.043      0.000

 A_00     WITH
    B_00               0.017      0.006      2.815      0.005

 A_01     WITH
    B_01               0.017      0.006      2.815      0.005

 A_02     WITH
    B_02               0.017      0.006      2.815      0.005

 A_03     WITH
    B_03               0.017      0.006      2.815      0.005

 A_04     WITH
    B_04               0.017      0.006      2.815      0.005

 Intercepts
    A_00               0.000      0.000    999.000    999.000
    A_01               0.000      0.000    999.000    999.000
    A_02               0.000      0.000    999.000    999.000
    A_03               0.000      0.000    999.000    999.000
    A_04               0.000      0.000    999.000    999.000
    B_00               0.000      0.000    999.000    999.000
    B_01               0.000      0.000    999.000    999.000
    B_02               0.000      0.000    999.000    999.000
    B_03               0.000      0.000    999.000    999.000
    B_04               0.000      0.000    999.000    999.000
    IA                 1.669      0.029     57.777      0.000
    SA                -0.036      0.007     -4.921      0.000
    IB                27.564      0.157    175.335      0.000
    SB                -0.194      0.088     -2.218      0.027

 Residual Variances
    A_00               0.027      0.003      7.750      0.000
    A_01               0.027      0.003      7.750      0.000
    A_02               0.027      0.003      7.750      0.000
    A_03               0.027      0.003      7.750      0.000
    A_04               0.027      0.003      7.750      0.000
    B_00               2.460      0.146     16.891      0.000
    B_01               2.460      0.146     16.891      0.000
    B_02               2.460      0.146     16.891      0.000
    B_03               2.460      0.146     16.891      0.000
    B_04               2.460      0.146     16.891      0.000
    IA                 0.107      0.006     17.608      0.000
    SA                 0.001      0.000      1.746      0.081
    IB                 1.051      0.186      5.646      0.000
    SB                 0.747      0.132      5.669      0.000

New/Additional Parameters
    R_IAIB             0.029      0.054      0.539      0.590
    R_SASB             0.398      0.212      1.879      0.060
    R_RES_AB           0.065      0.023      2.892      0.004


QUALITY OF NUMERICAL RESULTS

     Condition Number for the Information Matrix              0.290E-07
       (ratio of smallest to largest eigenvalue)


CONFIDENCE INTERVALS OF MODEL RESULTS

                  Lower .5%  Lower 2.5%    Lower 5%    Estimate    Upper 5%  Upper 2.5%   Upper .5%

 IA       ON
    AGE_C70         -0.025      -0.024      -0.024      -0.021      -0.019      -0.019      -0.018
    EDU_C7           0.000       0.002       0.003       0.009       0.014       0.015       0.017
    HTM_C            1.397       1.493       1.543       1.800       2.056       2.106       2.202

 SA       ON
    AGE_C70         -0.001      -0.001       0.000       0.000       0.001       0.001       0.001
    EDU_C7          -0.002      -0.002      -0.001       0.000       0.001       0.001       0.002
    HTM_C           -0.123      -0.101      -0.090      -0.033       0.024       0.035       0.057

 IB       ON
    AGE_C70         -0.067      -0.063      -0.061      -0.050      -0.039      -0.037      -0.033
    EDU_C7           0.110       0.120       0.126       0.152       0.179       0.185       0.195
    HTM_C           -0.590      -0.171       0.043       1.163       2.283       2.497       2.916

 SB       ON
    AGE_C70         -0.038      -0.036      -0.035      -0.028      -0.021      -0.019      -0.017
    EDU_C7          -0.018      -0.012      -0.009       0.007       0.024       0.027       0.033
    HTM_C           -0.665      -0.380      -0.235       0.526       1.287       1.432       1.717

 IA       WITH
    SA              -0.004      -0.003      -0.003      -0.001       0.001       0.001       0.002
    IB              -0.037      -0.026      -0.020       0.010       0.039       0.045       0.056
    SB              -0.036      -0.029      -0.025      -0.005       0.015       0.019       0.027

 SA       WITH
    IB              -0.009      -0.006      -0.005       0.002       0.009       0.011       0.014
    SB              -0.001       0.001       0.003       0.010       0.017       0.018       0.021

 IB       WITH
    SB               0.248       0.309       0.341       0.506       0.671       0.703       0.764

 A_00     WITH
    B_00             0.001       0.005       0.007       0.017       0.027       0.028       0.032

 A_01     WITH
    B_01             0.001       0.005       0.007       0.017       0.027       0.028       0.032

 A_02     WITH
    B_02             0.001       0.005       0.007       0.017       0.027       0.028       0.032

 A_03     WITH
    B_03             0.001       0.005       0.007       0.017       0.027       0.028       0.032

 A_04     WITH
    B_04             0.001       0.005       0.007       0.017       0.027       0.028       0.032

 Intercepts
    A_00             0.000       0.000       0.000       0.000       0.000       0.000       0.000
    A_01             0.000       0.000       0.000       0.000       0.000       0.000       0.000
    A_02             0.000       0.000       0.000       0.000       0.000       0.000       0.000
    A_03             0.000       0.000       0.000       0.000       0.000       0.000       0.000
    A_04             0.000       0.000       0.000       0.000       0.000       0.000       0.000
    B_00             0.000       0.000       0.000       0.000       0.000       0.000       0.000
    B_01             0.000       0.000       0.000       0.000       0.000       0.000       0.000
    B_02             0.000       0.000       0.000       0.000       0.000       0.000       0.000
    B_03             0.000       0.000       0.000       0.000       0.000       0.000       0.000
    B_04             0.000       0.000       0.000       0.000       0.000       0.000       0.000
    IA               1.594       1.612       1.621       1.669       1.716       1.725       1.743
    SA              -0.055      -0.051      -0.048      -0.036      -0.024      -0.022      -0.017
    IB              27.159      27.256      27.306      27.564      27.823      27.872      27.969
    SB              -0.420      -0.366      -0.338      -0.194      -0.050      -0.023       0.031

 Residual Variances
    A_00             0.018       0.020       0.021       0.027       0.032       0.033       0.036
    A_01             0.018       0.020       0.021       0.027       0.032       0.033       0.036
    A_02             0.018       0.020       0.021       0.027       0.032       0.033       0.036
    A_03             0.018       0.020       0.021       0.027       0.032       0.033       0.036
    A_04             0.018       0.020       0.021       0.027       0.032       0.033       0.036
    B_00             2.085       2.174       2.220       2.460       2.699       2.745       2.835
    B_01             2.085       2.174       2.220       2.460       2.699       2.745       2.835
    B_02             2.085       2.174       2.220       2.460       2.699       2.745       2.835
    B_03             2.085       2.174       2.220       2.460       2.699       2.745       2.835
    B_04             2.085       2.174       2.220       2.460       2.699       2.745       2.835
    IA               0.091       0.095       0.097       0.107       0.117       0.119       0.123
    SA               0.000       0.000       0.000       0.001       0.002       0.002       0.002
    IB               0.572       0.686       0.745       1.051       1.357       1.416       1.531
    SB               0.408       0.489       0.530       0.747       0.964       1.005       1.086

New/Additional Parameters
    R_IAIB          -0.110      -0.076      -0.060       0.029       0.118       0.134       0.168
    R_SASB          -0.148      -0.017       0.050       0.398       0.747       0.814       0.944
    R_RES_AB         0.007       0.021       0.028       0.065       0.103       0.110       0.124


SAMPLE STATISTICS FOR ESTIMATED FACTOR SCORES


     SAMPLE STATISTICS


           Means
              IA            IA_SE         SA            SA_SE         IB
              ________      ________      ________      ________      ________
 1              1.507         0.120        -0.036         0.026        28.196


           Means
              IB_SE         SB            SB_SE
              ________      ________      ________
 1              0.638        -0.408         0.412


           Covariances
              IA            IA_SE         SA            SA_SE         IB
              ________      ________      ________      ________      ________
 IA             0.144
 IA_SE          0.000         0.003
 SA            -0.001         0.000         0.000
 SA_SE          0.000         0.000         0.000         0.000
 IB             0.116        -0.001         0.004         0.000         1.056
 IB_SE         -0.003         0.002         0.000         0.000        -0.009
 SB             0.046         0.000         0.006         0.000         0.627
 SB_SE         -0.009         0.005         0.000         0.000        -0.024


           Covariances
              IB_SE         SB            SB_SE
              ________      ________      ________
 IB_SE          0.006
 SB            -0.003         0.597
 SB_SE          0.013        -0.011         0.031


           Correlations
              IA            IA_SE         SA            SA_SE         IB
              ________      ________      ________      ________      ________
 IA             1.000
 IA_SE         -0.005         1.000
 SA            -0.130         0.015         1.000
 SA_SE         -0.065         0.563         0.019         1.000
 IB             0.299        -0.016         0.311        -0.089         1.000
 IB_SE         -0.099         0.504         0.012         0.695        -0.103
 SB             0.158         0.001         0.657        -0.057         0.790
 SB_SE         -0.129         0.468         0.000         0.809        -0.130


           Correlations
              IB_SE         SB            SB_SE
              ________      ________      ________
 IB_SE          1.000
 SB            -0.051         1.000
 SB_SE          0.915        -0.084         1.000


RESULTS SAVING INFORMATION

  Order of data

    Parameter estimates
     (saved in order shown in Technical 1 output)
    Standard errors
     (saved in order shown in Technical 1 output)
    H0 Loglikelihood
    H0 Scaling Correction Factor for MLR
    Number of Free Parameters
    Akaike (AIC)
    Bayesian (BIC)
    Sample-Size Adjusted BIC
    Condition Number

  Save file
    b1_female_aeh_fev_mmse_results.dat

  Save file format           Free


PLOT INFORMATION

The following plots are available:

  Histograms (sample values, estimated factor scores)
  Scatterplots (sample values, estimated factor scores)
  Latent variable distribution plots

SAVEDATA INFORMATION


  Save file
    b1_female_aeh_fev_mmse_fscores.dat

  Order and format of variables

    A_00           F10.3
    A_01           F10.3
    A_02           F10.3
    A_03           F10.3
    A_04           F10.3
    B_00           F10.3
    B_01           F10.3
    B_02           F10.3
    B_03           F10.3
    B_04           F10.3
    AGE_C70        F10.3
    EDU_C7         F10.3
    HTM_C          F10.3
    TIME_00        F10.3
    TIME_01        F10.3
    TIME_02        F10.3
    TIME_03        F10.3
    TIME_04        F10.3
    IA             F10.3
    IA_SE          F10.3
    SA             F10.3
    SA_SE          F10.3
    IB             F10.3
    IB_SE          F10.3
    SB             F10.3
    SB_SE          F10.3

  Save file format
    26F10.3

  Save file record length    10000


     Beginning Time:  22:21:55
        Ending Time:  22:22:02
       Elapsed Time:  00:00:07



MUTHEN & MUTHEN
3463 Stoner Ave.
Los Angeles, CA  90066

Tel: (310) 391-9971
Fax: (310) 391-8971
Web: www.StatModel.com
Support: Support@StatModel.com

Copyright (c) 1998-2015 Muthen & Muthen
