Mplus VERSION 7.4 (Mac)
MUTHEN & MUTHEN
02/08/2017  10:21 PM

INPUT INSTRUCTIONS

  TITLE:
  Script produced from the prototype in ./sandbox/syntax-creator/
  DATA:
  File = wide-dataset.dat ;
  VARIABLE:
  NAMES are
   id male age_c70 edu_c7 htm_c smoke cardio diabetes dementia_ever
      dementia_baseline bnt_00 bnt_01 bnt_02 bnt_03 bnt_04 bnt_05 bnt_06 bnt_07
      bnt_08 bnt_09 bnt_10 bnt_11 bnt_12 bnt_13 bnt_14 bnt_15 bnt_16 bnt_17
      bnt_18 bostordel_00 bostordel_01 bostordel_02 bostordel_03 bostordel_04
      bostordel_05 bostordel_06 bostordel_07 bostordel_08 bostordel_09 bostordel_10
      bostordel_11 bostordel_12 bostordel_13 bostordel_14 bostordel_15 bostordel_16
      bostordel_17 bostordel_18 bostorim_00 bostorim_01 bostorim_02 bostorim_03
      bostorim_04 bostorim_05 bostorim_06 bostorim_07 bostorim_08 bostorim_09
      bostorim_10 bostorim_11 bostorim_12 bostorim_13 bostorim_14 bostorim_15
      bostorim_16 bostorim_17 bostorim_18 catfluency_00 catfluency_01 catfluency_02
      catfluency_03 catfluency_04 catfluency_05 catfluency_06 catfluency_07
      catfluency_08 catfluency_09 catfluency_10 catfluency_11 catfluency_12
      catfluency_13 catfluency_14 catfluency_15 catfluency_16 catfluency_17
      catfluency_18 complexideas_00 complexideas_01 complexideas_02 complexideas_03
      complexideas_04 complexideas_05 complexideas_06 complexideas_07 complexideas_08
      complexideas_09 complexideas_10 complexideas_11 complexideas_12 complexideas_13
      complexideas_14 complexideas_15 complexideas_16 complexideas_17 complexideas_18
      digitbackward_00 digitbackward_01 digitbackward_02 digitbackward_03
      digitbackward_04 digitbackward_05 digitbackward_06 digitbackward_07
      digitbackward_08 digitbackward_09 digitbackward_10 digitbackward_11
      digitbackward_12 digitbackward_13 digitbackward_14 digitbackward_15
      digitbackward_16 digitbackward_17 digitbackward_18 digitforward_00
      digitforward_01 digitforward_02 digitforward_03 digitforward_04 digitforward_05
      digitforward_06 digitforward_07 digitforward_08 digitforward_09 digitforward_10
      digitforward_11 digitforward_12 digitforward_13 digitforward_14 digitforward_15
      digitforward_16 digitforward_17 digitforward_18 digitorder_00 digitorder_01
      digitorder_02 digitorder_03 digitorder_04 digitorder_05 digitorder_06
      digitorder_07 digitorder_08 digitorder_09 digitorder_10 digitorder_11
      digitorder_12 digitorder_13 digitorder_14 digitorder_15 digitorder_16
      digitorder_17 digitorder_18 fev_00 fev_01 fev_02 fev_03 fev_04 fev_05 fev_06
      fev_07 fev_08 fev_09 fev_10 fev_11 fev_12 fev_13 fev_14 fev_15 fev_16 fev_17
      fev_18 fev100_00 fev100_01 fev100_02 fev100_03 fev100_04 fev100_05 fev100_06
      fev100_07 fev100_08 fev100_09 fev100_10 fev100_11 fev100_12 fev100_13 fev100_14
      fev100_15 fev100_16 fev100_17 fev100_18 gait_00 gait_01 gait_02 gait_03 gait_04
      gait_05 gait_06 gait_07 gait_08 gait_09 gait_10 gait_11 gait_12 gait_13 gait_14
      gait_15 gait_16 gait_17 gait_18 grip_00 grip_01 grip_02 grip_03 grip_04 grip_05
      grip_06 grip_07 grip_08 grip_09 grip_10 grip_11 grip_12 grip_13 grip_14 grip_15
      grip_16 grip_17 grip_18 lineorientation_00 lineorientation_01 lineorientation_02
      lineorientation_03 lineorientation_04 lineorientation_05 lineorientation_06
      lineorientation_07 lineorientation_08 lineorientation_09 lineorientation_10
      lineorientation_11 lineorientation_12 lineorientation_13 lineorientation_14
      lineorientation_15 lineorientation_16 lineorientation_17 lineorientation_18
      logimemdel_00 logimemdel_01 logimemdel_02 logimemdel_03 logimemdel_04
      logimemdel_05 logimemdel_06 logimemdel_07 logimemdel_08 logimemdel_09
      logimemdel_10 logimemdel_11 logimemdel_12 logimemdel_13 logimemdel_14
      logimemdel_15 logimemdel_16 logimemdel_17 logimemdel_18 logimemim_00
      logimemim_01 logimemim_02 logimemim_03 logimemim_04 logimemim_05 logimemim_06
      logimemim_07 logimemim_08 logimemim_09 logimemim_10 logimemim_11 logimemim_12
      logimemim_13 logimemim_14 logimemim_15 logimemim_16 logimemim_17 logimemim_18
      matrices_00 matrices_01 matrices_02 matrices_03 matrices_04 matrices_05
      matrices_06 matrices_07 matrices_08 matrices_09 matrices_10 matrices_11
      matrices_12 matrices_13 matrices_14 matrices_15 matrices_16 matrices_17
      matrices_18 mmse_00 mmse_01 mmse_02 mmse_03 mmse_04 mmse_05 mmse_06 mmse_07
      mmse_08 mmse_09 mmse_10 mmse_11 mmse_12 mmse_13 mmse_14 mmse_15 mmse_16 mmse_17
      mmse_18 nart_00 nart_01 nart_02 nart_03 nart_04 nart_05 nart_06 nart_07 nart_08
      nart_09 nart_10 nart_11 nart_12 nart_13 nart_14 nart_15 nart_16 nart_17 nart_18
      numbercomparison_00 numbercomparison_01 numbercomparison_02 numbercomparison_03
      numbercomparison_04 numbercomparison_05 numbercomparison_06 numbercomparison_07
      numbercomparison_08 numbercomparison_09 numbercomparison_10 numbercomparison_11
      numbercomparison_12 numbercomparison_13 numbercomparison_14 numbercomparison_15
      numbercomparison_16 numbercomparison_17 numbercomparison_18 symbol_00
      symbol_01 symbol_02 symbol_03 symbol_04 symbol_05 symbol_06 symbol_07 symbol_08
      symbol_09 symbol_10 symbol_11 symbol_12 symbol_13 symbol_14 symbol_15 symbol_16
      symbol_17 symbol_18 wordlistdel_00 wordlistdel_01 wordlistdel_02 wordlistdel_03
      wordlistdel_04 wordlistdel_05 wordlistdel_06 wordlistdel_07 wordlistdel_08
      wordlistdel_09 wordlistdel_10 wordlistdel_11 wordlistdel_12 wordlistdel_13
      wordlistdel_14 wordlistdel_15 wordlistdel_16 wordlistdel_17 wordlistdel_18
      wordlistim_00 wordlistim_01 wordlistim_02 wordlistim_03 wordlistim_04
      wordlistim_05 wordlistim_06 wordlistim_07 wordlistim_08 wordlistim_09
      wordlistim_10 wordlistim_11 wordlistim_12 wordlistim_13 wordlistim_14
      wordlistim_15 wordlistim_16 wordlistim_17 wordlistim_18 wordlistrecog_00
      wordlistrecog_01 wordlistrecog_02 wordlistrecog_03 wordlistrecog_04
      wordlistrecog_05 wordlistrecog_06 wordlistrecog_07 wordlistrecog_08
      wordlistrecog_09 wordlistrecog_10 wordlistrecog_11 wordlistrecog_12
      wordlistrecog_13 wordlistrecog_14 wordlistrecog_15 wordlistrecog_16
      wordlistrecog_17 wordlistrecog_18 years_since_bl_00 years_since_bl_01
      years_since_bl_02 years_since_bl_03 years_since_bl_04 years_since_bl_05
      years_since_bl_06 years_since_bl_07 years_since_bl_08 years_since_bl_09
      years_since_bl_10 years_since_bl_11 years_since_bl_12 years_since_bl_13
      years_since_bl_14 years_since_bl_15 years_since_bl_16 years_since_bl_17
      years_since_bl_18
  	;
  Missing are all (-9999);
  USEVARIABLES are
  	!define the variables used in the analysis
  	! covariates used in the model
  age_c70
  edu_c7
  htm_c
  smoke
  cardio
  diabetes	
  	!estimated time points
  time_00
  time_01
  time_02
  time_03
  time_04
  	!modelled time points of process (A)
  a_00
  a_01
  a_02
  a_03
  a_04
  	!modelled time points of process (B)
  b_00
  b_01
  b_02
  b_03
  b_04
  ;
  TSCORES are
  	!estimated time points
  time_00
  time_01
  time_02
  time_03
  time_04;
  USEOBSERVATIONS are
  	!select a subset of observations
  male EQ 1
  and
  dementia_baseline NE 1
  ;
  DEFINE:
  	! assign variables to the process (A)
  a_00=fev_00;
  a_01=fev_01;
  a_02=fev_02;
  a_03=fev_03;
  a_04=fev_04;
  	! assign variables to the process (B)
  b_00=mmse_00;
  b_01=mmse_01;
  b_02=mmse_02;
  b_03=mmse_03;
  b_04=mmse_04;
  	!assign variables to time points
  time_00=years_since_bl_00;
  time_01=years_since_bl_01;
  time_02=years_since_bl_02;
  time_03=years_since_bl_03;
  time_04=years_since_bl_04;
  	
  ANALYSIS:
  TYPE = RANDOM;
  COVERAGE=.00;
  MODEL:
  	!first-level equation
  	! assign process (A) to time points
  ia sa | a_00 AT time_00 ;
  ia sa | a_01 AT time_01 ;
  ia sa | a_02 AT time_02 ;
  ia sa | a_03 AT time_03 ;
  ia sa | a_04 AT time_04 ;
  	! assign process (B) to time points
  ib sb | b_00 AT time_00 ;
  ib sb | b_01 AT time_01 ;
  ib sb | b_02 AT time_02 ;
  ib sb | b_03 AT time_03 ;
  ib sb | b_04 AT time_04 ;
  	!variance of the first-level terms
  ia (v_ia);
  sa (v_sa);
  ib (v_ib);
  sb (v_sb);
  	!covariance among first-level terms
  ia WITH sa (c_iasa);
  ia WITH ib (c_iaib);
  ia WITH sb (c_iasb);
  sa WITH ib (c_saib);
  sa WITH sb (c_sasb);
  ib WITH sb (c_ibsb);
  	!second-level equation
  ia sa ib sb ON age_c70
  edu_c7
  htm_c
  smoke
  cardio
  diabetes;
  	!residual covariance of process (A)
  a_00 (res_a);
  a_01 (res_a);
  a_02 (res_a);
  a_03 (res_a);
  a_04 (res_a);	
  	!residual covariance of process (B)
  b_00 (res_b);
  b_01 (res_b);
  b_02 (res_b);
  b_03 (res_b);
  b_04 (res_b);	
  	!Paired covariances constrained to be equal across t
  a_00 pwith b_00 (res_cov);
  a_01 pwith b_01 (res_cov);
  a_02 pwith b_02 (res_cov);
  a_03 pwith b_03 (res_cov);
  a_04 pwith b_04 (res_cov);	
  MODEL CONSTRAINT:
  	!assigns labels to new parameters;
  NEW r_iaib;
  NEW r_sasb;
  NEW r_res_ab;
  	!compute confidence intervals for correlation coefficients;
  r_iaib = c_iaib/((v_ia**0.5)*(v_ib**0.5));
  r_sasb = c_sasb/((v_sa**0.5)*(v_sb**0.5));
  r_res_ab = res_cov/((res_a**0.5)*(res_b**0.5));
  SAVEDATA:
  FILE is   b1_male_aehplus_fev_mmse_fscores.dat;
  SAVE = FSCORES;
  RESULTS are   b1_male_aehplus_fev_mmse_results.dat;
  	
  OUTPUT: sampstat cinterval;
  PLOT: Type is Plot1 Plot2 Plot3;



*** WARNING
  Data set contains cases with missing on x-variables.
  These cases were not included in the analysis.
  Number of cases with missing on x-variables:  43
   1 WARNING(S) FOUND IN THE INPUT INSTRUCTIONS




Script produced from the prototype in ./sandbox/syntax-creator/

SUMMARY OF ANALYSIS

Number of groups                                                 1
Number of observations                                         399

Number of dependent variables                                   10
Number of independent variables                                  6
Number of continuous latent variables                            4

Observed dependent variables

  Continuous
   A_00        A_01        A_02        A_03        A_04        B_00
   B_01        B_02        B_03        B_04

Observed independent variables
   AGE_C70     EDU_C7      HTM_C       SMOKE       CARDIO      DIABETES

Continuous latent variables
   IA          SA          IB          SB

Variables with special functions

  Time scores
   TIME_00     TIME_01     TIME_02     TIME_03     TIME_04


Estimator                                                      MLR
Information matrix                                        OBSERVED
Maximum number of iterations                                   100
Convergence criterion                                    0.100D-05
Maximum number of EM iterations                                500
Convergence criteria for the EM algorithm
  Loglikelihood change                                   0.100D-02
  Relative loglikelihood change                          0.100D-05
  Derivative                                             0.100D-03
Minimum variance                                         0.100D-03
Maximum number of steepest descent iterations                   20
Maximum number of iterations for H1                           2000
Convergence criterion for H1                             0.100D-03
Optimization algorithm                                         EMA

Input data file(s)
  wide-dataset.dat
Input data format  FREE


SUMMARY OF DATA

     Number of missing data patterns            56


COVARIANCE COVERAGE OF DATA

Minimum covariance coverage value   0.000


     PROPORTION OF DATA PRESENT


           Covariance Coverage
              A_00          A_01          A_02          A_03          A_04
              ________      ________      ________      ________      ________
 A_00           0.840
 A_01           0.609         0.614
 A_02           0.506         0.469         0.516
 A_03           0.401         0.358         0.368         0.414
 A_04           0.266         0.226         0.238         0.243         0.353
 B_00           0.840         0.614         0.516         0.414         0.353
 B_01           0.739         0.612         0.514         0.404         0.346
 B_02           0.644         0.556         0.516         0.404         0.346
 B_03           0.571         0.489         0.476         0.411         0.348
 B_04           0.491         0.426         0.409         0.373         0.353
 AGE_C70        0.840         0.614         0.516         0.414         0.353
 EDU_C7         0.840         0.614         0.516         0.414         0.353
 HTM_C          0.840         0.614         0.516         0.414         0.353
 SMOKE          0.840         0.614         0.516         0.414         0.353
 CARDIO         0.840         0.614         0.516         0.414         0.353
 DIABETES       0.840         0.614         0.516         0.414         0.353


           Covariance Coverage
              B_00          B_01          B_02          B_03          B_04
              ________      ________      ________      ________      ________
 B_00           1.000
 B_01           0.877         0.877
 B_02           0.762         0.749         0.762
 B_03           0.674         0.662         0.649         0.674
 B_04           0.586         0.574         0.564         0.569         0.586
 AGE_C70        1.000         0.877         0.762         0.674         0.586
 EDU_C7         1.000         0.877         0.762         0.674         0.586
 HTM_C          1.000         0.877         0.762         0.674         0.586
 SMOKE          1.000         0.877         0.762         0.674         0.586
 CARDIO         1.000         0.877         0.762         0.674         0.586
 DIABETES       1.000         0.877         0.762         0.674         0.586


           Covariance Coverage
              AGE_C70       EDU_C7        HTM_C         SMOKE         CARDIO
              ________      ________      ________      ________      ________
 AGE_C70        1.000
 EDU_C7         1.000         1.000
 HTM_C          1.000         1.000         1.000
 SMOKE          1.000         1.000         1.000         1.000
 CARDIO         1.000         1.000         1.000         1.000         1.000
 DIABETES       1.000         1.000         1.000         1.000         1.000


           Covariance Coverage
              DIABETES
              ________
 DIABETES       1.000


SAMPLE STATISTICS


     ESTIMATED SAMPLE STATISTICS


           Means
              A_00          A_01          A_02          A_03          A_04
              ________      ________      ________      ________      ________
 1              2.158         2.118         2.006         1.986         1.969


           Means
              B_00          B_01          B_02          B_03          B_04
              ________      ________      ________      ________      ________
 1             27.485        27.407        26.921        26.502        26.106


           Means
              AGE_C70       EDU_C7        HTM_C         SMOKE         CARDIO
              ________      ________      ________      ________      ________
 1             10.079         8.554         0.017         0.511         0.236


           Means
              DIABETES
              ________
 1              0.261


           Covariances
              A_00          A_01          A_02          A_03          A_04
              ________      ________      ________      ________      ________
 A_00           0.387
 A_01           0.325         0.336
 A_02           0.339         0.323         0.406
 A_03           0.330         0.315         0.339         0.382
 A_04           0.318         0.309         0.322         0.335         0.351
 B_00           0.297         0.312         0.316         0.295         0.310
 B_01           0.255         0.253         0.303         0.325         0.383
 B_02           0.300         0.310         0.326         0.314         0.209
 B_03           0.355         0.351         0.364         0.455         0.522
 B_04           0.297         0.286         0.222         0.345         0.373
 AGE_C70       -1.368        -1.206        -1.332        -1.631        -1.596
 EDU_C7         0.441         0.481         0.554         0.306         0.364
 HTM_C          0.014         0.015         0.016         0.017         0.012
 SMOKE         -0.029        -0.014         0.013         0.009         0.014
 CARDIO        -0.021        -0.032        -0.024        -0.044        -0.034
 DIABETES      -0.026        -0.016        -0.024        -0.011        -0.024


           Covariances
              B_00          B_01          B_02          B_03          B_04
              ________      ________      ________      ________      ________
 B_00           6.593
 B_01           4.149         6.512
 B_02           4.136         5.245        10.562
 B_03           6.047         7.296         9.186        16.276
 B_04           6.589         8.025        11.111        15.427        19.878
 AGE_C70       -5.689        -6.011        -6.465        -9.747       -10.407
 EDU_C7         2.412         1.660         1.537         1.886         1.301
 HTM_C          0.032         0.016         0.031         0.024         0.020
 SMOKE         -0.028        -0.028        -0.032        -0.057        -0.110
 CARDIO         0.026         0.032        -0.063         0.019         0.002
 DIABETES       0.031         0.030         0.049         0.137         0.161


           Covariances
              AGE_C70       EDU_C7        HTM_C         SMOKE         CARDIO
              ________      ________      ________      ________      ________
 AGE_C70       49.994
 EDU_C7         0.067        12.548
 HTM_C         -0.063         0.067         0.006
 SMOKE         -0.327        -0.155         0.002         0.250
 CARDIO         0.136        -0.025        -0.001         0.022         0.180
 DIABETES      -0.315        -0.194         0.001         0.005         0.001


           Covariances
              DIABETES
              ________
 DIABETES       0.193


           Correlations
              A_00          A_01          A_02          A_03          A_04
              ________      ________      ________      ________      ________
 A_00           1.000
 A_01           0.902         1.000
 A_02           0.856         0.875         1.000
 A_03           0.859         0.880         0.861         1.000
 A_04           0.864         0.900         0.854         0.916         1.000
 B_00           0.186         0.210         0.193         0.186         0.204
 B_01           0.161         0.171         0.186         0.206         0.253
 B_02           0.148         0.165         0.157         0.156         0.108
 B_03           0.141         0.150         0.142         0.183         0.219
 B_04           0.107         0.111         0.078         0.125         0.141
 AGE_C70       -0.311        -0.294        -0.296        -0.373        -0.381
 EDU_C7         0.200         0.234         0.245         0.140         0.173
 HTM_C          0.298         0.348         0.340         0.357         0.277
 SMOKE         -0.093        -0.049         0.040         0.030         0.047
 CARDIO        -0.078        -0.130        -0.088        -0.169        -0.135
 DIABETES      -0.096        -0.064        -0.084        -0.040        -0.093


           Correlations
              B_00          B_01          B_02          B_03          B_04
              ________      ________      ________      ________      ________
 B_00           1.000
 B_01           0.633         1.000
 B_02           0.496         0.632         1.000
 B_03           0.584         0.709         0.701         1.000
 B_04           0.576         0.705         0.767         0.858         1.000
 AGE_C70       -0.313        -0.333        -0.281        -0.342        -0.330
 EDU_C7         0.265         0.184         0.134         0.132         0.082
 HTM_C          0.166         0.083         0.126         0.077         0.058
 SMOKE         -0.022        -0.022        -0.020        -0.028        -0.050
 CARDIO         0.024         0.029        -0.046         0.011         0.001
 DIABETES       0.027         0.027         0.034         0.077         0.082


           Correlations
              AGE_C70       EDU_C7        HTM_C         SMOKE         CARDIO
              ________      ________      ________      ________      ________
 AGE_C70        1.000
 EDU_C7         0.003         1.000
 HTM_C         -0.118         0.251         1.000
 SMOKE         -0.093        -0.088         0.047         1.000
 CARDIO         0.045        -0.017        -0.040         0.106         1.000
 DIABETES      -0.101        -0.125         0.044         0.021         0.007


           Correlations
              DIABETES
              ________
 DIABETES       1.000


     MAXIMUM LOG-LIKELIHOOD VALUE FOR THE UNRESTRICTED (H1) MODEL IS -6430.193


UNIVARIATE SAMPLE STATISTICS


     UNIVARIATE HIGHER-ORDER MOMENT DESCRIPTIVE STATISTICS

         Variable/         Mean/     Skewness/   Minimum/ % with                Percentiles
        Sample Size      Variance    Kurtosis    Maximum  Min/Max      20%/60%    40%/80%    Median

     A_00                  2.163      -0.160       0.420    0.30%       1.620      2.025      2.195
             335.000       0.399      -0.274       3.930    0.30%       2.340      2.705
     A_01                  2.161      -0.194       0.705    0.41%       1.635      2.040      2.180
             245.000       0.316      -0.456       3.605    0.41%       2.340      2.655
     A_02                  2.075      -0.096       0.585    0.49%       1.565      1.870      2.072
             206.000       0.378      -0.477       3.630    0.49%       2.275      2.625
     A_03                  2.036      -0.128       0.715    0.61%       1.555      1.940      2.055
             165.000       0.318      -0.250       3.490    0.61%       2.150      2.475
     A_04                  2.028      -0.101       0.670    0.71%       1.505      1.915      2.065
             141.000       0.282      -0.374       3.285    0.71%       2.175      2.500
     B_00                 27.485      -3.279       2.000    0.25%      26.000     28.000     28.000
             399.000       6.593      24.157      30.000   16.79%      29.000     29.000
     B_01                 27.481      -1.551      16.000    0.29%      26.000     27.000     28.000
             350.000       5.899       3.228      30.000   19.43%      29.000     29.000
     B_02                 27.181      -2.527       8.000    0.33%      26.000     28.000     28.000
             304.000       9.381       9.100      30.000   13.82%      29.000     29.000
     B_03                 26.997      -2.671       6.000    0.37%      26.000     27.000     28.000
             269.000      12.954       9.504      30.000   18.96%      28.000     29.000
     B_04                 26.729      -2.712       3.000    0.43%      25.000     28.000     28.000
             234.000      16.159       9.552      30.000   14.96%      28.000     29.000
     AGE_C70              10.079      -0.494     -12.094    0.25%       4.335      9.050     10.914
             399.000      49.994       0.134      28.508    0.25%      12.543     15.744
     EDU_C7                8.554      -0.285      -7.000    0.25%       5.000      8.000      9.000
             399.000      12.548       2.013      21.000    0.50%       9.000     11.000
     HTM_C                 0.017      -0.486      -0.298    0.25%      -0.044      0.007      0.033
             399.000       0.006       0.610       0.185    1.00%       0.033      0.083
     SMOKE                 0.511      -0.045       0.000   48.87%       0.000      0.000      1.000
             399.000       0.250      -1.998       1.000   51.13%       1.000      1.000
     CARDIO                0.236       1.246       0.000   76.44%       0.000      0.000      0.000
             399.000       0.180      -0.447       1.000   23.56%       0.000      1.000
     DIABETES              0.261       1.090       0.000   73.93%       0.000      0.000      0.000
             399.000       0.193      -0.811       1.000   26.07%       0.000      1.000


THE MODEL ESTIMATION TERMINATED NORMALLY



MODEL FIT INFORMATION

Number of Free Parameters                       41

Loglikelihood

          H0 Value                       -3838.273
          H0 Scaling Correction Factor      1.6111
            for MLR

Information Criteria

          Akaike (AIC)                    7758.545
          Bayesian (BIC)                  7922.093
          Sample-Size Adjusted BIC        7791.998
            (n* = (n + 2) / 24)



MODEL RESULTS

                                                    Two-Tailed
                    Estimate       S.E.  Est./S.E.    P-Value

 IA         ON
    AGE_C70           -0.025      0.004     -6.560      0.000
    EDU_C7             0.022      0.008      2.617      0.009
    HTM_C              2.070      0.373      5.549      0.000
    SMOKE             -0.133      0.057     -2.324      0.020
    CARDIO            -0.081      0.071     -1.148      0.251
    DIABETES          -0.160      0.070     -2.278      0.023

 SA         ON
    AGE_C70           -0.001      0.001     -1.304      0.192
    EDU_C7             0.000      0.002     -0.151      0.880
    HTM_C             -0.004      0.112     -0.033      0.973
    SMOKE              0.053      0.012      4.384      0.000
    CARDIO            -0.026      0.013     -1.972      0.049
    DIABETES           0.009      0.014      0.635      0.525

 IB         ON
    AGE_C70           -0.105      0.019     -5.472      0.000
    EDU_C7             0.170      0.032      5.271      0.000
    HTM_C              2.030      1.267      1.602      0.109
    SMOKE             -0.138      0.221     -0.624      0.533
    CARDIO             0.292      0.239      1.220      0.222
    DIABETES           0.078      0.224      0.347      0.728

 SB         ON
    AGE_C70           -0.024      0.008     -2.877      0.004
    EDU_C7            -0.018      0.017     -1.051      0.293
    HTM_C             -0.571      0.828     -0.690      0.490
    SMOKE             -0.099      0.108     -0.917      0.359
    CARDIO            -0.048      0.135     -0.358      0.721
    DIABETES           0.119      0.105      1.141      0.254

 IA       WITH
    SA                -0.004      0.003     -1.368      0.171
    IB                 0.040      0.056      0.704      0.482
    SB                -0.014      0.030     -0.486      0.627

 SA       WITH
    IB                 0.016      0.014      1.099      0.272
    SB                 0.003      0.007      0.448      0.654

 IB       WITH
    SB                 0.524      0.225      2.326      0.020

 A_00     WITH
    B_00               0.008      0.014      0.537      0.591

 A_01     WITH
    B_01               0.008      0.014      0.537      0.591

 A_02     WITH
    B_02               0.008      0.014      0.537      0.591

 A_03     WITH
    B_03               0.008      0.014      0.537      0.591

 A_04     WITH
    B_04               0.008      0.014      0.537      0.591

 Intercepts
    A_00               0.000      0.000    999.000    999.000
    A_01               0.000      0.000    999.000    999.000
    A_02               0.000      0.000    999.000    999.000
    A_03               0.000      0.000    999.000    999.000
    A_04               0.000      0.000    999.000    999.000
    B_00               0.000      0.000    999.000    999.000
    B_01               0.000      0.000    999.000    999.000
    B_02               0.000      0.000    999.000    999.000
    B_03               0.000      0.000    999.000    999.000
    B_04               0.000      0.000    999.000    999.000
    IA                 2.314      0.105     22.001      0.000
    SA                -0.064      0.021     -3.056      0.002
    IB                27.136      0.311     87.370      0.000
    SB                 0.096      0.194      0.496      0.620

 Residual Variances
    A_00               0.043      0.005      9.186      0.000
    A_01               0.043      0.005      9.186      0.000
    A_02               0.043      0.005      9.186      0.000
    A_03               0.043      0.005      9.186      0.000
    A_04               0.043      0.005      9.186      0.000
    B_00               2.805      0.310      9.040      0.000
    B_01               2.805      0.310      9.040      0.000
    B_02               2.805      0.310      9.040      0.000
    B_03               2.805      0.310      9.040      0.000
    B_04               2.805      0.310      9.040      0.000
    IA                 0.252      0.022     11.343      0.000
    SA                 0.001      0.001      1.288      0.198
    IB                 2.371      1.069      2.219      0.027
    SB                 0.513      0.173      2.959      0.003

New/Additional Parameters
    R_IAIB             0.051      0.078      0.656      0.512
    R_SASB             0.119      0.273      0.436      0.663
    R_RES_AB           0.022      0.041      0.536      0.592


QUALITY OF NUMERICAL RESULTS

     Condition Number for the Information Matrix              0.543E-06
       (ratio of smallest to largest eigenvalue)


CONFIDENCE INTERVALS OF MODEL RESULTS

                  Lower .5%  Lower 2.5%    Lower 5%    Estimate    Upper 5%  Upper 2.5%   Upper .5%

 IA       ON
    AGE_C70         -0.035      -0.032      -0.031      -0.025      -0.019      -0.017      -0.015
    EDU_C7           0.000       0.006       0.008       0.022       0.036       0.039       0.044
    HTM_C            1.109       1.339       1.456       2.070       2.684       2.801       3.031
    SMOKE           -0.281      -0.246      -0.228      -0.133      -0.039      -0.021       0.014
    CARDIO          -0.264      -0.220      -0.198      -0.081       0.035       0.058       0.101
    DIABETES        -0.342      -0.298      -0.276      -0.160      -0.045      -0.022       0.021

 SA       ON
    AGE_C70         -0.004      -0.003      -0.003      -0.001       0.000       0.001       0.001
    EDU_C7          -0.005      -0.004      -0.003       0.000       0.003       0.003       0.004
    HTM_C           -0.292      -0.223      -0.188      -0.004       0.181       0.216       0.285
    SMOKE            0.022       0.029       0.033       0.053       0.073       0.077       0.084
    CARDIO          -0.061      -0.053      -0.049      -0.026      -0.004       0.000       0.008
    DIABETES        -0.026      -0.018      -0.014       0.009       0.031       0.035       0.043

 IB       ON
    AGE_C70         -0.154      -0.142      -0.136      -0.105      -0.073      -0.067      -0.055
    EDU_C7           0.087       0.107       0.117       0.170       0.223       0.233       0.252
    HTM_C           -1.234      -0.453      -0.054       2.030       4.114       4.513       5.293
    SMOKE           -0.706      -0.570      -0.501      -0.138       0.225       0.295       0.431
    CARDIO          -0.324      -0.177      -0.102       0.292       0.685       0.760       0.908
    DIABETES        -0.499      -0.361      -0.291       0.078       0.446       0.517       0.655

 SB       ON
    AGE_C70         -0.046      -0.041      -0.038      -0.024      -0.010      -0.008      -0.003
    EDU_C7          -0.062      -0.052      -0.046      -0.018       0.010       0.016       0.026
    HTM_C           -2.703      -2.194      -1.933      -0.571       0.791       1.052       1.561
    SMOKE           -0.376      -0.310      -0.276      -0.099       0.078       0.112       0.179
    CARDIO          -0.396      -0.313      -0.271      -0.048       0.174       0.217       0.300
    DIABETES        -0.150      -0.086      -0.053       0.119       0.291       0.324       0.389

 IA       WITH
    SA              -0.013      -0.011      -0.010      -0.004       0.001       0.002       0.004
    IB              -0.105      -0.071      -0.053       0.040       0.132       0.150       0.185
    SB              -0.091      -0.072      -0.063      -0.014       0.034       0.044       0.062

 SA       WITH
    IB              -0.021      -0.012      -0.008       0.016       0.040       0.044       0.053
    SB              -0.014      -0.010      -0.008       0.003       0.014       0.016       0.021

 IB       WITH
    SB              -0.056       0.082       0.153       0.524       0.895       0.966       1.104

 A_00     WITH
    B_00            -0.029      -0.020      -0.016       0.008       0.031       0.035       0.044

 A_01     WITH
    B_01            -0.029      -0.020      -0.016       0.008       0.031       0.035       0.044

 A_02     WITH
    B_02            -0.029      -0.020      -0.016       0.008       0.031       0.035       0.044

 A_03     WITH
    B_03            -0.029      -0.020      -0.016       0.008       0.031       0.035       0.044

 A_04     WITH
    B_04            -0.029      -0.020      -0.016       0.008       0.031       0.035       0.044

 Intercepts
    A_00             0.000       0.000       0.000       0.000       0.000       0.000       0.000
    A_01             0.000       0.000       0.000       0.000       0.000       0.000       0.000
    A_02             0.000       0.000       0.000       0.000       0.000       0.000       0.000
    A_03             0.000       0.000       0.000       0.000       0.000       0.000       0.000
    A_04             0.000       0.000       0.000       0.000       0.000       0.000       0.000
    B_00             0.000       0.000       0.000       0.000       0.000       0.000       0.000
    B_01             0.000       0.000       0.000       0.000       0.000       0.000       0.000
    B_02             0.000       0.000       0.000       0.000       0.000       0.000       0.000
    B_03             0.000       0.000       0.000       0.000       0.000       0.000       0.000
    B_04             0.000       0.000       0.000       0.000       0.000       0.000       0.000
    IA               2.043       2.108       2.141       2.314       2.487       2.520       2.585
    SA              -0.117      -0.104      -0.098      -0.064      -0.029      -0.023      -0.010
    IB              26.336      26.528      26.626      27.136      27.647      27.745      27.936
    SB              -0.404      -0.284      -0.223       0.096       0.416       0.477       0.597

 Residual Variances
    A_00             0.031       0.033       0.035       0.043       0.050       0.052       0.055
    A_01             0.031       0.033       0.035       0.043       0.050       0.052       0.055
    A_02             0.031       0.033       0.035       0.043       0.050       0.052       0.055
    A_03             0.031       0.033       0.035       0.043       0.050       0.052       0.055
    A_04             0.031       0.033       0.035       0.043       0.050       0.052       0.055
    B_00             2.006       2.197       2.295       2.805       3.316       3.414       3.605
    B_01             2.006       2.197       2.295       2.805       3.316       3.414       3.605
    B_02             2.006       2.197       2.295       2.805       3.316       3.414       3.605
    B_03             2.006       2.197       2.295       2.805       3.316       3.414       3.605
    B_04             2.006       2.197       2.295       2.805       3.316       3.414       3.605
    IA               0.195       0.209       0.216       0.252       0.289       0.296       0.310
    SA              -0.001      -0.001       0.000       0.001       0.003       0.003       0.004
    IB              -0.382       0.277       0.613       2.371       4.130       4.466       5.124
    SB               0.067       0.173       0.228       0.513       0.799       0.853       0.960

New/Additional Parameters
    R_IAIB          -0.150      -0.102      -0.077       0.051       0.179       0.204       0.252
    R_SASB          -0.584      -0.416      -0.330       0.119       0.568       0.654       0.822
    R_RES_AB        -0.083      -0.058      -0.045       0.022       0.089       0.102       0.127


SAMPLE STATISTICS FOR ESTIMATED FACTOR SCORES


     SAMPLE STATISTICS


           Means
              IA            IA_SE         SA            SA_SE         IB
              ________      ________      ________      ________      ________
 1              2.157         0.168        -0.055         0.033        27.583


           Means
              IB_SE         SB            SB_SE
              ________      ________      ________
 1              0.830        -0.341         0.416


           Covariances
              IA            IA_SE         SA            SA_SE         IB
              ________      ________      ________      ________      ________
 IA             0.296
 IA_SE         -0.003         0.010
 SA            -0.002         0.000         0.001
 SA_SE          0.000         0.000         0.000         0.000
 IB             0.279        -0.012         0.015         0.000         2.680
 IB_SE         -0.009         0.004         0.000         0.000        -0.034
 SB             0.002         0.001         0.005         0.000         0.661
 SB_SE         -0.013         0.005         0.000         0.000        -0.049


           Covariances
              IB_SE         SB            SB_SE
              ________      ________      ________
 IB_SE          0.012
 SB            -0.005         0.366
 SB_SE          0.012        -0.008         0.015


           Correlations
              IA            IA_SE         SA            SA_SE         IB
              ________      ________      ________      ________      ________
 IA             1.000
 IA_SE         -0.053         1.000
 SA            -0.117        -0.005         1.000
 SA_SE         -0.103         0.621        -0.001         1.000
 IB             0.313        -0.076         0.279        -0.132         1.000
 IB_SE         -0.145         0.383         0.017         0.462        -0.185
 SB             0.005         0.010         0.249        -0.063         0.667
 SB_SE         -0.185         0.421        -0.002         0.567        -0.239


           Correlations
              IB_SE         SB            SB_SE
              ________      ________      ________
 IB_SE          1.000
 SB            -0.069         1.000
 SB_SE          0.873        -0.107         1.000


RESULTS SAVING INFORMATION

  Order of data

    Parameter estimates
     (saved in order shown in Technical 1 output)
    Standard errors
     (saved in order shown in Technical 1 output)
    H0 Loglikelihood
    H0 Scaling Correction Factor for MLR
    Number of Free Parameters
    Akaike (AIC)
    Bayesian (BIC)
    Sample-Size Adjusted BIC
    Condition Number

  Save file
    b1_male_aehplus_fev_mmse_results.dat

  Save file format           Free


PLOT INFORMATION

The following plots are available:

  Histograms (sample values, estimated factor scores)
  Scatterplots (sample values, estimated factor scores)
  Latent variable distribution plots

SAVEDATA INFORMATION


  Save file
    b1_male_aehplus_fev_mmse_fscores.dat

  Order and format of variables

    A_00           F10.3
    A_01           F10.3
    A_02           F10.3
    A_03           F10.3
    A_04           F10.3
    B_00           F10.3
    B_01           F10.3
    B_02           F10.3
    B_03           F10.3
    B_04           F10.3
    AGE_C70        F10.3
    EDU_C7         F10.3
    HTM_C          F10.3
    SMOKE          F10.3
    CARDIO         F10.3
    DIABETES       F10.3
    TIME_00        F10.3
    TIME_01        F10.3
    TIME_02        F10.3
    TIME_03        F10.3
    TIME_04        F10.3
    IA             F10.3
    IA_SE          F10.3
    SA             F10.3
    SA_SE          F10.3
    IB             F10.3
    IB_SE          F10.3
    SB             F10.3
    SB_SE          F10.3

  Save file format
    29F10.3

  Save file record length    10000


     Beginning Time:  22:21:38
        Ending Time:  22:21:42
       Elapsed Time:  00:00:04



MUTHEN & MUTHEN
3463 Stoner Ave.
Los Angeles, CA  90066

Tel: (310) 391-9971
Fax: (310) 391-8971
Web: www.StatModel.com
Support: Support@StatModel.com

Copyright (c) 1998-2015 Muthen & Muthen
