Mplus VERSION 7.11 (Mac)
MUTHEN & MUTHEN
11/11/2016   1:29 PM

INPUT INSTRUCTIONS

  TITLE:

   m3, b1, FAS, grip, LGM,aehplus Conditional, female

  DATA:
    File = /Users/andreazammit/Desktop/EASMaster.csv;
  VARIABLE:
   Names are
          SubjectID Sex Ethnic Caus DemEver Bagesq deathage DEMO23 Educyrs Status
          Wave_1 Wave_2 Wave_3 Wave_4 Wave_5 Wave_6 Wave_7 Wave_8 Wave_9 Wave_10
          AgeAtWaveOne AgeAtWave_2 AgeAtWave_3 AgeAtWave_4 AgeAtWave_5 AgeAtWave_6
          AgeAtWave_7
          AgeAtWave_8 AgeAtWave_9 AgeAtWave_10
          YrsSinceBaseline_1 YrsSinceBaseline_2 YrsSinceBaseline_3 YrsSinceBaseline_4
          YrsSinceBaseline_5 YrsSinceBaseline_6 YrsSinceBaseline_7 YrsSinceBaseline_8
          YrsSinceBaseline_9 YrsSinceBaseline_10
          Blessd_1 Blessd_2 Blessd_3 Blessd_4 Blessd_5 Blessd_6 Blessd_7
          Blessd_8 Blessd_9 Blessd_10
          MMS_1 MMS_2 MMS_3 MMS_4 MMS_5 MMS_6 MMS_7 MMS_8 MMS_9 MMS_10
          GDSScore_1 GDSScore_2 GDSScore_3 GDSScore_4 GDSScore_5 GDSScore_6 GDSScore_7
          GDSScore_8 GDSScore_9 GDSScore_10
          FreeRecall_1 FreeRecall_2 FreeRecall_3 FreeRecall_4 FreeRecall_5
          FreeRecall_6 FreeRecall_7 FreeRecall_8 FreeRecall_9 FreeRecall_10
          TotRecall_1 TotRecall_2 TotRecall_3 TotRecall_4 TotRecall_5 TotRecall_6
          TotRecall_7
          TotRecall_8 TotRecall_9 TotRecall_10
          DelFreeRecall_1 DelFreeRecall_2 DelFreeRecall_3 DelFreeRecall_4 DelFreeRecall_5
          DelFreeRecall_6 DelFreeRecall_7 DelFreeRecall_8 DelFreeRecall_9 DelFreeRecall_10
          DelTotRecall_1 DelTotRecall_2 DelTotRecall_3 DelTotRecall_4 DelTotRecall_5
          DelTotRecall_6 DelTotRecall_7 DelTotRecall_8 DelTotRecall_9 DelTotRecall_10
          BostonFree_1 BostonFree_2 BostonFree_3 BostonFree_4 BostonFree_5
          BostonFree_6 BostonFree_7 BostonFree_8 BostonFree_9 BostonFree_10
          Infraw_1 Infraw_2 Infraw_3 Infraw_4 Infraw_5 Infraw_6 Infraw_7
          Infraw_8 Infraw_9 Infraw_10
          Vocraw_1 Vocraw_2 Vocraw_3 Vocraw_4 Vocraw_5 Vocraw_6 Vocraw_7
          Vocraw_8 Vocraw_9 Vocraw_10
          Spnraw_1 Spnraw_2 Spnraw_3 Spnraw_4 Spnraw_5 Spnraw_6 Spnraw_7
          Spnraw_8 Spnraw_9 Spnraw_10
          DSpnAgeScaledScore_1 DSpnAgeScaledScore_2 DSpnAgeScaledScore_3
          DSpnAgeScaledScore_4 DSpnAgeScaledScore_5 DSpnAgeScaledScore_6
          DSpnAgeScaledScore_7 DSpnAgeScaledScore_8 DSpnAgeScaledScore_9
          DSpnAgeScaledScore_10
          Symraw_1 Symraw_2 Symraw_3 Symraw_4 Symraw_5 Symraw_6
          Symraw_7 Symraw_8 Symraw_9 Symraw_10
          Blockraw_1 Blockraw_2 Blockraw_3 Blockraw_4 Blockraw_5 Blockraw_6
          Blockraw_7 Blockraw_8 Blockraw_9 Blockraw_10
          FAS_1 FAS_2 FAS_3 FAS_4 FAS_5 FAS_6 FAS_7 FAS_8 FAS_9 FAS_10
          CAT_1 CAT_2 CAT_3 CAT_4
          CAT_5 CAT_6 CAT_7 CAT_8 CAT_9 CAT_10
          Grade_1 Grade_2 Grade_3 Grade_4 Grade_5 Grade_6 Grade_7 Grade_8 Grade_9 Grade_10
          LM_1 LM_2 LM_3 LM_4 LM_5 LM_6 LM_7 LM_8 LM_9 LM_10
          CFCopy_1 CFCopy_2 CFCopy_3 CFCopy_4 CFCopy_5 CFCopy_6 CFCopy_7
          CFCopy_8 CFCopy_9 CFCopy_10
          CFRecall_1 CFRecall_2 CFRecall_3 CFRecall_4 CFRecall_5 CFRecall_6 CFRecall_7
          CFRecall_8 CFRecall_9 CFRecall_10
          TrA1_1 TrA1_2 TrA1_3 TrA1_4 TrA1_5 TrA1_6 TrA1_7 TrA1_8 TrA1_9 TrA1_10
          TrlAZScore_1 TrlAZScore_2 TrlAZScore_3 TrlAZScore_4 TrlAZScore_5
          TrlAZScore_6 TrlAZScore_7 TrlAZScore_8 TrlAZScore_9 TrlAZScore_10
          TMTARate_1 TMTARate_2 TMTARate_3 TMTARate_4 TMTARate_5 TMTARate_6 TMTARate_7
          TMTARate_8 TMTARate_9 TMTARate_10
          TrA2_1 TrA2_2 TrA2_3 TrA2_4 TrA2_5 TrA2_6 TrA2_7 TrA2_8 TrA2_9 TrA2_10
          TrB1_1 TrB1_2 TrB1_3 TrB1_4 TrB1_5 TrB1_6 TrB1_7 TrB1_8 TrB1_9 TrB1_10
          TrlBZScore_1 TrlBZScore_2 TrlBZScore_3 TrlBZScore_4 TrlBZScore_5
          TrlBZScore_6 TrlBZScore_7 TrlBZScore_8 TrlBZScore_9 TrlBZScore_10
          TMTBRate_1 TMTBRate_2 TMTBRate_3 TMTBRate_4 TMTBRate_5 TMTBRate_6 TMTBRate_7
          TMTBRate_8 TMTBRate_9 TMTBRate_10
          TrB2_1 TrB2_2 TrB2_3 TrB2_4 TrB2_5 TrB2_6
          TrB2_7 TrB2_8 TrB2_9 TrB2_10
          EpisodicMemory2FreeCatLM_1 EpisodicMemory2FreeCatLM_2
          EpisodicMemory2FreeCatLM_3
          EpisodicMemory2FreeCatLM_4 EpisodicMemory2FreeCatLM_5
          EpisodicMemory2FreeCatLM_6 EpisodicMemory2FreeCatLM_7
          EpisodicMemory2FreeCatLM_8 EpisodicMemory2FreeCatLM_9
          EpisodicMemory2FreeCatLM_10
          FrontalExecFunc_1 FrontalExecFunc_2 FrontalExecFunc_3 FrontalExecFunc_4
          FrontalExecFunc_5 FrontalExecFunc_6 FrontalExecFunc_7 FrontalExecFunc_8
          FrontalExecFunc_9 FrontalExecFunc_10
          Language2BostVoc_1 Language2BostVoc_2
          Language2BostVoc_3 Language2BostVoc_4 Language2BostVoc_5
          Language2BostVoc_6 Language2BostVoc_7 Language2BostVoc_8
          Language2BostVoc_9 Language2BostVoc_10
          DysExec_1 DysExec_2 DysExec_3 DysExec_4 DysExec_5 DysExec_6 DysExec_7
          DysExec_8 DysExec_9 DysExec_10
          aMCI1_1 aMCI1_2 aMCI1_3 aMCI1_4 aMCI1_5 aMCI1_6 aMCI1_7 aMCI1_8 aMCI1_9 aMCI1_10
          naMCI1_1 naMCI1_2 naMCI1_3 naMCI1_4 naMCI1_5 naMCI1_6 naMCI1_7
          naMCI1_8 naMCI1_9 naMCI1_10
          CumulMI_1 CumulMI_2 CumulMI_3 CumulMI_4
          CumulMI_5 CumulMI_6 CumulMI_7 CumulMI_8 CumulMI_9 CumulMI_10
          CumulStroke_1 CumulStroke_2 CumulStroke_3 CumulStroke_4 CumulStroke_5
          CumulStroke_6 CumulStroke_7 CumulStroke_8 CumulStroke_9 CumulStroke_10
          CumulDiab_1 CumulDiab_2 CumulDiab_3 CumulDiab_4 CumulDiab_5 CumulDiab_6
          CumulDiab_7 CumulDiab_8 CumulDiab_9 CumulDiab_10
          DMever
          CumulHyper_1 CumulHyper_2 CumulHyper_3 CumulHyper_4 CumulHyper_5
          CumulHyper_6 CumulHyper_7 CumulHyper_8 CumulHyper_9 CumulHyper_10
          CumulAngina_1 CumulAngina_2 CumulAngina_3 CumulAngina_4 CumulAngina_5
          CumulAngina_6 CumulAngina_7 CumulAngina_8 CumulAngina_9 CumulAngina_10
          CumulHrtFail_1 CumulHrtFail_2 CumulHrtFail_3 CumulHrtFail_4 CumulHrtFail_5
          CumulHrtFail_6 CumulHrtFail_7 CumulHrtFail_8 CumulHrtFail_9 CumulHrtFail_10
          CumulPD_1 CumulPD_2 CumulPD_3 CumulPD_4 CumulPD_5 CumulPD_6 CumulPD_7
          CumulPD_8 CumulPD_9 CumulPD_10
          CumulDep_1 CumulDep_2 CumulDep_3 CumulDep_4
          CumulDep_5 CumulDep_6 CumulDep_7 CumulDep_8 CumulDep_9 CumulDep_10
          CumulAnemia_1 CumulAnemia_2 CumulAnemia_3 CumulAnemia_4 CumulAnemia_5
          CumulAnemia_6 CumulAnemia_7 CumulAnemia_8 CumulAnemia_9 CumulAnemia_10
          CVIndexArWave_1 CVIndexArWave_2 CVIndexArWave_3 CVIndexArWave_4 CVIndexArWave_5
          CVIndexArWave_6 CVIndexArWave_7 CVIndexArWave_8 CVIndexArWave_9 CVIndexArWave_10
          CVIndexCumul_1 CVIndexCumul_2 CVIndexCumul_3 CVIndexCumul_4 CVIndexCumul_5
          CVIndexCumul_6 CVIndexCumul_7 CVIndexCumul_8 CVIndexCumul_9 CVIndexCumul_10
          BloodPres1stSys_1 BloodPres1stSys_2 BloodPres1stSys_3 BloodPres1stSys_4
          BloodPres1stSys_5 BloodPres1stSys_6 BloodPres1stSys_7 BloodPres1stSys_8
          BloodPres1stSys_9 BloodPres1stSys_10
          BloodPres1stDia_1 BloodPres1stDia_2 BloodPres1stDia_3 BloodPres1stDia_4
          BloodPres1stDia_5 BloodPres1stDia_6 BloodPres1stDia_7 BloodPres1stDia_8
          BloodPres1stDia_9 BloodPres1stDia_10
          Ht_1 Ht_2 Ht_3 Ht_4 Ht_5 Ht_6 Ht_7 Ht_8 Ht_9 Ht_10
          Wt_1 Wt_2 Wt_3 Wt_4 Wt_5 Wt_6 Wt_7 Wt_8 Wt_9 Wt_10
          BMI_1 BMI_2 BMI_3 BMI_4 BMI_5 BMI_6 BMI_7 BMI_8 BMI_9 BMI_10
          Waist_1 Waist_2 Waist_3 Waist_4 Waist_5 Waist_6 Waist_7 Waist_8 Waist_9 Waist_10
          Hip_1 Hip_2 Hip_3 Hip_4 Hip_5 Hip_6 Hip_7 Hip_8 Hip_9 Hip_10
          Velocity_1 Velocity_2 Velocity_3 Velocity_4 Velocity_5 Velocity_6 Velocity_7
          Velocity_8 Velocity_9 Velocity_10
          ChairRaiseTime_1 ChairRaiseTime_2 ChairRaiseTime_3 ChairRaiseTime_4
          ChairRaiseTime_5 ChairRaiseTime_6 ChairRaiseTime_7 ChairRaiseTime_8
          ChairRaiseTime_9 ChairRaiseTime_10
          FlamingoStandTime_1 FlamingoStandTime_2 FlamingoStandTime_3 FlamingoStandTime_4
          FlamingoStandTime_5 FlamingoStandTime_6 FlamingoStandTime_7 FlamingoStandTime_8
          FlamingoStandTime_9 FlamingoStandTime_10
          MaxEff_1 MaxEff_2 MaxEff_3 MaxEff_4 MaxEff_5 MaxEff_6 MaxEff_7
          MaxEff_8 MaxEff_9 MaxEff_10
          PeakFlowBestOf3_1 PeakFlowBestOf3_2 PeakFlowBestOf3_3 PeakFlowBestOf3_4
          PeakFlowBestOf3_5 PeakFlowBestOf3_6 PeakFlowBestOf3_7 PeakFlowBestOf3_8
          PeakFlowBestOf3_9 PeakFlowBestOf3_10
          UPDRS15_1 UPDRS15_2 UPDRS15_3 UPDRS15_4 UPDRS15_5 UPDRS15_6 UPDRS15_7
          UPDRS15_8 UPDRS15_9 UPDRS15_10
          UPDRS27_1 UPDRS27_2 UPDRS27_3 UPDRS27_4 UPDRS27_5 UPDRS27_6 UPDRS27_7
          UPDRS27_8 UPDRS27_9 UPDRS27_10
          UPDRS28_1 UPDRS28_2 UPDRS28_3 UPDRS28_4
          UPDRS28_5 UPDRS28_6 UPDRS28_7 UPDRS28_8 UPDRS28_9 UPDRS28_10
          UPDRS29_1 UPDRS29_2 UPDRS29_3 UPDRS29_4 UPDRS29_5 UPDRS29_6 UPDRS29_7
          UPDRS29_8 UPDRS29_9 UPDRS29_10
          EMail_1 EMail_2 EMail_3 EMail_4 EMail_5 EMail_6 EMail_7 EMail_8 EMail_9 EMail_10
          Aerobic_1 Aerobic_2 Aerobic_3 Aerobic_4 Aerobic_5 Aerobic_6 Aerobic_7
          Aerobic_8 Aerobic_9 Aerobic_10
          HrsFor2WeekLight_1 HrsFor2WeekLight_2 HrsFor2WeekLight_3 HrsFor2WeekLight_4
          HrsFor2WeekLight_5 HrsFor2WeekLight_6 HrsFor2WeekLight_7 HrsFor2WeekLight_8
          HrsFor2WeekLight_9 HrsFor2WeekLight_10
          HrsFor2WeekMedium_1 HrsFor2WeekMedium_2 HrsFor2WeekMedium_3 HrsFor2WeekMedium_4
          HrsFor2WeekMedium_5 HrsFor2WeekMedium_6 HrsFor2WeekMedium_7 HrsFor2WeekMedium_8
          HrsFor2WeekMedium_9 HrsFor2WeekMedium_10
          HrsFor2WeekHeavy_1 HrsFor2WeekHeavy_2 HrsFor2WeekHeavy_3 HrsFor2WeekHeavy_4
          HrsFor2WeekHeavy_5 HrsFor2WeekHeavy_6 HrsFor2WeekHeavy_7 HrsFor2WeekHeavy_8
          HrsFor2WeekHeavy_9 HrsFor2WeekHeavy_10
          DaysPerWeekLight_1 DaysPerWeekLight_2 DaysPerWeekLight_3 DaysPerWeekLight_4
          DaysPerWeekLight_5 DaysPerWeekLight_6 DaysPerWeekLight_7 DaysPerWeekLight_8
          DaysPerWeekLight_9 DaysPerWeekLight_10
          DaysPerWeekMedium_1 DaysPerWeekMedium_2 DaysPerWeekMedium_3 DaysPerWeekMedium_4
          DaysPerWeekMedium_5
          DaysPerWeekMedium_6 DaysPerWeekMedium_7 DaysPerWeekMedium_8 DaysPerWeekMedium_9
          DaysPerWeekMedium_10
          DaysPerWeekHeavy_1 DaysPerWeekHeavy_2 DaysPerWeekHeavy_3 DaysPerWeekHeavy_4
          DaysPerWeekHeavy_5 DaysPerWeekHeavy_6 DaysPerWeekHeavy_7 DaysPerWeekHeavy_8
          DaysPerWeekHeavy_9 DaysPerWeekHeavy_10
          CigsPerDay_1 CigsPerDay_2 CigsPerDay_3
          CigsPerDay_4 CigsPerDay_5 CigsPerDay_6 CigsPerDay_7 CigsPerDay_8
          CigsPerDay_9 CigsPerDay_10
          SmokNow_1 SmokNow_2 SmokNow_3 SmokNow_4
          SmokNow_5 SmokNow_6 SmokNow_7 SmokNow_8 SmokNow_9 SmokNow_10
          SmokEver_1 SmokEver_2 SmokEver_3 SmokEver_4 SmokEver_5 SmokEver_6 SmokEver_7
          SmokEver_8 SmokEver_9 SmokEver_10
          SmokNumYrs_1 SmokNumYrs_2 SmokNumYrs_3 SmokNumYrs_4 SmokNumYrs_5
          SmokNumYrs_6 SmokNumYrs_7 SmokNumYrs_8 SmokNumYrs_9 SmokNumYrs_10
          DrinksPerMonth_1 DrinksPerMonth_2 DrinksPerMonth_3 DrinksPerMonth_4
          DrinksPerMonth_5 DrinksPerMonth_6 DrinksPerMonth_7 DrinksPerMonth_8
          DrinksPerMonth_9 DrinksPerMonth_10
          Glucose_1 Glucose_2 Glucose_3 Glucose_4 Glucose_5 Glucose_6 Glucose_7
          Glucose_8 Glucose_9 Glucose_10
          chronicpi1 chronicpi2 chronicpi3 chronicpi4 chronicpi5 chronicpi6 chronicpi7
          chronicpi8 chronicpi9 chronicpi10
          Pdever
          Cvd cisum;
        MISSING = ALL(-9999);
               USEVAR are time1 time2 time3 time4 time5 time6 time7
                          p1 p2 p3 p4 p5 p6 p7
                         c1 c2 c3 c4 c5 c6 c7
                         Bage educ height Diab SmokHist Cardio;
               TSCORES =   time1 time2 time3 time4 time5 time6 time7;
              USEOBSERVATIONS are DemEver EQ 0 and sex EQ 1;
  DEFINE:
    p1=MaxEff_1; p2=MaxEff_2; p3=MaxEff_3; p4=MaxEff_4; p5=MaxEff_5;
    p6=MaxEff_6; p7=MaxEff_7;
  c1= FAS_1; c2=  FAS_2; c3= FAS_3; c4= FAS_4; c5= FAS_5;
  c6= FAS_6; c7= FAS_7;
                Bage=AgeAtWaveOne-70;
                Bagesq=(AgeatWaveOne-70)**2;
                Dage=deathage;
                Educ=Educyrs-7;
                SEP=DEMO23;
                time1=wave_1;
                time2=wave_2;
                time3=wave_3;
                time4=wave_4;
                time5=wave_5;
                time6=wave_6;
                time7=wave_7;
                time8=wave_8;
                time9=wave_9;
                time10=wave_10;
               Height=Ht_1-172;
                SmokHist=SmokEver_1;
                DepSymp = GDSScore_1;
                Cardio = cvd;
                Diab=DMever;
                AgeAtWave_1Educyrs=Bage*Educ;
  ANALYSIS:
   TYPE = RANDOM;
         ESTIMATOR=MLF;
         miterations=10000;
     h1convergence = 0.00001;
         COVERAGE = .001;
  OUTPUT:
   sampstat
   sampstat Cinterval;
  SAVEDATA:
    FILE IS EAS_P_FAS_Slopes_f;
    SAVE = FSCORES;
  PLOT:
     TYPE IS PLOT3;
  MODEL:
       ip sp | p1-p7 AT time1-time7;
       ic sc  | c1 - c7 AT time1-time7;
       ip(v_ip);
       sp(v_sp);
       ic(v_ic);
       sc(v_sc);
       ip WITH sp(c_ipsp);
       ip WITH ic(c_ipic);
       ip WITH sc (c_ipsc);
       sp WITH ic (c_spic);
       sp WITH sc (c_spsc);
       ic WITH SC (C_ICSC);
       ip sp  ic sc WITH ip sp ic sc;
       ip sp  ic sc  ON Bage educ height smokhist cardio diab;
       c1-c7 (res_c);
       p1-p7 (res_p);
       p1-p7 pwith c1-c7(res_cov);
  MODEL CONSTRAINT:
                NEW r_ipic; !assigns labels to new parameters;
                NEW r_spsc;
                NEW r_res_pc;
                r_ipic = c_ipic/((v_ip**0.5)*(v_ic**0.5));
                r_spsc = c_spsc/((v_sp**0.5)*(v_sc**0.5));
                r_res_pc = res_cov/((res_p**0.5)*(res_c**0.5));
  SAVEDATA:
      FILE IS EAS_P__FAS_Slopes_F_grip; ! *rename for each specific variable combination*;
      SAVE = FSCORES;

  PLOT:   TYPE IS PLOT3;
  OUTPUT: sampstat Cinterval;




*** WARNING
  Data set contains cases with missing on x-variables.
  These cases were not included in the analysis.
  Number of cases with missing on x-variables:  450
   1 WARNING(S) FOUND IN THE INPUT INSTRUCTIONS





m3, b1, FAS, grip, LGM,aehplus Conditional, female

SUMMARY OF ANALYSIS

Number of groups                                                 1
Number of observations                                         150

Number of dependent variables                                   14
Number of independent variables                                  6
Number of continuous latent variables                            4

Observed dependent variables

  Continuous
   P1          P2          P3          P4          P5          P6
   P7          C1          C2          C3          C4          C5
   C6          C7

Observed independent variables
   BAGE        EDUC        HEIGHT      DIAB        SMOKHIST    CARDIO

Continuous latent variables
   IP          SP          IC          SC

Variables with special functions

  Time scores
   TIME1       TIME2       TIME3       TIME4       TIME5       TIME6
   TIME7


Estimator                                                      MLF
Information matrix                                        OBSERVED
Maximum number of iterations                                   100
Convergence criterion                                    0.100D-05
Maximum number of EM iterations                              10000
Convergence criteria for the EM algorithm
  Loglikelihood change                                   0.100D-02
  Relative loglikelihood change                          0.100D-05
  Derivative                                             0.100D-03
Minimum variance                                         0.100D-03
Maximum number of steepest descent iterations                   20
Maximum number of iterations for H1                           2000
Convergence criterion for H1                             0.100D-04
Optimization algorithm                                         EMA

Input data file(s)
  /Users/andreazammit/Desktop/EASMaster.csv
Input data format  FREE


SUMMARY OF DATA

     Number of missing data patterns            42


COVARIANCE COVERAGE OF DATA

Minimum covariance coverage value   0.001


     PROPORTION OF DATA PRESENT


           Covariance Coverage
              P1            P2            P3            P4            P5
              ________      ________      ________      ________      ________
 P1             0.953
 P2             0.553         0.560
 P3             0.413         0.340         0.413
 P4             0.320         0.280         0.287         0.327
 P5             0.260         0.213         0.233         0.240         0.260
 P6             0.213         0.160         0.193         0.193         0.180
 P7             0.153         0.113         0.133         0.133         0.140
 C1             0.953         0.560         0.413         0.327         0.260
 C2             0.940         0.553         0.413         0.327         0.260
 C3             0.707         0.540         0.393         0.327         0.253
 C4             0.493         0.413         0.400         0.320         0.260
 C5             0.380         0.313         0.327         0.313         0.253
 C6             0.313         0.247         0.267         0.267         0.253
 C7             0.233         0.173         0.200         0.207         0.193
 BAGE           0.953         0.560         0.413         0.327         0.260
 EDUC           0.953         0.560         0.413         0.327         0.260
 HEIGHT         0.953         0.560         0.413         0.327         0.260
 DIAB           0.953         0.560         0.413         0.327         0.260
 SMOKHIST       0.953         0.560         0.413         0.327         0.260
 CARDIO         0.953         0.560         0.413         0.327         0.260


           Covariance Coverage
              P6            P7            C1            C2            C3
              ________      ________      ________      ________      ________
 P6             0.213
 P7             0.140         0.153
 C1             0.213         0.153         1.000
 C2             0.213         0.153         0.987         0.987
 C3             0.213         0.153         0.727         0.727         0.727
 C4             0.213         0.153         0.500         0.500         0.487
 C5             0.207         0.153         0.387         0.387         0.380
 C6             0.213         0.153         0.313         0.313         0.307
 C7             0.207         0.147         0.233         0.233         0.233
 BAGE           0.213         0.153         1.000         0.987         0.727
 EDUC           0.213         0.153         1.000         0.987         0.727
 HEIGHT         0.213         0.153         1.000         0.987         0.727
 DIAB           0.213         0.153         1.000         0.987         0.727
 SMOKHIST       0.213         0.153         1.000         0.987         0.727
 CARDIO         0.213         0.153         1.000         0.987         0.727


           Covariance Coverage
              C4            C5            C6            C7            BAGE
              ________      ________      ________      ________      ________
 C4             0.500
 C5             0.380         0.387
 C6             0.307         0.307         0.313
 C7             0.233         0.227         0.233         0.233
 BAGE           0.500         0.387         0.313         0.233         1.000
 EDUC           0.500         0.387         0.313         0.233         1.000
 HEIGHT         0.500         0.387         0.313         0.233         1.000
 DIAB           0.500         0.387         0.313         0.233         1.000
 SMOKHIST       0.500         0.387         0.313         0.233         1.000
 CARDIO         0.500         0.387         0.313         0.233         1.000


           Covariance Coverage
              EDUC          HEIGHT        DIAB          SMOKHIST      CARDIO
              ________      ________      ________      ________      ________
 EDUC           1.000
 HEIGHT         1.000         1.000
 DIAB           1.000         1.000         1.000
 SMOKHIST       1.000         1.000         1.000         1.000
 CARDIO         1.000         1.000         1.000         1.000         1.000


SAMPLE STATISTICS


     ESTIMATED SAMPLE STATISTICS


           Means
              P1            P2            P3            P4            P5
              ________      ________      ________      ________      ________
 1             15.595        13.847        11.743         8.943         6.604


           Means
              P6            P7            C1            C2            C3
              ________      ________      ________      ________      ________
 1              5.739         6.086        36.147        37.350        37.922


           Means
              C4            C5            C6            C7            BAGE
              ________      ________      ________      ________      ________
 1             36.762        38.350        38.675        35.206         8.315


           Means
              EDUC          HEIGHT        DIAB          SMOKHIST      CARDIO
              ________      ________      ________      ________      ________
 1              7.033       -14.673         0.200         0.553         0.107


           Covariances
              P1            P2            P3            P4            P5
              ________      ________      ________      ________      ________
 P1            31.279
 P2            25.570        34.945
 P3            23.514        28.433        32.951
 P4            18.440        24.811        25.313        25.021
 P5            19.247        23.826        26.290        21.294        29.885
 P6            17.747        22.695        24.245        23.135        23.292
 P7            12.143        17.633        15.385        16.380        19.707
 C1            10.955        17.259        18.420        13.745        22.754
 C2            13.079        17.703        21.987         9.286        29.462
 C3            14.625        16.602        22.536        12.645        28.503
 C4            18.427        24.550        29.585        20.551        31.356
 C5             8.974        19.101        23.692        12.619        33.977
 C6             4.322         7.642        17.221         6.430        17.796
 C7            26.779        34.776        32.989        19.215        33.005
 BAGE          -1.581        -4.888        -9.461        -6.412        -9.536
 EDUC          -0.118         1.558         2.397         3.223         4.364
 HEIGHT        11.517        13.077        16.367        11.679        11.256
 DIAB          -0.269        -0.294        -0.279        -0.252         0.192
 SMOKHIST       0.873         0.572         0.715         0.709         0.658
 CARDIO         0.006         0.102        -0.044         0.263        -0.112


           Covariances
              P6            P7            C1            C2            C3
              ________      ________      ________      ________      ________
 P6            32.374
 P7            22.100        27.086
 C1            30.706        15.069       162.378
 C2            23.419        10.460       140.607       171.141
 C3            30.256        13.835       146.196       154.807       185.393
 C4            37.402        16.730       164.212       163.944       173.614
 C5            30.093        14.130       160.054       169.855       177.340
 C6            19.484        -2.173       145.650       151.058       157.581
 C7            35.335        18.993       144.172       149.921       157.109
 BAGE          -8.112        -9.599        -7.038        -7.733       -15.409
 EDUC           5.766         1.588        14.395        13.130        16.210
 HEIGHT         9.996        15.788        -0.201         2.315        12.017
 DIAB          -0.702        -0.181        -1.143        -1.123        -0.862
 SMOKHIST       0.762         0.990         2.159         2.218         1.692
 CARDIO         0.554         0.487        -0.322        -0.437        -0.570


           Covariances
              C4            C5            C6            C7            BAGE
              ________      ________      ________      ________      ________
 C4           208.837
 C5           190.074       214.332
 C6           176.125       175.430       194.013
 C7           174.922       174.133       158.946       195.305
 BAGE         -14.160       -18.761       -14.646       -17.426        26.616
 EDUC          19.586        17.878         9.301        15.543         0.173
 HEIGHT         9.197         7.840        -4.103        19.169       -15.499
 DIAB          -1.154        -0.769        -1.078        -0.854        -0.111
 SMOKHIST       2.474         2.110         2.125         1.386         0.168
 CARDIO        -0.331        -0.614        -0.516         0.007         0.138


           Covariances
              EDUC          HEIGHT        DIAB          SMOKHIST      CARDIO
              ________      ________      ________      ________      ________
 EDUC          10.686
 HEIGHT         2.049        60.793
 DIAB          -0.080         0.135         0.160
 SMOKHIST       0.082         0.193        -0.017         0.727
 CARDIO        -0.077        -0.315        -0.001        -0.006         0.149


           Correlations
              P1            P2            P3            P4            P5
              ________      ________      ________      ________      ________
 P1             1.000
 P2             0.773         1.000
 P3             0.732         0.838         1.000
 P4             0.659         0.839         0.882         1.000
 P5             0.630         0.737         0.838         0.779         1.000
 P6             0.558         0.675         0.742         0.813         0.749
 P7             0.417         0.573         0.515         0.629         0.693
 C1             0.154         0.229         0.252         0.216         0.327
 C2             0.179         0.229         0.293         0.142         0.412
 C3             0.192         0.206         0.288         0.186         0.383
 C4             0.228         0.287         0.357         0.284         0.397
 C5             0.110         0.221         0.282         0.172         0.425
 C6             0.055         0.093         0.215         0.092         0.234
 C7             0.343         0.421         0.411         0.275         0.432
 BAGE          -0.055        -0.160        -0.319        -0.248        -0.338
 EDUC          -0.006         0.081         0.128         0.197         0.244
 HEIGHT         0.264         0.284         0.366         0.299         0.264
 DIAB          -0.120        -0.124        -0.122        -0.126         0.088
 SMOKHIST       0.183         0.113         0.146         0.166         0.141
 CARDIO         0.003         0.045        -0.020         0.136        -0.053


           Correlations
              P6            P7            C1            C2            C3
              ________      ________      ________      ________      ________
 P6             1.000
 P7             0.746         1.000
 C1             0.424         0.227         1.000
 C2             0.315         0.154         0.843         1.000
 C3             0.391         0.195         0.843         0.869         1.000
 C4             0.455         0.222         0.892         0.867         0.882
 C5             0.361         0.185         0.858         0.887         0.890
 C6             0.246        -0.030         0.821         0.829         0.831
 C7             0.444         0.261         0.810         0.820         0.826
 BAGE          -0.276        -0.358        -0.107        -0.115        -0.219
 EDUC           0.310         0.093         0.346         0.307         0.364
 HEIGHT         0.225         0.389        -0.002         0.023         0.113
 DIAB          -0.308        -0.087        -0.224        -0.215        -0.158
 SMOKHIST       0.157         0.223         0.199         0.199         0.146
 CARDIO         0.252         0.243        -0.066        -0.087        -0.109


           Correlations
              C4            C5            C6            C7            BAGE
              ________      ________      ________      ________      ________
 C4             1.000
 C5             0.898         1.000
 C6             0.875         0.860         1.000
 C7             0.866         0.851         0.817         1.000
 BAGE          -0.190        -0.248        -0.204        -0.242         1.000
 EDUC           0.415         0.374         0.204         0.340         0.010
 HEIGHT         0.082         0.069        -0.038         0.176        -0.385
 DIAB          -0.200        -0.131        -0.193        -0.153        -0.054
 SMOKHIST       0.201         0.169         0.179         0.116         0.038
 CARDIO        -0.059        -0.109        -0.096         0.001         0.069


           Correlations
              EDUC          HEIGHT        DIAB          SMOKHIST      CARDIO
              ________      ________      ________      ________      ________
 EDUC           1.000
 HEIGHT         0.080         1.000
 DIAB          -0.061         0.043         1.000
 SMOKHIST       0.029         0.029        -0.051         1.000
 CARDIO        -0.061        -0.105        -0.009        -0.017         1.000


     MAXIMUM LOG-LIKELIHOOD VALUE FOR THE UNRESTRICTED (H1) MODEL IS -4756.121


THE MODEL ESTIMATION TERMINATED NORMALLY



MODEL FIT INFORMATION

Number of Free Parameters                       41

Loglikelihood

          H0 Value                       -3271.961

Information Criteria

          Akaike (AIC)                    6625.922
          Bayesian (BIC)                  6749.358
          Sample-Size Adjusted BIC        6619.601
            (n* = (n + 2) / 24)



MODEL RESULTS

                                                    Two-Tailed
                    Estimate       S.E.  Est./S.E.    P-Value

 IP         ON
    BAGE               0.066      0.123      0.535      0.592
    EDUC              -0.141      0.161     -0.877      0.380
    HEIGHT             0.216      0.078      2.792      0.005
    SMOKHIST           0.964      0.985      0.978      0.328
    CARDIO             0.262      2.245      0.117      0.907
    DIAB              -2.176      1.620     -1.343      0.179

 SP         ON
    BAGE              -0.063      0.032     -1.998      0.046
    EDUC               0.097      0.047      2.045      0.041
    HEIGHT            -0.010      0.017     -0.612      0.541
    SMOKHIST          -0.004      0.306     -0.013      0.990
    CARDIO             0.281      0.579      0.485      0.627
    DIAB               0.262      0.334      0.784      0.433

 IC         ON
    BAGE              -0.310      0.301     -1.030      0.303
    EDUC               1.256      0.370      3.397      0.001
    HEIGHT            -0.123      0.195     -0.629      0.529
    SMOKHIST           2.991      1.636      1.828      0.068
    CARDIO            -1.906      3.549     -0.537      0.591
    DIAB              -6.836      2.884     -2.371      0.018

 SC         ON
    BAGE              -0.080      0.039     -2.054      0.040
    EDUC               0.029      0.075      0.381      0.703
    HEIGHT             0.003      0.025      0.118      0.906
    SMOKHIST          -0.110      0.414     -0.265      0.791
    CARDIO             0.018      0.695      0.026      0.979
    DIAB               0.364      0.557      0.653      0.514

 IP       WITH
    SP                -1.181      0.964     -1.226      0.220
    IC                 8.626      9.228      0.935      0.350
    SC                -0.215      1.397     -0.154      0.878

 SP       WITH
    IC                 1.042      2.128      0.490      0.624
    SC                -0.082      0.193     -0.426      0.670

 IC       WITH
    SC                 1.304      2.620      0.498      0.619

 P1       WITH
    C1                 0.934      1.070      0.873      0.382

 P2       WITH
    C2                 0.934      1.070      0.873      0.382

 P3       WITH
    C3                 0.934      1.070      0.873      0.382

 P4       WITH
    C4                 0.934      1.070      0.873      0.382

 P5       WITH
    C5                 0.934      1.070      0.873      0.382

 P6       WITH
    C6                 0.934      1.070      0.873      0.382

 P7       WITH
    C7                 0.934      1.070      0.873      0.382

 Intercepts
    P1                 0.000      0.000    999.000    999.000
    P2                 0.000      0.000    999.000    999.000
    P3                 0.000      0.000    999.000    999.000
    P4                 0.000      0.000    999.000    999.000
    P5                 0.000      0.000    999.000    999.000
    P6                 0.000      0.000    999.000    999.000
    P7                 0.000      0.000    999.000    999.000
    C1                 0.000      0.000    999.000    999.000
    C2                 0.000      0.000    999.000    999.000
    C3                 0.000      0.000    999.000    999.000
    C4                 0.000      0.000    999.000    999.000
    C5                 0.000      0.000    999.000    999.000
    C6                 0.000      0.000    999.000    999.000
    C7                 0.000      0.000    999.000    999.000
    IP                21.226      2.012     10.550      0.000
    SP                -2.492      0.499     -4.989      0.000
    IC                28.386      4.083      6.953      0.000
    SC                 0.749      0.805      0.930      0.352

 Residual Variances
    P1                 5.753      0.532     10.825      0.000
    P2                 5.753      0.532     10.825      0.000
    P3                 5.753      0.532     10.825      0.000
    P4                 5.753      0.532     10.825      0.000
    P5                 5.753      0.532     10.825      0.000
    P6                 5.753      0.532     10.825      0.000
    P7                 5.753      0.532     10.825      0.000
    C1                25.220      2.023     12.466      0.000
    C2                25.220      2.023     12.466      0.000
    C3                25.220      2.023     12.466      0.000
    C4                25.220      2.023     12.466      0.000
    C5                25.220      2.023     12.466      0.000
    C6                25.220      2.023     12.466      0.000
    C7                25.220      2.023     12.466      0.000
    IP                24.739      5.182      4.774      0.000
    SP                 0.213      0.181      1.172      0.241
    IC               105.397     22.009      4.789      0.000
    SC                 0.289      0.486      0.595      0.552

 New/Additional Parameters
    R_IPIC             0.169      0.174      0.971      0.332
    R_SPSC            -0.332      0.837     -0.396      0.692
    R_RES_PC           0.078      0.089      0.876      0.381


QUALITY OF NUMERICAL RESULTS

     Condition Number for the Information Matrix              0.584E-06
       (ratio of smallest to largest eigenvalue)


CONFIDENCE INTERVALS OF MODEL RESULTS

                  Lower .5%  Lower 2.5%    Lower 5%    Estimate    Upper 5%  Upper 2.5%   Upper .5%

 IP       ON
    BAGE            -0.252      -0.176      -0.137       0.066       0.269       0.308       0.384
    EDUC            -0.556      -0.457      -0.406      -0.141       0.123       0.174       0.273
    HEIGHT           0.017       0.064       0.089       0.216       0.344       0.368       0.416
    SMOKHIST        -1.574      -0.967      -0.657       0.964       2.584       2.895       3.501
    CARDIO          -5.521      -4.139      -3.431       0.262       3.956       4.663       6.046
    DIAB            -6.349      -5.351      -4.841      -2.176       0.489       0.999       1.997

 SP       ON
    BAGE            -0.145      -0.126      -0.116      -0.063      -0.011      -0.001       0.018
    EDUC            -0.025       0.004       0.019       0.097       0.175       0.190       0.219
    HEIGHT          -0.054      -0.043      -0.038      -0.010       0.017       0.023       0.033
    SMOKHIST        -0.792      -0.604      -0.507      -0.004       0.499       0.596       0.784
    CARDIO          -1.210      -0.854      -0.671       0.281       1.234       1.416       1.772
    DIAB            -0.599      -0.393      -0.288       0.262       0.812       0.918       1.124

 IC       ON
    BAGE            -1.085      -0.900      -0.805      -0.310       0.185       0.280       0.465
    EDUC             0.304       0.531       0.648       1.256       1.864       1.981       2.208
    HEIGHT          -0.625      -0.505      -0.443      -0.123       0.198       0.259       0.379
    SMOKHIST        -1.224      -0.216       0.299       2.991       5.683       6.198       7.206
    CARDIO         -11.048      -8.863      -7.745      -1.906       3.933       5.051       7.236
    DIAB           -14.264     -12.489     -11.580      -6.836      -2.092      -1.184       0.592

 SC       ON
    BAGE            -0.181      -0.157      -0.145      -0.080      -0.016      -0.004       0.020
    EDUC            -0.165      -0.119      -0.095       0.029       0.153       0.176       0.223
    HEIGHT          -0.060      -0.045      -0.037       0.003       0.043       0.051       0.066
    SMOKHIST        -1.177      -0.922      -0.791      -0.110       0.572       0.702       0.957
    CARDIO          -1.773      -1.345      -1.126       0.018       1.162       1.381       1.809
    DIAB            -1.072      -0.728      -0.553       0.364       1.280       1.456       1.799

 IP       WITH
    SP              -3.664      -3.070      -2.767      -1.181       0.404       0.707       1.301
    IC             -15.145      -9.462      -6.555       8.626      23.806      26.713      32.396
    SC              -3.812      -2.952      -2.512      -0.215       2.083       2.523       3.383

 SP       WITH
    IC              -4.439      -3.128      -2.458       1.042       4.542       5.213       6.523
    SC              -0.580      -0.461      -0.400      -0.082       0.236       0.296       0.415

 IC       WITH
    SC              -5.446      -3.832      -3.007       1.304       5.614       6.440       8.053

 P1       WITH
    C1              -1.821      -1.162      -0.825       0.934       2.694       3.031       3.690

 P2       WITH
    C2              -1.821      -1.162      -0.825       0.934       2.694       3.031       3.690

 P3       WITH
    C3              -1.821      -1.162      -0.825       0.934       2.694       3.031       3.690

 P4       WITH
    C4              -1.821      -1.162      -0.825       0.934       2.694       3.031       3.690

 P5       WITH
    C5              -1.821      -1.162      -0.825       0.934       2.694       3.031       3.690

 P6       WITH
    C6              -1.821      -1.162      -0.825       0.934       2.694       3.031       3.690

 P7       WITH
    C7              -1.821      -1.162      -0.825       0.934       2.694       3.031       3.690

 Intercepts
    P1               0.000       0.000       0.000       0.000       0.000       0.000       0.000
    P2               0.000       0.000       0.000       0.000       0.000       0.000       0.000
    P3               0.000       0.000       0.000       0.000       0.000       0.000       0.000
    P4               0.000       0.000       0.000       0.000       0.000       0.000       0.000
    P5               0.000       0.000       0.000       0.000       0.000       0.000       0.000
    P6               0.000       0.000       0.000       0.000       0.000       0.000       0.000
    P7               0.000       0.000       0.000       0.000       0.000       0.000       0.000
    C1               0.000       0.000       0.000       0.000       0.000       0.000       0.000
    C2               0.000       0.000       0.000       0.000       0.000       0.000       0.000
    C3               0.000       0.000       0.000       0.000       0.000       0.000       0.000
    C4               0.000       0.000       0.000       0.000       0.000       0.000       0.000
    C5               0.000       0.000       0.000       0.000       0.000       0.000       0.000
    C6               0.000       0.000       0.000       0.000       0.000       0.000       0.000
    C7               0.000       0.000       0.000       0.000       0.000       0.000       0.000
    IP              16.044      17.283      17.916      21.226      24.536      25.169      26.408
    SP              -3.778      -3.470      -3.313      -2.492      -1.670      -1.513      -1.205
    IC              17.870      20.384      21.670      28.386      35.102      36.388      38.902
    SC              -1.324      -0.829      -0.575       0.749       2.072       2.326       2.822

 Residual Variances
    P1               4.384       4.712       4.879       5.753       6.628       6.795       7.122
    P2               4.384       4.712       4.879       5.753       6.628       6.795       7.122
    P3               4.384       4.712       4.879       5.753       6.628       6.795       7.122
    P4               4.384       4.712       4.879       5.753       6.628       6.795       7.122
    P5               4.384       4.712       4.879       5.753       6.628       6.795       7.122
    P6               4.384       4.712       4.879       5.753       6.628       6.795       7.122
    P7               4.384       4.712       4.879       5.753       6.628       6.795       7.122
    C1              20.008      21.254      21.892      25.220      28.548      29.185      30.431
    C2              20.008      21.254      21.892      25.220      28.548      29.185      30.431
    C3              20.008      21.254      21.892      25.220      28.548      29.185      30.431
    C4              20.008      21.254      21.892      25.220      28.548      29.185      30.431
    C5              20.008      21.254      21.892      25.220      28.548      29.185      30.431
    C6              20.008      21.254      21.892      25.220      28.548      29.185      30.431
    C7              20.008      21.254      21.892      25.220      28.548      29.185      30.431
    IP              11.390      14.581      16.214      24.739      33.264      34.896      38.088
    SP              -0.254      -0.143      -0.086       0.213       0.511       0.568       0.679
    IC              48.707      62.260      69.192     105.397     141.601     148.533     162.086
    SC              -0.962      -0.663      -0.510       0.289       1.088       1.241       1.540

 New/Additional Parameters
    R_IPIC          -0.279      -0.172      -0.117       0.169       0.455       0.510       0.617
    R_SPSC          -2.487      -1.972      -1.708      -0.332       1.045       1.309       1.824
    R_RES_PC        -0.150      -0.096      -0.068       0.078       0.223       0.251       0.306


SAMPLE STATISTICS FOR ESTIMATED FACTOR SCORES


     SAMPLE STATISTICS


           Means
              IP            IP_SE         SP            SP_SE         IC
              ________      ________      ________      ________      ________
 1             17.732         1.988        -2.106         0.387        36.528


           Means
              IC_SE         SC            SC_SE
              ________      ________      ________
 1              2.789         0.254         0.463


           Covariances
              IP            IP_SE         SP            SP_SE         IC
              ________      ________      ________      ________      ________
 IP            24.429
 IP_SE         -0.475         0.388
 SP            -0.975         0.031         0.263
 SP_SE         -0.051         0.013         0.000         0.001
 IC            11.219        -0.438         2.007        -0.098       132.733
 IC_SE         -0.758         0.144         0.008         0.011        -1.172
 SC            -0.406         0.007         0.176         0.000         1.806
 SC_SE         -0.078         0.015         0.000         0.002        -0.148


           Covariances
              IC_SE         SC            SC_SE
              ________      ________      ________
 IC_SE          0.196
 SC            -0.003         0.299
 SC_SE          0.017         0.000         0.002


           Correlations
              IP            IP_SE         SP            SP_SE         IC
              ________      ________      ________      ________      ________
 IP             1.000
 IP_SE         -0.154         1.000
 SP            -0.384         0.097         1.000
 SP_SE         -0.282         0.582        -0.009         1.000
 IC             0.197        -0.061         0.339        -0.235         1.000
 IC_SE         -0.346         0.522         0.034         0.680        -0.230
 SC            -0.150         0.021         0.626        -0.022         0.287
 SC_SE         -0.334         0.503        -0.005         0.929        -0.272


           Correlations
              IC_SE         SC            SC_SE
              ________      ________      ________
 IC_SE          1.000
 SC            -0.013         1.000
 SC_SE          0.832        -0.013         1.000


PLOT INFORMATION

The following plots are available:

  Histograms of sample values
  Scatterplots (sample values, estimated factor scores)
  Latent variable distribution plots

SAVEDATA INFORMATION


  Save file
    EAS_P__FAS_Slopes_F_grip

  Order and format of variables

    P1             F10.3
    P2             F10.3
    P3             F10.3
    P4             F10.3
    P5             F10.3
    P6             F10.3
    P7             F10.3
    C1             F10.3
    C2             F10.3
    C3             F10.3
    C4             F10.3
    C5             F10.3
    C6             F10.3
    C7             F10.3
    BAGE           F10.3
    EDUC           F10.3
    HEIGHT         F10.3
    DIAB           F10.3
    SMOKHIST       F10.3
    CARDIO         F10.3
    TIME1          F10.3
    TIME2          F10.3
    TIME3          F10.3
    TIME4          F10.3
    TIME5          F10.3
    TIME6          F10.3
    TIME7          F10.3
    IP             F10.3
    IP_SE          F10.3
    SP             F10.3
    SP_SE          F10.3
    IC             F10.3
    IC_SE          F10.3
    SC             F10.3
    SC_SE          F10.3

  Save file format
    35F10.3

  Save file record length    10000


     Beginning Time:  13:29:42
        Ending Time:  13:29:44
       Elapsed Time:  00:00:02



MUTHEN & MUTHEN
3463 Stoner Ave.
Los Angeles, CA  90066

Tel: (310) 391-9971
Fax: (310) 391-8971
Web: www.StatModel.com
Support: Support@StatModel.com

Copyright (c) 1998-2013 Muthen & Muthen
