Mplus VERSION 7.3
MUTHEN & MUTHEN
12/05/2016   9:04 AM

INPUT INSTRUCTIONS

  TITLE:
   m3, b1, MMSE, grip, LGM,aehplus Conditional, female

  DATA:
    File = C:\Users\Andrea Zammit\Desktop\EASMaster.csv;
  VARIABLE:
   Names are
          SubjectID Sex Ethnic Caus DemEver Bagesq deathage DEMO23 Educyrs Status
          Wave_1 Wave_2 Wave_3 Wave_4 Wave_5 Wave_6 Wave_7 Wave_8 Wave_9 Wave_10
          AgeAtWaveOne AgeAtWave_2 AgeAtWave_3 AgeAtWave_4 AgeAtWave_5 AgeAtWave_6
          AgeAtWave_7
          AgeAtWave_8 AgeAtWave_9 AgeAtWave_10
          YrsSinceBaseline_1 YrsSinceBaseline_2 YrsSinceBaseline_3 YrsSinceBaseline_4
          YrsSinceBaseline_5 YrsSinceBaseline_6 YrsSinceBaseline_7 YrsSinceBaseline_8
          YrsSinceBaseline_9 YrsSinceBaseline_10
          Blessd_1 Blessd_2 Blessd_3 Blessd_4 Blessd_5 Blessd_6 Blessd_7
          Blessd_8 Blessd_9 Blessd_10
          MMS_1 MMS_2 MMS_3 MMS_4 MMS_5 MMS_6 MMS_7 MMS_8 MMS_9 MMS_10
          GDSScore_1 GDSScore_2 GDSScore_3 GDSScore_4 GDSScore_5 GDSScore_6 GDSScore_7
          GDSScore_8 GDSScore_9 GDSScore_10
          FreeRecall_1 FreeRecall_2 FreeRecall_3 FreeRecall_4 FreeRecall_5
          FreeRecall_6 FreeRecall_7 FreeRecall_8 FreeRecall_9 FreeRecall_10
          TotRecall_1 TotRecall_2 TotRecall_3 TotRecall_4 TotRecall_5 TotRecall_6
          TotRecall_7
          TotRecall_8 TotRecall_9 TotRecall_10
          DelFreeRecall_1 DelFreeRecall_2 DelFreeRecall_3 DelFreeRecall_4 DelFreeRecall_5
          DelFreeRecall_6 DelFreeRecall_7 DelFreeRecall_8 DelFreeRecall_9 DelFreeRecall_10
          DelTotRecall_1 DelTotRecall_2 DelTotRecall_3 DelTotRecall_4 DelTotRecall_5
          DelTotRecall_6 DelTotRecall_7 DelTotRecall_8 DelTotRecall_9 DelTotRecall_10
          BostonFree_1 BostonFree_2 BostonFree_3 BostonFree_4 BostonFree_5
          BostonFree_6 BostonFree_7 BostonFree_8 BostonFree_9 BostonFree_10
          Infraw_1 Infraw_2 Infraw_3 Infraw_4 Infraw_5 Infraw_6 Infraw_7
          Infraw_8 Infraw_9 Infraw_10
          Vocraw_1 Vocraw_2 Vocraw_3 Vocraw_4 Vocraw_5 Vocraw_6 Vocraw_7
          Vocraw_8 Vocraw_9 Vocraw_10
          Spnraw_1 Spnraw_2 Spnraw_3 Spnraw_4 Spnraw_5 Spnraw_6 Spnraw_7
          Spnraw_8 Spnraw_9 Spnraw_10
          DSpnAgeScaledScore_1 DSpnAgeScaledScore_2 DSpnAgeScaledScore_3
          DSpnAgeScaledScore_4 DSpnAgeScaledScore_5 DSpnAgeScaledScore_6
          DSpnAgeScaledScore_7 DSpnAgeScaledScore_8 DSpnAgeScaledScore_9
          DSpnAgeScaledScore_10
          Symraw_1 Symraw_2 Symraw_3 Symraw_4 Symraw_5 Symraw_6
          Symraw_7 Symraw_8 Symraw_9 Symraw_10
          Blockraw_1 Blockraw_2 Blockraw_3 Blockraw_4 Blockraw_5 Blockraw_6
          Blockraw_7 Blockraw_8 Blockraw_9 Blockraw_10
          FAS_1 FAS_2 FAS_3 FAS_4 FAS_5 FAS_6 FAS_7 FAS_8 FAS_9 FAS_10
          CAT_1 CAT_2 CAT_3 CAT_4
          CAT_5 CAT_6 CAT_7 CAT_8 CAT_9 CAT_10
          Grade_1 Grade_2 Grade_3 Grade_4 Grade_5 Grade_6 Grade_7 Grade_8 Grade_9 Grade_10
          LM_1 LM_2 LM_3 LM_4 LM_5 LM_6 LM_7 LM_8 LM_9 LM_10
          CFCopy_1 CFCopy_2 CFCopy_3 CFCopy_4 CFCopy_5 CFCopy_6 CFCopy_7
          CFCopy_8 CFCopy_9 CFCopy_10
          CFRecall_1 CFRecall_2 CFRecall_3 CFRecall_4 CFRecall_5 CFRecall_6 CFRecall_7
          CFRecall_8 CFRecall_9 CFRecall_10
          TrA1_1 TrA1_2 TrA1_3 TrA1_4 TrA1_5 TrA1_6 TrA1_7 TrA1_8 TrA1_9 TrA1_10
          TrlAZScore_1 TrlAZScore_2 TrlAZScore_3 TrlAZScore_4 TrlAZScore_5
          TrlAZScore_6 TrlAZScore_7 TrlAZScore_8 TrlAZScore_9 TrlAZScore_10
          TMTARate_1 TMTARate_2 TMTARate_3 TMTARate_4 TMTARate_5 TMTARate_6 TMTARate_7
          TMTARate_8 TMTARate_9 TMTARate_10
          TrA2_1 TrA2_2 TrA2_3 TrA2_4 TrA2_5 TrA2_6 TrA2_7 TrA2_8 TrA2_9 TrA2_10
          TrB1_1 TrB1_2 TrB1_3 TrB1_4 TrB1_5 TrB1_6 TrB1_7 TrB1_8 TrB1_9 TrB1_10
          TrlBZScore_1 TrlBZScore_2 TrlBZScore_3 TrlBZScore_4 TrlBZScore_5
          TrlBZScore_6 TrlBZScore_7 TrlBZScore_8 TrlBZScore_9 TrlBZScore_10
          TMTBRate_1 TMTBRate_2 TMTBRate_3 TMTBRate_4 TMTBRate_5 TMTBRate_6 TMTBRate_7
          TMTBRate_8 TMTBRate_9 TMTBRate_10
          TrB2_1 TrB2_2 TrB2_3 TrB2_4 TrB2_5 TrB2_6
          TrB2_7 TrB2_8 TrB2_9 TrB2_10
          EpisodicMemory2FreeCatLM_1 EpisodicMemory2FreeCatLM_2
          EpisodicMemory2FreeCatLM_3
          EpisodicMemory2FreeCatLM_4 EpisodicMemory2FreeCatLM_5
          EpisodicMemory2FreeCatLM_6 EpisodicMemory2FreeCatLM_7
          EpisodicMemory2FreeCatLM_8 EpisodicMemory2FreeCatLM_9
          EpisodicMemory2FreeCatLM_10
          FrontalExecFunc_1 FrontalExecFunc_2 FrontalExecFunc_3 FrontalExecFunc_4
          FrontalExecFunc_5 FrontalExecFunc_6 FrontalExecFunc_7 FrontalExecFunc_8
          FrontalExecFunc_9 FrontalExecFunc_10
          Language2BostVoc_1 Language2BostVoc_2
          Language2BostVoc_3 Language2BostVoc_4 Language2BostVoc_5
          Language2BostVoc_6 Language2BostVoc_7 Language2BostVoc_8
          Language2BostVoc_9 Language2BostVoc_10
          DysExec_1 DysExec_2 DysExec_3 DysExec_4 DysExec_5 DysExec_6 DysExec_7
          DysExec_8 DysExec_9 DysExec_10
          aMCI1_1 aMCI1_2 aMCI1_3 aMCI1_4 aMCI1_5 aMCI1_6 aMCI1_7 aMCI1_8 aMCI1_9 aMCI1_10
          naMCI1_1 naMCI1_2 naMCI1_3 naMCI1_4 naMCI1_5 naMCI1_6 naMCI1_7
          naMCI1_8 naMCI1_9 naMCI1_10
          CumulMI_1 CumulMI_2 CumulMI_3 CumulMI_4
          CumulMI_5 CumulMI_6 CumulMI_7 CumulMI_8 CumulMI_9 CumulMI_10
          CumulStroke_1 CumulStroke_2 CumulStroke_3 CumulStroke_4 CumulStroke_5
          CumulStroke_6 CumulStroke_7 CumulStroke_8 CumulStroke_9 CumulStroke_10
          CumulDiab_1 CumulDiab_2 CumulDiab_3 CumulDiab_4 CumulDiab_5 CumulDiab_6
          CumulDiab_7 CumulDiab_8 CumulDiab_9 CumulDiab_10
          DMever
          CumulHyper_1 CumulHyper_2 CumulHyper_3 CumulHyper_4 CumulHyper_5
          CumulHyper_6 CumulHyper_7 CumulHyper_8 CumulHyper_9 CumulHyper_10
          CumulAngina_1 CumulAngina_2 CumulAngina_3 CumulAngina_4 CumulAngina_5
          CumulAngina_6 CumulAngina_7 CumulAngina_8 CumulAngina_9 CumulAngina_10
          CumulHrtFail_1 CumulHrtFail_2 CumulHrtFail_3 CumulHrtFail_4 CumulHrtFail_5
          CumulHrtFail_6 CumulHrtFail_7 CumulHrtFail_8 CumulHrtFail_9 CumulHrtFail_10
          CumulPD_1 CumulPD_2 CumulPD_3 CumulPD_4 CumulPD_5 CumulPD_6 CumulPD_7
          CumulPD_8 CumulPD_9 CumulPD_10
          CumulDep_1 CumulDep_2 CumulDep_3 CumulDep_4
          CumulDep_5 CumulDep_6 CumulDep_7 CumulDep_8 CumulDep_9 CumulDep_10
          CumulAnemia_1 CumulAnemia_2 CumulAnemia_3 CumulAnemia_4 CumulAnemia_5
          CumulAnemia_6 CumulAnemia_7 CumulAnemia_8 CumulAnemia_9 CumulAnemia_10
          CVIndexArWave_1 CVIndexArWave_2 CVIndexArWave_3 CVIndexArWave_4 CVIndexArWave_5
          CVIndexArWave_6 CVIndexArWave_7 CVIndexArWave_8 CVIndexArWave_9 CVIndexArWave_10
          CVIndexCumul_1 CVIndexCumul_2 CVIndexCumul_3 CVIndexCumul_4 CVIndexCumul_5
          CVIndexCumul_6 CVIndexCumul_7 CVIndexCumul_8 CVIndexCumul_9 CVIndexCumul_10
          BloodPres1stSys_1 BloodPres1stSys_2 BloodPres1stSys_3 BloodPres1stSys_4
          BloodPres1stSys_5 BloodPres1stSys_6 BloodPres1stSys_7 BloodPres1stSys_8
          BloodPres1stSys_9 BloodPres1stSys_10
          BloodPres1stDia_1 BloodPres1stDia_2 BloodPres1stDia_3 BloodPres1stDia_4
          BloodPres1stDia_5 BloodPres1stDia_6 BloodPres1stDia_7 BloodPres1stDia_8
          BloodPres1stDia_9 BloodPres1stDia_10
          Ht_1 Ht_2 Ht_3 Ht_4 Ht_5 Ht_6 Ht_7 Ht_8 Ht_9 Ht_10
          Wt_1 Wt_2 Wt_3 Wt_4 Wt_5 Wt_6 Wt_7 Wt_8 Wt_9 Wt_10
          BMI_1 BMI_2 BMI_3 BMI_4 BMI_5 BMI_6 BMI_7 BMI_8 BMI_9 BMI_10
          Waist_1 Waist_2 Waist_3 Waist_4 Waist_5 Waist_6 Waist_7 Waist_8 Waist_9 Waist_10
          Hip_1 Hip_2 Hip_3 Hip_4 Hip_5 Hip_6 Hip_7 Hip_8 Hip_9 Hip_10
          Velocity_1 Velocity_2 Velocity_3 Velocity_4 Velocity_5 Velocity_6 Velocity_7
          Velocity_8 Velocity_9 Velocity_10
          ChairRaiseTime_1 ChairRaiseTime_2 ChairRaiseTime_3 ChairRaiseTime_4
          ChairRaiseTime_5 ChairRaiseTime_6 ChairRaiseTime_7 ChairRaiseTime_8
          ChairRaiseTime_9 ChairRaiseTime_10
          FlamingoStandTime_1 FlamingoStandTime_2 FlamingoStandTime_3 FlamingoStandTime_4
          FlamingoStandTime_5 FlamingoStandTime_6 FlamingoStandTime_7 FlamingoStandTime_8
          FlamingoStandTime_9 FlamingoStandTime_10
          MaxEff_1 MaxEff_2 MaxEff_3 MaxEff_4 MaxEff_5 MaxEff_6 MaxEff_7
          MaxEff_8 MaxEff_9 MaxEff_10
          PeakFlowBestOf3_1 PeakFlowBestOf3_2 PeakFlowBestOf3_3 PeakFlowBestOf3_4
          PeakFlowBestOf3_5 PeakFlowBestOf3_6 PeakFlowBestOf3_7 PeakFlowBestOf3_8
          PeakFlowBestOf3_9 PeakFlowBestOf3_10
          UPDRS15_1 UPDRS15_2 UPDRS15_3 UPDRS15_4 UPDRS15_5 UPDRS15_6 UPDRS15_7
          UPDRS15_8 UPDRS15_9 UPDRS15_10
          UPDRS27_1 UPDRS27_2 UPDRS27_3 UPDRS27_4 UPDRS27_5 UPDRS27_6 UPDRS27_7
          UPDRS27_8 UPDRS27_9 UPDRS27_10
          UPDRS28_1 UPDRS28_2 UPDRS28_3 UPDRS28_4
          UPDRS28_5 UPDRS28_6 UPDRS28_7 UPDRS28_8 UPDRS28_9 UPDRS28_10
          UPDRS29_1 UPDRS29_2 UPDRS29_3 UPDRS29_4 UPDRS29_5 UPDRS29_6 UPDRS29_7
          UPDRS29_8 UPDRS29_9 UPDRS29_10
          EMail_1 EMail_2 EMail_3 EMail_4 EMail_5 EMail_6 EMail_7 EMail_8 EMail_9 EMail_10
          Aerobic_1 Aerobic_2 Aerobic_3 Aerobic_4 Aerobic_5 Aerobic_6 Aerobic_7
          Aerobic_8 Aerobic_9 Aerobic_10
          HrsFor2WeekLight_1 HrsFor2WeekLight_2 HrsFor2WeekLight_3 HrsFor2WeekLight_4
          HrsFor2WeekLight_5 HrsFor2WeekLight_6 HrsFor2WeekLight_7 HrsFor2WeekLight_8
          HrsFor2WeekLight_9 HrsFor2WeekLight_10
          HrsFor2WeekMedium_1 HrsFor2WeekMedium_2 HrsFor2WeekMedium_3 HrsFor2WeekMedium_4
          HrsFor2WeekMedium_5 HrsFor2WeekMedium_6 HrsFor2WeekMedium_7 HrsFor2WeekMedium_8
          HrsFor2WeekMedium_9 HrsFor2WeekMedium_10
          HrsFor2WeekHeavy_1 HrsFor2WeekHeavy_2 HrsFor2WeekHeavy_3 HrsFor2WeekHeavy_4
          HrsFor2WeekHeavy_5 HrsFor2WeekHeavy_6 HrsFor2WeekHeavy_7 HrsFor2WeekHeavy_8
          HrsFor2WeekHeavy_9 HrsFor2WeekHeavy_10
          DaysPerWeekLight_1 DaysPerWeekLight_2 DaysPerWeekLight_3 DaysPerWeekLight_4
          DaysPerWeekLight_5 DaysPerWeekLight_6 DaysPerWeekLight_7 DaysPerWeekLight_8
          DaysPerWeekLight_9 DaysPerWeekLight_10
          DaysPerWeekMedium_1 DaysPerWeekMedium_2 DaysPerWeekMedium_3 DaysPerWeekMedium_4
          DaysPerWeekMedium_5
          DaysPerWeekMedium_6 DaysPerWeekMedium_7 DaysPerWeekMedium_8 DaysPerWeekMedium_9
          DaysPerWeekMedium_10
          DaysPerWeekHeavy_1 DaysPerWeekHeavy_2 DaysPerWeekHeavy_3 DaysPerWeekHeavy_4
          DaysPerWeekHeavy_5 DaysPerWeekHeavy_6 DaysPerWeekHeavy_7 DaysPerWeekHeavy_8
          DaysPerWeekHeavy_9 DaysPerWeekHeavy_10
          CigsPerDay_1 CigsPerDay_2 CigsPerDay_3
          CigsPerDay_4 CigsPerDay_5 CigsPerDay_6 CigsPerDay_7 CigsPerDay_8
          CigsPerDay_9 CigsPerDay_10
          SmokNow_1 SmokNow_2 SmokNow_3 SmokNow_4
          SmokNow_5 SmokNow_6 SmokNow_7 SmokNow_8 SmokNow_9 SmokNow_10
          SmokEver_1 SmokEver_2 SmokEver_3 SmokEver_4 SmokEver_5 SmokEver_6 SmokEver_7
          SmokEver_8 SmokEver_9 SmokEver_10
          SmokNumYrs_1 SmokNumYrs_2 SmokNumYrs_3 SmokNumYrs_4 SmokNumYrs_5
          SmokNumYrs_6 SmokNumYrs_7 SmokNumYrs_8 SmokNumYrs_9 SmokNumYrs_10
          DrinksPerMonth_1 DrinksPerMonth_2 DrinksPerMonth_3 DrinksPerMonth_4
          DrinksPerMonth_5 DrinksPerMonth_6 DrinksPerMonth_7 DrinksPerMonth_8
          DrinksPerMonth_9 DrinksPerMonth_10
          Glucose_1 Glucose_2 Glucose_3 Glucose_4 Glucose_5 Glucose_6 Glucose_7
          Glucose_8 Glucose_9 Glucose_10
          chronicpi1 chronicpi2 chronicpi3 chronicpi4 chronicpi5 chronicpi6 chronicpi7
          chronicpi8 chronicpi9 chronicpi10
          Pdever
          Cvd cisum;
        MISSING = ALL(-9999);
               USEVAR are time1 time2 time3 time4 time5 !time6 time7
                          p1 p2 p3 p4 p5 !p6 p7
                         c1 c2 c3 c4 c5 !c6 c7
                         Bage educ height Diab SmokHist Cardio;
               TSCORES =   time1 time2 time3 time4 time5; !time6 time7;
              USEOBSERVATIONS are DemEver EQ 0 and sex EQ 1;
  DEFINE:
    p1=MaxEff_1; p2=MaxEff_2; p3=MaxEff_3;
       p4=MaxEff_4; p5=MaxEff_5; !p6=MaxEff_6;
       !p7=MaxEff_7;
  c1= MMS_1; c2= MMS_2; c3=MMS_3; c4=MMS_4; c5= MMS_5;

                Bage=AgeAtWaveOne-70;
                Bagesq=(AgeatWaveOne-70)**2;
                Dage=deathage;
                Educ=Educyrs-7;
                SEP=DEMO23;
                time1=wave_1;
                time2=wave_2;
                time3=wave_3;
                time4=wave_4;
                time5=wave_5;
                time6=wave_6;
                time7=wave_7;
                time8=wave_8;
                time9=wave_9;
                time10=wave_10;
               Height=Ht_1-160;
                SmokHist=SmokEver_1;
                DepSymp = GDSScore_1;
                Cardio = cvd;
                Diab=DMever;
                AgeAtWave_1Educyrs=Bage*Educ;
  ANALYSIS:
   TYPE = RANDOM;
         ESTIMATOR=MLF;
         miterations=10000;
     h1convergence = 0.00001;
         COVERAGE = .001;
  OUTPUT:
   sampstat
  MODEL:
       ip sp | p1-p5 AT time1-time5;
       ic sc  | c1 - c5 AT time1-time5;
            ip(v_ip);
       sp(v_sp);
       ic(v_ic);
       sc(v_sc);
       ip WITH sp(c_ipsp);
       ip WITH ic(c_ipic);
       ip WITH sc (c_ipsc);
       sp WITH ic (c_spic);
       sp WITH sc (c_spsc);
       ic WITH SC (C_ICSC);
        ip sp  ic sc WITH  ip sp  ic sc;
       ip sp  ic sc  ON Bage educ height smokhist cardio diab;
        c1-c5 (res_c)
         p1-p5 (res_p);
          p1-p5 pwith c1-c5(res_cov);

           height;



   MODEL CONSTRAINT:

              NEW r_ipic; !assigns labels to new parameters;
              NEW r_spsc;
              NEW r_res_pc;

              r_ipic = c_ipic/((v_ip**0.5)*(v_ic**0.5));
              r_spsc = c_spsc/((v_sp**0.5)*(v_sc**0.5));
              r_res_pc = res_cov/((res_p**0.5)*(res_c**0.5));

    SAVEDATA:
    FILE IS EAS_Grip_mmse_Slopes_female; ! *rename for each specific variable combination*;
    SAVE = FSCORES;

    PLOT:   TYPE IS PLOT3;
      OUTPUT: sampstat Cinterval;




*** WARNING
  Data set contains cases with missing on x-variables.
  These cases were not included in the analysis.
  Number of cases with missing on x-variables:  237
   1 WARNING(S) FOUND IN THE INPUT INSTRUCTIONS




m3, b1, MMSE, grip, LGM,aehplus Conditional, female

SUMMARY OF ANALYSIS

Number of groups                                                 1
Number of observations                                         363

Number of dependent variables                                   10
Number of independent variables                                  6
Number of continuous latent variables                            4

Observed dependent variables

  Continuous
   P1          P2          P3          P4          P5          C1
   C2          C3          C4          C5

Observed independent variables
   BAGE        EDUC        HEIGHT      DIAB        SMOKHIST    CARDIO

Continuous latent variables
   IP          SP          IC          SC

Variables with special functions

  Time scores
   TIME1       TIME2       TIME3       TIME4       TIME5


Estimator                                                      MLF
Information matrix                                        OBSERVED
Maximum number of iterations                                   100
Convergence criterion                                    0.100D-05
Maximum number of EM iterations                              10000
Convergence criteria for the EM algorithm
  Loglikelihood change                                   0.100D-02
  Relative loglikelihood change                          0.100D-05
  Derivative                                             0.100D-03
Minimum variance                                         0.100D-03
Maximum number of steepest descent iterations                   20
Maximum number of iterations for H1                           2000
Convergence criterion for H1                             0.100D-04
Optimization algorithm                                         EMA

Input data file(s)
  C:\Users\Andrea Zammit\Desktop\EASMaster.csv
Input data format  FREE


SUMMARY OF DATA

     Number of missing data patterns            41


COVARIANCE COVERAGE OF DATA

Minimum covariance coverage value   0.001


     PROPORTION OF DATA PRESENT


           Covariance Coverage
              P1            P2            P3            P4            P5
              ________      ________      ________      ________      ________
 P1             0.394
 P2             0.229         0.273
 P3             0.171         0.163         0.231
 P4             0.132         0.135         0.163         0.240
 P5             0.107         0.102         0.129         0.174         0.223
 C1             0.394         0.270         0.231         0.240         0.223
 C2             0.394         0.273         0.231         0.240         0.223
 C3             0.303         0.273         0.231         0.240         0.223
 C4             0.212         0.207         0.231         0.240         0.223
 C5             0.168         0.160         0.196         0.240         0.223
 HEIGHT         0.394         0.231         0.171         0.135         0.107
 BAGE           0.394         0.273         0.231         0.240         0.223
 EDUC           0.394         0.273         0.231         0.240         0.223
 DIAB           0.394         0.273         0.231         0.240         0.223
 SMOKHIST       0.394         0.273         0.231         0.240         0.223
 CARDIO         0.394         0.273         0.231         0.240         0.223


           Covariance Coverage
              C1            C2            C3            C4            C5
              ________      ________      ________      ________      ________
 C1             0.997
 C2             0.997         1.000
 C3             0.733         0.736         0.736
 C4             0.510         0.510         0.510         0.510
 C5             0.375         0.375         0.375         0.375         0.375
 HEIGHT         0.413         0.413         0.311         0.215         0.171
 BAGE           0.997         1.000         0.736         0.510         0.375
 EDUC           0.997         1.000         0.736         0.510         0.375
 DIAB           0.997         1.000         0.736         0.510         0.375
 SMOKHIST       0.997         1.000         0.736         0.510         0.375
 CARDIO         0.997         1.000         0.736         0.510         0.375


           Covariance Coverage
              HEIGHT        BAGE          EDUC          DIAB          SMOKHIST
              ________      ________      ________      ________      ________
 HEIGHT         0.413
 BAGE           0.413         1.000
 EDUC           0.413         1.000         1.000
 DIAB           0.413         1.000         1.000         1.000
 SMOKHIST       0.413         1.000         1.000         1.000         1.000
 CARDIO         0.413         1.000         1.000         1.000         1.000


           Covariance Coverage
              CARDIO
              ________
 CARDIO         1.000


SAMPLE STATISTICS


     ESTIMATED SAMPLE STATISTICS


           Means
              P1            P2            P3            P4            P5
              ________      ________      ________      ________      ________
 1             16.517        15.695        14.046        12.310        11.880


           Means
              C1            C2            C3            C4            C5
              ________      ________      ________      ________      ________
 1             26.453        26.337        26.464        26.371        26.481


           Means
              HEIGHT        BAGE          EDUC          DIAB          SMOKHIST
              ________      ________      ________      ________      ________
 1             -2.648         8.645         6.449         0.201         0.545


           Means
              CARDIO
              ________
 1              0.168


           Covariances
              P1            P2            P3            P4            P5
              ________      ________      ________      ________      ________
 P1            32.750
 P2            25.280        34.242
 P3            24.691        30.876        38.347
 P4            20.950        30.800        36.452        42.941
 P5            15.140        23.331        31.902        38.811        48.041
 C1             1.104         0.532         0.773        -0.276        -0.549
 C2             0.913        -0.161         0.818         0.401         0.519
 C3             0.859         0.015         0.715        -0.450        -1.082
 C4             1.839         0.189         0.413        -0.241        -0.300
 C5             1.113        -0.432        -0.120        -0.915        -0.270
 HEIGHT        11.603        11.514        16.494        13.663        10.305
 BAGE          -0.775        -3.603        -9.376        -7.083        -8.651
 EDUC          -0.854         0.024         0.489         1.293         0.807
 DIAB          -0.340        -0.366        -0.265        -0.144        -0.095
 SMOKHIST       0.649         0.347         0.517         0.440         0.179
 CARDIO         0.080         0.148        -0.012        -0.035        -0.268


           Covariances
              C1            C2            C3            C4            C5
              ________      ________      ________      ________      ________
 C1             2.204
 C2             1.444         2.324
 C3             1.304         1.465         2.261
 C4             1.535         1.774         1.709         2.772
 C5             1.592         1.546         1.380         1.896         2.434
 HEIGHT         0.766         0.379         0.299         1.997         1.454
 BAGE          -0.366        -0.413        -0.570        -0.612        -0.877
 EDUC           1.734         1.363         1.129         2.273         1.520
 DIAB          -0.070        -0.043        -0.049        -0.080        -0.056
 SMOKHIST       0.119         0.060         0.081         0.094         0.103
 CARDIO        -0.076        -0.104        -0.077        -0.142        -0.157


           Covariances
              HEIGHT        BAGE          EDUC          DIAB          SMOKHIST
              ________      ________      ________      ________      ________
 HEIGHT        61.792
 BAGE         -16.065        28.344
 EDUC           2.751        -0.582        11.493
 DIAB           0.150        -0.218        -0.046         0.161
 SMOKHIST       0.281        -0.204        -0.036         0.001         0.645
 CARDIO        -0.415         0.077        -0.210         0.016         0.008


           Covariances
              CARDIO
              ________
 CARDIO         0.250


           Correlations
              P1            P2            P3            P4            P5
              ________      ________      ________      ________      ________
 P1             1.000
 P2             0.755         1.000
 P3             0.697         0.852         1.000
 P4             0.559         0.803         0.898         1.000
 P5             0.382         0.575         0.743         0.855         1.000
 C1             0.130         0.061         0.084        -0.028        -0.053
 C2             0.105        -0.018         0.087         0.040         0.049
 C3             0.100         0.002         0.077        -0.046        -0.104
 C4             0.193         0.019         0.040        -0.022        -0.026
 C5             0.125        -0.047        -0.012        -0.089        -0.025
 HEIGHT         0.258         0.250         0.339         0.265         0.189
 BAGE          -0.025        -0.116        -0.284        -0.203        -0.234
 EDUC          -0.044         0.001         0.023         0.058         0.034
 DIAB          -0.148        -0.156        -0.107        -0.055        -0.034
 SMOKHIST       0.141         0.074         0.104         0.084         0.032
 CARDIO         0.028         0.051        -0.004        -0.011        -0.077


           Correlations
              C1            C2            C3            C4            C5
              ________      ________      ________      ________      ________
 C1             1.000
 C2             0.638         1.000
 C3             0.584         0.639         1.000
 C4             0.621         0.699         0.683         1.000
 C5             0.688         0.650         0.588         0.730         1.000
 HEIGHT         0.066         0.032         0.025         0.153         0.119
 BAGE          -0.046        -0.051        -0.071        -0.069        -0.106
 EDUC           0.345         0.264         0.221         0.403         0.287
 DIAB          -0.118        -0.070        -0.081        -0.120        -0.089
 SMOKHIST       0.100         0.049         0.067         0.070         0.082
 CARDIO        -0.102        -0.136        -0.102        -0.171        -0.202


           Correlations
              HEIGHT        BAGE          EDUC          DIAB          SMOKHIST
              ________      ________      ________      ________      ________
 HEIGHT         1.000
 BAGE          -0.384         1.000
 EDUC           0.103        -0.032         1.000
 DIAB           0.048        -0.102        -0.034         1.000
 SMOKHIST       0.045        -0.048        -0.013         0.002         1.000
 CARDIO        -0.106         0.029        -0.124         0.079         0.019


           Correlations
              CARDIO
              ________
 CARDIO         1.000


     MAXIMUM LOG-LIKELIHOOD VALUE FOR THE UNRESTRICTED (H1) MODEL IS -6893.947


UNIVARIATE HIGHER-ORDER MOMENT DESCRIPTIVE STATISTICS


     UNIVARIATE HIGHER-ORDER MOMENT DESCRIPTIVE STATISTICS

         Variable/         Mean/     Skewness/   Minimum/ % with                Percentiles
        Sample Size      Variance    Kurtosis    Maximum  Min/Max      20%/60%    40%/80%    Median

     P1                   15.615      -0.020       4.000    1.40%      10.000     14.000     16.000
             143.000      31.523      -0.352      32.000    0.70%      18.000     20.000
     P2                   14.919       0.251       4.000    1.01%      10.000     14.000     14.000
              99.000      28.862      -0.425      28.000    2.02%      16.000     20.000
     P3                   13.988       0.623       4.000    1.19%       8.000     12.000     14.000
              84.000      29.774       0.261      30.000    2.38%      14.000     18.000
     P4                   13.345       0.852       4.000    3.45%       8.000     10.000     12.000
              87.000      38.065       0.566      34.000    1.15%      14.000     18.000
     P5                   13.519       0.630       2.000    1.23%       8.000     10.000     13.000
              81.000      45.781      -0.039      34.000    1.23%      15.000     20.000
     C1                   26.451      -1.105      21.547    0.28%      25.132     26.566     26.566
             362.000       2.205       0.675      28.000   23.48%      27.283     28.000
     C2                   26.337      -1.163      20.830    0.83%      25.132     26.566     26.566
             363.000       2.324       1.110      28.000   20.66%      27.283     28.000
     C3                   26.520      -1.145      20.830    0.37%      25.132     26.566     27.283
             267.000       2.149       0.925      28.000   25.84%      27.283     28.000
     C4                   26.558      -1.252      21.547    1.08%      25.132     26.566     27.283
             185.000       2.373       0.945      28.000   28.65%      27.283     28.000
     C5                   26.703      -1.538      20.830    0.74%      25.849     26.566     27.283
             136.000       2.242       2.334      28.000   35.29%      27.283     28.000
     HEIGHT               -2.673      -0.197     -24.000    0.67%      -9.000     -4.000     -3.000
             150.000      60.793      -0.142      15.000    0.67%      -1.000      4.000
     BAGE                  8.645       0.417      -3.799    0.28%       3.624      6.668      8.026
             363.000      28.344      -0.341      25.962    0.28%       9.691     13.967
     EDUC                  6.449       0.059      -4.000    0.28%       4.000      5.000      6.000
             363.000      11.493      -0.120      15.000    0.28%       7.000      9.000
     DIAB                  0.201       1.491       0.000   79.89%       0.000      0.000      0.000
             363.000       0.161       0.224       1.000   20.11%       0.000      0.000
     SMOKHIST              0.545       6.367       0.000   49.86%       0.000      0.000      1.000
             363.000       0.645      64.900       9.000    0.55%       1.000      1.000
     CARDIO                0.168       3.472       0.000   87.60%       0.000      0.000      0.000
             363.000       0.250      13.020       3.000    1.10%       0.000      0.000


THE MODEL ESTIMATION TERMINATED NORMALLY



MODEL FIT INFORMATION

Number of Free Parameters                       43

Loglikelihood

          H0 Value                       -4002.945

Information Criteria

          Akaike (AIC)                    8091.890
          Bayesian (BIC)                  8259.350
          Sample-Size Adjusted BIC        8122.930
            (n* = (n + 2) / 24)



MODEL RESULTS

                                                    Two-Tailed
                    Estimate       S.E.  Est./S.E.    P-Value

 IP         ON
    BAGE               0.128      0.118      1.089      0.276
    EDUC              -0.145      0.154     -0.945      0.345
    HEIGHT             0.242      0.071      3.390      0.001
    SMOKHIST           0.930      0.915      1.015      0.310
    CARDIO             1.467      1.916      0.766      0.444
    DIAB              -2.847      1.721     -1.655      0.098

 SP         ON
    BAGE              -0.089      0.038     -2.318      0.020
    EDUC               0.046      0.061      0.749      0.454
    HEIGHT            -0.012      0.034     -0.364      0.716
    SMOKHIST          -0.124      0.412     -0.302      0.762
    CARDIO            -0.405      0.825     -0.490      0.624
    DIAB               0.323      0.514      0.627      0.530

 IC         ON
    BAGE              -0.005      0.017     -0.288      0.773
    EDUC               0.130      0.025      5.250      0.000
    HEIGHT             0.005      0.021      0.249      0.804
    SMOKHIST           0.162      0.168      0.962      0.336
    CARDIO            -0.086      0.161     -0.535      0.592
    DIAB              -0.331      0.206     -1.610      0.107

 SC         ON
    BAGE              -0.005      0.004     -1.035      0.301
    EDUC              -0.002      0.008     -0.228      0.819
    HEIGHT            -0.002      0.006     -0.359      0.719
    SMOKHIST          -0.009      0.046     -0.194      0.846
    CARDIO            -0.076      0.044     -1.731      0.084
    DIAB               0.010      0.067      0.148      0.883

 IP       WITH
    SP                -4.415      1.736     -2.544      0.011
    IC                 1.255      1.153      1.088      0.277
    SC                -0.025      0.335     -0.074      0.941

 SP       WITH
    IC                -0.325      0.337     -0.965      0.335
    SC                -0.040      0.096     -0.414      0.679

 IC       WITH
    SC                 0.048      0.040      1.214      0.225

 P1       WITH
    C1                -0.006      0.212     -0.029      0.977

 P2       WITH
    C2                -0.006      0.212     -0.029      0.977

 P3       WITH
    C3                -0.006      0.212     -0.029      0.977

 P4       WITH
    C4                -0.006      0.212     -0.029      0.977

 P5       WITH
    C5                -0.006      0.212     -0.029      0.977

 Means
    HEIGHT            -2.047      0.848     -2.414      0.016

 Intercepts
    P1                 0.000      0.000    999.000    999.000
    P2                 0.000      0.000    999.000    999.000
    P3                 0.000      0.000    999.000    999.000
    P4                 0.000      0.000    999.000    999.000
    P5                 0.000      0.000    999.000    999.000
    C1                 0.000      0.000    999.000    999.000
    C2                 0.000      0.000    999.000    999.000
    C3                 0.000      0.000    999.000    999.000
    C4                 0.000      0.000    999.000    999.000
    C5                 0.000      0.000    999.000    999.000
    IP                18.263      1.587     11.505      0.000
    SP                -0.831      0.624     -1.332      0.183
    IC                25.614      0.269     95.259      0.000
    SC                 0.063      0.077      0.820      0.412

 Variances
    HEIGHT            61.394      8.329      7.371      0.000

 Residual Variances
    P1                 5.137      0.345     14.892      0.000
    P2                 5.137      0.345     14.892      0.000
    P3                 5.137      0.345     14.892      0.000
    P4                 5.137      0.345     14.892      0.000
    P5                 5.137      0.345     14.892      0.000
    C1                 0.823      0.039     21.150      0.000
    C2                 0.823      0.039     21.150      0.000
    C3                 0.823      0.039     21.150      0.000
    C4                 0.823      0.039     21.150      0.000
    C5                 0.823      0.039     21.150      0.000
    IP                31.071      5.907      5.260      0.000
    SP                 2.343      0.644      3.638      0.000
    IC                 1.001      0.180      5.555      0.000
    SC                 0.004      0.011      0.393      0.695

New/Additional Parameters
    R_IPIC             0.225      0.204      1.100      0.271
    R_SPSC            -0.391      1.058     -0.369      0.712
    R_RES_PC          -0.003      0.103     -0.029      0.977


QUALITY OF NUMERICAL RESULTS

     Condition Number for the Information Matrix              0.483E-07
       (ratio of smallest to largest eigenvalue)


CONFIDENCE INTERVALS OF MODEL RESULTS

                  Lower .5%  Lower 2.5%    Lower 5%    Estimate    Upper 5%  Upper 2.5%   Upper .5%

 IP       ON
    BAGE            -0.175      -0.103      -0.066       0.128       0.322       0.360       0.432
    EDUC            -0.541      -0.447      -0.398      -0.145       0.108       0.156       0.251
    HEIGHT           0.058       0.102       0.125       0.242       0.359       0.382       0.426
    SMOKHIST        -1.429      -0.865      -0.576       0.930       2.435       2.724       3.288
    CARDIO          -3.468      -2.288      -1.685       1.467       4.619       5.223       6.403
    DIAB            -7.280      -6.220      -5.678      -2.847      -0.016       0.526       1.586

 SP       ON
    BAGE            -0.188      -0.164      -0.152      -0.089      -0.026      -0.014       0.010
    EDUC            -0.111      -0.074      -0.055       0.046       0.146       0.165       0.203
    HEIGHT          -0.100      -0.079      -0.068      -0.012       0.044       0.054       0.075
    SMOKHIST        -1.185      -0.932      -0.802      -0.124       0.553       0.683       0.936
    CARDIO          -2.530      -2.022      -1.762      -0.405       0.953       1.213       1.721
    DIAB            -1.002      -0.685      -0.523       0.323       1.168       1.330       1.647

 IC       ON
    BAGE            -0.048      -0.038      -0.033      -0.005       0.023       0.028       0.039
    EDUC             0.066       0.082       0.090       0.130       0.171       0.179       0.194
    HEIGHT          -0.048      -0.035      -0.029       0.005       0.039       0.045       0.058
    SMOKHIST        -0.271      -0.168      -0.115       0.162       0.438       0.491       0.594
    CARDIO          -0.501      -0.401      -0.351      -0.086       0.179       0.229       0.328
    DIAB            -0.861      -0.735      -0.670      -0.331       0.007       0.072       0.199

 SC       ON
    BAGE            -0.016      -0.013      -0.012      -0.005       0.003       0.004       0.007
    EDUC            -0.021      -0.017      -0.014      -0.002       0.011       0.013       0.018
    HEIGHT          -0.018      -0.014      -0.012      -0.002       0.008       0.010       0.013
    SMOKHIST        -0.127      -0.099      -0.084      -0.009       0.066       0.081       0.109
    CARDIO          -0.190      -0.163      -0.149      -0.076      -0.004       0.010       0.037
    DIAB            -0.163      -0.121      -0.100       0.010       0.120       0.141       0.182

 IP       WITH
    SP              -8.886      -7.818      -7.271      -4.415      -1.560      -1.013       0.056
    IC              -1.716      -1.005      -0.642       1.255       3.152       3.515       4.225
    SC              -0.888      -0.682      -0.576      -0.025       0.527       0.632       0.839

 SP       WITH
    IC              -1.192      -0.984      -0.878      -0.325       0.229       0.335       0.542
    SC              -0.288      -0.229      -0.198      -0.040       0.119       0.149       0.208

 IC       WITH
    SC              -0.054      -0.030      -0.017       0.048       0.114       0.127       0.151

 P1       WITH
    C1              -0.551      -0.421      -0.354      -0.006       0.342       0.408       0.539

 P2       WITH
    C2              -0.551      -0.421      -0.354      -0.006       0.342       0.408       0.539

 P3       WITH
    C3              -0.551      -0.421      -0.354      -0.006       0.342       0.408       0.539

 P4       WITH
    C4              -0.551      -0.421      -0.354      -0.006       0.342       0.408       0.539

 P5       WITH
    C5              -0.551      -0.421      -0.354      -0.006       0.342       0.408       0.539

 Means
    HEIGHT          -4.231      -3.708      -3.441      -2.047      -0.652      -0.385       0.137

 Intercepts
    P1               0.000       0.000       0.000       0.000       0.000       0.000       0.000
    P2               0.000       0.000       0.000       0.000       0.000       0.000       0.000
    P3               0.000       0.000       0.000       0.000       0.000       0.000       0.000
    P4               0.000       0.000       0.000       0.000       0.000       0.000       0.000
    P5               0.000       0.000       0.000       0.000       0.000       0.000       0.000
    C1               0.000       0.000       0.000       0.000       0.000       0.000       0.000
    C2               0.000       0.000       0.000       0.000       0.000       0.000       0.000
    C3               0.000       0.000       0.000       0.000       0.000       0.000       0.000
    C4               0.000       0.000       0.000       0.000       0.000       0.000       0.000
    C5               0.000       0.000       0.000       0.000       0.000       0.000       0.000
    IP              14.174      15.151      15.652      18.263      20.874      21.374      22.352
    SP              -2.439      -2.054      -1.858      -0.831       0.195       0.392       0.776
    IC              24.921      25.087      25.171      25.614      26.056      26.141      26.306
    SC              -0.135      -0.088      -0.064       0.063       0.190       0.215       0.262

 Variances
    HEIGHT          39.939      45.069      47.692      61.394      75.096      77.720      82.849

 Residual Variances
    P1               4.249       4.461       4.570       5.137       5.705       5.813       6.026
    P2               4.249       4.461       4.570       5.137       5.705       5.813       6.026
    P3               4.249       4.461       4.570       5.137       5.705       5.813       6.026
    P4               4.249       4.461       4.570       5.137       5.705       5.813       6.026
    P5               4.249       4.461       4.570       5.137       5.705       5.813       6.026
    C1               0.723       0.747       0.759       0.823       0.887       0.899       0.923
    C2               0.723       0.747       0.759       0.823       0.887       0.899       0.923
    C3               0.723       0.747       0.759       0.823       0.887       0.899       0.923
    C4               0.723       0.747       0.759       0.823       0.887       0.899       0.923
    C5               0.723       0.747       0.759       0.823       0.887       0.899       0.923
    IP              15.856      19.494      21.354      31.071      40.787      42.647      46.285
    SP               0.684       1.081       1.284       2.343       3.403       3.606       4.003
    IC               0.537       0.648       0.705       1.001       1.298       1.354       1.465
    SC              -0.025      -0.018      -0.014       0.004       0.023       0.027       0.034

New/Additional Parameters
    R_IPIC          -0.302      -0.176      -0.111       0.225       0.561       0.626       0.752
    R_SPSC          -3.117      -2.465      -2.132      -0.391       1.350       1.684       2.336
    R_RES_PC        -0.268      -0.205      -0.172      -0.003       0.166       0.199       0.262


SAMPLE STATISTICS FOR ESTIMATED FACTOR SCORES


     SAMPLE STATISTICS


           Means
              IP            IP_SE         SP            SP_SE         IC
              ________      ________      ________      ________      ________
 1             18.122         4.264        -1.351         1.291        26.409


           Means
              IC_SE         SC            SC_SE
              ________      ________      ________
 1              0.415         0.001         0.044


           Covariances
              IP            IP_SE         SP            SP_SE         IC
              ________      ________      ________      ________      ________
 IP            16.712
 IP_SE          0.450         2.421
 SP            -1.713         0.342         0.925
 SP_SE         -0.277         0.275         0.071         0.084
 IC             1.047        -0.369        -0.225        -0.071         1.067
 IC_SE         -0.076         0.029         0.006         0.013        -0.012
 SC            -0.057        -0.030        -0.003        -0.004         0.043
 SC_SE         -0.006         0.007         0.001         0.002        -0.002


           Covariances
              IC_SE         SC            SC_SE
              ________      ________      ________
 IC_SE          0.005
 SC             0.000         0.005
 SC_SE          0.000         0.000         0.000


           Correlations
              IP            IP_SE         SP            SP_SE         IC
              ________      ________      ________      ________      ________
 IP             1.000
 IP_SE          0.071         1.000
 SP            -0.436         0.228         1.000
 SP_SE         -0.234         0.611         0.256         1.000
 IC             0.248        -0.230        -0.226        -0.238         1.000
 IC_SE         -0.269         0.267         0.091         0.665        -0.172
 SC            -0.202        -0.281        -0.044        -0.176         0.600
 SC_SE         -0.195         0.654         0.105         0.846        -0.238


           Correlations
              IC_SE         SC            SC_SE
              ________      ________      ________
 IC_SE          1.000
 SC            -0.026         1.000
 SC_SE          0.835        -0.127         1.000


PLOT INFORMATION

The following plots are available:

  Histograms (sample values, estimated factor scores)
  Scatterplots (sample values, estimated factor scores)
  Latent variable distribution plots

SAVEDATA INFORMATION


  Save file
    EAS_Grip_mmse_Slopes_female

  Order and format of variables

    P1             F10.3
    P2             F10.3
    P3             F10.3
    P4             F10.3
    P5             F10.3
    C1             F10.3
    C2             F10.3
    C3             F10.3
    C4             F10.3
    C5             F10.3
    HEIGHT         F10.3
    BAGE           F10.3
    EDUC           F10.3
    DIAB           F10.3
    SMOKHIST       F10.3
    CARDIO         F10.3
    TIME1          F10.3
    TIME2          F10.3
    TIME3          F10.3
    TIME4          F10.3
    TIME5          F10.3
    IP             F10.3
    IP_SE          F10.3
    SP             F10.3
    SP_SE          F10.3
    IC             F10.3
    IC_SE          F10.3
    SC             F10.3
    SC_SE          F10.3

  Save file format
    29F10.3

  Save file record length    10000


DIAGRAM INFORMATION

  Use View Diagram under the Diagram menu in the Mplus Editor to view the diagram.
  If running Mplus from the Mplus Diagrammer, the diagram opens automatically.

  Diagram output
    c:\users\andrea zammit\documents\github\ialsa-2015-portland\studies\eas\november29\b1_female_aeh

     Beginning Time:  09:04:28
        Ending Time:  09:04:31
       Elapsed Time:  00:00:03



MUTHEN & MUTHEN
3463 Stoner Ave.
Los Angeles, CA  90066

Tel: (310) 391-9971
Fax: (310) 391-8971
Web: www.StatModel.com
Support: Support@StatModel.com

Copyright (c) 1998-2014 Muthen & Muthen
