Mplus VERSION 7.11 (Mac)
MUTHEN & MUTHEN
11/11/2016   1:33 PM

INPUT INSTRUCTIONS

  TITLE:

   m3, b1, FAS, grip, LGM,aehplus Conditional, male

  DATA:
    File = /Users/andreazammit/Desktop/EASMaster.csv;
  VARIABLE:
   Names are
          SubjectID Sex Ethnic Caus DemEver Bagesq deathage DEMO23 Educyrs Status
          Wave_1 Wave_2 Wave_3 Wave_4 Wave_5 Wave_6 Wave_7 Wave_8 Wave_9 Wave_10
          AgeAtWaveOne AgeAtWave_2 AgeAtWave_3 AgeAtWave_4 AgeAtWave_5 AgeAtWave_6
          AgeAtWave_7
          AgeAtWave_8 AgeAtWave_9 AgeAtWave_10
          YrsSinceBaseline_1 YrsSinceBaseline_2 YrsSinceBaseline_3 YrsSinceBaseline_4
          YrsSinceBaseline_5 YrsSinceBaseline_6 YrsSinceBaseline_7 YrsSinceBaseline_8
          YrsSinceBaseline_9 YrsSinceBaseline_10
          Blessd_1 Blessd_2 Blessd_3 Blessd_4 Blessd_5 Blessd_6 Blessd_7
          Blessd_8 Blessd_9 Blessd_10
          MMS_1 MMS_2 MMS_3 MMS_4 MMS_5 MMS_6 MMS_7 MMS_8 MMS_9 MMS_10
          GDSScore_1 GDSScore_2 GDSScore_3 GDSScore_4 GDSScore_5 GDSScore_6 GDSScore_7
          GDSScore_8 GDSScore_9 GDSScore_10
          FreeRecall_1 FreeRecall_2 FreeRecall_3 FreeRecall_4 FreeRecall_5
          FreeRecall_6 FreeRecall_7 FreeRecall_8 FreeRecall_9 FreeRecall_10
          TotRecall_1 TotRecall_2 TotRecall_3 TotRecall_4 TotRecall_5 TotRecall_6
          TotRecall_7
          TotRecall_8 TotRecall_9 TotRecall_10
          DelFreeRecall_1 DelFreeRecall_2 DelFreeRecall_3 DelFreeRecall_4 DelFreeRecall_5
          DelFreeRecall_6 DelFreeRecall_7 DelFreeRecall_8 DelFreeRecall_9 DelFreeRecall_10
          DelTotRecall_1 DelTotRecall_2 DelTotRecall_3 DelTotRecall_4 DelTotRecall_5
          DelTotRecall_6 DelTotRecall_7 DelTotRecall_8 DelTotRecall_9 DelTotRecall_10
          BostonFree_1 BostonFree_2 BostonFree_3 BostonFree_4 BostonFree_5
          BostonFree_6 BostonFree_7 BostonFree_8 BostonFree_9 BostonFree_10
          Infraw_1 Infraw_2 Infraw_3 Infraw_4 Infraw_5 Infraw_6 Infraw_7
          Infraw_8 Infraw_9 Infraw_10
          Vocraw_1 Vocraw_2 Vocraw_3 Vocraw_4 Vocraw_5 Vocraw_6 Vocraw_7
          Vocraw_8 Vocraw_9 Vocraw_10
          Spnraw_1 Spnraw_2 Spnraw_3 Spnraw_4 Spnraw_5 Spnraw_6 Spnraw_7
          Spnraw_8 Spnraw_9 Spnraw_10
          DSpnAgeScaledScore_1 DSpnAgeScaledScore_2 DSpnAgeScaledScore_3
          DSpnAgeScaledScore_4 DSpnAgeScaledScore_5 DSpnAgeScaledScore_6
          DSpnAgeScaledScore_7 DSpnAgeScaledScore_8 DSpnAgeScaledScore_9
          DSpnAgeScaledScore_10
          Symraw_1 Symraw_2 Symraw_3 Symraw_4 Symraw_5 Symraw_6
          Symraw_7 Symraw_8 Symraw_9 Symraw_10
          Blockraw_1 Blockraw_2 Blockraw_3 Blockraw_4 Blockraw_5 Blockraw_6
          Blockraw_7 Blockraw_8 Blockraw_9 Blockraw_10
          FAS_1 FAS_2 FAS_3 FAS_4 FAS_5 FAS_6 FAS_7 FAS_8 FAS_9 FAS_10
          CAT_1 CAT_2 CAT_3 CAT_4
          CAT_5 CAT_6 CAT_7 CAT_8 CAT_9 CAT_10
          Grade_1 Grade_2 Grade_3 Grade_4 Grade_5 Grade_6 Grade_7 Grade_8 Grade_9 Grade_10
          LM_1 LM_2 LM_3 LM_4 LM_5 LM_6 LM_7 LM_8 LM_9 LM_10
          CFCopy_1 CFCopy_2 CFCopy_3 CFCopy_4 CFCopy_5 CFCopy_6 CFCopy_7
          CFCopy_8 CFCopy_9 CFCopy_10
          CFRecall_1 CFRecall_2 CFRecall_3 CFRecall_4 CFRecall_5 CFRecall_6 CFRecall_7
          CFRecall_8 CFRecall_9 CFRecall_10
          TrA1_1 TrA1_2 TrA1_3 TrA1_4 TrA1_5 TrA1_6 TrA1_7 TrA1_8 TrA1_9 TrA1_10
          TrlAZScore_1 TrlAZScore_2 TrlAZScore_3 TrlAZScore_4 TrlAZScore_5
          TrlAZScore_6 TrlAZScore_7 TrlAZScore_8 TrlAZScore_9 TrlAZScore_10
          TMTARate_1 TMTARate_2 TMTARate_3 TMTARate_4 TMTARate_5 TMTARate_6 TMTARate_7
          TMTARate_8 TMTARate_9 TMTARate_10
          TrA2_1 TrA2_2 TrA2_3 TrA2_4 TrA2_5 TrA2_6 TrA2_7 TrA2_8 TrA2_9 TrA2_10
          TrB1_1 TrB1_2 TrB1_3 TrB1_4 TrB1_5 TrB1_6 TrB1_7 TrB1_8 TrB1_9 TrB1_10
          TrlBZScore_1 TrlBZScore_2 TrlBZScore_3 TrlBZScore_4 TrlBZScore_5
          TrlBZScore_6 TrlBZScore_7 TrlBZScore_8 TrlBZScore_9 TrlBZScore_10
          TMTBRate_1 TMTBRate_2 TMTBRate_3 TMTBRate_4 TMTBRate_5 TMTBRate_6 TMTBRate_7
          TMTBRate_8 TMTBRate_9 TMTBRate_10
          TrB2_1 TrB2_2 TrB2_3 TrB2_4 TrB2_5 TrB2_6
          TrB2_7 TrB2_8 TrB2_9 TrB2_10
          EpisodicMemory2FreeCatLM_1 EpisodicMemory2FreeCatLM_2
          EpisodicMemory2FreeCatLM_3
          EpisodicMemory2FreeCatLM_4 EpisodicMemory2FreeCatLM_5
          EpisodicMemory2FreeCatLM_6 EpisodicMemory2FreeCatLM_7
          EpisodicMemory2FreeCatLM_8 EpisodicMemory2FreeCatLM_9
          EpisodicMemory2FreeCatLM_10
          FrontalExecFunc_1 FrontalExecFunc_2 FrontalExecFunc_3 FrontalExecFunc_4
          FrontalExecFunc_5 FrontalExecFunc_6 FrontalExecFunc_7 FrontalExecFunc_8
          FrontalExecFunc_9 FrontalExecFunc_10
          Language2BostVoc_1 Language2BostVoc_2
          Language2BostVoc_3 Language2BostVoc_4 Language2BostVoc_5
          Language2BostVoc_6 Language2BostVoc_7 Language2BostVoc_8
          Language2BostVoc_9 Language2BostVoc_10
          DysExec_1 DysExec_2 DysExec_3 DysExec_4 DysExec_5 DysExec_6 DysExec_7
          DysExec_8 DysExec_9 DysExec_10
          aMCI1_1 aMCI1_2 aMCI1_3 aMCI1_4 aMCI1_5 aMCI1_6 aMCI1_7 aMCI1_8 aMCI1_9 aMCI1_10
          naMCI1_1 naMCI1_2 naMCI1_3 naMCI1_4 naMCI1_5 naMCI1_6 naMCI1_7
          naMCI1_8 naMCI1_9 naMCI1_10
          CumulMI_1 CumulMI_2 CumulMI_3 CumulMI_4
          CumulMI_5 CumulMI_6 CumulMI_7 CumulMI_8 CumulMI_9 CumulMI_10
          CumulStroke_1 CumulStroke_2 CumulStroke_3 CumulStroke_4 CumulStroke_5
          CumulStroke_6 CumulStroke_7 CumulStroke_8 CumulStroke_9 CumulStroke_10
          CumulDiab_1 CumulDiab_2 CumulDiab_3 CumulDiab_4 CumulDiab_5 CumulDiab_6
          CumulDiab_7 CumulDiab_8 CumulDiab_9 CumulDiab_10
          DMever
          CumulHyper_1 CumulHyper_2 CumulHyper_3 CumulHyper_4 CumulHyper_5
          CumulHyper_6 CumulHyper_7 CumulHyper_8 CumulHyper_9 CumulHyper_10
          CumulAngina_1 CumulAngina_2 CumulAngina_3 CumulAngina_4 CumulAngina_5
          CumulAngina_6 CumulAngina_7 CumulAngina_8 CumulAngina_9 CumulAngina_10
          CumulHrtFail_1 CumulHrtFail_2 CumulHrtFail_3 CumulHrtFail_4 CumulHrtFail_5
          CumulHrtFail_6 CumulHrtFail_7 CumulHrtFail_8 CumulHrtFail_9 CumulHrtFail_10
          CumulPD_1 CumulPD_2 CumulPD_3 CumulPD_4 CumulPD_5 CumulPD_6 CumulPD_7
          CumulPD_8 CumulPD_9 CumulPD_10
          CumulDep_1 CumulDep_2 CumulDep_3 CumulDep_4
          CumulDep_5 CumulDep_6 CumulDep_7 CumulDep_8 CumulDep_9 CumulDep_10
          CumulAnemia_1 CumulAnemia_2 CumulAnemia_3 CumulAnemia_4 CumulAnemia_5
          CumulAnemia_6 CumulAnemia_7 CumulAnemia_8 CumulAnemia_9 CumulAnemia_10
          CVIndexArWave_1 CVIndexArWave_2 CVIndexArWave_3 CVIndexArWave_4 CVIndexArWave_5
          CVIndexArWave_6 CVIndexArWave_7 CVIndexArWave_8 CVIndexArWave_9 CVIndexArWave_10
          CVIndexCumul_1 CVIndexCumul_2 CVIndexCumul_3 CVIndexCumul_4 CVIndexCumul_5
          CVIndexCumul_6 CVIndexCumul_7 CVIndexCumul_8 CVIndexCumul_9 CVIndexCumul_10
          BloodPres1stSys_1 BloodPres1stSys_2 BloodPres1stSys_3 BloodPres1stSys_4
          BloodPres1stSys_5 BloodPres1stSys_6 BloodPres1stSys_7 BloodPres1stSys_8
          BloodPres1stSys_9 BloodPres1stSys_10
          BloodPres1stDia_1 BloodPres1stDia_2 BloodPres1stDia_3 BloodPres1stDia_4
          BloodPres1stDia_5 BloodPres1stDia_6 BloodPres1stDia_7 BloodPres1stDia_8
          BloodPres1stDia_9 BloodPres1stDia_10
          Ht_1 Ht_2 Ht_3 Ht_4 Ht_5 Ht_6 Ht_7 Ht_8 Ht_9 Ht_10
          Wt_1 Wt_2 Wt_3 Wt_4 Wt_5 Wt_6 Wt_7 Wt_8 Wt_9 Wt_10
          BMI_1 BMI_2 BMI_3 BMI_4 BMI_5 BMI_6 BMI_7 BMI_8 BMI_9 BMI_10
          Waist_1 Waist_2 Waist_3 Waist_4 Waist_5 Waist_6 Waist_7 Waist_8 Waist_9 Waist_10
          Hip_1 Hip_2 Hip_3 Hip_4 Hip_5 Hip_6 Hip_7 Hip_8 Hip_9 Hip_10
          Velocity_1 Velocity_2 Velocity_3 Velocity_4 Velocity_5 Velocity_6 Velocity_7
          Velocity_8 Velocity_9 Velocity_10
          ChairRaiseTime_1 ChairRaiseTime_2 ChairRaiseTime_3 ChairRaiseTime_4
          ChairRaiseTime_5 ChairRaiseTime_6 ChairRaiseTime_7 ChairRaiseTime_8
          ChairRaiseTime_9 ChairRaiseTime_10
          FlamingoStandTime_1 FlamingoStandTime_2 FlamingoStandTime_3 FlamingoStandTime_4
          FlamingoStandTime_5 FlamingoStandTime_6 FlamingoStandTime_7 FlamingoStandTime_8
          FlamingoStandTime_9 FlamingoStandTime_10
          MaxEff_1 MaxEff_2 MaxEff_3 MaxEff_4 MaxEff_5 MaxEff_6 MaxEff_7
          MaxEff_8 MaxEff_9 MaxEff_10
          PeakFlowBestOf3_1 PeakFlowBestOf3_2 PeakFlowBestOf3_3 PeakFlowBestOf3_4
          PeakFlowBestOf3_5 PeakFlowBestOf3_6 PeakFlowBestOf3_7 PeakFlowBestOf3_8
          PeakFlowBestOf3_9 PeakFlowBestOf3_10
          UPDRS15_1 UPDRS15_2 UPDRS15_3 UPDRS15_4 UPDRS15_5 UPDRS15_6 UPDRS15_7
          UPDRS15_8 UPDRS15_9 UPDRS15_10
          UPDRS27_1 UPDRS27_2 UPDRS27_3 UPDRS27_4 UPDRS27_5 UPDRS27_6 UPDRS27_7
          UPDRS27_8 UPDRS27_9 UPDRS27_10
          UPDRS28_1 UPDRS28_2 UPDRS28_3 UPDRS28_4
          UPDRS28_5 UPDRS28_6 UPDRS28_7 UPDRS28_8 UPDRS28_9 UPDRS28_10
          UPDRS29_1 UPDRS29_2 UPDRS29_3 UPDRS29_4 UPDRS29_5 UPDRS29_6 UPDRS29_7
          UPDRS29_8 UPDRS29_9 UPDRS29_10
          EMail_1 EMail_2 EMail_3 EMail_4 EMail_5 EMail_6 EMail_7 EMail_8 EMail_9 EMail_10
          Aerobic_1 Aerobic_2 Aerobic_3 Aerobic_4 Aerobic_5 Aerobic_6 Aerobic_7
          Aerobic_8 Aerobic_9 Aerobic_10
          HrsFor2WeekLight_1 HrsFor2WeekLight_2 HrsFor2WeekLight_3 HrsFor2WeekLight_4
          HrsFor2WeekLight_5 HrsFor2WeekLight_6 HrsFor2WeekLight_7 HrsFor2WeekLight_8
          HrsFor2WeekLight_9 HrsFor2WeekLight_10
          HrsFor2WeekMedium_1 HrsFor2WeekMedium_2 HrsFor2WeekMedium_3 HrsFor2WeekMedium_4
          HrsFor2WeekMedium_5 HrsFor2WeekMedium_6 HrsFor2WeekMedium_7 HrsFor2WeekMedium_8
          HrsFor2WeekMedium_9 HrsFor2WeekMedium_10
          HrsFor2WeekHeavy_1 HrsFor2WeekHeavy_2 HrsFor2WeekHeavy_3 HrsFor2WeekHeavy_4
          HrsFor2WeekHeavy_5 HrsFor2WeekHeavy_6 HrsFor2WeekHeavy_7 HrsFor2WeekHeavy_8
          HrsFor2WeekHeavy_9 HrsFor2WeekHeavy_10
          DaysPerWeekLight_1 DaysPerWeekLight_2 DaysPerWeekLight_3 DaysPerWeekLight_4
          DaysPerWeekLight_5 DaysPerWeekLight_6 DaysPerWeekLight_7 DaysPerWeekLight_8
          DaysPerWeekLight_9 DaysPerWeekLight_10
          DaysPerWeekMedium_1 DaysPerWeekMedium_2 DaysPerWeekMedium_3 DaysPerWeekMedium_4
          DaysPerWeekMedium_5
          DaysPerWeekMedium_6 DaysPerWeekMedium_7 DaysPerWeekMedium_8 DaysPerWeekMedium_9
          DaysPerWeekMedium_10
          DaysPerWeekHeavy_1 DaysPerWeekHeavy_2 DaysPerWeekHeavy_3 DaysPerWeekHeavy_4
          DaysPerWeekHeavy_5 DaysPerWeekHeavy_6 DaysPerWeekHeavy_7 DaysPerWeekHeavy_8
          DaysPerWeekHeavy_9 DaysPerWeekHeavy_10
          CigsPerDay_1 CigsPerDay_2 CigsPerDay_3
          CigsPerDay_4 CigsPerDay_5 CigsPerDay_6 CigsPerDay_7 CigsPerDay_8
          CigsPerDay_9 CigsPerDay_10
          SmokNow_1 SmokNow_2 SmokNow_3 SmokNow_4
          SmokNow_5 SmokNow_6 SmokNow_7 SmokNow_8 SmokNow_9 SmokNow_10
          SmokEver_1 SmokEver_2 SmokEver_3 SmokEver_4 SmokEver_5 SmokEver_6 SmokEver_7
          SmokEver_8 SmokEver_9 SmokEver_10
          SmokNumYrs_1 SmokNumYrs_2 SmokNumYrs_3 SmokNumYrs_4 SmokNumYrs_5
          SmokNumYrs_6 SmokNumYrs_7 SmokNumYrs_8 SmokNumYrs_9 SmokNumYrs_10
          DrinksPerMonth_1 DrinksPerMonth_2 DrinksPerMonth_3 DrinksPerMonth_4
          DrinksPerMonth_5 DrinksPerMonth_6 DrinksPerMonth_7 DrinksPerMonth_8
          DrinksPerMonth_9 DrinksPerMonth_10
          Glucose_1 Glucose_2 Glucose_3 Glucose_4 Glucose_5 Glucose_6 Glucose_7
          Glucose_8 Glucose_9 Glucose_10
          chronicpi1 chronicpi2 chronicpi3 chronicpi4 chronicpi5 chronicpi6 chronicpi7
          chronicpi8 chronicpi9 chronicpi10
          Pdever
          Cvd cisum;
        MISSING = ALL(-9999);
               USEVAR are time1 time2 time3 time4 time5 time6 time7
                          p1 p2 p3 p4 p5 p6 p7
                         c1 c2 c3 c4 c5 c6 c7
                         Bage educ height Diab SmokHist Cardio;
               TSCORES =   time1 time2 time3 time4 time5 time6 time7;
              USEOBSERVATIONS are DemEver EQ 0 and sex EQ 0;
  DEFINE:
    p1=MaxEff_1; p2=MaxEff_2; p3=MaxEff_3; p4=MaxEff_4; p5=MaxEff_5;
    p6=MaxEff_6; p7=MaxEff_7;
  c1= FAS_1; c2=  FAS_2; c3= FAS_3; c4= FAS_4; c5= FAS_5;
  c6= FAS_6; c7= FAS_7;
                Bage=AgeAtWaveOne-70;
                Bagesq=(AgeatWaveOne-70)**2;
                Dage=deathage;
                Educ=Educyrs-7;
                SEP=DEMO23;
                time1=wave_1;
                time2=wave_2;
                time3=wave_3;
                time4=wave_4;
                time5=wave_5;
                time6=wave_6;
                time7=wave_7;
                time8=wave_8;
                time9=wave_9;
                time10=wave_10;
               Height=Ht_1-172;
                SmokHist=SmokEver_1;
                DepSymp = GDSScore_1;
                Cardio = cvd;
                Diab=DMever;
                AgeAtWave_1Educyrs=Bage*Educ;
  ANALYSIS:
   TYPE = RANDOM;
         ESTIMATOR=MLF;
         miterations=10000;
     h1convergence = 0.00001;
         COVERAGE = .001;
  OUTPUT:
   sampstat
   sampstat Cinterval;
  SAVEDATA:
    FILE IS EAS_P_FAS_Slopes_M;
    SAVE = FSCORES;
  PLOT:
     TYPE IS PLOT3;
  MODEL:
       ip sp | p1-p7 AT time1-time7;
       ic sc  | c1 - c7 AT time1-time7;
       ip(v_ip);
       sp(v_sp);
       ic(v_ic);
       sc(v_sc);
       ip WITH sp(c_ipsp);
       ip WITH ic(c_ipic);
       ip WITH sc (c_ipsc);
       sp WITH ic (c_spic);
       sp WITH sc (c_spsc);
       ic WITH SC (C_ICSC);
       ip sp  ic sc WITH ip sp ic sc;
       ip sp  ic sc  ON Bage educ height smokhist cardio diab;
       c1-c7 (res_c);
       p1-p7 (res_p);
       p1-p7 pwith c1-c7(res_cov);
  MODEL CONSTRAINT:
                NEW r_ipic; !assigns labels to new parameters;
                NEW r_spsc;
                NEW r_res_pc;
                r_ipic = c_ipic/((v_ip**0.5)*(v_ic**0.5));
                r_spsc = c_spsc/((v_sp**0.5)*(v_sc**0.5));
                r_res_pc = res_cov/((res_p**0.5)*(res_c**0.5));
  SAVEDATA:
      FILE IS EAS_P__FAS_Slopes_M_grip; ! *rename for each specific variable combination*;
      SAVE = FSCORES;

  PLOT:   TYPE IS PLOT3;
  OUTPUT: sampstat Cinterval;




*** WARNING
  Data set contains cases with missing on x-variables.
  These cases were not included in the analysis.
  Number of cases with missing on x-variables:  312
   1 WARNING(S) FOUND IN THE INPUT INSTRUCTIONS





m3, b1, FAS, grip, LGM,aehplus Conditional, male

SUMMARY OF ANALYSIS

Number of groups                                                 1
Number of observations                                          72

Number of dependent variables                                   14
Number of independent variables                                  6
Number of continuous latent variables                            4

Observed dependent variables

  Continuous
   P1          P2          P3          P4          P5          P6
   P7          C1          C2          C3          C4          C5
   C6          C7

Observed independent variables
   BAGE        EDUC        HEIGHT      DIAB        SMOKHIST    CARDIO

Continuous latent variables
   IP          SP          IC          SC

Variables with special functions

  Time scores
   TIME1       TIME2       TIME3       TIME4       TIME5       TIME6
   TIME7


Estimator                                                      MLF
Information matrix                                        OBSERVED
Maximum number of iterations                                   100
Convergence criterion                                    0.100D-05
Maximum number of EM iterations                              10000
Convergence criteria for the EM algorithm
  Loglikelihood change                                   0.100D-02
  Relative loglikelihood change                          0.100D-05
  Derivative                                             0.100D-03
Minimum variance                                         0.100D-03
Maximum number of steepest descent iterations                   20
Maximum number of iterations for H1                           2000
Convergence criterion for H1                             0.100D-04
Optimization algorithm                                         EMA

Input data file(s)
  /Users/andreazammit/Desktop/EASMaster.csv
Input data format  FREE


SUMMARY OF DATA

     Number of missing data patterns            26


COVARIANCE COVERAGE OF DATA

Minimum covariance coverage value   0.001


     PROPORTION OF DATA PRESENT


           Covariance Coverage
              P1            P2            P3            P4            P5
              ________      ________      ________      ________      ________
 P1             1.000
 P2             0.736         0.736
 P3             0.556         0.500         0.556
 P4             0.444         0.389         0.403         0.444
 P5             0.236         0.222         0.194         0.236         0.236
 P6             0.208         0.208         0.181         0.194         0.167
 P7             0.139         0.125         0.125         0.125         0.125
 C1             1.000         0.736         0.556         0.444         0.236
 C2             0.972         0.708         0.542         0.444         0.236
 C3             0.819         0.722         0.542         0.444         0.236
 C4             0.653         0.583         0.556         0.444         0.236
 C5             0.514         0.444         0.444         0.431         0.236
 C6             0.375         0.333         0.319         0.347         0.236
 C7             0.278         0.250         0.236         0.236         0.194
 BAGE           1.000         0.736         0.556         0.444         0.236
 EDUC           1.000         0.736         0.556         0.444         0.236
 HEIGHT         1.000         0.736         0.556         0.444         0.236
 DIAB           1.000         0.736         0.556         0.444         0.236
 SMOKHIST       1.000         0.736         0.556         0.444         0.236
 CARDIO         1.000         0.736         0.556         0.444         0.236


           Covariance Coverage
              P6            P7            C1            C2            C3
              ________      ________      ________      ________      ________
 P6             0.208
 P7             0.125         0.139
 C1             0.208         0.139         1.000
 C2             0.208         0.139         0.972         0.972
 C3             0.208         0.139         0.819         0.806         0.819
 C4             0.208         0.139         0.653         0.639         0.639
 C5             0.208         0.139         0.514         0.500         0.500
 C6             0.194         0.139         0.375         0.375         0.375
 C7             0.208         0.139         0.278         0.278         0.278
 BAGE           0.208         0.139         1.000         0.972         0.819
 EDUC           0.208         0.139         1.000         0.972         0.819
 HEIGHT         0.208         0.139         1.000         0.972         0.819
 DIAB           0.208         0.139         1.000         0.972         0.819
 SMOKHIST       0.208         0.139         1.000         0.972         0.819
 CARDIO         0.208         0.139         1.000         0.972         0.819


           Covariance Coverage
              C4            C5            C6            C7            BAGE
              ________      ________      ________      ________      ________
 C4             0.653
 C5             0.514         0.514
 C6             0.375         0.375         0.375
 C7             0.278         0.278         0.250         0.278
 BAGE           0.653         0.514         0.375         0.278         1.000
 EDUC           0.653         0.514         0.375         0.278         1.000
 HEIGHT         0.653         0.514         0.375         0.278         1.000
 DIAB           0.653         0.514         0.375         0.278         1.000
 SMOKHIST       0.653         0.514         0.375         0.278         1.000
 CARDIO         0.653         0.514         0.375         0.278         1.000


           Covariance Coverage
              EDUC          HEIGHT        DIAB          SMOKHIST      CARDIO
              ________      ________      ________      ________      ________
 EDUC           1.000
 HEIGHT         1.000         1.000
 DIAB           1.000         1.000         1.000
 SMOKHIST       1.000         1.000         1.000         1.000
 CARDIO         1.000         1.000         1.000         1.000         1.000


SAMPLE STATISTICS


     ESTIMATED SAMPLE STATISTICS


           Means
              P1            P2            P3            P4            P5
              ________      ________      ________      ________      ________
 1             27.153        26.200        23.986        20.531        18.324


           Means
              P6            P7            C1            C2            C3
              ________      ________      ________      ________      ________
 1             16.475        15.120        36.847        37.643        38.094


           Means
              C4            C5            C6            C7            BAGE
              ________      ________      ________      ________      ________
 1             38.177        36.888        38.594        36.603         7.964


           Means
              EDUC          HEIGHT        DIAB          SMOKHIST      CARDIO
              ________      ________      ________      ________      ________
 1              7.875         0.667         0.236         0.625         0.153


           Covariances
              P1            P2            P3            P4            P5
              ________      ________      ________      ________      ________
 P1            49.685
 P2            36.345        56.841
 P3            30.745        40.000        79.678
 P4            23.336        32.500        61.093        72.295
 P5            26.426        28.763        43.209        54.185        56.853
 P6             0.978        -0.176        19.779        20.985        11.968
 P7             9.760         6.367        26.363        31.077        18.684
 C1           -16.699       -22.290        -3.372        -9.261        -2.770
 C2           -14.900       -20.820        -0.583         3.792        13.533
 C3            -7.088       -14.417         4.661        14.622        25.365
 C4            -5.721        -4.769         5.992         3.762        19.600
 C5           -15.604        -3.717        12.585        18.296        26.732
 C6           -17.128        -3.890        -3.738        -5.827        12.873
 C7            12.448        -8.999        -2.661       -20.200        -1.292
 BAGE         -15.969       -18.573       -23.996       -20.948       -20.168
 EDUC          -2.509        -4.449        -3.886         0.933        -2.162
 HEIGHT        13.537        11.953        16.667        16.812        21.188
 DIAB          -0.036        -0.331        -0.229        -0.037        -0.364
 SMOKHIST       0.710         0.362         0.897         1.318         2.017
 CARDIO        -0.148         0.214         0.903         0.634         0.123


           Covariances
              P6            P7            C1            C2            C3
              ________      ________      ________      ________      ________
 P6            59.776
 P7            42.144        65.011
 C1           -23.451        -2.603       154.324
 C2           -32.941         1.551       134.863       156.092
 C3           -40.745        -2.068       128.048       136.937       173.901
 C4           -25.679       -13.468       125.260       126.931       131.009
 C5           -22.826        -0.841       101.656       116.205       119.356
 C6           -64.607       -52.637        92.808       106.414       124.400
 C7           -81.526       -12.950       167.729       192.345       182.336
 BAGE         -19.810       -16.398         1.542         4.346        -0.023
 EDUC          -3.509        -3.786        15.356        14.731        12.182
 HEIGHT        10.324        14.047       -17.801       -14.189       -18.993
 DIAB          -0.362        -0.333        -0.769        -1.319        -1.586
 SMOKHIST       1.109         1.089        -0.641        -0.012        -0.068
 CARDIO         0.054         1.110        -0.171         0.110         0.236


           Covariances
              C4            C5            C6            C7            BAGE
              ________      ________      ________      ________      ________
 C4           144.582
 C5           108.409       121.703
 C6           112.200       103.057       149.577
 C7           171.508       134.941       144.752       350.312
 BAGE          -4.233        -5.826         6.340        19.913        26.558
 EDUC           8.813         9.132         6.843         8.656         1.205
 HEIGHT       -20.099        -9.999       -20.451       -14.675        -5.409
 DIAB          -1.563        -0.580        -0.742        -1.235        -0.023
 SMOKHIST       0.156         0.215        -0.549        -1.597        -0.529
 CARDIO         0.133        -0.072        -0.169         0.340         0.083


           Covariances
              EDUC          HEIGHT        DIAB          SMOKHIST      CARDIO
              ________      ________      ________      ________      ________
 EDUC          11.498
 HEIGHT         0.986        52.583
 DIAB          -0.012         0.204         0.180
 SMOKHIST      -0.408         0.292         0.019         0.234
 CARDIO        -0.050        -0.157         0.006         0.030         0.157


           Correlations
              P1            P2            P3            P4            P5
              ________      ________      ________      ________      ________
 P1             1.000
 P2             0.684         1.000
 P3             0.489         0.594         1.000
 P4             0.389         0.507         0.805         1.000
 P5             0.497         0.506         0.642         0.845         1.000
 P6             0.018        -0.003         0.287         0.319         0.205
 P7             0.172         0.105         0.366         0.453         0.307
 C1            -0.191        -0.238        -0.030        -0.088        -0.030
 C2            -0.169        -0.221        -0.005         0.036         0.144
 C3            -0.076        -0.145         0.040         0.130         0.255
 C4            -0.068        -0.053         0.056         0.037         0.216
 C5            -0.201        -0.045         0.128         0.195         0.321
 C6            -0.199        -0.042        -0.034        -0.056         0.140
 C7             0.094        -0.064        -0.016        -0.127        -0.009
 BAGE          -0.440        -0.478        -0.522        -0.478        -0.519
 EDUC          -0.105        -0.174        -0.128         0.032        -0.085
 HEIGHT         0.265         0.219         0.257         0.273         0.388
 DIAB          -0.012        -0.103        -0.060        -0.010        -0.114
 SMOKHIST       0.208         0.099         0.208         0.320         0.553
 CARDIO        -0.053         0.072         0.255         0.188         0.041


           Correlations
              P6            P7            C1            C2            C3
              ________      ________      ________      ________      ________
 P6             1.000
 P7             0.676         1.000
 C1            -0.244        -0.026         1.000
 C2            -0.341         0.015         0.869         1.000
 C3            -0.400        -0.019         0.782         0.831         1.000
 C4            -0.276        -0.139         0.839         0.845         0.826
 C5            -0.268        -0.009         0.742         0.843         0.820
 C6            -0.683        -0.534         0.611         0.696         0.771
 C7            -0.563        -0.086         0.721         0.823         0.739
 BAGE          -0.497        -0.395         0.024         0.067         0.000
 EDUC          -0.134        -0.138         0.365         0.348         0.272
 HEIGHT         0.184         0.240        -0.198        -0.157        -0.199
 DIAB          -0.110        -0.097        -0.146        -0.249        -0.283
 SMOKHIST       0.296         0.279        -0.107        -0.002        -0.011
 CARDIO         0.018         0.347        -0.035         0.022         0.045


           Correlations
              C4            C5            C6            C7            BAGE
              ________      ________      ________      ________      ________
 C4             1.000
 C5             0.817         1.000
 C6             0.763         0.764         1.000
 C7             0.762         0.654         0.632         1.000
 BAGE          -0.068        -0.102         0.101         0.206         1.000
 EDUC           0.216         0.244         0.165         0.136         0.069
 HEIGHT        -0.231        -0.125        -0.231        -0.108        -0.145
 DIAB          -0.306        -0.124        -0.143        -0.155        -0.011
 SMOKHIST       0.027         0.040        -0.093        -0.176        -0.212
 CARDIO         0.028        -0.016        -0.035         0.046         0.041


           Correlations
              EDUC          HEIGHT        DIAB          SMOKHIST      CARDIO
              ________      ________      ________      ________      ________
 EDUC           1.000
 HEIGHT         0.040         1.000
 DIAB          -0.008         0.066         1.000
 SMOKHIST      -0.249         0.083         0.093         1.000
 CARDIO        -0.037        -0.055         0.033         0.154         1.000


     MAXIMUM LOG-LIKELIHOOD VALUE FOR THE UNRESTRICTED (H1) MODEL IS -2262.780


THE MODEL ESTIMATION TERMINATED NORMALLY



MODEL FIT INFORMATION

Number of Free Parameters                       41

Loglikelihood

          H0 Value                       -1859.901

Information Criteria

          Akaike (AIC)                    3801.803
          Bayesian (BIC)                  3895.146
          Sample-Size Adjusted BIC        3765.969
            (n* = (n + 2) / 24)



MODEL RESULTS

                                                    Two-Tailed
                    Estimate       S.E.  Est./S.E.    P-Value

 IP         ON
    BAGE              -0.535      0.348     -1.539      0.124
    EDUC              -0.280      0.429     -0.653      0.514
    HEIGHT             0.208      0.187      1.112      0.266
    SMOKHIST          -0.136      3.223     -0.042      0.966
    CARDIO            -0.337      3.919     -0.086      0.932
    DIAB              -0.424      5.166     -0.082      0.935

 SP         ON
    BAGE              -0.041      0.106     -0.385      0.700
    EDUC               0.037      0.109      0.338      0.736
    HEIGHT             0.002      0.064      0.032      0.974
    SMOKHIST           0.371      0.961      0.386      0.700
    CARDIO             0.715      1.080      0.663      0.508
    DIAB              -0.434      0.953     -0.455      0.649

 IC         ON
    BAGE              -0.040      0.401     -0.100      0.921
    EDUC               1.628      0.567      2.873      0.004
    HEIGHT            -0.352      0.368     -0.954      0.340
    SMOKHIST           1.724      4.474      0.385      0.700
    CARDIO             0.528      8.508      0.062      0.951
    DIAB              -5.909      6.474     -0.913      0.361

 SC         ON
    BAGE              -0.002      0.073     -0.034      0.973
    EDUC              -0.153      0.129     -1.187      0.235
    HEIGHT             0.012      0.074      0.168      0.867
    SMOKHIST           0.133      0.683      0.195      0.845
    CARDIO            -0.359      2.142     -0.168      0.867
    DIAB              -0.093      1.130     -0.082      0.935

 IP       WITH
    SP                -1.539      4.838     -0.318      0.750
    IC               -15.300     17.414     -0.879      0.380
    SC                 1.534      2.766      0.555      0.579

 SP       WITH
    IC                 3.490      6.825      0.511      0.609
    SC                -0.218      0.878     -0.248      0.804

 IC       WITH
    SC                 1.364      6.825      0.200      0.842

 P1       WITH
    C1                -0.583      4.159     -0.140      0.888

 P2       WITH
    C2                -0.583      4.159     -0.140      0.888

 P3       WITH
    C3                -0.583      4.159     -0.140      0.888

 P4       WITH
    C4                -0.583      4.159     -0.140      0.888

 P5       WITH
    C5                -0.583      4.159     -0.140      0.888

 P6       WITH
    C6                -0.583      4.159     -0.140      0.888

 P7       WITH
    C7                -0.583      4.159     -0.140      0.888

 Intercepts
    P1                 0.000      0.000    999.000    999.000
    P2                 0.000      0.000    999.000    999.000
    P3                 0.000      0.000    999.000    999.000
    P4                 0.000      0.000    999.000    999.000
    P5                 0.000      0.000    999.000    999.000
    P6                 0.000      0.000    999.000    999.000
    P7                 0.000      0.000    999.000    999.000
    C1                 0.000      0.000    999.000    999.000
    C2                 0.000      0.000    999.000    999.000
    C3                 0.000      0.000    999.000    999.000
    C4                 0.000      0.000    999.000    999.000
    C5                 0.000      0.000    999.000    999.000
    C6                 0.000      0.000    999.000    999.000
    C7                 0.000      0.000    999.000    999.000
    IP                36.406      4.899      7.431      0.000
    SP                -2.428      1.424     -1.705      0.088
    IC                25.022      7.406      3.379      0.001
    SC                 1.365      1.348      1.012      0.311

 Residual Variances
    P1                17.959      3.366      5.335      0.000
    P2                17.959      3.366      5.335      0.000
    P3                17.959      3.366      5.335      0.000
    P4                17.959      3.366      5.335      0.000
    P5                17.959      3.366      5.335      0.000
    P6                17.959      3.366      5.335      0.000
    P7                17.959      3.366      5.335      0.000
    C1                25.797      4.411      5.848      0.000
    C2                25.797      4.411      5.848      0.000
    C3                25.797      4.411      5.848      0.000
    C4                25.797      4.411      5.848      0.000
    C5                25.797      4.411      5.848      0.000
    C6                25.797      4.411      5.848      0.000
    C7                25.797      4.411      5.848      0.000
    IP                24.805     20.843      1.190      0.234
    SP                 0.457      1.151      0.397      0.691
    IC                91.720     40.671      2.255      0.024
    SC                 0.458      0.830      0.552      0.581

 New/Additional Parameters
    R_IPIC            -0.321      0.336     -0.954      0.340
    R_SPSC            -0.477      1.712     -0.278      0.781
    R_RES_PC          -0.027      0.192     -0.141      0.888


QUALITY OF NUMERICAL RESULTS

     Condition Number for the Information Matrix              0.174E-05
       (ratio of smallest to largest eigenvalue)


CONFIDENCE INTERVALS OF MODEL RESULTS

                  Lower .5%  Lower 2.5%    Lower 5%    Estimate    Upper 5%  Upper 2.5%   Upper .5%

 IP       ON
    BAGE            -1.430      -1.216      -1.107      -0.535       0.037       0.146       0.360
    EDUC            -1.385      -1.121      -0.986      -0.280       0.425       0.560       0.825
    HEIGHT          -0.274      -0.159      -0.100       0.208       0.516       0.575       0.690
    SMOKHIST        -8.438      -6.453      -5.438      -0.136       5.166       6.181       8.165
    CARDIO         -10.432      -8.018      -6.784      -0.337       6.110       7.345       9.758
    DIAB           -13.732     -10.550      -8.923      -0.424       8.074       9.702      12.883

 SP       ON
    BAGE            -0.315      -0.249      -0.216      -0.041       0.134       0.167       0.233
    EDUC            -0.243      -0.176      -0.142       0.037       0.215       0.249       0.316
    HEIGHT          -0.163      -0.124      -0.104       0.002       0.108       0.128       0.167
    SMOKHIST        -2.105      -1.513      -1.210       0.371       1.953       2.256       2.848
    CARDIO          -2.066      -1.401      -1.061       0.715       2.491       2.831       3.496
    DIAB            -2.887      -2.301      -2.000      -0.434       1.133       1.434       2.020

 IC       ON
    BAGE            -1.072      -0.825      -0.699      -0.040       0.619       0.745       0.992
    EDUC             0.169       0.517       0.696       1.628       2.560       2.739       3.088
    HEIGHT          -1.300      -1.073      -0.957      -0.352       0.254       0.370       0.597
    SMOKHIST        -9.800      -7.045      -5.636       1.724       9.084      10.493      13.249
    CARDIO         -21.388     -16.148     -13.468       0.528      14.524      17.205      22.444
    DIAB           -22.586     -18.599     -16.559      -5.909       4.741       6.780      10.767

 SC       ON
    BAGE            -0.191      -0.146      -0.123      -0.002       0.118       0.141       0.186
    EDUC            -0.486      -0.406      -0.366      -0.153       0.059       0.100       0.179
    HEIGHT          -0.179      -0.133      -0.110       0.012       0.135       0.158       0.204
    SMOKHIST        -1.625      -1.205      -0.990       0.133       1.257       1.472       1.892
    CARDIO          -5.877      -4.558      -3.883      -0.359       3.165       3.839       5.158
    DIAB            -3.004      -2.308      -1.952      -0.093       1.766       2.122       2.818

 IP       WITH
    SP             -14.001     -11.022      -9.498      -1.539       6.420       7.944      10.923
    IC             -60.155     -49.432     -43.946     -15.300      13.347      18.832      29.556
    SC              -5.590      -3.887      -3.015       1.534       6.084       6.956       8.659

 SP       WITH
    IC             -14.088      -9.886      -7.736       3.490      14.717      16.867      21.069
    SC              -2.479      -1.939      -1.662      -0.218       1.226       1.503       2.043

 IC       WITH
    SC             -16.216     -12.013      -9.864       1.364      12.592      14.741      18.944

 P1       WITH
    C1             -11.296      -8.735      -7.425      -0.583       6.258       7.568      10.129

 P2       WITH
    C2             -11.296      -8.735      -7.425      -0.583       6.258       7.568      10.129

 P3       WITH
    C3             -11.296      -8.735      -7.425      -0.583       6.258       7.568      10.129

 P4       WITH
    C4             -11.296      -8.735      -7.425      -0.583       6.258       7.568      10.129

 P5       WITH
    C5             -11.296      -8.735      -7.425      -0.583       6.258       7.568      10.129

 P6       WITH
    C6             -11.296      -8.735      -7.425      -0.583       6.258       7.568      10.129

 P7       WITH
    C7             -11.296      -8.735      -7.425      -0.583       6.258       7.568      10.129

 Intercepts
    P1               0.000       0.000       0.000       0.000       0.000       0.000       0.000
    P2               0.000       0.000       0.000       0.000       0.000       0.000       0.000
    P3               0.000       0.000       0.000       0.000       0.000       0.000       0.000
    P4               0.000       0.000       0.000       0.000       0.000       0.000       0.000
    P5               0.000       0.000       0.000       0.000       0.000       0.000       0.000
    P6               0.000       0.000       0.000       0.000       0.000       0.000       0.000
    P7               0.000       0.000       0.000       0.000       0.000       0.000       0.000
    C1               0.000       0.000       0.000       0.000       0.000       0.000       0.000
    C2               0.000       0.000       0.000       0.000       0.000       0.000       0.000
    C3               0.000       0.000       0.000       0.000       0.000       0.000       0.000
    C4               0.000       0.000       0.000       0.000       0.000       0.000       0.000
    C5               0.000       0.000       0.000       0.000       0.000       0.000       0.000
    C6               0.000       0.000       0.000       0.000       0.000       0.000       0.000
    C7               0.000       0.000       0.000       0.000       0.000       0.000       0.000
    IP              23.787      26.804      28.347      36.406      44.464      46.007      49.024
    SP              -6.096      -5.219      -4.770      -2.428      -0.086       0.363       1.240
    IC               5.945      10.506      12.839      25.022      37.205      39.538      44.098
    SC              -2.108      -1.277      -0.853       1.365       3.583       4.007       4.838

 Residual Variances
    P1               9.288      11.361      12.422      17.959      23.496      24.557      26.629
    P2               9.288      11.361      12.422      17.959      23.496      24.557      26.629
    P3               9.288      11.361      12.422      17.959      23.496      24.557      26.629
    P4               9.288      11.361      12.422      17.959      23.496      24.557      26.629
    P5               9.288      11.361      12.422      17.959      23.496      24.557      26.629
    P6               9.288      11.361      12.422      17.959      23.496      24.557      26.629
    P7               9.288      11.361      12.422      17.959      23.496      24.557      26.629
    C1              14.435      17.151      18.541      25.797      33.053      34.443      37.159
    C2              14.435      17.151      18.541      25.797      33.053      34.443      37.159
    C3              14.435      17.151      18.541      25.797      33.053      34.443      37.159
    C4              14.435      17.151      18.541      25.797      33.053      34.443      37.159
    C5              14.435      17.151      18.541      25.797      33.053      34.443      37.159
    C6              14.435      17.151      18.541      25.797      33.053      34.443      37.159
    C7              14.435      17.151      18.541      25.797      33.053      34.443      37.159
    IP             -28.883     -16.048      -9.482      24.805      59.092      65.658      78.493
    SP              -2.507      -1.799      -1.436       0.457       2.350       2.713       3.421
    IC             -13.042      12.004      24.815      91.720     158.624     171.436     196.481
    SC              -1.680      -1.169      -0.907       0.458       1.824       2.085       2.596

 New/Additional Parameters
    R_IPIC          -1.186      -0.980      -0.874      -0.321       0.232       0.338       0.545
    R_SPSC          -4.885      -3.831      -3.292      -0.477       2.339       2.878       3.932
    R_RES_PC        -0.522      -0.403      -0.343      -0.027       0.289       0.349       0.467


SAMPLE STATISTICS FOR ESTIMATED FACTOR SCORES


     SAMPLE STATISTICS


           Means
              IP            IP_SE         SP            SP_SE         IC
              ________      ________      ________      ________      ________
 1             29.842         2.676        -2.225         0.557        37.054


           Means
              IC_SE         SC            SC_SE
              ________      ________      ________
 1              2.779         0.153         0.535


           Covariances
              IP            IP_SE         SP            SP_SE         IC
              ________      ________      ________      ________      ________
 IP            29.688
 IP_SE          0.087         0.113
 SP            -0.146         0.034         0.352
 SP_SE         -0.005         0.009         0.003         0.002
 IC           -21.849        -0.626         3.634         0.045       124.611
 IC_SE          0.040         0.095         0.031         0.009        -0.487
 SC             1.637        -0.047        -0.048        -0.001        -0.934
 SC_SE          0.000         0.014         0.004         0.002        -0.007


           Covariances
              IC_SE         SC            SC_SE
              ________      ________      ________
 IC_SE          0.099
 SC            -0.035         0.481
 SC_SE          0.014        -0.003         0.003


           Correlations
              IP            IP_SE         SP            SP_SE         IC
              ________      ________      ________      ________      ________
 IP             1.000
 IP_SE          0.048         1.000
 SP            -0.045         0.170         1.000
 SP_SE         -0.022         0.609         0.107         1.000
 IC            -0.359        -0.167         0.549         0.093         1.000
 IC_SE          0.023         0.896         0.165         0.657        -0.139
 SC             0.433        -0.200        -0.118        -0.050        -0.121
 SC_SE          0.000         0.791         0.121         0.913        -0.013


           Correlations
              IC_SE         SC            SC_SE
              ________      ________      ________
 IC_SE          1.000
 SC            -0.162         1.000
 SC_SE          0.838        -0.071         1.000


PLOT INFORMATION

The following plots are available:

  Histograms of sample values
  Scatterplots (sample values, estimated factor scores)
  Latent variable distribution plots

SAVEDATA INFORMATION


  Save file
    EAS_P__FAS_Slopes_M_grip

  Order and format of variables

    P1             F10.3
    P2             F10.3
    P3             F10.3
    P4             F10.3
    P5             F10.3
    P6             F10.3
    P7             F10.3
    C1             F10.3
    C2             F10.3
    C3             F10.3
    C4             F10.3
    C5             F10.3
    C6             F10.3
    C7             F10.3
    BAGE           F10.3
    EDUC           F10.3
    HEIGHT         F10.3
    DIAB           F10.3
    SMOKHIST       F10.3
    CARDIO         F10.3
    TIME1          F10.3
    TIME2          F10.3
    TIME3          F10.3
    TIME4          F10.3
    TIME5          F10.3
    TIME6          F10.3
    TIME7          F10.3
    IP             F10.3
    IP_SE          F10.3
    SP             F10.3
    SP_SE          F10.3
    IC             F10.3
    IC_SE          F10.3
    SC             F10.3
    SC_SE          F10.3

  Save file format
    35F10.3

  Save file record length    10000


     Beginning Time:  13:33:13
        Ending Time:  13:33:14
       Elapsed Time:  00:00:01



MUTHEN & MUTHEN
3463 Stoner Ave.
Los Angeles, CA  90066

Tel: (310) 391-9971
Fax: (310) 391-8971
Web: www.StatModel.com
Support: Support@StatModel.com

Copyright (c) 1998-2013 Muthen & Muthen
