Mplus VERSION 7.3
MUTHEN & MUTHEN
03/02/2015   8:02 AM

INPUT INSTRUCTIONS


      TITLE: M2 Cognitive Function (Trails B), Quadratic LGM, Age Conditional, Male

      DATA:  File = C:\Users\Andrea Zammit\Desktop\EASMaster.csv;

      VARIABLE: Names are
        ! demographics
        SubjectID	Sex	Ethnic	Caus	DemEver	Bagesq	deathage	DEMO23	Educyrs	Status	

        !wave (1-10)
        Wave_1	Wave_2	Wave_3	Wave_4	Wave_5	Wave_6	Wave_7	Wave_8	Wave_9	Wave_10

        !age at wave	(1-10)
        AgeAtWaveOne	AgeAtWave_2	AgeAtWave_3	AgeAtWave_4	AgeAtWave_5	AgeAtWave_6	
        AgeAtWave_7	
        AgeAtWave_8	AgeAtWave_9	AgeAtWave_10	

        !years since baseline (1-10)
        YrsSinceBaseline_1	YrsSinceBaseline_2	YrsSinceBaseline_3	YrsSinceBaseline_4	
        YrsSinceBaseline_5	YrsSinceBaseline_6	YrsSinceBaseline_7	YrsSinceBaseline_8	
        YrsSinceBaseline_9	YrsSinceBaseline_10	

        !Blessed (1-10)
        Blessd_1	Blessd_2	Blessd_3	Blessd_4	Blessd_5	Blessd_6	Blessd_7	
        Blessd_8	Blessd_9	Blessd_10	

        !MMSE (1-10)
        MMS_1	MMS_2	MMS_3	MMS_4	MMS_5	MMS_6	MMS_7	MMS_8	MMS_9	MMS_10	

        !GDS (1-10)
        GDSScore_1	GDSScore_2	GDSScore_3	GDSScore_4	GDSScore_5	GDSScore_6	GDSScore_7	
        GDSScore_8	GDSScore_9	GDSScore_10	

        !Free recall (1-10)
        FreeRecall_1	FreeRecall_2	FreeRecall_3	FreeRecall_4	FreeRecall_5	
        FreeRecall_6	FreeRecall_7	FreeRecall_8	FreeRecall_9	FreeRecall_10

        !Total recall (1-10)	
        TotRecall_1	TotRecall_2	TotRecall_3	TotRecall_4	TotRecall_5	TotRecall_6	TotRecall_7	
        TotRecall_8	TotRecall_9	TotRecall_10

       !Delayed free recall (1-10)
        DelFreeRecall_1	DelFreeRecall_2	DelFreeRecall_3	DelFreeRecall_4	DelFreeRecall_5	
        DelFreeRecall_6	DelFreeRecall_7	DelFreeRecall_8	DelFreeRecall_9	DelFreeRecall_10

        !Delayed total recall (1-10)	
        DelTotRecall_1	DelTotRecall_2	DelTotRecall_3	DelTotRecall_4	DelTotRecall_5	
        DelTotRecall_6	DelTotRecall_7	DelTotRecall_8	DelTotRecall_9	DelTotRecall_10	

        !Boston (1-10)
        BostonFree_1	BostonFree_2	BostonFree_3	BostonFree_4	BostonFree_5	
        BostonFree_6	BostonFree_7	BostonFree_8	BostonFree_9	BostonFree_10

        !Infraw (1-10)	
        Infraw_1	Infraw_2	Infraw_3	Infraw_4	Infraw_5	Infraw_6	Infraw_7	
        Infraw_8	Infraw_9	Infraw_10	

        !voc raw (1-10)	
        Vocraw_1	Vocraw_2	Vocraw_3	Vocraw_4	Vocraw_5	Vocraw_6	Vocraw_7	
        Vocraw_8	Vocraw_9	Vocraw_10	

      !span raw (1-10)
        Spnraw_1	Spnraw_2	Spnraw_3	Spnraw_4	Spnraw_5	Spnraw_6 Spnraw_7	
        Spnraw_8	Spnraw_9	Spnraw_10	

        !span age scaled (1-10)
        DSpnAgeScaledScore_1	DSpnAgeScaledScore_2	DSpnAgeScaledScore_3	
        DSpnAgeScaledScore_4	DSpnAgeScaledScore_5	DSpnAgeScaledScore_6	
        DSpnAgeScaledScore_7	DSpnAgeScaledScore_8	DSpnAgeScaledScore_9	
        DSpnAgeScaledScore_10	


        !symraw (1-10)
        Symraw_1	Symraw_2	Symraw_3	Symraw_4	Symraw_5	Symraw_6	
        Symraw_7	Symraw_8	Symraw_9	Symraw_10


        !Block (1-10)
        Blockraw_1	Blockraw_2	Blockraw_3	Blockraw_4	Blockraw_5	Blockraw_6	
        Blockraw_7	Blockraw_8	Blockraw_9	Blockraw_10	

        !FAS (1-10)
        FAS_1	FAS_2	FAS_3	FAS_4	FAS_5	FAS_6	FAS_7	FAS_8	FAS_9	FAS_10
        	

        CAT_1	CAT_2	CAT_3	CAT_4
        CAT_5	CAT_6	CAT_7	CAT_8	CAT_9	CAT_10	

        Grade_1	Grade_2	Grade_3	Grade_4	Grade_5	Grade_6	Grade_7	Grade_8	Grade_9	Grade_10	

        LM_1	LM_2	LM_3	LM_4	LM_5	LM_6	LM_7	LM_8	LM_9	LM_10	

        CFCopy_1	CFCopy_2	CFCopy_3	CFCopy_4	CFCopy_5	CFCopy_6	CFCopy_7	
        CFCopy_8	CFCopy_9	CFCopy_10	

        CFRecall_1	CFRecall_2	CFRecall_3	CFRecall_4	CFRecall_5	CFRecall_6	CFRecall_7	
        CFRecall_8	CFRecall_9	CFRecall_10	


        TrA1_1	TrA1_2	TrA1_3	TrA1_4	TrA1_5	TrA1_6	TrA1_7	TrA1_8	TrA1_9	TrA1_10	

        TrlAZScore_1	TrlAZScore_2	TrlAZScore_3	TrlAZScore_4	TrlAZScore_5	
        TrlAZScore_6	TrlAZScore_7	TrlAZScore_8	TrlAZScore_9	TrlAZScore_10	


        TMTARate_1	TMTARate_2	TMTARate_3	TMTARate_4	TMTARate_5	TMTARate_6	TMTARate_7	
        TMTARate_8	TMTARate_9	TMTARate_10	

        TrA2_1	TrA2_2	TrA2_3	TrA2_4	TrA2_5	TrA2_6	TrA2_7	TrA2_8	TrA2_9	TrA2_10	

        TrB1_1	TrB1_2	TrB1_3	TrB1_4	TrB1_5	TrB1_6	TrB1_7	TrB1_8	TrB1_9	TrB1_10	

        TrlBZScore_1	TrlBZScore_2	TrlBZScore_3	TrlBZScore_4	TrlBZScore_5	
        TrlBZScore_6	TrlBZScore_7	TrlBZScore_8	TrlBZScore_9	TrlBZScore_10	

        TMTBRate_1	TMTBRate_2	TMTBRate_3	TMTBRate_4	TMTBRate_5	TMTBRate_6	TMTBRate_7	
        TMTBRate_8	TMTBRate_9	TMTBRate_10	

        TrB2_1	TrB2_2	TrB2_3	TrB2_4	TrB2_5	TrB2_6
        TrB2_7	TrB2_8	TrB2_9	TrB2_10	

        EpisodicMemory2FreeCatLM_1	EpisodicMemory2FreeCatLM_2	
        EpisodicMemory2FreeCatLM_3	
        EpisodicMemory2FreeCatLM_4	EpisodicMemory2FreeCatLM_5	
        EpisodicMemory2FreeCatLM_6	EpisodicMemory2FreeCatLM_7	
        EpisodicMemory2FreeCatLM_8	EpisodicMemory2FreeCatLM_9	
        EpisodicMemory2FreeCatLM_10	

        FrontalExecFunc_1	FrontalExecFunc_2	FrontalExecFunc_3	FrontalExecFunc_4	
        FrontalExecFunc_5	FrontalExecFunc_6	FrontalExecFunc_7	FrontalExecFunc_8	
        FrontalExecFunc_9	FrontalExecFunc_10	

        Language2BostVoc_1	Language2BostVoc_2	
        Language2BostVoc_3	Language2BostVoc_4	Language2BostVoc_5	
        Language2BostVoc_6	Language2BostVoc_7	Language2BostVoc_8	
        Language2BostVoc_9	Language2BostVoc_10	

        DysExec_1	DysExec_2	DysExec_3	DysExec_4	DysExec_5	DysExec_6	DysExec_7	
        DysExec_8	DysExec_9	DysExec_10	

        aMCI1_1	aMCI1_2	aMCI1_3	aMCI1_4	aMCI1_5	aMCI1_6	aMCI1_7	aMCI1_8	aMCI1_9	aMCI1_10	

        naMCI1_1	naMCI1_2	naMCI1_3	naMCI1_4	naMCI1_5	naMCI1_6	naMCI1_7	
        naMCI1_8	naMCI1_9	naMCI1_10	

        CumulMI_1	CumulMI_2	CumulMI_3	CumulMI_4	
        CumulMI_5	CumulMI_6	CumulMI_7	CumulMI_8	CumulMI_9	CumulMI_10	

        CumulStroke_1	CumulStroke_2	CumulStroke_3	CumulStroke_4	CumulStroke_5	
        CumulStroke_6	CumulStroke_7	CumulStroke_8	CumulStroke_9	CumulStroke_10	

        CumulDiab_1	CumulDiab_2	CumulDiab_3	CumulDiab_4	CumulDiab_5	CumulDiab_6	
        CumulDiab_7	CumulDiab_8	CumulDiab_9	CumulDiab_10	

        DMever	

        CumulHyper_1	CumulHyper_2	CumulHyper_3	CumulHyper_4	CumulHyper_5	
        CumulHyper_6	CumulHyper_7	CumulHyper_8	CumulHyper_9	CumulHyper_10	

        CumulAngina_1	CumulAngina_2	CumulAngina_3	CumulAngina_4	CumulAngina_5	
        CumulAngina_6	CumulAngina_7	CumulAngina_8	CumulAngina_9	CumulAngina_10
        	
        CumulHrtFail_1	CumulHrtFail_2	CumulHrtFail_3	CumulHrtFail_4	CumulHrtFail_5	
        CumulHrtFail_6	CumulHrtFail_7	CumulHrtFail_8	CumulHrtFail_9	CumulHrtFail_10	

        CumulPD_1	CumulPD_2	CumulPD_3	CumulPD_4	CumulPD_5	CumulPD_6	CumulPD_7	
        CumulPD_8	CumulPD_9	CumulPD_10	

        CumulDep_1	CumulDep_2	CumulDep_3	CumulDep_4	
        CumulDep_5	CumulDep_6	CumulDep_7	CumulDep_8	CumulDep_9	CumulDep_10	

        CumulAnemia_1	CumulAnemia_2	CumulAnemia_3	CumulAnemia_4	CumulAnemia_5	
        CumulAnemia_6	CumulAnemia_7	CumulAnemia_8	CumulAnemia_9	CumulAnemia_10	

        CVIndexArWave_1 CVIndexArWave_2	CVIndexArWave_3	CVIndexArWave_4	CVIndexArWave_5	
        CVIndexArWave_6 CVIndexArWave_7	CVIndexArWave_8	CVIndexArWave_9	CVIndexArWave_10	


        CVIndexCumul_1 CVIndexCumul_2	CVIndexCumul_3	CVIndexCumul_4	CVIndexCumul_5	
        CVIndexCumul_6 CVIndexCumul_7	CVIndexCumul_8	CVIndexCumul_9	CVIndexCumul_10	

        BloodPres1stSys_1	BloodPres1stSys_2	BloodPres1stSys_3	BloodPres1stSys_4	
        BloodPres1stSys_5	BloodPres1stSys_6	BloodPres1stSys_7	BloodPres1stSys_8	
        BloodPres1stSys_9	BloodPres1stSys_10	

        BloodPres1stDia_1	BloodPres1stDia_2	BloodPres1stDia_3	BloodPres1stDia_4	
        BloodPres1stDia_5	BloodPres1stDia_6	BloodPres1stDia_7	BloodPres1stDia_8	
        BloodPres1stDia_9	BloodPres1stDia_10	

        Ht_1	Ht_2	Ht_3	Ht_4	Ht_5	Ht_6	Ht_7	Ht_8	Ht_9	Ht_10	

        Wt_1	Wt_2	Wt_3	Wt_4	Wt_5	Wt_6	Wt_7	Wt_8	Wt_9	Wt_10	

        BMI_1	BMI_2	BMI_3	BMI_4	BMI_5	BMI_6	BMI_7	BMI_8	BMI_9	BMI_10	

        Waist_1	Waist_2	Waist_3	Waist_4	Waist_5	Waist_6	Waist_7	Waist_8	Waist_9	Waist_10	

        Hip_1	Hip_2	Hip_3	Hip_4	Hip_5	Hip_6	Hip_7	Hip_8	Hip_9	Hip_10	

        Velocity_1	Velocity_2	Velocity_3	Velocity_4	Velocity_5	Velocity_6	Velocity_7	
        Velocity_8	Velocity_9	Velocity_10	

        ChairRaiseTime_1	ChairRaiseTime_2	ChairRaiseTime_3	ChairRaiseTime_4	
        ChairRaiseTime_5	ChairRaiseTime_6	ChairRaiseTime_7	ChairRaiseTime_8	
        ChairRaiseTime_9	ChairRaiseTime_10	

        FlamingoStandTime_1	FlamingoStandTime_2	FlamingoStandTime_3	FlamingoStandTime_4	
        FlamingoStandTime_5	FlamingoStandTime_6	FlamingoStandTime_7	FlamingoStandTime_8	
        FlamingoStandTime_9	FlamingoStandTime_10	

        MaxEff_1	MaxEff_2	MaxEff_3	MaxEff_4	MaxEff_5	MaxEff_6	MaxEff_7	
        MaxEff_8	MaxEff_9	MaxEff_10	

        PeakFlowBestOf3_1	PeakFlowBestOf3_2	PeakFlowBestOf3_3	PeakFlowBestOf3_4	
        PeakFlowBestOf3_5	PeakFlowBestOf3_6	PeakFlowBestOf3_7	PeakFlowBestOf3_8	
        PeakFlowBestOf3_9	PeakFlowBestOf3_10	

        UPDRS15_1	UPDRS15_2	UPDRS15_3	UPDRS15_4	UPDRS15_5	UPDRS15_6	UPDRS15_7	
        UPDRS15_8	UPDRS15_9	UPDRS15_10	

        UPDRS27_1	UPDRS27_2	UPDRS27_3	UPDRS27_4	UPDRS27_5	UPDRS27_6	UPDRS27_7	
        UPDRS27_8	UPDRS27_9	UPDRS27_10	

        UPDRS28_1	UPDRS28_2	UPDRS28_3	UPDRS28_4	
        UPDRS28_5	UPDRS28_6	UPDRS28_7	UPDRS28_8	UPDRS28_9	UPDRS28_10	

        UPDRS29_1	UPDRS29_2	UPDRS29_3	UPDRS29_4	UPDRS29_5	UPDRS29_6	UPDRS29_7	
        UPDRS29_8	UPDRS29_9	UPDRS29_10	

        EMail_1	EMail_2	EMail_3	EMail_4	EMail_5	EMail_6	EMail_7	EMail_8	EMail_9	EMail_10	

        Aerobic_1	Aerobic_2	Aerobic_3	Aerobic_4	Aerobic_5	Aerobic_6	Aerobic_7	
        Aerobic_8	Aerobic_9	Aerobic_10	

        HrsFor2WeekLight_1	HrsFor2WeekLight_2	HrsFor2WeekLight_3	HrsFor2WeekLight_4	
        HrsFor2WeekLight_5	HrsFor2WeekLight_6	HrsFor2WeekLight_7	HrsFor2WeekLight_8	
        HrsFor2WeekLight_9	HrsFor2WeekLight_10	

        HrsFor2WeekMedium_1	HrsFor2WeekMedium_2	HrsFor2WeekMedium_3	HrsFor2WeekMedium_4	
        HrsFor2WeekMedium_5	HrsFor2WeekMedium_6	HrsFor2WeekMedium_7	HrsFor2WeekMedium_8	
        HrsFor2WeekMedium_9	HrsFor2WeekMedium_10	

        HrsFor2WeekHeavy_1	HrsFor2WeekHeavy_2	HrsFor2WeekHeavy_3	HrsFor2WeekHeavy_4	
        HrsFor2WeekHeavy_5	HrsFor2WeekHeavy_6	HrsFor2WeekHeavy_7	HrsFor2WeekHeavy_8	
        HrsFor2WeekHeavy_9	HrsFor2WeekHeavy_10	

        DaysPerWeekLight_1	DaysPerWeekLight_2	DaysPerWeekLight_3	DaysPerWeekLight_4	
        DaysPerWeekLight_5	DaysPerWeekLight_6	DaysPerWeekLight_7	DaysPerWeekLight_8	
        DaysPerWeekLight_9	DaysPerWeekLight_10	

        DaysPerWeekMedium_1 DaysPerWeekMedium_2	DaysPerWeekMedium_3	DaysPerWeekMedium_4	
        DaysPerWeekMedium_5	
        DaysPerWeekMedium_6	DaysPerWeekMedium_7	DaysPerWeekMedium_8	DaysPerWeekMedium_9	
        DaysPerWeekMedium_10	

        DaysPerWeekHeavy_1	DaysPerWeekHeavy_2	DaysPerWeekHeavy_3	DaysPerWeekHeavy_4	
        DaysPerWeekHeavy_5	DaysPerWeekHeavy_6	DaysPerWeekHeavy_7	DaysPerWeekHeavy_8	
        DaysPerWeekHeavy_9	DaysPerWeekHeavy_10	

        CigsPerDay_1	CigsPerDay_2	CigsPerDay_3	
        CigsPerDay_4	CigsPerDay_5	CigsPerDay_6	CigsPerDay_7	CigsPerDay_8	
        CigsPerDay_9	CigsPerDay_10	

        SmokNow_1	SmokNow_2	SmokNow_3	SmokNow_4	
        SmokNow_5	SmokNow_6	SmokNow_7	SmokNow_8	SmokNow_9	SmokNow_10	

        SmokEver_1	SmokEver_2	SmokEver_3	SmokEver_4	SmokEver_5	SmokEver_6	SmokEver_7	
        SmokEver_8	SmokEver_9	SmokEver_10	

        SmokNumYrs_1	SmokNumYrs_2	SmokNumYrs_3	SmokNumYrs_4 SmokNumYrs_5	
        SmokNumYrs_6	SmokNumYrs_7	SmokNumYrs_8	SmokNumYrs_9 SmokNumYrs_10	

        DrinksPerMonth_1	DrinksPerMonth_2	DrinksPerMonth_3 DrinksPerMonth_4	
        DrinksPerMonth_5	DrinksPerMonth_6	DrinksPerMonth_7	DrinksPerMonth_8	
        DrinksPerMonth_9	DrinksPerMonth_10	

        Glucose_1	Glucose_2	Glucose_3	Glucose_4	Glucose_5	Glucose_6	Glucose_7	
        Glucose_8	Glucose_9	Glucose_10	

        chronicpi1	chronicpi2	chronicpi3	chronicpi4	chronicpi5	chronicpi6	chronicpi7	
        chronicpi8	chronicpi9	chronicpi10	

        Pdever
        CIsum CIindex;
      MISSING = ALL(-9999); !specification of missing observations coded in data file

             USEVAR are  time1 time2 time3 time4 time5 time6 time7 time8 time9 	
                         !p1 p2 p3 p4 p5 p6 p7 p8 p9
                       c1 c2 c3 c4 c5 c6 c7 c8 c9
                       Bage;
             TSCORES =   time1 time2 time3 time4 time5 time6 time7 time8 time9;

            USEOBSERVATIONS are DemEver EQ 0 and sex EQ 0;

      Define: !p1=PeakFlowBestOf3_1;	p2=PeakFlowBestOf3_2;	p3=PeakFlowBestOf3_3;
      !p4=PeakFlowBestOf3_4; p5=PeakFlowBestOf3_5;	p6=PeakFlowBestOf3_6;	
      !p7=PeakFlowBestOf3_7; p8=PeakFlowBestOf3_8;	p9=PeakFlowBestOf3_9;	

             c1= TrB1_1;	c2= TrB1_2;	c3= TrB1_3;	c4= TrB1_4;	c5= TrB1_5;	
                        c6= TrB1_6;	c7= TrB1_7;	c8= TrB1_8;	c9= TrB1_9;	

             Bage=AgeAtWaveOne-70;   !Centered at Age 70
              Bagesq=(AgeatWaveOne-70)**2;
              Dage=deathage;
              !female=sex;         !0=Male
              Educ=Educyrs-7;     ! Centered at 7 years
              SEP=DEMO23;
              time1=wave_1;
                    time2=wave_2;
                    time3=wave_3;
                    time4=wave_4;
                    time5=wave_5;
                    time6=wave_6;
                    time7=wave_7;
                    time8=wave_8;
                    time9=wave_9;
              !Marstat;
              !Height
              !Weight
              !BMI
              !SmokHist=SmokNow;
              !Alcohol;
              !CompExp;
              !PhysAct;
              !BP;
              !DepSymp;
              !Cardio;
              !Diab;
              !MorbInd;

              AgeAtWave_1Educyrs=Bage*Educ;

      ANALYSIS: TYPE = RANDOM;
       ESTIMATOR=MLF;
       COVERAGE = .05;

      MODEL:
      !ip sp | p1-p9 AT time1-time9;
       ic sc qc| c1-c9 AT time1-time9;
       ic sc qc ON Bage;
       c1-c9 (res_c);

             ! ip sp ic sc ON Bage;



    !ip sp ON Bage;

            !p1-p9 (res_p);


             ! p1-p5 pwith c1-c5(res_cov);
              !Paired covariances constrained to be equal across time

      OUTPUT: sampstat
      !sampstat Cinterval;






*** WARNING
  Data set contains cases with missing on all variables except
  x-variables.  These cases were not included in the analysis.
  Number of cases with missing on all variables except x-variables:  16
   1 WARNING(S) FOUND IN THE INPUT INSTRUCTIONS



M2 Cognitive Function (Trails B), Quadratic LGM, Age Conditional, Male

SUMMARY OF ANALYSIS

Number of groups                                                 1
Number of observations                                         368

Number of dependent variables                                    9
Number of independent variables                                  1
Number of continuous latent variables                            3

Observed dependent variables

  Continuous
   C1          C2          C3          C4          C5          C6
   C7          C8          C9

Observed independent variables
   BAGE

Continuous latent variables
   IC          SC          QC

Variables with special functions

  Time scores
   TIME1       TIME2       TIME3       TIME4       TIME5       TIME6
   TIME7       TIME8       TIME9


Estimator                                                      MLF
Information matrix                                        OBSERVED
Maximum number of iterations                                   100
Convergence criterion                                    0.100D-05
Maximum number of EM iterations                                500
Convergence criteria for the EM algorithm
  Loglikelihood change                                   0.100D-02
  Relative loglikelihood change                          0.100D-05
  Derivative                                             0.100D-03
Minimum variance                                         0.100D-03
Maximum number of steepest descent iterations                   20
Maximum number of iterations for H1                           2000
Convergence criterion for H1                             0.100D-03
Optimization algorithm                                         EMA

Input data file(s)
  C:\Users\Andrea Zammit\Desktop\EASMaster.csv
Input data format  FREE


SUMMARY OF DATA

     Number of missing data patterns            21


COVARIANCE COVERAGE OF DATA

Minimum covariance coverage value   0.050


     PROPORTION OF DATA PRESENT


           Covariance Coverage
              C1            C2            C3            C4            C5
              ________      ________      ________      ________      ________
 C1             0.965
 C2             0.554         0.590
 C3             0.394         0.399         0.408
 C4             0.299         0.304         0.307         0.310
 C5             0.247         0.253         0.255         0.255         0.258
 C6             0.190         0.196         0.198         0.198         0.198
 C7             0.133         0.136         0.139         0.139         0.139
 C8             0.079         0.082         0.082         0.082         0.082
 C9             0.043         0.046         0.046         0.046         0.046
 BAGE           0.965         0.590         0.408         0.310         0.258


           Covariance Coverage
              C6            C7            C8            C9            BAGE
              ________      ________      ________      ________      ________
 C6             0.198
 C7             0.133         0.139
 C8             0.082         0.079         0.082
 C9             0.046         0.046         0.046         0.046
 BAGE           0.198         0.139         0.082         0.046         1.000

     THE COVARIANCE COVERAGE FALLS BELOW THE SPECIFIED LIMIT.  THE MISSING
     DATA EM ALGORITHM WILL NOT BE INITIATED.  CHECK YOUR DATA OR LOWER THE
     COVARIANCE COVERAGE LIMIT.


SAMPLE STATISTICS


     ESTIMATED SAMPLE STATISTICS


           Means
              C1            C2            C3            C4            C5
              ________      ________      ________      ________      ________
 1            154.019       152.115       148.246       155.004       163.486


           Means
              C6            C7            C8            C9            BAGE
              ________      ________      ________      ________      ________
 1            161.993       160.380       168.592       164.918         8.434


           Covariances
              C1            C2            C3            C4            C5
              ________      ________      ________      ________      ________
 C1          5427.842
 C2          3622.220      5006.180
 C3          3365.169      2823.795      4486.962
 C4          4039.266      3419.317      3762.187      5514.491
 C5          3698.576      3770.218      3650.826      4322.294      5910.996
 C6          3594.387      3022.172      3384.650      4182.200      4259.951
 C7          2184.862      2713.602      2378.104      2651.549      3419.105
 C8          3156.886      3956.357      3006.021      3239.650      4001.270
 C9           982.819      1798.920       322.171       244.819      1958.374
 BAGE          54.913        73.822        53.451        63.889       100.495


           Covariances
              C6            C7            C8            C9            BAGE
              ________      ________      ________      ________      ________
 C6          5378.358
 C7          3827.852      5872.484
 C8          3458.330      4728.643      5498.961
 C9          1751.996      3868.639      4132.892      5285.230
 BAGE          92.843        28.649        40.381        41.532        28.234


           Correlations
              C1            C2            C3            C4            C5
              ________      ________      ________      ________      ________
 C1             1.000
 C2             0.695         1.000
 C3             0.682         0.596         1.000
 C4             0.738         0.651         0.756         1.000
 C5             0.653         0.693         0.709         0.757         1.000
 C6             0.665         0.582         0.689         0.768         0.756
 C7             0.387         0.500         0.463         0.466         0.580
 C8             0.578         0.754         0.605         0.588         0.702
 C9             0.183         0.350         0.066         0.045         0.350
 BAGE           0.140         0.196         0.150         0.162         0.246


           Correlations
              C6            C7            C8            C9            BAGE
              ________      ________      ________      ________      ________
 C6             1.000
 C7             0.681         1.000
 C8             0.636         0.832         1.000
 C9             0.329         0.694         0.767         1.000
 BAGE           0.238         0.070         0.102         0.108         1.000


     MAXIMUM LOG-LIKELIHOOD VALUE FOR THE UNRESTRICTED (H1) MODEL IS -7057.702


UNIVARIATE HIGHER-ORDER MOMENT DESCRIPTIVE STATISTICS


     UNIVARIATE HIGHER-ORDER MOMENT DESCRIPTIVE STATISTICS

         Variable/         Mean/     Skewness/   Minimum/ % with                Percentiles
        Sample Size      Variance    Kurtosis    Maximum  Min/Max      20%/60%    40%/80%    Median

     C1                  152.737       0.851      49.520    0.28%      91.380    115.430    131.000
             355.000    5378.359      -0.423     300.000   11.27%     147.910    215.000
     C2                  143.894       0.952      36.000    0.46%      87.000    111.750    124.000
             217.000    4622.696      -0.025     300.000    7.37%     133.770    199.570
     C3                  132.990       1.363      42.800    0.67%      87.000    108.000    120.265
             150.000    3870.447       1.346     300.000    6.67%     127.000    159.410
     C4                  136.788       1.434      56.660    0.88%      86.000    106.000    113.165
             114.000    4675.342       1.042     300.000   11.40%     124.000    164.000
     C5                  145.581       1.188      56.450    1.05%      90.000    108.000    124.000
              95.000    5270.896       0.267     300.000   13.68%     140.000    181.000
     C6                  138.747       1.272      59.000    1.37%      86.000    108.000    117.000
              73.000    4151.932       0.858     300.000    8.22%     132.000    166.000
     C7                  137.464       1.116      54.000    1.96%      81.000    103.000    117.000
              51.000    4462.147       0.312     300.000    5.88%     137.000    172.000
     C8                  132.400       1.255      70.000    6.67%      83.000    105.000    130.000
              30.000    2849.773       1.176     288.000    3.33%     138.000    156.000
     C9                  132.588       0.208      69.000    5.88%      87.000    115.000    115.000
              17.000    1635.183      -1.294     203.000    5.88%     125.000    177.000
     BAGE                  8.434       0.485      -2.838    0.27%       3.224      6.747      8.075
             368.000      28.234      -0.161      28.470    0.27%       9.264     12.804


THE MODEL ESTIMATION TERMINATED NORMALLY



MODEL FIT INFORMATION

Number of Free Parameters                       13

Loglikelihood

          H0 Value                       -5972.426

Information Criteria

          Akaike (AIC)                   11970.851
          Bayesian (BIC)                 12021.657
          Sample-Size Adjusted BIC       11980.412
            (n* = (n + 2) / 24)



MODEL RESULTS

                                                    Two-Tailed
                    Estimate       S.E.  Est./S.E.    P-Value

 IC         ON
    BAGE               1.914      1.021      1.875      0.061

 SC         ON
    BAGE               0.125      0.563      0.223      0.824

 QC         ON
    BAGE               0.001      0.068      0.016      0.987

 SC       WITH
    IC              -331.177    437.273     -0.757      0.449

 QC       WITH
    IC                18.362     54.525      0.337      0.736
    SC               -22.423     17.195     -1.304      0.192

 Intercepts
    C1                 0.000      0.000    999.000    999.000
    C2                 0.000      0.000    999.000    999.000
    C3                 0.000      0.000    999.000    999.000
    C4                 0.000      0.000    999.000    999.000
    C5                 0.000      0.000    999.000    999.000
    C6                 0.000      0.000    999.000    999.000
    C7                 0.000      0.000    999.000    999.000
    C8                 0.000      0.000    999.000    999.000
    C9                 0.000      0.000    999.000    999.000
    IC               138.898     11.453     12.127      0.000
    SC                -3.173      6.233     -0.509      0.611
    QC                 0.522      0.752      0.694      0.488

 Residual Variances
    C1              1462.360     52.158     28.037      0.000
    C2              1462.360     52.158     28.037      0.000
    C3              1462.360     52.158     28.037      0.000
    C4              1462.360     52.158     28.037      0.000
    C5              1462.360     52.158     28.037      0.000
    C6              1462.360     52.158     28.037      0.000
    C7              1462.360     52.158     28.037      0.000
    C8              1462.360     52.158     28.037      0.000
    C9              1462.360     52.158     28.037      0.000
    IC              4149.407   1023.515      4.054      0.000
    SC               236.542    151.345      1.563      0.118
    QC                 2.659      2.045      1.300      0.194


QUALITY OF NUMERICAL RESULTS

     Condition Number for the Information Matrix              0.341E-04
       (ratio of smallest to largest eigenvalue)


DIAGRAM INFORMATION

  Use View Diagram under the Diagram menu in the Mplus Editor to view the diagram.
  If running Mplus from the Mplus Diagrammer, the diagram opens automatically.

  Diagram output
    c:\users\andrea zammit\documents\github\ialsa-2015-portland\studies\eas\u2_male_age_nopulmonary_

     Beginning Time:  08:02:06
        Ending Time:  08:02:08
       Elapsed Time:  00:00:02



MUTHEN & MUTHEN
3463 Stoner Ave.
Los Angeles, CA  90066

Tel: (310) 391-9971
Fax: (310) 391-8971
Web: www.StatModel.com
Support: Support@StatModel.com

Copyright (c) 1998-2014 Muthen & Muthen
