Mplus VERSION 5.1
MUTHEN & MUTHEN
06/02/2015   2:58 PM

INPUT INSTRUCTIONS

    TITLE: Walking, Linear LGM, aeh Conditional, Male
    DATA: FILE IS e:\IALSA\IALSA_retour.dat;
    FORMAT IS FREE;
    VARIABLE: NAMES ARE sujetno
  sex
  age
  age_t2
  age_t3
  age_t4
  scolart1
  revfamt1
  reveokt1
  scodmst1
  scotmst1
  taimest1
  poimest1
  imct1
  walkf4m1
  tugt1
  leve1xt1
  leve5xt1
  tlev5xt1
  unipont1
  unipodt1
  march1t1
  march2t1
  marrapt1
  maxvd0t1
  maxvg0t1
  maxbd0t1
  maxbg0t1
  maxqd0t1
  maxqg0t1
  paset1
  exclut1
  pcst1
  mcst1
  reveokt2
  scodmst2
  scotmst2
  poimest2
  taimest2
  imct2
  tugt2
  walkf4m2
  leve1xt2
  leve5xt2
  tlev5xt2
  unipont2
  unipodt2
  march1t2
  march2t2
  marrapt2
  maxbd0t2
  maxbg0t2
  maxqd0t2
  maxqg0t2
  maxvd0t2
  maxvg0t2
  paset2
  pcst2
  mcst2
  revacct3
  revfamt3
  reveokt3
  scodmst3
  scotmst3
  poimest3
  imct3
  tugt3
  walkf4m3
  leve1xt3
  leve5xt3
  tlev5xt3
  unipont3
  unipodt3
  march1t3
  march2t3
  marrapt3
  maxbd0t3
  maxbg0t3
  maxqd0t3
  maxqg0t3
  maxvd0t3
  maxvg0t3
  paset3
  pcst3
  mcst3
  revacct4
  revfamt4
  reveokt4
  scodmst4
  scotmst4
  tugt4
  walkf4m4
  leve1xt4
  leve5xt4
  tlev5xt4
  unipont4
  unipodt4
  march1t4
  march2t4
  marrapt4
  maxbd0t4
  maxbg0t4
  maxqd0t4
  maxqg0t4
  maxvd0t4
  maxvg0t4
  paset4
  pcst4
  mcst4
  gdst1
  gdst2
  gdst3
  gdst4
  walkn4m1
  walkn4m2
  walkn4m3
  walkn4m4
  marital1
  marital2
  marital3
  marital4
  seslow
  packyears
  smokert1
  chronic1
  chronic2
  chronic3
  chronic4
  hypertt1
  hypertt2
  hypertt3
  hypertt4
  diabet1
  diabet2
  diabet3
  diabet4
  heartat1
  heartat2
  heartat3
  heartat4
  dead
  alcohot1
  alcohot2
  alcohot3
  alcohot4
  smokert2
  smokert3
  smokert4
  daydeath
  monthdeath
  yeardeath
  time1
  time2
  time3
  time4
  gript1
  gript2
  gript3
  gript4
  ;
  MISSING are ALL (-9999);

         USEVAR are  time1 time2 time3 time4
                     p1 p2 p3 p4
                     Bage Educ Height;

         TSCORES =   time1 time2 time3 time4;


  USEOBSERVATIONS are sex EQ 1; !female=0

  Define: p1=walkn4m1; p2=walkn4m2; p3=walkn4m3; p4=walkn4m4;
         !c1=scotmst1; c2=scotmst2; c3=scotmst3; c4=scotmst4;
          Bage=age-70;   !Centered at Age 70
          Bagesq=(age)**2;
          !Dage=YTDead;
          !Sex=sex;         !0=Male
           Educ=scolart1-7;   ! Centered at 7 years
         ! SEP=seslow;
          !Marstat;
          Height=taimest1-1.72; ! Centered at 1.60 meters for women
          !Weight
          !BMI
          !SmokHist=Smokert1;
          !Alcohol;
          !CompExp;
          !PhysAct;
          !BP;
          !DepSymp;
          !Cardio;
          !Diab;
          !MorbInd;

          !BageSex=Bage*Sex;
          !BageEduc=Bage*Educ;
          !SexEduc=Sex*Educ;

  ANALYSIS: TYPE = RANDOM;

  MODEL:  ip sp | p1-p4 AT time1-time4;

          ip sp ON Bage Educ Height ;

          p1-p4 (res_p);


  OUTPUT: sampstat;



*** WARNING
  Variable name contains more than 8 characters.
  Only the first 8 characters will be printed in the output.
  Variable: PACKYEARS
*** WARNING
  Variable name contains more than 8 characters.
  Only the first 8 characters will be printed in the output.
  Variable: MONTHDEATH
*** WARNING
  Variable name contains more than 8 characters.
  Only the first 8 characters will be printed in the output.
  Variable: YEARDEATH
*** WARNING
  Data set contains cases with missing on x-variables.
  These cases were not included in the analysis.
  Number of cases with missing on x-variables:  6
*** WARNING
  Data set contains cases with missing on all variables except
  x-variables.  These cases were not included in the analysis.
  Number of cases with missing on all variables except x-variables:  1
   5 WARNING(S) FOUND IN THE INPUT INSTRUCTIONS



Walking, Linear LGM, aeh Conditional, Male

SUMMARY OF ANALYSIS

Number of groups                                                 1
Number of observations                                         846

Number of dependent variables                                    4
Number of independent variables                                  3
Number of continuous latent variables                            2

Observed dependent variables

  Continuous
   P1          P2          P3          P4

Observed independent variables
   BAGE        EDUC        HEIGHT

Continuous latent variables
   IP          SP

Variables with special functions

  Time scores
   TIME1       TIME2       TIME3       TIME4


Estimator                                                      MLR
Information matrix                                        OBSERVED
Maximum number of iterations                                   100
Convergence criterion                                    0.100D-05
Maximum number of EM iterations                                500
Convergence criteria for the EM algorithm
  Loglikelihood change                                   0.100D-02
  Relative loglikelihood change                          0.100D-05
  Derivative                                             0.100D-03
Minimum variance                                         0.100D-03
Maximum number of steepest descent iterations                   20
Maximum number of iterations for H1                           2000
Convergence criterion for H1                             0.100D-03
Optimization algorithm                                         EMA

Input data file(s)
  e:\IALSA\IALSA_retour.dat
Input data format  FREE


SUMMARY OF DATA

     Number of missing data patterns             9


COVARIANCE COVERAGE OF DATA

Minimum covariance coverage value   0.100


     PROPORTION OF DATA PRESENT


           Covariance Coverage
              P1            P2            P3            P4            BAGE
              ________      ________      ________      ________      ________
 P1             0.999
 P2             0.871         0.872
 P3             0.827         0.805         0.829
 P4             0.764         0.745         0.743         0.764
 BAGE           0.999         0.872         0.829         0.764         1.000
 EDUC           0.999         0.872         0.829         0.764         1.000
 HEIGHT         0.999         0.872         0.829         0.764         1.000


           Covariance Coverage
              EDUC          HEIGHT
              ________      ________
 EDUC           1.000
 HEIGHT         1.000         1.000


SAMPLE STATISTICS


     ESTIMATED SAMPLE STATISTICS


           Means
              P1            P2            P3            P4            BAGE
              ________      ________      ________      ________      ________
 1              4.095         4.197         4.239         4.286         4.273


           Means
              EDUC          HEIGHT
              ________      ________
 1              4.924        -0.039


           Covariances
              P1            P2            P3            P4            BAGE
              ________      ________      ________      ________      ________
 P1             0.746
 P2             0.764         1.652
 P3             0.722         1.249         2.015
 P4             0.787         1.319         1.325         2.129
 BAGE           0.841         1.156         1.279         1.773        17.156
 EDUC          -0.730        -0.229        -0.651        -0.685        -1.280
 HEIGHT        -0.010        -0.007        -0.009        -0.011        -0.029


           Covariances
              EDUC          HEIGHT
              ________      ________
 EDUC          25.458
 HEIGHT         0.054         0.005


           Correlations
              P1            P2            P3            P4            BAGE
              ________      ________      ________      ________      ________
 P1             1.000
 P2             0.688         1.000
 P3             0.589         0.685         1.000
 P4             0.624         0.703         0.640         1.000
 BAGE           0.235         0.217         0.217         0.293         1.000
 EDUC          -0.167        -0.035        -0.091        -0.093        -0.061
 HEIGHT        -0.167        -0.083        -0.088        -0.115        -0.103


           Correlations
              EDUC          HEIGHT
              ________      ________
 EDUC           1.000
 HEIGHT         0.157         1.000


     MAXIMUM LOG-LIKELIHOOD VALUE FOR THE UNRESTRICTED (H1) MODEL IS -7793.483


THE MODEL ESTIMATION TERMINATED NORMALLY



TESTS OF MODEL FIT

Loglikelihood

          H0 Value                       -4021.627
          H0 Scaling Correction Factor      18.713
            for MLR

Information Criteria

          Number of Free Parameters             12
          Akaike (AIC)                    8067.255
          Bayesian (BIC)                  8124.141
          Sample-Size Adjusted BIC        8086.033
            (n* = (n + 2) / 24)



MODEL RESULTS

                                                    Two-Tailed
                    Estimate       S.E.  Est./S.E.    P-Value

 IP         ON
    BAGE               0.044      0.009      4.949      0.000
    EDUC              -0.017      0.005     -3.176      0.001
    HEIGHT            -1.295      0.456     -2.843      0.004

 SP         ON
    BAGE               0.018      0.005      3.368      0.001
    EDUC               0.000      0.003      0.076      0.939
    HEIGHT            -0.008      0.174     -0.044      0.965

 SP       WITH
    IP                 0.132      0.079      1.664      0.096

 Intercepts
    P1                 0.000      0.000    999.000    999.000
    P2                 0.000      0.000    999.000    999.000
    P3                 0.000      0.000    999.000    999.000
    P4                 0.000      0.000    999.000    999.000
    IP                 3.952      0.051     78.031      0.000
    SP                -0.013      0.020     -0.683      0.495

 Residual Variances
    P1                 0.528      0.211      2.502      0.012
    P2                 0.528      0.211      2.502      0.012
    P3                 0.528      0.211      2.502      0.012
    P4                 0.528      0.211      2.502      0.012
    IP                 0.445      0.226      1.968      0.049
    SP                 0.042      0.071      0.589      0.556


QUALITY OF NUMERICAL RESULTS

     Condition Number for the Information Matrix              0.234E-07
       (ratio of smallest to largest eigenvalue)


     Beginning Time:  14:58:04
        Ending Time:  14:58:10
       Elapsed Time:  00:00:06



MUTHEN & MUTHEN
3463 Stoner Ave.
Los Angeles, CA  90066

Tel: (310) 391-9971
Fax: (310) 391-8971
Web: www.StatModel.com
Support: Support@StatModel.com

Copyright (c) 1998-2008 Muthen & Muthen
