Mplus VERSION 7.11
MUTHEN & MUTHEN
03/09/2015   4:00 PM

INPUT INSTRUCTIONS

  TITLE:  TUG, Picture Completion, AEHplus, Female

  DATA:  File = C:\Users\Besitzer\Desktop\ilse 03.03.dat;

  VARIABLE: Names are
   T1SD18 ID SEX t1dss t1bd t1fs t1fsb t1age center t1beer t1wine
   t1k t1pc t1vf t1sa t1spf t2dss t2bd
      t2fs t2fsb t2beer t2wine t2k t2pc t2vf t2sa t2spf t3dss t3bd
      t3k t3pc t3vf t3sa t3spf t2age t3age
      T1TUG t1height t1weight T2TUG t2height t2weight T3TUG t3height
      t3weight time1 time2r time3r time3
      time2 T1HAVIR1 T1HAVIL1 T1HAVIR2 T1HAVIL2 T2HAVIR1 T2HAVIR2
      T2HAVIL1 T2HAVIL2 T3HAVIR1x T3HAVIR2x
      T3HAVIL1x T3HAVIL2x t1hg t2hg t3hg T1APEC T1INFAR T1RAUCH
      Educ element Haupt second others Smoker
      Former;

         MISSING are ALL(-9999);
         USEVAR are time1 time2 time3 Haupt second others T1APEC Smoker Former
                     p1 p2 p3 c1 c2 c3
                     Bage height;
         TSCORES = time1 time2 time3;


         USEOBSERVATIONS are sex EQ 1;

  Define: p1=t1tug; p2=t2tug; p3=t3tug;
          c1=t1pc; c2=t2pc; c3=t3pc;

          Bage=t1age-70;   !Centered at Age 70
          Bagesq=(t1age-70)**2;
          height=t1height-160; !centered for female

  ANALYSIS: TYPE = RANDOM; Estimator=MLF;

  MODEL:  ip sp | p1-p3 AT time1-time3;
          ic sc | c1-c3 AT time1-time3;
          ip; sp; ic; sc;
          ip sp ic sc WITH ip sp ic sc;

          ip sp ic sc ON Haupt second others T1APEC Smoker Former Bage height;

          p1-p3 (res_p);
          c1-c3 (res_c);
          p1-p3 pwith c1-c3(res_cov); !Paired covariances constrained to be equal

  OUTPUT: sampstat;



*** WARNING
  Data set contains cases with missing on x-variables.
  These cases were not included in the analysis.
  Number of cases with missing on x-variables:  15
   1 WARNING(S) FOUND IN THE INPUT INSTRUCTIONS



TUG, Picture Completion, AEHplus, Female

SUMMARY OF ANALYSIS

Number of groups                                                 1
Number of observations                                         225

Number of dependent variables                                    6
Number of independent variables                                  8
Number of continuous latent variables                            4

Observed dependent variables

  Continuous
   P1          P2          P3          C1          C2          C3

Observed independent variables
   HAUPT       SECOND      OTHERS      T1APEC      SMOKER      FORMER
   BAGE        HEIGHT

Continuous latent variables
   IP          SP          IC          SC

Variables with special functions

  Time scores
   TIME1       TIME2       TIME3


Estimator                                                      MLF
Information matrix                                        OBSERVED
Maximum number of iterations                                   100
Convergence criterion                                    0.100D-05
Maximum number of EM iterations                                500
Convergence criteria for the EM algorithm
  Loglikelihood change                                   0.100D-02
  Relative loglikelihood change                          0.100D-05
  Derivative                                             0.100D-03
Minimum variance                                         0.100D-03
Maximum number of steepest descent iterations                   20
Maximum number of iterations for H1                           2000
Convergence criterion for H1                             0.100D-03
Optimization algorithm                                         EMA

Input data file(s)
  C:\Users\Besitzer\Desktop\ilse 03.03.dat
Input data format  FREE


SUMMARY OF DATA

     Number of missing data patterns            12


COVARIANCE COVERAGE OF DATA

Minimum covariance coverage value   0.100


     PROPORTION OF DATA PRESENT


           Covariance Coverage
              P1            P2            P3            C1            C2
              ________      ________      ________      ________      ________
 P1             0.467
 P2             0.400         0.884
 P3             0.222         0.449         0.458
 C1             0.467         0.884         0.458         1.000
 C2             0.413         0.884         0.458         0.902         0.902
 C3             0.302         0.653         0.458         0.667         0.667
 HAUPT          0.467         0.884         0.458         1.000         0.902
 SECOND         0.467         0.884         0.458         1.000         0.902
 OTHERS         0.467         0.884         0.458         1.000         0.902
 T1APEC         0.467         0.884         0.458         1.000         0.902
 SMOKER         0.467         0.884         0.458         1.000         0.902
 FORMER         0.467         0.884         0.458         1.000         0.902
 BAGE           0.467         0.884         0.458         1.000         0.902
 HEIGHT         0.467         0.884         0.458         1.000         0.902


           Covariance Coverage
              C3            HAUPT         SECOND        OTHERS        T1APEC
              ________      ________      ________      ________      ________
 C3             0.667
 HAUPT          0.667         1.000
 SECOND         0.667         1.000         1.000
 OTHERS         0.667         1.000         1.000         1.000
 T1APEC         0.667         1.000         1.000         1.000         1.000
 SMOKER         0.667         1.000         1.000         1.000         1.000
 FORMER         0.667         1.000         1.000         1.000         1.000
 BAGE           0.667         1.000         1.000         1.000         1.000
 HEIGHT         0.667         1.000         1.000         1.000         1.000


           Covariance Coverage
              SMOKER        FORMER        BAGE          HEIGHT
              ________      ________      ________      ________
 SMOKER         1.000
 FORMER         1.000         1.000
 BAGE           1.000         1.000         1.000
 HEIGHT         1.000         1.000         1.000         1.000


SAMPLE STATISTICS


     ESTIMATED SAMPLE STATISTICS


           Means
              P1            P2            P3            C1            C2
              ________      ________      ________      ________      ________
 1              6.157         6.433         8.343        10.724        11.106


           Means
              C3            HAUPT         SECOND        OTHERS        T1APEC
              ________      ________      ________      ________      ________
 1             10.504         0.764         0.027         0.138         0.271


           Means
              SMOKER        FORMER        BAGE          HEIGHT
              ________      ________      ________      ________
 1              0.196         0.164        -7.049         2.018


           Covariances
              P1            P2            P3            C1            C2
              ________      ________      ________      ________      ________
 P1             2.160
 P2             1.915         4.050
 P3             0.925         1.042         2.394
 C1            -0.749         0.344         0.227        15.169
 C2            -0.867        -0.269         0.106         9.053        14.360
 C3            -0.667        -1.655        -0.295         9.414         7.246
 HAUPT          0.012        -0.037         0.033        -0.318        -0.251
 SECOND         0.001         0.060         0.107         0.070         0.037
 OTHERS        -0.018        -0.022        -0.071         0.300         0.256
 T1APEC         0.158         0.124         0.025        -0.099        -0.214
 SMOKER        -0.032        -0.081         0.048         0.058         0.034
 FORMER         0.075         0.030         0.055        -0.230        -0.064
 BAGE          -0.161        -0.240        -0.075        -0.138        -0.144
 HEIGHT         0.528        -0.322         0.747         0.680         1.055


           Covariances
              C3            HAUPT         SECOND        OTHERS        T1APEC
              ________      ________      ________      ________      ________
 C3            18.283
 HAUPT         -0.214         0.180
 SECOND        -0.012        -0.020         0.026
 OTHERS         0.220        -0.105        -0.004         0.119
 T1APEC        -0.032         0.011        -0.003        -0.002         0.198
 SMOKER         0.180        -0.016        -0.001         0.004         0.014
 FORMER        -0.099         0.012        -0.004         0.000        -0.005
 BAGE           0.533        -0.004        -0.003        -0.027         0.008
 HEIGHT         4.153        -0.147         0.017         0.078        -0.254


           Covariances
              SMOKER        FORMER        BAGE          HEIGHT
              ________      ________      ________      ________
 SMOKER         0.157
 FORMER        -0.032         0.137
 BAGE           0.039         0.002         0.846
 HEIGHT         0.299         0.086         0.092        39.849


           Correlations
              P1            P2            P3            C1            C2
              ________      ________      ________      ________      ________
 P1             1.000
 P2             0.647         1.000
 P3             0.407         0.335         1.000
 C1            -0.131         0.044         0.038         1.000
 C2            -0.156        -0.035         0.018         0.613         1.000
 C3            -0.106        -0.192        -0.045         0.565         0.447
 HAUPT          0.019        -0.043         0.050        -0.193        -0.156
 SECOND         0.004         0.184         0.428         0.111         0.061
 OTHERS        -0.035        -0.032        -0.132         0.224         0.196
 T1APEC         0.242         0.139         0.036        -0.057        -0.127
 SMOKER        -0.056        -0.101         0.079         0.038         0.023
 FORMER         0.137         0.040         0.097        -0.159        -0.045
 BAGE          -0.119        -0.130        -0.053        -0.039        -0.041
 HEIGHT         0.057        -0.025         0.077         0.028         0.044


           Correlations
              C3            HAUPT         SECOND        OTHERS        T1APEC
              ________      ________      ________      ________      ________
 C3             1.000
 HAUPT         -0.118         1.000
 SECOND        -0.017        -0.298         1.000
 OTHERS         0.149        -0.720        -0.066         1.000
 T1APEC        -0.017         0.056        -0.039        -0.012         1.000
 SMOKER         0.106        -0.096        -0.012         0.030         0.077
 FORMER        -0.063         0.077        -0.073        -0.003        -0.028
 BAGE           0.136        -0.011        -0.019        -0.085         0.019
 HEIGHT         0.154        -0.055         0.017         0.036        -0.090


           Correlations
              SMOKER        FORMER        BAGE          HEIGHT
              ________      ________      ________      ________
 SMOKER         1.000
 FORMER        -0.219         1.000
 BAGE           0.106         0.005         1.000
 HEIGHT         0.119         0.037         0.016         1.000


     MAXIMUM LOG-LIKELIHOOD VALUE FOR THE UNRESTRICTED (H1) MODEL IS -3608.052


THE MODEL ESTIMATION TERMINATED NORMALLY



MODEL FIT INFORMATION

Number of Free Parameters                       49

Loglikelihood

          H0 Value                       -2289.536

Information Criteria

          Akaike (AIC)                    4677.071
          Bayesian (BIC)                  4844.460
          Sample-Size Adjusted BIC        4689.169
            (n* = (n + 2) / 24)



MODEL RESULTS

                                                    Two-Tailed
                    Estimate       S.E.  Est./S.E.    P-Value

 IP         ON
    HAUPT             -0.633      0.771     -0.821      0.412
    SECOND             0.038      2.314      0.016      0.987
    OTHERS            -0.698      0.908     -0.768      0.443
    T1APEC             0.888      0.434      2.046      0.041
    SMOKER            -0.489      0.718     -0.681      0.496
    FORMER             0.186      0.453      0.410      0.682
    BAGE              -0.226      0.213     -1.062      0.288
    HEIGHT             0.010      0.029      0.348      0.728

 SP         ON
    HAUPT              0.119      0.115      1.036      0.300
    SECOND             0.441      0.406      1.085      0.278
    OTHERS             0.081      0.135      0.597      0.551
    T1APEC            -0.067      0.051     -1.305      0.192
    SMOKER             0.067      0.075      0.888      0.374
    FORMER             0.028      0.071      0.391      0.696
    BAGE               0.010      0.025      0.386      0.699
    HEIGHT             0.000      0.003      0.042      0.967

 IC         ON
    HAUPT              0.593      1.135      0.522      0.601
    SECOND             3.246      6.373      0.509      0.611
    OTHERS             3.069      1.513      2.028      0.043
    T1APEC            -0.748      0.623     -1.200      0.230
    SMOKER             0.038      0.870      0.044      0.965
    FORMER            -1.316      0.689     -1.909      0.056
    BAGE              -0.145      0.329     -0.441      0.659
    HEIGHT             0.000      0.049     -0.010      0.992

 SC         ON
    HAUPT             -0.021      0.145     -0.145      0.884
    SECOND            -0.306      0.264     -1.160      0.246
    OTHERS            -0.087      0.176     -0.497      0.620
    T1APEC             0.039      0.082      0.481      0.630
    SMOKER             0.040      0.111      0.357      0.721
    FORMER             0.067      0.087      0.773      0.440
    BAGE               0.062      0.038      1.644      0.100
    HEIGHT             0.008      0.006      1.448      0.148

 IP       WITH
    SP                -0.072      0.074     -0.967      0.333
    IC                -0.037      0.925     -0.041      0.968
    SC                -0.107      0.077     -1.382      0.167

 SP       WITH
    IC                 0.035      0.099      0.359      0.719
    SC                 0.004      0.010      0.395      0.693

 IC       WITH
    SC                -0.004      0.130     -0.032      0.975

 P1       WITH
    C1                -0.027      0.334     -0.081      0.935

 P2       WITH
    C2                -0.027      0.334     -0.081      0.935

 P3       WITH
    C3                -0.027      0.334     -0.081      0.935

 Intercepts
    P1                 0.000      0.000    999.000    999.000
    P2                 0.000      0.000    999.000    999.000
    P3                 0.000      0.000    999.000    999.000
    C1                 0.000      0.000    999.000    999.000
    C2                 0.000      0.000    999.000    999.000
    C3                 0.000      0.000    999.000    999.000
    IP                 4.612      1.605      2.875      0.004
    SP                 0.161      0.202      0.797      0.425
    IC                 9.323      2.343      3.978      0.000
    SC                 0.404      0.297      1.359      0.174

 Residual Variances
    P1                 1.590      0.296      5.368      0.000
    P2                 1.590      0.296      5.368      0.000
    P3                 1.590      0.296      5.368      0.000
    C1                 6.436      0.713      9.029      0.000
    C2                 6.436      0.713      9.029      0.000
    C3                 6.436      0.713      9.029      0.000
    IP                 1.777      0.672      2.646      0.008
    SP                 0.004      0.010      0.352      0.725
    IC                 7.618      1.679      4.536      0.000
    SC                 0.015      0.018      0.859      0.391


QUALITY OF NUMERICAL RESULTS

     Condition Number for the Information Matrix              0.511E-06
       (ratio of smallest to largest eigenvalue)


DIAGRAM INFORMATION

  Use View Diagram under the Diagram menu in the Mplus Editor to view the diagram.
  If running Mplus from the Mplus Diagrammer, the diagram opens automatically.

  Diagram output
    c:\users\besitzer\documents\github\ialsa-2015-portland\studies\ilse\unshared\tug\b1_female_aehpl

     Beginning Time:  16:00:55
        Ending Time:  16:00:59
       Elapsed Time:  00:00:04



MUTHEN & MUTHEN
3463 Stoner Ave.
Los Angeles, CA  90066

Tel: (310) 391-9971
Fax: (310) 391-8971
Web: www.StatModel.com
Support: Support@StatModel.com

Copyright (c) 1998-2013 Muthen & Muthen
