Mplus VERSION 7.11
MUTHEN & MUTHEN
06/30/2015   3:33 PM

INPUT INSTRUCTIONS

  TITLE: TUG, Spacial Ability, AEH, Female

  DATA:  File = C:\Users\Besitzer\Desktop\ilse 03.03.dat;

  VARIABLE: Names are
  T1SD18 ID SEX t1dss t1bd t1fs t1fsb t1age center t1beer t1wine
  t1k t1pc t1vf t1sa t1spf t2dss t2bd
      t2fs t2fsb t2beer t2wine t2k t2pc t2vf t2sa t2spf t3dss t3bd
      t3k t3pc t3vf t3sa t3spf t2age t3age
      T1TUG t1height t1weight T2TUG t2height t2weight T3TUG t3height
      t3weight time1 time2r time3r time3
      time2 T1HAVIR1 T1HAVIL1 T1HAVIR2 T1HAVIL2 T2HAVIR1 T2HAVIR2
      T2HAVIL1 T2HAVIL2 T3HAVIR1x T3HAVIR2x
      T3HAVIL1x T3HAVIL2x t1hg t2hg t3hg T1APEC T1INFAR
      T1RAUCH Educ element Haupt second others;

         MISSING are ALL(-9999);
         USEVAR are time1 time2 time3 Haupt second others
                     p1 p2 p3 c1 c2 c3
                     Bage height;
         TSCORES = time1 time2 time3;


         USEOBSERVATIONS are sex EQ 1;

  Define: p1=t1tug; p2=t2tug; p3=t3tug;
          c1=t1sa; c2=t2sa; c3=t3sa;

          Bage=t1age-70;   !Centered at Age 70
          Bagesq=(t1age-70)**2;
          height=t1height-160; !centered for female

  ANALYSIS: TYPE = RANDOM; Estimator=MLF;

  MODEL:  ip sp | p1-p3 AT time1-time3;
          ic sc | c1-c3 AT time1-time3;
          ip; sp; ic; sc;
          ip sp ic sc WITH ip sp ic sc;

          ip sp ic sc ON Haupt second others Bage height;

          p1-p3 (res_p);
          c1-c3 (res_c);
          p1-p3 pwith c1-c3(res_cov); !Paired covariances constrained to be equal

  OUTPUT: sampstat;



*** WARNING
  Data set contains cases with missing on x-variables.
  These cases were not included in the analysis.
  Number of cases with missing on x-variables:  14
   1 WARNING(S) FOUND IN THE INPUT INSTRUCTIONS



TUG, Spacial Ability, AEH, Female

SUMMARY OF ANALYSIS

Number of groups                                                 1
Number of observations                                         226

Number of dependent variables                                    6
Number of independent variables                                  5
Number of continuous latent variables                            4

Observed dependent variables

  Continuous
   P1          P2          P3          C1          C2          C3

Observed independent variables
   HAUPT       SECOND      OTHERS      BAGE        HEIGHT

Continuous latent variables
   IP          SP          IC          SC

Variables with special functions

  Time scores
   TIME1       TIME2       TIME3


Estimator                                                      MLF
Information matrix                                        OBSERVED
Maximum number of iterations                                   100
Convergence criterion                                    0.100D-05
Maximum number of EM iterations                                500
Convergence criteria for the EM algorithm
  Loglikelihood change                                   0.100D-02
  Relative loglikelihood change                          0.100D-05
  Derivative                                             0.100D-03
Minimum variance                                         0.100D-03
Maximum number of steepest descent iterations                   20
Maximum number of iterations for H1                           2000
Convergence criterion for H1                             0.100D-03
Optimization algorithm                                         EMA

Input data file(s)
  C:\Users\Besitzer\Desktop\ilse 03.03.dat
Input data format  FREE


SUMMARY OF DATA

     Number of missing data patterns            13


COVARIANCE COVERAGE OF DATA

Minimum covariance coverage value   0.100


     PROPORTION OF DATA PRESENT


           Covariance Coverage
              P1            P2            P3            C1            C2
              ________      ________      ________      ________      ________
 P1             0.465
 P2             0.403         0.885
 P3             0.226         0.451         0.460
 C1             0.465         0.885         0.460         1.000
 C2             0.412         0.885         0.460         0.903         0.903
 C3             0.301         0.650         0.456         0.664         0.664
 HAUPT          0.465         0.885         0.460         1.000         0.903
 SECOND         0.465         0.885         0.460         1.000         0.903
 OTHERS         0.465         0.885         0.460         1.000         0.903
 BAGE           0.465         0.885         0.460         1.000         0.903
 HEIGHT         0.465         0.885         0.460         1.000         0.903


           Covariance Coverage
              C3            HAUPT         SECOND        OTHERS        BAGE
              ________      ________      ________      ________      ________
 C3             0.664
 HAUPT          0.664         1.000
 SECOND         0.664         1.000         1.000
 OTHERS         0.664         1.000         1.000         1.000
 BAGE           0.664         1.000         1.000         1.000         1.000
 HEIGHT         0.664         1.000         1.000         1.000         1.000


           Covariance Coverage
              HEIGHT
              ________
 HEIGHT         1.000


SAMPLE STATISTICS


     ESTIMATED SAMPLE STATISTICS


           Means
              P1            P2            P3            C1            C2
              ________      ________      ________      ________      ________
 1              6.057         6.452         8.400        20.181        18.942


           Means
              C3            HAUPT         SECOND        OTHERS        BAGE
              ________      ________      ________      ________      ________
 1             17.748         0.765         0.027         0.137        -7.045


           Means
              HEIGHT
              ________
 1              2.018


           Covariances
              P1            P2            P3            C1            C2
              ________      ________      ________      ________      ________
 P1             1.679
 P2             1.545         3.908
 P3             0.708         1.027         2.405
 C1            -1.341         0.748        -0.701        44.795
 C2            -0.884         0.313        -0.686        35.204        49.634
 C3            -0.576         0.385        -0.466        33.978        38.193
 HAUPT          0.017        -0.036         0.019        -0.462        -0.590
 SECOND         0.002         0.059         0.113         0.146         0.201
 OTHERS        -0.029        -0.022        -0.063         0.426         0.500
 BAGE          -0.050        -0.202        -0.053        -0.989        -1.032
 HEIGHT         0.055        -0.359         0.607         3.576         1.730


           Covariances
              C3            HAUPT         SECOND        OTHERS        BAGE
              ________      ________      ________      ________      ________
 C3            49.991
 HAUPT         -0.543         0.180
 SECOND         0.139        -0.020         0.026
 OTHERS         0.572        -0.105        -0.004         0.118
 BAGE          -0.530        -0.004        -0.003        -0.027         0.845
 HEIGHT        -3.238        -0.146         0.017         0.077         0.092


           Covariances
              HEIGHT
              ________
 HEIGHT        39.672


           Correlations
              P1            P2            P3            C1            C2
              ________      ________      ________      ________      ________
 P1             1.000
 P2             0.603         1.000
 P3             0.352         0.335         1.000
 C1            -0.155         0.057        -0.068         1.000
 C2            -0.097         0.022        -0.063         0.747         1.000
 C3            -0.063         0.028        -0.043         0.718         0.767
 HAUPT          0.031        -0.043         0.030        -0.163        -0.198
 SECOND         0.011         0.185         0.453         0.135         0.177
 OTHERS        -0.066        -0.032        -0.119         0.185         0.206
 BAGE          -0.042        -0.111        -0.038        -0.161        -0.159
 HEIGHT         0.007        -0.029         0.062         0.085         0.039


           Correlations
              C3            HAUPT         SECOND        OTHERS        BAGE
              ________      ________      ________      ________      ________
 C3             1.000
 HAUPT         -0.181         1.000
 SECOND         0.122        -0.298         1.000
 OTHERS         0.235        -0.720        -0.066         1.000
 BAGE          -0.082        -0.009        -0.019        -0.086         1.000
 HEIGHT        -0.073        -0.055         0.017         0.036         0.016


           Correlations
              HEIGHT
              ________
 HEIGHT         1.000


     MAXIMUM LOG-LIKELIHOOD VALUE FOR THE UNRESTRICTED (H1) MODEL IS -3536.557


THE MODEL ESTIMATION TERMINATED NORMALLY



MODEL FIT INFORMATION

Number of Free Parameters                       37

Loglikelihood

          H0 Value                       -2538.895

Information Criteria

          Akaike (AIC)                    5151.789
          Bayesian (BIC)                  5278.349
          Sample-Size Adjusted BIC        5161.087
            (n* = (n + 2) / 24)



MODEL RESULTS

                                                    Two-Tailed
                    Estimate       S.E.  Est./S.E.    P-Value

 IP         ON
    HAUPT             -0.425      0.803     -0.529      0.597
    SECOND             0.067      1.156      0.058      0.954
    OTHERS            -0.578      0.907     -0.636      0.524
    BAGE              -0.180      0.226     -0.795      0.427
    HEIGHT            -0.007      0.030     -0.233      0.815

 SP         ON
    HAUPT              0.103      0.135      0.762      0.446
    SECOND             0.444      0.202      2.192      0.028
    OTHERS             0.074      0.149      0.493      0.622
    BAGE               0.008      0.024      0.352      0.725
    HEIGHT             0.002      0.003      0.575      0.565

 IC         ON
    HAUPT              0.331      1.970      0.168      0.867
    SECOND             7.109      4.801      1.481      0.139
    OTHERS             3.867      2.521      1.534      0.125
    BAGE              -1.116      0.522     -2.140      0.032
    HEIGHT             0.088      0.084      1.053      0.292

 SC         ON
    HAUPT              0.083      0.153      0.540      0.589
    SECOND             0.095      0.370      0.256      0.798
    OTHERS             0.208      0.205      1.014      0.311
    BAGE               0.054      0.043      1.248      0.212
    HEIGHT            -0.015      0.006     -2.302      0.021

 IP       WITH
    SP                -0.058      0.076     -0.760      0.448
    IC                -0.559      1.133     -0.494      0.622
    SC                 0.025      0.097      0.263      0.792

 SP       WITH
    IC                -0.014      0.138     -0.103      0.918
    SC                -0.001      0.012     -0.079      0.937

 IC       WITH
    SC                 0.138      0.301      0.459      0.646

 P1       WITH
    C1                -0.221      0.510     -0.433      0.665

 P2       WITH
    C2                -0.221      0.510     -0.433      0.665

 P3       WITH
    C3                -0.221      0.510     -0.433      0.665

 Intercepts
    P1                 0.000      0.000    999.000    999.000
    P2                 0.000      0.000    999.000    999.000
    P3                 0.000      0.000    999.000    999.000
    C1                 0.000      0.000    999.000    999.000
    C2                 0.000      0.000    999.000    999.000
    C3                 0.000      0.000    999.000    999.000
    IP                 4.969      1.807      2.750      0.006
    SP                 0.166      0.218      0.765      0.445
    IC                11.025      4.204      2.623      0.009
    SC                 0.105      0.308      0.341      0.733

 Residual Variances
    P1                 1.641      0.299      5.495      0.000
    P2                 1.641      0.299      5.495      0.000
    P3                 1.641      0.299      5.495      0.000
    C1                11.464      0.913     12.562      0.000
    C2                11.464      0.913     12.562      0.000
    C3                11.464      0.913     12.562      0.000
    IP                 1.602      0.691      2.318      0.020
    SP                 0.003      0.010      0.261      0.794
    IC                30.213      4.416      6.842      0.000
    SC                 0.017      0.029      0.606      0.545


QUALITY OF NUMERICAL RESULTS

     Condition Number for the Information Matrix              0.282E-05
       (ratio of smallest to largest eigenvalue)


DIAGRAM INFORMATION

  Use View Diagram under the Diagram menu in the Mplus Editor to view the diagram.
  If running Mplus from the Mplus Diagrammer, the diagram opens automatically.

  Diagram output
    c:\users\besitzer\documents\github\ialsa-2015-portland\studies\ilse\unshared\tug\b1_female_aeh_t

     Beginning Time:  15:33:07
        Ending Time:  15:33:10
       Elapsed Time:  00:00:03



MUTHEN & MUTHEN
3463 Stoner Ave.
Los Angeles, CA  90066

Tel: (310) 391-9971
Fax: (310) 391-8971
Web: www.StatModel.com
Support: Support@StatModel.com

Copyright (c) 1998-2013 Muthen & Muthen
