Mplus VERSION 7.11
MUTHEN & MUTHEN
03/05/2015   4:50 PM

INPUT INSTRUCTIONS

  TITLE: M5 TUG, Spacial Ability, Age Conditional, Female

  DATA:  File = C:\Users\Besitzer\Desktop\ilse 02.03.dat;

  VARIABLE: Names are
   T1SD18 ID SEX t1dss t1bd t1fs t1fsb t1age center t1beer
   t1wine t1k t1pc t1vf t1sa t1spf t2dss t2bd
      t2fs t2fsb t2beer t2wine t2k t2pc t2vf t2sa t2spf
      t3dss t3bd t3k t3pc t3vf t3sa t3spf t2age t3age
      T1TUG t1height t1weight T2TUG t2height t2weight
      T3TUG t3height t3weight time1 time2r time3r time3
      time2 no_sec Haupts Reals Second specials others
       T1HAVIR1 T1HAVIL1 T1HAVIR2 T1HAVIL2 T2HAVIR1
      T2HAVIR2 T2HAVIL1 T2HAVIL2 T3HAVIR1x
      T3HAVIR2x T3HAVIL1x T3HAVIL2x t1hg t2hg t3hg;

         MISSING are ALL(-9999);
         USEVAR are  time1 time2 time3
                     p1 p2 p3
                     c1 c2 c3
                     Bage;
         TSCORES =   time1 time2 time3;

         USEOBSERVATIONS are sex EQ 1;

  Define: p1=t1tug; p2=t2tug; p3=t3tug;
          c1=t1sa; c2=t2sa; c3=t3sa;
          Bage=t1age-70;
          Bagesq=(t1age-70)**2;



  ANALYSIS: TYPE = RANDOM;

   Estimator=MLF;

  MODEL:  ip sp | p1-p3 AT time1-time3;
          ic sc | c1-c3 AT time1-time3;


          ip sp ic sc ON Bage;

          p1-p3 ;
          c1-c3 (res_c);

          p1-p3 pwith c1-c3(res_cov);
          !Paired covariances constrained to be equal across time

  OUTPUT: sampstat;



*** WARNING
  Data set contains cases with missing on x-variables.
  These cases were not included in the analysis.
  Number of cases with missing on x-variables:  12
   1 WARNING(S) FOUND IN THE INPUT INSTRUCTIONS



M5 TUG, Spacial Ability, Age Conditional, Female

SUMMARY OF ANALYSIS

Number of groups                                                 1
Number of observations                                         228

Number of dependent variables                                    6
Number of independent variables                                  1
Number of continuous latent variables                            4

Observed dependent variables

  Continuous
   P1          P2          P3          C1          C2          C3

Observed independent variables
   BAGE

Continuous latent variables
   IP          SP          IC          SC

Variables with special functions

  Time scores
   TIME1       TIME2       TIME3


Estimator                                                      MLF
Information matrix                                        OBSERVED
Maximum number of iterations                                   100
Convergence criterion                                    0.100D-05
Maximum number of EM iterations                                500
Convergence criteria for the EM algorithm
  Loglikelihood change                                   0.100D-02
  Relative loglikelihood change                          0.100D-05
  Derivative                                             0.100D-03
Minimum variance                                         0.100D-03
Maximum number of steepest descent iterations                   20
Maximum number of iterations for H1                           2000
Convergence criterion for H1                             0.100D-03
Optimization algorithm                                         EMA

Input data file(s)
  C:\Users\Besitzer\Desktop\ilse 02.03.dat
Input data format  FREE


SUMMARY OF DATA

     Number of missing data patterns            13


COVARIANCE COVERAGE OF DATA

Minimum covariance coverage value   0.100


     PROPORTION OF DATA PRESENT


           Covariance Coverage
              P1            P2            P3            C1            C2
              ________      ________      ________      ________      ________
 P1             0.474
 P2             0.404         0.882
 P3             0.224         0.447         0.456
 C1             0.474         0.882         0.456         1.000
 C2             0.417         0.882         0.456         0.899         0.899
 C3             0.303         0.649         0.452         0.662         0.662
 BAGE           0.474         0.882         0.456         1.000         0.899


           Covariance Coverage
              C3            BAGE
              ________      ________
 C3             0.662
 BAGE           0.662         1.000


SAMPLE STATISTICS


     ESTIMATED SAMPLE STATISTICS


           Means
              P1            P2            P3            C1            C2
              ________      ________      ________      ________      ________
 1              5.990         6.443         8.341        20.132        18.923


           Means
              C3            BAGE
              ________      ________
 1             17.765        -7.048


           Covariances
              P1            P2            P3            C1            C2
              ________      ________      ________      ________      ________
 P1             1.933
 P2             1.679         4.048
 P3             0.655         0.968         2.200
 C1            -1.380         0.921        -0.557        44.860
 C2            -0.940         0.506        -0.696        35.228        49.608
 C3            -0.492         0.653        -0.637        33.917        38.219
 BAGE          -0.109        -0.240        -0.019        -0.953        -1.010


           Covariances
              C3            BAGE
              ________      ________
 C3            49.871
 BAGE          -0.551         0.839


           Correlations
              P1            P2            P3            C1            C2
              ________      ________      ________      ________      ________
 P1             1.000
 P2             0.600         1.000
 P3             0.318         0.324         1.000
 C1            -0.148         0.068        -0.056         1.000
 C2            -0.096         0.036        -0.067         0.747         1.000
 C3            -0.050         0.046        -0.061         0.717         0.768
 BAGE          -0.086        -0.130        -0.014        -0.155        -0.157


           Correlations
              C3            BAGE
              ________      ________
 C3             1.000
 BAGE          -0.085         1.000


     MAXIMUM LOG-LIKELIHOOD VALUE FOR THE UNRESTRICTED (H1) MODEL IS -2867.566


THE MODEL ESTIMATION TERMINATED NORMALLY



MODEL FIT INFORMATION

Number of Free Parameters                       23

Loglikelihood

          H0 Value                       -2573.190

Information Criteria

          Akaike (AIC)                    5192.379
          Bayesian (BIC)                  5271.254
          Sample-Size Adjusted BIC        5198.360
            (n* = (n + 2) / 24)



MODEL RESULTS

                                                    Two-Tailed
                    Estimate       S.E.  Est./S.E.    P-Value

 IP         ON
    BAGE              -0.162      0.162     -1.000      0.318

 SP         ON
    BAGE               0.010      0.017      0.575      0.565

 IC         ON
    BAGE              -1.223      0.524     -2.336      0.019

 SC         ON
    BAGE               0.042      0.044      0.956      0.339

 SP       WITH
    IP                -0.093      0.061     -1.513      0.130

 IC       WITH
    IP                -1.086      1.031     -1.053      0.292
    SP                 0.081      0.122      0.664      0.507

 SC       WITH
    IP                 0.062      0.086      0.713      0.476
    SP                -0.006      0.011     -0.525      0.600
    IC                 0.133      0.326      0.407      0.684

 P1       WITH
    C1                -0.215      0.482     -0.445      0.656

 P2       WITH
    C2                -0.215      0.482     -0.445      0.656

 P3       WITH
    C3                -0.215      0.482     -0.445      0.656

 Intercepts
    P1                 0.000      0.000    999.000    999.000
    P2                 0.000      0.000    999.000    999.000
    P3                 0.000      0.000    999.000    999.000
    C1                 0.000      0.000    999.000    999.000
    C2                 0.000      0.000    999.000    999.000
    C3                 0.000      0.000    999.000    999.000
    IP                 4.800      1.116      4.302      0.000
    SP                 0.269      0.119      2.272      0.023
    IC                11.373      3.764      3.022      0.003
    SC                 0.087      0.315      0.276      0.782

 Residual Variances
    P1                 0.125      0.416      0.300      0.764
    P2                 2.695      0.289      9.328      0.000
    P3                 0.926      0.873      1.061      0.289
    C1                11.487      0.874     13.138      0.000
    C2                11.487      0.874     13.138      0.000
    C3                11.487      0.874     13.138      0.000
    IP                 1.778      0.424      4.193      0.000
    SP                 0.013      0.012      1.105      0.269
    IC                33.126      4.620      7.170      0.000
    SC                 0.028      0.029      0.960      0.337


QUALITY OF NUMERICAL RESULTS

     Condition Number for the Information Matrix              0.131E-05
       (ratio of smallest to largest eigenvalue)


DIAGRAM INFORMATION

  Use View Diagram under the Diagram menu in the Mplus Editor to view the diagram.
  If running Mplus from the Mplus Diagrammer, the diagram opens automatically.

  Diagram output
    c:\users\besitzer\documents\github\ialsa-2015-portland\studies\ilse\unshared\tug\b1_female_age_t

     Beginning Time:  16:50:07
        Ending Time:  16:50:09
       Elapsed Time:  00:00:02



MUTHEN & MUTHEN
3463 Stoner Ave.
Los Angeles, CA  90066

Tel: (310) 391-9971
Fax: (310) 391-8971
Web: www.StatModel.com
Support: Support@StatModel.com

Copyright (c) 1998-2013 Muthen & Muthen
