Mplus VERSION 7.11
MUTHEN & MUTHEN
03/05/2015   4:50 PM

INPUT INSTRUCTIONS

  TITLE: M5 TUG, Spacial Ability, Age Conditional, Male

  DATA:  File = C:\Users\Besitzer\Desktop\ilse 02.03.dat;

  VARIABLE: Names are
   T1SD18 ID SEX t1dss t1bd t1fs t1fsb t1age center t1beer
   t1wine t1k t1pc t1vf t1sa t1spf t2dss t2bd
      t2fs t2fsb t2beer t2wine t2k t2pc t2vf t2sa t2spf
      t3dss t3bd t3k t3pc t3vf t3sa t3spf t2age t3age
      T1TUG t1height t1weight T2TUG t2height t2weight
      T3TUG t3height t3weight time1 time2r time3r time3
      time2 no_sec Haupts Reals Second specials others
       T1HAVIR1 T1HAVIL1 T1HAVIR2 T1HAVIL2 T2HAVIR1
      T2HAVIR2 T2HAVIL1 T2HAVIL2 T3HAVIR1x
      T3HAVIR2x T3HAVIL1x T3HAVIL2x t1hg t2hg t3hg;

         MISSING are ALL(-9999);
         USEVAR are  time1 time2 time3
                     p1 p2 p3
                     c1 c2 c3
                     Bage;
         TSCORES =   time1 time2 time3;

         USEOBSERVATIONS are sex EQ 0;

  Define: p1=t1tug; p2=t2tug; p3=t3tug;
          c1=t1sa; c2=t2sa; c3=t3sa;
          Bage=t1age-70;
          Bagesq=(t1age-70)**2;



  ANALYSIS: TYPE = RANDOM;

   Estimator=MLF;

  MODEL:  ip sp | p1-p3 AT time1-time3;
          ic sc | c1-c3 AT time1-time3;


          ip sp ic sc ON Bage;

          p1-p3 ;
          c1-c3 (res_c);

          p1-p3 pwith c1-c3(res_cov);
          !Paired covariances constrained to be equal across time

  OUTPUT: sampstat;



*** WARNING
  Data set contains cases with missing on x-variables.
  These cases were not included in the analysis.
  Number of cases with missing on x-variables:  7
   1 WARNING(S) FOUND IN THE INPUT INSTRUCTIONS



M5 TUG, Spacial Ability, Age Conditional, Male

SUMMARY OF ANALYSIS

Number of groups                                                 1
Number of observations                                         253

Number of dependent variables                                    6
Number of independent variables                                  1
Number of continuous latent variables                            4

Observed dependent variables

  Continuous
   P1          P2          P3          C1          C2          C3

Observed independent variables
   BAGE

Continuous latent variables
   IP          SP          IC          SC

Variables with special functions

  Time scores
   TIME1       TIME2       TIME3


Estimator                                                      MLF
Information matrix                                        OBSERVED
Maximum number of iterations                                   100
Convergence criterion                                    0.100D-05
Maximum number of EM iterations                                500
Convergence criteria for the EM algorithm
  Loglikelihood change                                   0.100D-02
  Relative loglikelihood change                          0.100D-05
  Derivative                                             0.100D-03
Minimum variance                                         0.100D-03
Maximum number of steepest descent iterations                   20
Maximum number of iterations for H1                           2000
Convergence criterion for H1                             0.100D-03
Optimization algorithm                                         EMA

Input data file(s)
  C:\Users\Besitzer\Desktop\ilse 02.03.dat
Input data format  FREE


SUMMARY OF DATA

     Number of missing data patterns            12


COVARIANCE COVERAGE OF DATA

Minimum covariance coverage value   0.100


     PROPORTION OF DATA PRESENT


           Covariance Coverage
              P1            P2            P3            C1            C2
              ________      ________      ________      ________      ________
 P1             0.478
 P2             0.423         0.885
 P3             0.213         0.451         0.458
 C1             0.478         0.885         0.458         1.000
 C2             0.435         0.885         0.458         0.897         0.897
 C3             0.269         0.593         0.443         0.601         0.601
 BAGE           0.478         0.885         0.458         1.000         0.897


           Covariance Coverage
              C3            BAGE
              ________      ________
 C3             0.601
 BAGE           0.601         1.000


SAMPLE STATISTICS


     ESTIMATED SAMPLE STATISTICS


           Means
              P1            P2            P3            C1            C2
              ________      ________      ________      ________      ________
 1              5.488         5.919         8.154        22.719        21.482


           Means
              C3            BAGE
              ________      ________
 1             20.236        -7.024


           Covariances
              P1            P2            P3            C1            C2
              ________      ________      ________      ________      ________
 P1             1.854
 P2             0.241        15.447
 P3             1.387        -0.366         6.710
 C1            -1.778        -1.130        -1.304        37.601
 C2            -1.094        -0.472        -0.712        31.525        41.312
 C3            -2.203        -1.732        -1.588        28.094        31.804
 BAGE           0.121        -0.008        -0.067        -0.105        -0.291


           Covariances
              C3            BAGE
              ________      ________
 C3            47.769
 BAGE          -0.656         0.837


           Correlations
              P1            P2            P3            C1            C2
              ________      ________      ________      ________      ________
 P1             1.000
 P2             0.045         1.000
 P3             0.393        -0.036         1.000
 C1            -0.213        -0.047        -0.082         1.000
 C2            -0.125        -0.019        -0.043         0.800         1.000
 C3            -0.234        -0.064        -0.089         0.663         0.716
 BAGE           0.097        -0.002        -0.028        -0.019        -0.050


           Correlations
              C3            BAGE
              ________      ________
 C3             1.000
 BAGE          -0.104         1.000


     MAXIMUM LOG-LIKELIHOOD VALUE FOR THE UNRESTRICTED (H1) MODEL IS -3330.570


THE MODEL ESTIMATION TERMINATED NORMALLY



MODEL FIT INFORMATION

Number of Free Parameters                       23

Loglikelihood

          H0 Value                       -3003.668

Information Criteria

          Akaike (AIC)                    6053.336
          Bayesian (BIC)                  6134.604
          Sample-Size Adjusted BIC        6061.690
            (n* = (n + 2) / 24)



MODEL RESULTS

                                                    Two-Tailed
                    Estimate       S.E.  Est./S.E.    P-Value

 IP         ON
    BAGE               0.149      0.155      0.958      0.338

 SP         ON
    BAGE              -0.019      0.048     -0.403      0.687

 IC         ON
    BAGE              -0.114      0.430     -0.265      0.791

 SC         ON
    BAGE              -0.064      0.045     -1.436      0.151

 SP       WITH
    IP                -0.026      0.223     -0.117      0.907

 IC       WITH
    IP                -1.249      0.927     -1.347      0.178
    SP                 0.102      0.292      0.350      0.726

 SC       WITH
    IP                -0.077      0.114     -0.675      0.500
    SP                 0.006      0.027      0.234      0.815
    IC                -0.184      0.278     -0.660      0.509

 P1       WITH
    C1                -0.546      0.828     -0.659      0.510

 P2       WITH
    C2                -0.546      0.828     -0.659      0.510

 P3       WITH
    C3                -0.546      0.828     -0.659      0.510

 Intercepts
    P1                 0.000      0.000    999.000    999.000
    P2                 0.000      0.000    999.000    999.000
    P3                 0.000      0.000    999.000    999.000
    C1                 0.000      0.000    999.000    999.000
    C2                 0.000      0.000    999.000    999.000
    C3                 0.000      0.000    999.000    999.000
    IP                 6.455      1.106      5.839      0.000
    SP                 0.084      0.342      0.246      0.806
    IC                21.790      3.021      7.213      0.000
    SC                -0.673      0.313     -2.148      0.032

 Residual Variances
    P1                 1.239      2.281      0.543      0.587
    P2                15.473      0.500     30.934      0.000
    P3                 6.124     10.705      0.572      0.567
    C1                 7.984      0.623     12.815      0.000
    C2                 7.984      0.623     12.815      0.000
    C3                 7.984      0.623     12.815      0.000
    IP                 0.508      2.316      0.219      0.826
    SP                 0.005      0.083      0.065      0.948
    IC                31.257      4.195      7.450      0.000
    SC                 0.102      0.020      5.061      0.000


QUALITY OF NUMERICAL RESULTS

     Condition Number for the Information Matrix              0.438E-06
       (ratio of smallest to largest eigenvalue)


DIAGRAM INFORMATION

  Use View Diagram under the Diagram menu in the Mplus Editor to view the diagram.
  If running Mplus from the Mplus Diagrammer, the diagram opens automatically.

  Diagram output
    c:\users\besitzer\documents\github\ialsa-2015-portland\studies\ilse\unshared\tug\b1_male_age_tug

     Beginning Time:  16:50:54
        Ending Time:  16:50:56
       Elapsed Time:  00:00:02



MUTHEN & MUTHEN
3463 Stoner Ave.
Los Angeles, CA  90066

Tel: (310) 391-9971
Fax: (310) 391-8971
Web: www.StatModel.com
Support: Support@StatModel.com

Copyright (c) 1998-2013 Muthen & Muthen
