Mplus VERSION 7.11
MUTHEN & MUTHEN
06/30/2015   3:17 PM

INPUT INSTRUCTIONS

  TITLE:  TUG, Block Design, AEH, Male

  DATA:  File = C:\Users\Besitzer\Desktop\ilse 03.03.dat;

  VARIABLE: Names are
  T1SD18 ID SEX t1dss t1bd t1fs t1fsb t1age center t1beer t1wine
  t1k t1pc t1vf t1sa t1spf t2dss t2bd
      t2fs t2fsb t2beer t2wine t2k t2pc t2vf t2sa t2spf t3dss t3bd
      t3k t3pc t3vf t3sa t3spf t2age t3age
      T1TUG t1height t1weight T2TUG t2height t2weight T3TUG t3height
      t3weight time1 time2r time3r time3
      time2 T1HAVIR1 T1HAVIL1 T1HAVIR2 T1HAVIL2 T2HAVIR1 T2HAVIR2
      T2HAVIL1 T2HAVIL2 T3HAVIR1x T3HAVIR2x
      T3HAVIL1x T3HAVIL2x t1hg t2hg t3hg T1APEC T1INFAR
      T1RAUCH Educ element Haupt second others;

         MISSING are ALL(-9999);
         USEVAR are time1 time2 time3 Haupt second others
                     p1 p2 p3 c1 c2 c3
                     Bage height;
         TSCORES = time1 time2 time3;


         USEOBSERVATIONS are sex EQ 0;

  Define: p1=t1tug; p2=t2tug; p3=t3tug;
          c1=t1bd; c2=t2bd; c3=t3bd;

          Bage=t1age-70;   !Centered at Age 70
          Bagesq=(t1age-70)**2;
          height=t1height-172; !centered for male

  ANALYSIS: TYPE = RANDOM; Estimator=MLF;

  MODEL:  ip sp | p1-p3 AT time1-time3;
          ic sc | c1-c3 AT time1-time3;
          ip; sp; ic; sc;
          ip sp ic sc WITH ip sp ic sc;

          ip sp ic sc ON Haupt second others Bage height;

          p1-p3 (res_p);
          c1-c3 (res_c);
          p1-p3 pwith c1-c3(res_cov); !Paired covariances constrained to be equal

  OUTPUT: sampstat;



*** WARNING
  Data set contains cases with missing on x-variables.
  These cases were not included in the analysis.
  Number of cases with missing on x-variables:  7
   1 WARNING(S) FOUND IN THE INPUT INSTRUCTIONS



TUG, Block Design, AEH, Male

SUMMARY OF ANALYSIS

Number of groups                                                 1
Number of observations                                         253

Number of dependent variables                                    6
Number of independent variables                                  5
Number of continuous latent variables                            4

Observed dependent variables

  Continuous
   P1          P2          P3          C1          C2          C3

Observed independent variables
   HAUPT       SECOND      OTHERS      BAGE        HEIGHT

Continuous latent variables
   IP          SP          IC          SC

Variables with special functions

  Time scores
   TIME1       TIME2       TIME3


Estimator                                                      MLF
Information matrix                                        OBSERVED
Maximum number of iterations                                   100
Convergence criterion                                    0.100D-05
Maximum number of EM iterations                                500
Convergence criteria for the EM algorithm
  Loglikelihood change                                   0.100D-02
  Relative loglikelihood change                          0.100D-05
  Derivative                                             0.100D-03
Minimum variance                                         0.100D-03
Maximum number of steepest descent iterations                   20
Maximum number of iterations for H1                           2000
Convergence criterion for H1                             0.100D-03
Optimization algorithm                                         EMA

Input data file(s)
  C:\Users\Besitzer\Desktop\ilse 03.03.dat
Input data format  FREE


SUMMARY OF DATA

     Number of missing data patterns            11


COVARIANCE COVERAGE OF DATA

Minimum covariance coverage value   0.100


     PROPORTION OF DATA PRESENT


           Covariance Coverage
              P1            P2            P3            C1            C2
              ________      ________      ________      ________      ________
 P1             0.474
 P2             0.419         0.885
 P3             0.209         0.451         0.458
 C1             0.474         0.885         0.458         1.000
 C2             0.431         0.885         0.458         0.897         0.897
 C3             0.265         0.601         0.451         0.609         0.609
 HAUPT          0.474         0.885         0.458         1.000         0.897
 SECOND         0.474         0.885         0.458         1.000         0.897
 OTHERS         0.474         0.885         0.458         1.000         0.897
 BAGE           0.474         0.885         0.458         1.000         0.897
 HEIGHT         0.474         0.885         0.458         1.000         0.897


           Covariance Coverage
              C3            HAUPT         SECOND        OTHERS        BAGE
              ________      ________      ________      ________      ________
 C3             0.609
 HAUPT          0.609         1.000
 SECOND         0.609         1.000         1.000
 OTHERS         0.609         1.000         1.000         1.000
 BAGE           0.609         1.000         1.000         1.000         1.000
 HEIGHT         0.609         1.000         1.000         1.000         1.000


           Covariance Coverage
              HEIGHT
              ________
 HEIGHT         1.000


SAMPLE STATISTICS


     ESTIMATED SAMPLE STATISTICS


           Means
              P1            P2            P3            C1            C2
              ________      ________      ________      ________      ________
 1              5.617         5.916         8.201        28.040        24.622


           Means
              C3            HAUPT         SECOND        OTHERS        BAGE
              ________      ________      ________      ________      ________
 1             23.637         0.680         0.020         0.237        -7.024


           Means
              HEIGHT
              ________
 1              2.087


           Covariances
              P1            P2            P3            C1            C2
              ________      ________      ________      ________      ________
 P1             1.777
 P2             0.129        15.445
 P3             2.241        -0.262         6.865
 C1            -1.326        -0.252        -3.402        68.038
 C2            -0.709        -1.926        -0.757        54.746        74.489
 C3            -2.220        -2.288        -4.705        50.046        54.195
 HAUPT          0.109         0.113         0.063        -0.968        -0.816
 SECOND         0.010         0.006         0.007         0.138         0.170
 OTHERS        -0.108        -0.096        -0.078         1.105         0.919
 BAGE           0.044        -0.008        -0.045        -0.751        -0.570
 HEIGHT        -1.460        -0.057        -2.741        12.408        13.603


           Covariances
              C3            HAUPT         SECOND        OTHERS        BAGE
              ________      ________      ________      ________      ________
 C3            73.333
 HAUPT         -0.416         0.218
 SECOND         0.081        -0.013         0.019
 OTHERS         0.743        -0.161        -0.005         0.181
 BAGE          -1.185        -0.025        -0.001        -0.008         0.837
 HEIGHT        11.240        -0.790         0.085         0.952        -0.392


           Covariances
              HEIGHT
              ________
 HEIGHT        44.779


           Correlations
              P1            P2            P3            C1            C2
              ________      ________      ________      ________      ________
 P1             1.000
 P2             0.025         1.000
 P3             0.642        -0.025         1.000
 C1            -0.121        -0.008        -0.157         1.000
 C2            -0.062        -0.057        -0.033         0.769         1.000
 C3            -0.194        -0.068        -0.210         0.709         0.733
 HAUPT          0.176         0.061         0.051        -0.251        -0.203
 SECOND         0.052         0.010         0.020         0.120         0.141
 OTHERS        -0.191        -0.058        -0.070         0.315         0.250
 BAGE           0.036        -0.002        -0.019        -0.100        -0.072
 HEIGHT        -0.164        -0.002        -0.156         0.225         0.236


           Correlations
              C3            HAUPT         SECOND        OTHERS        BAGE
              ________      ________      ________      ________      ________
 C3             1.000
 HAUPT         -0.104         1.000
 SECOND         0.068        -0.207         1.000
 OTHERS         0.204        -0.812        -0.079         1.000
 BAGE          -0.151        -0.058        -0.007        -0.022         1.000
 HEIGHT         0.196        -0.253         0.092         0.334        -0.064


           Correlations
              HEIGHT
              ________
 HEIGHT         1.000


     MAXIMUM LOG-LIKELIHOOD VALUE FOR THE UNRESTRICTED (H1) MODEL IS -4292.529


THE MODEL ESTIMATION TERMINATED NORMALLY



MODEL FIT INFORMATION

Number of Free Parameters                       37

Loglikelihood

          H0 Value                       -3247.575

Information Criteria

          Akaike (AIC)                    6569.149
          Bayesian (BIC)                  6699.885
          Sample-Size Adjusted BIC        6582.588
            (n* = (n + 2) / 24)



MODEL RESULTS

                                                    Two-Tailed
                    Estimate       S.E.  Est./S.E.    P-Value

 IP         ON
    HAUPT              0.111      2.159      0.052      0.959
    SECOND             0.647     20.621      0.031      0.975
    OTHERS            -0.505      2.514     -0.201      0.841
    BAGE               0.046      0.628      0.073      0.942
    HEIGHT             0.010      0.096      0.099      0.921

 SP         ON
    HAUPT              0.061      0.506      0.120      0.905
    SECOND            -0.010      4.867     -0.002      0.998
    OTHERS             0.087      0.537      0.162      0.871
    BAGE              -0.008      0.101     -0.077      0.939
    HEIGHT            -0.004      0.013     -0.291      0.771

 IC         ON
    HAUPT              1.894      1.963      0.965      0.335
    SECOND            10.442      9.404      1.110      0.267
    OTHERS             7.091      2.345      3.024      0.002
    BAGE              -0.516      0.538     -0.960      0.337
    HEIGHT             0.146      0.077      1.901      0.057

 SC         ON
    HAUPT              0.241      0.191      1.257      0.209
    SECOND            -0.077      1.395     -0.055      0.956
    OTHERS             0.059      0.220      0.266      0.790
    BAGE              -0.043      0.057     -0.747      0.455
    HEIGHT             0.000      0.010      0.025      0.980

 IP       WITH
    SP                -0.006      0.372     -0.015      0.988
    IC                -0.929      4.840     -0.192      0.848
    SC                -0.086      0.469     -0.183      0.855

 SP       WITH
    IC                 0.097      0.702      0.138      0.890
    SC                -0.001      0.065     -0.017      0.987

 IC       WITH
    SC                 0.113      0.433      0.260      0.795

 P1       WITH
    C1                -0.697      2.358     -0.296      0.768

 P2       WITH
    C2                -0.697      2.358     -0.296      0.768

 P3       WITH
    C3                -0.697      2.358     -0.296      0.768

 Intercepts
    P1                 0.000      0.000    999.000    999.000
    P2                 0.000      0.000    999.000    999.000
    P3                 0.000      0.000    999.000    999.000
    C1                 0.000      0.000    999.000    999.000
    C2                 0.000      0.000    999.000    999.000
    C3                 0.000      0.000    999.000    999.000
    IP                 5.524      4.444      1.243      0.214
    SP                 0.126      0.826      0.153      0.879
    IC                20.251      3.923      5.162      0.000
    SC                -0.856      0.427     -2.006      0.045

 Residual Variances
    P1                 9.316      2.029      4.591      0.000
    P2                 9.316      2.029      4.591      0.000
    P3                 9.316      2.029      4.591      0.000
    C1                18.167      1.742     10.432      0.000
    C2                18.167      1.742     10.432      0.000
    C3                18.167      1.742     10.432      0.000
    IP                 0.302      3.437      0.088      0.930
    SP                 0.002      0.048      0.034      0.973
    IC                43.285      6.170      7.016      0.000
    SC                 0.045      0.049      0.916      0.360


QUALITY OF NUMERICAL RESULTS

     Condition Number for the Information Matrix              0.343E-08
       (ratio of smallest to largest eigenvalue)


DIAGRAM INFORMATION

  Use View Diagram under the Diagram menu in the Mplus Editor to view the diagram.
  If running Mplus from the Mplus Diagrammer, the diagram opens automatically.

  Diagram output
    c:\users\besitzer\documents\github\ialsa-2015-portland\studies\ilse\unshared\tug\b1_male_aeh_tug

     Beginning Time:  15:17:02
        Ending Time:  15:17:08
       Elapsed Time:  00:00:06



MUTHEN & MUTHEN
3463 Stoner Ave.
Los Angeles, CA  90066

Tel: (310) 391-9971
Fax: (310) 391-8971
Web: www.StatModel.com
Support: Support@StatModel.com

Copyright (c) 1998-2013 Muthen & Muthen
