Mplus VERSION 7.11
MUTHEN & MUTHEN
03/09/2015   3:48 PM

INPUT INSTRUCTIONS

  TITLE:  TUG, Spacial Ability, AEHplus, Male

  DATA:  File = C:\Users\Besitzer\Desktop\ilse 03.03.dat;

  VARIABLE: Names are
   T1SD18 ID SEX t1dss t1bd t1fs t1fsb t1age center t1beer t1wine
   t1k t1pc t1vf t1sa t1spf t2dss t2bd
      t2fs t2fsb t2beer t2wine t2k t2pc t2vf t2sa t2spf t3dss t3bd
      t3k t3pc t3vf t3sa t3spf t2age t3age
      T1TUG t1height t1weight T2TUG t2height t2weight T3TUG t3height
      t3weight time1 time2r time3r time3
      time2 T1HAVIR1 T1HAVIL1 T1HAVIR2 T1HAVIL2 T2HAVIR1 T2HAVIR2
      T2HAVIL1 T2HAVIL2 T3HAVIR1x T3HAVIR2x
      T3HAVIL1x T3HAVIL2x t1hg t2hg t3hg T1APEC T1INFAR T1RAUCH
      Educ element Haupt second others Smoker
      Former;

         MISSING are ALL(-9999);
         USEVAR are time1 time2 time3 Haupt second others T1APEC T1INFAR Smoker Former
                     p1 p2 p3 c1 c2 c3
                     Bage height;
         TSCORES = time1 time2 time3;


         USEOBSERVATIONS are sex EQ 0;

  Define: p1=t1tug; p2=t2tug; p3=t3tug;
          c1=t1sa; c2=t2sa; c3=t3sa;

          Bage=t1age-70;   !Centered at Age 70
          Bagesq=(t1age-70)**2;
          height=t1height-172; !centered for male

  ANALYSIS: TYPE = RANDOM; Estimator=MLF;

  MODEL:  ip sp | p1-p3 AT time1-time3;
          ic sc | c1-c3 AT time1-time3;
          ip; sp; ic; sc;
          ip sp ic sc WITH ip sp ic sc;

          ip sp ic sc ON Haupt second others T1APEC T1INFAR Smoker Former Bage height;

          p1-p3 (res_p);
          c1-c3 (res_c);
          p1-p3 pwith c1-c3(res_cov); !Paired covariances constrained to be equal

  OUTPUT: sampstat;



*** WARNING
  Data set contains cases with missing on x-variables.
  These cases were not included in the analysis.
  Number of cases with missing on x-variables:  8
   1 WARNING(S) FOUND IN THE INPUT INSTRUCTIONS



TUG, Spacial Ability, AEHplus, Male

SUMMARY OF ANALYSIS

Number of groups                                                 1
Number of observations                                         252

Number of dependent variables                                    6
Number of independent variables                                  9
Number of continuous latent variables                            4

Observed dependent variables

  Continuous
   P1          P2          P3          C1          C2          C3

Observed independent variables
   HAUPT       SECOND      OTHERS      T1APEC      T1INFAR     SMOKER
   FORMER      BAGE        HEIGHT

Continuous latent variables
   IP          SP          IC          SC

Variables with special functions

  Time scores
   TIME1       TIME2       TIME3


Estimator                                                      MLF
Information matrix                                        OBSERVED
Maximum number of iterations                                   100
Convergence criterion                                    0.100D-05
Maximum number of EM iterations                                500
Convergence criteria for the EM algorithm
  Loglikelihood change                                   0.100D-02
  Relative loglikelihood change                          0.100D-05
  Derivative                                             0.100D-03
Minimum variance                                         0.100D-03
Maximum number of steepest descent iterations                   20
Maximum number of iterations for H1                           2000
Convergence criterion for H1                             0.100D-03
Optimization algorithm                                         EMA

Input data file(s)
  C:\Users\Besitzer\Desktop\ilse 03.03.dat
Input data format  FREE


SUMMARY OF DATA

     Number of missing data patterns            12


COVARIANCE COVERAGE OF DATA

Minimum covariance coverage value   0.100


     PROPORTION OF DATA PRESENT


           Covariance Coverage
              P1            P2            P3            C1            C2
              ________      ________      ________      ________      ________
 P1             0.476
 P2             0.421         0.885
 P3             0.214         0.452         0.460
 C1             0.476         0.885         0.460         1.000
 C2             0.433         0.885         0.460         0.897         0.897
 C3             0.270         0.595         0.444         0.603         0.603
 HAUPT          0.476         0.885         0.460         1.000         0.897
 SECOND         0.476         0.885         0.460         1.000         0.897
 OTHERS         0.476         0.885         0.460         1.000         0.897
 T1APEC         0.476         0.885         0.460         1.000         0.897
 T1INFAR        0.476         0.885         0.460         1.000         0.897
 SMOKER         0.476         0.885         0.460         1.000         0.897
 FORMER         0.476         0.885         0.460         1.000         0.897
 BAGE           0.476         0.885         0.460         1.000         0.897
 HEIGHT         0.476         0.885         0.460         1.000         0.897


           Covariance Coverage
              C3            HAUPT         SECOND        OTHERS        T1APEC
              ________      ________      ________      ________      ________
 C3             0.603
 HAUPT          0.603         1.000
 SECOND         0.603         1.000         1.000
 OTHERS         0.603         1.000         1.000         1.000
 T1APEC         0.603         1.000         1.000         1.000         1.000
 T1INFAR        0.603         1.000         1.000         1.000         1.000
 SMOKER         0.603         1.000         1.000         1.000         1.000
 FORMER         0.603         1.000         1.000         1.000         1.000
 BAGE           0.603         1.000         1.000         1.000         1.000
 HEIGHT         0.603         1.000         1.000         1.000         1.000


           Covariance Coverage
              T1INFAR       SMOKER        FORMER        BAGE          HEIGHT
              ________      ________      ________      ________      ________
 T1INFAR        1.000
 SMOKER         1.000         1.000
 FORMER         1.000         1.000         1.000
 BAGE           1.000         1.000         1.000         1.000
 HEIGHT         1.000         1.000         1.000         1.000         1.000


SAMPLE STATISTICS


     ESTIMATED SAMPLE STATISTICS


           Means
              P1            P2            P3            C1            C2
              ________      ________      ________      ________      ________
 1              5.494         5.931         8.146        22.726        21.467


           Means
              C3            HAUPT         SECOND        OTHERS        T1APEC
              ________      ________      ________      ________      ________
 1             20.246         0.679         0.020         0.238         0.278


           Means
              T1INFAR       SMOKER        FORMER        BAGE          HEIGHT
              ________      ________      ________      ________      ________
 1              0.103         0.480         0.254        -7.016         2.095


           Covariances
              P1            P2            P3            C1            C2
              ________      ________      ________      ________      ________
 P1             1.889
 P2             0.229        15.517
 P3             1.422        -0.372         6.667
 C1            -1.776        -1.149        -1.518        37.739
 C2            -1.238        -0.518        -1.133        31.679        41.523
 C3            -2.260        -1.862        -1.759        27.412        31.652
 HAUPT          0.069         0.114         0.098        -0.572        -0.658
 SECOND         0.015         0.005        -0.011         0.033         0.074
 OTHERS        -0.087        -0.099        -0.090         0.684         0.747
 T1APEC         0.053         0.029         0.137        -0.166        -0.047
 T1INFAR        0.054         0.088         0.049        -0.134        -0.102
 SMOKER        -0.094        -0.178        -0.138         0.366         0.321
 FORMER         0.024         0.039         0.017        -0.363        -0.341
 BAGE           0.140         0.004        -0.047        -0.120        -0.301
 HEIGHT        -1.505        -0.157        -2.333         7.713         7.563


           Covariances
              C3            HAUPT         SECOND        OTHERS        T1APEC
              ________      ________      ________      ________      ________
 C3            47.464
 HAUPT         -0.416         0.218
 SECOND         0.042        -0.013         0.019
 OTHERS         0.589        -0.162        -0.005         0.181
 T1APEC        -0.206         0.002         0.002        -0.011         0.201
 T1INFAR       -0.318        -0.003        -0.002         0.003         0.055
 SMOKER         0.279        -0.020        -0.002         0.025         0.013
 FORMER        -0.045         0.026        -0.001        -0.025         0.001
 BAGE          -0.699        -0.022        -0.001        -0.010         0.024
 HEIGHT        11.891        -0.791         0.085         0.954        -0.324


           Covariances
              T1INFAR       SMOKER        FORMER        BAGE          HEIGHT
              ________      ________      ________      ________      ________
 T1INFAR        0.093
 SMOKER         0.010         0.250
 FORMER        -0.006        -0.122         0.189
 BAGE           0.039         0.017        -0.005         0.823
 HEIGHT        -0.111         0.042        -0.155        -0.411        44.939


           Correlations
              P1            P2            P3            C1            C2
              ________      ________      ________      ________      ________
 P1             1.000
 P2             0.042         1.000
 P3             0.401        -0.037         1.000
 C1            -0.210        -0.047        -0.096         1.000
 C2            -0.140        -0.020        -0.068         0.800         1.000
 C3            -0.239        -0.069        -0.099         0.648         0.713
 HAUPT          0.107         0.062         0.082        -0.199        -0.219
 SECOND         0.078         0.010        -0.032         0.039         0.082
 OTHERS        -0.148        -0.059        -0.082         0.262         0.272
 T1APEC         0.085         0.016         0.118        -0.060        -0.016
 T1INFAR        0.128         0.073         0.063        -0.072        -0.052
 SMOKER        -0.137        -0.090        -0.107         0.119         0.100
 FORMER         0.040         0.023         0.015        -0.136        -0.122
 BAGE           0.112         0.001        -0.020        -0.021        -0.052
 HEIGHT        -0.163        -0.006        -0.135         0.187         0.175


           Correlations
              C3            HAUPT         SECOND        OTHERS        T1APEC
              ________      ________      ________      ________      ________
 C3             1.000
 HAUPT         -0.129         1.000
 SECOND         0.044        -0.207         1.000
 OTHERS         0.201        -0.812        -0.080         1.000
 T1APEC        -0.067         0.009         0.039        -0.055         1.000
 T1INFAR       -0.152        -0.018        -0.048         0.025         0.401
 SMOKER         0.081        -0.087        -0.023         0.115         0.060
 FORMER        -0.015         0.128        -0.018        -0.134         0.005
 BAGE          -0.112        -0.052        -0.008        -0.027         0.059
 HEIGHT         0.257        -0.253         0.091         0.334        -0.108


           Correlations
              T1INFAR       SMOKER        FORMER        BAGE          HEIGHT
              ________      ________      ________      ________      ________
 T1INFAR        1.000
 SMOKER         0.066         1.000
 FORMER        -0.048        -0.561         1.000
 BAGE           0.140         0.037        -0.012         1.000
 HEIGHT        -0.054         0.012        -0.053        -0.068         1.000


     MAXIMUM LOG-LIKELIHOOD VALUE FOR THE UNRESTRICTED (H1) MODEL IS -4571.223


THE MODEL ESTIMATION TERMINATED NORMALLY



MODEL FIT INFORMATION

Number of Free Parameters                       53

Loglikelihood

          H0 Value                       -3044.790

Information Criteria

          Akaike (AIC)                    6195.579
          Bayesian (BIC)                  6382.639
          Sample-Size Adjusted BIC        6214.621
            (n* = (n + 2) / 24)



MODEL RESULTS

                                                    Two-Tailed
                    Estimate       S.E.  Est./S.E.    P-Value

 IP         ON
    HAUPT              0.070      2.537      0.028      0.978
    SECOND             1.060      6.422      0.165      0.869
    OTHERS            -0.489      3.026     -0.162      0.872
    T1APEC            -0.237      1.352     -0.175      0.861
    T1INFAR            1.068      1.656      0.645      0.519
    SMOKER            -0.499      1.475     -0.338      0.735
    FORMER            -0.031      1.626     -0.019      0.985
    BAGE               0.062      0.666      0.093      0.926
    HEIGHT             0.004      0.100      0.042      0.967

 SP         ON
    HAUPT              0.078      0.582      0.134      0.893
    SECOND            -0.126      2.603     -0.048      0.961
    OTHERS             0.094      0.634      0.148      0.882
    T1APEC             0.060      0.228      0.264      0.792
    T1INFAR           -0.057      0.293     -0.194      0.846
    SMOKER            -0.048      0.211     -0.230      0.818
    FORMER            -0.080      0.314     -0.254      0.800
    BAGE              -0.010      0.100     -0.100      0.920
    HEIGHT            -0.003      0.014     -0.180      0.857

 IC         ON
    HAUPT              1.199      1.641      0.731      0.465
    SECOND             3.937      6.901      0.570      0.568
    OTHERS             4.544      2.002      2.269      0.023
    T1APEC            -0.009      1.054     -0.009      0.993
    T1INFAR           -1.258      1.695     -0.742      0.458
    SMOKER             0.493      1.092      0.452      0.652
    FORMER            -1.236      1.104     -1.120      0.263
    BAGE               0.034      0.471      0.072      0.943
    HEIGHT             0.069      0.070      0.976      0.329

 SC         ON
    HAUPT              0.050      0.204      0.243      0.808
    SECOND             0.026      0.773      0.034      0.973
    OTHERS            -0.025      0.215     -0.115      0.909
    T1APEC             0.032      0.132      0.245      0.807
    T1INFAR           -0.127      0.214     -0.595      0.552
    SMOKER             0.093      0.095      0.983      0.326
    FORMER             0.171      0.123      1.386      0.166
    BAGE              -0.055      0.051     -1.067      0.286
    HEIGHT             0.009      0.009      1.031      0.303

 IP       WITH
    SP                -0.013      0.386     -0.033      0.974
    IC                -1.147      3.646     -0.315      0.753
    SC                -0.032      0.322     -0.099      0.921

 SP       WITH
    IC                 0.126      0.609      0.207      0.836
    SC                 0.001      0.058      0.012      0.990

 IC       WITH
    SC                -0.211      0.302     -0.697      0.486

 P1       WITH
    C1                 0.338      1.841      0.183      0.854

 P2       WITH
    C2                 0.338      1.841      0.183      0.854

 P3       WITH
    C3                 0.338      1.841      0.183      0.854

 Intercepts
    P1                 0.000      0.000    999.000    999.000
    P2                 0.000      0.000    999.000    999.000
    P3                 0.000      0.000    999.000    999.000
    C1                 0.000      0.000    999.000    999.000
    C2                 0.000      0.000    999.000    999.000
    C3                 0.000      0.000    999.000    999.000
    IP                 5.864      4.953      1.184      0.236
    SP                 0.127      0.870      0.146      0.884
    IC                20.918      3.494      5.987      0.000
    SC                -0.736      0.383     -1.921      0.055

 Residual Variances
    P1                 9.382      2.260      4.151      0.000
    P2                 9.382      2.260      4.151      0.000
    P3                 9.382      2.260      4.151      0.000
    C1                 8.001      0.667     12.002      0.000
    C2                 8.001      0.667     12.002      0.000
    C3                 8.001      0.667     12.002      0.000
    IP                 0.202      3.491      0.058      0.954
    SP                 0.002      0.051      0.040      0.968
    IC                27.540      3.763      7.318      0.000
    SC                 0.095      0.023      4.215      0.000


QUALITY OF NUMERICAL RESULTS

     Condition Number for the Information Matrix              0.242E-07
       (ratio of smallest to largest eigenvalue)


DIAGRAM INFORMATION

  Use View Diagram under the Diagram menu in the Mplus Editor to view the diagram.
  If running Mplus from the Mplus Diagrammer, the diagram opens automatically.

  Diagram output
    c:\users\besitzer\documents\github\ialsa-2015-portland\studies\ilse\unshared\tug\b1_male_aehplus

     Beginning Time:  15:48:15
        Ending Time:  15:48:22
       Elapsed Time:  00:00:07



MUTHEN & MUTHEN
3463 Stoner Ave.
Los Angeles, CA  90066

Tel: (310) 391-9971
Fax: (310) 391-8971
Web: www.StatModel.com
Support: Support@StatModel.com

Copyright (c) 1998-2013 Muthen & Muthen
