Mplus VERSION 7.11
MUTHEN & MUTHEN
10/19/2015   2:29 PM

INPUT INSTRUCTIONS

   TITLE: TUG, AEHplus Model, Male

  DATA:  File = C:\Users\Besitzer\Desktop\ilse 19.10.dat;

  VARIABLE: Names are
  T1SD18 ID SEX t1dss t1bd t1fs t1fsb t1age center
  t1beer t1wine t1k t1pc t1vf
      t1sa t1spf t2dss t2bd t2fs t2fsb t2beer t2wine
      t2k t2pc t2vf t2sa t2spf t3dss t3bd t3k t3pc t3vf
      t3sa t3spf t2age t3age T1TUG t1height t1weight
      T2TUG t2height t2weight T3TUG t3height t3weight
      time1 time2r time3r time3 time2 T1HAVIR1 T1HAVIL1
      T1HAVIR2 T1HAVIL2 T2HAVIR1 T2HAVIR2 T2HAVIL1
      T2HAVIL2 T3HAVIR1x T3HAVIR2x T3HAVIL1x T3HAVIL2x
      t1hg t2hg t3hg T1APEC T1INFAR T1RAUCH Educ element
      Haupt second others Smoker Educnew heartdis;

           MISSING are ALL(-9999);
           USEVAR are  time1 time2 time3 Educnew
                       Smoker heartdis
                       p1 p2 p3
                       Bage height;
           TSCORES =   time1 time2 time3;

           USEOBSERVATIONS are sex EQ 0;

    Define: p1=t1tug; p2=t2tug; p3=t3tug;

            Bage=t1age-70;   !Centered at Age 70
            Bagesq=(t1age-70)**2;
           height=t1height-172; !centered for male

  ANALYSIS: TYPE = RANDOM;
  Estimator=MLF;


  MODEL:    ip sp | p1-p3 AT time1-time3;


          ip sp ON Bage height Educnew Smoker heartdis;


          p1-p3 (res_p);

  OUTPUT: sampstat;



*** WARNING
  Data set contains cases with missing on x-variables.
  These cases were not included in the analysis.
  Number of cases with missing on x-variables:  8
*** WARNING
  Data set contains cases with missing on all variables except
  x-variables.  These cases were not included in the analysis.
  Number of cases with missing on all variables except x-variables:  15
   2 WARNING(S) FOUND IN THE INPUT INSTRUCTIONS



TUG, AEHplus Model, Male

SUMMARY OF ANALYSIS

Number of groups                                                 1
Number of observations                                         237

Number of dependent variables                                    3
Number of independent variables                                  5
Number of continuous latent variables                            2

Observed dependent variables

  Continuous
   P1          P2          P3

Observed independent variables
   EDUCNEW     SMOKER      HEARTDIS    BAGE        HEIGHT

Continuous latent variables
   IP          SP

Variables with special functions

  Time scores
   TIME1       TIME2       TIME3


Estimator                                                      MLF
Information matrix                                        OBSERVED
Maximum number of iterations                                   100
Convergence criterion                                    0.100D-05
Maximum number of EM iterations                                500
Convergence criteria for the EM algorithm
  Loglikelihood change                                   0.100D-02
  Relative loglikelihood change                          0.100D-05
  Derivative                                             0.100D-03
Minimum variance                                         0.100D-03
Maximum number of steepest descent iterations                   20
Maximum number of iterations for H1                           2000
Convergence criterion for H1                             0.100D-03
Optimization algorithm                                         EMA

Input data file(s)
  C:\Users\Besitzer\Desktop\ilse 19.10.dat
Input data format  FREE


SUMMARY OF DATA

     Number of missing data patterns             6


COVARIANCE COVERAGE OF DATA

Minimum covariance coverage value   0.100


     PROPORTION OF DATA PRESENT


           Covariance Coverage
              P1            P2            P3            EDUCNEW       SMOKER
              ________      ________      ________      ________      ________
 P1             0.502
 P2             0.439         0.937
 P3             0.224         0.473         0.485
 EDUCNEW        0.502         0.937         0.485         1.000
 SMOKER         0.502         0.937         0.485         1.000         1.000
 HEARTDIS       0.502         0.937         0.485         1.000         1.000
 BAGE           0.502         0.937         0.485         1.000         1.000
 HEIGHT         0.502         0.937         0.485         1.000         1.000


           Covariance Coverage
              HEARTDIS      BAGE          HEIGHT
              ________      ________      ________
 HEARTDIS       1.000
 BAGE           1.000         1.000
 HEIGHT         1.000         1.000         1.000


SAMPLE STATISTICS


     ESTIMATED SAMPLE STATISTICS


           Means
              P1            P2            P3            EDUCNEW       SMOKER
              ________      ________      ________      ________      ________
 1              5.589         5.677         7.922         0.409         0.726


           Means
              HEARTDIS      BAGE          HEIGHT
              ________      ________      ________
 1              0.304        -7.031         2.165


           Covariances
              P1            P2            P3            EDUCNEW       SMOKER
              ________      ________      ________      ________      ________
 P1             1.572
 P2             0.441         2.346
 P3             0.858         0.234         2.579
 EDUCNEW       -0.058        -0.050        -0.040         0.242
 SMOKER        -0.027         0.028        -0.021         0.007         0.199
 HEARTDIS       0.103         0.115         0.145        -0.010         0.020
 BAGE           0.080        -0.051         0.095        -0.036         0.014
 HEIGHT        -1.108        -1.737        -0.795         0.952        -0.128


           Covariances
              HEARTDIS      BAGE          HEIGHT
              ________      ________      ________
 HEARTDIS       0.212
 BAGE           0.016         0.839
 HEIGHT        -0.307        -0.408        44.876


           Correlations
              P1            P2            P3            EDUCNEW       SMOKER
              ________      ________      ________      ________      ________
 P1             1.000
 P2             0.229         1.000
 P3             0.426         0.095         1.000
 EDUCNEW       -0.095        -0.067        -0.051         1.000
 SMOKER        -0.048         0.041        -0.029         0.031         1.000
 HEARTDIS       0.178         0.163         0.196        -0.046         0.098
 BAGE           0.070        -0.037         0.065        -0.079         0.033
 HEIGHT        -0.132        -0.169        -0.074         0.289        -0.043


           Correlations
              HEARTDIS      BAGE          HEIGHT
              ________      ________      ________
 HEARTDIS       1.000
 BAGE           0.038         1.000
 HEIGHT        -0.100        -0.066         1.000


     MAXIMUM LOG-LIKELIHOOD VALUE FOR THE UNRESTRICTED (H1) MODEL IS -2357.507


THE MODEL ESTIMATION TERMINATED NORMALLY



MODEL FIT INFORMATION

Number of Free Parameters                       16

Loglikelihood

          H0 Value                        -825.945

Information Criteria

          Akaike (AIC)                    1683.891
          Bayesian (BIC)                  1739.380
          Sample-Size Adjusted BIC        1688.665
            (n* = (n + 2) / 24)



MODEL RESULTS

                                                    Two-Tailed
                    Estimate       S.E.  Est./S.E.    P-Value

 IP         ON
    BAGE              -0.039      0.149     -0.261      0.794
    HEIGHT            -0.023      0.020     -1.145      0.252
    EDUCNEW           -0.205      0.247     -0.828      0.408
    SMOKER             0.061      0.290      0.209      0.835
    HEARTDIS           0.454      0.254      1.787      0.074

 SP         ON
    BAGE               0.007      0.023      0.296      0.768
    HEIGHT             0.001      0.003      0.254      0.800
    EDUCNEW            0.019      0.040      0.476      0.634
    SMOKER            -0.024      0.040     -0.603      0.547
    HEARTDIS           0.018      0.043      0.427      0.670

 SP       WITH
    IP                -0.008      0.050     -0.155      0.877

 Intercepts
    P1                 0.000      0.000    999.000    999.000
    P2                 0.000      0.000    999.000    999.000
    P3                 0.000      0.000    999.000    999.000
    IP                 4.809      1.073      4.481      0.000
    SP                 0.269      0.171      1.572      0.116

 Residual Variances
    P1                 1.947      0.240      8.098      0.000
    P2                 1.947      0.240      8.098      0.000
    P3                 1.947      0.240      8.098      0.000
    IP                 0.206      0.416      0.496      0.620
    SP                 0.003      0.008      0.420      0.675


QUALITY OF NUMERICAL RESULTS

     Condition Number for the Information Matrix              0.318E-04
       (ratio of smallest to largest eigenvalue)


DIAGRAM INFORMATION

  Use View Diagram under the Diagram menu in the Mplus Editor to view the diagram.
  If running Mplus from the Mplus Diagrammer, the diagram opens automatically.

  Diagram output
    c:\users\besitzer\documents\github\ialsa-2015-portland\studies\ilse\unshared\tug\u1_male_aehplus

     Beginning Time:  14:29:31
        Ending Time:  14:29:41
       Elapsed Time:  00:00:10



MUTHEN & MUTHEN
3463 Stoner Ave.
Los Angeles, CA  90066

Tel: (310) 391-9971
Fax: (310) 391-8971
Web: www.StatModel.com
Support: Support@StatModel.com

Copyright (c) 1998-2013 Muthen & Muthen
