Mplus VERSION 7.4 (Mac)
MUTHEN & MUTHEN
02/08/2017   9:55 PM

INPUT INSTRUCTIONS

  TITLE:
  Script produced from the prototype in ./sandbox/syntax-creator/
  DATA:
  File = wide-dataset.dat ;
  VARIABLE:
  NAMES are
   id male age_c70 edu_c7 htm_c smoke cardio diabetes dementia_ever
      dementia_baseline bnt_00 bnt_01 bnt_02 bnt_03 bnt_04 bnt_05 bnt_06 bnt_07
      bnt_08 bnt_09 bnt_10 bnt_11 bnt_12 bnt_13 bnt_14 bnt_15 bnt_16 bnt_17
      bnt_18 bostordel_00 bostordel_01 bostordel_02 bostordel_03 bostordel_04
      bostordel_05 bostordel_06 bostordel_07 bostordel_08 bostordel_09 bostordel_10
      bostordel_11 bostordel_12 bostordel_13 bostordel_14 bostordel_15 bostordel_16
      bostordel_17 bostordel_18 bostorim_00 bostorim_01 bostorim_02 bostorim_03
      bostorim_04 bostorim_05 bostorim_06 bostorim_07 bostorim_08 bostorim_09
      bostorim_10 bostorim_11 bostorim_12 bostorim_13 bostorim_14 bostorim_15
      bostorim_16 bostorim_17 bostorim_18 catfluency_00 catfluency_01 catfluency_02
      catfluency_03 catfluency_04 catfluency_05 catfluency_06 catfluency_07
      catfluency_08 catfluency_09 catfluency_10 catfluency_11 catfluency_12
      catfluency_13 catfluency_14 catfluency_15 catfluency_16 catfluency_17
      catfluency_18 complexideas_00 complexideas_01 complexideas_02 complexideas_03
      complexideas_04 complexideas_05 complexideas_06 complexideas_07 complexideas_08
      complexideas_09 complexideas_10 complexideas_11 complexideas_12 complexideas_13
      complexideas_14 complexideas_15 complexideas_16 complexideas_17 complexideas_18
      digitbackward_00 digitbackward_01 digitbackward_02 digitbackward_03
      digitbackward_04 digitbackward_05 digitbackward_06 digitbackward_07
      digitbackward_08 digitbackward_09 digitbackward_10 digitbackward_11
      digitbackward_12 digitbackward_13 digitbackward_14 digitbackward_15
      digitbackward_16 digitbackward_17 digitbackward_18 digitforward_00
      digitforward_01 digitforward_02 digitforward_03 digitforward_04 digitforward_05
      digitforward_06 digitforward_07 digitforward_08 digitforward_09 digitforward_10
      digitforward_11 digitforward_12 digitforward_13 digitforward_14 digitforward_15
      digitforward_16 digitforward_17 digitforward_18 digitorder_00 digitorder_01
      digitorder_02 digitorder_03 digitorder_04 digitorder_05 digitorder_06
      digitorder_07 digitorder_08 digitorder_09 digitorder_10 digitorder_11
      digitorder_12 digitorder_13 digitorder_14 digitorder_15 digitorder_16
      digitorder_17 digitorder_18 fev_00 fev_01 fev_02 fev_03 fev_04 fev_05 fev_06
      fev_07 fev_08 fev_09 fev_10 fev_11 fev_12 fev_13 fev_14 fev_15 fev_16 fev_17
      fev_18 fev100_00 fev100_01 fev100_02 fev100_03 fev100_04 fev100_05 fev100_06
      fev100_07 fev100_08 fev100_09 fev100_10 fev100_11 fev100_12 fev100_13 fev100_14
      fev100_15 fev100_16 fev100_17 fev100_18 gait_00 gait_01 gait_02 gait_03 gait_04
      gait_05 gait_06 gait_07 gait_08 gait_09 gait_10 gait_11 gait_12 gait_13 gait_14
      gait_15 gait_16 gait_17 gait_18 grip_00 grip_01 grip_02 grip_03 grip_04 grip_05
      grip_06 grip_07 grip_08 grip_09 grip_10 grip_11 grip_12 grip_13 grip_14 grip_15
      grip_16 grip_17 grip_18 lineorientation_00 lineorientation_01 lineorientation_02
      lineorientation_03 lineorientation_04 lineorientation_05 lineorientation_06
      lineorientation_07 lineorientation_08 lineorientation_09 lineorientation_10
      lineorientation_11 lineorientation_12 lineorientation_13 lineorientation_14
      lineorientation_15 lineorientation_16 lineorientation_17 lineorientation_18
      logimemdel_00 logimemdel_01 logimemdel_02 logimemdel_03 logimemdel_04
      logimemdel_05 logimemdel_06 logimemdel_07 logimemdel_08 logimemdel_09
      logimemdel_10 logimemdel_11 logimemdel_12 logimemdel_13 logimemdel_14
      logimemdel_15 logimemdel_16 logimemdel_17 logimemdel_18 logimemim_00
      logimemim_01 logimemim_02 logimemim_03 logimemim_04 logimemim_05 logimemim_06
      logimemim_07 logimemim_08 logimemim_09 logimemim_10 logimemim_11 logimemim_12
      logimemim_13 logimemim_14 logimemim_15 logimemim_16 logimemim_17 logimemim_18
      matrices_00 matrices_01 matrices_02 matrices_03 matrices_04 matrices_05
      matrices_06 matrices_07 matrices_08 matrices_09 matrices_10 matrices_11
      matrices_12 matrices_13 matrices_14 matrices_15 matrices_16 matrices_17
      matrices_18 mmse_00 mmse_01 mmse_02 mmse_03 mmse_04 mmse_05 mmse_06 mmse_07
      mmse_08 mmse_09 mmse_10 mmse_11 mmse_12 mmse_13 mmse_14 mmse_15 mmse_16 mmse_17
      mmse_18 nart_00 nart_01 nart_02 nart_03 nart_04 nart_05 nart_06 nart_07 nart_08
      nart_09 nart_10 nart_11 nart_12 nart_13 nart_14 nart_15 nart_16 nart_17 nart_18
      numbercomparison_00 numbercomparison_01 numbercomparison_02 numbercomparison_03
      numbercomparison_04 numbercomparison_05 numbercomparison_06 numbercomparison_07
      numbercomparison_08 numbercomparison_09 numbercomparison_10 numbercomparison_11
      numbercomparison_12 numbercomparison_13 numbercomparison_14 numbercomparison_15
      numbercomparison_16 numbercomparison_17 numbercomparison_18 symbol_00
      symbol_01 symbol_02 symbol_03 symbol_04 symbol_05 symbol_06 symbol_07 symbol_08
      symbol_09 symbol_10 symbol_11 symbol_12 symbol_13 symbol_14 symbol_15 symbol_16
      symbol_17 symbol_18 wordlistdel_00 wordlistdel_01 wordlistdel_02 wordlistdel_03
      wordlistdel_04 wordlistdel_05 wordlistdel_06 wordlistdel_07 wordlistdel_08
      wordlistdel_09 wordlistdel_10 wordlistdel_11 wordlistdel_12 wordlistdel_13
      wordlistdel_14 wordlistdel_15 wordlistdel_16 wordlistdel_17 wordlistdel_18
      wordlistim_00 wordlistim_01 wordlistim_02 wordlistim_03 wordlistim_04
      wordlistim_05 wordlistim_06 wordlistim_07 wordlistim_08 wordlistim_09
      wordlistim_10 wordlistim_11 wordlistim_12 wordlistim_13 wordlistim_14
      wordlistim_15 wordlistim_16 wordlistim_17 wordlistim_18 wordlistrecog_00
      wordlistrecog_01 wordlistrecog_02 wordlistrecog_03 wordlistrecog_04
      wordlistrecog_05 wordlistrecog_06 wordlistrecog_07 wordlistrecog_08
      wordlistrecog_09 wordlistrecog_10 wordlistrecog_11 wordlistrecog_12
      wordlistrecog_13 wordlistrecog_14 wordlistrecog_15 wordlistrecog_16
      wordlistrecog_17 wordlistrecog_18 years_since_bl_00 years_since_bl_01
      years_since_bl_02 years_since_bl_03 years_since_bl_04 years_since_bl_05
      years_since_bl_06 years_since_bl_07 years_since_bl_08 years_since_bl_09
      years_since_bl_10 years_since_bl_11 years_since_bl_12 years_since_bl_13
      years_since_bl_14 years_since_bl_15 years_since_bl_16 years_since_bl_17
      years_since_bl_18
  	;
  Missing are all (-9999);
  USEVARIABLES are
  	!define the variables used in the analysis
  	! covariates used in the model
  age_c70
  edu_c7	
  	!estimated time points
  time_00
  time_01
  time_02
  time_03
  time_04
  	!modelled time points of process (A)
  a_00
  a_01
  a_02
  a_03
  a_04
  	!modelled time points of process (B)
  b_00
  b_01
  b_02
  b_03
  b_04
  ;
  TSCORES are
  	!estimated time points
  time_00
  time_01
  time_02
  time_03
  time_04;
  USEOBSERVATIONS are
  	!select a subset of observations
  male EQ 0
  and
  id NE 0
  ;
  DEFINE:
  	! assign variables to the process (A)
  a_00=grip_00;
  a_01=grip_01;
  a_02=grip_02;
  a_03=grip_03;
  a_04=grip_04;
  	! assign variables to the process (B)
  b_00=catfluency_00;
  b_01=catfluency_01;
  b_02=catfluency_02;
  b_03=catfluency_03;
  b_04=catfluency_04;
  	!assign variables to time points
  time_00=years_since_bl_00;
  time_01=years_since_bl_01;
  time_02=years_since_bl_02;
  time_03=years_since_bl_03;
  time_04=years_since_bl_04;
  	
  ANALYSIS:
  TYPE = RANDOM;
  COVERAGE=.00;
  MODEL:
  	!first-level equation
  	! assign process (A) to time points
  ia sa | a_00 AT time_00 ;
  ia sa | a_01 AT time_01 ;
  ia sa | a_02 AT time_02 ;
  ia sa | a_03 AT time_03 ;
  ia sa | a_04 AT time_04 ;
  	! assign process (B) to time points
  ib sb | b_00 AT time_00 ;
  ib sb | b_01 AT time_01 ;
  ib sb | b_02 AT time_02 ;
  ib sb | b_03 AT time_03 ;
  ib sb | b_04 AT time_04 ;
  	!variance of the first-level terms
  ia (v_ia);
  sa (v_sa);
  ib (v_ib);
  sb (v_sb);
  	!covariance among first-level terms
  ia WITH sa (c_iasa);
  ia WITH ib (c_iaib);
  ia WITH sb (c_iasb);
  sa WITH ib (c_saib);
  sa WITH sb (c_sasb);
  ib WITH sb (c_ibsb);
  	!second-level equation
  ia sa ib sb ON age_c70
  edu_c7;
  	!residual covariance of process (A)
  a_00 (res_a);
  a_01 (res_a);
  a_02 (res_a);
  a_03 (res_a);
  a_04 (res_a);	
  	!residual covariance of process (B)
  b_00 (res_b);
  b_01 (res_b);
  b_02 (res_b);
  b_03 (res_b);
  b_04 (res_b);	
  	!Paired covariances constrained to be equal across t
  a_00 pwith b_00 (res_cov);
  a_01 pwith b_01 (res_cov);
  a_02 pwith b_02 (res_cov);
  a_03 pwith b_03 (res_cov);
  a_04 pwith b_04 (res_cov);	
  MODEL CONSTRAINT:
  	!assigns labels to new parameters;
  NEW r_iaib;
  NEW r_sasb;
  NEW r_res_ab;
  	!compute confidence intervals for correlation coefficients;
  r_iaib = c_iaib/((v_ia**0.5)*(v_ib**0.5));
  r_sasb = c_sasb/((v_sa**0.5)*(v_sb**0.5));
  r_res_ab = res_cov/((res_a**0.5)*(res_b**0.5));
  SAVEDATA:
  FILE is   b1_female_ae_grip_catfluency_fscores.dat;
  SAVE = FSCORES;
  RESULTS are   b1_female_ae_grip_catfluency_results.dat;
  	
  OUTPUT: sampstat cinterval;
  PLOT: Type is Plot1 Plot2 Plot3;



*** WARNING
  Data set contains cases with missing on x-variables.
  These cases were not included in the analysis.
  Number of cases with missing on x-variables:  1
*** WARNING
  Data set contains cases with missing on all variables except
  x-variables.  These cases were not included in the analysis.
  Number of cases with missing on all variables except x-variables:  2
   2 WARNING(S) FOUND IN THE INPUT INSTRUCTIONS




Script produced from the prototype in ./sandbox/syntax-creator/

SUMMARY OF ANALYSIS

Number of groups                                                 1
Number of observations                                        1363

Number of dependent variables                                   10
Number of independent variables                                  2
Number of continuous latent variables                            4

Observed dependent variables

  Continuous
   A_00        A_01        A_02        A_03        A_04        B_00
   B_01        B_02        B_03        B_04

Observed independent variables
   AGE_C70     EDU_C7

Continuous latent variables
   IA          SA          IB          SB

Variables with special functions

  Time scores
   TIME_00     TIME_01     TIME_02     TIME_03     TIME_04


Estimator                                                      MLR
Information matrix                                        OBSERVED
Maximum number of iterations                                   100
Convergence criterion                                    0.100D-05
Maximum number of EM iterations                                500
Convergence criteria for the EM algorithm
  Loglikelihood change                                   0.100D-02
  Relative loglikelihood change                          0.100D-05
  Derivative                                             0.100D-03
Minimum variance                                         0.100D-03
Maximum number of steepest descent iterations                   20
Maximum number of iterations for H1                           2000
Convergence criterion for H1                             0.100D-03
Optimization algorithm                                         EMA

Input data file(s)
  wide-dataset.dat
Input data format  FREE


SUMMARY OF DATA

     Number of missing data patterns           110


COVARIANCE COVERAGE OF DATA

Minimum covariance coverage value   0.000


     PROPORTION OF DATA PRESENT


           Covariance Coverage
              A_00          A_01          A_02          A_03          A_04
              ________      ________      ________      ________      ________
 A_00           0.864
 A_01           0.628         0.638
 A_02           0.525         0.480         0.545
 A_03           0.390         0.345         0.361         0.478
 A_04           0.266         0.229         0.234         0.298         0.346
 B_00           0.861         0.636         0.544         0.478         0.346
 B_01           0.755         0.633         0.529         0.466         0.336
 B_02           0.674         0.575         0.537         0.464         0.332
 B_03           0.590         0.500         0.481         0.473         0.335
 B_04           0.494         0.420         0.400         0.405         0.337
 AGE_C70        0.864         0.638         0.545         0.478         0.346
 EDU_C7         0.864         0.638         0.545         0.478         0.346


           Covariance Coverage
              B_00          B_01          B_02          B_03          B_04
              ________      ________      ________      ________      ________
 B_00           0.996
 B_01           0.855         0.855
 B_02           0.772         0.748         0.773
 B_03           0.681         0.662         0.652         0.681
 B_04           0.577         0.560         0.549         0.547         0.577
 AGE_C70        0.996         0.855         0.773         0.681         0.577
 EDU_C7         0.996         0.855         0.773         0.681         0.577


           Covariance Coverage
              AGE_C70       EDU_C7
              ________      ________
 AGE_C70        1.000
 EDU_C7         1.000         1.000


SAMPLE STATISTICS


     ESTIMATED SAMPLE STATISTICS


           Means
              A_00          A_01          A_02          A_03          A_04
              ________      ________      ________      ________      ________
 1             40.255        38.991        37.806        36.443        34.699


           Means
              B_00          B_01          B_02          B_03          B_04
              ________      ________      ________      ________      ________
 1             33.840        33.340        32.437        31.630        30.564


           Means
              AGE_C70       EDU_C7
              ________      ________
 1              9.701         7.314


           Covariances
              A_00          A_01          A_02          A_03          A_04
              ________      ________      ________      ________      ________
 A_00         157.714
 A_01         136.630       157.028
 A_02         137.467       140.511       165.380
 A_03         133.096       134.755       145.439       160.296
 A_04         135.343       138.595       143.200       147.534       172.847
 B_00          32.694        30.229        37.534        37.753        35.159
 B_01          37.575        36.892        45.657        43.413        43.802
 B_02          42.195        42.290        53.502        49.654        52.467
 B_03          49.197        46.721        59.190        60.007        63.080
 B_04          55.225        51.178        67.336        68.196        72.946
 AGE_C70      -43.797       -43.322       -48.519       -49.835       -48.331
 EDU_C7         5.406         5.899         5.250         3.793         3.286


           Covariances
              B_00          B_01          B_02          B_03          B_04
              ________      ________      ________      ________      ________
 B_00          88.361
 B_01          74.673       103.402
 B_02          78.201        90.536       119.125
 B_03          81.204        93.787       105.775       136.839
 B_04          83.918        99.837       109.102       125.329       158.822
 AGE_C70      -22.138       -27.272       -29.674       -33.735       -37.579
 EDU_C7         8.612         7.649         8.533         8.696         9.622


           Covariances
              AGE_C70       EDU_C7
              ________      ________
 AGE_C70       60.944
 EDU_C7        -1.377         9.526


           Correlations
              A_00          A_01          A_02          A_03          A_04
              ________      ________      ________      ________      ________
 A_00           1.000
 A_01           0.868         1.000
 A_02           0.851         0.872         1.000
 A_03           0.837         0.849         0.893         1.000
 A_04           0.820         0.841         0.847         0.886         1.000
 B_00           0.277         0.257         0.310         0.317         0.284
 B_01           0.294         0.290         0.349         0.337         0.328
 B_02           0.308         0.309         0.381         0.359         0.366
 B_03           0.335         0.319         0.393         0.405         0.410
 B_04           0.349         0.324         0.415         0.427         0.440
 AGE_C70       -0.447        -0.443        -0.483        -0.504        -0.471
 EDU_C7         0.139         0.153         0.132         0.097         0.081


           Correlations
              B_00          B_01          B_02          B_03          B_04
              ________      ________      ________      ________      ________
 B_00           1.000
 B_01           0.781         1.000
 B_02           0.762         0.816         1.000
 B_03           0.738         0.788         0.828         1.000
 B_04           0.708         0.779         0.793         0.850         1.000
 AGE_C70       -0.302        -0.344        -0.348        -0.369        -0.382
 EDU_C7         0.297         0.244         0.253         0.241         0.247


           Correlations
              AGE_C70       EDU_C7
              ________      ________
 AGE_C70        1.000
 EDU_C7        -0.057         1.000


     MAXIMUM LOG-LIKELIHOOD VALUE FOR THE UNRESTRICTED (H1) MODEL IS -38947.124


UNIVARIATE SAMPLE STATISTICS


     UNIVARIATE HIGHER-ORDER MOMENT DESCRIPTIVE STATISTICS

         Variable/         Mean/     Skewness/   Minimum/ % with                Percentiles
        Sample Size      Variance    Kurtosis    Maximum  Min/Max      20%/60%    40%/80%    Median

     A_00                 39.949       0.195       0.000    0.17%      29.500     36.500     39.750
            1178.000     157.736       0.463      97.750    0.08%      42.500     50.000
     A_01                 38.716       0.133       0.000    0.23%      28.750     35.500     38.500
             869.000     142.314       0.380      85.000    0.12%      41.500     48.500
     A_02                 37.785      -0.029       0.000    0.27%      27.000     35.000     37.750
             743.000     149.710      -0.024      72.500    0.13%      40.500     48.000
     A_03                 36.543       0.173       0.000    0.31%      26.667     32.750     35.750
             652.000     137.063       0.177      73.750    0.15%      39.250     46.500
     A_04                 35.658       0.232       0.000    0.64%      25.750     32.250     35.250
             472.000     152.475       0.502      76.250    0.21%      38.000     45.250
     B_00                 33.877       0.043       1.000    0.15%      26.000     31.000     34.000
            1357.000      88.062       0.393      69.000    0.15%      36.000     42.000
     B_01                 33.902       0.078       0.000    0.09%      26.000     31.000     33.500
            1166.000      99.934       0.137      69.000    0.09%      36.000     42.000
     B_02                 33.350       0.043       0.000    0.09%      25.000     31.000     33.000
            1053.000     113.329       0.205      73.000    0.09%      36.000     42.000
     B_03                 32.856       0.050       2.000    0.11%      24.000     30.000     33.000
             928.000     127.471       0.460      87.000    0.11%      36.000     42.000
     B_04                 32.385      -0.203       0.000    0.13%      22.000     30.000     33.000
             787.000     143.708      -0.057      67.000    0.13%      36.000     43.000
     AGE_C70               9.701      -0.470     -16.653    0.07%       3.467      8.683     10.463
            1363.000      60.944       0.186      30.471    0.07%      12.292     16.272
     EDU_C7                7.314      -0.168      -7.000    0.07%       5.000      6.000      7.000
            1363.000       9.526       1.184      18.000    0.07%       8.000     10.000


THE MODEL ESTIMATION TERMINATED NORMALLY



MODEL FIT INFORMATION

Number of Free Parameters                       25

Loglikelihood

          H0 Value                      -30800.531
          H0 Scaling Correction Factor      1.1635
            for MLR

Information Criteria

          Akaike (AIC)                   61651.063
          Bayesian (BIC)                 61781.499
          Sample-Size Adjusted BIC       61702.084
            (n* = (n + 2) / 24)



MODEL RESULTS

                                                    Two-Tailed
                    Estimate       S.E.  Est./S.E.    P-Value

 IA         ON
    AGE_C70           -0.705      0.043    -16.411      0.000
    EDU_C7             0.497      0.108      4.611      0.000

 SA         ON
    AGE_C70           -0.029      0.010     -3.016      0.003
    EDU_C7            -0.061      0.027     -2.246      0.025

 IB         ON
    AGE_C70           -0.355      0.030    -11.809      0.000
    EDU_C7             0.806      0.073     10.972      0.000

 SB         ON
    AGE_C70           -0.061      0.008     -7.420      0.000
    EDU_C7             0.015      0.021      0.691      0.490

 IA       WITH
    SA                -1.655      0.932     -1.775      0.076
    IB                11.482      2.708      4.240      0.000
    SB                 2.653      0.797      3.329      0.001

 SA       WITH
    IB                 1.408      0.606      2.324      0.020
    SB                 0.720      0.199      3.626      0.000

 IB       WITH
    SB                 2.545      0.591      4.304      0.000

 A_00     WITH
    B_00               1.005      0.481      2.092      0.036

 A_01     WITH
    B_01               1.005      0.481      2.092      0.036

 A_02     WITH
    B_02               1.005      0.481      2.092      0.036

 A_03     WITH
    B_03               1.005      0.481      2.092      0.036

 A_04     WITH
    B_04               1.005      0.481      2.092      0.036

 Intercepts
    A_00               0.000      0.000    999.000    999.000
    A_01               0.000      0.000    999.000    999.000
    A_02               0.000      0.000    999.000    999.000
    A_03               0.000      0.000    999.000    999.000
    A_04               0.000      0.000    999.000    999.000
    B_00               0.000      0.000    999.000    999.000
    B_01               0.000      0.000    999.000    999.000
    B_02               0.000      0.000    999.000    999.000
    B_03               0.000      0.000    999.000    999.000
    B_04               0.000      0.000    999.000    999.000
    IA                43.518      1.017     42.809      0.000
    SA                -0.621      0.252     -2.465      0.014
    IB                31.531      0.640     49.242      0.000
    SB                -0.333      0.180     -1.854      0.064

 Residual Variances
    A_00              19.828      0.904     21.931      0.000
    A_01              19.828      0.904     21.931      0.000
    A_02              19.828      0.904     21.931      0.000
    A_03              19.828      0.904     21.931      0.000
    A_04              19.828      0.904     21.931      0.000
    B_00              21.073      0.648     32.517      0.000
    B_01              21.073      0.648     32.517      0.000
    B_02              21.073      0.648     32.517      0.000
    B_03              21.073      0.648     32.517      0.000
    B_04              21.073      0.648     32.517      0.000
    IA               104.467      5.664     18.444      0.000
    SA                 1.311      0.281      4.670      0.000
    IB                56.030      3.170     17.674      0.000
    SB                 2.094      0.256      8.164      0.000

New/Additional Parameters
    R_IAIB             0.150      0.034      4.392      0.000
    R_SASB             0.435      0.113      3.850      0.000
    R_RES_AB           0.049      0.023      2.103      0.035


QUALITY OF NUMERICAL RESULTS

     Condition Number for the Information Matrix              0.182E-04
       (ratio of smallest to largest eigenvalue)


CONFIDENCE INTERVALS OF MODEL RESULTS

                  Lower .5%  Lower 2.5%    Lower 5%    Estimate    Upper 5%  Upper 2.5%   Upper .5%

 IA       ON
    AGE_C70         -0.816      -0.790      -0.776      -0.705      -0.635      -0.621      -0.595
    EDU_C7           0.219       0.286       0.320       0.497       0.674       0.708       0.774

 SA       ON
    AGE_C70         -0.055      -0.049      -0.046      -0.029      -0.013      -0.010      -0.004
    EDU_C7          -0.131      -0.114      -0.106      -0.061      -0.016      -0.008       0.009

 IB       ON
    AGE_C70         -0.433      -0.414      -0.405      -0.355      -0.306      -0.296      -0.278
    EDU_C7           0.616       0.662       0.685       0.806       0.926       0.950       0.995

 SB       ON
    AGE_C70         -0.082      -0.077      -0.074      -0.061      -0.047      -0.045      -0.040
    EDU_C7          -0.040      -0.027      -0.020       0.015       0.050       0.057       0.070

 IA       WITH
    SA              -4.056      -3.482      -3.188      -1.655      -0.121       0.172       0.746
    IB               4.506       6.174       7.027      11.482      15.937      16.790      18.458
    SB               0.601       1.091       1.342       2.653       3.964       4.215       4.706

 SA       WITH
    IB              -0.153       0.220       0.411       1.408       2.405       2.596       2.969
    SB               0.209       0.331       0.394       0.720       1.047       1.110       1.232

 IB       WITH
    SB               1.022       1.386       1.573       2.545       3.518       3.704       4.068

 A_00     WITH
    B_00            -0.233       0.063       0.215       1.005       1.796       1.948       2.244

 A_01     WITH
    B_01            -0.233       0.063       0.215       1.005       1.796       1.948       2.244

 A_02     WITH
    B_02            -0.233       0.063       0.215       1.005       1.796       1.948       2.244

 A_03     WITH
    B_03            -0.233       0.063       0.215       1.005       1.796       1.948       2.244

 A_04     WITH
    B_04            -0.233       0.063       0.215       1.005       1.796       1.948       2.244

 Intercepts
    A_00             0.000       0.000       0.000       0.000       0.000       0.000       0.000
    A_01             0.000       0.000       0.000       0.000       0.000       0.000       0.000
    A_02             0.000       0.000       0.000       0.000       0.000       0.000       0.000
    A_03             0.000       0.000       0.000       0.000       0.000       0.000       0.000
    A_04             0.000       0.000       0.000       0.000       0.000       0.000       0.000
    B_00             0.000       0.000       0.000       0.000       0.000       0.000       0.000
    B_01             0.000       0.000       0.000       0.000       0.000       0.000       0.000
    B_02             0.000       0.000       0.000       0.000       0.000       0.000       0.000
    B_03             0.000       0.000       0.000       0.000       0.000       0.000       0.000
    B_04             0.000       0.000       0.000       0.000       0.000       0.000       0.000
    IA              40.899      41.525      41.845      43.518      45.190      45.510      46.136
    SA              -1.269      -1.114      -1.035      -0.621      -0.206      -0.127       0.028
    IB              29.881      30.276      30.477      31.531      32.584      32.786      33.180
    SB              -0.796      -0.685      -0.629      -0.333      -0.038       0.019       0.130

 Residual Variances
    A_00            17.499      18.056      18.340      19.828      21.315      21.600      22.156
    A_01            17.499      18.056      18.340      19.828      21.315      21.600      22.156
    A_02            17.499      18.056      18.340      19.828      21.315      21.600      22.156
    A_03            17.499      18.056      18.340      19.828      21.315      21.600      22.156
    A_04            17.499      18.056      18.340      19.828      21.315      21.600      22.156
    B_00            19.404      19.803      20.007      21.073      22.139      22.343      22.742
    B_01            19.404      19.803      20.007      21.073      22.139      22.343      22.742
    B_02            19.404      19.803      20.007      21.073      22.139      22.343      22.742
    B_03            19.404      19.803      20.007      21.073      22.139      22.343      22.742
    B_04            19.404      19.803      20.007      21.073      22.139      22.343      22.742
    IA              89.878      93.366      95.150     104.467     113.785     115.569     119.057
    SA               0.588       0.761       0.849       1.311       1.773       1.861       2.034
    IB              47.864      49.816      50.815      56.030      61.244      62.243      64.195
    SB               1.433       1.591       1.672       2.094       2.516       2.596       2.754

New/Additional Parameters
    R_IAIB           0.062       0.083       0.094       0.150       0.206       0.217       0.238
    R_SASB           0.144       0.213       0.249       0.435       0.621       0.656       0.726
    R_RES_AB        -0.011       0.003       0.011       0.049       0.088       0.095       0.109


SAMPLE STATISTICS FOR ESTIMATED FACTOR SCORES


     SAMPLE STATISTICS


           Means
              IA            IA_SE         SA            SA_SE         IB
              ________      ________      ________      ________      ________
 1             40.307         3.429        -1.353         0.992        33.976


           Means
              IB_SE         SB            SB_SE
              ________      ________      ________
 1              2.788        -0.812         1.063


           Covariances
              IA            IA_SE         SA            SA_SE         IB
              ________      ________      ________      ________      ________
 IA           123.983
 IA_SE          0.055         2.370
 SA             0.612        -0.018         0.401
 SA_SE         -0.045         0.077        -0.003         0.009
 IB            30.833        -0.944         1.820        -0.100        62.661
 IB_SE         -1.053         0.362        -0.002         0.026        -0.717
 SB             5.505        -0.049         0.463        -0.008         5.159
 SB_SE         -0.323         0.127        -0.010         0.013        -0.285


           Covariances
              IB_SE         SB            SB_SE
              ________      ________      ________
 IB_SE          0.261
 SB            -0.063         1.160
 SB_SE          0.066        -0.029         0.033


           Correlations
              IA            IA_SE         SA            SA_SE         IB
              ________      ________      ________      ________      ________
 IA             1.000
 IA_SE          0.003         1.000
 SA             0.087        -0.019         1.000
 SA_SE         -0.043         0.529        -0.047         1.000
 IB             0.350        -0.077         0.363        -0.133         1.000
 IB_SE         -0.185         0.460        -0.007         0.539        -0.177
 SB             0.459        -0.029         0.679        -0.076         0.605
 SB_SE         -0.161         0.457        -0.086         0.768        -0.199


           Correlations
              IB_SE         SB            SB_SE
              ________      ________      ________
 IB_SE          1.000
 SB            -0.114         1.000
 SB_SE          0.717        -0.147         1.000


RESULTS SAVING INFORMATION

  Order of data

    Parameter estimates
     (saved in order shown in Technical 1 output)
    Standard errors
     (saved in order shown in Technical 1 output)
    H0 Loglikelihood
    H0 Scaling Correction Factor for MLR
    Number of Free Parameters
    Akaike (AIC)
    Bayesian (BIC)
    Sample-Size Adjusted BIC
    Condition Number

  Save file
    b1_female_ae_grip_catfluency_results.dat

  Save file format           Free


PLOT INFORMATION

The following plots are available:

  Histograms (sample values, estimated factor scores)
  Scatterplots (sample values, estimated factor scores)
  Latent variable distribution plots

SAVEDATA INFORMATION


  Save file
    b1_female_ae_grip_catfluency_fscores.dat

  Order and format of variables

    A_00           F10.3
    A_01           F10.3
    A_02           F10.3
    A_03           F10.3
    A_04           F10.3
    B_00           F10.3
    B_01           F10.3
    B_02           F10.3
    B_03           F10.3
    B_04           F10.3
    AGE_C70        F10.3
    EDU_C7         F10.3
    TIME_00        F10.3
    TIME_01        F10.3
    TIME_02        F10.3
    TIME_03        F10.3
    TIME_04        F10.3
    IA             F10.3
    IA_SE          F10.3
    SA             F10.3
    SA_SE          F10.3
    IB             F10.3
    IB_SE          F10.3
    SB             F10.3
    SB_SE          F10.3

  Save file format
    25F10.3

  Save file record length    10000


     Beginning Time:  21:55:54
        Ending Time:  21:55:57
       Elapsed Time:  00:00:03



MUTHEN & MUTHEN
3463 Stoner Ave.
Los Angeles, CA  90066

Tel: (310) 391-9971
Fax: (310) 391-8971
Web: www.StatModel.com
Support: Support@StatModel.com

Copyright (c) 1998-2015 Muthen & Muthen
