Mplus VERSION 7.3
MUTHEN & MUTHEN
03/02/2015   2:15 PM

INPUT INSTRUCTIONS




        TITLE: Cognitive (Trails B), bivar LGM,full Conditional, male

        DATA:  File = C:\Users\Andrea Zammit\Desktop\EASMaster.csv;


        VARIABLE: Names are
          ! demographics
          SubjectID	Sex	Ethnic	Caus	DemEver	Bagesq	deathage	DEMO23	Educyrs	Status	

          !wave (1-10)
          Wave_1	Wave_2	Wave_3	Wave_4	Wave_5	Wave_6	Wave_7	Wave_8	Wave_9	Wave_10

          !age at wave	(1-10)
          AgeAtWaveOne	AgeAtWave_2	AgeAtWave_3	AgeAtWave_4	AgeAtWave_5	AgeAtWave_6	
          AgeAtWave_7	
          AgeAtWave_8	AgeAtWave_9	AgeAtWave_10	

          !years since baseline (1-10)
          YrsSinceBaseline_1	YrsSinceBaseline_2	YrsSinceBaseline_3	YrsSinceBaseline_4	
          YrsSinceBaseline_5	YrsSinceBaseline_6	YrsSinceBaseline_7	YrsSinceBaseline_8	
          YrsSinceBaseline_9	YrsSinceBaseline_10	

          !Blessed (1-10)
          Blessd_1	Blessd_2	Blessd_3	Blessd_4	Blessd_5	Blessd_6	Blessd_7	
          Blessd_8	Blessd_9	Blessd_10	

          !MMSE (1-10)
          MMS_1	MMS_2	MMS_3	MMS_4	MMS_5	MMS_6	MMS_7	MMS_8	MMS_9	MMS_10	

          !GDS (1-10)
          GDSScore_1	GDSScore_2	GDSScore_3	GDSScore_4	GDSScore_5	GDSScore_6	GDSScore_7	
          GDSScore_8	GDSScore_9	GDSScore_10	

          !Free recall (1-10)
          FreeRecall_1	FreeRecall_2	FreeRecall_3	FreeRecall_4	FreeRecall_5	
          FreeRecall_6	FreeRecall_7	FreeRecall_8	FreeRecall_9	FreeRecall_10

          !Total recall (1-10)	
          TotRecall_1	TotRecall_2	TotRecall_3	TotRecall_4	TotRecall_5	TotRecall_6	
          TotRecall_7	
          TotRecall_8	TotRecall_9	TotRecall_10

         !Delayed free recall (1-10)
          DelFreeRecall_1	DelFreeRecall_2	DelFreeRecall_3	DelFreeRecall_4	DelFreeRecall_5	
          DelFreeRecall_6	DelFreeRecall_7	DelFreeRecall_8	DelFreeRecall_9	DelFreeRecall_10

          !Delayed total recall (1-10)	
          DelTotRecall_1	DelTotRecall_2	DelTotRecall_3	DelTotRecall_4	DelTotRecall_5	
          DelTotRecall_6	DelTotRecall_7	DelTotRecall_8	DelTotRecall_9	DelTotRecall_10	

          !Boston (1-10)
          BostonFree_1	BostonFree_2	BostonFree_3	BostonFree_4	BostonFree_5	
          BostonFree_6	BostonFree_7	BostonFree_8	BostonFree_9	BostonFree_10

          !Infraw (1-10)	
          Infraw_1	Infraw_2	Infraw_3	Infraw_4	Infraw_5	Infraw_6	Infraw_7	
          Infraw_8	Infraw_9	Infraw_10	

          !voc raw (1-10)	
          Vocraw_1	Vocraw_2	Vocraw_3	Vocraw_4	Vocraw_5	Vocraw_6	Vocraw_7	
          Vocraw_8	Vocraw_9	Vocraw_10	

        !span raw (1-10)
          Spnraw_1	Spnraw_2	Spnraw_3	Spnraw_4	Spnraw_5	Spnraw_6 Spnraw_7	
          Spnraw_8	Spnraw_9	Spnraw_10	

          !span age scaled (1-10)
          DSpnAgeScaledScore_1	DSpnAgeScaledScore_2	DSpnAgeScaledScore_3	
          DSpnAgeScaledScore_4	DSpnAgeScaledScore_5	DSpnAgeScaledScore_6	
          DSpnAgeScaledScore_7	DSpnAgeScaledScore_8	DSpnAgeScaledScore_9	
          DSpnAgeScaledScore_10	


          !symraw (1-10)
          Symraw_1	Symraw_2	Symraw_3	Symraw_4	Symraw_5	Symraw_6	
          Symraw_7	Symraw_8	Symraw_9	Symraw_10


          !Block (1-10)
          Blockraw_1	Blockraw_2	Blockraw_3	Blockraw_4	Blockraw_5	Blockraw_6	
          Blockraw_7	Blockraw_8	Blockraw_9	Blockraw_10	

          !FAS (1-10)
          FAS_1	FAS_2	FAS_3	FAS_4	FAS_5	FAS_6	FAS_7	FAS_8	FAS_9	FAS_10
          	

          CAT_1	CAT_2	CAT_3	CAT_4
          CAT_5	CAT_6	CAT_7	CAT_8	CAT_9	CAT_10	

          Grade_1	Grade_2	Grade_3	Grade_4	Grade_5	Grade_6	Grade_7	Grade_8	Grade_9	Grade_10	

          LM_1	LM_2	LM_3	LM_4	LM_5	LM_6	LM_7	LM_8	LM_9	LM_10	

          CFCopy_1	CFCopy_2	CFCopy_3	CFCopy_4	CFCopy_5	CFCopy_6	CFCopy_7	
          CFCopy_8	CFCopy_9	CFCopy_10	

          CFRecall_1	CFRecall_2	CFRecall_3	CFRecall_4	CFRecall_5	CFRecall_6	CFRecall_7
          CFRecall_8	CFRecall_9	CFRecall_10	


          TrA1_1	TrA1_2	TrA1_3	TrA1_4	TrA1_5	TrA1_6	TrA1_7	TrA1_8	TrA1_9	TrA1_10	

          TrlAZScore_1	TrlAZScore_2	TrlAZScore_3	TrlAZScore_4	TrlAZScore_5	
          TrlAZScore_6	TrlAZScore_7	TrlAZScore_8	TrlAZScore_9	TrlAZScore_10	


          TMTARate_1	TMTARate_2	TMTARate_3	TMTARate_4	TMTARate_5	TMTARate_6	TMTARate_7	
          TMTARate_8	TMTARate_9	TMTARate_10	

          TrA2_1	TrA2_2	TrA2_3	TrA2_4	TrA2_5	TrA2_6	TrA2_7	TrA2_8	TrA2_9	TrA2_10	

          TrB1_1	TrB1_2	TrB1_3	TrB1_4	TrB1_5	TrB1_6	TrB1_7	TrB1_8	TrB1_9	TrB1_10	

          TrlBZScore_1	TrlBZScore_2	TrlBZScore_3	TrlBZScore_4	TrlBZScore_5	
          TrlBZScore_6	TrlBZScore_7	TrlBZScore_8	TrlBZScore_9	TrlBZScore_10	

          TMTBRate_1	TMTBRate_2	TMTBRate_3	TMTBRate_4	TMTBRate_5	TMTBRate_6	TMTBRate_7
          TMTBRate_8	TMTBRate_9	TMTBRate_10	

          TrB2_1	TrB2_2	TrB2_3	TrB2_4	TrB2_5	TrB2_6
          TrB2_7	TrB2_8	TrB2_9	TrB2_10	

          EpisodicMemory2FreeCatLM_1	EpisodicMemory2FreeCatLM_2	
          EpisodicMemory2FreeCatLM_3	
          EpisodicMemory2FreeCatLM_4	EpisodicMemory2FreeCatLM_5	
          EpisodicMemory2FreeCatLM_6	EpisodicMemory2FreeCatLM_7	
          EpisodicMemory2FreeCatLM_8	EpisodicMemory2FreeCatLM_9	
          EpisodicMemory2FreeCatLM_10	

          FrontalExecFunc_1	FrontalExecFunc_2	FrontalExecFunc_3	FrontalExecFunc_4	
          FrontalExecFunc_5	FrontalExecFunc_6	FrontalExecFunc_7	FrontalExecFunc_8	
          FrontalExecFunc_9	FrontalExecFunc_10	

          Language2BostVoc_1	Language2BostVoc_2	
          Language2BostVoc_3	Language2BostVoc_4	Language2BostVoc_5	
          Language2BostVoc_6	Language2BostVoc_7	Language2BostVoc_8	
          Language2BostVoc_9	Language2BostVoc_10	

          DysExec_1	DysExec_2	DysExec_3	DysExec_4	DysExec_5	DysExec_6	DysExec_7	
          DysExec_8	DysExec_9	DysExec_10	

          aMCI1_1	aMCI1_2	aMCI1_3	aMCI1_4	aMCI1_5	aMCI1_6	aMCI1_7	aMCI1_8	aMCI1_9	aMCI1_10	

          naMCI1_1	naMCI1_2	naMCI1_3	naMCI1_4	naMCI1_5	naMCI1_6	naMCI1_7	
          naMCI1_8	naMCI1_9	naMCI1_10	

          CumulMI_1	CumulMI_2	CumulMI_3	CumulMI_4	
          CumulMI_5	CumulMI_6	CumulMI_7	CumulMI_8	CumulMI_9	CumulMI_10	

          CumulStroke_1	CumulStroke_2	CumulStroke_3	CumulStroke_4	CumulStroke_5	
          CumulStroke_6	CumulStroke_7	CumulStroke_8	CumulStroke_9	CumulStroke_10	

          CumulDiab_1	CumulDiab_2	CumulDiab_3	CumulDiab_4	CumulDiab_5	CumulDiab_6	
          CumulDiab_7	CumulDiab_8	CumulDiab_9	CumulDiab_10	

          DMever	

          CumulHyper_1	CumulHyper_2	CumulHyper_3	CumulHyper_4	CumulHyper_5	
          CumulHyper_6	CumulHyper_7	CumulHyper_8	CumulHyper_9	CumulHyper_10	

          CumulAngina_1	CumulAngina_2	CumulAngina_3	CumulAngina_4	CumulAngina_5	
          CumulAngina_6	CumulAngina_7	CumulAngina_8	CumulAngina_9	CumulAngina_10
          	
          CumulHrtFail_1	CumulHrtFail_2	CumulHrtFail_3	CumulHrtFail_4	CumulHrtFail_5	
          CumulHrtFail_6	CumulHrtFail_7	CumulHrtFail_8	CumulHrtFail_9	CumulHrtFail_10	

          CumulPD_1	CumulPD_2	CumulPD_3	CumulPD_4	CumulPD_5	CumulPD_6	CumulPD_7	
          CumulPD_8	CumulPD_9	CumulPD_10	

          CumulDep_1	CumulDep_2	CumulDep_3	CumulDep_4	
          CumulDep_5	CumulDep_6	CumulDep_7	CumulDep_8	CumulDep_9	CumulDep_10	

          CumulAnemia_1	CumulAnemia_2	CumulAnemia_3	CumulAnemia_4	CumulAnemia_5	
          CumulAnemia_6	CumulAnemia_7	CumulAnemia_8	CumulAnemia_9	CumulAnemia_10	

          CVIndexArWave_1 CVIndexArWave_2	CVIndexArWave_3	CVIndexArWave_4	CVIndexArWave_5	
          CVIndexArWave_6 CVIndexArWave_7	CVIndexArWave_8	CVIndexArWave_9	CVIndexArWave_10	


          CVIndexCumul_1 CVIndexCumul_2	CVIndexCumul_3	CVIndexCumul_4	CVIndexCumul_5	
          CVIndexCumul_6 CVIndexCumul_7	CVIndexCumul_8	CVIndexCumul_9	CVIndexCumul_10	

          BloodPres1stSys_1	BloodPres1stSys_2	BloodPres1stSys_3	BloodPres1stSys_4	
          BloodPres1stSys_5	BloodPres1stSys_6	BloodPres1stSys_7	BloodPres1stSys_8	
          BloodPres1stSys_9	BloodPres1stSys_10	

          BloodPres1stDia_1	BloodPres1stDia_2	BloodPres1stDia_3	BloodPres1stDia_4	
          BloodPres1stDia_5	BloodPres1stDia_6	BloodPres1stDia_7	BloodPres1stDia_8	
          BloodPres1stDia_9	BloodPres1stDia_10	

          Ht_1	Ht_2	Ht_3	Ht_4	Ht_5	Ht_6	Ht_7	Ht_8	Ht_9	Ht_10	

          Wt_1	Wt_2	Wt_3	Wt_4	Wt_5	Wt_6	Wt_7	Wt_8	Wt_9	Wt_10	

          BMI_1	BMI_2	BMI_3	BMI_4	BMI_5	BMI_6	BMI_7	BMI_8	BMI_9	BMI_10	

          Waist_1	Waist_2	Waist_3	Waist_4	Waist_5	Waist_6	Waist_7	Waist_8	Waist_9	Waist_10	

          Hip_1	Hip_2	Hip_3	Hip_4	Hip_5	Hip_6	Hip_7	Hip_8	Hip_9	Hip_10	

          Velocity_1	Velocity_2	Velocity_3	Velocity_4	Velocity_5	Velocity_6	Velocity_7	
          Velocity_8	Velocity_9	Velocity_10	

          ChairRaiseTime_1	ChairRaiseTime_2	ChairRaiseTime_3	ChairRaiseTime_4	
          ChairRaiseTime_5	ChairRaiseTime_6	ChairRaiseTime_7	ChairRaiseTime_8	
          ChairRaiseTime_9	ChairRaiseTime_10	

          FlamingoStandTime_1	FlamingoStandTime_2	FlamingoStandTime_3	FlamingoStandTime_4	
          FlamingoStandTime_5	FlamingoStandTime_6	FlamingoStandTime_7	FlamingoStandTime_8	
          FlamingoStandTime_9	FlamingoStandTime_10	

          MaxEff_1	MaxEff_2	MaxEff_3	MaxEff_4	MaxEff_5	MaxEff_6	MaxEff_7	
          MaxEff_8	MaxEff_9	MaxEff_10	

          PeakFlowBestOf3_1	PeakFlowBestOf3_2	PeakFlowBestOf3_3	PeakFlowBestOf3_4	
          PeakFlowBestOf3_5	PeakFlowBestOf3_6	PeakFlowBestOf3_7	PeakFlowBestOf3_8	
          PeakFlowBestOf3_9	PeakFlowBestOf3_10	

          UPDRS15_1	UPDRS15_2	UPDRS15_3	UPDRS15_4	UPDRS15_5	UPDRS15_6	UPDRS15_7	
          UPDRS15_8	UPDRS15_9	UPDRS15_10	

          UPDRS27_1	UPDRS27_2	UPDRS27_3	UPDRS27_4	UPDRS27_5	UPDRS27_6	UPDRS27_7	
          UPDRS27_8	UPDRS27_9	UPDRS27_10	

          UPDRS28_1	UPDRS28_2	UPDRS28_3	UPDRS28_4	
          UPDRS28_5	UPDRS28_6	UPDRS28_7	UPDRS28_8	UPDRS28_9	UPDRS28_10	

          UPDRS29_1	UPDRS29_2	UPDRS29_3	UPDRS29_4	UPDRS29_5	UPDRS29_6	UPDRS29_7	
          UPDRS29_8	UPDRS29_9	UPDRS29_10	

          EMail_1	EMail_2	EMail_3	EMail_4	EMail_5	EMail_6	EMail_7	EMail_8	EMail_9	EMail_10	

          Aerobic_1	Aerobic_2	Aerobic_3	Aerobic_4	Aerobic_5	Aerobic_6	Aerobic_7	
          Aerobic_8	Aerobic_9	Aerobic_10	

          HrsFor2WeekLight_1	HrsFor2WeekLight_2	HrsFor2WeekLight_3	HrsFor2WeekLight_4	
          HrsFor2WeekLight_5	HrsFor2WeekLight_6	HrsFor2WeekLight_7	HrsFor2WeekLight_8	
          HrsFor2WeekLight_9	HrsFor2WeekLight_10	

          HrsFor2WeekMedium_1	HrsFor2WeekMedium_2	HrsFor2WeekMedium_3	HrsFor2WeekMedium_4	
          HrsFor2WeekMedium_5	HrsFor2WeekMedium_6	HrsFor2WeekMedium_7	HrsFor2WeekMedium_8	
          HrsFor2WeekMedium_9	HrsFor2WeekMedium_10	

          HrsFor2WeekHeavy_1	HrsFor2WeekHeavy_2	HrsFor2WeekHeavy_3	HrsFor2WeekHeavy_4	
          HrsFor2WeekHeavy_5	HrsFor2WeekHeavy_6	HrsFor2WeekHeavy_7	HrsFor2WeekHeavy_8	
          HrsFor2WeekHeavy_9	HrsFor2WeekHeavy_10	

          DaysPerWeekLight_1	DaysPerWeekLight_2	DaysPerWeekLight_3	DaysPerWeekLight_4	
          DaysPerWeekLight_5	DaysPerWeekLight_6	DaysPerWeekLight_7	DaysPerWeekLight_8	
          DaysPerWeekLight_9	DaysPerWeekLight_10	

          DaysPerWeekMedium_1 DaysPerWeekMedium_2	DaysPerWeekMedium_3	DaysPerWeekMedium_4	
          DaysPerWeekMedium_5	
          DaysPerWeekMedium_6	DaysPerWeekMedium_7	DaysPerWeekMedium_8	DaysPerWeekMedium_9	
          DaysPerWeekMedium_10	

          DaysPerWeekHeavy_1	DaysPerWeekHeavy_2	DaysPerWeekHeavy_3	DaysPerWeekHeavy_4	
          DaysPerWeekHeavy_5	DaysPerWeekHeavy_6	DaysPerWeekHeavy_7	DaysPerWeekHeavy_8	
          DaysPerWeekHeavy_9	DaysPerWeekHeavy_10	

          CigsPerDay_1	CigsPerDay_2	CigsPerDay_3	
          CigsPerDay_4	CigsPerDay_5	CigsPerDay_6	CigsPerDay_7	CigsPerDay_8	
          CigsPerDay_9	CigsPerDay_10	

          SmokNow_1	SmokNow_2	SmokNow_3	SmokNow_4	
          SmokNow_5	SmokNow_6	SmokNow_7	SmokNow_8	SmokNow_9	SmokNow_10	

          SmokEver_1	SmokEver_2	SmokEver_3	SmokEver_4	SmokEver_5	SmokEver_6	SmokEver_7	
          SmokEver_8	SmokEver_9	SmokEver_10	

          SmokNumYrs_1	SmokNumYrs_2	SmokNumYrs_3	SmokNumYrs_4 SmokNumYrs_5	
          SmokNumYrs_6	SmokNumYrs_7	SmokNumYrs_8	SmokNumYrs_9 SmokNumYrs_10	

          DrinksPerMonth_1	DrinksPerMonth_2	DrinksPerMonth_3 DrinksPerMonth_4	
          DrinksPerMonth_5	DrinksPerMonth_6	DrinksPerMonth_7	DrinksPerMonth_8	
          DrinksPerMonth_9	DrinksPerMonth_10	

          Glucose_1	Glucose_2	Glucose_3	Glucose_4	Glucose_5	Glucose_6	Glucose_7	
          Glucose_8	Glucose_9	Glucose_10	

          chronicpi1	chronicpi2	chronicpi3	chronicpi4	chronicpi5	chronicpi6	chronicpi7	
          chronicpi8	chronicpi9	chronicpi10	

          Pdever
          Cvd cisum;
        MISSING = ALL(-9999); !specification of missing observations coded in data file

               USEVAR are  time1 time2 time3 time4 time5 time6 time7 time8 !time9 	
                           p1 p2 p3 p4 p5 p6 p7 p8 !p9
                         c1 c2 c3 c4 c5 c6 c7 c8 !c9
                         Bage educ height Diab SmokHist Cardio DepSymp;
               TSCORES =   time1 time2 time3 time4 time5 time6 time7 time8; !time9;

              USEOBSERVATIONS are DemEver EQ 0 and sex EQ 0;

        Define: p1=PeakFlowBestOf3_1;	p2=PeakFlowBestOf3_2;	p3=PeakFlowBestOf3_3;
       p4=PeakFlowBestOf3_4; p5=PeakFlowBestOf3_5;	p6=PeakFlowBestOf3_6;	
       p7=PeakFlowBestOf3_7; p8=PeakFlowBestOf3_8;	!p9=PeakFlowBestOf3_9;	

               c1= TrB1_1;	c2= TrB1_2;	c3= TrB1_3;	c4= TrB1_4;	c5= TrB1_5;	
                         c6= TrB1_6;	c7= TrB1_7;	c8= TrB1_8;	!c9= TrB1_9;	

                  Bage=AgeAtWaveOne-70;   !Centered at Age 70
                Bagesq=(AgeatWaveOne-70)**2;
                Dage=deathage;
                !female=sex;         !0=Male
                Educ=Educyrs-7;     ! Centered at 7 years
                SEP=DEMO23;
                time1=wave_1;
                time2=wave_2;
                time3=wave_3;
                time4=wave_4;
                time5=wave_5;
                time6=wave_6;
                time7=wave_7;
                time8=wave_8;
                time9=wave_9;
                !Marstat;
                Height=Ht_1-172;
                !Weight
                !BMI
                SmokHist=SmokEver_1;
                !Alcohol;
                !CompExp;
                !PhysAct;
                !BP;
                DepSymp = GDSScore_1;
                Cardio = cvd;
                Diab=DMever;
                !MorbInd;

                AgeAtWave_1Educyrs=Bage*Educ;

        ANALYSIS: TYPE = RANDOM;
         ESTIMATOR=MLF;
         miterations=1000;
     h1convergence = 0.00001;
         COVERAGE = .001;


        MODEL:
        ip sp | p1-p8 AT time1-time8;
        ic sc | c1 - c8 AT time1-time8;
        !ic sc  ON Bage educ height smokhist cardio diab;
        ip sp ic sc ON Bage educ height smokhist cardio diab depsymp;
        c1-c8 (res_c);
        p1-p8 (res_p);

        ! ic sc qc| c1-c9 AT time1-time9;
         !ic sc qc ON Bage educ;
         !c1-c9 (res_c);

               ! ip sp ic sc ON Bage;



      !ip sp ON Bage;

              !p1-p9 (res_p);


               ! p1-p5 pwith c1-c5(res_cov);
                !Paired covariances constrained to be equal across time

        OUTPUT: sampstat
        !sampstat Cinterval;




*** WARNING
  Data set contains cases with missing on x-variables.
  These cases were not included in the analysis.
  Number of cases with missing on x-variables:  312
   1 WARNING(S) FOUND IN THE INPUT INSTRUCTIONS



Cognitive (Trails B), bivar LGM,full Conditional, male

SUMMARY OF ANALYSIS

Number of groups                                                 1
Number of observations                                          72

Number of dependent variables                                   16
Number of independent variables                                  7
Number of continuous latent variables                            4

Observed dependent variables

  Continuous
   P1          P2          P3          P4          P5          P6
   P7          P8          C1          C2          C3          C4
   C5          C6          C7          C8

Observed independent variables
   BAGE        EDUC        HEIGHT      DIAB        SMOKHIST    CARDIO
   DEPSYMP

Continuous latent variables
   IP          SP          IC          SC

Variables with special functions

  Time scores
   TIME1       TIME2       TIME3       TIME4       TIME5       TIME6
   TIME7       TIME8


Estimator                                                      MLF
Information matrix                                        OBSERVED
Maximum number of iterations                                   100
Convergence criterion                                    0.100D-05
Maximum number of EM iterations                               1000
Convergence criteria for the EM algorithm
  Loglikelihood change                                   0.100D-02
  Relative loglikelihood change                          0.100D-05
  Derivative                                             0.100D-03
Minimum variance                                         0.100D-03
Maximum number of steepest descent iterations                   20
Maximum number of iterations for H1                           2000
Convergence criterion for H1                             0.100D-04
Optimization algorithm                                         EMA

Input data file(s)
  C:\Users\Andrea Zammit\Desktop\EASMaster.csv
Input data format  FREE


SUMMARY OF DATA

     Number of missing data patterns            28


COVARIANCE COVERAGE OF DATA

Minimum covariance coverage value   0.001


     PROPORTION OF DATA PRESENT


           Covariance Coverage
              P1            P2            P3            P4            P5
              ________      ________      ________      ________      ________
 P1             1.000
 P2             0.736         0.736
 P3             0.556         0.500         0.556
 P4             0.444         0.389         0.403         0.444
 P5             0.236         0.222         0.194         0.236         0.236
 P6             0.208         0.208         0.181         0.194         0.167
 P7             0.139         0.125         0.125         0.125         0.125
 P8             0.028         0.014         0.028         0.014         0.014
 C1             1.000         0.736         0.556         0.444         0.236
 C2             0.986         0.722         0.542         0.444         0.236
 C3             0.833         0.736         0.556         0.444         0.236
 C4             0.667         0.597         0.556         0.444         0.236
 C5             0.528         0.458         0.458         0.444         0.236
 C6             0.389         0.347         0.333         0.361         0.236
 C7             0.278         0.250         0.236         0.236         0.194
 C8             0.153         0.139         0.139         0.139         0.111
 BAGE           1.000         0.736         0.556         0.444         0.236
 EDUC           1.000         0.736         0.556         0.444         0.236
 HEIGHT         1.000         0.736         0.556         0.444         0.236
 DIAB           1.000         0.736         0.556         0.444         0.236
 SMOKHIST       1.000         0.736         0.556         0.444         0.236
 CARDIO         1.000         0.736         0.556         0.444         0.236
 DEPSYMP        1.000         0.736         0.556         0.444         0.236


           Covariance Coverage
              P6            P7            P8            C1            C2
              ________      ________      ________      ________      ________
 P6             0.208
 P7             0.125         0.139
 P8             0.014         0.028         0.028
 C1             0.208         0.139         0.028         1.000
 C2             0.208         0.139         0.028         0.986         0.986
 C3             0.208         0.139         0.028         0.833         0.819
 C4             0.208         0.139         0.028         0.667         0.653
 C5             0.208         0.139         0.028         0.528         0.514
 C6             0.194         0.139         0.028         0.389         0.389
 C7             0.208         0.139         0.028         0.278         0.278
 C8             0.125         0.125         0.028         0.153         0.153
 BAGE           0.208         0.139         0.028         1.000         0.986
 EDUC           0.208         0.139         0.028         1.000         0.986
 HEIGHT         0.208         0.139         0.028         1.000         0.986
 DIAB           0.208         0.139         0.028         1.000         0.986
 SMOKHIST       0.208         0.139         0.028         1.000         0.986
 CARDIO         0.208         0.139         0.028         1.000         0.986
 DEPSYMP        0.208         0.139         0.028         1.000         0.986


           Covariance Coverage
              C3            C4            C5            C6            C7
              ________      ________      ________      ________      ________
 C3             0.833
 C4             0.667         0.667
 C5             0.528         0.528         0.528
 C6             0.389         0.389         0.389         0.389
 C7             0.278         0.278         0.278         0.250         0.278
 C8             0.153         0.153         0.153         0.153         0.139
 BAGE           0.833         0.667         0.528         0.389         0.278
 EDUC           0.833         0.667         0.528         0.389         0.278
 HEIGHT         0.833         0.667         0.528         0.389         0.278
 DIAB           0.833         0.667         0.528         0.389         0.278
 SMOKHIST       0.833         0.667         0.528         0.389         0.278
 CARDIO         0.833         0.667         0.528         0.389         0.278
 DEPSYMP        0.833         0.667         0.528         0.389         0.278


           Covariance Coverage
              C8            BAGE          EDUC          HEIGHT        DIAB
              ________      ________      ________      ________      ________
 C8             0.153
 BAGE           0.153         1.000
 EDUC           0.153         1.000         1.000
 HEIGHT         0.153         1.000         1.000         1.000
 DIAB           0.153         1.000         1.000         1.000         1.000
 SMOKHIST       0.153         1.000         1.000         1.000         1.000
 CARDIO         0.153         1.000         1.000         1.000         1.000
 DEPSYMP        0.153         1.000         1.000         1.000         1.000


           Covariance Coverage
              SMOKHIST      CARDIO        DEPSYMP
              ________      ________      ________
 SMOKHIST       1.000
 CARDIO         1.000         1.000
 DEPSYMP        1.000         1.000         1.000


SAMPLE STATISTICS


     ESTIMATED SAMPLE STATISTICS


           Means
              P1            P2            P3            P4            P5
              ________      ________      ________      ________      ________
 1            394.861       384.966       360.914       304.892       300.846


           Means
              P6            P7            P8            C1            C2
              ________      ________      ________      ________      ________
 1            313.049       293.250       304.404       122.222       129.407


           Means
              C3            C4            C5            C6            C7
              ________      ________      ________      ________      ________
 1            122.736       128.811       129.042       138.057       129.691


           Means
              C8            BAGE          EDUC          HEIGHT        DIAB
              ________      ________      ________      ________      ________
 1            134.147         7.964         7.875         0.667         0.236


           Means
              SMOKHIST      CARDIO        DEPSYMP
              ________      ________      ________
 1              0.625         0.153         1.681


           Covariances
              P1            P2            P3            P4            P5
              ________      ________      ________      ________      ________
 P1         15177.758
 P2         10391.608     16059.329
 P3         12688.651     11565.104     26321.605
 P4         11520.201      9697.037     18410.234     18468.559
 P5          8432.857      6210.470     16787.884     13976.802     14305.401
 P6          5332.188      3967.166     13610.952      9039.214     11597.647
 P7          2249.471      2456.630     10303.492      7537.759     10238.678
 P8           216.308      -221.601      1436.715      2918.553      2294.897
 C1          -599.969       601.090       727.490     -1284.069     -1455.321
 C2          -443.552       839.597      1902.869       263.692      -782.311
 C3          -810.181      -457.938      -265.303     -1025.439      -919.886
 C4          -179.128      -634.700       139.518     -1658.202     -1503.651
 C5          -982.005      -529.423      -213.190      -674.997     -2366.984
 C6          -491.877       479.409     -1358.654     -2569.558     -2704.388
 C7           494.080       484.981      -900.305       585.426     -4225.251
 C8         -2329.662     -3665.187     -4411.921     -3831.602     -5104.642
 BAGE         -84.651      -260.483       -15.440        64.405       -17.420
 EDUC          92.830         0.837        87.659       110.206       102.660
 HEIGHT       190.787       185.563       321.827       260.890       146.074
 DIAB          -3.092        -6.458        -1.635        -1.755        -0.774
 SMOKHIST      -7.344         3.363        -6.655         2.256        -6.008
 CARDIO        -9.076         3.466        -2.286         4.821         0.742
 DEPSYMP      -15.530       -26.203       -25.049       -16.331         8.182


           Covariances
              P6            P7            P8            C1            C2
              ________      ________      ________      ________      ________
 P6         12518.794
 P7         10995.182     13632.638
 P8          1653.065      3016.120      2138.853
 C1         -1011.469     -1776.529     -1608.238      2740.367
 C2          -119.165     -1280.968     -1105.592      2274.688      3817.745
 C3           -14.388       141.716     -1139.552      1599.874      1601.598
 C4           531.117      -215.843      -805.236      1827.815      2030.880
 C5         -1179.994     -2069.147      -419.484      1170.342      2458.469
 C6         -1100.041     -1655.591     -1138.865      1725.036      1345.415
 C7         -6134.165     -8791.765      -612.885       964.789      2563.267
 C8         -5940.909     -6737.790     -1442.229      1388.098      1079.363
 BAGE         -22.895       -43.849        20.578        13.392        24.818
 EDUC          97.660       128.431        57.942       -61.472       -77.232
 HEIGHT        47.264       120.488       134.929       -15.468        14.316
 DIAB          -1.778       -14.314        -2.170         1.545         3.557
 SMOKHIST     -21.912       -11.929         0.496         4.514         0.313
 CARDIO        -4.594         3.065         4.791         3.452         1.382
 DEPSYMP       42.055        37.218        14.489        -5.498        -5.243


           Covariances
              C3            C4            C5            C6            C7
              ________      ________      ________      ________      ________
 C3          3124.858
 C4          1847.171      4346.996
 C5          1672.639      2317.322      4142.157
 C6          1368.098      2451.582      1925.056      2855.739
 C7          -812.705       256.545      4219.177      2178.958     15838.515
 C8           669.816       196.865      1444.359      1094.743      6620.211
 BAGE          47.995        60.520       121.684        19.339        54.849
 EDUC         -50.635       -38.316       -99.096       -24.146       -55.327
 HEIGHT       -53.669        88.513        84.814        13.463       306.046
 DIAB           3.757        -0.497         2.602        -0.620        11.441
 SMOKHIST       0.503        -7.563        -3.962        -1.103        17.237
 CARDIO        -4.280        -5.786        -5.744        -4.835       -15.788
 DEPSYMP       -2.583       -12.132         0.882        -3.139       -35.241


           Covariances
              C8            BAGE          EDUC          HEIGHT        DIAB
              ________      ________      ________      ________      ________
 C8          5631.747
 BAGE          33.985        26.558
 EDUC         -28.840         1.205        11.498
 HEIGHT        48.877        -5.409         0.986        52.583
 DIAB          10.571        -0.023        -0.012         0.204         0.180
 SMOKHIST      11.922        -0.529        -0.408         0.292         0.019
 CARDIO        -5.734         0.083        -0.050        -0.157         0.006
 DEPSYMP      -31.874        -0.412         0.196         0.032         0.145


           Covariances
              SMOKHIST      CARDIO        DEPSYMP
              ________      ________      ________
 SMOKHIST       0.234
 CARDIO         0.030         0.157
 DEPSYMP       -0.148         0.090         2.440


           Correlations
              P1            P2            P3            P4            P5
              ________      ________      ________      ________      ________
 P1             1.000
 P2             0.666         1.000
 P3             0.635         0.563         1.000
 P4             0.688         0.563         0.835         1.000
 P5             0.572         0.410         0.865         0.860         1.000
 P6             0.387         0.280         0.750         0.594         0.867
 P7             0.156         0.166         0.544         0.475         0.733
 P8             0.038        -0.038         0.191         0.464         0.415
 C1            -0.093         0.091         0.086        -0.180        -0.232
 C2            -0.058         0.107         0.190         0.031        -0.106
 C3            -0.118        -0.065        -0.029        -0.135        -0.138
 C4            -0.022        -0.076         0.013        -0.185        -0.191
 C5            -0.124        -0.065        -0.020        -0.077        -0.307
 C6            -0.075         0.071        -0.157        -0.354        -0.423
 C7             0.032         0.030        -0.044         0.034        -0.281
 C8            -0.252        -0.385        -0.362        -0.376        -0.569
 BAGE          -0.133        -0.399        -0.018         0.092        -0.028
 EDUC           0.222         0.002         0.159         0.239         0.253
 HEIGHT         0.214         0.202         0.274         0.265         0.168
 DIAB          -0.059        -0.120        -0.024        -0.030        -0.015
 SMOKHIST      -0.123         0.055        -0.085         0.034        -0.104
 CARDIO        -0.186         0.069        -0.036         0.089         0.016
 DEPSYMP       -0.081        -0.132        -0.099        -0.077         0.044


           Correlations
              P6            P7            P8            C1            C2
              ________      ________      ________      ________      ________
 P6             1.000
 P7             0.842         1.000
 P8             0.319         0.559         1.000
 C1            -0.173        -0.291        -0.664         1.000
 C2            -0.017        -0.178        -0.387         0.703         1.000
 C3            -0.002         0.022        -0.441         0.547         0.464
 C4             0.072        -0.028        -0.264         0.530         0.499
 C5            -0.164        -0.275        -0.141         0.347         0.618
 C6            -0.184        -0.265        -0.461         0.617         0.407
 C7            -0.436        -0.598        -0.105         0.146         0.330
 C8            -0.708        -0.769        -0.416         0.353         0.233
 BAGE          -0.040        -0.073         0.086         0.050         0.078
 EDUC           0.257         0.324         0.369        -0.346        -0.369
 HEIGHT         0.058         0.142         0.402        -0.041         0.032
 DIAB          -0.037        -0.289        -0.110         0.069         0.136
 SMOKHIST      -0.405        -0.211         0.022         0.178         0.010
 CARDIO        -0.104         0.066         0.261         0.166         0.056
 DEPSYMP        0.241         0.204         0.201        -0.067        -0.054


           Correlations
              C3            C4            C5            C6            C7
              ________      ________      ________      ________      ________
 C3             1.000
 C4             0.501         1.000
 C5             0.465         0.546         1.000
 C6             0.458         0.696         0.560         1.000
 C7            -0.116         0.031         0.521         0.324         1.000
 C8             0.160         0.040         0.299         0.273         0.701
 BAGE           0.167         0.178         0.367         0.070         0.085
 EDUC          -0.267        -0.171        -0.454        -0.133        -0.130
 HEIGHT        -0.132         0.185         0.182         0.035         0.335
 DIAB           0.158        -0.018         0.095        -0.027         0.214
 SMOKHIST       0.019        -0.237        -0.127        -0.043         0.283
 CARDIO        -0.193        -0.221        -0.225        -0.228        -0.316
 DEPSYMP       -0.030        -0.118         0.009        -0.038        -0.179


           Correlations
              C8            BAGE          EDUC          HEIGHT        DIAB
              ________      ________      ________      ________      ________
 C8             1.000
 BAGE           0.088         1.000
 EDUC          -0.113         0.069         1.000
 HEIGHT         0.090        -0.145         0.040         1.000
 DIAB           0.332        -0.011        -0.008         0.066         1.000
 SMOKHIST       0.328        -0.212        -0.249         0.083         0.093
 CARDIO        -0.193         0.041        -0.037        -0.055         0.033
 DEPSYMP       -0.272        -0.051         0.037         0.003         0.218


           Correlations
              SMOKHIST      CARDIO        DEPSYMP
              ________      ________      ________
 SMOKHIST       1.000
 CARDIO         0.154         1.000
 DEPSYMP       -0.195         0.146         1.000


     MAXIMUM LOG-LIKELIHOOD VALUE FOR THE UNRESTRICTED (H1) MODEL IS -3676.702


UNIVARIATE HIGHER-ORDER MOMENT DESCRIPTIVE STATISTICS


     UNIVARIATE HIGHER-ORDER MOMENT DESCRIPTIVE STATISTICS

         Variable/         Mean/     Skewness/   Minimum/ % with                Percentiles
        Sample Size      Variance    Kurtosis    Maximum  Min/Max      20%/60%    40%/80%    Median

     P1                  394.861       0.737     160.000    1.39%     300.000    360.000    400.000
              72.000   15177.758       1.254     850.000    1.39%     410.000    500.000
     P2                  388.340       0.739     160.000    1.89%     260.000    340.000    360.000
              53.000   16994.677       1.120     850.000    1.89%     410.000    500.000
     P3                  382.750       0.815     150.000    2.50%     230.000    320.000    385.000
              40.000   22284.938       0.883     860.000    2.50%     410.000    500.000
     P4                  336.875       0.338     150.000    3.12%     200.000    280.000    315.000
              32.000   13677.734      -0.901     600.000    3.12%     360.000    450.000
     P5                  313.765       0.195     150.000    5.88%     164.000    240.000    300.000
              17.000   13998.533      -1.299     530.000    5.88%     310.000    440.000
     P6                  299.600       0.364     120.000    6.67%     210.000    254.000    300.000
              15.000    8767.573       0.039     510.000    6.67%     300.000    350.000
     P7                  269.000       0.572     110.000   10.00%     200.000    220.000    260.000
              10.000    9269.000      -0.200     460.000   10.00%     260.000    280.000
     P8                  300.000       0.000     200.000   50.00%     200.000    200.000    300.000
               2.000   10000.000      -2.000     400.000   50.00%     200.000    400.000
     C1                  122.222       1.621      50.000    1.39%      81.000    102.000    112.500
              72.000    2740.367       3.133     300.000    2.78%     125.000    148.000
     C2                  128.744       1.282      47.000    1.41%      79.000    101.000    108.000
              71.000    3825.363       0.959     300.000    4.23%     124.000    175.000
     C3                  122.788       1.159      54.000    1.67%      84.000    100.000    118.500
              60.000    2675.593       0.985     277.000    1.67%     126.000    141.000
     C4                  132.500       1.449      57.000    2.08%      86.000    101.000    107.000
              48.000    3900.917       1.632     300.000    8.33%     127.000    164.000
     C5                  134.237       1.498      69.000    5.26%      90.000     96.000    118.500
              38.000    3613.444       1.814     300.000    5.26%     133.000    166.000
     C6                  134.821       0.660      68.000    3.57%      96.000    110.000    131.500
              28.000    2009.361      -0.129     243.000    3.57%     143.000    157.000
     C7                  159.000       0.854      68.000    5.00%     100.000    117.000    138.000
              20.000    5037.100      -0.598     300.000   10.00%     148.000    233.000
     C8                  151.545       0.393      70.000    9.09%      93.000    104.000    148.000
              11.000    3263.521      -0.981     249.000    9.09%     156.000    202.000
     BAGE                  7.964       0.220      -0.379    1.39%       2.605      6.211      7.394
              72.000      26.558      -1.147      18.821    1.39%       9.154     14.101
     EDUC                  7.875      -0.365      -1.000    2.78%       5.000      7.000      8.000
              72.000      11.498      -0.281      13.000   11.11%       9.000     11.000
     HEIGHT                0.667      -0.151     -21.000    1.39%      -6.000     -1.000      0.000
              72.000      52.583       0.043      18.000    1.39%       3.000      8.000
     DIAB                  0.236       1.243       0.000   76.39%       0.000      0.000      0.000
              72.000       0.180      -0.456       1.000   23.61%       0.000      1.000
     SMOKHIST              0.625      -0.516       0.000   37.50%       0.000      1.000      1.000
              72.000       0.234      -1.733       1.000   62.50%       1.000      1.000
     CARDIO                0.153       2.575       0.000   86.11%       0.000      0.000      0.000
              72.000       0.157       6.167       2.000    1.39%       0.000      0.000
     DEPSYMP               1.681       1.479       0.000   22.22%       0.000      1.000      1.000
              72.000       2.440       2.556       7.000    2.78%       2.000      3.000


THE MODEL ESTIMATION TERMINATED NORMALLY



MODEL FIT INFORMATION

Number of Free Parameters                       44

Loglikelihood

          H0 Value                       -3271.559

Information Criteria

          Akaike (AIC)                    6631.118
          Bayesian (BIC)                  6731.292
          Sample-Size Adjusted BIC        6592.663
            (n* = (n + 2) / 24)



MODEL RESULTS

                                                    Two-Tailed
                    Estimate       S.E.  Est./S.E.    P-Value

 IP         ON
    BAGE              -5.438      7.846     -0.693      0.488
    EDUC               4.703      8.016      0.587      0.557
    HEIGHT             3.162      4.615      0.685      0.493
    SMOKHIST         -38.061     86.306     -0.441      0.659
    CARDIO           -17.297     75.361     -0.230      0.818
    DIAB              -1.552     77.249     -0.020      0.984
    DEPSYMP          -10.139     24.025     -0.422      0.673

 SP         ON
    BAGE               0.416      2.485      0.167      0.867
    EDUC               0.400      2.108      0.190      0.849
    HEIGHT            -0.085      1.538     -0.055      0.956
    SMOKHIST           4.186     20.511      0.204      0.838
    CARDIO            -1.198     23.417     -0.051      0.959
    DIAB              -4.314     34.046     -0.127      0.899
    DEPSYMP           -0.133      7.946     -0.017      0.987

 IC         ON
    BAGE               1.048      3.353      0.313      0.755
    EDUC              -6.279      4.939     -1.271      0.204
    HEIGHT            -0.585      2.068     -0.283      0.777
    SMOKHIST          -2.776     43.950     -0.063      0.950
    CARDIO            24.515     34.369      0.713      0.476
    DIAB               4.041     25.748      0.157      0.875
    DEPSYMP           -2.857     17.144     -0.167      0.868

 SC         ON
    BAGE               0.118      0.782      0.151      0.880
    EDUC               0.153      1.094      0.140      0.889
    HEIGHT             0.387      0.497      0.778      0.436
    SMOKHIST          -2.068     11.591     -0.178      0.858
    CARDIO            -9.168     11.347     -0.808      0.419
    DIAB               4.535      7.649      0.593      0.553
    DEPSYMP            0.222      4.752      0.047      0.963

 SP       WITH
    IP              -732.551   1592.024     -0.460      0.645

 IC       WITH
    IP               917.031   1643.109      0.558      0.577
    SP               -83.610    576.454     -0.145      0.885

 SC       WITH
    IP              -334.676    358.964     -0.932      0.351
    SP                13.972    128.880      0.108      0.914
    IC               -84.372    191.032     -0.442      0.659

 Intercepts
    P1                 0.000      0.000    999.000    999.000
    P2                 0.000      0.000    999.000    999.000
    P3                 0.000      0.000    999.000    999.000
    P4                 0.000      0.000    999.000    999.000
    P5                 0.000      0.000    999.000    999.000
    P6                 0.000      0.000    999.000    999.000
    P7                 0.000      0.000    999.000    999.000
    P8                 0.000      0.000    999.000    999.000
    C1                 0.000      0.000    999.000    999.000
    C2                 0.000      0.000    999.000    999.000
    C3                 0.000      0.000    999.000    999.000
    C4                 0.000      0.000    999.000    999.000
    C5                 0.000      0.000    999.000    999.000
    C6                 0.000      0.000    999.000    999.000
    C7                 0.000      0.000    999.000    999.000
    C8                 0.000      0.000    999.000    999.000
    IP               469.165    136.078      3.448      0.001
    SP               -29.997     42.001     -0.714      0.475
    IC               160.068     66.195      2.418      0.016
    SC                 3.023     17.590      0.172      0.864

 Residual Variances
    P1              4285.028    623.693      6.870      0.000
    P2              4285.028    623.693      6.870      0.000
    P3              4285.028    623.693      6.870      0.000
    P4              4285.028    623.693      6.870      0.000
    P5              4285.028    623.693      6.870      0.000
    P6              4285.028    623.693      6.870      0.000
    P7              4285.028    623.693      6.870      0.000
    P8              4285.028    623.693      6.870      0.000
    C1              1655.970    170.152      9.732      0.000
    C2              1655.970    170.152      9.732      0.000
    C3              1655.970    170.152      9.732      0.000
    C4              1655.970    170.152      9.732      0.000
    C5              1655.970    170.152      9.732      0.000
    C6              1655.970    170.152      9.732      0.000
    C7              1655.970    170.152      9.732      0.000
    C8              1655.970    170.152      9.732      0.000
    IP             11792.854   5829.033      2.023      0.043
    SP               229.624    560.614      0.410      0.682
    IC              1584.358    815.756      1.942      0.052
    SC                18.501     41.264      0.448      0.654


QUALITY OF NUMERICAL RESULTS

     Condition Number for the Information Matrix              0.336E-06
       (ratio of smallest to largest eigenvalue)


DIAGRAM INFORMATION

  Use View Diagram under the Diagram menu in the Mplus Editor to view the diagram.
  If running Mplus from the Mplus Diagrammer, the diagram opens automatically.

  Diagram output
    c:\users\andrea zammit\documents\github\ialsa-2015-portland\studies\eas\b1_male_full_pulmonary_t

     Beginning Time:  14:15:33
        Ending Time:  14:15:39
       Elapsed Time:  00:00:06



MUTHEN & MUTHEN
3463 Stoner Ave.
Los Angeles, CA  90066

Tel: (310) 391-9971
Fax: (310) 391-8971
Web: www.StatModel.com
Support: Support@StatModel.com

Copyright (c) 1998-2014 Muthen & Muthen
