Mplus VERSION 7.4 (Mac)
MUTHEN & MUTHEN
02/08/2017  10:12 PM

INPUT INSTRUCTIONS

  TITLE:
  Script produced from the prototype in ./sandbox/syntax-creator/
  DATA:
  File = wide-dataset.dat ;
  VARIABLE:
  NAMES are
   id male age_c70 edu_c7 htm_c smoke cardio diabetes dementia_ever
      dementia_baseline bnt_00 bnt_01 bnt_02 bnt_03 bnt_04 bnt_05 bnt_06 bnt_07
      bnt_08 bnt_09 bnt_10 bnt_11 bnt_12 bnt_13 bnt_14 bnt_15 bnt_16 bnt_17
      bnt_18 bostordel_00 bostordel_01 bostordel_02 bostordel_03 bostordel_04
      bostordel_05 bostordel_06 bostordel_07 bostordel_08 bostordel_09 bostordel_10
      bostordel_11 bostordel_12 bostordel_13 bostordel_14 bostordel_15 bostordel_16
      bostordel_17 bostordel_18 bostorim_00 bostorim_01 bostorim_02 bostorim_03
      bostorim_04 bostorim_05 bostorim_06 bostorim_07 bostorim_08 bostorim_09
      bostorim_10 bostorim_11 bostorim_12 bostorim_13 bostorim_14 bostorim_15
      bostorim_16 bostorim_17 bostorim_18 catfluency_00 catfluency_01 catfluency_02
      catfluency_03 catfluency_04 catfluency_05 catfluency_06 catfluency_07
      catfluency_08 catfluency_09 catfluency_10 catfluency_11 catfluency_12
      catfluency_13 catfluency_14 catfluency_15 catfluency_16 catfluency_17
      catfluency_18 complexideas_00 complexideas_01 complexideas_02 complexideas_03
      complexideas_04 complexideas_05 complexideas_06 complexideas_07 complexideas_08
      complexideas_09 complexideas_10 complexideas_11 complexideas_12 complexideas_13
      complexideas_14 complexideas_15 complexideas_16 complexideas_17 complexideas_18
      digitbackward_00 digitbackward_01 digitbackward_02 digitbackward_03
      digitbackward_04 digitbackward_05 digitbackward_06 digitbackward_07
      digitbackward_08 digitbackward_09 digitbackward_10 digitbackward_11
      digitbackward_12 digitbackward_13 digitbackward_14 digitbackward_15
      digitbackward_16 digitbackward_17 digitbackward_18 digitforward_00
      digitforward_01 digitforward_02 digitforward_03 digitforward_04 digitforward_05
      digitforward_06 digitforward_07 digitforward_08 digitforward_09 digitforward_10
      digitforward_11 digitforward_12 digitforward_13 digitforward_14 digitforward_15
      digitforward_16 digitforward_17 digitforward_18 digitorder_00 digitorder_01
      digitorder_02 digitorder_03 digitorder_04 digitorder_05 digitorder_06
      digitorder_07 digitorder_08 digitorder_09 digitorder_10 digitorder_11
      digitorder_12 digitorder_13 digitorder_14 digitorder_15 digitorder_16
      digitorder_17 digitorder_18 fev_00 fev_01 fev_02 fev_03 fev_04 fev_05 fev_06
      fev_07 fev_08 fev_09 fev_10 fev_11 fev_12 fev_13 fev_14 fev_15 fev_16 fev_17
      fev_18 fev100_00 fev100_01 fev100_02 fev100_03 fev100_04 fev100_05 fev100_06
      fev100_07 fev100_08 fev100_09 fev100_10 fev100_11 fev100_12 fev100_13 fev100_14
      fev100_15 fev100_16 fev100_17 fev100_18 gait_00 gait_01 gait_02 gait_03 gait_04
      gait_05 gait_06 gait_07 gait_08 gait_09 gait_10 gait_11 gait_12 gait_13 gait_14
      gait_15 gait_16 gait_17 gait_18 grip_00 grip_01 grip_02 grip_03 grip_04 grip_05
      grip_06 grip_07 grip_08 grip_09 grip_10 grip_11 grip_12 grip_13 grip_14 grip_15
      grip_16 grip_17 grip_18 lineorientation_00 lineorientation_01 lineorientation_02
      lineorientation_03 lineorientation_04 lineorientation_05 lineorientation_06
      lineorientation_07 lineorientation_08 lineorientation_09 lineorientation_10
      lineorientation_11 lineorientation_12 lineorientation_13 lineorientation_14
      lineorientation_15 lineorientation_16 lineorientation_17 lineorientation_18
      logimemdel_00 logimemdel_01 logimemdel_02 logimemdel_03 logimemdel_04
      logimemdel_05 logimemdel_06 logimemdel_07 logimemdel_08 logimemdel_09
      logimemdel_10 logimemdel_11 logimemdel_12 logimemdel_13 logimemdel_14
      logimemdel_15 logimemdel_16 logimemdel_17 logimemdel_18 logimemim_00
      logimemim_01 logimemim_02 logimemim_03 logimemim_04 logimemim_05 logimemim_06
      logimemim_07 logimemim_08 logimemim_09 logimemim_10 logimemim_11 logimemim_12
      logimemim_13 logimemim_14 logimemim_15 logimemim_16 logimemim_17 logimemim_18
      matrices_00 matrices_01 matrices_02 matrices_03 matrices_04 matrices_05
      matrices_06 matrices_07 matrices_08 matrices_09 matrices_10 matrices_11
      matrices_12 matrices_13 matrices_14 matrices_15 matrices_16 matrices_17
      matrices_18 mmse_00 mmse_01 mmse_02 mmse_03 mmse_04 mmse_05 mmse_06 mmse_07
      mmse_08 mmse_09 mmse_10 mmse_11 mmse_12 mmse_13 mmse_14 mmse_15 mmse_16 mmse_17
      mmse_18 nart_00 nart_01 nart_02 nart_03 nart_04 nart_05 nart_06 nart_07 nart_08
      nart_09 nart_10 nart_11 nart_12 nart_13 nart_14 nart_15 nart_16 nart_17 nart_18
      numbercomparison_00 numbercomparison_01 numbercomparison_02 numbercomparison_03
      numbercomparison_04 numbercomparison_05 numbercomparison_06 numbercomparison_07
      numbercomparison_08 numbercomparison_09 numbercomparison_10 numbercomparison_11
      numbercomparison_12 numbercomparison_13 numbercomparison_14 numbercomparison_15
      numbercomparison_16 numbercomparison_17 numbercomparison_18 symbol_00
      symbol_01 symbol_02 symbol_03 symbol_04 symbol_05 symbol_06 symbol_07 symbol_08
      symbol_09 symbol_10 symbol_11 symbol_12 symbol_13 symbol_14 symbol_15 symbol_16
      symbol_17 symbol_18 wordlistdel_00 wordlistdel_01 wordlistdel_02 wordlistdel_03
      wordlistdel_04 wordlistdel_05 wordlistdel_06 wordlistdel_07 wordlistdel_08
      wordlistdel_09 wordlistdel_10 wordlistdel_11 wordlistdel_12 wordlistdel_13
      wordlistdel_14 wordlistdel_15 wordlistdel_16 wordlistdel_17 wordlistdel_18
      wordlistim_00 wordlistim_01 wordlistim_02 wordlistim_03 wordlistim_04
      wordlistim_05 wordlistim_06 wordlistim_07 wordlistim_08 wordlistim_09
      wordlistim_10 wordlistim_11 wordlistim_12 wordlistim_13 wordlistim_14
      wordlistim_15 wordlistim_16 wordlistim_17 wordlistim_18 wordlistrecog_00
      wordlistrecog_01 wordlistrecog_02 wordlistrecog_03 wordlistrecog_04
      wordlistrecog_05 wordlistrecog_06 wordlistrecog_07 wordlistrecog_08
      wordlistrecog_09 wordlistrecog_10 wordlistrecog_11 wordlistrecog_12
      wordlistrecog_13 wordlistrecog_14 wordlistrecog_15 wordlistrecog_16
      wordlistrecog_17 wordlistrecog_18 years_since_bl_00 years_since_bl_01
      years_since_bl_02 years_since_bl_03 years_since_bl_04 years_since_bl_05
      years_since_bl_06 years_since_bl_07 years_since_bl_08 years_since_bl_09
      years_since_bl_10 years_since_bl_11 years_since_bl_12 years_since_bl_13
      years_since_bl_14 years_since_bl_15 years_since_bl_16 years_since_bl_17
      years_since_bl_18
  	;
  Missing are all (-9999);
  USEVARIABLES are
  	!define the variables used in the analysis
  	! covariates used in the model
  age_c70	
  	!estimated time points
  time_00
  time_01
  time_02
  time_03
  time_04
  	!modelled time points of process (A)
  a_00
  a_01
  a_02
  a_03
  a_04
  	!modelled time points of process (B)
  b_00
  b_01
  b_02
  b_03
  b_04
  ;
  TSCORES are
  	!estimated time points
  time_00
  time_01
  time_02
  time_03
  time_04;
  USEOBSERVATIONS are
  	!select a subset of observations
  male EQ 1
  and
  dementia_baseline NE 1
  ;
  DEFINE:
  	! assign variables to the process (A)
  a_00=fev_00;
  a_01=fev_01;
  a_02=fev_02;
  a_03=fev_03;
  a_04=fev_04;
  	! assign variables to the process (B)
  b_00=catfluency_00;
  b_01=catfluency_01;
  b_02=catfluency_02;
  b_03=catfluency_03;
  b_04=catfluency_04;
  	!assign variables to time points
  time_00=years_since_bl_00;
  time_01=years_since_bl_01;
  time_02=years_since_bl_02;
  time_03=years_since_bl_03;
  time_04=years_since_bl_04;
  	
  ANALYSIS:
  TYPE = RANDOM;
  COVERAGE=.00;
  MODEL:
  	!first-level equation
  	! assign process (A) to time points
  ia sa | a_00 AT time_00 ;
  ia sa | a_01 AT time_01 ;
  ia sa | a_02 AT time_02 ;
  ia sa | a_03 AT time_03 ;
  ia sa | a_04 AT time_04 ;
  	! assign process (B) to time points
  ib sb | b_00 AT time_00 ;
  ib sb | b_01 AT time_01 ;
  ib sb | b_02 AT time_02 ;
  ib sb | b_03 AT time_03 ;
  ib sb | b_04 AT time_04 ;
  	!variance of the first-level terms
  ia (v_ia);
  sa (v_sa);
  ib (v_ib);
  sb (v_sb);
  	!covariance among first-level terms
  ia WITH sa (c_iasa);
  ia WITH ib (c_iaib);
  ia WITH sb (c_iasb);
  sa WITH ib (c_saib);
  sa WITH sb (c_sasb);
  ib WITH sb (c_ibsb);
  	!second-level equation
  ia sa ib sb ON age_c70;
  	!residual covariance of process (A)
  a_00 (res_a);
  a_01 (res_a);
  a_02 (res_a);
  a_03 (res_a);
  a_04 (res_a);	
  	!residual covariance of process (B)
  b_00 (res_b);
  b_01 (res_b);
  b_02 (res_b);
  b_03 (res_b);
  b_04 (res_b);	
  	!Paired covariances constrained to be equal across t
  a_00 pwith b_00 (res_cov);
  a_01 pwith b_01 (res_cov);
  a_02 pwith b_02 (res_cov);
  a_03 pwith b_03 (res_cov);
  a_04 pwith b_04 (res_cov);	
  MODEL CONSTRAINT:
  	!assigns labels to new parameters;
  NEW r_iaib;
  NEW r_sasb;
  NEW r_res_ab;
  	!compute confidence intervals for correlation coefficients;
  r_iaib = c_iaib/((v_ia**0.5)*(v_ib**0.5));
  r_sasb = c_sasb/((v_sa**0.5)*(v_sb**0.5));
  r_res_ab = res_cov/((res_a**0.5)*(res_b**0.5));
  SAVEDATA:
  FILE is   b1_male_a_fev_catfluency_fscores.dat;
  SAVE = FSCORES;
  RESULTS are   b1_male_a_fev_catfluency_results.dat;
  	
  OUTPUT: sampstat cinterval;
  PLOT: Type is Plot1 Plot2 Plot3;



INPUT READING TERMINATED NORMALLY




Script produced from the prototype in ./sandbox/syntax-creator/

SUMMARY OF ANALYSIS

Number of groups                                                 1
Number of observations                                         442

Number of dependent variables                                   10
Number of independent variables                                  1
Number of continuous latent variables                            4

Observed dependent variables

  Continuous
   A_00        A_01        A_02        A_03        A_04        B_00
   B_01        B_02        B_03        B_04

Observed independent variables
   AGE_C70

Continuous latent variables
   IA          SA          IB          SB

Variables with special functions

  Time scores
   TIME_00     TIME_01     TIME_02     TIME_03     TIME_04


Estimator                                                      MLR
Information matrix                                        OBSERVED
Maximum number of iterations                                   100
Convergence criterion                                    0.100D-05
Maximum number of EM iterations                                500
Convergence criteria for the EM algorithm
  Loglikelihood change                                   0.100D-02
  Relative loglikelihood change                          0.100D-05
  Derivative                                             0.100D-03
Minimum variance                                         0.100D-03
Maximum number of steepest descent iterations                   20
Maximum number of iterations for H1                           2000
Convergence criterion for H1                             0.100D-03
Optimization algorithm                                         EMA

Input data file(s)
  wide-dataset.dat
Input data format  FREE


SUMMARY OF DATA

     Number of missing data patterns            64


COVARIANCE COVERAGE OF DATA

Minimum covariance coverage value   0.000


     PROPORTION OF DATA PRESENT


           Covariance Coverage
              A_00          A_01          A_02          A_03          A_04
              ________      ________      ________      ________      ________
 A_00           0.844
 A_01           0.613         0.618
 A_02           0.509         0.468         0.520
 A_03           0.389         0.346         0.360         0.400
 A_04           0.260         0.222         0.235         0.233         0.348
 B_00           0.844         0.618         0.520         0.400         0.348
 B_01           0.733         0.613         0.514         0.394         0.339
 B_02           0.640         0.554         0.516         0.391         0.339
 B_03           0.568         0.484         0.471         0.396         0.339
 B_04           0.480         0.414         0.400         0.355         0.344
 AGE_C70        0.844         0.618         0.520         0.400         0.348


           Covariance Coverage
              B_00          B_01          B_02          B_03          B_04
              ________      ________      ________      ________      ________
 B_00           1.000
 B_01           0.862         0.862
 B_02           0.756         0.738         0.756
 B_03           0.667         0.649         0.643         0.667
 B_04           0.577         0.561         0.554         0.559         0.577
 AGE_C70        1.000         0.862         0.756         0.667         0.577


           Covariance Coverage
              AGE_C70
              ________
 AGE_C70        1.000


SAMPLE STATISTICS


     ESTIMATED SAMPLE STATISTICS


           Means
              A_00          A_01          A_02          A_03          A_04
              ________      ________      ________      ________      ________
 1              2.124         2.093         1.994         1.959         1.933


           Means
              B_00          B_01          B_02          B_03          B_04
              ________      ________      ________      ________      ________
 1             31.129        30.905        29.767        29.263        28.483


           Means
              AGE_C70
              ________
 1             10.200


           Covariances
              A_00          A_01          A_02          A_03          A_04
              ________      ________      ________      ________      ________
 A_00           0.377
 A_01           0.316         0.327
 A_02           0.326         0.309         0.390
 A_03           0.325         0.311         0.332         0.377
 A_04           0.326         0.315         0.325         0.346         0.372
 B_00           1.646         1.467         1.354         1.466         1.564
 B_01           1.702         1.490         1.252         1.569         1.832
 B_02           1.900         1.760         1.564         1.794         1.902
 B_03           2.288         1.959         1.952         2.217         2.337
 B_04           2.318         2.136         1.948         2.267         2.536
 AGE_C70       -1.329        -1.247        -1.312        -1.616        -1.619


           Covariances
              B_00          B_01          B_02          B_03          B_04
              ________      ________      ________      ________      ________
 B_00          87.325
 B_01          70.901        94.385
 B_02          71.040        75.149       100.401
 B_03          74.348        78.324        84.375       107.813
 B_04          82.510        83.573        93.893        99.955       132.430
 AGE_C70      -19.174       -16.479       -23.171       -23.408       -29.795


           Covariances
              AGE_C70
              ________
 AGE_C70       49.151


           Correlations
              A_00          A_01          A_02          A_03          A_04
              ________      ________      ________      ________      ________
 A_00           1.000
 A_01           0.899         1.000
 A_02           0.851         0.866         1.000
 A_03           0.863         0.885         0.866         1.000
 A_04           0.871         0.902         0.852         0.923         1.000
 B_00           0.287         0.275         0.232         0.255         0.274
 B_01           0.285         0.268         0.206         0.263         0.309
 B_02           0.309         0.307         0.250         0.292         0.311
 B_03           0.359         0.330         0.301         0.348         0.369
 B_04           0.328         0.325         0.271         0.321         0.361
 AGE_C70       -0.309        -0.311        -0.300        -0.375        -0.378


           Correlations
              B_00          B_01          B_02          B_03          B_04
              ________      ________      ________      ________      ________
 B_00           1.000
 B_01           0.781         1.000
 B_02           0.759         0.772         1.000
 B_03           0.766         0.776         0.811         1.000
 B_04           0.767         0.748         0.814         0.837         1.000
 AGE_C70       -0.293        -0.242        -0.330        -0.322        -0.369


           Correlations
              AGE_C70
              ________
 AGE_C70        1.000


     MAXIMUM LOG-LIKELIHOOD VALUE FOR THE UNRESTRICTED (H1) MODEL IS -7465.019


UNIVARIATE SAMPLE STATISTICS


     UNIVARIATE HIGHER-ORDER MOMENT DESCRIPTIVE STATISTICS

         Variable/         Mean/     Skewness/   Minimum/ % with                Percentiles
        Sample Size      Variance    Kurtosis    Maximum  Min/Max      20%/60%    40%/80%    Median

     A_00                  2.126      -0.103       0.420    0.27%       1.605      1.955      2.145
             373.000       0.392      -0.261       3.930    0.27%       2.305      2.665
     A_01                  2.142      -0.136       0.705    0.37%       1.635      2.035      2.170
             273.000       0.299      -0.392       3.605    0.37%       2.270      2.615
     A_02                  2.058      -0.064       0.585    0.43%       1.565      1.865      2.050
             230.000       0.362      -0.444       3.630    0.43%       2.245      2.585
     A_03                  2.029      -0.135       0.715    0.56%       1.565      1.935      2.055
             177.000       0.311      -0.209       3.490    0.56%       2.150      2.450
     A_04                  2.019      -0.083       0.670    0.65%       1.470      1.915      2.042
             154.000       0.282      -0.473       3.285    0.65%       2.155      2.500
     B_00                 31.129       0.281       9.000    0.45%      23.000     28.000     31.000
             442.000      87.325      -0.067      64.000    0.23%      33.000     39.000
     B_01                 31.126       0.267       6.000    0.26%      23.000     28.000     31.000
             381.000      94.021       0.183      67.000    0.26%      33.000     39.000
     B_02                 30.464       0.267       9.000    0.60%      21.000     27.000     31.000
             334.000      96.159      -0.178      61.000    0.30%      33.000     38.000
     B_03                 30.444       0.142       4.000    0.34%      22.000     28.000     30.000
             295.000      96.735      -0.087      58.000    0.34%      32.000     39.000
     B_04                 29.855      -0.084       0.000    0.78%      20.000     27.000     30.000
             255.000     116.861      -0.312      55.000    0.78%      33.000     39.000
     AGE_C70              10.200      -0.508     -12.094    0.23%       4.661      9.083     11.092
             442.000      49.151       0.154      28.508    0.23%      12.628     16.026


THE MODEL ESTIMATION TERMINATED NORMALLY



MODEL FIT INFORMATION

Number of Free Parameters                       21

Loglikelihood

          H0 Value                       -6017.950
          H0 Scaling Correction Factor      1.1269
            for MLR

Information Criteria

          Akaike (AIC)                   12077.899
          Bayesian (BIC)                 12163.817
          Sample-Size Adjusted BIC       12097.172
            (n* = (n + 2) / 24)



MODEL RESULTS

                                                    Two-Tailed
                    Estimate       S.E.  Est./S.E.    P-Value

 IA         ON
    AGE_C70           -0.026      0.004     -6.651      0.000

 SA         ON
    AGE_C70           -0.002      0.001     -1.778      0.075

 IB         ON
    AGE_C70           -0.355      0.058     -6.090      0.000

 SB         ON
    AGE_C70           -0.053      0.014     -3.814      0.000

 IA       WITH
    SA                -0.004      0.004     -1.122      0.262
    IB                 1.099      0.265      4.140      0.000
    SB                 0.116      0.062      1.874      0.061

 SA       WITH
    IB                -0.072      0.050     -1.453      0.146
    SB                 0.002      0.011      0.153      0.879

 IB       WITH
    SB                 1.842      1.015      1.815      0.070

 A_00     WITH
    B_00               0.022      0.040      0.544      0.587

 A_01     WITH
    B_01               0.022      0.040      0.544      0.587

 A_02     WITH
    B_02               0.022      0.040      0.544      0.587

 A_03     WITH
    B_03               0.022      0.040      0.544      0.587

 A_04     WITH
    B_04               0.022      0.040      0.544      0.587

 Intercepts
    A_00               0.000      0.000    999.000    999.000
    A_01               0.000      0.000    999.000    999.000
    A_02               0.000      0.000    999.000    999.000
    A_03               0.000      0.000    999.000    999.000
    A_04               0.000      0.000    999.000    999.000
    B_00               0.000      0.000    999.000    999.000
    B_01               0.000      0.000    999.000    999.000
    B_02               0.000      0.000    999.000    999.000
    B_03               0.000      0.000    999.000    999.000
    B_04               0.000      0.000    999.000    999.000
    IA                 2.394      0.052     46.218      0.000
    SA                -0.038      0.010     -3.672      0.000
    IB                34.907      0.747     46.710      0.000
    SB                -0.162      0.165     -0.984      0.325

 Residual Variances
    A_00               0.043      0.005      9.504      0.000
    A_01               0.043      0.005      9.504      0.000
    A_02               0.043      0.005      9.504      0.000
    A_03               0.043      0.005      9.504      0.000
    A_04               0.043      0.005      9.504      0.000
    B_00              20.245      1.069     18.934      0.000
    B_01              20.245      1.069     18.934      0.000
    B_02              20.245      1.069     18.934      0.000
    B_03              20.245      1.069     18.934      0.000
    B_04              20.245      1.069     18.934      0.000
    IA                 0.291      0.023     12.747      0.000
    SA                 0.001      0.001      1.511      0.131
    IB                60.705      5.628     10.786      0.000
    SB                 0.950      0.281      3.383      0.001

New/Additional Parameters
    R_IAIB             0.261      0.057      4.556      0.000
    R_SASB             0.043      0.281      0.154      0.877
    R_RES_AB           0.023      0.043      0.546      0.585


QUALITY OF NUMERICAL RESULTS

     Condition Number for the Information Matrix              0.160E-05
       (ratio of smallest to largest eigenvalue)


CONFIDENCE INTERVALS OF MODEL RESULTS

                  Lower .5%  Lower 2.5%    Lower 5%    Estimate    Upper 5%  Upper 2.5%   Upper .5%

 IA       ON
    AGE_C70         -0.036      -0.034      -0.033      -0.026      -0.020      -0.018      -0.016

 SA       ON
    AGE_C70         -0.004      -0.003      -0.003      -0.002       0.000       0.000       0.001

 IB       ON
    AGE_C70         -0.505      -0.469      -0.451      -0.355      -0.259      -0.241      -0.205

 SB       ON
    AGE_C70         -0.089      -0.080      -0.076      -0.053      -0.030      -0.026      -0.017

 IA       WITH
    SA              -0.013      -0.011      -0.010      -0.004       0.002       0.003       0.005
    IB               0.415       0.579       0.662       1.099       1.535       1.619       1.782
    SB              -0.043      -0.005       0.014       0.116       0.217       0.237       0.274

 SA       WITH
    IB              -0.200      -0.170      -0.154      -0.072       0.010       0.025       0.056
    SB              -0.026      -0.019      -0.016       0.002       0.019       0.023       0.029

 IB       WITH
    SB              -0.772      -0.147       0.172       1.842       3.512       3.832       4.457

 A_00     WITH
    B_00            -0.081      -0.056      -0.044       0.022       0.087       0.100       0.124

 A_01     WITH
    B_01            -0.081      -0.056      -0.044       0.022       0.087       0.100       0.124

 A_02     WITH
    B_02            -0.081      -0.056      -0.044       0.022       0.087       0.100       0.124

 A_03     WITH
    B_03            -0.081      -0.056      -0.044       0.022       0.087       0.100       0.124

 A_04     WITH
    B_04            -0.081      -0.056      -0.044       0.022       0.087       0.100       0.124

 Intercepts
    A_00             0.000       0.000       0.000       0.000       0.000       0.000       0.000
    A_01             0.000       0.000       0.000       0.000       0.000       0.000       0.000
    A_02             0.000       0.000       0.000       0.000       0.000       0.000       0.000
    A_03             0.000       0.000       0.000       0.000       0.000       0.000       0.000
    A_04             0.000       0.000       0.000       0.000       0.000       0.000       0.000
    B_00             0.000       0.000       0.000       0.000       0.000       0.000       0.000
    B_01             0.000       0.000       0.000       0.000       0.000       0.000       0.000
    B_02             0.000       0.000       0.000       0.000       0.000       0.000       0.000
    B_03             0.000       0.000       0.000       0.000       0.000       0.000       0.000
    B_04             0.000       0.000       0.000       0.000       0.000       0.000       0.000
    IA               2.261       2.293       2.309       2.394       2.480       2.496       2.528
    SA              -0.064      -0.058      -0.054      -0.038      -0.021      -0.017      -0.011
    IB              32.982      33.442      33.677      34.907      36.136      36.371      36.832
    SB              -0.588      -0.486      -0.434      -0.162       0.109       0.161       0.263

 Residual Variances
    A_00             0.031       0.034       0.036       0.043       0.050       0.052       0.055
    A_01             0.031       0.034       0.036       0.043       0.050       0.052       0.055
    A_02             0.031       0.034       0.036       0.043       0.050       0.052       0.055
    A_03             0.031       0.034       0.036       0.043       0.050       0.052       0.055
    A_04             0.031       0.034       0.036       0.043       0.050       0.052       0.055
    B_00            17.491      18.150      18.486      20.245      22.004      22.341      22.999
    B_01            17.491      18.150      18.486      20.245      22.004      22.341      22.999
    B_02            17.491      18.150      18.486      20.245      22.004      22.341      22.999
    B_03            17.491      18.150      18.486      20.245      22.004      22.341      22.999
    B_04            17.491      18.150      18.486      20.245      22.004      22.341      22.999
    IA               0.232       0.247       0.254       0.291       0.329       0.336       0.350
    SA              -0.001       0.000       0.000       0.001       0.003       0.003       0.004
    IB              46.208      49.674      51.447      60.705      69.963      71.736      75.202
    SB               0.227       0.400       0.488       0.950       1.413       1.501       1.674

New/Additional Parameters
    R_IAIB           0.114       0.149       0.167       0.261       0.356       0.374       0.409
    R_SASB          -0.681      -0.508      -0.419       0.043       0.506       0.595       0.768
    R_RES_AB        -0.086      -0.060      -0.047       0.023       0.093       0.107       0.133


SAMPLE STATISTICS FOR ESTIMATED FACTOR SCORES


     SAMPLE STATISTICS


           Means
              IA            IA_SE         SA            SA_SE         IB
              ________      ________      ________      ________      ________
 1              2.127         0.169        -0.053         0.036        31.285


           Means
              IB_SE         SB            SB_SE
              ________      ________      ________
 1              2.604        -0.704         0.803


           Covariances
              IA            IA_SE         SA            SA_SE         IB
              ________      ________      ________      ________      ________
 IA             0.286
 IA_SE         -0.003         0.010
 SA             0.000         0.000         0.000
 SA_SE          0.000         0.000         0.000         0.000
 IB             1.525        -0.045        -0.035        -0.001        59.871
 IB_SE         -0.053         0.020         0.001         0.000        -0.456
 SB             0.179        -0.004         0.002         0.000         3.423
 SB_SE         -0.009         0.003         0.000         0.000        -0.094


           Covariances
              IB_SE         SB            SB_SE
              ________      ________      ________
 IB_SE          0.247
 SB            -0.037         0.437
 SB_SE          0.032        -0.009         0.006


           Correlations
              IA            IA_SE         SA            SA_SE         IB
              ________      ________      ________      ________      ________
 IA             1.000
 IA_SE         -0.065         1.000
 SA            -0.016        -0.003         1.000
 SA_SE         -0.131         0.516         0.028         1.000
 IB             0.368        -0.057        -0.245        -0.090         1.000
 IB_SE         -0.198         0.389         0.077         0.495        -0.119
 SB             0.507        -0.063         0.171        -0.097         0.669
 SB_SE         -0.211         0.413         0.016         0.614        -0.153


           Correlations
              IB_SE         SB            SB_SE
              ________      ________      ________
 IB_SE          1.000
 SB            -0.112         1.000
 SB_SE          0.818        -0.177         1.000


RESULTS SAVING INFORMATION

  Order of data

    Parameter estimates
     (saved in order shown in Technical 1 output)
    Standard errors
     (saved in order shown in Technical 1 output)
    H0 Loglikelihood
    H0 Scaling Correction Factor for MLR
    Number of Free Parameters
    Akaike (AIC)
    Bayesian (BIC)
    Sample-Size Adjusted BIC
    Condition Number

  Save file
    b1_male_a_fev_catfluency_results.dat

  Save file format           Free


PLOT INFORMATION

The following plots are available:

  Histograms (sample values, estimated factor scores)
  Scatterplots (sample values, estimated factor scores)
  Latent variable distribution plots

SAVEDATA INFORMATION


  Save file
    b1_male_a_fev_catfluency_fscores.dat

  Order and format of variables

    A_00           F10.3
    A_01           F10.3
    A_02           F10.3
    A_03           F10.3
    A_04           F10.3
    B_00           F10.3
    B_01           F10.3
    B_02           F10.3
    B_03           F10.3
    B_04           F10.3
    AGE_C70        F10.3
    TIME_00        F10.3
    TIME_01        F10.3
    TIME_02        F10.3
    TIME_03        F10.3
    TIME_04        F10.3
    IA             F10.3
    IA_SE          F10.3
    SA             F10.3
    SA_SE          F10.3
    IB             F10.3
    IB_SE          F10.3
    SB             F10.3
    SB_SE          F10.3

  Save file format
    24F10.3

  Save file record length    10000


     Beginning Time:  22:12:30
        Ending Time:  22:12:33
       Elapsed Time:  00:00:03



MUTHEN & MUTHEN
3463 Stoner Ave.
Los Angeles, CA  90066

Tel: (310) 391-9971
Fax: (310) 391-8971
Web: www.StatModel.com
Support: Support@StatModel.com

Copyright (c) 1998-2015 Muthen & Muthen
