Mplus VERSION 7.31
MUTHEN & MUTHEN
11/08/2015   7:13 PM

INPUT INSTRUCTIONS



  TITLE: b1 female aehplus grip immediaterecall

  DATA:  File = LASAPhysicalCognitiveDescriptives_samesample.dat;

  VARIABLE: Names are
         id diab01_1 mva147_1 mva148_1 mva24_2
         mva31_1 walk04_1 chair1_1 chair2_1
      chair3_1 chair4_1 chair5_1 chair6_1 chair7_1
      chair8_1 walk04_2 chair1_2 chair2_2 chair3_2 chair4_2
      chair5_2 chair6_2 chair7_2 chair8_2 tand2_2
      walk01_3 walk02_3 walk04_3 chair1_3 chair2_3 chair3_3
      chair4_3 chair5_3 chair6_3 chair7_3 chair8_3
      chair9_3 tand2_3 rmpf_3 walk01_4 walk02_4 walk04_4
      chair1_4 chair2_4 chair3_4 chair4_4 chair5_4
      chair6_4 chair7_4 chair8_4 chair9_4 tand2_4 rmpf_4
      walk01_5 walk02_5 walk03_5 walk04_5 chair1_5
      chair2_5 chair3_5 chair4_5 chair5_5 chair6_5 chair7_5
      chair8_5 chair9_5 tand2_5 rmpf_5 walk04_6
      chair7_6 chair8_6 mva124_1 mva125_1 mva126_1 mpeakm_1
      mva124_2 mva125_2 mva126_2 mpeakm_2 mpeak1_3
      mpeak2_3 mpeak3_3 mpeakm_3 mpeakf1_4 mpeakf2_4
      mpeakf3_4 mpeakm_4 med150_2 med616_2 med617_2
      med618_2 med619_2 med616_3 med617_3 med618_3 med619_3
      med150_4 med616_4 med617_4 med618_4 med619_4
      med616_5 med617_5 med618_5 med619_5 med150_6 med616_6
      med617_6 med618_6 med619_6 mpeakf1_6 mpeakf2_6
      mpeakf3_6 mpeakm_6 mmsesc_1 mmsesc_2 mmsesc_3
      mmsesc_4 mmsesc_5 mmsesc_6 craven_1 craven_2
      craven_3 craven_4 mcraven_5 mcraven_6 mvar47_1
      mvar48_1 mvar49_1 mvar47_2 mvar48_2 mvar49_2
      mvar47_3 mvar48_3 mvar49_3 mvar47_4 mvar48_4 mvar49_4
      mvar47_5 mvar48_5 mvar49_5 mvar47_6 mvar48_6 mvar49_6
      mvar51_1 mvar52_1 mvar53_1 mvar54_1 mvar55_1
      mvar56_1 mvar57_1 mvar58_1 mvar59_1 mvar60_1
      mvar61_1 mvar62_1 mvar63_1 mvar64_1 mvar65_1 mvar66_1
      mvar67_1 mvar68_1 mvar69_1 mvar70_1 mvar71_1 mvar72_1
      mvar73_1 mvar74_1 mvar75_1 mvar76_1 mvar77_1
      mvar78_1 mvar79_1 mvar80_1 mvar81_1 mvar82_1
      mvar83_1 mvar84_1 mvar85_1 mvar86_1 mvar87_1 mvar88_1
      mvar89_1 mvar90_1 mvar91_1 mvar92_1 mvar93_1
      mvar94_1 mvar95_1 mvar96_1 mvar97_1 mvar98_1 mvar99_1
      mva175_1 mva176_1 mva177_1 mva178_1 mva179_1
      mva180_1 mva181_1 mva182_1 mva183_1 mva184_1 mva185_1
      mva186_1 mva187_1 mva188_1 mva189_1 mwtdr_2
      mwtt1_3 mwtt2_3 mwtt3_3 mwtdr_3 mwtt1_4 mwtt2_4 mwtt3_4
      mwtdr_4 mwtt1_5 mwtt2_5 mwtt3_5 mwtdr_5 mwtt1_6
      mwtt2_6 mwtt3_6 m15wtr_6 mwtdr_6 mwtt1_1 mwtt2_1
      mwtt3_1 mwtdr_1 mtotal_1 mtmax_1 mdelta_1 mret1p_1
       mret2p_1 mwtt1_2 mwtt2_2 mwtt3_2 mtotal_2
      mtmax_2 mdelta_2 mret1p_2 mret2p_2 mtotal_3
       mtmax_3 mdelta_3 mret1p_3 mret2p_3 mtotal_4 mtmax_4
      mdelta_4 mret1p_4 mret2p_4 mtotal_5 mtmax_5
      mdelta_5 mret1p_5 mret2p_5 mtotal_6 mtmax_6 mdelta_6
      mret1p_6 mret2p_6 cohort sex byear aedu age_0
      days_0 age_1 days_1 mage_1 mdays_1 age_2 days_2
      mage_2 mdays_2 age_3 days_3 mage_3 mdays_3 age_4
      days_4 mage_4 mdays_4 age_5 days_5 mage_5 mdays_5
      age_6 days_6 mage_6 mdays_6 age_7 days_7 mage_7
      mdays_7 deceas lasadata dedate demen_2 demen_3
      demen_4 demen5 b_heart b_cvd c_heart c_cvd d_heart d_cvd
      Cardio time1 time2 time3 time4 time5 time6
      grip2 grip3 grip4 grip5 grip6 code1 code2 code3 code4 code5 code6;

         MISSING is all(-9999, -1, -2, -3, -4, -5);
         USEVAR are  cardio time2 time3 time4 time5 time6
                      p2 p3 p4 p5 p6
                      c2 c3 c4 c5 c6
                     Bage Educ SmokHist heightc
                       diabetes;
         TSCORES =   time2 time3 time4 time5 time6;

         USEOBSERVATIONS are demen_2 NE 1 and
          demen_3 NE 1 and demen_4 NE 1 and
          demen5 NE 1 and sex EQ 2;

  Define:
          p2=grip2;
          p3=grip3;
          p4=grip4;
          p5=grip5;
          p6=grip6;
           c1=mtotal_1; c2=mtotal_2; c3=mtotal_3;
          c4=mtotal_4; c5=mtotal_5;c6=mtotal_6;
           time2=age_2 - age_2;
          time3=age_3 - age_2;
          time4=age_4 - age_2;
          time5=age_5 - age_2;
          time6=age_6 - age_2;

          Bage=age_1-70;   !Centered at Age 80
          !Bagesq=(compage1-80)**2;
          !Dage=YTDead;
          female=sex;
          Educ=aedu-7;     ! Centered at 7 years
          !SEP=SESgrp;
          !Marstat;
          Heightc=mva148_1-160;
          !Weight
          !BMI
          SmokHist=mva31_1-1;
          !Alcohol;
          !CompExp;
          !PhysAct;
          !BP;
          !DepSymp;
          Cardio = cardio;
          Diabetes = diab01_1;
          !MorbInd;

          !BageEduc=Bage*Educ;

  ANALYSIS: TYPE = RANDOM;

  MODEL:  ip sp | p2 p3 p4 p5 p6 AT time2 time3 time4 time5 time6;
          ic sc | c2 c3 c4 c5 c6 AT time2 time3 time4 time5 time6;
          ip (v_ip);
          sp (v_sp);
          ic (v_ic);
          sc (v_sc);
          ip WITH sp (c_ipsp);
          ip WITH ic (c_ipic);
          ip WITH sc (c_ipsc);
          sp WITH ic (c_spic);
          sp WITH sc (c_spsc);
          ic WITH sc (c_icsc);

          ip sp ic sc ON Bage Educ heightc  SmokHist cardio diabetes;

          p2 p3 p4 p5 p6 (res_p);
          c2 c3 c4 c5 c6 (res_c);
          p2 p3 p4 p5 p6 pwith c2 c3 c4 c5 c6(res_cov); !Paired covariances constrained to b

  MODEL CONSTRAINT:

  !        NEW r_ipsp;
          NEW r_ipic;
  !        NEW r_ipsc;
  !        NEW r_spic;
          NEW r_spsc;
  !        NEW r_icsc;

          NEW r_res_pc;

  !        r_ipsp = c_ipsp/((v_ip**0.5)*(v_sp**0.5));
          r_ipic = c_ipic/((v_ip**0.5)*(v_ic**0.5));
  !        r_ipsc = c_ipsc/((v_ip**0.5)*(v_sc**0.5));
  !        r_spic = c_spic/((v_sp**0.5)*(v_ic**0.5));
          r_spsc = c_spsc/((v_sp**0.5)*(v_sc**0.5));
  !        r_icsc = c_icsc/((v_ic**0.5)*(v_sc**0.5));

          r_res_pc = res_cov/((res_p**0.5)*(res_c**0.5));


  SAVEDATA:
  FILE IS   LASAfSlopes_female_aehplus_grip_immediaterecall;
  SAVE = FSCORES;
  PLOT:
   TYPE IS PLOT3;

  OUTPUT: sampstat Cinterval;



*** WARNING
  Input line exceeded 90 characters. Some input may be truncated.
          p2 p3 p4 p5 p6 pwith c2 c3 c4 c5 c6(res_cov); !Paired covariances constrained to be
*** WARNING
  Data set contains cases with missing on x-variables.
  These cases were not included in the analysis.
  Number of cases with missing on x-variables:  563
   2 WARNING(S) FOUND IN THE INPUT INSTRUCTIONS



b1 female aehplus grip immediaterecall

SUMMARY OF ANALYSIS

Number of groups                                                 1
Number of observations                                         782

Number of dependent variables                                   10
Number of independent variables                                  6
Number of continuous latent variables                            4

Observed dependent variables

  Continuous
   P2          P3          P4          P5          P6          C2
   C3          C4          C5          C6

Observed independent variables
   CARDIO      BAGE        EDUC        SMOKHIST    HEIGHTC     DIABETES

Continuous latent variables
   IP          SP          IC          SC

Variables with special functions

  Time scores
   TIME2       TIME3       TIME4       TIME5       TIME6


Estimator                                                      MLR
Information matrix                                        OBSERVED
Maximum number of iterations                                   100
Convergence criterion                                    0.100D-05
Maximum number of EM iterations                                500
Convergence criteria for the EM algorithm
  Loglikelihood change                                   0.100D-02
  Relative loglikelihood change                          0.100D-05
  Derivative                                             0.100D-03
Minimum variance                                         0.100D-03
Maximum number of steepest descent iterations                   20
Maximum number of iterations for H1                           2000
Convergence criterion for H1                             0.100D-03
Optimization algorithm                                         EMA

Input data file(s)
  LASAPhysicalCognitiveDescriptives_samesample.dat
Input data format  FREE


SUMMARY OF DATA

     Number of missing data patterns            91


COVARIANCE COVERAGE OF DATA

Minimum covariance coverage value   0.100


     PROPORTION OF DATA PRESENT


           Covariance Coverage
              P2            P3            P4            P5            P6
              ________      ________      ________      ________      ________
 P2             0.648
 P3             0.518         0.674
 P4             0.398         0.496         0.697
 P5             0.303         0.387         0.510         0.554
 P6             0.216         0.294         0.393         0.385         0.427
 C2             0.641         0.522         0.403         0.308         0.220
 C3             0.526         0.666         0.505         0.391         0.295
 C4             0.414         0.514         0.689         0.522         0.399
 C5             0.320         0.407         0.527         0.541         0.399
 C6             0.223         0.307         0.408         0.398         0.404
 CARDIO         0.648         0.674         0.697         0.554         0.427
 BAGE           0.648         0.674         0.697         0.554         0.427
 EDUC           0.648         0.674         0.697         0.554         0.427
 SMOKHIST       0.648         0.674         0.697         0.554         0.427
 HEIGHTC        0.648         0.674         0.697         0.554         0.427
 DIABETES       0.648         0.674         0.697         0.554         0.427


           Covariance Coverage
              C2            C3            C4            C5            C6
              ________      ________      ________      ________      ________
 C2             0.653
 C3             0.535         0.687
 C4             0.419         0.526         0.716
 C5             0.324         0.414         0.545         0.574
 C6             0.226         0.309         0.419         0.417         0.444
 CARDIO         0.653         0.687         0.716         0.574         0.444
 BAGE           0.653         0.687         0.716         0.574         0.444
 EDUC           0.653         0.687         0.716         0.574         0.444
 SMOKHIST       0.653         0.687         0.716         0.574         0.444
 HEIGHTC        0.653         0.687         0.716         0.574         0.444
 DIABETES       0.653         0.687         0.716         0.574         0.444


           Covariance Coverage
              CARDIO        BAGE          EDUC          SMOKHIST      HEIGHTC
              ________      ________      ________      ________      ________
 CARDIO         1.000
 BAGE           1.000         1.000
 EDUC           1.000         1.000         1.000
 SMOKHIST       1.000         1.000         1.000         1.000
 HEIGHTC        1.000         1.000         1.000         1.000         1.000
 DIABETES       1.000         1.000         1.000         1.000         1.000


           Covariance Coverage
              DIABETES
              ________
 DIABETES       1.000


SAMPLE STATISTICS


     ESTIMATED SAMPLE STATISTICS


           Means
              P2            P3            P4            P5            P6
              ________      ________      ________      ________      ________
 1             21.508        19.487        19.206        18.610        16.968


           Means
              C2            C3            C4            C5            C6
              ________      ________      ________      ________      ________
 1             22.544        20.909        20.905        18.265        15.761


           Means
              CARDIO        BAGE          EDUC          SMOKHIST      HEIGHTC
              ________      ________      ________      ________      ________
 1              0.187        -2.322         1.528         0.182         6.116


           Means
              DIABETES
              ________
 1              0.055


           Covariances
              P2            P3            P4            P5            P6
              ________      ________      ________      ________      ________
 P2            29.490
 P3            22.681        48.481
 P4            22.610        29.591        44.105
 P5            22.690        25.187        25.497        32.275
 P6            23.728        28.098        25.314        27.485        33.813
 C2             9.540        11.883        10.660        12.937        11.307
 C3            11.598        18.921        14.414        15.776        15.107
 C4            10.498        10.288        12.100        13.808        12.512
 C5            10.421        13.312        11.792        14.821        15.830
 C6            11.107        14.360        11.147        14.465        15.659
 CARDIO        -0.312        -0.402        -0.396        -0.403        -0.479
 BAGE         -20.876       -25.767       -23.858       -26.275       -28.709
 EDUC           2.195         2.569         1.302         2.322         2.016
 SMOKHIST       0.213        -0.083        -0.089         0.087         0.047
 HEIGHTC        9.524         8.791         8.389         9.072         7.688
 DIABETES      -0.172        -0.230        -0.281        -0.237        -0.211


           Covariances
              C2            C3            C4            C5            C6
              ________      ________      ________      ________      ________
 C2            38.466
 C3            26.852        44.209
 C4            29.294        28.902        46.961
 C5            28.395        31.678        34.064        50.619
 C6            25.477        28.261        28.704        34.163        43.522
 CARDIO        -0.390        -0.457        -0.288        -0.425        -0.381
 BAGE         -23.226       -22.190       -22.095       -25.652       -23.240
 EDUC           5.726         5.617         5.213         4.414         5.391
 SMOKHIST      -0.044        -0.037         0.051        -0.023         0.017
 HEIGHTC        4.947         5.121         5.201         6.639         5.680
 DIABETES      -0.150        -0.199        -0.179        -0.197        -0.243


           Covariances
              CARDIO        BAGE          EDUC          SMOKHIST      HEIGHTC
              ________      ________      ________      ________      ________
 CARDIO         0.152
 BAGE           0.734        61.464
 EDUC          -0.060        -2.747         9.313
 SMOKHIST       0.001        -0.463        -0.004         0.149
 HEIGHTC       -0.079        -6.298         2.504        -0.059        40.663
 DIABETES       0.011         0.262        -0.024         0.002        -0.046


           Covariances
              DIABETES
              ________
 DIABETES       0.052


           Correlations
              P2            P3            P4            P5            P6
              ________      ________      ________      ________      ________
 P2             1.000
 P3             0.600         1.000
 P4             0.627         0.640         1.000
 P5             0.735         0.637         0.676         1.000
 P6             0.751         0.694         0.656         0.832         1.000
 C2             0.283         0.275         0.259         0.367         0.314
 C3             0.321         0.409         0.326         0.418         0.391
 C4             0.282         0.216         0.266         0.355         0.314
 C5             0.270         0.269         0.250         0.367         0.383
 C6             0.310         0.313         0.254         0.386         0.408
 CARDIO        -0.147        -0.148        -0.153        -0.182        -0.211
 BAGE          -0.490        -0.472        -0.458        -0.590        -0.630
 EDUC           0.132         0.121         0.064         0.134         0.114
 SMOKHIST       0.102        -0.031        -0.035         0.040         0.021
 HEIGHTC        0.275         0.198         0.198         0.250         0.207
 DIABETES      -0.139        -0.145        -0.186        -0.183        -0.159


           Correlations
              C2            C3            C4            C5            C6
              ________      ________      ________      ________      ________
 C2             1.000
 C3             0.651         1.000
 C4             0.689         0.634         1.000
 C5             0.643         0.670         0.699         1.000
 C6             0.623         0.644         0.635         0.728         1.000
 CARDIO        -0.161        -0.177        -0.108        -0.153        -0.148
 BAGE          -0.478        -0.426        -0.411        -0.460        -0.449
 EDUC           0.303         0.277         0.249         0.203         0.268
 SMOKHIST      -0.018        -0.015         0.019        -0.008         0.007
 HEIGHTC        0.125         0.121         0.119         0.146         0.135
 DIABETES      -0.106        -0.131        -0.115        -0.122        -0.161


           Correlations
              CARDIO        BAGE          EDUC          SMOKHIST      HEIGHTC
              ________      ________      ________      ________      ________
 CARDIO         1.000
 BAGE           0.240         1.000
 EDUC          -0.051        -0.115         1.000
 SMOKHIST       0.004        -0.153        -0.003         1.000
 HEIGHTC       -0.032        -0.126         0.129        -0.024         1.000
 DIABETES       0.129         0.146        -0.034         0.017        -0.032


           Correlations
              DIABETES
              ________
 DIABETES       1.000


     MAXIMUM LOG-LIKELIHOOD VALUE FOR THE UNRESTRICTED (H1) MODEL IS -21819.664


UNIVARIATE SAMPLE STATISTICS


     UNIVARIATE HIGHER-ORDER MOMENT DESCRIPTIVE STATISTICS

         Variable/         Mean/     Skewness/   Minimum/ % with                Percentiles
        Sample Size      Variance    Kurtosis    Maximum  Min/Max      20%/60%    40%/80%    Median

     P2                   20.337       0.087       6.500    0.20%      16.000     19.250     20.250
             507.000      26.759       0.138      37.500    0.20%      21.250     24.500
     P3                   19.199      -0.463       0.000    0.19%      14.000     18.250     20.000
             527.000      45.375      -0.121      35.750    0.19%      21.500     25.000
     P4                   20.313      -0.431       0.000    0.18%      15.375     19.500     21.000
             545.000      40.745       0.234      40.500    0.18%      22.250     25.500
     P5                   20.555      -0.163       4.250    0.23%      16.250     19.250     20.750
             433.000      25.680      -0.040      34.000    0.23%      22.000     24.750
     P6                   19.529       0.074       7.000    0.30%      15.250     17.750     19.000
             334.000      24.423      -0.315      32.500    0.60%      21.000     24.000
     C2                   21.370       0.032       4.000    0.20%      16.000     20.000     21.000
             511.000      37.595      -0.020      42.000    0.20%      23.000     26.000
     C3                   20.682       0.023       0.000    0.74%      15.000     19.000     21.000
             537.000      42.202       0.388      40.000    0.37%      22.000     26.000
     C4                   21.911      -0.172       0.000    0.18%      16.000     20.000     22.000
             560.000      43.517      -0.301      38.000    0.36%      24.000     28.000
     C5                   20.127       0.078       3.000    0.22%      14.000     18.000     20.000
             449.000      43.331      -0.378      38.000    0.22%      22.000     26.000
     C6                   18.190       0.256       2.000    0.29%      13.000     16.000     18.000
             347.000      35.042      -0.072      39.000    0.29%      19.000     23.000
     CARDIO                0.187       1.608       0.000   81.33%       0.000      0.000      0.000
             782.000       0.152       0.586       1.000   18.67%       0.000      0.000
     BAGE                 -2.322       0.363     -15.210    0.13%     -10.020     -5.750     -3.090
             782.000      61.464      -0.866      15.330    0.13%      -0.970      5.460
     EDUC                  1.528       0.922      -2.000   10.49%      -1.000     -1.000      2.000
             782.000       9.313       0.450      11.000    1.66%       2.000      4.000
     SMOKHIST              0.182       1.652       0.000   81.84%       0.000      0.000      0.000
             782.000       0.149       0.729       1.000   18.16%       0.000      0.000
     HEIGHTC               6.116      -0.071     -12.000    0.13%       0.000      5.000      7.000
             782.000      40.663      -0.232      25.000    0.26%       8.000     12.000
     DIABETES              0.055       3.904       0.000   94.50%       0.000      0.000      0.000
             782.000       0.052      13.244       1.000    5.50%       0.000      0.000


THE MODEL ESTIMATION TERMINATED NORMALLY



MODEL FIT INFORMATION

Number of Free Parameters                       41

Loglikelihood

          H0 Value                      -14136.313
          H0 Scaling Correction Factor      0.9938
            for MLR

Information Criteria

          Akaike (AIC)                   28354.625
          Bayesian (BIC)                 28545.761
          Sample-Size Adjusted BIC       28415.566
            (n* = (n + 2) / 24)



MODEL RESULTS

                                                    Two-Tailed
                    Estimate       S.E.  Est./S.E.    P-Value

 IP         ON
    BAGE              -0.306      0.025    -12.331      0.000
    EDUC               0.087      0.058      1.507      0.132
    HEIGHTC            0.167      0.029      5.715      0.000
    SMOKHIST          -0.582      0.517     -1.125      0.260
    CARDIO            -0.352      0.440     -0.801      0.423
    DIABETES          -1.940      0.768     -2.527      0.011

 SP         ON
    BAGE              -0.011      0.003     -3.942      0.000
    EDUC              -0.004      0.005     -0.911      0.362
    HEIGHTC           -0.002      0.003     -0.865      0.387
    SMOKHIST          -0.048      0.049     -0.985      0.325
    CARDIO            -0.025      0.040     -0.620      0.536
    DIABETES          -0.046      0.084     -0.547      0.584

 IC         ON
    BAGE              -0.379      0.029    -13.269      0.000
    EDUC               0.506      0.062      8.155      0.000
    HEIGHTC            0.033      0.030      1.078      0.281
    SMOKHIST          -1.266      0.536     -2.362      0.018
    CARDIO            -0.703      0.529     -1.330      0.184
    DIABETES          -0.975      0.810     -1.205      0.228

 SC         ON
    BAGE               0.005      0.003      1.443      0.149
    EDUC              -0.010      0.007     -1.474      0.140
    HEIGHTC            0.003      0.003      0.913      0.361
    SMOKHIST           0.037      0.058      0.636      0.525
    CARDIO             0.027      0.057      0.469      0.639
    DIABETES          -0.095      0.105     -0.900      0.368

 IP       WITH
    SP                -0.116      0.179     -0.647      0.517
    IC                 1.753      1.093      1.603      0.109
    SC                -0.043      0.108     -0.392      0.695

 SP       WITH
    IC                 0.055      0.122      0.447      0.655
    SC                 0.001      0.011      0.120      0.904

 IC       WITH
    SC                 0.151      0.152      0.988      0.323

 P2       WITH
    C2                 1.684      0.380      4.434      0.000

 P3       WITH
    C3                 1.684      0.380      4.434      0.000

 P4       WITH
    C4                 1.684      0.380      4.434      0.000

 P5       WITH
    C5                 1.684      0.380      4.434      0.000

 P6       WITH
    C6                 1.684      0.380      4.434      0.000

 Intercepts
    P2                 0.000      0.000    999.000    999.000
    P3                 0.000      0.000    999.000    999.000
    P4                 0.000      0.000    999.000    999.000
    P5                 0.000      0.000    999.000    999.000
    P6                 0.000      0.000    999.000    999.000
    C2                 0.000      0.000    999.000    999.000
    C3                 0.000      0.000    999.000    999.000
    C4                 0.000      0.000    999.000    999.000
    C5                 0.000      0.000    999.000    999.000
    C6                 0.000      0.000    999.000    999.000
    IP                19.422      0.286     67.994      0.000
    SP                -0.278      0.030     -9.210      0.000
    IC                21.442      0.314     68.195      0.000
    SC                -0.478      0.035    -13.592      0.000

 Residual Variances
    P2                13.054      0.698     18.693      0.000
    P3                13.054      0.698     18.693      0.000
    P4                13.054      0.698     18.693      0.000
    P5                13.054      0.698     18.693      0.000
    P6                13.054      0.698     18.693      0.000
    C2                15.284      0.653     23.419      0.000
    C3                15.284      0.653     23.419      0.000
    C4                15.284      0.653     23.419      0.000
    C5                15.284      0.653     23.419      0.000
    C6                15.284      0.653     23.419      0.000
    IP                15.237      1.949      7.819      0.000
    SP                 0.003      0.023      0.112      0.911
    IC                15.896      1.642      9.678      0.000
    SC                 0.014      0.019      0.745      0.456

New/Additional Parameters
    R_IPIC             0.113      0.069      1.641      0.101
    R_SPSC             0.227      2.087      0.109      0.914
    R_RES_PC           0.119      0.026      4.562      0.000


QUALITY OF NUMERICAL RESULTS

     Condition Number for the Information Matrix              0.283E-05
       (ratio of smallest to largest eigenvalue)


CONFIDENCE INTERVALS OF MODEL RESULTS

                  Lower .5%  Lower 2.5%    Lower 5%    Estimate    Upper 5%  Upper 2.5%   Upper .5%

 IP       ON
    BAGE            -0.369      -0.354      -0.346      -0.306      -0.265      -0.257      -0.242
    EDUC            -0.062      -0.026      -0.008       0.087       0.182       0.200       0.236
    HEIGHTC          0.092       0.110       0.119       0.167       0.215       0.224       0.242
    SMOKHIST        -1.914      -1.596      -1.433      -0.582       0.269       0.432       0.750
    CARDIO          -1.486      -1.215      -1.077      -0.352       0.372       0.510       0.781
    DIABETES        -3.918      -3.445      -3.203      -1.940      -0.677      -0.436       0.037

 SP       ON
    BAGE            -0.018      -0.016      -0.015      -0.011      -0.006      -0.005      -0.004
    EDUC            -0.017      -0.014      -0.013      -0.004       0.004       0.005       0.008
    HEIGHTC         -0.010      -0.008      -0.007      -0.002       0.002       0.003       0.005
    SMOKHIST        -0.174      -0.144      -0.129      -0.048       0.032       0.048       0.078
    CARDIO          -0.129      -0.104      -0.091      -0.025       0.041       0.054       0.079
    DIABETES        -0.263      -0.212      -0.185      -0.046       0.093       0.119       0.171

 IC       ON
    BAGE            -0.452      -0.435      -0.426      -0.379      -0.332      -0.323      -0.305
    EDUC             0.346       0.384       0.404       0.506       0.608       0.628       0.666
    HEIGHTC         -0.045      -0.027      -0.017       0.033       0.083       0.092       0.111
    SMOKHIST        -2.647      -2.317      -2.148      -1.266      -0.384      -0.216       0.115
    CARDIO          -2.065      -1.739      -1.573      -0.703       0.167       0.333       0.659
    DIABETES        -3.060      -2.562      -2.307      -0.975       0.356       0.611       1.110

 SC       ON
    BAGE            -0.004      -0.002      -0.001       0.005       0.010       0.011       0.014
    EDUC            -0.027      -0.023      -0.021      -0.010       0.001       0.003       0.007
    HEIGHTC         -0.006      -0.004      -0.003       0.003       0.009       0.010       0.012
    SMOKHIST        -0.112      -0.076      -0.058       0.037       0.131       0.150       0.185
    CARDIO          -0.120      -0.085      -0.067       0.027       0.120       0.138       0.173
    DIABETES        -0.366      -0.301      -0.268      -0.095       0.079       0.112       0.177

 IP       WITH
    SP              -0.576      -0.466      -0.410      -0.116       0.178       0.235       0.345
    IC              -1.063      -0.390      -0.046       1.753       3.551       3.895       4.568
    SC              -0.322      -0.255      -0.221      -0.043       0.136       0.170       0.237

 SP       WITH
    IC              -0.260      -0.185      -0.147       0.055       0.256       0.294       0.370
    SC              -0.028      -0.021      -0.017       0.001       0.020       0.023       0.030

 IC       WITH
    SC              -0.242      -0.148      -0.100       0.151       0.401       0.449       0.543

 P2       WITH
    C2               0.706       0.940       1.059       1.684       2.309       2.429       2.663

 P3       WITH
    C3               0.706       0.940       1.059       1.684       2.309       2.429       2.663

 P4       WITH
    C4               0.706       0.940       1.059       1.684       2.309       2.429       2.663

 P5       WITH
    C5               0.706       0.940       1.059       1.684       2.309       2.429       2.663

 P6       WITH
    C6               0.706       0.940       1.059       1.684       2.309       2.429       2.663

 Intercepts
    P2               0.000       0.000       0.000       0.000       0.000       0.000       0.000
    P3               0.000       0.000       0.000       0.000       0.000       0.000       0.000
    P4               0.000       0.000       0.000       0.000       0.000       0.000       0.000
    P5               0.000       0.000       0.000       0.000       0.000       0.000       0.000
    P6               0.000       0.000       0.000       0.000       0.000       0.000       0.000
    C2               0.000       0.000       0.000       0.000       0.000       0.000       0.000
    C3               0.000       0.000       0.000       0.000       0.000       0.000       0.000
    C4               0.000       0.000       0.000       0.000       0.000       0.000       0.000
    C5               0.000       0.000       0.000       0.000       0.000       0.000       0.000
    C6               0.000       0.000       0.000       0.000       0.000       0.000       0.000
    IP              18.686      18.862      18.952      19.422      19.892      19.982      20.158
    SP              -0.356      -0.338      -0.328      -0.278      -0.229      -0.219      -0.201
    IC              20.632      20.826      20.925      21.442      21.959      22.058      22.252
    SC              -0.568      -0.546      -0.535      -0.478      -0.420      -0.409      -0.387

 Residual Variances
    P2              11.255      11.685      11.905      13.054      14.203      14.423      14.853
    P3              11.255      11.685      11.905      13.054      14.203      14.423      14.853
    P4              11.255      11.685      11.905      13.054      14.203      14.423      14.853
    P5              11.255      11.685      11.905      13.054      14.203      14.423      14.853
    P6              11.255      11.685      11.905      13.054      14.203      14.423      14.853
    C2              13.603      14.005      14.210      15.284      16.358      16.563      16.965
    C3              13.603      14.005      14.210      15.284      16.358      16.563      16.965
    C4              13.603      14.005      14.210      15.284      16.358      16.563      16.965
    C5              13.603      14.005      14.210      15.284      16.358      16.563      16.965
    C6              13.603      14.005      14.210      15.284      16.358      16.563      16.965
    IP              10.217      11.417      12.031      15.237      18.443      19.057      20.257
    SP              -0.056      -0.042      -0.035       0.003       0.040       0.047       0.061
    IC              11.666      12.677      13.194      15.896      18.598      19.116      20.127
    SC              -0.034      -0.022      -0.017       0.014       0.044       0.050       0.061

New/Additional Parameters
    R_IPIC          -0.064      -0.022       0.000       0.113       0.225       0.247       0.289
    R_SPSC          -5.149      -3.864      -3.206       0.227       3.660       4.317       5.602
    R_RES_PC         0.052       0.068       0.076       0.119       0.162       0.170       0.187


SAMPLE STATISTICS FOR ESTIMATED FACTOR SCORES


     SAMPLE STATISTICS


           Means
              IP            IP_SE         SP            SP_SE         IC
              ________      ________      ________      ________      ________
 1             21.006         2.003        -0.291         0.042        22.880


           Means
              IC_SE         SC            SC_SE
              ________      ________      ________
 1              2.049        -0.479         0.106


           Covariances
              IP            IP_SE         SP            SP_SE         IC
              ________      ________      ________      ________      ________
 IP            19.541
 IP_SE         -0.361         0.136
 SP             0.127        -0.004         0.009
 SP_SE          0.000         0.000         0.000         0.000
 IC            10.820        -0.427         0.293         0.000        24.666
 IC_SE         -0.410         0.137        -0.007         0.000        -0.553
 SC            -0.112         0.001        -0.002         0.000        -0.008
 SC_SE         -0.009         0.001         0.000         0.000        -0.011


           Covariances
              IC_SE         SC            SC_SE
              ________      ________      ________
 IC_SE          0.177
 SC             0.001         0.006
 SC_SE          0.002         0.000         0.000


           Correlations
              IP            IP_SE         SP            SP_SE         IC
              ________      ________      ________      ________      ________
 IP             1.000
 IP_SE         -0.222         1.000
 SP             0.311        -0.122         1.000
 SP_SE         -0.062         0.930         0.064         1.000
 IC             0.493        -0.233         0.636        -0.069         1.000
 IC_SE         -0.221         0.883        -0.185         0.881        -0.265
 SC            -0.334         0.032        -0.294        -0.072        -0.022
 SC_SE         -0.412         0.754        -0.452         0.578        -0.476


           Correlations
              IC_SE         SC            SC_SE
              ________      ________      ________
 IC_SE          1.000
 SC             0.041         1.000
 SC_SE          0.835         0.187         1.000


PLOT INFORMATION

The following plots are available:

  Histograms (sample values, estimated factor scores)
  Scatterplots (sample values, estimated factor scores)
  Latent variable distribution plots

SAVEDATA INFORMATION


  Save file
    LASAfSlopes_female_aehplus_grip_immediaterecall

  Order and format of variables

    P2             F10.3
    P3             F10.3
    P4             F10.3
    P5             F10.3
    P6             F10.3
    C2             F10.3
    C3             F10.3
    C4             F10.3
    C5             F10.3
    C6             F10.3
    CARDIO         F10.3
    BAGE           F10.3
    EDUC           F10.3
    SMOKHIST       F10.3
    HEIGHTC        F10.3
    DIABETES       F10.3
    TIME2          F10.3
    TIME3          F10.3
    TIME4          F10.3
    TIME5          F10.3
    TIME6          F10.3
    IP             F10.3
    IP_SE          F10.3
    SP             F10.3
    SP_SE          F10.3
    IC             F10.3
    IC_SE          F10.3
    SC             F10.3
    SC_SE          F10.3

  Save file format
    29F10.3

  Save file record length    10000


DIAGRAM INFORMATION

  Use View Diagram under the Diagram menu in the Mplus Editor to view the diagram.
  If running Mplus from the Mplus Diagrammer, the diagram opens automatically.

  Diagram output
    c:\users\annie\dropbox\ialsa_cambridge\lasa phy-cog\b1_female_aehplus_grip_immediaterecall.dgm

     Beginning Time:  19:13:57
        Ending Time:  19:14:34
       Elapsed Time:  00:00:37



MUTHEN & MUTHEN
3463 Stoner Ave.
Los Angeles, CA  90066

Tel: (310) 391-9971
Fax: (310) 391-8971
Web: www.StatModel.com
Support: Support@StatModel.com

Copyright (c) 1998-2015 Muthen & Muthen
