Mplus VERSION 7.31
MUTHEN & MUTHEN
11/06/2015   1:34 AM

INPUT INSTRUCTIONS



  TITLE: b1 male aehplus pef immediaterecall

  DATA:  File = LASAPhysicalCognitiveDescriptives_samesample.dat;

  VARIABLE: Names are
         id diab01_1 mva147_1 mva148_1 mva24_2
           mva31_1 walk04_1 chair1_1 chair2_1
        chair3_1 chair4_1 chair5_1 chair6_1 chair7_1
        chair8_1 walk04_2 chair1_2 chair2_2 chair3_2 chair4_2
        chair5_2 chair6_2 chair7_2 chair8_2 tand2_2
        walk01_3 walk02_3 walk04_3 chair1_3 chair2_3 chair3_3
        chair4_3 chair5_3 chair6_3 chair7_3 chair8_3
        chair9_3 tand2_3 rmpf_3 walk01_4 walk02_4 walk04_4
        chair1_4 chair2_4 chair3_4 chair4_4 chair5_4
        chair6_4 chair7_4 chair8_4 chair9_4 tand2_4 rmpf_4
        walk01_5 walk02_5 walk03_5 walk04_5 chair1_5
        chair2_5 chair3_5 chair4_5 chair5_5 chair6_5 chair7_5
        chair8_5 chair9_5 tand2_5 rmpf_5 walk04_6
        chair7_6 chair8_6 mva124_1 mva125_1 mva126_1 mpeakm_1
        mva124_2 mva125_2 mva126_2 mpeakm_2 mpeak1_3
        mpeak2_3 mpeak3_3 mpeakm_3 mpeakf1_4 mpeakf2_4
        mpeakf3_4 mpeakm_4 med150_2 med616_2 med617_2
        med618_2 med619_2 med616_3 med617_3 med618_3 med619_3
        med150_4 med616_4 med617_4 med618_4 med619_4
        med616_5 med617_5 med618_5 med619_5 med150_6 med616_6
        med617_6 med618_6 med619_6 mpeakf1_6 mpeakf2_6
        mpeakf3_6 mpeakm_6 mmsesc_1 mmsesc_2 mmsesc_3
        mmsesc_4 mmsesc_5 mmsesc_6 craven_1 craven_2
        craven_3 craven_4 mcraven_5 mcraven_6 mvar47_1
        mvar48_1 mvar49_1 mvar47_2 mvar48_2 mvar49_2
        mvar47_3 mvar48_3 mvar49_3 mvar47_4 mvar48_4 mvar49_4
        mvar47_5 mvar48_5 mvar49_5 mvar47_6 mvar48_6 mvar49_6
        mvar51_1 mvar52_1 mvar53_1 mvar54_1 mvar55_1
        mvar56_1 mvar57_1 mvar58_1 mvar59_1 mvar60_1
        mvar61_1 mvar62_1 mvar63_1 mvar64_1 mvar65_1 mvar66_1
        mvar67_1 mvar68_1 mvar69_1 mvar70_1 mvar71_1 mvar72_1
        mvar73_1 mvar74_1 mvar75_1 mvar76_1 mvar77_1
        mvar78_1 mvar79_1 mvar80_1 mvar81_1 mvar82_1
        mvar83_1 mvar84_1 mvar85_1 mvar86_1 mvar87_1 mvar88_1
        mvar89_1 mvar90_1 mvar91_1 mvar92_1 mvar93_1
        mvar94_1 mvar95_1 mvar96_1 mvar97_1 mvar98_1 mvar99_1
        mva175_1 mva176_1 mva177_1 mva178_1 mva179_1
        mva180_1 mva181_1 mva182_1 mva183_1 mva184_1 mva185_1
        mva186_1 mva187_1 mva188_1 mva189_1 mwtdr_2
        mwtt1_3 mwtt2_3 mwtt3_3 mwtdr_3 mwtt1_4 mwtt2_4 mwtt3_4
        mwtdr_4 mwtt1_5 mwtt2_5 mwtt3_5 mwtdr_5 mwtt1_6
        mwtt2_6 mwtt3_6 m15wtr_6 mwtdr_6 mwtt1_1 mwtt2_1
        mwtt3_1 mwtdr_1 mtotal_1 mtmax_1 mdelta_1 mret1p_1
         mret2p_1 mwtt1_2 mwtt2_2 mwtt3_2 mtotal_2
        mtmax_2 mdelta_2 mret1p_2 mret2p_2 mtotal_3
         mtmax_3 mdelta_3 mret1p_3 mret2p_3 mtotal_4 mtmax_4
        mdelta_4 mret1p_4 mret2p_4 mtotal_5 mtmax_5
        mdelta_5 mret1p_5 mret2p_5 mtotal_6 mtmax_6 mdelta_6
        mret1p_6 mret2p_6 cohort sex byear aedu age_0
        days_0 age_1 days_1 mage_1 mdays_1 age_2 days_2
        mage_2 mdays_2 age_3 days_3 mage_3 mdays_3 age_4
        days_4 mage_4 mdays_4 age_5 days_5 mage_5 mdays_5
        age_6 days_6 mage_6 mdays_6 age_7 days_7 mage_7
        mdays_7 deceas lasadata dedate demen_2 demen_3
        demen_4 demen5 b_heart b_cvd c_heart c_cvd d_heart d_cvd
        Cardio time1 time2 time3 time4 time5 time6
        grip2 grip3 grip4 grip5 grip6 code1 code2 code3 code4 code5 code6;

         MISSING is all(-9999, -1, -2, -3, -4, -5);
         USEVAR are  cardio time1 time2 time3 time4 time6
                      p1 p2 p3 p4 p6
                      c1 c2 c3 c4 c6
                     Bage Educ SmokHist heightc
                       diabetes;
         TSCORES =  time1 time2 time3 time4 time6;

         USEOBSERVATIONS are demen_2 NE 1 and
          demen_3 NE 1 and demen_4 NE 1 and
          demen5 NE 1 and sex EQ 1;

  Define:
          c1=mtotal_1; c2=mtotal_2; c3=mtotal_3;
          c4=mtotal_4; c5=mtotal_5;c6=mtotal_6;
          p1=mpeakm_1;
          p2=mpeakm_2;
          p3=mpeakm_3;
          p4=mpeakm_4;
          !c5=mpeakf_5;
          p6=mpeakm_6;

         time1=age_1 - age_1;
          time2=age_2 - age_1;
          time3=age_3 - age_1;
          time4=age_4 - age_1;
          time5=age_5 - age_1;
          time6=age_6 - age_1;

          Bage=age_1-70;   !Centered at Age 80
          !Bagesq=(compage1-80)**2;
          !Dage=YTDead;
          female=sex;
          Educ=aedu-7;     ! Centered at 7 years
          !SEP=SESgrp;
          !Marstat;
          Heightc=mva148_1-172;
          !Weight
          !BMI
          SmokHist=mva31_1-1;
          !Alcohol;
          !CompExp;
          !PhysAct;
          !BP;
          !DepSymp;
          Cardio = cardio;
          Diabetes = diab01_1;
          !MorbInd;

          !BageEduc=Bage*Educ;

  ANALYSIS: TYPE = RANDOM;

  MODEL:  ip sp | p1 p2 p3 p4 p6 AT time1 time2 time3 time4 time6;
          ic sc | c1 c2 c3 c4 c6 AT time1 time2 time3 time4 time6;
          ip (v_ip);
          sp (v_sp);
          ic (v_ic);
          sc (v_sc);
          ip WITH sp (c_ipsp);
          ip WITH ic (c_ipic);
          ip WITH sc (c_ipsc);
          sp WITH ic (c_spic);
          sp WITH sc (c_spsc);
          ic WITH sc (c_icsc);

          ip sp ic sc ON Bage Educ heightc  SmokHist cardio diabetes;

          p1 p2 p3 p4 p6 (res_p);
          c1 c2 c3 c4 c6 (res_c);
          p1 p2 p3 p4 p6 pwith c1 c2 c3 c4 c6(res_cov); !Paired covariances constrained to b

  MODEL CONSTRAINT:

  !        NEW r_ipsp;
          NEW r_ipic;
  !        NEW r_ipsc;
  !        NEW r_spic;
          NEW r_spsc;
  !        NEW r_icsc;

          NEW r_res_pc;

  !        r_ipsp = c_ipsp/((v_ip**0.5)*(v_sp**0.5));
          r_ipic = c_ipic/((v_ip**0.5)*(v_ic**0.5));
  !        r_ipsc = c_ipsc/((v_ip**0.5)*(v_sc**0.5));
  !        r_spic = c_spic/((v_sp**0.5)*(v_ic**0.5));
          r_spsc = c_spsc/((v_sp**0.5)*(v_sc**0.5));
  !        r_icsc = c_icsc/((v_ic**0.5)*(v_sc**0.5));

          r_res_pc = res_cov/((res_p**0.5)*(res_c**0.5));


  SAVEDATA:
  FILE IS   LASAfSlopes_male_aehplus_pef_immediaterecall;
  SAVE = FSCORES;
  PLOT:
   TYPE IS PLOT3;

  OUTPUT: sampstat Cinterval;



*** WARNING
  Input line exceeded 90 characters. Some input may be truncated.
          p1 p2 p3 p4 p6 pwith c1 c2 c3 c4 c6(res_cov); !Paired covariances constrained to be
*** WARNING
  Data set contains cases with missing on x-variables.
  These cases were not included in the analysis.
  Number of cases with missing on x-variables:  434
   2 WARNING(S) FOUND IN THE INPUT INSTRUCTIONS



b1 male aehplus pef immediaterecall

SUMMARY OF ANALYSIS

Number of groups                                                 1
Number of observations                                         800

Number of dependent variables                                   10
Number of independent variables                                  6
Number of continuous latent variables                            4

Observed dependent variables

  Continuous
   P1          P2          P3          P4          P6          C1
   C2          C3          C4          C6

Observed independent variables
   CARDIO      BAGE        EDUC        SMOKHIST    HEIGHTC     DIABETES

Continuous latent variables
   IP          SP          IC          SC

Variables with special functions

  Time scores
   TIME1       TIME2       TIME3       TIME4       TIME6


Estimator                                                      MLR
Information matrix                                        OBSERVED
Maximum number of iterations                                   100
Convergence criterion                                    0.100D-05
Maximum number of EM iterations                                500
Convergence criteria for the EM algorithm
  Loglikelihood change                                   0.100D-02
  Relative loglikelihood change                          0.100D-05
  Derivative                                             0.100D-03
Minimum variance                                         0.100D-03
Maximum number of steepest descent iterations                   20
Maximum number of iterations for H1                           2000
Convergence criterion for H1                             0.100D-03
Optimization algorithm                                         EMA

Input data file(s)
  LASAPhysicalCognitiveDescriptives_samesample.dat
Input data format  FREE


SUMMARY OF DATA

     Number of missing data patterns            38


COVARIANCE COVERAGE OF DATA

Minimum covariance coverage value   0.100


     PROPORTION OF DATA PRESENT


           Covariance Coverage
              P1            P2            P3            P4            P6
              ________      ________      ________      ________      ________
 P1             0.998
 P2             0.713         0.715
 P3             0.629         0.531         0.630
 P4             0.639         0.381         0.456         0.640
 P6             0.365         0.184         0.241         0.354         0.366
 C1             0.994         0.711         0.627         0.639         0.366
 C2             0.698         0.698         0.526         0.378         0.185
 C3             0.625         0.530         0.621         0.451         0.240
 C4             0.629         0.372         0.446         0.630         0.351
 C6             0.349         0.169         0.225         0.336         0.346
 CARDIO         0.998         0.715         0.630         0.640         0.366
 BAGE           0.998         0.715         0.630         0.640         0.366
 EDUC           0.998         0.715         0.630         0.640         0.366
 SMOKHIST       0.998         0.715         0.630         0.640         0.366
 HEIGHTC        0.998         0.715         0.630         0.640         0.366
 DIABETES       0.998         0.715         0.630         0.640         0.366


           Covariance Coverage
              C1            C2            C3            C4            C6
              ________      ________      ________      ________      ________
 C1             0.996
 C2             0.696         0.699
 C3             0.625         0.525         0.626
 C4             0.630         0.369         0.444         0.630
 C6             0.350         0.170         0.224         0.336         0.350
 CARDIO         0.996         0.699         0.626         0.630         0.350
 BAGE           0.996         0.699         0.626         0.630         0.350
 EDUC           0.996         0.699         0.626         0.630         0.350
 SMOKHIST       0.996         0.699         0.626         0.630         0.350
 HEIGHTC        0.996         0.699         0.626         0.630         0.350
 DIABETES       0.996         0.699         0.626         0.630         0.350


           Covariance Coverage
              CARDIO        BAGE          EDUC          SMOKHIST      HEIGHTC
              ________      ________      ________      ________      ________
 CARDIO         1.000
 BAGE           1.000         1.000
 EDUC           1.000         1.000         1.000
 SMOKHIST       1.000         1.000         1.000         1.000
 HEIGHTC        1.000         1.000         1.000         1.000         1.000
 DIABETES       1.000         1.000         1.000         1.000         1.000


           Covariance Coverage
              DIABETES
              ________
 DIABETES       1.000


SAMPLE STATISTICS


     ESTIMATED SAMPLE STATISTICS


           Means
              P1            P2            P3            P4            P6
              ________      ________      ________      ________      ________
 1            487.078       460.517       457.851       438.473       368.775


           Means
              C1            C2            C3            C4            C6
              ________      ________      ________      ________      ________
 1             18.405        19.453        17.729        18.254        13.404


           Means
              CARDIO        BAGE          EDUC          SMOKHIST      HEIGHTC
              ________      ________      ________      ________      ________
 1              0.303        -1.357         3.066         0.311         4.445


           Means
              DIABETES
              ________
 1              0.051


           Covariances
              P1            P2            P3            P4            P6
              ________      ________      ________      ________      ________
 P1         15581.631
 P2         13763.239     17140.299
 P3         14545.851     15579.108     18909.246
 P4         14988.569     16283.149     17620.158     21063.871
 P6         15001.969     15765.240     17339.756     19417.437     24707.930
 C1           182.751       175.626       213.385       219.651       236.438
 C2           248.777       273.660       309.855       331.507       369.847
 C3           225.296       249.728       287.813       324.931       379.902
 C4           242.105       243.045       293.086       365.579       422.948
 C6           263.153       286.600       296.849       333.770       402.101
 CARDIO        -5.525        -5.418        -7.737        -9.400       -13.872
 BAGE        -450.601      -485.893      -540.215      -579.530      -683.153
 EDUC          90.784        83.451       104.377        93.638        89.850
 SMOKHIST      -8.791       -10.065       -13.105       -13.676       -12.576
 HEIGHTC      235.161       223.532       236.222       252.341       220.054
 DIABETES      -1.100        -1.647        -1.826        -1.459        -3.967


           Covariances
              C1            C2            C3            C4            C6
              ________      ________      ________      ________      ________
 C1            30.280
 C2            21.375        35.608
 C3            19.091        24.894        36.568
 C4            20.334        26.283        25.894        40.939
 C6            19.512        23.950        22.452        24.254        35.031
 CARDIO        -0.172        -0.227        -0.310        -0.367        -0.298
 BAGE         -16.349       -23.385       -23.578       -24.111       -22.758
 EDUC           5.352         6.463         5.863         4.876         4.199
 SMOKHIST      -0.035         0.054         0.044        -0.088        -0.253
 HEIGHTC        3.588         7.367         6.884         6.603         4.527
 DIABETES      -0.077        -0.134        -0.161        -0.169        -0.289


           Covariances
              CARDIO        BAGE          EDUC          SMOKHIST      HEIGHTC
              ________      ________      ________      ________      ________
 CARDIO         0.211
 BAGE           0.610        68.214
 EDUC          -0.141        -3.747        11.797
 SMOKHIST       0.005        -0.342        -0.032         0.214
 HEIGHTC       -0.086        -7.781         4.069        -0.030        52.014
 DIABETES       0.012         0.161        -0.006         0.000        -0.040


           Covariances
              DIABETES
              ________
 DIABETES       0.049


           Correlations
              P1            P2            P3            P4            P6
              ________      ________      ________      ________      ________
 P1             1.000
 P2             0.842         1.000
 P3             0.847         0.865         1.000
 P4             0.827         0.857         0.883         1.000
 P6             0.765         0.766         0.802         0.851         1.000
 C1             0.266         0.244         0.282         0.275         0.273
 C2             0.334         0.350         0.378         0.383         0.394
 C3             0.298         0.315         0.346         0.370         0.400
 C4             0.303         0.290         0.333         0.394         0.421
 C6             0.356         0.370         0.365         0.389         0.432
 CARDIO        -0.096        -0.090        -0.122        -0.141        -0.192
 BAGE          -0.437        -0.449        -0.476        -0.483        -0.526
 EDUC           0.212         0.186         0.221         0.188         0.166
 SMOKHIST      -0.152        -0.166        -0.206        -0.204        -0.173
 HEIGHTC        0.261         0.237         0.238         0.241         0.194
 DIABETES      -0.040        -0.057        -0.060        -0.046        -0.114


           Correlations
              C1            C2            C3            C4            C6
              ________      ________      ________      ________      ________
 C1             1.000
 C2             0.651         1.000
 C3             0.574         0.690         1.000
 C4             0.578         0.688         0.669         1.000
 C6             0.599         0.678         0.627         0.640         1.000
 CARDIO        -0.068        -0.083        -0.112        -0.125        -0.110
 BAGE          -0.360        -0.474        -0.472        -0.456        -0.466
 EDUC           0.283         0.315         0.282         0.222         0.207
 SMOKHIST      -0.014         0.020         0.016        -0.030        -0.092
 HEIGHTC        0.090         0.171         0.158         0.143         0.106
 DIABETES      -0.063        -0.102        -0.121        -0.120        -0.221


           Correlations
              CARDIO        BAGE          EDUC          SMOKHIST      HEIGHTC
              ________      ________      ________      ________      ________
 CARDIO         1.000
 BAGE           0.161         1.000
 EDUC          -0.090        -0.132         1.000
 SMOKHIST       0.022        -0.090        -0.020         1.000
 HEIGHTC       -0.026        -0.131         0.164        -0.009         1.000
 DIABETES       0.118         0.088        -0.008         0.003        -0.025


           Correlations
              DIABETES
              ________
 DIABETES       1.000


     MAXIMUM LOG-LIKELIHOOD VALUE FOR THE UNRESTRICTED (H1) MODEL IS -31642.391


UNIVARIATE SAMPLE STATISTICS


     UNIVARIATE HIGHER-ORDER MOMENT DESCRIPTIVE STATISTICS

         Variable/         Mean/     Skewness/   Minimum/ % with                Percentiles
        Sample Size      Variance    Kurtosis    Maximum  Min/Max      20%/60%    40%/80%    Median

     P1                  487.130      -0.625      60.000    0.13%     390.000    470.000    505.000
             798.000   15540.762       0.117     800.000    0.13%     540.000    590.000
     P2                  436.201      -0.436      60.000    0.52%     320.000    410.000    450.000
             572.000   16841.888      -0.129     780.000    0.17%     480.000    550.000
     P3                  458.806      -0.458      60.000    0.60%     340.000    440.000    470.000
             504.000   16864.514      -0.193     760.000    0.20%     500.000    570.000
     P4                  477.061      -0.602      80.000    0.20%     380.000    460.000    490.000
             512.000   16777.639       0.033     760.000    0.20%     530.000    580.000
     P6                  454.215      -0.362      40.000    0.34%     350.000    430.000    460.000
             293.000   15340.339       0.195     800.000    0.34%     490.000    560.000
     C1                   18.417       0.128       2.000    0.13%      14.000     17.000     18.000
             797.000      30.268       0.073      37.000    0.13%      20.000     23.000
     C2                   18.449       0.189       0.000    0.18%      13.000     17.000     18.000
             559.000      33.156       0.151      40.000    0.18%      20.000     23.000
     C3                   17.625       0.114       0.000    0.40%      13.000     16.000     17.000
             501.000      33.827       0.280      38.000    0.20%      19.000     22.000
     C4                   19.835       0.185       0.000    0.20%      15.000     18.000     19.000
             504.000      35.356       0.156      38.000    0.20%      21.000     25.000
     C6                   16.089       0.416       2.000    0.36%      12.000     14.000     16.000
             280.000      25.767       0.165      34.000    0.36%      17.000     20.000
     CARDIO                0.302       0.860       0.000   69.75%       0.000      0.000      0.000
             800.000       0.211      -1.261       1.000   30.25%       0.000      1.000
     BAGE                 -1.357       0.197     -15.110    0.12%      -9.700     -4.790     -2.155
             800.000      68.214      -1.092      15.230    0.12%       0.570      7.290
     EDUC                  3.066       0.560      -2.000    4.50%      -1.000      2.000      3.000
             800.000      11.797      -0.333      11.000    4.75%       4.000      5.000
     SMOKHIST              0.311       0.815       0.000   68.88%       0.000      0.000      0.000
             800.000       0.214      -1.335       1.000   31.13%       0.000      1.000
     HEIGHTC               4.445       0.193     -22.000    0.12%      -1.000      2.000      4.000
             800.000      52.014       0.403      28.000    0.12%       6.000     10.000
     DIABETES              0.051       4.070       0.000   94.88%       0.000      0.000      0.000
             800.000       0.049      14.566       1.000    5.12%       0.000      0.000


THE MODEL ESTIMATION TERMINATED NORMALLY



MODEL FIT INFORMATION

Number of Free Parameters                       41

Loglikelihood

          H0 Value                      -23258.757
          H0 Scaling Correction Factor      1.0453
            for MLR

Information Criteria

          Akaike (AIC)                   46599.513
          Bayesian (BIC)                 46791.582
          Sample-Size Adjusted BIC       46661.384
            (n* = (n + 2) / 24)



MODEL RESULTS

                                                    Two-Tailed
                    Estimate       S.E.  Est./S.E.    P-Value

 IP         ON
    BAGE              -6.524      0.472    -13.811      0.000
    EDUC               4.453      1.110      4.010      0.000
    HEIGHTC            3.181      0.496      6.410      0.000
    SMOKHIST         -52.981      7.932     -6.680      0.000
    CARDIO            -0.763      8.450     -0.090      0.928
    DIABETES           1.321     14.249      0.093      0.926

 SP         ON
    BAGE              -0.156      0.041     -3.755      0.000
    EDUC              -0.064      0.089     -0.718      0.473
    HEIGHTC           -0.021      0.036     -0.596      0.551
    SMOKHIST          -1.858      0.618     -3.008      0.003
    CARDIO            -1.301      0.681     -1.910      0.056
    DIABETES          -1.594      1.457     -1.094      0.274

 IC         ON
    BAGE              -0.251      0.020    -12.390      0.000
    EDUC               0.410      0.049      8.416      0.000
    HEIGHTC            0.028      0.024      1.151      0.250
    SMOKHIST          -0.375      0.366     -1.024      0.306
    CARDIO             0.077      0.357      0.214      0.830
    DIABETES          -0.890      0.710     -1.255      0.210

 SC         ON
    BAGE              -0.003      0.002     -1.199      0.231
    EDUC              -0.011      0.005     -2.166      0.030
    HEIGHTC            0.002      0.002      0.782      0.434
    SMOKHIST          -0.027      0.036     -0.744      0.457
    CARDIO             0.004      0.037      0.107      0.915
    DIABETES          -0.222      0.074     -2.976      0.003

 IP       WITH
    SP                22.721     32.839      0.692      0.489
    IC                35.222     17.060      2.065      0.039
    SC                 0.044      2.081      0.021      0.983

 SP       WITH
    IC                 3.011      1.343      2.242      0.025
    SC                 0.026      0.107      0.243      0.808

 IC       WITH
    SC                 0.043      0.072      0.599      0.549

 P1       WITH
    C1                19.633      5.387      3.644      0.000

 P2       WITH
    C2                19.633      5.387      3.644      0.000

 P3       WITH
    C3                19.633      5.387      3.644      0.000

 P4       WITH
    C4                19.633      5.387      3.644      0.000

 P6       WITH
    C6                19.633      5.387      3.644      0.000

 Intercepts
    P1                 0.000      0.000    999.000    999.000
    P2                 0.000      0.000    999.000    999.000
    P3                 0.000      0.000    999.000    999.000
    P4                 0.000      0.000    999.000    999.000
    P6                 0.000      0.000    999.000    999.000
    C1                 0.000      0.000    999.000    999.000
    C2                 0.000      0.000    999.000    999.000
    C3                 0.000      0.000    999.000    999.000
    C4                 0.000      0.000    999.000    999.000
    C6                 0.000      0.000    999.000    999.000
    IP               468.422      6.534     71.693      0.000
    SP                -5.307      0.545     -9.728      0.000
    IC                17.604      0.275     64.127      0.000
    SC                -0.198      0.029     -6.944      0.000

 Residual Variances
    P1              2638.218    156.710     16.835      0.000
    P2              2638.218    156.710     16.835      0.000
    P3              2638.218    156.710     16.835      0.000
    P4              2638.218    156.710     16.835      0.000
    P6              2638.218    156.710     16.835      0.000
    C1                14.108      0.578     24.429      0.000
    C2                14.108      0.578     24.429      0.000
    C3                14.108      0.578     24.429      0.000
    C4                14.108      0.578     24.429      0.000
    C6                14.108      0.578     24.429      0.000
    IP              9149.286    602.089     15.196      0.000
    SP                14.143      3.333      4.243      0.000
    IC                12.550      1.080     11.623      0.000
    SC                 0.004      0.008      0.503      0.615

New/Additional Parameters
    R_IPIC             0.104      0.050      2.089      0.037
    R_SPSC             0.111      0.445      0.249      0.803
    R_RES_PC           0.102      0.027      3.716      0.000


QUALITY OF NUMERICAL RESULTS

     Condition Number for the Information Matrix              0.187E-07
       (ratio of smallest to largest eigenvalue)


CONFIDENCE INTERVALS OF MODEL RESULTS

                  Lower .5%  Lower 2.5%    Lower 5%    Estimate    Upper 5%  Upper 2.5%   Upper .5%

 IP       ON
    BAGE            -7.741      -7.450      -7.301      -6.524      -5.747      -5.598      -5.307
    EDUC             1.593       2.277       2.626       4.453       6.280       6.629       7.313
    HEIGHTC          1.902       2.208       2.364       3.181       3.997       4.153       4.459
    SMOKHIST       -73.411     -68.527     -66.028     -52.981     -39.933     -37.435     -32.551
    CARDIO         -22.530     -17.326     -14.664      -0.763      13.137      15.799      21.003
    DIABETES       -35.383     -26.608     -22.119       1.321      24.761      29.250      38.024

 SP       ON
    BAGE            -0.262      -0.237      -0.224      -0.156      -0.087      -0.074      -0.049
    EDUC            -0.292      -0.238      -0.210      -0.064       0.082       0.110       0.165
    HEIGHTC         -0.113      -0.091      -0.080      -0.021       0.037       0.048       0.070
    SMOKHIST        -3.450      -3.069      -2.875      -1.858      -0.842      -0.647      -0.267
    CARDIO          -3.056      -2.636      -2.422      -1.301      -0.180       0.034       0.454
    DIABETES        -5.348      -4.450      -3.991      -1.594       0.803       1.262       2.160

 IC       ON
    BAGE            -0.304      -0.291      -0.285      -0.251      -0.218      -0.212      -0.199
    EDUC             0.285       0.315       0.330       0.410       0.490       0.506       0.536
    HEIGHTC         -0.034      -0.020      -0.012       0.028       0.068       0.075       0.090
    SMOKHIST        -1.317      -1.092      -0.977      -0.375       0.227       0.343       0.568
    CARDIO          -0.844      -0.624      -0.511       0.077       0.665       0.777       0.997
    DIABETES        -2.718      -2.281      -2.058      -0.890       0.277       0.501       0.938

 SC       ON
    BAGE            -0.009      -0.007      -0.007      -0.003       0.001       0.002       0.003
    EDUC            -0.024      -0.021      -0.019      -0.011      -0.003      -0.001       0.002
    HEIGHTC         -0.004      -0.003      -0.002       0.002       0.006       0.006       0.008
    SMOKHIST        -0.119      -0.097      -0.086      -0.027       0.032       0.044       0.066
    CARDIO          -0.092      -0.069      -0.057       0.004       0.065       0.077       0.100
    DIABETES        -0.413      -0.368      -0.344      -0.222      -0.099      -0.076      -0.030

 IP       WITH
    SP             -61.865     -41.643     -31.299      22.721      76.741      87.085     107.308
    IC              -8.722       1.783       7.157      35.222      63.286      68.660      79.165
    SC              -5.317      -4.035      -3.380       0.044       3.468       4.124       5.406

 SP       WITH
    IC              -0.448       0.379       0.802       3.011       5.219       5.642       6.469
    SC              -0.250      -0.184      -0.151       0.026       0.203       0.236       0.303

 IC       WITH
    SC              -0.142      -0.098      -0.075       0.043       0.161       0.184       0.228

 P1       WITH
    C1               5.756       9.074      10.770      19.633      28.495      30.192      33.509

 P2       WITH
    C2               5.756       9.074      10.770      19.633      28.495      30.192      33.509

 P3       WITH
    C3               5.756       9.074      10.770      19.633      28.495      30.192      33.509

 P4       WITH
    C4               5.756       9.074      10.770      19.633      28.495      30.192      33.509

 P6       WITH
    C6               5.756       9.074      10.770      19.633      28.495      30.192      33.509

 Intercepts
    P1               0.000       0.000       0.000       0.000       0.000       0.000       0.000
    P2               0.000       0.000       0.000       0.000       0.000       0.000       0.000
    P3               0.000       0.000       0.000       0.000       0.000       0.000       0.000
    P4               0.000       0.000       0.000       0.000       0.000       0.000       0.000
    P6               0.000       0.000       0.000       0.000       0.000       0.000       0.000
    C1               0.000       0.000       0.000       0.000       0.000       0.000       0.000
    C2               0.000       0.000       0.000       0.000       0.000       0.000       0.000
    C3               0.000       0.000       0.000       0.000       0.000       0.000       0.000
    C4               0.000       0.000       0.000       0.000       0.000       0.000       0.000
    C6               0.000       0.000       0.000       0.000       0.000       0.000       0.000
    IP             451.593     455.616     457.674     468.422     479.170     481.228     485.252
    SP              -6.712      -6.376      -6.204      -5.307      -4.409      -4.237      -3.901
    IC              16.897      17.066      17.152      17.604      18.055      18.142      18.311
    SC              -0.272      -0.254      -0.245      -0.198      -0.151      -0.142      -0.125

 Residual Variances
    P1            2234.564    2331.066    2380.430    2638.218    2896.007    2945.370    3041.873
    P2            2234.564    2331.066    2380.430    2638.218    2896.007    2945.370    3041.873
    P3            2234.564    2331.066    2380.430    2638.218    2896.007    2945.370    3041.873
    P4            2234.564    2331.066    2380.430    2638.218    2896.007    2945.370    3041.873
    P6            2234.564    2331.066    2380.430    2638.218    2896.007    2945.370    3041.873
    C1              12.621      12.976      13.158      14.108      15.058      15.240      15.596
    C2              12.621      12.976      13.158      14.108      15.058      15.240      15.596
    C3              12.621      12.976      13.158      14.108      15.058      15.240      15.596
    C4              12.621      12.976      13.158      14.108      15.058      15.240      15.596
    C6              12.621      12.976      13.158      14.108      15.058      15.240      15.596
    IP            7598.426    7969.192    8158.850    9149.286   10139.722   10329.380   10700.146
    SP               5.556       7.609       8.659      14.143      19.626      20.676      22.729
    IC               9.769      10.434      10.774      12.550      14.326      14.666      15.331
    SC              -0.016      -0.011      -0.009       0.004       0.017       0.019       0.024

New/Additional Parameters
    R_IPIC          -0.024       0.006       0.022       0.104       0.186       0.201       0.232
    R_SPSC          -1.036      -0.762      -0.621       0.111       0.844       0.984       1.258
    R_RES_PC         0.031       0.048       0.057       0.102       0.147       0.155       0.172


SAMPLE STATISTICS FOR ESTIMATED FACTOR SCORES


     SAMPLE STATISTICS


           Means
              IP            IP_SE         SP            SP_SE         IC
              ________      ________      ________      ________      ________
 1            488.414        31.244        -6.439         3.169        19.187


           Means
              IC_SE         SC            SC_SE
              ________      ________      ________
 1              1.820        -0.238         0.060


           Covariances
              IP            IP_SE         SP            SP_SE         IC
              ________      ________      ________      ________      ________
 IP         12878.028
 IP_SE         12.802         9.531
 SP           149.460        -0.031         6.953
 SP_SE        -18.091         0.246        -0.418         0.134
 IC           198.308         0.364         5.324        -0.617        16.553
 IC_SE         -5.521         0.551        -0.150         0.056        -0.220
 SC             1.303         0.004         0.076        -0.006         0.061
 SC_SE         -0.049         0.001        -0.001         0.000        -0.002


           Covariances
              IC_SE         SC            SC_SE
              ________      ________      ________
 IC_SE          0.054
 SC            -0.002         0.005
 SC_SE          0.000         0.000         0.000


           Correlations
              IP            IP_SE         SP            SP_SE         IC
              ________      ________      ________      ________      ________
 IP             1.000
 IP_SE          0.037         1.000
 SP             0.499        -0.004         1.000
 SP_SE         -0.435         0.218        -0.433         1.000
 IC             0.430         0.029         0.496        -0.413         1.000
 IC_SE         -0.210         0.771        -0.245         0.664        -0.234
 SC             0.167         0.019         0.421        -0.225         0.217
 SC_SE         -0.436         0.218        -0.445         0.964        -0.430


           Correlations
              IC_SE         SC            SC_SE
              ________      ________      ________
 IC_SE          1.000
 SC            -0.105         1.000
 SC_SE          0.710        -0.215         1.000


PLOT INFORMATION

The following plots are available:

  Histograms (sample values, estimated factor scores)
  Scatterplots (sample values, estimated factor scores)
  Latent variable distribution plots

SAVEDATA INFORMATION


  Save file
    LASAfSlopes_male_aehplus_pef_immediaterecall

  Order and format of variables

    P1             F10.3
    P2             F10.3
    P3             F10.3
    P4             F10.3
    P6             F10.3
    C1             F10.3
    C2             F10.3
    C3             F10.3
    C4             F10.3
    C6             F10.3
    CARDIO         F10.3
    BAGE           F10.3
    EDUC           F10.3
    SMOKHIST       F10.3
    HEIGHTC        F10.3
    DIABETES       F10.3
    TIME1          F10.3
    TIME2          F10.3
    TIME3          F10.3
    TIME4          F10.3
    TIME6          F10.3
    IP             F10.3
    IP_SE          F10.3
    SP             F10.3
    SP_SE          F10.3
    IC             F10.3
    IC_SE          F10.3
    SC             F10.3
    SC_SE          F10.3

  Save file format
    29F10.3

  Save file record length    10000


DIAGRAM INFORMATION

  Use View Diagram under the Diagram menu in the Mplus Editor to view the diagram.
  If running Mplus from the Mplus Diagrammer, the diagram opens automatically.

  Diagram output
    c:\users\annie\dropbox\ialsa_cambridge\lasa phy-cog\b1_male_aehplus_pef_immediaterecall.dgm

     Beginning Time:  01:34:29
        Ending Time:  01:36:09
       Elapsed Time:  00:01:40



MUTHEN & MUTHEN
3463 Stoner Ave.
Los Angeles, CA  90066

Tel: (310) 391-9971
Fax: (310) 391-8971
Web: www.StatModel.com
Support: Support@StatModel.com

Copyright (c) 1998-2015 Muthen & Muthen
