Mplus VERSION 7.4 (Mac)
MUTHEN & MUTHEN
11/14/2016  10:56 AM

INPUT INSTRUCTIONS

  TITLE: grip - MMSE - female - age & education & height & diab & smoke & cardio

  DATA:  File = satsa.dat;

  VARIABLE: Names are
  twinnr pairid sex01 przygup rear iage1-iage7 intakeage time1-time7 dem1-dem7
  s_demen_onset
  htcm wtkg qualc depr cv chd sumill eversmoke diabete
  marital msgroup sesobj educ edugr
  fev1_1-fev1_7 ht_1-ht_7 grip1-grip7 gait2-gait7
  stupt_2-stupt_7 stuprt_2-stuprt_7
  idigf_r1-idigf_r7 idigb_r1-idigb_r7 ibloc_r1-ibloc_r7 ithur_r1-ithur_r7
  isynm_r1-isynm_r7 iinfo_r1-iinfo_r7 ianal_r1-ianal_r7 irota_r1-irota_r7
  ifigi_r1-ifigi_r7 isymd_r1-isymd_r7 mmse7_1-mmse7_7
  tverb1-tverb7 tspat1-tspat7 tmemo1-tmemo7 tsped1-tsped7 tpcom1-tpcom7;

         MISSING are .;
         USEVAR are  diabete eversmoke chd time1 time2 time3  time5 time6 time7
                     p1 p2 p3  p5 p6 p7
                     c1 c2 c3  c5 c6 c7
                     Bage ceduc height;
         TSCORES =   time1 time2 time3   time5 time6 time7;

         USEOBSERVATIONS are  sex01 EQ 1; !0 = male;

  Define: p1=grip1; p2=grip2; p3=grip3; p5=grip5; p6=grip6; p7=grip7;
          c1=mmse7_1; c2=mmse7_2; c3=mmse7_3; c5=mmse7_5; c6=mmse7_6; c7=mmse7_7;

          Bage=intakeage-70;   !Centered at Age 70
          !Bagesq=(intakeage-70)**2;

          Sex=1;         !0=Male
          cEduc=educ-1;     ! center at 1 as most equivalent to 7 years
          !SEP=SESgrp;
          !Marstat;
          Height=htcm-160;  !center at 172 for males and 160 for females
          !Weight
          !BMI
          !SmokHist=Smoke;
          !Alcohol;
          !CompExp;
          !PhysAct;
          !BP;
          !DepSymp;
          !Cardio;
          !Diab;
          !MorbInd;

          !BageSex=Bage*Sex;
          !BageEduc=Bage*Educ;
          !SexEduc=Sex*Educ;

  ANALYSIS: TYPE = RANDOM;
  	estimator=mlf;

  MODEL:  ip sp | p1 p2 p3 p5 p6 p7 at time1 time2 time3 time5 time6 time7;
          ic sc | c1 c2 c3 c5 c6 c7 at time1 time2 time3 time5 time6 time7;

          ip sp ic sc ON Bage ceduc height diabete eversmoke chd;

          p1-p7 (res_p);
          c1-c7 (res_c);

          p1 p2 p3 p5 p6 p7 pwith c1 c2 c3 c5 c6 c7(res_cov);

          ip (v_ip); ! v - variance
          sp (v_sp);
          ic (v_ic);
          sc (v_sc);
          ip WITH sp (c_ipsp); ! c - covariance
          ip WITH ic (c_ipic);
          ip WITH sc (c_ipsc);
          sp WITH ic (c_spic);
          sp WITH sc (c_spsc);
          ic WITH sc (c_icsc);

  MODEL CONSTRAINT:

          NEW r_ipic;
          NEW r_spsc;
          NEW r_res_pc;

          r_ipic = c_ipic/((v_ip**0.5)*(v_ic**0.5));
          r_spsc = c_spsc/((v_sp**0.5)*(v_sc**0.5));
          r_res_pc = res_cov/((res_p**0.5)*(res_c**0.5));

  OUTPUT: sampstat Cinterval;

  PLOT: Type is Plot1 Plot2 Plot3;

  SAVEDATA:

          FILE IS   SATSASlopes_f_grip_mmse;
          SAVE = FSCORES;






*** WARNING in VARIABLE command
  Note that only the first 8 characters of variable names are used in the output.
  Shorten variable names to avoid any confusion.
*** WARNING in PLOT command
  Note that only the first 8 characters of variable names are used in plots.
  If variable names are not unique within the first 8 characters, problems
  may occur.
*** WARNING
  Data set contains cases with missing on x-variables.
  These cases were not included in the analysis.
  Number of cases with missing on x-variables:  100
   3 WARNING(S) FOUND IN THE INPUT INSTRUCTIONS



grip - MMSE - female - age & education & height & diab & smoke & cardio

SUMMARY OF ANALYSIS

Number of groups                                                 1
Number of observations                                         411

Number of dependent variables                                   12
Number of independent variables                                  6
Number of continuous latent variables                            4

Observed dependent variables

  Continuous
   P1          P2          P3          P5          P6          P7
   C1          C2          C3          C5          C6          C7

Observed independent variables
   DIABETE     EVERSMOK    CHD         BAGE        CEDUC       HEIGHT

Continuous latent variables
   IP          SP          IC          SC

Variables with special functions

  Time scores
   TIME1       TIME2       TIME3       TIME5       TIME6       TIME7


Estimator                                                      MLF
Information matrix                                        OBSERVED
Maximum number of iterations                                   100
Convergence criterion                                    0.100D-05
Maximum number of EM iterations                                500
Convergence criteria for the EM algorithm
  Loglikelihood change                                   0.100D-02
  Relative loglikelihood change                          0.100D-05
  Derivative                                             0.100D-03
Minimum variance                                         0.100D-03
Maximum number of steepest descent iterations                   20
Maximum number of iterations for H1                           2000
Convergence criterion for H1                             0.100D-03
Optimization algorithm                                         EMA

Input data file(s)
  satsa.dat
Input data format  FREE


SUMMARY OF DATA

     Number of missing data patterns            61


COVARIANCE COVERAGE OF DATA

Minimum covariance coverage value   0.100


     PROPORTION OF DATA PRESENT


           Covariance Coverage
              P1            P2            P3            P5            P6
              ________      ________      ________      ________      ________
 P1             0.783
 P2             0.579         0.669
 P3             0.547         0.577         0.635
 P5             0.431         0.431         0.440         0.608
 P6             0.341         0.353         0.358         0.479         0.511
 P7             0.277         0.299         0.311         0.421         0.426
 C1             0.710         0.523         0.494         0.389         0.299
 C2             0.591         0.669         0.584         0.436         0.358
 C3             0.560         0.584         0.635         0.445         0.360
 C5             0.462         0.465         0.472         0.608         0.496
 C6             0.360         0.370         0.375         0.491         0.511
 C7             0.280         0.302         0.314         0.423         0.428
 DIABETE        0.783         0.669         0.635         0.608         0.511
 EVERSMOK       0.783         0.669         0.635         0.608         0.511
 CHD            0.783         0.669         0.635         0.608         0.511
 BAGE           0.783         0.669         0.635         0.608         0.511
 CEDUC          0.783         0.669         0.635         0.608         0.511
 HEIGHT         0.783         0.669         0.635         0.608         0.511


           Covariance Coverage
              P7            C1            C2            C3            C5
              ________      ________      ________      ________      ________
 P7             0.443
 C1             0.246         0.720
 C2             0.304         0.538         0.684
 C3             0.314         0.506         0.596         0.647
 C5             0.440         0.418         0.470         0.477         0.645
 C6             0.440         0.319         0.375         0.377         0.516
 C7             0.443         0.248         0.307         0.316         0.443
 DIABETE        0.443         0.720         0.684         0.647         0.645
 EVERSMOK       0.443         0.720         0.684         0.647         0.645
 CHD            0.443         0.720         0.684         0.647         0.645
 BAGE           0.443         0.720         0.684         0.647         0.645
 CEDUC          0.443         0.720         0.684         0.647         0.645
 HEIGHT         0.443         0.720         0.684         0.647         0.645


           Covariance Coverage
              C6            C7            DIABETE       EVERSMOK      CHD
              ________      ________      ________      ________      ________
 C6             0.530
 C7             0.443         0.445
 DIABETE        0.530         0.445         1.000
 EVERSMOK       0.530         0.445         1.000         1.000
 CHD            0.530         0.445         1.000         1.000         1.000
 BAGE           0.530         0.445         1.000         1.000         1.000
 CEDUC          0.530         0.445         1.000         1.000         1.000
 HEIGHT         0.530         0.445         1.000         1.000         1.000


           Covariance Coverage
              BAGE          CEDUC         HEIGHT
              ________      ________      ________
 BAGE           1.000
 CEDUC          1.000         1.000
 HEIGHT         1.000         1.000         1.000


SAMPLE STATISTICS


     ESTIMATED SAMPLE STATISTICS


           Means
              P1            P2            P3            P5            P6
              ________      ________      ________      ________      ________
 1             22.694        21.174        20.887        17.391        12.480


           Means
              P7            C1            C2            C3            C5
              ________      ________      ________      ________      ________
 1             15.903        28.004        28.118        27.467        25.850


           Means
              C6            C7            DIABETE       EVERSMOK      CHD
              ________      ________      ________      ________      ________
 1             24.873        24.110         0.032         0.316         0.112


           Means
              BAGE          CEDUC         HEIGHT
              ________      ________      ________
 1             -5.973         0.516         1.954


           Covariances
              P1            P2            P3            P5            P6
              ________      ________      ________      ________      ________
 P1            42.734
 P2            26.352        37.106
 P3            25.394        28.536        40.441
 P5            22.744        27.474        26.376        79.534
 P6            24.339        29.253        30.578        52.134        54.198
 P7            31.366        32.495        35.558        32.256        37.003
 C1             1.930         2.557         2.418         1.085         3.795
 C2             2.134         2.419         2.545         1.740         3.081
 C3             3.487         4.239         4.715         2.127         5.626
 C5             7.122         8.753         8.729        11.341        10.427
 C6             7.603         9.989        11.241        15.757        16.899
 C7            11.352        14.714        16.063        15.601        19.538
 DIABETE       -0.068        -0.193        -0.123        -0.359        -0.299
 EVERSMOK       0.233         0.361         0.377         0.389         0.558
 CHD           -0.369        -0.415        -0.341        -0.481        -0.474
 BAGE         -18.890       -26.767       -30.154       -36.040       -38.212
 CEDUC          0.619         1.050         1.348         1.521         1.501
 HEIGHT         8.536        10.796        12.708         9.204        11.096


           Covariances
              P7            C1            C2            C3            C5
              ________      ________      ________      ________      ________
 P7            65.234
 C1             3.083         3.714
 C2             2.565         1.883         2.864
 C3             4.673         2.655         3.295         7.915
 C5             8.931         2.609         2.977         5.968        15.229
 C6            11.137         3.898         5.570        10.550        16.831
 C7            21.984         4.756         6.053        10.608        17.265
 DIABETE       -0.033        -0.055        -0.008        -0.005        -0.039
 EVERSMOK       0.462         0.035         0.071         0.144         0.221
 CHD           -0.287        -0.048        -0.040        -0.108        -0.071
 BAGE         -37.989        -5.345        -4.301        -9.654       -17.954
 CEDUC          1.306         0.384         0.232         0.389         0.692
 HEIGHT        16.749         1.114         0.951         1.548         3.581


           Covariances
              C6            C7            DIABETE       EVERSMOK      CHD
              ________      ________      ________      ________      ________
 C6            28.032
 C7            25.593        34.037
 DIABETE       -0.105         0.033         0.031
 EVERSMOK       0.359         0.426        -0.005         0.216
 CHD           -0.215        -0.186         0.001        -0.006         0.099
 BAGE         -25.132       -35.142         0.196        -0.704         0.521
 CEDUC          1.042         1.146        -0.011         0.029        -0.021
 HEIGHT         5.356         9.322         0.004         0.229        -0.126


           Covariances
              BAGE          CEDUC         HEIGHT
              ________      ________      ________
 BAGE          82.591
 CEDUC         -2.050         0.610
 HEIGHT       -15.923         1.094        36.351


           Correlations
              P1            P2            P3            P5            P6
              ________      ________      ________      ________      ________
 P1             1.000
 P2             0.662         1.000
 P3             0.611         0.737         1.000
 P5             0.390         0.506         0.465         1.000
 P6             0.506         0.652         0.653         0.794         1.000
 P7             0.594         0.660         0.692         0.448         0.622
 C1             0.153         0.218         0.197         0.063         0.268
 C2             0.193         0.235         0.237         0.115         0.247
 C3             0.190         0.247         0.264         0.085         0.272
 C5             0.279         0.368         0.352         0.326         0.363
 C6             0.220         0.310         0.334         0.334         0.434
 C7             0.298         0.414         0.433         0.300         0.455
 DIABETE       -0.060        -0.181        -0.111        -0.230        -0.232
 EVERSMOK       0.076         0.128         0.127         0.094         0.163
 CHD           -0.179        -0.216        -0.170        -0.171        -0.204
 BAGE          -0.318        -0.484        -0.522        -0.445        -0.571
 CEDUC          0.121         0.221         0.271         0.218         0.261
 HEIGHT         0.217         0.294         0.331         0.171         0.250


           Correlations
              P7            C1            C2            C3            C5
              ________      ________      ________      ________      ________
 P7             1.000
 C1             0.198         1.000
 C2             0.188         0.577         1.000
 C3             0.206         0.490         0.692         1.000
 C5             0.283         0.347         0.451         0.544         1.000
 C6             0.260         0.382         0.622         0.708         0.815
 C7             0.467         0.423         0.613         0.646         0.758
 DIABETE       -0.023        -0.162        -0.027        -0.011        -0.057
 EVERSMOK       0.123         0.039         0.090         0.110         0.122
 CHD           -0.113        -0.079        -0.075        -0.122        -0.058
 BAGE          -0.518        -0.305        -0.280        -0.378        -0.506
 CEDUC          0.207         0.255         0.175         0.177         0.227
 HEIGHT         0.344         0.096         0.093         0.091         0.152


           Correlations
              C6            C7            DIABETE       EVERSMOK      CHD
              ________      ________      ________      ________      ________
 C6             1.000
 C7             0.829         1.000
 DIABETE       -0.113         0.033         1.000
 EVERSMOK       0.146         0.157        -0.063         1.000
 CHD           -0.129        -0.101         0.024        -0.042         1.000
 BAGE          -0.522        -0.663         0.123        -0.167         0.182
 CEDUC          0.252         0.252        -0.084         0.080        -0.086
 HEIGHT         0.168         0.265         0.004         0.082        -0.066


           Correlations
              BAGE          CEDUC         HEIGHT
              ________      ________      ________
 BAGE           1.000
 CEDUC         -0.289         1.000
 HEIGHT        -0.291         0.232         1.000


     MAXIMUM LOG-LIKELIHOOD VALUE FOR THE UNRESTRICTED (H1) MODEL IS -11247.387


UNIVARIATE SAMPLE STATISTICS


     UNIVARIATE HIGHER-ORDER MOMENT DESCRIPTIVE STATISTICS

         Variable/         Mean/     Skewness/   Minimum/ % with                Percentiles
        Sample Size      Variance    Kurtosis    Maximum  Min/Max      20%/60%    40%/80%    Median

     P1                   22.009      -0.234       0.000    0.62%      17.000     21.000     22.000
             322.000      38.755       0.779      45.000    0.31%      24.000     27.000
     P2                   21.185       0.097       6.000    0.36%      16.000     20.000     21.000
             275.000      34.478      -0.112      38.000    0.36%      22.000     26.000
     P3                   20.916       0.328       6.000    0.38%      16.000     19.000     21.000
             261.000      37.326       0.357      43.000    0.38%      22.000     26.000
     P5                   19.055       0.365       0.000    0.40%      12.000     17.000     18.500
             250.000      73.465       0.000      49.000    0.40%      21.000     26.000
     P6                   15.110       0.486       1.000    0.95%      10.000     13.000     14.000
             210.000      45.221       0.245      37.000    0.48%      16.000     21.000
     P7                   18.187      -0.066       0.000    2.75%      12.000     16.000     18.000
             182.000      59.690       0.184      40.000    0.55%      20.000     24.000
     C1                   27.804      -1.134      21.000    0.34%      26.000     28.000     28.000
             296.000       3.658       0.628      30.000   13.18%      29.000     29.000
     C2                   28.132      -1.841      19.000    0.36%      27.000     28.000     29.000
             281.000       2.712       4.754      30.000   12.46%      29.000     29.000
     C3                   27.526      -4.112       5.000    0.38%      26.000     28.000     28.000
             266.000       7.287      26.098      30.000   12.78%      28.000     29.000
     C5                   26.758      -2.337       8.000    0.38%      25.000     27.000     28.000
             265.000      11.376       7.534      30.000   12.83%      28.000     29.000
     C6                   26.927      -3.635       4.000    0.92%      25.000     27.000     28.000
             218.000      13.628      17.772      30.000   13.30%      28.000     29.000
     C7                   26.962      -2.301       9.000    0.55%      26.000     27.000     28.000
             183.000      12.999       6.474      30.000   19.67%      29.000     29.000
     DIABETE               0.032       5.352       0.000   96.84%       0.000      0.000      0.000
             411.000       0.031      26.648       1.000    3.16%       0.000      0.000
     EVERSMOKE             0.316       0.790       0.000   68.37%       0.000      0.000      0.000
             411.000       0.216      -1.376       1.000   31.63%       0.000      1.000
     CHD                   0.112       2.462       0.000   88.81%       0.000      0.000      0.000
             411.000       0.099       4.061       1.000   11.19%       0.000      0.000
     BAGE                 -5.973       0.055     -30.239    0.24%     -14.755     -9.239     -6.186
             411.000      82.591      -0.640      17.984    0.24%      -3.336      2.097
     CEDUC                 0.516       1.695       0.000   61.56%       0.000      0.000      0.000
             411.000       0.610       2.589       3.000    4.87%       0.000      1.000
     HEIGHT                1.954      -0.102     -16.000    0.24%      -3.000      1.000      2.000
             411.000      36.351      -0.209      19.000    0.24%       3.000      7.000


THE MODEL ESTIMATION TERMINATED NORMALLY



MODEL FIT INFORMATION

Number of Free Parameters                       41

Loglikelihood

          H0 Value                       -8085.058

Information Criteria

          Akaike (AIC)                   16252.117
          Bayesian (BIC)                 16416.879
          Sample-Size Adjusted BIC       16286.778
            (n* = (n + 2) / 24)



MODEL RESULTS

                                                    Two-Tailed
                    Estimate       S.E.  Est./S.E.    P-Value

 IP         ON
    BAGE              -0.192      0.034     -5.555      0.000
    CEDUC              0.304      0.389      0.780      0.435
    HEIGHT             0.151      0.053      2.830      0.005
    DIABETE           -1.106      1.836     -0.602      0.547
    EVERSMOKE          0.264      0.625      0.422      0.673
    CHD               -2.213      0.806     -2.746      0.006

 SP         ON
    BAGE              -0.013      0.003     -3.709      0.000
    CEDUC              0.023      0.033      0.701      0.484
    HEIGHT             0.000      0.004     -0.051      0.959
    DIABETE           -0.434      0.306     -1.417      0.156
    EVERSMOKE          0.026      0.054      0.481      0.630
    CHD                0.018      0.072      0.248      0.804

 IC         ON
    BAGE              -0.031      0.012     -2.565      0.010
    CEDUC              0.322      0.185      1.742      0.082
    HEIGHT            -0.013      0.020     -0.641      0.522
    DIABETE           -0.738      0.514     -1.437      0.151
    EVERSMOKE         -0.062      0.262     -0.237      0.813
    CHD               -0.085      0.260     -0.327      0.744

 SC         ON
    BAGE              -0.014      0.002     -5.525      0.000
    CEDUC              0.008      0.029      0.266      0.791
    HEIGHT             0.002      0.003      0.622      0.534
    DIABETE            0.139      0.112      1.241      0.215
    EVERSMOKE          0.039      0.040      0.977      0.329
    CHD                0.017      0.048      0.346      0.729

 IP       WITH
    SP                 0.064      0.138      0.462      0.644
    IC                 0.182      0.632      0.287      0.774
    SC                 0.106      0.093      1.140      0.254

 SP       WITH
    IC                -0.042      0.059     -0.705      0.481
    SC                 0.008      0.009      0.959      0.337

 IC       WITH
    SC                 0.060      0.019      3.111      0.002

 P1       WITH
    C1                 1.081      0.302      3.577      0.000

 P2       WITH
    C2                 1.081      0.302      3.577      0.000

 P3       WITH
    C3                 1.081      0.302      3.577      0.000

 P5       WITH
    C5                 1.081      0.302      3.577      0.000

 P6       WITH
    C6                 1.081      0.302      3.577      0.000

 P7       WITH
    C7                 1.081      0.302      3.577      0.000

 Intercepts
    P1                 0.000      0.000    999.000    999.000
    P2                 0.000      0.000    999.000    999.000
    P3                 0.000      0.000    999.000    999.000
    P5                 0.000      0.000    999.000    999.000
    P6                 0.000      0.000    999.000    999.000
    P7                 0.000      0.000    999.000    999.000
    C1                 0.000      0.000    999.000    999.000
    C2                 0.000      0.000    999.000    999.000
    C3                 0.000      0.000    999.000    999.000
    C5                 0.000      0.000    999.000    999.000
    C6                 0.000      0.000    999.000    999.000
    C7                 0.000      0.000    999.000    999.000
    IP                21.472      0.446     48.152      0.000
    SP                -0.569      0.046    -12.236      0.000
    IC                28.049      0.137    204.917      0.000
    SC                -0.289      0.026    -11.035      0.000

 Residual Variances
    P1                21.569      1.051     20.518      0.000
    P2                21.569      1.051     20.518      0.000
    P3                21.569      1.051     20.518      0.000
    P5                21.569      1.051     20.518      0.000
    P6                21.569      1.051     20.518      0.000
    P7                21.569      1.051     20.518      0.000
    C1                 3.134      0.086     36.393      0.000
    C2                 3.134      0.086     36.393      0.000
    C3                 3.134      0.086     36.393      0.000
    C5                 3.134      0.086     36.393      0.000
    C6                 3.134      0.086     36.393      0.000
    C7                 3.134      0.086     36.393      0.000
    IP                13.776      2.400      5.740      0.000
    SP                 0.022      0.012      1.883      0.060
    IC                 0.770      0.232      3.317      0.001
    SC                 0.037      0.004      8.468      0.000

New/Additional Parameters
    R_IPIC             0.056      0.192      0.291      0.771
    R_SPSC             0.293      0.279      1.050      0.294
    R_RES_PC           0.131      0.037      3.566      0.000


QUALITY OF NUMERICAL RESULTS

     Condition Number for the Information Matrix              0.594E-06
       (ratio of smallest to largest eigenvalue)


CONFIDENCE INTERVALS OF MODEL RESULTS

                  Lower .5%  Lower 2.5%    Lower 5%    Estimate    Upper 5%  Upper 2.5%   Upper .5%

 IP       ON
    BAGE            -0.280      -0.259      -0.248      -0.192      -0.135      -0.124      -0.103
    CEDUC           -0.699      -0.459      -0.337       0.304       0.944       1.067       1.307
    HEIGHT           0.014       0.047       0.063       0.151       0.239       0.256       0.289
    DIABETE         -5.836      -4.705      -4.127      -1.106       1.915       2.493       3.624
    EVERSMOKE       -1.347      -0.962      -0.765       0.264       1.293       1.490       1.875
    CHD             -4.289      -3.792      -3.539      -2.213      -0.888      -0.634      -0.138

 SP       ON
    BAGE            -0.021      -0.019      -0.018      -0.013      -0.007      -0.006      -0.004
    CEDUC           -0.062      -0.041      -0.031       0.023       0.077       0.087       0.108
    HEIGHT          -0.012      -0.009      -0.008       0.000       0.007       0.009       0.011
    DIABETE         -1.222      -1.033      -0.937      -0.434       0.070       0.166       0.354
    EVERSMOKE       -0.112      -0.079      -0.062       0.026       0.114       0.131       0.164
    CHD             -0.167      -0.123      -0.100       0.018       0.136       0.158       0.202

 IC       ON
    BAGE            -0.062      -0.055      -0.051      -0.031      -0.011      -0.007       0.000
    CEDUC           -0.154      -0.040       0.018       0.322       0.625       0.684       0.797
    HEIGHT          -0.063      -0.051      -0.045      -0.013       0.020       0.026       0.038
    DIABETE         -2.062      -1.745      -1.583      -0.738       0.107       0.269       0.585
    EVERSMOKE       -0.737      -0.575      -0.493      -0.062       0.369       0.451       0.613
    CHD             -0.755      -0.595      -0.513      -0.085       0.343       0.424       0.585

 SC       ON
    BAGE            -0.020      -0.019      -0.018      -0.014      -0.010      -0.009      -0.007
    CEDUC           -0.067      -0.049      -0.040       0.008       0.055       0.065       0.082
    HEIGHT          -0.006      -0.004      -0.003       0.002       0.007       0.008       0.009
    DIABETE         -0.149      -0.081      -0.045       0.139       0.323       0.358       0.427
    EVERSMOKE       -0.064      -0.039      -0.027       0.039       0.105       0.117       0.142
    CHD             -0.106      -0.077      -0.062       0.017       0.095       0.110       0.139

 IP       WITH
    SP              -0.292      -0.207      -0.163       0.064       0.290       0.334       0.419
    IC              -1.446      -1.057      -0.858       0.182       1.221       1.420       1.809
    SC              -0.133      -0.076      -0.047       0.106       0.258       0.287       0.344

 SP       WITH
    IC              -0.194      -0.158      -0.139      -0.042       0.056       0.074       0.111
    SC              -0.014      -0.009      -0.006       0.008       0.023       0.026       0.031

 IC       WITH
    SC               0.010       0.022       0.028       0.060       0.092       0.098       0.110

 P1       WITH
    C1               0.302       0.488       0.584       1.081       1.578       1.673       1.859

 P2       WITH
    C2               0.302       0.488       0.584       1.081       1.578       1.673       1.859

 P3       WITH
    C3               0.302       0.488       0.584       1.081       1.578       1.673       1.859

 P5       WITH
    C5               0.302       0.488       0.584       1.081       1.578       1.673       1.859

 P6       WITH
    C6               0.302       0.488       0.584       1.081       1.578       1.673       1.859

 P7       WITH
    C7               0.302       0.488       0.584       1.081       1.578       1.673       1.859

 Intercepts
    P1               0.000       0.000       0.000       0.000       0.000       0.000       0.000
    P2               0.000       0.000       0.000       0.000       0.000       0.000       0.000
    P3               0.000       0.000       0.000       0.000       0.000       0.000       0.000
    P5               0.000       0.000       0.000       0.000       0.000       0.000       0.000
    P6               0.000       0.000       0.000       0.000       0.000       0.000       0.000
    P7               0.000       0.000       0.000       0.000       0.000       0.000       0.000
    C1               0.000       0.000       0.000       0.000       0.000       0.000       0.000
    C2               0.000       0.000       0.000       0.000       0.000       0.000       0.000
    C3               0.000       0.000       0.000       0.000       0.000       0.000       0.000
    C5               0.000       0.000       0.000       0.000       0.000       0.000       0.000
    C6               0.000       0.000       0.000       0.000       0.000       0.000       0.000
    C7               0.000       0.000       0.000       0.000       0.000       0.000       0.000
    IP              20.324      20.598      20.739      21.472      22.206      22.346      22.621
    SP              -0.688      -0.660      -0.645      -0.569      -0.492      -0.478      -0.449
    IC              27.696      27.780      27.823      28.049      28.274      28.317      28.401
    SC              -0.356      -0.340      -0.332      -0.289      -0.246      -0.237      -0.221

 Residual Variances
    P1              18.862      19.509      19.840      21.569      23.299      23.630      24.277
    P2              18.862      19.509      19.840      21.569      23.299      23.630      24.277
    P3              18.862      19.509      19.840      21.569      23.299      23.630      24.277
    P5              18.862      19.509      19.840      21.569      23.299      23.630      24.277
    P6              18.862      19.509      19.840      21.569      23.299      23.630      24.277
    P7              18.862      19.509      19.840      21.569      23.299      23.630      24.277
    C1               2.912       2.965       2.992       3.134       3.276       3.303       3.356
    C2               2.912       2.965       2.992       3.134       3.276       3.303       3.356
    C3               2.912       2.965       2.992       3.134       3.276       3.303       3.356
    C5               2.912       2.965       2.992       3.134       3.276       3.303       3.356
    C6               2.912       2.965       2.992       3.134       3.276       3.303       3.356
    C7               2.912       2.965       2.992       3.134       3.276       3.303       3.356
    IP               7.594       9.072       9.828      13.776      17.724      18.480      19.958
    SP              -0.008      -0.001       0.003       0.022       0.041       0.045       0.052
    IC               0.172       0.315       0.388       0.770       1.151       1.224       1.367
    SC               0.026       0.029       0.030       0.037       0.045       0.046       0.049

New/Additional Parameters
    R_IPIC          -0.438      -0.320      -0.259       0.056       0.371       0.431       0.549
    R_SPSC          -0.426      -0.254      -0.166       0.293       0.752       0.840       1.012
    R_RES_PC         0.037       0.059       0.071       0.131       0.192       0.204       0.226


SAMPLE STATISTICS FOR ESTIMATED FACTOR SCORES


     SAMPLE STATISTICS


           Means
              IP            IP_SE         SP            SP_SE         IC
              ________      ________      ________      ________      ________
 1             22.870         2.240        -0.486         0.132        28.322


           Means
              IC_SE         SC            SC_SE
              ________      ________      ________
 1              0.664        -0.181         0.107


           Covariances
              IP            IP_SE         SP            SP_SE         IC
              ________      ________      ________      ________      ________
 IP            15.115
 IP_SE         -0.205         0.121
 SP             0.434        -0.008         0.028
 SP_SE         -0.014         0.003        -0.001         0.000
 IC             0.791        -0.072         0.051        -0.003         0.525
 IC_SE         -0.016         0.018         0.000         0.000        -0.006
 SC             0.393        -0.015         0.018        -0.001         0.108
 SC_SE         -0.060         0.011        -0.003         0.000        -0.014


           Covariances
              IC_SE         SC            SC_SE
              ________      ________      ________
 IC_SE          0.003
 SC            -0.001         0.041
 SC_SE          0.002        -0.003         0.002


           Correlations
              IP            IP_SE         SP            SP_SE         IC
              ________      ________      ________      ________      ________
 IP             1.000
 IP_SE         -0.151         1.000
 SP             0.672        -0.135         1.000
 SP_SE         -0.327         0.683        -0.428         1.000
 IC             0.281        -0.284         0.423        -0.429         1.000
 IC_SE         -0.074         0.918        -0.032         0.575        -0.151
 SC             0.498        -0.216         0.548        -0.411         0.737
 SC_SE         -0.335         0.701        -0.402         0.958        -0.418


           Correlations
              IC_SE         SC            SC_SE
              ________      ________      ________
 IC_SE          1.000
 SC            -0.087         1.000
 SC_SE          0.626        -0.372         1.000


PLOT INFORMATION

The following plots are available:

  Histograms (sample values, estimated factor scores)
  Scatterplots (sample values, estimated factor scores)
  Latent variable distribution plots

SAVEDATA INFORMATION


  Save file
    SATSASlopes_f_grip_mmse

  Order and format of variables

    P1             F10.3
    P2             F10.3
    P3             F10.3
    P5             F10.3
    P6             F10.3
    P7             F10.3
    C1             F10.3
    C2             F10.3
    C3             F10.3
    C5             F10.3
    C6             F10.3
    C7             F10.3
    DIABETE        F10.3
    EVERSMOK       F10.3
    CHD            F10.3
    BAGE           F10.3
    CEDUC          F10.3
    HEIGHT         F10.3
    TIME1          F10.3
    TIME2          F10.3
    TIME3          F10.3
    TIME5          F10.3
    TIME6          F10.3
    TIME7          F10.3
    IP             F10.3
    IP_SE          F10.3
    SP             F10.3
    SP_SE          F10.3
    IC             F10.3
    IC_SE          F10.3
    SC             F10.3
    SC_SE          F10.3

  Save file format
    32F10.3

  Save file record length    10000


     Beginning Time:  10:56:50
        Ending Time:  10:56:52
       Elapsed Time:  00:00:02



MUTHEN & MUTHEN
3463 Stoner Ave.
Los Angeles, CA  90066

Tel: (310) 391-9971
Fax: (310) 391-8971
Web: www.StatModel.com
Support: Support@StatModel.com

Copyright (c) 1998-2015 Muthen & Muthen
