Mplus VERSION 7.4 (Mac)
MUTHEN & MUTHEN
11/14/2016  10:56 AM

INPUT INSTRUCTIONS

  TITLE: grip - MMSE - male - age & education & height & diab & smoke & cardio

  DATA:  File = satsa.dat;

  VARIABLE: Names are
  twinnr pairid sex01 przygup rear iage1-iage7 intakeage time1-time7 dem1-dem7
  s_demen_onset
  htcm wtkg qualc depr cv chd sumill eversmoke diabete
  marital msgroup sesobj educ edugr
  fev1_1-fev1_7 ht_1-ht_7 grip1-grip7 gait2-gait7
  stupt_2-stupt_7 stuprt_2-stuprt_7
  idigf_r1-idigf_r7 idigb_r1-idigb_r7 ibloc_r1-ibloc_r7 ithur_r1-ithur_r7
  isynm_r1-isynm_r7 iinfo_r1-iinfo_r7 ianal_r1-ianal_r7 irota_r1-irota_r7
  ifigi_r1-ifigi_r7 isymd_r1-isymd_r7 mmse7_1-mmse7_7
  tverb1-tverb7 tspat1-tspat7 tmemo1-tmemo7 tsped1-tsped7 tpcom1-tpcom7;

         MISSING are .;
         USEVAR are  diabete eversmoke chd time1 time2 time3  time5 time6 time7
                     p1 p2 p3  p5 p6 p7
                     c1 c2 c3  c5 c6 c7
                     Bage ceduc height;
         TSCORES =   time1 time2 time3   time5 time6 time7;

         USEOBSERVATIONS are  sex01 EQ 0; !0 = male;

  Define: p1=grip1; p2=grip2; p3=grip3; p5=grip5; p6=grip6; p7=grip7;
          c1=mmse7_1; c2=mmse7_2; c3=mmse7_3; c5=mmse7_5; c6=mmse7_6; c7=mmse7_7;

          Bage=intakeage-70;   !Centered at Age 70
          !Bagesq=(intakeage-70)**2;

          Sex=0;         !0=Male
          cEduc=educ-1;     ! center at 1 as most equivalent to 7 years
          !SEP=SESgrp;
          !Marstat;
          Height=htcm-172;  !center at 172 for males and 160 for females
          !Weight
          !BMI
          !SmokHist=Smoke;
          !Alcohol;
          !CompExp;
          !PhysAct;
          !BP;
          !DepSymp;
          !Cardio;
          !Diab;
          !MorbInd;

          !BageSex=Bage*Sex;
          !BageEduc=Bage*Educ;
          !SexEduc=Sex*Educ;

  ANALYSIS: TYPE = RANDOM;
  	estimator=mlf;

  MODEL:  ip sp | p1 p2 p3 p5 p6 p7 at time1 time2 time3 time5 time6 time7;
          ic sc | c1 c2 c3 c5 c6 c7 at time1 time2 time3 time5 time6 time7;

          ip sp ic sc ON Bage ceduc height diabete eversmoke chd;

          p1-p7 (res_p);
          c1-c7 (res_c);

          p1 p2 p3 p5 p6 p7 pwith c1 c2 c3 c5 c6 c7(res_cov);

          ip (v_ip); ! v - variance
          sp (v_sp);
          ic (v_ic);
          sc (v_sc);
          ip WITH sp (c_ipsp); ! c - covariance
          ip WITH ic (c_ipic);
          ip WITH sc (c_ipsc);
          sp WITH ic (c_spic);
          sp WITH sc (c_spsc);
          ic WITH sc (c_icsc);

  MODEL CONSTRAINT:

          NEW r_ipic;
          NEW r_spsc;
          NEW r_res_pc;

          r_ipic = c_ipic/((v_ip**0.5)*(v_ic**0.5));
          r_spsc = c_spsc/((v_sp**0.5)*(v_sc**0.5));
          r_res_pc = res_cov/((res_p**0.5)*(res_c**0.5));

  OUTPUT: sampstat Cinterval;

  PLOT: Type is Plot1 Plot2 Plot3;

  SAVEDATA:

          FILE IS   SATSASlopes_m_grip_mmse;
          SAVE = FSCORES;






*** WARNING in VARIABLE command
  Note that only the first 8 characters of variable names are used in the output.
  Shorten variable names to avoid any confusion.
*** WARNING in PLOT command
  Note that only the first 8 characters of variable names are used in plots.
  If variable names are not unique within the first 8 characters, problems
  may occur.
*** WARNING
  Data set contains cases with missing on x-variables.
  These cases were not included in the analysis.
  Number of cases with missing on x-variables:  47
   3 WARNING(S) FOUND IN THE INPUT INSTRUCTIONS



grip - MMSE - male - age & education & height & diab & smoke & cardio

SUMMARY OF ANALYSIS

Number of groups                                                 1
Number of observations                                         299

Number of dependent variables                                   12
Number of independent variables                                  6
Number of continuous latent variables                            4

Observed dependent variables

  Continuous
   P1          P2          P3          P5          P6          P7
   C1          C2          C3          C5          C6          C7

Observed independent variables
   DIABETE     EVERSMOK    CHD         BAGE        CEDUC       HEIGHT

Continuous latent variables
   IP          SP          IC          SC

Variables with special functions

  Time scores
   TIME1       TIME2       TIME3       TIME5       TIME6       TIME7


Estimator                                                      MLF
Information matrix                                        OBSERVED
Maximum number of iterations                                   100
Convergence criterion                                    0.100D-05
Maximum number of EM iterations                                500
Convergence criteria for the EM algorithm
  Loglikelihood change                                   0.100D-02
  Relative loglikelihood change                          0.100D-05
  Derivative                                             0.100D-03
Minimum variance                                         0.100D-03
Maximum number of steepest descent iterations                   20
Maximum number of iterations for H1                           2000
Convergence criterion for H1                             0.100D-03
Optimization algorithm                                         EMA

Input data file(s)
  satsa.dat
Input data format  FREE


SUMMARY OF DATA

     Number of missing data patterns            46


COVARIANCE COVERAGE OF DATA

Minimum covariance coverage value   0.100


     PROPORTION OF DATA PRESENT


           Covariance Coverage
              P1            P2            P3            P5            P6
              ________      ________      ________      ________      ________
 P1             0.719
 P2             0.582         0.702
 P3             0.525         0.609         0.666
 P5             0.318         0.411         0.438         0.575
 P6             0.271         0.351         0.361         0.472         0.495
 P7             0.204         0.284         0.301         0.405         0.405
 C1             0.672         0.545         0.495         0.291         0.244
 C2             0.589         0.702         0.615         0.415         0.351
 C3             0.528         0.612         0.666         0.438         0.361
 C5             0.334         0.428         0.455         0.575         0.478
 C6             0.278         0.358         0.368         0.478         0.495
 C7             0.214         0.298         0.314         0.421         0.421
 DIABETE        0.719         0.702         0.666         0.575         0.495
 EVERSMOK       0.719         0.702         0.666         0.575         0.495
 CHD            0.719         0.702         0.666         0.575         0.495
 BAGE           0.719         0.702         0.666         0.575         0.495
 CEDUC          0.719         0.702         0.666         0.575         0.495
 HEIGHT         0.719         0.702         0.666         0.575         0.495


           Covariance Coverage
              P7            C1            C2            C3            C5
              ________      ________      ________      ________      ________
 P7             0.421
 C1             0.181         0.676
 C2             0.284         0.552         0.709
 C3             0.301         0.498         0.619         0.669
 C5             0.411         0.304         0.431         0.455         0.592
 C6             0.408         0.251         0.358         0.368         0.485
 C7             0.421         0.187         0.298         0.314         0.428
 DIABETE        0.421         0.676         0.709         0.669         0.592
 EVERSMOK       0.421         0.676         0.709         0.669         0.592
 CHD            0.421         0.676         0.709         0.669         0.592
 BAGE           0.421         0.676         0.709         0.669         0.592
 CEDUC          0.421         0.676         0.709         0.669         0.592
 HEIGHT         0.421         0.676         0.709         0.669         0.592


           Covariance Coverage
              C6            C7            DIABETE       EVERSMOK      CHD
              ________      ________      ________      ________      ________
 C6             0.502
 C7             0.425         0.438
 DIABETE        0.502         0.438         1.000
 EVERSMOK       0.502         0.438         1.000         1.000
 CHD            0.502         0.438         1.000         1.000         1.000
 BAGE           0.502         0.438         1.000         1.000         1.000
 CEDUC          0.502         0.438         1.000         1.000         1.000
 HEIGHT         0.502         0.438         1.000         1.000         1.000


           Covariance Coverage
              BAGE          CEDUC         HEIGHT
              ________      ________      ________
 BAGE           1.000
 CEDUC          1.000         1.000
 HEIGHT         1.000         1.000         1.000


SAMPLE STATISTICS


     ESTIMATED SAMPLE STATISTICS


           Means
              P1            P2            P3            P5            P6
              ________      ________      ________      ________      ________
 1             42.397        40.601        38.733        32.484        26.707


           Means
              P7            C1            C2            C3            C5
              ________      ________      ________      ________      ________
 1             29.531        28.228        28.342        27.836        26.783


           Means
              C6            C7            DIABETE       EVERSMOK      CHD
              ________      ________      ________      ________      ________
 1             26.495        25.481         0.030         0.642         0.154


           Means
              BAGE          CEDUC         HEIGHT
              ________      ________      ________
 1             -7.261         0.706         3.749


           Covariances
              P1            P2            P3            P5            P6
              ________      ________      ________      ________      ________
 P1           110.398
 P2            74.085        95.833
 P3            74.750        75.100       100.176
 P5            85.482        85.212        81.582       159.487
 P6            87.688        86.129        90.494       125.388       137.640
 P7           107.105        95.854        98.655       113.027       121.559
 C1             8.812        10.631        11.662        10.959         9.639
 C2             6.495         7.983         7.612         8.672         7.869
 C3             8.406        10.118        11.014        11.420        11.108
 C5            12.336        14.118        13.659        19.480        16.223
 C6            15.017        14.980        13.941        23.119        19.150
 C7            23.416        22.297        20.657        30.144        27.743
 DIABETE       -0.139        -0.121        -0.306        -0.148        -0.228
 EVERSMOK       0.685         1.138         1.064         1.183         0.908
 CHD           -0.287        -0.236        -0.405         0.033        -0.325
 BAGE         -41.285       -42.466       -47.935       -57.203       -60.604
 CEDUC          0.778         1.751         1.304         1.180         0.758
 HEIGHT        22.695        25.230        26.919        23.138        22.587


           Covariances
              P7            C1            C2            C3            C5
              ________      ________      ________      ________      ________
 P7           176.193
 C1            13.088         5.119
 C2            10.054         2.770         2.954
 C3            13.206         3.467         2.871         4.879
 C5            17.905         4.104         3.004         4.189         7.700
 C6            21.554         4.380         3.191         4.519         6.850
 C7            35.321         5.385         4.260         5.909         9.218
 DIABETE       -0.049        -0.014        -0.002         0.004        -0.056
 EVERSMOK       1.058         0.269         0.160         0.240         0.120
 CHD           -0.397        -0.092        -0.076        -0.143        -0.100
 BAGE         -66.665        -8.000        -5.499        -7.788       -11.617
 CEDUC          1.405         0.545         0.417         0.511         0.529
 HEIGHT        32.861         4.077         3.911         4.513         4.372


           Covariances
              C6            C7            DIABETE       EVERSMOK      CHD
              ________      ________      ________      ________      ________
 C6             9.658
 C7            10.514        19.921
 DIABETE        0.078         0.084         0.029
 EVERSMOK       0.273         0.180        -0.003         0.230
 CHD           -0.069        -0.136         0.012        -0.008         0.130
 BAGE         -12.950       -20.864         0.165        -0.762         0.246
 CEDUC          0.751         0.759         0.002         0.012        -0.045
 HEIGHT         5.895         9.234         0.054         0.181        -0.152


           Covariances
              BAGE          CEDUC         HEIGHT
              ________      ________      ________
 BAGE          66.838
 CEDUC         -0.953         0.964
 HEIGHT       -15.960         1.391        40.027


           Correlations
              P1            P2            P3            P5            P6
              ________      ________      ________      ________      ________
 P1             1.000
 P2             0.720         1.000
 P3             0.711         0.766         1.000
 P5             0.644         0.689         0.645         1.000
 P6             0.711         0.750         0.771         0.846         1.000
 P7             0.768         0.738         0.743         0.674         0.781
 C1             0.371         0.480         0.515         0.384         0.363
 C2             0.360         0.475         0.443         0.400         0.390
 C3             0.362         0.468         0.498         0.409         0.429
 C5             0.423         0.520         0.492         0.556         0.498
 C6             0.460         0.492         0.448         0.589         0.525
 C7             0.499         0.510         0.462         0.535         0.530
 DIABETE       -0.077        -0.072        -0.179        -0.069        -0.114
 EVERSMOK       0.136         0.243         0.222         0.195         0.161
 CHD           -0.076        -0.067        -0.112         0.007        -0.077
 BAGE          -0.481        -0.531        -0.586        -0.554        -0.632
 CEDUC          0.075         0.182         0.133         0.095         0.066
 HEIGHT         0.341         0.407         0.425         0.290         0.304


           Correlations
              P7            C1            C2            C3            C5
              ________      ________      ________      ________      ________
 P7             1.000
 C1             0.436         1.000
 C2             0.441         0.712         1.000
 C3             0.450         0.694         0.756         1.000
 C5             0.486         0.654         0.630         0.683         1.000
 C6             0.523         0.623         0.597         0.658         0.794
 C7             0.596         0.533         0.555         0.599         0.744
 DIABETE       -0.021        -0.035        -0.007         0.010        -0.119
 EVERSMOK       0.166         0.248         0.195         0.227         0.090
 CHD           -0.083        -0.113        -0.123        -0.179        -0.100
 BAGE          -0.614        -0.433        -0.391        -0.431        -0.512
 CEDUC          0.108         0.245         0.247         0.236         0.194
 HEIGHT         0.391         0.285         0.360         0.323         0.249


           Correlations
              C6            C7            DIABETE       EVERSMOK      CHD
              ________      ________      ________      ________      ________
 C6             1.000
 C7             0.758         1.000
 DIABETE        0.148         0.111         1.000
 EVERSMOK       0.183         0.084        -0.032         1.000
 CHD           -0.061        -0.085         0.196        -0.049         1.000
 BAGE          -0.510        -0.572         0.118        -0.195         0.083
 CEDUC          0.246         0.173         0.013         0.025        -0.127
 HEIGHT         0.300         0.327         0.050         0.060        -0.067


           Correlations
              BAGE          CEDUC         HEIGHT
              ________      ________      ________
 BAGE           1.000
 CEDUC         -0.119         1.000
 HEIGHT        -0.309         0.224         1.000


     MAXIMUM LOG-LIKELIHOOD VALUE FOR THE UNRESTRICTED (H1) MODEL IS -8236.618


UNIVARIATE SAMPLE STATISTICS


     UNIVARIATE HIGHER-ORDER MOMENT DESCRIPTIVE STATISTICS

         Variable/         Mean/     Skewness/   Minimum/ % with                Percentiles
        Sample Size      Variance    Kurtosis    Maximum  Min/Max      20%/60%    40%/80%    Median

     P1                   40.060      -0.308       8.000    0.47%      33.000     38.000     41.000
             215.000      98.857       0.810      68.000    0.47%      43.000     47.000
     P2                   40.357       0.225      20.000    0.48%      34.000     37.000     40.000
             210.000      77.211       0.134      68.000    0.48%      43.000     47.000
     P3                   39.085       0.326      15.000    0.50%      32.000     38.000     40.000
             199.000      76.349       1.542      70.000    0.50%      41.000     45.000
     P5                   36.378       0.320       7.000    0.58%      27.000     33.000     35.000
             172.000     130.526       0.089      70.000    0.58%      38.000     46.000
     P6                   31.405       0.360       6.000    0.68%      23.000     29.000     31.000
             148.000     102.876       0.690      70.000    0.68%      34.000     39.000
     P7                   35.016       0.164       1.000    0.79%      25.000     32.000     35.500
             126.000     130.508       0.646      70.000    0.79%      38.000     43.000
     C1                   27.847      -3.062      12.000    0.50%      27.000     28.000     28.000
             202.000       5.189      14.214      30.000   11.88%      29.000     29.000
     C2                   28.396      -1.492      23.000    1.89%      28.000     28.000     29.000
             212.000       2.220       2.532      30.000   20.75%      29.000     30.000
     C3                   27.955      -1.612      20.000    1.00%      27.000     28.000     29.000
             200.000       3.883       2.698      30.000   16.50%      29.000     29.000
     C5                   27.576      -1.438      19.000    0.56%      26.000     28.000     28.000
             177.000       5.611       1.797      30.000   18.64%      29.000     29.000
     C6                   27.553      -1.719      17.000    0.67%      26.000     28.000     28.000
             150.000       6.260       3.354      30.000   18.00%      29.000     29.000
     C7                   27.374      -3.028       8.000    0.76%      26.000     28.000     28.000
             131.000      12.616      11.243      30.000   22.90%      29.000     30.000
     DIABETE               0.030       5.500       0.000   96.99%       0.000      0.000      0.000
             299.000       0.029      28.253       1.000    3.01%       0.000      0.000
     EVERSMOKE             0.642      -0.593       0.000   35.79%       0.000      1.000      1.000
             299.000       0.230      -1.648       1.000   64.21%       1.000      1.000
     CHD                   0.154       1.919       0.000   84.62%       0.000      0.000      0.000
             299.000       0.130       1.682       1.000   15.38%       0.000      0.000
     BAGE                 -7.261       0.145     -27.605    0.33%     -15.299     -8.997     -6.716
             299.000      66.838      -0.356      17.816    0.33%      -4.736     -0.339
     CEDUC                 0.706       1.188       0.000   58.19%       0.000      0.000      0.000
             299.000       0.964       0.176       3.000    9.03%       1.000      1.000
     HEIGHT                3.749       0.356     -10.000    0.33%      -2.000      1.000      2.000
             299.000      40.027      -0.295      22.000    0.33%       5.000     10.000


THE MODEL ESTIMATION TERMINATED NORMALLY



MODEL FIT INFORMATION

Number of Free Parameters                       41

Loglikelihood

          H0 Value                       -5808.248

Information Criteria

          Akaike (AIC)                   11698.497
          Bayesian (BIC)                 11850.215
          Sample-Size Adjusted BIC       11720.188
            (n* = (n + 2) / 24)



MODEL RESULTS

                                                    Two-Tailed
                    Estimate       S.E.  Est./S.E.    P-Value

 IP         ON
    BAGE              -0.473      0.061     -7.735      0.000
    CEDUC              0.074      0.559      0.132      0.895
    HEIGHT             0.368      0.088      4.201      0.000
    DIABETE           -2.454      5.161     -0.476      0.634
    EVERSMOKE          1.716      1.017      1.687      0.092
    CHD               -0.336      1.476     -0.228      0.820

 SP         ON
    BAGE              -0.020      0.006     -3.052      0.002
    CEDUC             -0.003      0.041     -0.077      0.938
    HEIGHT            -0.001      0.007     -0.221      0.825
    DIABETE           -0.230      0.354     -0.650      0.516
    EVERSMOKE          0.016      0.081      0.201      0.841
    CHD                0.046      0.098      0.463      0.643

 IC         ON
    BAGE              -0.067      0.018     -3.672      0.000
    CEDUC              0.295      0.180      1.638      0.101
    HEIGHT             0.055      0.026      2.097      0.036
    DIABETE            0.096      1.608      0.060      0.952
    EVERSMOKE          0.669      0.279      2.400      0.016
    CHD               -0.405      0.318     -1.272      0.204

 SC         ON
    BAGE              -0.006      0.002     -2.535      0.011
    CEDUC              0.004      0.015      0.268      0.788
    HEIGHT             0.000      0.003     -0.160      0.873
    DIABETE            0.085      0.180      0.472      0.637
    EVERSMOKE         -0.034      0.034     -1.021      0.307
    CHD                0.000      0.040      0.010      0.992

 IP       WITH
    SP                 0.299      0.379      0.790      0.429
    IC                 2.173      1.118      1.943      0.052
    SC                 0.160      0.129      1.242      0.214

 SP       WITH
    IC                 0.002      0.103      0.020      0.984
    SC                 0.008      0.008      1.012      0.312

 IC       WITH
    SC                -0.035      0.028     -1.240      0.215

 P1       WITH
    C1                 1.044      0.408      2.555      0.011

 P2       WITH
    C2                 1.044      0.408      2.555      0.011

 P3       WITH
    C3                 1.044      0.408      2.555      0.011

 P5       WITH
    C5                 1.044      0.408      2.555      0.011

 P6       WITH
    C6                 1.044      0.408      2.555      0.011

 P7       WITH
    C7                 1.044      0.408      2.555      0.011

 Intercepts
    P1                 0.000      0.000    999.000    999.000
    P2                 0.000      0.000    999.000    999.000
    P3                 0.000      0.000    999.000    999.000
    P5                 0.000      0.000    999.000    999.000
    P6                 0.000      0.000    999.000    999.000
    P7                 0.000      0.000    999.000    999.000
    C1                 0.000      0.000    999.000    999.000
    C2                 0.000      0.000    999.000    999.000
    C3                 0.000      0.000    999.000    999.000
    C5                 0.000      0.000    999.000    999.000
    C6                 0.000      0.000    999.000    999.000
    C7                 0.000      0.000    999.000    999.000
    IP                36.788      0.876     41.983      0.000
    SP                -0.945      0.086    -10.991      0.000
    IC                27.129      0.236    114.980      0.000
    SC                -0.139      0.029     -4.781      0.000

 Residual Variances
    P1                34.940      2.297     15.209      0.000
    P2                34.940      2.297     15.209      0.000
    P3                34.940      2.297     15.209      0.000
    P5                34.940      2.297     15.209      0.000
    P6                34.940      2.297     15.209      0.000
    P7                34.940      2.297     15.209      0.000
    C1                 1.876      0.077     24.310      0.000
    C2                 1.876      0.077     24.310      0.000
    C3                 1.876      0.077     24.310      0.000
    C5                 1.876      0.077     24.310      0.000
    C6                 1.876      0.077     24.310      0.000
    C7                 1.876      0.077     24.310      0.000
    IP                35.554      5.287      6.725      0.000
    SP                 0.041      0.033      1.236      0.217
    IC                 1.859      0.257      7.232      0.000
    SC                 0.014      0.003      4.511      0.000

New/Additional Parameters
    R_IPIC             0.267      0.129      2.078      0.038
    R_SPSC             0.335      0.303      1.107      0.268
    R_RES_PC           0.129      0.048      2.659      0.008


QUALITY OF NUMERICAL RESULTS

     Condition Number for the Information Matrix              0.407E-07
       (ratio of smallest to largest eigenvalue)


CONFIDENCE INTERVALS OF MODEL RESULTS

                  Lower .5%  Lower 2.5%    Lower 5%    Estimate    Upper 5%  Upper 2.5%   Upper .5%

 IP       ON
    BAGE            -0.630      -0.593      -0.573      -0.473      -0.372      -0.353      -0.315
    CEDUC           -1.367      -1.022      -0.846       0.074       0.994       1.170       1.514
    HEIGHT           0.142       0.196       0.224       0.368       0.512       0.539       0.593
    DIABETE        -15.747     -12.569     -10.943      -2.454       6.035       7.661      10.839
    EVERSMOKE       -0.905      -0.278       0.042       1.716       3.389       3.709       4.336
    CHD             -4.139      -3.230      -2.765      -0.336       2.092       2.557       3.467

 SP       ON
    BAGE            -0.036      -0.032      -0.030      -0.020      -0.009      -0.007      -0.003
    CEDUC           -0.108      -0.083      -0.070      -0.003       0.064       0.076       0.101
    HEIGHT          -0.019      -0.015      -0.013      -0.001       0.010       0.012       0.016
    DIABETE         -1.140      -0.923      -0.811      -0.230       0.352       0.463       0.681
    EVERSMOKE       -0.193      -0.143      -0.118       0.016       0.150       0.176       0.226
    CHD             -0.208      -0.147      -0.116       0.046       0.207       0.238       0.299

 IC       ON
    BAGE            -0.115      -0.103      -0.097      -0.067      -0.037      -0.031      -0.020
    CEDUC           -0.169      -0.058      -0.001       0.295       0.590       0.647       0.758
    HEIGHT          -0.012       0.004       0.012       0.055       0.098       0.106       0.122
    DIABETE         -4.047      -3.056      -2.550       0.096       2.742       3.249       4.239
    EVERSMOKE       -0.049       0.123       0.210       0.669       1.128       1.215       1.387
    CHD             -1.225      -1.029      -0.928      -0.405       0.119       0.219       0.415

 SC       ON
    BAGE            -0.013      -0.011      -0.010      -0.006      -0.002      -0.001       0.000
    CEDUC           -0.035      -0.026      -0.021       0.004       0.029       0.034       0.043
    HEIGHT          -0.007      -0.006      -0.005       0.000       0.004       0.005       0.007
    DIABETE         -0.379      -0.268      -0.212       0.085       0.382       0.438       0.549
    EVERSMOKE       -0.121      -0.101      -0.090      -0.034       0.021       0.032       0.053
    CHD             -0.103      -0.078      -0.066       0.000       0.066       0.079       0.104

 IP       WITH
    SP              -0.676      -0.443      -0.324       0.299       0.922       1.041       1.274
    IC              -0.708      -0.019       0.333       2.173       4.012       4.364       5.053
    SC              -0.172      -0.093      -0.052       0.160       0.372       0.413       0.492

 SP       WITH
    IC              -0.262      -0.199      -0.167       0.002       0.171       0.203       0.267
    SC              -0.013      -0.008      -0.005       0.008       0.021       0.024       0.029

 IC       WITH
    SC              -0.108      -0.090      -0.082      -0.035       0.011       0.020       0.038

 P1       WITH
    C1              -0.008       0.243       0.372       1.044       1.715       1.844       2.095

 P2       WITH
    C2              -0.008       0.243       0.372       1.044       1.715       1.844       2.095

 P3       WITH
    C3              -0.008       0.243       0.372       1.044       1.715       1.844       2.095

 P5       WITH
    C5              -0.008       0.243       0.372       1.044       1.715       1.844       2.095

 P6       WITH
    C6              -0.008       0.243       0.372       1.044       1.715       1.844       2.095

 P7       WITH
    C7              -0.008       0.243       0.372       1.044       1.715       1.844       2.095

 Intercepts
    P1               0.000       0.000       0.000       0.000       0.000       0.000       0.000
    P2               0.000       0.000       0.000       0.000       0.000       0.000       0.000
    P3               0.000       0.000       0.000       0.000       0.000       0.000       0.000
    P5               0.000       0.000       0.000       0.000       0.000       0.000       0.000
    P6               0.000       0.000       0.000       0.000       0.000       0.000       0.000
    P7               0.000       0.000       0.000       0.000       0.000       0.000       0.000
    C1               0.000       0.000       0.000       0.000       0.000       0.000       0.000
    C2               0.000       0.000       0.000       0.000       0.000       0.000       0.000
    C3               0.000       0.000       0.000       0.000       0.000       0.000       0.000
    C5               0.000       0.000       0.000       0.000       0.000       0.000       0.000
    C6               0.000       0.000       0.000       0.000       0.000       0.000       0.000
    C7               0.000       0.000       0.000       0.000       0.000       0.000       0.000
    IP              34.531      35.070      35.346      36.788      38.229      38.505      39.045
    SP              -1.166      -1.113      -1.086      -0.945      -0.803      -0.776      -0.723
    IC              26.521      26.667      26.741      27.129      27.517      27.592      27.737
    SC              -0.213      -0.195      -0.186      -0.139      -0.091      -0.082      -0.064

 Residual Variances
    P1              29.023      30.437      31.161      34.940      38.719      39.443      40.858
    P2              29.023      30.437      31.161      34.940      38.719      39.443      40.858
    P3              29.023      30.437      31.161      34.940      38.719      39.443      40.858
    P5              29.023      30.437      31.161      34.940      38.719      39.443      40.858
    P6              29.023      30.437      31.161      34.940      38.719      39.443      40.858
    P7              29.023      30.437      31.161      34.940      38.719      39.443      40.858
    C1               1.677       1.725       1.749       1.876       2.003       2.027       2.075
    C2               1.677       1.725       1.749       1.876       2.003       2.027       2.075
    C3               1.677       1.725       1.749       1.876       2.003       2.027       2.075
    C5               1.677       1.725       1.749       1.876       2.003       2.027       2.075
    C6               1.677       1.725       1.749       1.876       2.003       2.027       2.075
    C7               1.677       1.725       1.749       1.876       2.003       2.027       2.075
    IP              21.936      25.192      26.857      35.554      44.251      45.916      49.172
    SP              -0.044      -0.024      -0.014       0.041       0.095       0.106       0.126
    IC               1.197       1.355       1.436       1.859       2.282       2.363       2.521
    SC               0.006       0.008       0.009       0.014       0.020       0.021       0.023

New/Additional Parameters
    R_IPIC          -0.064       0.015       0.056       0.267       0.479       0.519       0.598
    R_SPSC          -0.444      -0.258      -0.163       0.335       0.833       0.928       1.114
    R_RES_PC         0.004       0.034       0.049       0.129       0.209       0.224       0.254


SAMPLE STATISTICS FOR ESTIMATED FACTOR SCORES


     SAMPLE STATISTICS


           Means
              IP            IP_SE         SP            SP_SE         IC
              ________      ________      ________      ________      ________
 1             42.627         3.059        -0.800         0.176        28.401


           Means
              IC_SE         SC            SC_SE
              ________      ________      ________
 1              0.874        -0.111         0.090


           Covariances
              IP            IP_SE         SP            SP_SE         IC
              ________      ________      ________      ________      ________
 IP            54.712
 IP_SE         -0.902         0.320
 SP             1.155        -0.020         0.038
 SP_SE         -0.052         0.006        -0.002         0.000
 IC             6.578        -0.218         0.136        -0.009         2.019
 IC_SE          0.295         0.055         0.010         0.000         0.024
 SC             0.351        -0.004         0.011         0.000         0.038
 SC_SE         -0.059         0.008        -0.002         0.000        -0.011


           Covariances
              IC_SE         SC            SC_SE
              ________      ________      ________
 IC_SE          0.026
 SC             0.003         0.009
 SC_SE          0.000         0.000         0.000


           Correlations
              IP            IP_SE         SP            SP_SE         IC
              ________      ________      ________      ________      ________
 IP             1.000
 IP_SE         -0.216         1.000
 SP             0.805        -0.179         1.000
 SP_SE         -0.437         0.665        -0.482         1.000
 IC             0.626        -0.271         0.493        -0.398         1.000
 IC_SE          0.248         0.602         0.325        -0.032         0.105
 SC             0.511        -0.084         0.607        -0.262         0.287
 SC_SE         -0.384         0.689        -0.422         0.983        -0.370


           Correlations
              IC_SE         SC            SC_SE
              ________      ________      ________
 IC_SE          1.000
 SC             0.201         1.000
 SC_SE          0.065        -0.223         1.000


PLOT INFORMATION

The following plots are available:

  Histograms (sample values, estimated factor scores)
  Scatterplots (sample values, estimated factor scores)
  Latent variable distribution plots

SAVEDATA INFORMATION


  Save file
    SATSASlopes_m_grip_mmse

  Order and format of variables

    P1             F10.3
    P2             F10.3
    P3             F10.3
    P5             F10.3
    P6             F10.3
    P7             F10.3
    C1             F10.3
    C2             F10.3
    C3             F10.3
    C5             F10.3
    C6             F10.3
    C7             F10.3
    DIABETE        F10.3
    EVERSMOK       F10.3
    CHD            F10.3
    BAGE           F10.3
    CEDUC          F10.3
    HEIGHT         F10.3
    TIME1          F10.3
    TIME2          F10.3
    TIME3          F10.3
    TIME5          F10.3
    TIME6          F10.3
    TIME7          F10.3
    IP             F10.3
    IP_SE          F10.3
    SP             F10.3
    SP_SE          F10.3
    IC             F10.3
    IC_SE          F10.3
    SC             F10.3
    SC_SE          F10.3

  Save file format
    32F10.3

  Save file record length    10000


     Beginning Time:  10:56:05
        Ending Time:  10:56:06
       Elapsed Time:  00:00:01



MUTHEN & MUTHEN
3463 Stoner Ave.
Los Angeles, CA  90066

Tel: (310) 391-9971
Fax: (310) 391-8971
Web: www.StatModel.com
Support: Support@StatModel.com

Copyright (c) 1998-2015 Muthen & Muthen
