Mplus VERSION 7.3
MUTHEN & MUTHEN
02/23/2015   4:17 PM

INPUT INSTRUCTIONS

  TITLE: M2 MMSE, Linear LGM, Age Conditional, non-demented, 10 yrs

   DATA:  File = unshared\IALSA_OBAS_021815.dat;

  VARIABLE: Names are VSTpatid female	Rsex educyrs	MMSE1
  	MMSE2	MMSE3	MMSE4	MMSE5	MMSE6	MMSE7	MMSE8
      	MMSE9	MMSE10	MMSE11	MMSE12	MMSE13	MMSE14	
          MMSE15	MMSE16	MMSE17	MMSE18	MMSE19	MMSE20
          	MMSE21	MMSE22	MMSE23	age1	age2	
              age3	age4	age5	age6	age7	age8
              	age9	age10	age11	age12	age13	
                  age14	age15	age16	age17	age18	

                 age19	age20	age21	age22	age23	
                 cdr1	cdr2	cdr3	cdr4	cdr5	cdr6
                 	cdr7	cdr8	cdr9	cdr10	cdr11	
                  cdr12	cdr13	cdr14	cdr15	cdr16	
                  cdr17	cdr18	cdr19	cdr20	cdr21	
                  cdr22	cdr23	WS1	WS2	WS3	WS4	WS5	WS6	
                  WS7	WS8	WS9	WS10	WS11	WS12	WS13
                  	WS14	WS15	WS16	WS17	WS18	
                      WS19	WS20	WS21	WS22
                      	WS23	GS1	GS2	GS3	GS4	GS5	GS6	GS7	GS8
                          	GS9	GS10	GS11	GS12	GS13	
                              GS14	GS15	GS16	GS17	GS18
                              	GS19	GS20	GS21	GS22	GS23
                       	CS1	CS2	CS3	CS4	CS5	CS6	CS7	CS8	CS9	CS10	CS11
                       	CS12	CS13	CS14	CS15	CS16	CS17	
                   CS18	CS19	CS20	CS21	CS22	CS23	baseage ;

         MISSING is all (-9999);
         USEVAR are
                     female c1-c10
                     Bage educ time1 time2 time3 time4 time5 time6 time7 time8 time9 time10;
                     !time11 time12 time13 time14 time15 time16 time17 time18 time19 time20
                     !time21 time22;
         TSCORES =   time1 time2 time3 time4 time5 time6 time7 time8 time9 time10;
                     !time11 time12 time13 time14 time15 time16 time17 time18 time19 time20
                     !time21 time22;

         USEOBSERVATIONS are CDR1 LE 0.5 and CDR2 LE 0.5 and CDR3 LE 0.5 and CDR4 LE 0.5
         and CDR5 LE 0.5 and CDR6 LE 0.5 and CDR7 LE 0.5
         and CDR8 LE 0.5 and CDR9 LE 0.5 and CDR10 LE 0.5;
         !and
         !CDR11 LE 0.5 and CDR12 LE 0.5 and CDR13 LE 0.5 and CDR14 LE 0.5
         !and CDR15 LE 0.5
         !and CDR16 LE 0.5 and CDR17 LE 0.5 and CDR18 LE 0.5 and CDR19 LE 0.5
         !and CDR20 LE 0.5 and CDR21 LE 0.5 and CDR22 LE 0.5
         !and female EQ 1;

  Define: c1=mmse1; c2=mmse2; c3=mmse3; c4=mmse4; c5=mmse5; c6=mmse6;
  c7=mmse7; c8=mmse8; c9=mmse9; c10=mmse10;
  c11=mmse11; c12=mmse12; c13=mmse13; c14=mmse14; c15=mmse15;
  c16=mmse16; c17=mmse17; c18=mmse18; c19=mmse19;
  c20=mmse20; c21=mmse21; c22=mmse22; c23=mmse23;

          Bage=age1-82;   !Centered at Age 82
          Bagesq=(age1-82)**2;
          ! Dage=YTDead;
          Sex=female;         !0=Male
          Educ=Educyrs-14.5;     ! Centered at 14.5 years
          !SEP=SESgrp;
          !Marstat;
          !Height
          !Weight
          !BMI
          !SmokHist=Smoke;
          !Alcohol;
          !CompExp;
          !PhysAct;
          !BP;
          !DepSymp;
          !Cardio;
          !Diab;
          !MorbInd;

          BageSex=Bage*Sex;
          BageEduc=Bage*Educ;
          SexEduc=Sex*Educ;
          time1=age1-age1;
          time2=age2-age1;
          time3=age3-age1;
          time4=age4-age1;
          time5=age5-age1;
          time6=age6-age1;
          time7=age7-age1;
          time8=age8-age1;
          time9=age9-age1;
          time10=age10-age1;
          time11=age11-age1;
          time12=age12-age1;
          time13=age13-age1;
          time14=age14-age1;
          time15=age15-age1;
          time16=age16-age1;
          time17=age17-age1;
          time18=age18-age1;
          time19=age19-age1;
          time20=age20-age1;
          time21=age21-age1;
          time22=age22-age1;
          time23=age23-age1;

  ANALYSIS: TYPE = RANDOM;

  MODEL:  ic sc | c1-c10 AT time1-time10;

          ic sc ON Bage educ female;

          c1-c10 (res_c);

  OUTPUT: sampstat;





*** WARNING
  Data set contains cases with missing on x-variables.
  These cases were not included in the analysis.
  Number of cases with missing on x-variables:  1
   1 WARNING(S) FOUND IN THE INPUT INSTRUCTIONS



M2 MMSE, Linear LGM, Age Conditional, non-demented, 10 yrs

SUMMARY OF ANALYSIS

Number of groups                                                 1
Number of observations                                         265

Number of dependent variables                                   10
Number of independent variables                                  3
Number of continuous latent variables                            2

Observed dependent variables

  Continuous
   C1          C2          C3          C4          C5          C6
   C7          C8          C9          C10

Observed independent variables
   FEMALE      BAGE        EDUC

Continuous latent variables
   IC          SC

Variables with special functions

  Time scores
   TIME1       TIME2       TIME3       TIME4       TIME5       TIME6
   TIME7       TIME8       TIME9       TIME10


Estimator                                                      MLR
Information matrix                                        OBSERVED
Maximum number of iterations                                   100
Convergence criterion                                    0.100D-05
Maximum number of EM iterations                                500
Convergence criteria for the EM algorithm
  Loglikelihood change                                   0.100D-02
  Relative loglikelihood change                          0.100D-05
  Derivative                                             0.100D-03
Minimum variance                                         0.100D-03
Maximum number of steepest descent iterations                   20
Maximum number of iterations for H1                           2000
Convergence criterion for H1                             0.100D-03
Optimization algorithm                                         EMA

Input data file(s)
  unshared\IALSA_OBAS_021815.dat
Input data format  FREE


SUMMARY OF DATA

     Number of missing data patterns            16


COVARIANCE COVERAGE OF DATA

Minimum covariance coverage value   0.100


     PROPORTION OF DATA PRESENT


           Covariance Coverage
              C1            C2            C3            C4            C5
              ________      ________      ________      ________      ________
 C1             1.000
 C2             0.977         0.977
 C3             0.943         0.943         0.943
 C4             0.906         0.906         0.906         0.906
 C5             0.872         0.872         0.872         0.868         0.872
 C6             0.804         0.804         0.804         0.800         0.804
 C7             0.732         0.732         0.732         0.728         0.732
 C8             0.619         0.619         0.619         0.615         0.619
 C9             0.581         0.581         0.581         0.577         0.581
 C10            0.498         0.498         0.498         0.498         0.498
 FEMALE         1.000         0.977         0.943         0.906         0.872
 BAGE           1.000         0.977         0.943         0.906         0.872
 EDUC           1.000         0.977         0.943         0.906         0.872


           Covariance Coverage
              C6            C7            C8            C9            C10
              ________      ________      ________      ________      ________
 C6             0.804
 C7             0.725         0.732
 C8             0.615         0.615         0.619
 C9             0.577         0.577         0.570         0.581
 C10            0.498         0.494         0.491         0.498         0.498
 FEMALE         0.804         0.732         0.619         0.581         0.498
 BAGE           0.804         0.732         0.619         0.581         0.498
 EDUC           0.804         0.732         0.619         0.581         0.498


           Covariance Coverage
              FEMALE        BAGE          EDUC
              ________      ________      ________
 FEMALE         1.000
 BAGE           1.000         1.000
 EDUC           1.000         1.000         1.000


SAMPLE STATISTICS


     ESTIMATED SAMPLE STATISTICS


           Means
              C1            C2            C3            C4            C5
              ________      ________      ________      ________      ________
 1             28.509        28.325        28.360        28.372        28.219


           Means
              C6            C7            C8            C9            C10
              ________      ________      ________      ________      ________
 1             28.149        27.712        27.699        27.126        27.024


           Means
              FEMALE        BAGE          EDUC
              ________      ________      ________
 1              0.581        -0.519         0.096


           Covariances
              C1            C2            C3            C4            C5
              ________      ________      ________      ________      ________
 C1             1.774
 C2             0.951         2.513
 C3             0.942         1.262         2.478
 C4             0.937         1.218         1.197         2.391
 C5             0.801         1.288         1.471         1.594         3.186
 C6             0.785         1.197         1.229         1.814         2.105
 C7             1.192         1.462         1.752         2.459         2.640
 C8             1.046         1.453         1.673         2.049         2.099
 C9             1.337         1.824         2.350         2.596         3.301
 C10            1.051         1.453         1.804         2.394         2.395
 FEMALE         0.036         0.040         0.024         0.009        -0.005
 BAGE          -3.715        -4.727        -6.422        -5.671        -5.894
 EDUC           0.647         0.766         0.526         0.639         0.480


           Covariances
              C6            C7            C8            C9            C10
              ________      ________      ________      ________      ________
 C6             3.823
 C7             3.236         5.095
 C8             3.034         3.666         4.571
 C9             3.586         4.611         4.364         7.251
 C10            3.028         3.993         4.259         4.904         6.183
 FEMALE         0.097         0.060         0.168         0.075         0.056
 BAGE          -6.377        -8.037        -7.628       -11.242       -10.723
 EDUC           0.724         0.700         0.992         0.966         1.552


           Covariances
              FEMALE        BAGE          EDUC
              ________      ________      ________
 FEMALE         0.243
 BAGE           0.253        75.268
 EDUC          -0.218        -4.624         6.867


           Correlations
              C1            C2            C3            C4            C5
              ________      ________      ________      ________      ________
 C1             1.000
 C2             0.450         1.000
 C3             0.449         0.506         1.000
 C4             0.455         0.497         0.492         1.000
 C5             0.337         0.455         0.524         0.578         1.000
 C6             0.302         0.386         0.399         0.600         0.603
 C7             0.397         0.409         0.493         0.705         0.655
 C8             0.367         0.429         0.497         0.620         0.550
 C9             0.373         0.427         0.554         0.623         0.687
 C10            0.317         0.369         0.461         0.623         0.540
 FEMALE         0.055         0.051         0.031         0.012        -0.006
 BAGE          -0.321        -0.344        -0.470        -0.423        -0.381
 EDUC           0.185         0.184         0.128         0.158         0.103


           Correlations
              C6            C7            C8            C9            C10
              ________      ________      ________      ________      ________
 C6             1.000
 C7             0.733         1.000
 C8             0.726         0.760         1.000
 C9             0.681         0.759         0.758         1.000
 C10            0.623         0.711         0.801         0.732         1.000
 FEMALE         0.101         0.054         0.159         0.057         0.046
 BAGE          -0.376        -0.410        -0.411        -0.481        -0.497
 EDUC           0.141         0.118         0.177         0.137         0.238


           Correlations
              FEMALE        BAGE          EDUC
              ________      ________      ________
 FEMALE         1.000
 BAGE           0.059         1.000
 EDUC          -0.169        -0.203         1.000


     MAXIMUM LOG-LIKELIHOOD VALUE FOR THE UNRESTRICTED (H1) MODEL IS -5291.782


UNIVARIATE HIGHER-ORDER MOMENT DESCRIPTIVE STATISTICS


     UNIVARIATE HIGHER-ORDER MOMENT DESCRIPTIVE STATISTICS

         Variable/         Mean/     Skewness/   Minimum/ % with                Percentiles
        Sample Size      Variance    Kurtosis    Maximum  Min/Max      20%/60%    40%/80%    Median

     C1                   28.509      -0.834      24.000    1.13%      27.000     28.000     29.000
             265.000       1.774       0.440      30.000   27.92%      29.000     30.000
     C2                   28.328      -1.181      22.000    0.39%      27.000     28.000     29.000
             259.000       2.514       1.528      30.000   26.25%      29.000     30.000
     C3                   28.396      -1.158      23.000    1.20%      27.000     28.000     29.000
             250.000       2.423       1.152      30.000   27.60%      29.000     30.000
     C4                   28.429      -1.750      19.000    0.42%      27.000     28.000     29.000
             240.000       2.312       6.004      30.000   25.00%      29.000     30.000
     C5                   28.299      -1.408      21.000    0.87%      27.000     28.000     29.000
             231.000       3.041       2.200      30.000   26.41%      29.000     30.000
     C6                   28.305      -2.261      17.000    0.47%      27.000     28.000     29.000
             213.000       3.301       9.206      30.000   29.11%      29.000     30.000
     C7                   28.067      -1.490      20.000    0.52%      27.000     28.000     28.000
             194.000       3.454       2.676      30.000   22.16%      29.000     30.000
     C8                   28.159      -1.285      21.000    0.61%      27.000     28.000     28.000
             164.000       2.926       1.872      30.000   23.17%      29.000     30.000
     C9                   27.883      -1.565      19.000    0.65%      26.000     28.000     28.000
             154.000       4.142       3.235      30.000   20.13%      29.000     29.000
     C10                  27.750      -1.601      18.000    0.76%      26.000     28.000     28.000
             132.000       3.763       4.433      30.000   16.67%      28.000     29.000
     FEMALE                0.581      -0.329       0.000   41.89%       0.000      0.000      1.000
             265.000       0.243      -1.892       1.000   58.11%       1.000      1.000
     BAGE                 -0.519      -0.745     -26.600    0.38%     -10.000      1.300      3.100
             265.000      75.268      -0.339      18.500    0.38%       4.000      5.600
     EDUC                  0.096      -0.013      -7.500    0.38%      -2.500     -0.500     -0.500
             265.000       6.867      -0.432       6.500    0.38%       1.500      2.500


THE MODEL ESTIMATION TERMINATED NORMALLY



MODEL FIT INFORMATION

Number of Free Parameters                       12

Loglikelihood

          H0 Value                       -3611.844
          H0 Scaling Correction Factor      1.4789
            for MLR

Information Criteria

          Akaike (AIC)                    7247.689
          Bayesian (BIC)                  7290.645
          Sample-Size Adjusted BIC        7252.599
            (n* = (n + 2) / 24)



MODEL RESULTS

                                                    Two-Tailed
                    Estimate       S.E.  Est./S.E.    P-Value

 IC         ON
    BAGE              -0.048      0.007     -7.318      0.000
    EDUC               0.058      0.025      2.353      0.019
    FEMALE             0.186      0.137      1.358      0.174

 SC         ON
    BAGE              -0.011      0.002     -5.282      0.000
    EDUC               0.001      0.007      0.161      0.872
    FEMALE             0.044      0.039      1.112      0.266

 SC       WITH
    IC                -0.004      0.029     -0.127      0.899

 Intercepts
    C1                 0.000      0.000    999.000    999.000
    C2                 0.000      0.000    999.000    999.000
    C3                 0.000      0.000    999.000    999.000
    C4                 0.000      0.000    999.000    999.000
    C5                 0.000      0.000    999.000    999.000
    C6                 0.000      0.000    999.000    999.000
    C7                 0.000      0.000    999.000    999.000
    C8                 0.000      0.000    999.000    999.000
    C9                 0.000      0.000    999.000    999.000
    C10                0.000      0.000    999.000    999.000
    IC                28.499      0.110    258.375      0.000
    SC                -0.186      0.037     -5.067      0.000

 Residual Variances
    C1                 1.292      0.066     19.509      0.000
    C2                 1.292      0.066     19.509      0.000
    C3                 1.292      0.066     19.509      0.000
    C4                 1.292      0.066     19.509      0.000
    C5                 1.292      0.066     19.509      0.000
    C6                 1.292      0.066     19.509      0.000
    C7                 1.292      0.066     19.509      0.000
    C8                 1.292      0.066     19.509      0.000
    C9                 1.292      0.066     19.509      0.000
    C10                1.292      0.066     19.509      0.000
    IC                 0.644      0.114      5.636      0.000
    SC                 0.043      0.014      3.065      0.002


QUALITY OF NUMERICAL RESULTS

     Condition Number for the Information Matrix              0.198E-04
       (ratio of smallest to largest eigenvalue)


DIAGRAM INFORMATION

  Use View Diagram under the Diagram menu in the Mplus Editor to view the diagram.
  If running Mplus from the Mplus Diagrammer, the diagram opens automatically.

  Diagram output
    c:\users\ialsa workshop\documents\github\ialsa-2015-portland\studies\obas\unshared\u1_time_nophy

     Beginning Time:  16:17:45
        Ending Time:  16:17:47
       Elapsed Time:  00:00:02



MUTHEN & MUTHEN
3463 Stoner Ave.
Los Angeles, CA  90066

Tel: (310) 391-9971
Fax: (310) 391-8971
Web: www.StatModel.com
Support: Support@StatModel.com

Copyright (c) 1998-2014 Muthen & Muthen
