Mplus VERSION 7.4 (Mac)
MUTHEN & MUTHEN
02/08/2017   9:28 PM

INPUT INSTRUCTIONS

  TITLE:
  Script produced from the prototype in ./sandbox/syntax-creator/
  DATA:
  File = wide-dataset.dat ;
  VARIABLE:
  NAMES are
   id male age_c70 edu_c7 htm_c smoke cardio diabetes dementia_ever
      dementia_baseline bnt_00 bnt_01 bnt_02 bnt_03 bnt_04 bnt_05 bnt_06 bnt_07
      bnt_08 bnt_09 bnt_10 bnt_11 bnt_12 bnt_13 bnt_14 bnt_15 bnt_16 bnt_17
      bnt_18 bostordel_00 bostordel_01 bostordel_02 bostordel_03 bostordel_04
      bostordel_05 bostordel_06 bostordel_07 bostordel_08 bostordel_09 bostordel_10
      bostordel_11 bostordel_12 bostordel_13 bostordel_14 bostordel_15 bostordel_16
      bostordel_17 bostordel_18 bostorim_00 bostorim_01 bostorim_02 bostorim_03
      bostorim_04 bostorim_05 bostorim_06 bostorim_07 bostorim_08 bostorim_09
      bostorim_10 bostorim_11 bostorim_12 bostorim_13 bostorim_14 bostorim_15
      bostorim_16 bostorim_17 bostorim_18 catfluency_00 catfluency_01 catfluency_02
      catfluency_03 catfluency_04 catfluency_05 catfluency_06 catfluency_07
      catfluency_08 catfluency_09 catfluency_10 catfluency_11 catfluency_12
      catfluency_13 catfluency_14 catfluency_15 catfluency_16 catfluency_17
      catfluency_18 complexideas_00 complexideas_01 complexideas_02 complexideas_03
      complexideas_04 complexideas_05 complexideas_06 complexideas_07 complexideas_08
      complexideas_09 complexideas_10 complexideas_11 complexideas_12 complexideas_13
      complexideas_14 complexideas_15 complexideas_16 complexideas_17 complexideas_18
      digitbackward_00 digitbackward_01 digitbackward_02 digitbackward_03
      digitbackward_04 digitbackward_05 digitbackward_06 digitbackward_07
      digitbackward_08 digitbackward_09 digitbackward_10 digitbackward_11
      digitbackward_12 digitbackward_13 digitbackward_14 digitbackward_15
      digitbackward_16 digitbackward_17 digitbackward_18 digitforward_00
      digitforward_01 digitforward_02 digitforward_03 digitforward_04 digitforward_05
      digitforward_06 digitforward_07 digitforward_08 digitforward_09 digitforward_10
      digitforward_11 digitforward_12 digitforward_13 digitforward_14 digitforward_15
      digitforward_16 digitforward_17 digitforward_18 digitorder_00 digitorder_01
      digitorder_02 digitorder_03 digitorder_04 digitorder_05 digitorder_06
      digitorder_07 digitorder_08 digitorder_09 digitorder_10 digitorder_11
      digitorder_12 digitorder_13 digitorder_14 digitorder_15 digitorder_16
      digitorder_17 digitorder_18 fev_00 fev_01 fev_02 fev_03 fev_04 fev_05 fev_06
      fev_07 fev_08 fev_09 fev_10 fev_11 fev_12 fev_13 fev_14 fev_15 fev_16 fev_17
      fev_18 fev100_00 fev100_01 fev100_02 fev100_03 fev100_04 fev100_05 fev100_06
      fev100_07 fev100_08 fev100_09 fev100_10 fev100_11 fev100_12 fev100_13 fev100_14
      fev100_15 fev100_16 fev100_17 fev100_18 gait_00 gait_01 gait_02 gait_03 gait_04
      gait_05 gait_06 gait_07 gait_08 gait_09 gait_10 gait_11 gait_12 gait_13 gait_14
      gait_15 gait_16 gait_17 gait_18 grip_00 grip_01 grip_02 grip_03 grip_04 grip_05
      grip_06 grip_07 grip_08 grip_09 grip_10 grip_11 grip_12 grip_13 grip_14 grip_15
      grip_16 grip_17 grip_18 lineorientation_00 lineorientation_01 lineorientation_02
      lineorientation_03 lineorientation_04 lineorientation_05 lineorientation_06
      lineorientation_07 lineorientation_08 lineorientation_09 lineorientation_10
      lineorientation_11 lineorientation_12 lineorientation_13 lineorientation_14
      lineorientation_15 lineorientation_16 lineorientation_17 lineorientation_18
      logimemdel_00 logimemdel_01 logimemdel_02 logimemdel_03 logimemdel_04
      logimemdel_05 logimemdel_06 logimemdel_07 logimemdel_08 logimemdel_09
      logimemdel_10 logimemdel_11 logimemdel_12 logimemdel_13 logimemdel_14
      logimemdel_15 logimemdel_16 logimemdel_17 logimemdel_18 logimemim_00
      logimemim_01 logimemim_02 logimemim_03 logimemim_04 logimemim_05 logimemim_06
      logimemim_07 logimemim_08 logimemim_09 logimemim_10 logimemim_11 logimemim_12
      logimemim_13 logimemim_14 logimemim_15 logimemim_16 logimemim_17 logimemim_18
      matrices_00 matrices_01 matrices_02 matrices_03 matrices_04 matrices_05
      matrices_06 matrices_07 matrices_08 matrices_09 matrices_10 matrices_11
      matrices_12 matrices_13 matrices_14 matrices_15 matrices_16 matrices_17
      matrices_18 mmse_00 mmse_01 mmse_02 mmse_03 mmse_04 mmse_05 mmse_06 mmse_07
      mmse_08 mmse_09 mmse_10 mmse_11 mmse_12 mmse_13 mmse_14 mmse_15 mmse_16 mmse_17
      mmse_18 nart_00 nart_01 nart_02 nart_03 nart_04 nart_05 nart_06 nart_07 nart_08
      nart_09 nart_10 nart_11 nart_12 nart_13 nart_14 nart_15 nart_16 nart_17 nart_18
      numbercomparison_00 numbercomparison_01 numbercomparison_02 numbercomparison_03
      numbercomparison_04 numbercomparison_05 numbercomparison_06 numbercomparison_07
      numbercomparison_08 numbercomparison_09 numbercomparison_10 numbercomparison_11
      numbercomparison_12 numbercomparison_13 numbercomparison_14 numbercomparison_15
      numbercomparison_16 numbercomparison_17 numbercomparison_18 symbol_00
      symbol_01 symbol_02 symbol_03 symbol_04 symbol_05 symbol_06 symbol_07 symbol_08
      symbol_09 symbol_10 symbol_11 symbol_12 symbol_13 symbol_14 symbol_15 symbol_16
      symbol_17 symbol_18 wordlistdel_00 wordlistdel_01 wordlistdel_02 wordlistdel_03
      wordlistdel_04 wordlistdel_05 wordlistdel_06 wordlistdel_07 wordlistdel_08
      wordlistdel_09 wordlistdel_10 wordlistdel_11 wordlistdel_12 wordlistdel_13
      wordlistdel_14 wordlistdel_15 wordlistdel_16 wordlistdel_17 wordlistdel_18
      wordlistim_00 wordlistim_01 wordlistim_02 wordlistim_03 wordlistim_04
      wordlistim_05 wordlistim_06 wordlistim_07 wordlistim_08 wordlistim_09
      wordlistim_10 wordlistim_11 wordlistim_12 wordlistim_13 wordlistim_14
      wordlistim_15 wordlistim_16 wordlistim_17 wordlistim_18 wordlistrecog_00
      wordlistrecog_01 wordlistrecog_02 wordlistrecog_03 wordlistrecog_04
      wordlistrecog_05 wordlistrecog_06 wordlistrecog_07 wordlistrecog_08
      wordlistrecog_09 wordlistrecog_10 wordlistrecog_11 wordlistrecog_12
      wordlistrecog_13 wordlistrecog_14 wordlistrecog_15 wordlistrecog_16
      wordlistrecog_17 wordlistrecog_18 years_since_bl_00 years_since_bl_01
      years_since_bl_02 years_since_bl_03 years_since_bl_04 years_since_bl_05
      years_since_bl_06 years_since_bl_07 years_since_bl_08 years_since_bl_09
      years_since_bl_10 years_since_bl_11 years_since_bl_12 years_since_bl_13
      years_since_bl_14 years_since_bl_15 years_since_bl_16 years_since_bl_17
      years_since_bl_18
  	;
  Missing are all (-9999);
  USEVARIABLES are
  	!define the variables used in the analysis
  	! covariates used in the model
  age_c70	
  	!estimated time points
  time_00
  time_01
  time_02
  time_03
  time_04
  	!modelled time points of process (A)
  a_00
  a_01
  a_02
  a_03
  a_04
  	!modelled time points of process (B)
  b_00
  b_01
  b_02
  b_03
  b_04
  ;
  TSCORES are
  	!estimated time points
  time_00
  time_01
  time_02
  time_03
  time_04;
  USEOBSERVATIONS are
  	!select a subset of observations
  male EQ 1
  and
  id NE 0
  ;
  DEFINE:
  	! assign variables to the process (A)
  a_00=fev_00;
  a_01=fev_01;
  a_02=fev_02;
  a_03=fev_03;
  a_04=fev_04;
  	! assign variables to the process (B)
  b_00=lineorientation_00;
  b_01=lineorientation_01;
  b_02=lineorientation_02;
  b_03=lineorientation_03;
  b_04=lineorientation_04;
  	!assign variables to time points
  time_00=years_since_bl_00;
  time_01=years_since_bl_01;
  time_02=years_since_bl_02;
  time_03=years_since_bl_03;
  time_04=years_since_bl_04;
  	
  ANALYSIS:
  TYPE = RANDOM;
  COVERAGE=.00;
  MODEL:
  	!first-level equation
  	! assign process (A) to time points
  ia sa | a_00 AT time_00 ;
  ia sa | a_01 AT time_01 ;
  ia sa | a_02 AT time_02 ;
  ia sa | a_03 AT time_03 ;
  ia sa | a_04 AT time_04 ;
  	! assign process (B) to time points
  ib sb | b_00 AT time_00 ;
  ib sb | b_01 AT time_01 ;
  ib sb | b_02 AT time_02 ;
  ib sb | b_03 AT time_03 ;
  ib sb | b_04 AT time_04 ;
  	!variance of the first-level terms
  ia (v_ia);
  sa (v_sa);
  ib (v_ib);
  sb (v_sb);
  	!covariance among first-level terms
  ia WITH sa (c_iasa);
  ia WITH ib (c_iaib);
  ia WITH sb (c_iasb);
  sa WITH ib (c_saib);
  sa WITH sb (c_sasb);
  ib WITH sb (c_ibsb);
  	!second-level equation
  ia sa ib sb ON age_c70;
  	!residual covariance of process (A)
  a_00 (res_a);
  a_01 (res_a);
  a_02 (res_a);
  a_03 (res_a);
  a_04 (res_a);	
  	!residual covariance of process (B)
  b_00 (res_b);
  b_01 (res_b);
  b_02 (res_b);
  b_03 (res_b);
  b_04 (res_b);	
  	!Paired covariances constrained to be equal across t
  a_00 pwith b_00 (res_cov);
  a_01 pwith b_01 (res_cov);
  a_02 pwith b_02 (res_cov);
  a_03 pwith b_03 (res_cov);
  a_04 pwith b_04 (res_cov);	
  MODEL CONSTRAINT:
  	!assigns labels to new parameters;
  NEW r_iaib;
  NEW r_sasb;
  NEW r_res_ab;
  	!compute confidence intervals for correlation coefficients;
  r_iaib = c_iaib/((v_ia**0.5)*(v_ib**0.5));
  r_sasb = c_sasb/((v_sa**0.5)*(v_sb**0.5));
  r_res_ab = res_cov/((res_a**0.5)*(res_b**0.5));
  SAVEDATA:
  FILE is   b1_male_a_fev_lineorientation_fscores.dat;
  SAVE = FSCORES;
  RESULTS are   b1_male_a_fev_lineorientation_results.dat;
  	
  OUTPUT: sampstat cinterval;
  PLOT: Type is Plot1 Plot2 Plot3;



*** WARNING
  Data set contains cases with missing on all variables except
  x-variables.  These cases were not included in the analysis.
  Number of cases with missing on all variables except x-variables:  2
   1 WARNING(S) FOUND IN THE INPUT INSTRUCTIONS




Script produced from the prototype in ./sandbox/syntax-creator/

SUMMARY OF ANALYSIS

Number of groups                                                 1
Number of observations                                         483

Number of dependent variables                                   10
Number of independent variables                                  1
Number of continuous latent variables                            4

Observed dependent variables

  Continuous
   A_00        A_01        A_02        A_03        A_04        B_00
   B_01        B_02        B_03        B_04

Observed independent variables
   AGE_C70

Continuous latent variables
   IA          SA          IB          SB

Variables with special functions

  Time scores
   TIME_00     TIME_01     TIME_02     TIME_03     TIME_04


Estimator                                                      MLR
Information matrix                                        OBSERVED
Maximum number of iterations                                   100
Convergence criterion                                    0.100D-05
Maximum number of EM iterations                                500
Convergence criteria for the EM algorithm
  Loglikelihood change                                   0.100D-02
  Relative loglikelihood change                          0.100D-05
  Derivative                                             0.100D-03
Minimum variance                                         0.100D-03
Maximum number of steepest descent iterations                   20
Maximum number of iterations for H1                           2000
Convergence criterion for H1                             0.100D-03
Optimization algorithm                                         EMA

Input data file(s)
  wide-dataset.dat
Input data format  FREE


SUMMARY OF DATA

     Number of missing data patterns            86


COVARIANCE COVERAGE OF DATA

Minimum covariance coverage value   0.000


     PROPORTION OF DATA PRESENT


           Covariance Coverage
              A_00          A_01          A_02          A_03          A_04
              ________      ________      ________      ________      ________
 A_00           0.839
 A_01           0.600         0.605
 A_02           0.489         0.449         0.501
 A_03           0.366         0.325         0.333         0.377
 A_04           0.244         0.207         0.217         0.219         0.329
 B_00           0.818         0.598         0.501         0.371         0.325
 B_01           0.700         0.584         0.484         0.360         0.315
 B_02           0.605         0.524         0.484         0.360         0.317
 B_03           0.520         0.445         0.431         0.360         0.311
 B_04           0.441         0.379         0.364         0.327         0.315
 AGE_C70        0.839         0.605         0.501         0.377         0.329


           Covariance Coverage
              B_00          B_01          B_02          B_03          B_04
              ________      ________      ________      ________      ________
 B_00           0.979
 B_01           0.818         0.822
 B_02           0.714         0.689         0.718
 B_03           0.611         0.596         0.590         0.615
 B_04           0.524         0.505         0.505         0.505         0.528
 AGE_C70        0.979         0.822         0.718         0.615         0.528


           Covariance Coverage
              AGE_C70
              ________
 AGE_C70        1.000


SAMPLE STATISTICS


     ESTIMATED SAMPLE STATISTICS


           Means
              A_00          A_01          A_02          A_03          A_04
              ________      ________      ________      ________      ________
 1              2.106         2.070         1.971         1.941         1.897


           Means
              B_00          B_01          B_02          B_03          B_04
              ________      ________      ________      ________      ________
 1             11.090        10.824        11.053        10.947        10.767


           Means
              AGE_C70
              ________
 1             10.573


           Covariances
              A_00          A_01          A_02          A_03          A_04
              ________      ________      ________      ________      ________
 A_00           0.389
 A_01           0.332         0.346
 A_02           0.337         0.323         0.398
 A_03           0.331         0.320         0.337         0.377
 A_04           0.349         0.337         0.345         0.360         0.404
 B_00           0.481         0.512         0.519         0.481         0.541
 B_01           0.482         0.524         0.442         0.476         0.536
 B_02           0.479         0.528         0.509         0.592         0.554
 B_03           0.548         0.543         0.603         0.589         0.691
 B_04           0.351         0.406         0.414         0.428         0.500
 AGE_C70       -1.365        -1.304        -1.351        -1.588        -1.698


           Covariances
              B_00          B_01          B_02          B_03          B_04
              ________      ________      ________      ________      ________
 B_00          10.622
 B_01           7.489        12.701
 B_02           7.789         7.345        11.614
 B_03           7.204         7.990         8.337        11.803
 B_04           7.021         8.062         8.758         8.648        12.174
 AGE_C70       -2.250        -2.098        -1.545        -3.292        -3.705


           Covariances
              AGE_C70
              ________
 AGE_C70       49.050


           Correlations
              A_00          A_01          A_02          A_03          A_04
              ________      ________      ________      ________      ________
 A_00           1.000
 A_01           0.906         1.000
 A_02           0.857         0.872         1.000
 A_03           0.866         0.885         0.870         1.000
 A_04           0.879         0.901         0.859         0.922         1.000
 B_00           0.237         0.267         0.252         0.241         0.261
 B_01           0.217         0.250         0.196         0.217         0.236
 B_02           0.226         0.263         0.237         0.283         0.256
 B_03           0.256         0.269         0.278         0.279         0.317
 B_04           0.161         0.198         0.188         0.200         0.225
 AGE_C70       -0.313        -0.317        -0.306        -0.369        -0.381


           Correlations
              B_00          B_01          B_02          B_03          B_04
              ________      ________      ________      ________      ________
 B_00           1.000
 B_01           0.645         1.000
 B_02           0.701         0.605         1.000
 B_03           0.643         0.653         0.712         1.000
 B_04           0.617         0.648         0.737         0.721         1.000
 AGE_C70       -0.099        -0.084        -0.065        -0.137        -0.152


           Correlations
              AGE_C70
              ________
 AGE_C70        1.000


     MAXIMUM LOG-LIKELIHOOD VALUE FOR THE UNRESTRICTED (H1) MODEL IS -6224.901


UNIVARIATE SAMPLE STATISTICS


     UNIVARIATE HIGHER-ORDER MOMENT DESCRIPTIVE STATISTICS

         Variable/         Mean/     Skewness/   Minimum/ % with                Percentiles
        Sample Size      Variance    Kurtosis    Maximum  Min/Max      20%/60%    40%/80%    Median

     A_00                  2.109      -0.114       0.420    0.25%       1.565      1.945      2.120
             405.000       0.402      -0.316       3.930    0.25%       2.290      2.665
     A_01                  2.126      -0.168       0.705    0.34%       1.595      2.015      2.160
             292.000       0.315      -0.392       3.605    0.34%       2.265      2.625
     A_02                  2.046      -0.040       0.585    0.41%       1.550      1.865      2.045
             242.000       0.363      -0.442       3.630    0.41%       2.235      2.575
     A_03                  2.022      -0.149       0.715    0.55%       1.565      1.925      2.047
             182.000       0.311      -0.183       3.490    0.55%       2.150      2.450
     A_04                  1.996      -0.149       0.435    0.63%       1.425      1.890      2.005
             159.000       0.299      -0.348       3.285    0.63%       2.145      2.495
     B_00                 11.112      -1.109       0.000    0.85%       9.000     11.000     12.000
             473.000      10.514       0.960      15.000   10.57%      13.000     14.000
     B_01                 11.013      -1.159       0.000    1.26%       8.000     11.000     12.000
             397.000      11.977       0.925      15.000   10.33%      13.000     14.000
     B_02                 11.354      -1.174       0.000    0.58%       9.000     11.000     12.000
             347.000      10.788       1.049      15.000   15.27%      13.000     14.000
     B_03                 11.461      -1.448       0.000    2.02%       9.000     11.000     12.000
             297.000       9.999       2.349      15.000   11.11%      13.000     14.000
     B_04                 11.255      -1.043       0.000    0.78%       9.000     11.000     12.000
             255.000      10.119       0.847      15.000   12.94%      13.000     14.000
     AGE_C70              10.573      -0.504     -12.094    0.21%       5.127      9.611     11.604
             483.000      49.050       0.218      28.508    0.21%      12.979     16.179


THE MODEL ESTIMATION TERMINATED NORMALLY



MODEL FIT INFORMATION

Number of Free Parameters                       21

Loglikelihood

          H0 Value                       -4652.042
          H0 Scaling Correction Factor      1.2404
            for MLR

Information Criteria

          Akaike (AIC)                    9346.085
          Bayesian (BIC)                  9433.865
          Sample-Size Adjusted BIC        9367.213
            (n* = (n + 2) / 24)



MODEL RESULTS

                                                    Two-Tailed
                    Estimate       S.E.  Est./S.E.    P-Value

 IA         ON
    AGE_C70           -0.027      0.004     -7.123      0.000

 SA         ON
    AGE_C70           -0.002      0.001     -1.926      0.054

 IB         ON
    AGE_C70           -0.039      0.022     -1.731      0.083

 SB         ON
    AGE_C70           -0.007      0.006     -1.162      0.245

 IA       WITH
    SA                -0.004      0.004     -1.017      0.309
    IB                 0.455      0.095      4.798      0.000
    SB                -0.024      0.025     -0.966      0.334

 SA       WITH
    IB                 0.006      0.019      0.334      0.738
    SB                 0.007      0.004      1.529      0.126

 IB       WITH
    SB                 0.028      0.130      0.213      0.831

 A_00     WITH
    B_00              -0.007      0.014     -0.457      0.648

 A_01     WITH
    B_01              -0.007      0.014     -0.457      0.648

 A_02     WITH
    B_02              -0.007      0.014     -0.457      0.648

 A_03     WITH
    B_03              -0.007      0.014     -0.457      0.648

 A_04     WITH
    B_04              -0.007      0.014     -0.457      0.648

 Intercepts
    A_00               0.000      0.000    999.000    999.000
    A_01               0.000      0.000    999.000    999.000
    A_02               0.000      0.000    999.000    999.000
    A_03               0.000      0.000    999.000    999.000
    A_04               0.000      0.000    999.000    999.000
    B_00               0.000      0.000    999.000    999.000
    B_01               0.000      0.000    999.000    999.000
    B_02               0.000      0.000    999.000    999.000
    B_03               0.000      0.000    999.000    999.000
    B_04               0.000      0.000    999.000    999.000
    IA                 2.393      0.051     47.068      0.000
    SA                -0.040      0.010     -3.845      0.000
    IB                11.454      0.273     41.885      0.000
    SB                 0.021      0.065      0.323      0.747

 Residual Variances
    A_00               0.043      0.004      9.914      0.000
    A_01               0.043      0.004      9.914      0.000
    A_02               0.043      0.004      9.914      0.000
    A_03               0.043      0.004      9.914      0.000
    A_04               0.043      0.004      9.914      0.000
    B_00               3.753      0.282     13.297      0.000
    B_01               3.753      0.282     13.297      0.000
    B_02               3.753      0.282     13.297      0.000
    B_03               3.753      0.282     13.297      0.000
    B_04               3.753      0.282     13.297      0.000
    IA                 0.302      0.022     13.530      0.000
    SA                 0.002      0.001      1.581      0.114
    IB                 7.302      0.796      9.178      0.000
    SB                 0.086      0.052      1.646      0.100

New/Additional Parameters
    R_IAIB             0.307      0.057      5.419      0.000
    R_SASB             0.564      0.379      1.490      0.136
    R_RES_AB          -0.016      0.036     -0.457      0.648


QUALITY OF NUMERICAL RESULTS

     Condition Number for the Information Matrix              0.157E-05
       (ratio of smallest to largest eigenvalue)


CONFIDENCE INTERVALS OF MODEL RESULTS

                  Lower .5%  Lower 2.5%    Lower 5%    Estimate    Upper 5%  Upper 2.5%   Upper .5%

 IA       ON
    AGE_C70         -0.037      -0.034      -0.033      -0.027      -0.021      -0.020      -0.017

 SA       ON
    AGE_C70         -0.004      -0.003      -0.003      -0.002       0.000       0.000       0.001

 IB       ON
    AGE_C70         -0.096      -0.083      -0.075      -0.039      -0.002       0.005       0.019

 SB       ON
    AGE_C70         -0.023      -0.019      -0.017      -0.007       0.003       0.005       0.009

 IA       WITH
    SA              -0.013      -0.011      -0.010      -0.004       0.002       0.003       0.006
    IB               0.211       0.269       0.299       0.455       0.612       0.641       0.700
    SB              -0.088      -0.073      -0.065      -0.024       0.017       0.025       0.040

 SA       WITH
    IB              -0.042      -0.030      -0.025       0.006       0.037       0.043       0.054
    SB              -0.004      -0.002       0.000       0.007       0.014       0.015       0.017

 IB       WITH
    SB              -0.308      -0.228      -0.187       0.028       0.242       0.284       0.364

 A_00     WITH
    B_00            -0.043      -0.035      -0.030      -0.007       0.017       0.021       0.030

 A_01     WITH
    B_01            -0.043      -0.035      -0.030      -0.007       0.017       0.021       0.030

 A_02     WITH
    B_02            -0.043      -0.035      -0.030      -0.007       0.017       0.021       0.030

 A_03     WITH
    B_03            -0.043      -0.035      -0.030      -0.007       0.017       0.021       0.030

 A_04     WITH
    B_04            -0.043      -0.035      -0.030      -0.007       0.017       0.021       0.030

 Intercepts
    A_00             0.000       0.000       0.000       0.000       0.000       0.000       0.000
    A_01             0.000       0.000       0.000       0.000       0.000       0.000       0.000
    A_02             0.000       0.000       0.000       0.000       0.000       0.000       0.000
    A_03             0.000       0.000       0.000       0.000       0.000       0.000       0.000
    A_04             0.000       0.000       0.000       0.000       0.000       0.000       0.000
    B_00             0.000       0.000       0.000       0.000       0.000       0.000       0.000
    B_01             0.000       0.000       0.000       0.000       0.000       0.000       0.000
    B_02             0.000       0.000       0.000       0.000       0.000       0.000       0.000
    B_03             0.000       0.000       0.000       0.000       0.000       0.000       0.000
    B_04             0.000       0.000       0.000       0.000       0.000       0.000       0.000
    IA               2.262       2.293       2.310       2.393       2.477       2.493       2.524
    SA              -0.066      -0.060      -0.057      -0.040      -0.023      -0.019      -0.013
    IB              10.750      10.918      11.005      11.454      11.904      11.990      12.159
    SB              -0.147      -0.107      -0.086       0.021       0.129       0.149       0.190

 Residual Variances
    A_00             0.032       0.034       0.036       0.043       0.050       0.051       0.054
    A_01             0.032       0.034       0.036       0.043       0.050       0.051       0.054
    A_02             0.032       0.034       0.036       0.043       0.050       0.051       0.054
    A_03             0.032       0.034       0.036       0.043       0.050       0.051       0.054
    A_04             0.032       0.034       0.036       0.043       0.050       0.051       0.054
    B_00             3.026       3.200       3.289       3.753       4.218       4.306       4.480
    B_01             3.026       3.200       3.289       3.753       4.218       4.306       4.480
    B_02             3.026       3.200       3.289       3.753       4.218       4.306       4.480
    B_03             3.026       3.200       3.289       3.753       4.218       4.306       4.480
    B_04             3.026       3.200       3.289       3.753       4.218       4.306       4.480
    IA               0.245       0.258       0.265       0.302       0.339       0.346       0.360
    SA              -0.001       0.000       0.000       0.002       0.003       0.003       0.004
    IB               5.252       5.742       5.993       7.302       8.610       8.861       9.351
    SB              -0.048      -0.016       0.000       0.086       0.171       0.188       0.220

New/Additional Parameters
    R_IAIB           0.161       0.196       0.214       0.307       0.400       0.418       0.452
    R_SASB          -0.411      -0.178      -0.059       0.564       1.187       1.307       1.540
    R_RES_AB        -0.108      -0.086      -0.075      -0.016       0.042       0.054       0.076


SAMPLE STATISTICS FOR ESTIMATED FACTOR SCORES


     SAMPLE STATISTICS


           Means
              IA            IA_SE         SA            SA_SE         IB
              ________      ________      ________      ________      ________
 1              2.108         0.174        -0.057         0.036        11.045


           Means
              IB_SE         SB            SB_SE
              ________      ________      ________
 1              1.091        -0.054         0.265


           Covariances
              IA            IA_SE         SA            SA_SE         IB
              ________      ________      ________      ________      ________
 IA             0.296
 IA_SE         -0.004         0.011
 SA             0.001         0.000         0.000
 SA_SE          0.000         0.000         0.000         0.000
 IB             0.484        -0.014         0.013        -0.001         6.103
 IB_SE         -0.027         0.010         0.000         0.000        -0.108
 SB            -0.006         0.000         0.002         0.000         0.113
 SB_SE         -0.002         0.001         0.000         0.000        -0.008


           Covariances
              IB_SE         SB            SB_SE
              ________      ________      ________
 IB_SE          0.081
 SB            -0.002         0.017
 SB_SE          0.003         0.000         0.000


           Correlations
              IA            IA_SE         SA            SA_SE         IB
              ________      ________      ________      ________      ________
 IA             1.000
 IA_SE         -0.074         1.000
 SA             0.052        -0.025         1.000
 SA_SE         -0.172         0.545        -0.080         1.000
 IB             0.360        -0.054         0.282        -0.186         1.000
 IB_SE         -0.172         0.318        -0.068         0.537        -0.153
 SB            -0.082         0.007         0.858        -0.070         0.347
 SB_SE         -0.229         0.475        -0.124         0.850        -0.207


           Correlations
              IB_SE         SB            SB_SE
              ________      ________      ________
 IB_SE          1.000
 SB            -0.053         1.000
 SB_SE          0.712        -0.092         1.000


RESULTS SAVING INFORMATION

  Order of data

    Parameter estimates
     (saved in order shown in Technical 1 output)
    Standard errors
     (saved in order shown in Technical 1 output)
    H0 Loglikelihood
    H0 Scaling Correction Factor for MLR
    Number of Free Parameters
    Akaike (AIC)
    Bayesian (BIC)
    Sample-Size Adjusted BIC
    Condition Number

  Save file
    b1_male_a_fev_lineorientation_results.dat

  Save file format           Free


PLOT INFORMATION

The following plots are available:

  Histograms (sample values, estimated factor scores)
  Scatterplots (sample values, estimated factor scores)
  Latent variable distribution plots

SAVEDATA INFORMATION


  Save file
    b1_male_a_fev_lineorientation_fscores.dat

  Order and format of variables

    A_00           F10.3
    A_01           F10.3
    A_02           F10.3
    A_03           F10.3
    A_04           F10.3
    B_00           F10.3
    B_01           F10.3
    B_02           F10.3
    B_03           F10.3
    B_04           F10.3
    AGE_C70        F10.3
    TIME_00        F10.3
    TIME_01        F10.3
    TIME_02        F10.3
    TIME_03        F10.3
    TIME_04        F10.3
    IA             F10.3
    IA_SE          F10.3
    SA             F10.3
    SA_SE          F10.3
    IB             F10.3
    IB_SE          F10.3
    SB             F10.3
    SB_SE          F10.3

  Save file format
    24F10.3

  Save file record length    10000


     Beginning Time:  21:28:12
        Ending Time:  21:28:15
       Elapsed Time:  00:00:03



MUTHEN & MUTHEN
3463 Stoner Ave.
Los Angeles, CA  90066

Tel: (310) 391-9971
Fax: (310) 391-8971
Web: www.StatModel.com
Support: Support@StatModel.com

Copyright (c) 1998-2015 Muthen & Muthen
