Mplus VERSION 7.4 (Mac)
MUTHEN & MUTHEN
02/08/2017  10:25 PM

INPUT INSTRUCTIONS

  TITLE:
  Script produced from the prototype in ./sandbox/syntax-creator/
  DATA:
  File = wide-dataset.dat ;
  VARIABLE:
  NAMES are
   id male age_c70 edu_c7 htm_c smoke cardio diabetes dementia_ever
      dementia_baseline bnt_00 bnt_01 bnt_02 bnt_03 bnt_04 bnt_05 bnt_06 bnt_07
      bnt_08 bnt_09 bnt_10 bnt_11 bnt_12 bnt_13 bnt_14 bnt_15 bnt_16 bnt_17
      bnt_18 bostordel_00 bostordel_01 bostordel_02 bostordel_03 bostordel_04
      bostordel_05 bostordel_06 bostordel_07 bostordel_08 bostordel_09 bostordel_10
      bostordel_11 bostordel_12 bostordel_13 bostordel_14 bostordel_15 bostordel_16
      bostordel_17 bostordel_18 bostorim_00 bostorim_01 bostorim_02 bostorim_03
      bostorim_04 bostorim_05 bostorim_06 bostorim_07 bostorim_08 bostorim_09
      bostorim_10 bostorim_11 bostorim_12 bostorim_13 bostorim_14 bostorim_15
      bostorim_16 bostorim_17 bostorim_18 catfluency_00 catfluency_01 catfluency_02
      catfluency_03 catfluency_04 catfluency_05 catfluency_06 catfluency_07
      catfluency_08 catfluency_09 catfluency_10 catfluency_11 catfluency_12
      catfluency_13 catfluency_14 catfluency_15 catfluency_16 catfluency_17
      catfluency_18 complexideas_00 complexideas_01 complexideas_02 complexideas_03
      complexideas_04 complexideas_05 complexideas_06 complexideas_07 complexideas_08
      complexideas_09 complexideas_10 complexideas_11 complexideas_12 complexideas_13
      complexideas_14 complexideas_15 complexideas_16 complexideas_17 complexideas_18
      digitbackward_00 digitbackward_01 digitbackward_02 digitbackward_03
      digitbackward_04 digitbackward_05 digitbackward_06 digitbackward_07
      digitbackward_08 digitbackward_09 digitbackward_10 digitbackward_11
      digitbackward_12 digitbackward_13 digitbackward_14 digitbackward_15
      digitbackward_16 digitbackward_17 digitbackward_18 digitforward_00
      digitforward_01 digitforward_02 digitforward_03 digitforward_04 digitforward_05
      digitforward_06 digitforward_07 digitforward_08 digitforward_09 digitforward_10
      digitforward_11 digitforward_12 digitforward_13 digitforward_14 digitforward_15
      digitforward_16 digitforward_17 digitforward_18 digitorder_00 digitorder_01
      digitorder_02 digitorder_03 digitorder_04 digitorder_05 digitorder_06
      digitorder_07 digitorder_08 digitorder_09 digitorder_10 digitorder_11
      digitorder_12 digitorder_13 digitorder_14 digitorder_15 digitorder_16
      digitorder_17 digitorder_18 fev_00 fev_01 fev_02 fev_03 fev_04 fev_05 fev_06
      fev_07 fev_08 fev_09 fev_10 fev_11 fev_12 fev_13 fev_14 fev_15 fev_16 fev_17
      fev_18 fev100_00 fev100_01 fev100_02 fev100_03 fev100_04 fev100_05 fev100_06
      fev100_07 fev100_08 fev100_09 fev100_10 fev100_11 fev100_12 fev100_13 fev100_14
      fev100_15 fev100_16 fev100_17 fev100_18 gait_00 gait_01 gait_02 gait_03 gait_04
      gait_05 gait_06 gait_07 gait_08 gait_09 gait_10 gait_11 gait_12 gait_13 gait_14
      gait_15 gait_16 gait_17 gait_18 grip_00 grip_01 grip_02 grip_03 grip_04 grip_05
      grip_06 grip_07 grip_08 grip_09 grip_10 grip_11 grip_12 grip_13 grip_14 grip_15
      grip_16 grip_17 grip_18 lineorientation_00 lineorientation_01 lineorientation_02
      lineorientation_03 lineorientation_04 lineorientation_05 lineorientation_06
      lineorientation_07 lineorientation_08 lineorientation_09 lineorientation_10
      lineorientation_11 lineorientation_12 lineorientation_13 lineorientation_14
      lineorientation_15 lineorientation_16 lineorientation_17 lineorientation_18
      logimemdel_00 logimemdel_01 logimemdel_02 logimemdel_03 logimemdel_04
      logimemdel_05 logimemdel_06 logimemdel_07 logimemdel_08 logimemdel_09
      logimemdel_10 logimemdel_11 logimemdel_12 logimemdel_13 logimemdel_14
      logimemdel_15 logimemdel_16 logimemdel_17 logimemdel_18 logimemim_00
      logimemim_01 logimemim_02 logimemim_03 logimemim_04 logimemim_05 logimemim_06
      logimemim_07 logimemim_08 logimemim_09 logimemim_10 logimemim_11 logimemim_12
      logimemim_13 logimemim_14 logimemim_15 logimemim_16 logimemim_17 logimemim_18
      matrices_00 matrices_01 matrices_02 matrices_03 matrices_04 matrices_05
      matrices_06 matrices_07 matrices_08 matrices_09 matrices_10 matrices_11
      matrices_12 matrices_13 matrices_14 matrices_15 matrices_16 matrices_17
      matrices_18 mmse_00 mmse_01 mmse_02 mmse_03 mmse_04 mmse_05 mmse_06 mmse_07
      mmse_08 mmse_09 mmse_10 mmse_11 mmse_12 mmse_13 mmse_14 mmse_15 mmse_16 mmse_17
      mmse_18 nart_00 nart_01 nart_02 nart_03 nart_04 nart_05 nart_06 nart_07 nart_08
      nart_09 nart_10 nart_11 nart_12 nart_13 nart_14 nart_15 nart_16 nart_17 nart_18
      numbercomparison_00 numbercomparison_01 numbercomparison_02 numbercomparison_03
      numbercomparison_04 numbercomparison_05 numbercomparison_06 numbercomparison_07
      numbercomparison_08 numbercomparison_09 numbercomparison_10 numbercomparison_11
      numbercomparison_12 numbercomparison_13 numbercomparison_14 numbercomparison_15
      numbercomparison_16 numbercomparison_17 numbercomparison_18 symbol_00
      symbol_01 symbol_02 symbol_03 symbol_04 symbol_05 symbol_06 symbol_07 symbol_08
      symbol_09 symbol_10 symbol_11 symbol_12 symbol_13 symbol_14 symbol_15 symbol_16
      symbol_17 symbol_18 wordlistdel_00 wordlistdel_01 wordlistdel_02 wordlistdel_03
      wordlistdel_04 wordlistdel_05 wordlistdel_06 wordlistdel_07 wordlistdel_08
      wordlistdel_09 wordlistdel_10 wordlistdel_11 wordlistdel_12 wordlistdel_13
      wordlistdel_14 wordlistdel_15 wordlistdel_16 wordlistdel_17 wordlistdel_18
      wordlistim_00 wordlistim_01 wordlistim_02 wordlistim_03 wordlistim_04
      wordlistim_05 wordlistim_06 wordlistim_07 wordlistim_08 wordlistim_09
      wordlistim_10 wordlistim_11 wordlistim_12 wordlistim_13 wordlistim_14
      wordlistim_15 wordlistim_16 wordlistim_17 wordlistim_18 wordlistrecog_00
      wordlistrecog_01 wordlistrecog_02 wordlistrecog_03 wordlistrecog_04
      wordlistrecog_05 wordlistrecog_06 wordlistrecog_07 wordlistrecog_08
      wordlistrecog_09 wordlistrecog_10 wordlistrecog_11 wordlistrecog_12
      wordlistrecog_13 wordlistrecog_14 wordlistrecog_15 wordlistrecog_16
      wordlistrecog_17 wordlistrecog_18 years_since_bl_00 years_since_bl_01
      years_since_bl_02 years_since_bl_03 years_since_bl_04 years_since_bl_05
      years_since_bl_06 years_since_bl_07 years_since_bl_08 years_since_bl_09
      years_since_bl_10 years_since_bl_11 years_since_bl_12 years_since_bl_13
      years_since_bl_14 years_since_bl_15 years_since_bl_16 years_since_bl_17
      years_since_bl_18
  	;
  Missing are all (-9999);
  USEVARIABLES are
  	!define the variables used in the analysis
  	! covariates used in the model
  age_c70
  edu_c7
  htm_c
  smoke
  cardio
  diabetes	
  	!estimated time points
  time_00
  time_01
  time_02
  time_03
  time_04
  	!modelled time points of process (A)
  a_00
  a_01
  a_02
  a_03
  a_04
  	!modelled time points of process (B)
  b_00
  b_01
  b_02
  b_03
  b_04
  ;
  TSCORES are
  	!estimated time points
  time_00
  time_01
  time_02
  time_03
  time_04;
  USEOBSERVATIONS are
  	!select a subset of observations
  male EQ 1
  and
  dementia_baseline NE 1
  ;
  DEFINE:
  	! assign variables to the process (A)
  a_00=fev_00;
  a_01=fev_01;
  a_02=fev_02;
  a_03=fev_03;
  a_04=fev_04;
  	! assign variables to the process (B)
  b_00=wordlistim_00;
  b_01=wordlistim_01;
  b_02=wordlistim_02;
  b_03=wordlistim_03;
  b_04=wordlistim_04;
  	!assign variables to time points
  time_00=years_since_bl_00;
  time_01=years_since_bl_01;
  time_02=years_since_bl_02;
  time_03=years_since_bl_03;
  time_04=years_since_bl_04;
  	
  ANALYSIS:
  TYPE = RANDOM;
  COVERAGE=.00;
  MODEL:
  	!first-level equation
  	! assign process (A) to time points
  ia sa | a_00 AT time_00 ;
  ia sa | a_01 AT time_01 ;
  ia sa | a_02 AT time_02 ;
  ia sa | a_03 AT time_03 ;
  ia sa | a_04 AT time_04 ;
  	! assign process (B) to time points
  ib sb | b_00 AT time_00 ;
  ib sb | b_01 AT time_01 ;
  ib sb | b_02 AT time_02 ;
  ib sb | b_03 AT time_03 ;
  ib sb | b_04 AT time_04 ;
  	!variance of the first-level terms
  ia (v_ia);
  sa (v_sa);
  ib (v_ib);
  sb (v_sb);
  	!covariance among first-level terms
  ia WITH sa (c_iasa);
  ia WITH ib (c_iaib);
  ia WITH sb (c_iasb);
  sa WITH ib (c_saib);
  sa WITH sb (c_sasb);
  ib WITH sb (c_ibsb);
  	!second-level equation
  ia sa ib sb ON age_c70
  edu_c7
  htm_c
  smoke
  cardio
  diabetes;
  	!residual covariance of process (A)
  a_00 (res_a);
  a_01 (res_a);
  a_02 (res_a);
  a_03 (res_a);
  a_04 (res_a);	
  	!residual covariance of process (B)
  b_00 (res_b);
  b_01 (res_b);
  b_02 (res_b);
  b_03 (res_b);
  b_04 (res_b);	
  	!Paired covariances constrained to be equal across t
  a_00 pwith b_00 (res_cov);
  a_01 pwith b_01 (res_cov);
  a_02 pwith b_02 (res_cov);
  a_03 pwith b_03 (res_cov);
  a_04 pwith b_04 (res_cov);	
  MODEL CONSTRAINT:
  	!assigns labels to new parameters;
  NEW r_iaib;
  NEW r_sasb;
  NEW r_res_ab;
  	!compute confidence intervals for correlation coefficients;
  r_iaib = c_iaib/((v_ia**0.5)*(v_ib**0.5));
  r_sasb = c_sasb/((v_sa**0.5)*(v_sb**0.5));
  r_res_ab = res_cov/((res_a**0.5)*(res_b**0.5));
  SAVEDATA:
  FILE is   b1_male_aehplus_fev_wordlistim_fscores.dat;
  SAVE = FSCORES;
  RESULTS are   b1_male_aehplus_fev_wordlistim_results.dat;
  	
  OUTPUT: sampstat cinterval;
  PLOT: Type is Plot1 Plot2 Plot3;



*** WARNING
  Data set contains cases with missing on x-variables.
  These cases were not included in the analysis.
  Number of cases with missing on x-variables:  43
   1 WARNING(S) FOUND IN THE INPUT INSTRUCTIONS




Script produced from the prototype in ./sandbox/syntax-creator/

SUMMARY OF ANALYSIS

Number of groups                                                 1
Number of observations                                         399

Number of dependent variables                                   10
Number of independent variables                                  6
Number of continuous latent variables                            4

Observed dependent variables

  Continuous
   A_00        A_01        A_02        A_03        A_04        B_00
   B_01        B_02        B_03        B_04

Observed independent variables
   AGE_C70     EDU_C7      HTM_C       SMOKE       CARDIO      DIABETES

Continuous latent variables
   IA          SA          IB          SB

Variables with special functions

  Time scores
   TIME_00     TIME_01     TIME_02     TIME_03     TIME_04


Estimator                                                      MLR
Information matrix                                        OBSERVED
Maximum number of iterations                                   100
Convergence criterion                                    0.100D-05
Maximum number of EM iterations                                500
Convergence criteria for the EM algorithm
  Loglikelihood change                                   0.100D-02
  Relative loglikelihood change                          0.100D-05
  Derivative                                             0.100D-03
Minimum variance                                         0.100D-03
Maximum number of steepest descent iterations                   20
Maximum number of iterations for H1                           2000
Convergence criterion for H1                             0.100D-03
Optimization algorithm                                         EMA

Input data file(s)
  wide-dataset.dat
Input data format  FREE


SUMMARY OF DATA

     Number of missing data patterns            61


COVARIANCE COVERAGE OF DATA

Minimum covariance coverage value   0.000


     PROPORTION OF DATA PRESENT


           Covariance Coverage
              A_00          A_01          A_02          A_03          A_04
              ________      ________      ________      ________      ________
 A_00           0.840
 A_01           0.609         0.614
 A_02           0.506         0.469         0.516
 A_03           0.401         0.358         0.368         0.414
 A_04           0.266         0.226         0.238         0.243         0.353
 B_00           0.837         0.612         0.516         0.414         0.353
 B_01           0.734         0.609         0.514         0.401         0.348
 B_02           0.642         0.554         0.514         0.404         0.346
 B_03           0.564         0.481         0.469         0.404         0.343
 B_04           0.484         0.419         0.404         0.371         0.351
 AGE_C70        0.840         0.614         0.516         0.414         0.353
 EDU_C7         0.840         0.614         0.516         0.414         0.353
 HTM_C          0.840         0.614         0.516         0.414         0.353
 SMOKE          0.840         0.614         0.516         0.414         0.353
 CARDIO         0.840         0.614         0.516         0.414         0.353
 DIABETES       0.840         0.614         0.516         0.414         0.353


           Covariance Coverage
              B_00          B_01          B_02          B_03          B_04
              ________      ________      ________      ________      ________
 B_00           0.997
 B_01           0.870         0.872
 B_02           0.757         0.742         0.757
 B_03           0.667         0.652         0.642         0.667
 B_04           0.579         0.564         0.559         0.559         0.579
 AGE_C70        0.997         0.872         0.757         0.667         0.579
 EDU_C7         0.997         0.872         0.757         0.667         0.579
 HTM_C          0.997         0.872         0.757         0.667         0.579
 SMOKE          0.997         0.872         0.757         0.667         0.579
 CARDIO         0.997         0.872         0.757         0.667         0.579
 DIABETES       0.997         0.872         0.757         0.667         0.579


           Covariance Coverage
              AGE_C70       EDU_C7        HTM_C         SMOKE         CARDIO
              ________      ________      ________      ________      ________
 AGE_C70        1.000
 EDU_C7         1.000         1.000
 HTM_C          1.000         1.000         1.000
 SMOKE          1.000         1.000         1.000         1.000
 CARDIO         1.000         1.000         1.000         1.000         1.000
 DIABETES       1.000         1.000         1.000         1.000         1.000


           Covariance Coverage
              DIABETES
              ________
 DIABETES       1.000


SAMPLE STATISTICS


     ESTIMATED SAMPLE STATISTICS


           Means
              A_00          A_01          A_02          A_03          A_04
              ________      ________      ________      ________      ________
 1              2.157         2.120         2.016         1.997         1.975


           Means
              B_00          B_01          B_02          B_03          B_04
              ________      ________      ________      ________      ________
 1             15.882        16.405        16.203        16.535        16.346


           Means
              AGE_C70       EDU_C7        HTM_C         SMOKE         CARDIO
              ________      ________      ________      ________      ________
 1             10.079         8.554         0.017         0.511         0.236


           Means
              DIABETES
              ________
 1              0.261


           Covariances
              A_00          A_01          A_02          A_03          A_04
              ________      ________      ________      ________      ________
 A_00           0.385
 A_01           0.326         0.337
 A_02           0.334         0.320         0.398
 A_03           0.324         0.311         0.331         0.374
 A_04           0.320         0.312         0.320         0.336         0.358
 B_00           0.428         0.345         0.380         0.390         0.506
 B_01           0.391         0.387         0.258         0.235         0.393
 B_02           0.412         0.467         0.452         0.459         0.558
 B_03           0.551         0.531         0.606         0.630         0.604
 B_04           0.343         0.301         0.266         0.421         0.573
 AGE_C70       -1.363        -1.209        -1.284        -1.606        -1.576
 EDU_C7         0.446         0.484         0.565         0.324         0.435
 HTM_C          0.014         0.015         0.016         0.016         0.012
 SMOKE         -0.029        -0.015         0.013         0.013         0.014
 CARDIO        -0.020        -0.032        -0.025        -0.046        -0.035
 DIABETES      -0.025        -0.016        -0.025        -0.014        -0.028


           Covariances
              B_00          B_01          B_02          B_03          B_04
              ________      ________      ________      ________      ________
 B_00          16.667
 B_01          10.729        16.109
 B_02          11.603        11.871        19.453
 B_03          12.539        12.894        14.595        22.448
 B_04          13.507        13.117        14.776        17.379        23.657
 AGE_C70       -8.710        -8.742        -8.891       -10.715        -9.136
 EDU_C7         2.935         2.913         3.642         4.002         2.597
 HTM_C          0.033         0.019         0.049         0.047        -0.012
 SMOKE          0.022        -0.063        -0.076        -0.189         0.036
 CARDIO        -0.007         0.023         0.000        -0.007         0.013
 DIABETES       0.048         0.067         0.108         0.048        -0.086


           Covariances
              AGE_C70       EDU_C7        HTM_C         SMOKE         CARDIO
              ________      ________      ________      ________      ________
 AGE_C70       49.994
 EDU_C7         0.067        12.548
 HTM_C         -0.063         0.067         0.006
 SMOKE         -0.327        -0.155         0.002         0.250
 CARDIO         0.136        -0.025        -0.001         0.022         0.180
 DIABETES      -0.315        -0.194         0.001         0.005         0.001


           Covariances
              DIABETES
              ________
 DIABETES       0.193


           Correlations
              A_00          A_01          A_02          A_03          A_04
              ________      ________      ________      ________      ________
 A_00           1.000
 A_01           0.904         1.000
 A_02           0.853         0.874         1.000
 A_03           0.854         0.877         0.858         1.000
 A_04           0.861         0.897         0.848         0.919         1.000
 B_00           0.169         0.145         0.147         0.156         0.207
 B_01           0.157         0.166         0.102         0.096         0.164
 B_02           0.151         0.182         0.162         0.170         0.211
 B_03           0.187         0.193         0.203         0.217         0.213
 B_04           0.114         0.106         0.087         0.141         0.197
 AGE_C70       -0.311        -0.294        -0.288        -0.371        -0.372
 EDU_C7         0.203         0.235         0.253         0.149         0.205
 HTM_C          0.301         0.350         0.333         0.348         0.269
 SMOKE         -0.095        -0.051         0.041         0.043         0.047
 CARDIO        -0.077        -0.130        -0.095        -0.175        -0.140
 DIABETES      -0.093        -0.061        -0.090        -0.052        -0.106


           Correlations
              B_00          B_01          B_02          B_03          B_04
              ________      ________      ________      ________      ________
 B_00           1.000
 B_01           0.655         1.000
 B_02           0.644         0.671         1.000
 B_03           0.648         0.678         0.698         1.000
 B_04           0.680         0.672         0.689         0.754         1.000
 AGE_C70       -0.302        -0.308        -0.285        -0.320        -0.266
 EDU_C7         0.203         0.205         0.233         0.238         0.151
 HTM_C          0.107         0.064         0.148         0.132        -0.034
 SMOKE          0.011        -0.031        -0.035        -0.080         0.015
 CARDIO        -0.004         0.013         0.000        -0.003         0.006
 DIABETES       0.027         0.038         0.056         0.023        -0.040


           Correlations
              AGE_C70       EDU_C7        HTM_C         SMOKE         CARDIO
              ________      ________      ________      ________      ________
 AGE_C70        1.000
 EDU_C7         0.003         1.000
 HTM_C         -0.118         0.251         1.000
 SMOKE         -0.093        -0.088         0.047         1.000
 CARDIO         0.045        -0.017        -0.040         0.106         1.000
 DIABETES      -0.101        -0.125         0.044         0.021         0.007


           Correlations
              DIABETES
              ________
 DIABETES       1.000


     MAXIMUM LOG-LIKELIHOOD VALUE FOR THE UNRESTRICTED (H1) MODEL IS -6930.159


UNIVARIATE SAMPLE STATISTICS


     UNIVARIATE HIGHER-ORDER MOMENT DESCRIPTIVE STATISTICS

         Variable/         Mean/     Skewness/   Minimum/ % with                Percentiles
        Sample Size      Variance    Kurtosis    Maximum  Min/Max      20%/60%    40%/80%    Median

     A_00                  2.163      -0.160       0.420    0.30%       1.620      2.025      2.195
             335.000       0.399      -0.274       3.930    0.30%       2.340      2.705
     A_01                  2.161      -0.194       0.705    0.41%       1.635      2.040      2.180
             245.000       0.316      -0.456       3.605    0.41%       2.340      2.655
     A_02                  2.075      -0.096       0.585    0.49%       1.565      1.870      2.072
             206.000       0.378      -0.477       3.630    0.49%       2.275      2.625
     A_03                  2.036      -0.128       0.715    0.61%       1.555      1.940      2.055
             165.000       0.318      -0.250       3.490    0.61%       2.150      2.475
     A_04                  2.028      -0.101       0.670    0.71%       1.505      1.915      2.065
             141.000       0.282      -0.374       3.285    0.71%       2.175      2.500
     B_00                 15.887      -0.064       4.000    0.50%      12.000     15.000     16.000
             398.000      16.678      -0.045      29.000    0.25%      17.000     20.000
     B_01                 16.477      -0.128       4.000    0.29%      13.000     15.000     17.000
             348.000      15.951       0.003      30.000    0.29%      18.000     20.000
     B_02                 16.411      -0.226       2.000    0.33%      13.000     15.000     16.000
             302.000      18.957       0.252      30.000    0.33%      18.000     20.000
     B_03                 16.827      -0.245       3.000    0.38%      13.000     16.000     17.000
             266.000      21.075       0.029      30.000    0.38%      18.000     21.000
     B_04                 16.749      -0.430       0.000    0.43%      13.000     16.000     17.000
             231.000      21.236       0.510      28.000    0.43%      18.000     21.000
     AGE_C70              10.079      -0.494     -12.094    0.25%       4.335      9.050     10.914
             399.000      49.994       0.134      28.508    0.25%      12.543     15.744
     EDU_C7                8.554      -0.285      -7.000    0.25%       5.000      8.000      9.000
             399.000      12.548       2.013      21.000    0.50%       9.000     11.000
     HTM_C                 0.017      -0.486      -0.298    0.25%      -0.044      0.007      0.033
             399.000       0.006       0.610       0.185    1.00%       0.033      0.083
     SMOKE                 0.511      -0.045       0.000   48.87%       0.000      0.000      1.000
             399.000       0.250      -1.998       1.000   51.13%       1.000      1.000
     CARDIO                0.236       1.246       0.000   76.44%       0.000      0.000      0.000
             399.000       0.180      -0.447       1.000   23.56%       0.000      1.000
     DIABETES              0.261       1.090       0.000   73.93%       0.000      0.000      0.000
             399.000       0.193      -0.811       1.000   26.07%       0.000      1.000


THE MODEL ESTIMATION TERMINATED NORMALLY



MODEL FIT INFORMATION

Number of Free Parameters                       41

Loglikelihood

          H0 Value                       -4323.838
          H0 Scaling Correction Factor      1.0798
            for MLR

Information Criteria

          Akaike (AIC)                    8729.675
          Bayesian (BIC)                  8893.223
          Sample-Size Adjusted BIC        8763.128
            (n* = (n + 2) / 24)



MODEL RESULTS

                                                    Two-Tailed
                    Estimate       S.E.  Est./S.E.    P-Value

 IA         ON
    AGE_C70           -0.025      0.004     -6.565      0.000
    EDU_C7             0.022      0.008      2.623      0.009
    HTM_C              2.085      0.373      5.594      0.000
    SMOKE             -0.139      0.057     -2.438      0.015
    CARDIO            -0.082      0.071     -1.160      0.246
    DIABETES          -0.154      0.070     -2.184      0.029

 SA         ON
    AGE_C70           -0.001      0.001     -1.357      0.175
    EDU_C7             0.000      0.002     -0.241      0.809
    HTM_C             -0.014      0.110     -0.124      0.902
    SMOKE              0.055      0.012      4.673      0.000
    CARDIO            -0.028      0.014     -2.058      0.040
    DIABETES           0.005      0.014      0.388      0.698

 IB         ON
    AGE_C70           -0.168      0.025     -6.669      0.000
    EDU_C7             0.237      0.051      4.608      0.000
    HTM_C              1.369      2.264      0.605      0.545
    SMOKE             -0.191      0.349     -0.547      0.585
    CARDIO             0.180      0.384      0.469      0.639
    DIABETES           0.413      0.404      1.023      0.306

 SB         ON
    AGE_C70           -0.009      0.008     -1.167      0.243
    EDU_C7             0.011      0.016      0.700      0.484
    HTM_C             -0.726      0.740     -0.982      0.326
    SMOKE             -0.062      0.115     -0.536      0.592
    CARDIO             0.026      0.130      0.202      0.840
    DIABETES          -0.139      0.122     -1.134      0.257

 IA       WITH
    SA                -0.004      0.003     -1.259      0.208
    IB                 0.030      0.096      0.313      0.755
    SB                 0.011      0.031      0.356      0.722

 SA       WITH
    IB                -0.009      0.021     -0.459      0.646
    SB                 0.005      0.006      0.765      0.444

 IB       WITH
    SB                 0.588      0.215      2.738      0.006

 A_00     WITH
    B_00               0.058      0.022      2.649      0.008

 A_01     WITH
    B_01               0.058      0.022      2.649      0.008

 A_02     WITH
    B_02               0.058      0.022      2.649      0.008

 A_03     WITH
    B_03               0.058      0.022      2.649      0.008

 A_04     WITH
    B_04               0.058      0.022      2.649      0.008

 Intercepts
    A_00               0.000      0.000    999.000    999.000
    A_01               0.000      0.000    999.000    999.000
    A_02               0.000      0.000    999.000    999.000
    A_03               0.000      0.000    999.000    999.000
    A_04               0.000      0.000    999.000    999.000
    B_00               0.000      0.000    999.000    999.000
    B_01               0.000      0.000    999.000    999.000
    B_02               0.000      0.000    999.000    999.000
    B_03               0.000      0.000    999.000    999.000
    B_04               0.000      0.000    999.000    999.000
    IA                 2.314      0.105     22.077      0.000
    SA                -0.059      0.021     -2.773      0.006
    IB                15.641      0.636     24.594      0.000
    SB                 0.181      0.184      0.981      0.326

 Residual Variances
    A_00               0.043      0.005      9.101      0.000
    A_01               0.043      0.005      9.101      0.000
    A_02               0.043      0.005      9.101      0.000
    A_03               0.043      0.005      9.101      0.000
    A_04               0.043      0.005      9.101      0.000
    B_00               5.912      0.314     18.832      0.000
    B_01               5.912      0.314     18.832      0.000
    B_02               5.912      0.314     18.832      0.000
    B_03               5.912      0.314     18.832      0.000
    B_04               5.912      0.314     18.832      0.000
    IA                 0.252      0.022     11.361      0.000
    SA                 0.001      0.001      1.215      0.224
    IB                 7.908      0.928      8.525      0.000
    SB                 0.168      0.067      2.507      0.012

New/Additional Parameters
    R_IAIB             0.021      0.068      0.312      0.755
    R_SASB             0.320      0.423      0.757      0.449
    R_RES_AB           0.116      0.044      2.628      0.009


QUALITY OF NUMERICAL RESULTS

     Condition Number for the Information Matrix              0.222E-06
       (ratio of smallest to largest eigenvalue)


CONFIDENCE INTERVALS OF MODEL RESULTS

                  Lower .5%  Lower 2.5%    Lower 5%    Estimate    Upper 5%  Upper 2.5%   Upper .5%

 IA       ON
    AGE_C70         -0.035      -0.032      -0.031      -0.025      -0.019      -0.017      -0.015
    EDU_C7           0.000       0.006       0.008       0.022       0.036       0.039       0.044
    HTM_C            1.125       1.354       1.472       2.085       2.698       2.816       3.045
    SMOKE           -0.287      -0.251      -0.233      -0.139      -0.045      -0.027       0.008
    CARDIO          -0.264      -0.220      -0.198      -0.082       0.034       0.056       0.100
    DIABETES        -0.335      -0.292      -0.269      -0.154      -0.038      -0.016       0.028

 SA       ON
    AGE_C70         -0.004      -0.003      -0.003      -0.001       0.000       0.001       0.001
    EDU_C7          -0.005      -0.004      -0.003       0.000       0.002       0.003       0.004
    HTM_C           -0.298      -0.230      -0.195      -0.014       0.168       0.203       0.271
    SMOKE            0.025       0.032       0.036       0.055       0.075       0.079       0.086
    CARDIO          -0.063      -0.055      -0.050      -0.028      -0.006      -0.001       0.007
    DIABETES        -0.030      -0.021      -0.017       0.005       0.028       0.032       0.040

 IB       ON
    AGE_C70         -0.233      -0.218      -0.210      -0.168      -0.127      -0.119      -0.103
    EDU_C7           0.105       0.136       0.152       0.237       0.322       0.338       0.370
    HTM_C           -4.464      -3.069      -2.356       1.369       5.094       5.808       7.202
    SMOKE           -1.091      -0.876      -0.766      -0.191       0.384       0.494       0.709
    CARDIO          -0.808      -0.572      -0.451       0.180       0.811       0.932       1.168
    DIABETES        -0.627      -0.379      -0.251       0.413       1.078       1.206       1.454

 SB       ON
    AGE_C70         -0.029      -0.024      -0.022      -0.009       0.004       0.006       0.011
    EDU_C7          -0.029      -0.020      -0.015       0.011       0.037       0.042       0.051
    HTM_C           -2.632      -2.176      -1.943      -0.726       0.490       0.723       1.179
    SMOKE           -0.358      -0.287      -0.251      -0.062       0.127       0.164       0.234
    CARDIO          -0.308      -0.228      -0.187       0.026       0.240       0.281       0.361
    DIABETES        -0.454      -0.379      -0.340      -0.139       0.063       0.101       0.177

 IA       WITH
    SA              -0.012      -0.010      -0.009      -0.004       0.001       0.002       0.004
    IB              -0.217      -0.158      -0.128       0.030       0.187       0.218       0.277
    SB              -0.068      -0.049      -0.040       0.011       0.061       0.071       0.090

 SA       WITH
    IB              -0.063      -0.050      -0.043      -0.009       0.025       0.031       0.044
    SB              -0.011      -0.007      -0.005       0.005       0.015       0.016       0.020

 IB       WITH
    SB               0.035       0.167       0.235       0.588       0.941       1.008       1.140

 A_00     WITH
    B_00             0.002       0.015       0.022       0.058       0.095       0.102       0.115

 A_01     WITH
    B_01             0.002       0.015       0.022       0.058       0.095       0.102       0.115

 A_02     WITH
    B_02             0.002       0.015       0.022       0.058       0.095       0.102       0.115

 A_03     WITH
    B_03             0.002       0.015       0.022       0.058       0.095       0.102       0.115

 A_04     WITH
    B_04             0.002       0.015       0.022       0.058       0.095       0.102       0.115

 Intercepts
    A_00             0.000       0.000       0.000       0.000       0.000       0.000       0.000
    A_01             0.000       0.000       0.000       0.000       0.000       0.000       0.000
    A_02             0.000       0.000       0.000       0.000       0.000       0.000       0.000
    A_03             0.000       0.000       0.000       0.000       0.000       0.000       0.000
    A_04             0.000       0.000       0.000       0.000       0.000       0.000       0.000
    B_00             0.000       0.000       0.000       0.000       0.000       0.000       0.000
    B_01             0.000       0.000       0.000       0.000       0.000       0.000       0.000
    B_02             0.000       0.000       0.000       0.000       0.000       0.000       0.000
    B_03             0.000       0.000       0.000       0.000       0.000       0.000       0.000
    B_04             0.000       0.000       0.000       0.000       0.000       0.000       0.000
    IA               2.044       2.109       2.142       2.314       2.486       2.519       2.584
    SA              -0.114      -0.101      -0.094      -0.059      -0.024      -0.017      -0.004
    IB              14.003      14.395      14.595      15.641      16.688      16.888      17.280
    SB              -0.294      -0.180      -0.122       0.181       0.484       0.542       0.656

 Residual Variances
    A_00             0.031       0.033       0.035       0.043       0.050       0.052       0.055
    A_01             0.031       0.033       0.035       0.043       0.050       0.052       0.055
    A_02             0.031       0.033       0.035       0.043       0.050       0.052       0.055
    A_03             0.031       0.033       0.035       0.043       0.050       0.052       0.055
    A_04             0.031       0.033       0.035       0.043       0.050       0.052       0.055
    B_00             5.103       5.296       5.395       5.912       6.428       6.527       6.720
    B_01             5.103       5.296       5.395       5.912       6.428       6.527       6.720
    B_02             5.103       5.296       5.395       5.912       6.428       6.527       6.720
    B_03             5.103       5.296       5.395       5.912       6.428       6.527       6.720
    B_04             5.103       5.296       5.395       5.912       6.428       6.527       6.720
    IA               0.195       0.208       0.215       0.252       0.288       0.295       0.309
    SA              -0.001      -0.001       0.000       0.001       0.003       0.003       0.004
    IB               5.518       6.090       6.382       7.908       9.434       9.726      10.297
    SB              -0.005       0.037       0.058       0.168       0.278       0.299       0.340

New/Additional Parameters
    R_IAIB          -0.154      -0.112      -0.091       0.021       0.133       0.154       0.196
    R_SASB          -0.769      -0.509      -0.376       0.320       1.016       1.150       1.410
    R_RES_AB         0.002       0.030       0.044       0.116       0.189       0.203       0.230


SAMPLE STATISTICS FOR ESTIMATED FACTOR SCORES


     SAMPLE STATISTICS


           Means
              IA            IA_SE         SA            SA_SE         IB
              ________      ________      ________      ________      ________
 1              2.156         0.168        -0.053         0.033        16.048


           Means
              IB_SE         SB            SB_SE
              ________      ________      ________
 1              1.194         0.110         0.311


           Covariances
              IA            IA_SE         SA            SA_SE         IB
              ________      ________      ________      ________      ________
 IA             0.296
 IA_SE         -0.003         0.010
 SA            -0.002         0.000         0.001
 SA_SE          0.000         0.000         0.000         0.000
 IB             0.349        -0.010         0.006         0.000         8.647
 IB_SE         -0.023         0.010         0.000         0.000        -0.090
 SB             0.024         0.000         0.000         0.000         0.673
 SB_SE         -0.003         0.001         0.000         0.000        -0.014


           Covariances
              IB_SE         SB            SB_SE
              ________      ________      ________
 IB_SE          0.067
 SB            -0.005         0.081
 SB_SE          0.008        -0.001         0.001


           Correlations
              IA            IA_SE         SA            SA_SE         IB
              ________      ________      ________      ________      ________
 IA             1.000
 IA_SE         -0.049         1.000
 SA            -0.108         0.022         1.000
 SA_SE         -0.111         0.592         0.046         1.000
 IB             0.218        -0.036         0.058        -0.049         1.000
 IB_SE         -0.166         0.406         0.056         0.535        -0.118
 SB             0.156         0.013        -0.017         0.043         0.803
 SB_SE         -0.183         0.424         0.044         0.634        -0.138


           Correlations
              IB_SE         SB            SB_SE
              ________      ________      ________
 IB_SE          1.000
 SB            -0.074         1.000
 SB_SE          0.931        -0.068         1.000


RESULTS SAVING INFORMATION

  Order of data

    Parameter estimates
     (saved in order shown in Technical 1 output)
    Standard errors
     (saved in order shown in Technical 1 output)
    H0 Loglikelihood
    H0 Scaling Correction Factor for MLR
    Number of Free Parameters
    Akaike (AIC)
    Bayesian (BIC)
    Sample-Size Adjusted BIC
    Condition Number

  Save file
    b1_male_aehplus_fev_wordlistim_results.dat

  Save file format           Free


PLOT INFORMATION

The following plots are available:

  Histograms (sample values, estimated factor scores)
  Scatterplots (sample values, estimated factor scores)
  Latent variable distribution plots

SAVEDATA INFORMATION


  Save file
    b1_male_aehplus_fev_wordlistim_fscores.dat

  Order and format of variables

    A_00           F10.3
    A_01           F10.3
    A_02           F10.3
    A_03           F10.3
    A_04           F10.3
    B_00           F10.3
    B_01           F10.3
    B_02           F10.3
    B_03           F10.3
    B_04           F10.3
    AGE_C70        F10.3
    EDU_C7         F10.3
    HTM_C          F10.3
    SMOKE          F10.3
    CARDIO         F10.3
    DIABETES       F10.3
    TIME_00        F10.3
    TIME_01        F10.3
    TIME_02        F10.3
    TIME_03        F10.3
    TIME_04        F10.3
    IA             F10.3
    IA_SE          F10.3
    SA             F10.3
    SA_SE          F10.3
    IB             F10.3
    IB_SE          F10.3
    SB             F10.3
    SB_SE          F10.3

  Save file format
    29F10.3

  Save file record length    10000


     Beginning Time:  22:25:46
        Ending Time:  22:25:49
       Elapsed Time:  00:00:03



MUTHEN & MUTHEN
3463 Stoner Ave.
Los Angeles, CA  90066

Tel: (310) 391-9971
Fax: (310) 391-8971
Web: www.StatModel.com
Support: Support@StatModel.com

Copyright (c) 1998-2015 Muthen & Muthen
