Mplus VERSION 7.4 (Mac)
MUTHEN & MUTHEN
02/08/2017  10:44 PM

INPUT INSTRUCTIONS

  TITLE:
  Script produced from the prototype in ./sandbox/syntax-creator/
  DATA:
  File = wide-dataset.dat ;
  VARIABLE:
  NAMES are
   id male age_c70 edu_c7 htm_c smoke cardio diabetes dementia_ever
      dementia_baseline bnt_00 bnt_01 bnt_02 bnt_03 bnt_04 bnt_05 bnt_06 bnt_07
      bnt_08 bnt_09 bnt_10 bnt_11 bnt_12 bnt_13 bnt_14 bnt_15 bnt_16 bnt_17
      bnt_18 bostordel_00 bostordel_01 bostordel_02 bostordel_03 bostordel_04
      bostordel_05 bostordel_06 bostordel_07 bostordel_08 bostordel_09 bostordel_10
      bostordel_11 bostordel_12 bostordel_13 bostordel_14 bostordel_15 bostordel_16
      bostordel_17 bostordel_18 bostorim_00 bostorim_01 bostorim_02 bostorim_03
      bostorim_04 bostorim_05 bostorim_06 bostorim_07 bostorim_08 bostorim_09
      bostorim_10 bostorim_11 bostorim_12 bostorim_13 bostorim_14 bostorim_15
      bostorim_16 bostorim_17 bostorim_18 catfluency_00 catfluency_01 catfluency_02
      catfluency_03 catfluency_04 catfluency_05 catfluency_06 catfluency_07
      catfluency_08 catfluency_09 catfluency_10 catfluency_11 catfluency_12
      catfluency_13 catfluency_14 catfluency_15 catfluency_16 catfluency_17
      catfluency_18 complexideas_00 complexideas_01 complexideas_02 complexideas_03
      complexideas_04 complexideas_05 complexideas_06 complexideas_07 complexideas_08
      complexideas_09 complexideas_10 complexideas_11 complexideas_12 complexideas_13
      complexideas_14 complexideas_15 complexideas_16 complexideas_17 complexideas_18
      digitbackward_00 digitbackward_01 digitbackward_02 digitbackward_03
      digitbackward_04 digitbackward_05 digitbackward_06 digitbackward_07
      digitbackward_08 digitbackward_09 digitbackward_10 digitbackward_11
      digitbackward_12 digitbackward_13 digitbackward_14 digitbackward_15
      digitbackward_16 digitbackward_17 digitbackward_18 digitforward_00
      digitforward_01 digitforward_02 digitforward_03 digitforward_04 digitforward_05
      digitforward_06 digitforward_07 digitforward_08 digitforward_09 digitforward_10
      digitforward_11 digitforward_12 digitforward_13 digitforward_14 digitforward_15
      digitforward_16 digitforward_17 digitforward_18 digitorder_00 digitorder_01
      digitorder_02 digitorder_03 digitorder_04 digitorder_05 digitorder_06
      digitorder_07 digitorder_08 digitorder_09 digitorder_10 digitorder_11
      digitorder_12 digitorder_13 digitorder_14 digitorder_15 digitorder_16
      digitorder_17 digitorder_18 fev_00 fev_01 fev_02 fev_03 fev_04 fev_05 fev_06
      fev_07 fev_08 fev_09 fev_10 fev_11 fev_12 fev_13 fev_14 fev_15 fev_16 fev_17
      fev_18 fev100_00 fev100_01 fev100_02 fev100_03 fev100_04 fev100_05 fev100_06
      fev100_07 fev100_08 fev100_09 fev100_10 fev100_11 fev100_12 fev100_13 fev100_14
      fev100_15 fev100_16 fev100_17 fev100_18 gait_00 gait_01 gait_02 gait_03 gait_04
      gait_05 gait_06 gait_07 gait_08 gait_09 gait_10 gait_11 gait_12 gait_13 gait_14
      gait_15 gait_16 gait_17 gait_18 grip_00 grip_01 grip_02 grip_03 grip_04 grip_05
      grip_06 grip_07 grip_08 grip_09 grip_10 grip_11 grip_12 grip_13 grip_14 grip_15
      grip_16 grip_17 grip_18 lineorientation_00 lineorientation_01 lineorientation_02
      lineorientation_03 lineorientation_04 lineorientation_05 lineorientation_06
      lineorientation_07 lineorientation_08 lineorientation_09 lineorientation_10
      lineorientation_11 lineorientation_12 lineorientation_13 lineorientation_14
      lineorientation_15 lineorientation_16 lineorientation_17 lineorientation_18
      logimemdel_00 logimemdel_01 logimemdel_02 logimemdel_03 logimemdel_04
      logimemdel_05 logimemdel_06 logimemdel_07 logimemdel_08 logimemdel_09
      logimemdel_10 logimemdel_11 logimemdel_12 logimemdel_13 logimemdel_14
      logimemdel_15 logimemdel_16 logimemdel_17 logimemdel_18 logimemim_00
      logimemim_01 logimemim_02 logimemim_03 logimemim_04 logimemim_05 logimemim_06
      logimemim_07 logimemim_08 logimemim_09 logimemim_10 logimemim_11 logimemim_12
      logimemim_13 logimemim_14 logimemim_15 logimemim_16 logimemim_17 logimemim_18
      matrices_00 matrices_01 matrices_02 matrices_03 matrices_04 matrices_05
      matrices_06 matrices_07 matrices_08 matrices_09 matrices_10 matrices_11
      matrices_12 matrices_13 matrices_14 matrices_15 matrices_16 matrices_17
      matrices_18 mmse_00 mmse_01 mmse_02 mmse_03 mmse_04 mmse_05 mmse_06 mmse_07
      mmse_08 mmse_09 mmse_10 mmse_11 mmse_12 mmse_13 mmse_14 mmse_15 mmse_16 mmse_17
      mmse_18 nart_00 nart_01 nart_02 nart_03 nart_04 nart_05 nart_06 nart_07 nart_08
      nart_09 nart_10 nart_11 nart_12 nart_13 nart_14 nart_15 nart_16 nart_17 nart_18
      numbercomparison_00 numbercomparison_01 numbercomparison_02 numbercomparison_03
      numbercomparison_04 numbercomparison_05 numbercomparison_06 numbercomparison_07
      numbercomparison_08 numbercomparison_09 numbercomparison_10 numbercomparison_11
      numbercomparison_12 numbercomparison_13 numbercomparison_14 numbercomparison_15
      numbercomparison_16 numbercomparison_17 numbercomparison_18 symbol_00
      symbol_01 symbol_02 symbol_03 symbol_04 symbol_05 symbol_06 symbol_07 symbol_08
      symbol_09 symbol_10 symbol_11 symbol_12 symbol_13 symbol_14 symbol_15 symbol_16
      symbol_17 symbol_18 wordlistdel_00 wordlistdel_01 wordlistdel_02 wordlistdel_03
      wordlistdel_04 wordlistdel_05 wordlistdel_06 wordlistdel_07 wordlistdel_08
      wordlistdel_09 wordlistdel_10 wordlistdel_11 wordlistdel_12 wordlistdel_13
      wordlistdel_14 wordlistdel_15 wordlistdel_16 wordlistdel_17 wordlistdel_18
      wordlistim_00 wordlistim_01 wordlistim_02 wordlistim_03 wordlistim_04
      wordlistim_05 wordlistim_06 wordlistim_07 wordlistim_08 wordlistim_09
      wordlistim_10 wordlistim_11 wordlistim_12 wordlistim_13 wordlistim_14
      wordlistim_15 wordlistim_16 wordlistim_17 wordlistim_18 wordlistrecog_00
      wordlistrecog_01 wordlistrecog_02 wordlistrecog_03 wordlistrecog_04
      wordlistrecog_05 wordlistrecog_06 wordlistrecog_07 wordlistrecog_08
      wordlistrecog_09 wordlistrecog_10 wordlistrecog_11 wordlistrecog_12
      wordlistrecog_13 wordlistrecog_14 wordlistrecog_15 wordlistrecog_16
      wordlistrecog_17 wordlistrecog_18 years_since_bl_00 years_since_bl_01
      years_since_bl_02 years_since_bl_03 years_since_bl_04 years_since_bl_05
      years_since_bl_06 years_since_bl_07 years_since_bl_08 years_since_bl_09
      years_since_bl_10 years_since_bl_11 years_since_bl_12 years_since_bl_13
      years_since_bl_14 years_since_bl_15 years_since_bl_16 years_since_bl_17
      years_since_bl_18
  	;
  Missing are all (-9999);
  USEVARIABLES are
  	!define the variables used in the analysis
  	! covariates used in the model
  age_c70
  edu_c7
  htm_c	
  	!estimated time points
  time_00
  time_01
  time_02
  time_03
  time_04
  	!modelled time points of process (A)
  a_00
  a_01
  a_02
  a_03
  a_04
  	!modelled time points of process (B)
  b_00
  b_01
  b_02
  b_03
  b_04
  ;
  TSCORES are
  	!estimated time points
  time_00
  time_01
  time_02
  time_03
  time_04;
  USEOBSERVATIONS are
  	!select a subset of observations
  male EQ 0
  and
  dementia_baseline NE 1
  ;
  DEFINE:
  	! assign variables to the process (A)
  a_00=grip_00;
  a_01=grip_01;
  a_02=grip_02;
  a_03=grip_03;
  a_04=grip_04;
  	! assign variables to the process (B)
  b_00=complexideas_00;
  b_01=complexideas_01;
  b_02=complexideas_02;
  b_03=complexideas_03;
  b_04=complexideas_04;
  	!assign variables to time points
  time_00=years_since_bl_00;
  time_01=years_since_bl_01;
  time_02=years_since_bl_02;
  time_03=years_since_bl_03;
  time_04=years_since_bl_04;
  	
  ANALYSIS:
  TYPE = RANDOM;
  COVERAGE=.00;
  MODEL:
  	!first-level equation
  	! assign process (A) to time points
  ia sa | a_00 AT time_00 ;
  ia sa | a_01 AT time_01 ;
  ia sa | a_02 AT time_02 ;
  ia sa | a_03 AT time_03 ;
  ia sa | a_04 AT time_04 ;
  	! assign process (B) to time points
  ib sb | b_00 AT time_00 ;
  ib sb | b_01 AT time_01 ;
  ib sb | b_02 AT time_02 ;
  ib sb | b_03 AT time_03 ;
  ib sb | b_04 AT time_04 ;
  	!variance of the first-level terms
  ia (v_ia);
  sa (v_sa);
  ib (v_ib);
  sb (v_sb);
  	!covariance among first-level terms
  ia WITH sa (c_iasa);
  ia WITH ib (c_iaib);
  ia WITH sb (c_iasb);
  sa WITH ib (c_saib);
  sa WITH sb (c_sasb);
  ib WITH sb (c_ibsb);
  	!second-level equation
  ia sa ib sb ON age_c70
  edu_c7
  htm_c;
  	!residual covariance of process (A)
  a_00 (res_a);
  a_01 (res_a);
  a_02 (res_a);
  a_03 (res_a);
  a_04 (res_a);	
  	!residual covariance of process (B)
  b_00 (res_b);
  b_01 (res_b);
  b_02 (res_b);
  b_03 (res_b);
  b_04 (res_b);	
  	!Paired covariances constrained to be equal across t
  a_00 pwith b_00 (res_cov);
  a_01 pwith b_01 (res_cov);
  a_02 pwith b_02 (res_cov);
  a_03 pwith b_03 (res_cov);
  a_04 pwith b_04 (res_cov);	
  MODEL CONSTRAINT:
  	!assigns labels to new parameters;
  NEW r_iaib;
  NEW r_sasb;
  NEW r_res_ab;
  	!compute confidence intervals for correlation coefficients;
  r_iaib = c_iaib/((v_ia**0.5)*(v_ib**0.5));
  r_sasb = c_sasb/((v_sa**0.5)*(v_sb**0.5));
  r_res_ab = res_cov/((res_a**0.5)*(res_b**0.5));
  SAVEDATA:
  FILE is   b1_female_aeh_grip_complexideas_fscores.dat;
  SAVE = FSCORES;
  RESULTS are   b1_female_aeh_grip_complexideas_results.dat;
  	
  OUTPUT: sampstat cinterval;
  PLOT: Type is Plot1 Plot2 Plot3;



*** WARNING
  Data set contains cases with missing on x-variables.
  These cases were not included in the analysis.
  Number of cases with missing on x-variables:  6
   1 WARNING(S) FOUND IN THE INPUT INSTRUCTIONS




Script produced from the prototype in ./sandbox/syntax-creator/

SUMMARY OF ANALYSIS

Number of groups                                                 1
Number of observations                                        1303

Number of dependent variables                                   10
Number of independent variables                                  3
Number of continuous latent variables                            4

Observed dependent variables

  Continuous
   A_00        A_01        A_02        A_03        A_04        B_00
   B_01        B_02        B_03        B_04

Observed independent variables
   AGE_C70     EDU_C7      HTM_C

Continuous latent variables
   IA          SA          IB          SB

Variables with special functions

  Time scores
   TIME_00     TIME_01     TIME_02     TIME_03     TIME_04


Estimator                                                      MLR
Information matrix                                        OBSERVED
Maximum number of iterations                                   100
Convergence criterion                                    0.100D-05
Maximum number of EM iterations                                500
Convergence criteria for the EM algorithm
  Loglikelihood change                                   0.100D-02
  Relative loglikelihood change                          0.100D-05
  Derivative                                             0.100D-03
Minimum variance                                         0.100D-03
Maximum number of steepest descent iterations                   20
Maximum number of iterations for H1                           2000
Convergence criterion for H1                             0.100D-03
Optimization algorithm                                         EMA

Input data file(s)
  wide-dataset.dat
Input data format  FREE


SUMMARY OF DATA

     Number of missing data patterns           103


COVARIANCE COVERAGE OF DATA

Minimum covariance coverage value   0.000


     PROPORTION OF DATA PRESENT


           Covariance Coverage
              A_00          A_01          A_02          A_03          A_04
              ________      ________      ________      ________      ________
 A_00           0.868
 A_01           0.638         0.645
 A_02           0.536         0.487         0.553
 A_03           0.397         0.350         0.367         0.485
 A_04           0.272         0.233         0.238         0.302         0.352
 B_00           0.867         0.645         0.553         0.485         0.352
 B_01           0.768         0.643         0.540         0.474         0.343
 B_02           0.689         0.588         0.547         0.472         0.339
 B_03           0.602         0.510         0.490         0.481         0.340
 B_04           0.507         0.432         0.409         0.412         0.344
 AGE_C70        0.868         0.645         0.553         0.485         0.352
 EDU_C7         0.868         0.645         0.553         0.485         0.352
 HTM_C          0.868         0.645         0.553         0.485         0.352


           Covariance Coverage
              B_00          B_01          B_02          B_03          B_04
              ________      ________      ________      ________      ________
 B_00           0.999
 B_01           0.867         0.868
 B_02           0.787         0.764         0.787
 B_03           0.692         0.675         0.665         0.693
 B_04           0.590         0.575         0.563         0.559         0.591
 AGE_C70        0.999         0.868         0.787         0.693         0.591
 EDU_C7         0.999         0.868         0.787         0.693         0.591
 HTM_C          0.999         0.868         0.787         0.693         0.591


           Covariance Coverage
              AGE_C70       EDU_C7        HTM_C
              ________      ________      ________
 AGE_C70        1.000
 EDU_C7         1.000         1.000
 HTM_C          1.000         1.000         1.000


SAMPLE STATISTICS


     ESTIMATED SAMPLE STATISTICS


           Means
              A_00          A_01          A_02          A_03          A_04
              ________      ________      ________      ________      ________
 1             40.784        39.467        38.479        37.040        35.469


           Means
              B_00          B_01          B_02          B_03          B_04
              ________      ________      ________      ________      ________
 1              7.686         7.670         7.646         7.624         7.579


           Means
              AGE_C70       EDU_C7        HTM_C
              ________      ________      ________
 1              9.476         7.354        -0.012


           Covariances
              A_00          A_01          A_02          A_03          A_04
              ________      ________      ________      ________      ________
 A_00         150.949
 A_01         131.375       153.298
 A_02         129.909       134.326       156.112
 A_03         127.186       130.710       138.536       155.407
 A_04         130.489       134.164       137.656       143.032       165.371
 B_00           0.121         0.224         0.460         0.449         0.287
 B_01           0.513         0.634         0.608         0.558         0.679
 B_02           0.646         0.805         1.072         1.077         1.127
 B_03           0.854         0.818         1.231         1.092         1.283
 B_04           0.887         1.105         1.712         1.839         2.304
 AGE_C70      -41.977       -41.944       -46.619       -48.081       -46.327
 EDU_C7         4.967         5.444         4.691         3.676         3.294
 HTM_C          0.284         0.272         0.290         0.268         0.265


           Covariances
              B_00          B_01          B_02          B_03          B_04
              ________      ________      ________      ________      ________
 B_00           0.337
 B_01           0.098         0.343
 B_02           0.115         0.126         0.444
 B_03           0.090         0.116         0.207         0.477
 B_04           0.062         0.104         0.260         0.216         0.711
 AGE_C70        0.035         0.053        -0.115        -0.195        -0.544
 EDU_C7         0.184         0.228         0.151         0.178         0.279
 HTM_C          0.001         0.003         0.004         0.003         0.003


           Covariances
              AGE_C70       EDU_C7        HTM_C
              ________      ________      ________
 AGE_C70       59.863
 EDU_C7        -1.226         9.377
 HTM_C         -0.117         0.030         0.005


           Correlations
              A_00          A_01          A_02          A_03          A_04
              ________      ________      ________      ________      ________
 A_00           1.000
 A_01           0.864         1.000
 A_02           0.846         0.868         1.000
 A_03           0.830         0.847         0.889         1.000
 A_04           0.826         0.843         0.857         0.892         1.000
 B_00           0.017         0.031         0.063         0.062         0.038
 B_01           0.071         0.088         0.083         0.077         0.090
 B_02           0.079         0.098         0.129         0.130         0.132
 B_03           0.101         0.096         0.143         0.127         0.144
 B_04           0.086         0.106         0.162         0.175         0.212
 AGE_C70       -0.442        -0.438        -0.482        -0.498        -0.466
 EDU_C7         0.132         0.144         0.123         0.096         0.084
 HTM_C          0.335         0.318         0.335         0.311         0.298


           Correlations
              B_00          B_01          B_02          B_03          B_04
              ________      ________      ________      ________      ________
 B_00           1.000
 B_01           0.289         1.000
 B_02           0.298         0.322         1.000
 B_03           0.224         0.286         0.450         1.000
 B_04           0.128         0.211         0.462         0.370         1.000
 AGE_C70        0.008         0.012        -0.022        -0.037        -0.083
 EDU_C7         0.104         0.127         0.074         0.084         0.108
 HTM_C          0.037         0.062         0.078         0.070         0.058


           Correlations
              AGE_C70       EDU_C7        HTM_C
              ________      ________      ________
 AGE_C70        1.000
 EDU_C7        -0.052         1.000
 HTM_C         -0.218         0.141         1.000


     MAXIMUM LOG-LIKELIHOOD VALUE FOR THE UNRESTRICTED (H1) MODEL IS -23565.676


UNIVARIATE SAMPLE STATISTICS


     UNIVARIATE HIGHER-ORDER MOMENT DESCRIPTIVE STATISTICS

         Variable/         Mean/     Skewness/   Minimum/ % with                Percentiles
        Sample Size      Variance    Kurtosis    Maximum  Min/Max      20%/60%    40%/80%    Median

     A_00                 40.426       0.270       4.000    0.09%      30.000     37.000     40.000
            1131.000     152.037       0.383      97.750    0.09%      43.000     50.250
     A_01                 38.987       0.151       0.000    0.12%      29.000     36.000     39.000
             841.000     141.657       0.298      85.000    0.12%      41.750     48.750
     A_02                 38.151       0.040       0.000    0.14%      27.250     35.250     38.000
             721.000     144.309      -0.155      72.500    0.14%      40.750     48.500
     A_03                 36.777       0.190       0.000    0.16%      27.250     33.000     36.250
             632.000     136.317       0.108      73.750    0.16%      39.500     46.500
     A_04                 36.011       0.305       0.000    0.22%      26.000     32.750     35.500
             459.000     147.752       0.416      76.250    0.22%      38.250     45.750
     B_00                  7.686      -2.041       4.000    0.15%       7.000      8.000      8.000
            1302.000       0.337       4.976       8.000   73.66%       8.000      8.000
     B_01                  7.676      -2.060       4.000    0.18%       7.000      8.000      8.000
            1131.000       0.343       5.351       8.000   72.59%       8.000      8.000
     B_02                  7.660      -3.336       0.000    0.10%       7.000      8.000      8.000
            1026.000       0.439      21.920       8.000   72.71%       8.000      8.000
     B_03                  7.641      -2.583       2.000    0.11%       7.000      8.000      8.000
             903.000       0.460      10.175       8.000   72.31%       8.000      8.000
     B_04                  7.608      -3.435       0.000    0.13%       7.000      8.000      8.000
             770.000       0.670      17.658       8.000   72.73%       8.000      8.000
     AGE_C70               9.476      -0.502     -16.653    0.08%       3.372      8.461     10.233
            1303.000      59.863       0.163      30.471    0.08%      12.163     16.048
     EDU_C7                7.354      -0.148      -7.000    0.08%       5.000      6.000      7.000
            1303.000       9.377       1.190      18.000    0.08%       8.000     10.000
     HTM_C                -0.012      -0.223      -0.355    0.15%      -0.076     -0.025     -0.012
            1303.000       0.005       0.977       0.203    0.23%       0.000      0.051


THE MODEL ESTIMATION TERMINATED NORMALLY



MODEL FIT INFORMATION

Number of Free Parameters                       29

Loglikelihood

          H0 Value                      -17490.225
          H0 Scaling Correction Factor      1.6367
            for MLR

Information Criteria

          Akaike (AIC)                   35038.450
          Bayesian (BIC)                 35188.451
          Sample-Size Adjusted BIC       35096.331
            (n* = (n + 2) / 24)



MODEL RESULTS

                                                    Two-Tailed
                    Estimate       S.E.  Est./S.E.    P-Value

 IA         ON
    AGE_C70           -0.613      0.043    -14.305      0.000
    EDU_C7             0.349      0.108      3.217      0.001
    HTM_C             41.828      4.297      9.734      0.000

 SA         ON
    AGE_C70           -0.029      0.010     -2.899      0.004
    EDU_C7            -0.050      0.027     -1.888      0.059
    HTM_C             -1.045      1.167     -0.895      0.371

 IB         ON
    AGE_C70            0.003      0.002      1.226      0.220
    EDU_C7             0.019      0.005      4.008      0.000
    HTM_C              0.337      0.220      1.537      0.124

 SB         ON
    AGE_C70           -0.002      0.001     -2.014      0.044
    EDU_C7             0.000      0.002      0.135      0.893
    HTM_C              0.067      0.106      0.634      0.526

 IA       WITH
    SA                -1.347      0.870     -1.547      0.122
    IB                 0.169      0.180      0.940      0.347
    SB                 0.083      0.079      1.055      0.291

 SA       WITH
    IB                 0.044      0.043      1.024      0.306
    SB                 0.055      0.023      2.375      0.018

 IB       WITH
    SB                -0.006      0.007     -0.917      0.359

 A_00     WITH
    B_00               0.002      0.060      0.031      0.976

 A_01     WITH
    B_01               0.002      0.060      0.031      0.976

 A_02     WITH
    B_02               0.002      0.060      0.031      0.976

 A_03     WITH
    B_03               0.002      0.060      0.031      0.976

 A_04     WITH
    B_04               0.002      0.060      0.031      0.976

 Intercepts
    A_00               0.000      0.000    999.000    999.000
    A_01               0.000      0.000    999.000    999.000
    A_02               0.000      0.000    999.000    999.000
    A_03               0.000      0.000    999.000    999.000
    A_04               0.000      0.000    999.000    999.000
    B_00               0.000      0.000    999.000    999.000
    B_01               0.000      0.000    999.000    999.000
    B_02               0.000      0.000    999.000    999.000
    B_03               0.000      0.000    999.000    999.000
    B_04               0.000      0.000    999.000    999.000
    IA                44.548      1.000     44.552      0.000
    SA                -0.656      0.245     -2.678      0.007
    IB                 7.527      0.049    153.095      0.000
    SB                -0.007      0.023     -0.323      0.746

 Residual Variances
    A_00              19.408      0.886     21.914      0.000
    A_01              19.408      0.886     21.914      0.000
    A_02              19.408      0.886     21.914      0.000
    A_03              19.408      0.886     21.914      0.000
    A_04              19.408      0.886     21.914      0.000
    B_00               0.265      0.019     13.800      0.000
    B_01               0.265      0.019     13.800      0.000
    B_02               0.265      0.019     13.800      0.000
    B_03               0.265      0.019     13.800      0.000
    B_04               0.265      0.019     13.800      0.000
    IA                92.631      5.002     18.520      0.000
    SA                 1.233      0.287      4.292      0.000
    IB                 0.094      0.020      4.675      0.000
    SB                 0.020      0.004      4.627      0.000

New/Additional Parameters
    R_IAIB             0.057      0.060      0.948      0.343
    R_SASB             0.351      0.133      2.642      0.008
    R_RES_AB           0.001      0.026      0.031      0.976


QUALITY OF NUMERICAL RESULTS

     Condition Number for the Information Matrix              0.948E-09
       (ratio of smallest to largest eigenvalue)


CONFIDENCE INTERVALS OF MODEL RESULTS

                  Lower .5%  Lower 2.5%    Lower 5%    Estimate    Upper 5%  Upper 2.5%   Upper .5%

 IA       ON
    AGE_C70         -0.724      -0.697      -0.684      -0.613      -0.543      -0.529      -0.503
    EDU_C7           0.069       0.136       0.170       0.349       0.527       0.561       0.628
    HTM_C           30.759      33.406      34.759      41.828      48.896      50.250      52.896

 SA       ON
    AGE_C70         -0.055      -0.049      -0.046      -0.029      -0.013      -0.009      -0.003
    EDU_C7          -0.119      -0.102      -0.094      -0.050      -0.006       0.002       0.018
    HTM_C           -4.051      -3.332      -2.964      -1.045       0.875       1.242       1.961

 IB       ON
    AGE_C70         -0.003      -0.002      -0.001       0.003       0.007       0.007       0.009
    EDU_C7           0.007       0.010       0.011       0.019       0.027       0.028       0.031
    HTM_C           -0.228      -0.093      -0.024       0.337       0.699       0.768       0.903

 SB       ON
    AGE_C70         -0.005      -0.004      -0.004      -0.002       0.000       0.000       0.001
    EDU_C7          -0.006      -0.004      -0.004       0.000       0.004       0.005       0.006
    HTM_C           -0.205      -0.140      -0.107       0.067       0.241       0.274       0.339

 IA       WITH
    SA              -3.589      -3.053      -2.779      -1.347       0.085       0.359       0.895
    IB              -0.294      -0.183      -0.126       0.169       0.464       0.521       0.631
    SB              -0.119      -0.071      -0.046       0.083       0.212       0.237       0.285

 SA       WITH
    IB              -0.067      -0.041      -0.027       0.044       0.116       0.130       0.156
    SB              -0.005       0.010       0.017       0.055       0.092       0.100       0.114

 IB       WITH
    SB              -0.025      -0.020      -0.018      -0.006       0.005       0.007       0.012

 A_00     WITH
    B_00            -0.152      -0.115      -0.096       0.002       0.100       0.119       0.155

 A_01     WITH
    B_01            -0.152      -0.115      -0.096       0.002       0.100       0.119       0.155

 A_02     WITH
    B_02            -0.152      -0.115      -0.096       0.002       0.100       0.119       0.155

 A_03     WITH
    B_03            -0.152      -0.115      -0.096       0.002       0.100       0.119       0.155

 A_04     WITH
    B_04            -0.152      -0.115      -0.096       0.002       0.100       0.119       0.155

 Intercepts
    A_00             0.000       0.000       0.000       0.000       0.000       0.000       0.000
    A_01             0.000       0.000       0.000       0.000       0.000       0.000       0.000
    A_02             0.000       0.000       0.000       0.000       0.000       0.000       0.000
    A_03             0.000       0.000       0.000       0.000       0.000       0.000       0.000
    A_04             0.000       0.000       0.000       0.000       0.000       0.000       0.000
    B_00             0.000       0.000       0.000       0.000       0.000       0.000       0.000
    B_01             0.000       0.000       0.000       0.000       0.000       0.000       0.000
    B_02             0.000       0.000       0.000       0.000       0.000       0.000       0.000
    B_03             0.000       0.000       0.000       0.000       0.000       0.000       0.000
    B_04             0.000       0.000       0.000       0.000       0.000       0.000       0.000
    IA              41.973      42.589      42.904      44.548      46.193      46.508      47.124
    SA              -1.288      -1.137      -1.060      -0.656      -0.253      -0.176      -0.025
    IB               7.401       7.431       7.446       7.527       7.608       7.624       7.654
    SB              -0.067      -0.053      -0.045      -0.007       0.031       0.038       0.052

 Residual Variances
    A_00            17.126      17.672      17.951      19.408      20.865      21.143      21.689
    A_01            17.126      17.672      17.951      19.408      20.865      21.143      21.689
    A_02            17.126      17.672      17.951      19.408      20.865      21.143      21.689
    A_03            17.126      17.672      17.951      19.408      20.865      21.143      21.689
    A_04            17.126      17.672      17.951      19.408      20.865      21.143      21.689
    B_00             0.216       0.227       0.233       0.265       0.297       0.303       0.315
    B_01             0.216       0.227       0.233       0.265       0.297       0.303       0.315
    B_02             0.216       0.227       0.233       0.265       0.297       0.303       0.315
    B_03             0.216       0.227       0.233       0.265       0.297       0.303       0.315
    B_04             0.216       0.227       0.233       0.265       0.297       0.303       0.315
    IA              79.748      82.828      84.404      92.631     100.859     102.435     105.515
    SA               0.493       0.670       0.761       1.233       1.706       1.796       1.973
    IB               0.042       0.055       0.061       0.094       0.127       0.133       0.146
    SB               0.009       0.011       0.013       0.020       0.027       0.028       0.031

New/Additional Parameters
    R_IAIB          -0.098      -0.061      -0.042       0.057       0.157       0.176       0.213
    R_SASB           0.009       0.091       0.133       0.351       0.570       0.612       0.694
    R_RES_AB        -0.067      -0.051      -0.042       0.001       0.044       0.052       0.068


SAMPLE STATISTICS FOR ESTIMATED FACTOR SCORES


     SAMPLE STATISTICS


           Means
              IA            IA_SE         SA            SA_SE         IB
              ________      ________      ________      ________      ________
 1             40.795         3.322        -1.289         0.969         7.691


           Means
              IB_SE         SB            SB_SE
              ________      ________      ________
 1              0.232        -0.025         0.109


           Covariances
              IA            IA_SE         SA            SA_SE         IB
              ________      ________      ________      ________      ________
 IA           118.958
 IA_SE          0.431         2.034
 SA             0.539         0.019         0.357
 SA_SE         -0.005         0.069         0.000         0.009
 IB             0.232         0.002         0.027        -0.001         0.044
 IB_SE         -0.007         0.009         0.000         0.001         0.000
 SB             0.201         0.005         0.032         0.000         0.005
 SB_SE         -0.022         0.010        -0.001         0.001         0.000


           Covariances
              IB_SE         SB            SB_SE
              ________      ________      ________
 IB_SE          0.000
 SB             0.000         0.008
 SB_SE          0.000         0.000         0.000


           Correlations
              IA            IA_SE         SA            SA_SE         IB
              ________      ________      ________      ________      ________
 IA             1.000
 IA_SE          0.028         1.000
 SA             0.083         0.023         1.000
 SA_SE         -0.005         0.521         0.001         1.000
 IB             0.101         0.005         0.213        -0.045         1.000
 IB_SE         -0.053         0.547         0.019         0.571        -0.081
 SB             0.210         0.039         0.599         0.021         0.260
 SB_SE         -0.119         0.424        -0.055         0.759        -0.063


           Correlations
              IB_SE         SB            SB_SE
              ________      ________      ________
 IB_SE          1.000
 SB            -0.013         1.000
 SB_SE          0.687        -0.045         1.000


RESULTS SAVING INFORMATION

  Order of data

    Parameter estimates
     (saved in order shown in Technical 1 output)
    Standard errors
     (saved in order shown in Technical 1 output)
    H0 Loglikelihood
    H0 Scaling Correction Factor for MLR
    Number of Free Parameters
    Akaike (AIC)
    Bayesian (BIC)
    Sample-Size Adjusted BIC
    Condition Number

  Save file
    b1_female_aeh_grip_complexideas_results.dat

  Save file format           Free


PLOT INFORMATION

The following plots are available:

  Histograms (sample values, estimated factor scores)
  Scatterplots (sample values, estimated factor scores)
  Latent variable distribution plots

SAVEDATA INFORMATION


  Save file
    b1_female_aeh_grip_complexideas_fscores.dat

  Order and format of variables

    A_00           F10.3
    A_01           F10.3
    A_02           F10.3
    A_03           F10.3
    A_04           F10.3
    B_00           F10.3
    B_01           F10.3
    B_02           F10.3
    B_03           F10.3
    B_04           F10.3
    AGE_C70        F10.3
    EDU_C7         F10.3
    HTM_C          F10.3
    TIME_00        F10.3
    TIME_01        F10.3
    TIME_02        F10.3
    TIME_03        F10.3
    TIME_04        F10.3
    IA             F10.3
    IA_SE          F10.3
    SA             F10.3
    SA_SE          F10.3
    IB             F10.3
    IB_SE          F10.3
    SB             F10.3
    SB_SE          F10.3

  Save file format
    26F10.3

  Save file record length    10000


     Beginning Time:  22:44:38
        Ending Time:  22:44:44
       Elapsed Time:  00:00:06



MUTHEN & MUTHEN
3463 Stoner Ave.
Los Angeles, CA  90066

Tel: (310) 391-9971
Fax: (310) 391-8971
Web: www.StatModel.com
Support: Support@StatModel.com

Copyright (c) 1998-2015 Muthen & Muthen
