Mplus VERSION 5.21
MUTHEN & MUTHEN
02/24/2015   6:38 PM

INPUT INSTRUCTIONS

   TITLE: Grip, Synonyms, age, female

              DATA:  File = C:\Users\novalis\Desktop\IALSA\octomult_12aug2010.dat;


                            VARIABLE: Names are
     Case PairID TwinID Zygosity Female Educyrs Educcat SESgrp Resgrp Smoke
         SESChild SESChOth  HlthLif CogPrev LonelyE
         Dead DeadAge YTDead TotDem DemEver DemType DemAge YTDem
         time1 time2 time3 time4 time5
         dedtime1 dedtime2 dedtime3 dedtime4 dedtime5 tvdead1 tvdead2 tvdead3 tvdead4 tvdead
         demtime1 demtime2 demtime3 demtime4 demtime5 tvdem1 tvdem2 tvdem3 tvdem4 tvdem5
         CompAge1-CompAge5 Marital1-Marital5 weight1-weight5 height1-height5 bmi1-bmi5
         SRhlth1-SRhlth5 living1-living5
         SR2hlth1-SR2hlth5 SROhlth1-SROhlth5 HlthPrv1-HlthPrv5 HlthTra1-HlthTra5
         CogPres1-CogPres5 AGames1-AGames5 ACross1-ACross5
         ALiter1-ALiter5 AWrite1-AWrite5 AStudy1-AStudy5 AOther1-AOther5
         LonelyP1-LonelyP5 FrTalk1-FrTalk5 FrPart1-FrPart5
         LackCo1-LackCo5 Abandon1-Abandon5 NumFr1-NumFr5 NumPref1-NumPref5 SeeChGr1-SeeChGr5
         pek1-pek5 gripp1-gripp5 chr5tim1-chr5tim5 padl1-padl5 iadl1-iadl5
         digspf1-digspf5 digspb1-digspb5 prose1-prose5 block1-block5 info1-info5
         synnum1-synnum5 figure1-figure5 digsym1-digsym5 psif1-psif5
         mirnam1-mirnam5 mirrcl1-mirrcl5 mirrcg1-mirrcg5 mircor1-mircor5 clock1-clock5
         mmse1-mmse5 mismmse1-mismmse5 fmmse1-fmmse5
         highBP1-highBP5 sbp1-sbp5 dbp1-dbp5 diab1-diab5;

            MISSING are .; !specification of missing observations coded in data file
           USEVAR are  time1 time2 time3 time4 time5
                       p1 p2 p3 p4 p5
                       c1 c2 c3 c4 c5
                       Bage;
           TSCORES =   time1 time2 time3 time4 time5;

           USEOBSERVATIONS are DemEver EQ 0 and female EQ 1;

    Define: p1=gripp1; p2=gripp2; p3=gripp3; p4=gripp4; p5=gripp5;
            c1=synnum1; c2=synnum2; c3=synnum3; c4=synnum4; c5=synnum5;
            Bage=compage1-80;   !Centered at Age 80
            Bagesq=(compage1-80)**2;
            Dage=YTDead;
            Sex=female;         !0=Male
            Educ=Educyrs-7;     ! Centered at 7 years
            SEP=SESgrp;


    ANALYSIS: TYPE = RANDOM;

    MODEL:  ip sp | p1-p5 AT time1-time5;
            ic sc | c1-c5 AT time1-time5;

            ip sp ic sc ON Bage;

            p1-p5 (res_p);
            c1-c5 (res_c);

            p1-p5 pwith c1-c5(res_cov); !Paired covariances constrained to be equal across t

    OUTPUT: sampstat Cinterval;



*** WARNING
  Input line exceeded 90 characters. Some input may be truncated.
         dedtime1 dedtime2 dedtime3 dedtime4 dedtime5 tvdead1 tvdead2 tvdead3 tvdead4 tvde
*** WARNING
  Input line exceeded 90 characters. Some input may be truncated.
            p1-p5 pwith c1-c5(res_cov); !Paired covariances constrained to be equal across
*** WARNING
  Data set contains cases with missing on all variables except
  x-variables.  These cases were not included in the analysis.
  Number of cases with missing on all variables except x-variables:  10
   3 WARNING(S) FOUND IN THE INPUT INSTRUCTIONS



Grip, Synonyms, age, female

SUMMARY OF ANALYSIS

Number of groups                                                 1
Number of observations                                         301

Number of dependent variables                                   10
Number of independent variables                                  1
Number of continuous latent variables                            4

Observed dependent variables

  Continuous
   P1          P2          P3          P4          P5          C1
   C2          C3          C4          C5

Observed independent variables
   BAGE

Continuous latent variables
   IP          SP          IC          SC

Variables with special functions

  Time scores
   TIME1       TIME2       TIME3       TIME4       TIME5


Estimator                                                      MLR
Information matrix                                        OBSERVED
Maximum number of iterations                                   100
Convergence criterion                                    0.100D-05
Maximum number of EM iterations                                500
Convergence criteria for the EM algorithm
  Loglikelihood change                                   0.100D-02
  Relative loglikelihood change                          0.100D-05
  Derivative                                             0.100D-03
Minimum variance                                         0.100D-03
Maximum number of steepest descent iterations                   20
Maximum number of iterations for H1                           2000
Convergence criterion for H1                             0.100D-03
Optimization algorithm                                         EMA

Input data file(s)
  C:\Users\novalis\Desktop\IALSA\octomult_12aug2010.dat
Input data format  FREE


SUMMARY OF DATA

     Number of missing data patterns            63


COVARIANCE COVERAGE OF DATA

Minimum covariance coverage value   0.100


     PROPORTION OF DATA PRESENT


           Covariance Coverage
              P1            P2            P3            P4            P5
              ________      ________      ________      ________      ________
 P1             0.927
 P2             0.731         0.787
 P3             0.588         0.618         0.628
 P4             0.488         0.508         0.512         0.515
 P5             0.395         0.412         0.412         0.415         0.415
 C1             0.704         0.598         0.505         0.415         0.339
 C2             0.551         0.575         0.478         0.395         0.329
 C3             0.449         0.462         0.465         0.399         0.329
 C4             0.342         0.352         0.352         0.349         0.296
 C5             0.262         0.269         0.272         0.272         0.272
 BAGE           0.927         0.787         0.628         0.515         0.415


           Covariance Coverage
              C1            C2            C3            C4            C5
              ________      ________      ________      ________      ________
 C1             0.731
 C2             0.502         0.581
 C3             0.415         0.409         0.465
 C4             0.329         0.326         0.336         0.352
 C5             0.239         0.249         0.259         0.246         0.272
 BAGE           0.731         0.581         0.465         0.352         0.272


           Covariance Coverage
              BAGE
              ________
 BAGE           1.000


SAMPLE STATISTICS


     ESTIMATED SAMPLE STATISTICS


           Means
              P1            P2            P3            P4            P5
              ________      ________      ________      ________      ________
 1              8.054         7.359         6.593         5.946         5.413


           Means
              C1            C2            C3            C4            C5
              ________      ________      ________      ________      ________
 1             16.717        16.343        16.505        16.498        15.108


           Means
              BAGE
              ________
 1              3.592


           Covariances
              P1            P2            P3            P4            P5
              ________      ________      ________      ________      ________
 P1             5.536
 P2             4.173         5.528
 P3             3.982         4.312         5.430
 P4             4.201         4.565         4.508         6.123
 P5             3.660         3.966         3.787         4.496         5.494
 C1             2.085         2.949         2.957         2.682         1.972
 C2             3.254         3.465         4.581         3.466         2.853
 C3             1.281         2.612         3.363         2.844         1.943
 C4             1.199         2.203         3.723         3.524         3.307
 C5             2.747         4.872         4.476         4.464         5.121
 BAGE          -2.599        -2.068        -2.384        -2.888        -2.536


           Covariances
              C1            C2            C3            C4            C5
              ________      ________      ________      ________      ________
 C1            30.878
 C2            24.533        32.997
 C3            25.413        27.479        34.892
 C4            22.179        25.266        28.001        35.698
 C5            23.304        26.294        28.154        29.438        40.234
 BAGE          -2.238        -3.983        -2.026        -2.146        -3.617


           Covariances
              BAGE
              ________
 BAGE          10.971


           Correlations
              P1            P2            P3            P4            P5
              ________      ________      ________      ________      ________
 P1             1.000
 P2             0.754         1.000
 P3             0.726         0.787         1.000
 P4             0.721         0.785         0.782         1.000
 P5             0.664         0.720         0.693         0.775         1.000
 C1             0.159         0.226         0.228         0.195         0.151
 C2             0.241         0.257         0.342         0.244         0.212
 C3             0.092         0.188         0.244         0.195         0.140
 C4             0.085         0.157         0.267         0.238         0.236
 C5             0.184         0.327         0.303         0.284         0.344
 BAGE          -0.333        -0.266        -0.309        -0.352        -0.327


           Correlations
              C1            C2            C3            C4            C5
              ________      ________      ________      ________      ________
 C1             1.000
 C2             0.769         1.000
 C3             0.774         0.810         1.000
 C4             0.668         0.736         0.793         1.000
 C5             0.661         0.722         0.751         0.777         1.000
 BAGE          -0.122        -0.209        -0.104        -0.108        -0.172


           Correlations
              BAGE
              ________
 BAGE           1.000


     MAXIMUM LOG-LIKELIHOOD VALUE FOR THE UNRESTRICTED (H1) MODEL IS -4678.092


THE MODEL ESTIMATION TERMINATED NORMALLY



TESTS OF MODEL FIT

Loglikelihood

          H0 Value                       -3917.546
          H0 Scaling Correction Factor       1.116
            for MLR

Information Criteria

          Number of Free Parameters             21
          Akaike (AIC)                    7877.091
          Bayesian (BIC)                  7954.941
          Sample-Size Adjusted BIC        7888.341
            (n* = (n + 2) / 24)



MODEL RESULTS

                                                    Two-Tailed
                    Estimate       S.E.  Est./S.E.    P-Value

 IP         ON
    BAGE              -0.217      0.041     -5.266      0.000

 SP         ON
    BAGE              -0.002      0.007     -0.291      0.771

 IC         ON
    BAGE              -0.257      0.137     -1.885      0.059

 SC         ON
    BAGE              -0.003      0.019     -0.178      0.859

 SP       WITH
    IP                -0.048      0.043     -1.121      0.262

 IC       WITH
    IP                 2.262      0.814      2.779      0.005
    SP                -0.026      0.096     -0.274      0.784

 SC       WITH
    IP                -0.053      0.123     -0.425      0.670
    SP                 0.038      0.019      2.041      0.041
    IC                -0.259      0.337     -0.767      0.443

 P1       WITH
    C1                -0.094      0.160     -0.587      0.557

 P2       WITH
    C2                -0.094      0.160     -0.587      0.557

 P3       WITH
    C3                -0.094      0.160     -0.587      0.557

 P4       WITH
    C4                -0.094      0.160     -0.587      0.557

 P5       WITH
    C5                -0.094      0.160     -0.587      0.557

 Intercepts
    P1                 0.000      0.000    999.000    999.000
    P2                 0.000      0.000    999.000    999.000
    P3                 0.000      0.000    999.000    999.000
    P4                 0.000      0.000    999.000    999.000
    P5                 0.000      0.000    999.000    999.000
    C1                 0.000      0.000    999.000    999.000
    C2                 0.000      0.000    999.000    999.000
    C3                 0.000      0.000    999.000    999.000
    C4                 0.000      0.000    999.000    999.000
    C5                 0.000      0.000    999.000    999.000
    IP                 8.826      0.196     44.986      0.000
    SP                -0.331      0.028    -11.919      0.000
    IC                17.627      0.567     31.070      0.000
    SC                -0.098      0.077     -1.273      0.203

 Residual Variances
    P1                 1.283      0.122     10.535      0.000
    P2                 1.283      0.122     10.535      0.000
    P3                 1.283      0.122     10.535      0.000
    P4                 1.283      0.122     10.535      0.000
    P5                 1.283      0.122     10.535      0.000
    C1                 6.847      0.584     11.717      0.000
    C2                 6.847      0.584     11.717      0.000
    C3                 6.847      0.584     11.717      0.000
    C4                 6.847      0.584     11.717      0.000
    C5                 6.847      0.584     11.717      0.000
    IP                 3.770      0.482      7.823      0.000
    SP                 0.016      0.009      1.841      0.066
    IC                25.023      2.411     10.379      0.000
    SC                 0.182      0.063      2.877      0.004


QUALITY OF NUMERICAL RESULTS

     Condition Number for the Information Matrix              0.233E-04
       (ratio of smallest to largest eigenvalue)


CONFIDENCE INTERVALS OF MODEL RESULTS

                   Lower .5%  Lower 2.5%   Estimate  Upper 2.5%  Upper .5%

 IP       ON
    BAGE             -0.323      -0.298     -0.217      -0.136     -0.111

 SP       ON
    BAGE             -0.020      -0.015     -0.002       0.011      0.016

 IC       ON
    BAGE             -0.609      -0.525     -0.257       0.010      0.094

 SC       ON
    BAGE             -0.053      -0.041     -0.003       0.034      0.046

 SP       WITH
    IP               -0.159      -0.132     -0.048       0.036      0.063

 IC       WITH
    IP                0.165       0.667      2.262       3.857      4.358
    SP               -0.275      -0.216     -0.026       0.163      0.222

 SC       WITH
    IP               -0.371      -0.295     -0.053       0.189      0.266
    SP               -0.010       0.002      0.038       0.075      0.087
    IC               -1.128      -0.920     -0.259       0.402      0.610

 P1       WITH
    C1               -0.508      -0.409     -0.094       0.220      0.319

 P2       WITH
    C2               -0.508      -0.409     -0.094       0.220      0.319

 P3       WITH
    C3               -0.508      -0.409     -0.094       0.220      0.319

 P4       WITH
    C4               -0.508      -0.409     -0.094       0.220      0.319

 P5       WITH
    C5               -0.508      -0.409     -0.094       0.220      0.319

 Intercepts
    P1                0.000       0.000      0.000       0.000      0.000
    P2                0.000       0.000      0.000       0.000      0.000
    P3                0.000       0.000      0.000       0.000      0.000
    P4                0.000       0.000      0.000       0.000      0.000
    P5                0.000       0.000      0.000       0.000      0.000
    C1                0.000       0.000      0.000       0.000      0.000
    C2                0.000       0.000      0.000       0.000      0.000
    C3                0.000       0.000      0.000       0.000      0.000
    C4                0.000       0.000      0.000       0.000      0.000
    C5                0.000       0.000      0.000       0.000      0.000
    IP                8.320       8.441      8.826       9.210      9.331
    SP               -0.402      -0.385     -0.331      -0.276     -0.259
    IC               16.166      16.515     17.627      18.739     19.088
    SC               -0.298      -0.250     -0.098       0.053      0.101

 Residual Variances
    P1                0.970       1.045      1.283       1.522      1.597
    P2                0.970       1.045      1.283       1.522      1.597
    P3                0.970       1.045      1.283       1.522      1.597
    P4                0.970       1.045      1.283       1.522      1.597
    P5                0.970       1.045      1.283       1.522      1.597
    C1                5.342       5.702      6.847       7.993      8.353
    C2                5.342       5.702      6.847       7.993      8.353
    C3                5.342       5.702      6.847       7.993      8.353
    C4                5.342       5.702      6.847       7.993      8.353
    C5                5.342       5.702      6.847       7.993      8.353
    IP                2.529       2.826      3.770       4.715      5.012
    SP               -0.007      -0.001      0.016       0.034      0.039
    IC               18.813      20.298     25.023      29.748     31.233
    SC                0.019       0.058      0.182       0.306      0.345


     Beginning Time:  18:38:05
        Ending Time:  18:38:12
       Elapsed Time:  00:00:07



MUTHEN & MUTHEN
3463 Stoner Ave.
Los Angeles, CA  90066

Tel: (310) 391-9971
Fax: (310) 391-8971
Web: www.StatModel.com
Support: Support@StatModel.com

Copyright (c) 1998-2009 Muthen & Muthen
