Mplus VERSION 5.21
MUTHEN & MUTHEN
02/24/2015   5:33 PM

INPUT INSTRUCTIONS

   TITLE: Pulmonary function, Digit span forward, age, female

              DATA:  File = C:\Users\novalis\Desktop\IALSA\octomult_12aug2010.dat;


                            VARIABLE: Names are
     Case PairID TwinID Zygosity Female Educyrs Educcat SESgrp Resgrp Smoke
         SESChild SESChOth  HlthLif CogPrev LonelyE
         Dead DeadAge YTDead TotDem DemEver DemType DemAge YTDem
         time1 time2 time3 time4 time5
         dedtime1 dedtime2 dedtime3 dedtime4 dedtime5 tvdead1 tvdead2 tvdead3 tvdead4 tvdead
         demtime1 demtime2 demtime3 demtime4 demtime5 tvdem1 tvdem2 tvdem3 tvdem4 tvdem5
         CompAge1-CompAge5 Marital1-Marital5 weight1-weight5 height1-height5 bmi1-bmi5
         SRhlth1-SRhlth5 living1-living5
         SR2hlth1-SR2hlth5 SROhlth1-SROhlth5 HlthPrv1-HlthPrv5 HlthTra1-HlthTra5
         CogPres1-CogPres5 AGames1-AGames5 ACross1-ACross5
         ALiter1-ALiter5 AWrite1-AWrite5 AStudy1-AStudy5 AOther1-AOther5
         LonelyP1-LonelyP5 FrTalk1-FrTalk5 FrPart1-FrPart5
         LackCo1-LackCo5 Abandon1-Abandon5 NumFr1-NumFr5 NumPref1-NumPref5 SeeChGr1-SeeChGr5
         pek1-pek5 gripp1-gripp5 chr5tim1-chr5tim5 padl1-padl5 iadl1-iadl5
         digspf1-digspf5 digspb1-digspb5 prose1-prose5 block1-block5 info1-info5
         synnum1-synnum5 figure1-figure5 digsym1-digsym5 psif1-psif5
         mirnam1-mirnam5 mirrcl1-mirrcl5 mirrcg1-mirrcg5 mircor1-mircor5 clock1-clock5
         mmse1-mmse5 mismmse1-mismmse5 fmmse1-fmmse5
         highBP1-highBP5 sbp1-sbp5 dbp1-dbp5 diab1-diab5;

            MISSING are .; !specification of missing observations coded in data file
           USEVAR are  time1 time2 time3 time4 time5
                       p1 p2 p3 p4 p5
                       c1 c2 c3 c4 c5
                       Bage;
           TSCORES =   time1 time2 time3 time4 time5;

           USEOBSERVATIONS are DemEver EQ 0 and female EQ 1;

    Define: p1=pek1; p2=pek2; p3=pek3; p4=pek4; p5=pek5;
            c1=digspb1; c2=digspb2; c3=digspb3; c4=digspb4; c5=digspb5;
            Bage=compage1-80;   !Centered at Age 80
            Bagesq=(compage1-80)**2;
            Dage=YTDead;
            Sex=female;         !0=Male
            Educ=Educyrs-7;     ! Centered at 7 years
            SEP=SESgrp;


    ANALYSIS: TYPE = RANDOM;

    MODEL:  ip sp | p1-p5 AT time1-time5;
            ic sc | c1-c5 AT time1-time5;

            ip sp ic sc ON Bage;

            p1-p5 (res_p);
            c1-c5 (res_c);

            p1-p5 pwith c1-c5(res_cov); !Paired covariances constrained to be equal across t

    OUTPUT: sampstat Cinterval;



*** WARNING
  Input line exceeded 90 characters. Some input may be truncated.
         dedtime1 dedtime2 dedtime3 dedtime4 dedtime5 tvdead1 tvdead2 tvdead3 tvdead4 tvde
*** WARNING
  Input line exceeded 90 characters. Some input may be truncated.
            p1-p5 pwith c1-c5(res_cov); !Paired covariances constrained to be equal across
*** WARNING
  Data set contains cases with missing on all variables except
  x-variables.  These cases were not included in the analysis.
  Number of cases with missing on all variables except x-variables:  12
   3 WARNING(S) FOUND IN THE INPUT INSTRUCTIONS



Pulmonary function, Digit span forward, age, female

SUMMARY OF ANALYSIS

Number of groups                                                 1
Number of observations                                         299

Number of dependent variables                                   10
Number of independent variables                                  1
Number of continuous latent variables                            4

Observed dependent variables

  Continuous
   P1          P2          P3          P4          P5          C1
   C2          C3          C4          C5

Observed independent variables
   BAGE

Continuous latent variables
   IP          SP          IC          SC

Variables with special functions

  Time scores
   TIME1       TIME2       TIME3       TIME4       TIME5


Estimator                                                      MLR
Information matrix                                        OBSERVED
Maximum number of iterations                                   100
Convergence criterion                                    0.100D-05
Maximum number of EM iterations                                500
Convergence criteria for the EM algorithm
  Loglikelihood change                                   0.100D-02
  Relative loglikelihood change                          0.100D-05
  Derivative                                             0.100D-03
Minimum variance                                         0.100D-03
Maximum number of steepest descent iterations                   20
Maximum number of iterations for H1                           2000
Convergence criterion for H1                             0.100D-03
Optimization algorithm                                         EMA

Input data file(s)
  C:\Users\novalis\Desktop\IALSA\octomult_12aug2010.dat
Input data format  FREE


SUMMARY OF DATA

     Number of missing data patterns            60


COVARIANCE COVERAGE OF DATA

Minimum covariance coverage value   0.100


     PROPORTION OF DATA PRESENT


           Covariance Coverage
              P1            P2            P3            P4            P5
              ________      ________      ________      ________      ________
 P1             0.749
 P2             0.515         0.585
 P3             0.381         0.398         0.431
 P4             0.338         0.334         0.334         0.371
 P5             0.244         0.247         0.247         0.244         0.264
 C1             0.746         0.579         0.428         0.368         0.261
 C2             0.615         0.579         0.421         0.361         0.258
 C3             0.498         0.475         0.418         0.361         0.254
 C4             0.428         0.405         0.381         0.365         0.261
 C5             0.344         0.328         0.314         0.291         0.251
 BAGE           0.749         0.585         0.431         0.371         0.264


           Covariance Coverage
              C1            C2            C3            C4            C5
              ________      ________      ________      ________      ________
 C1             0.970
 C2             0.769         0.796
 C3             0.599         0.595         0.609
 C4             0.502         0.498         0.498         0.508
 C5             0.401         0.395         0.401         0.398         0.408
 BAGE           0.970         0.796         0.609         0.508         0.408


           Covariance Coverage
              BAGE
              ________
 BAGE           1.000


SAMPLE STATISTICS


     ESTIMATED SAMPLE STATISTICS


           Means
              P1            P2            P3            P4            P5
              ________      ________      ________      ________      ________
 1            281.992       293.050       281.070       257.910       238.158


           Means
              C1            C2            C3            C4            C5
              ________      ________      ________      ________      ________
 1              3.473         3.375         3.238         3.185         2.920


           Means
              BAGE
              ________
 1              3.517


           Covariances
              P1            P2            P3            P4            P5
              ________      ________      ________      ________      ________
 P1          6682.103
 P2          4694.707      7506.439
 P3          3693.717      4592.659      6095.681
 P4          2937.469      3917.316      4304.720      5530.127
 P5          2918.938      4507.436      4215.471      4062.800      5771.987
 C1            16.190        12.889         9.281         6.858         3.126
 C2             4.588         7.608        14.197         5.340         1.157
 C3            20.255        18.428        17.613        29.562        17.207
 C4            29.993        19.170        18.681        21.839        22.079
 C5            17.619         0.544         7.785         6.457         6.572
 BAGE         -58.309       -30.467        -4.813         9.353         8.673


           Covariances
              C1            C2            C3            C4            C5
              ________      ________      ________      ________      ________
 C1             1.974
 C2             0.429         1.627
 C3             0.617         0.580         1.884
 C4             0.600         0.247         0.844         1.424
 C5             0.588         0.276         0.541         0.669         1.596
 BAGE          -0.840        -0.499        -0.234        -0.656        -0.544


           Covariances
              BAGE
              ________
 BAGE          10.126


           Correlations
              P1            P2            P3            P4            P5
              ________      ________      ________      ________      ________
 P1             1.000
 P2             0.663         1.000
 P3             0.579         0.679         1.000
 P4             0.483         0.608         0.741         1.000
 P5             0.470         0.685         0.711         0.719         1.000
 C1             0.141         0.106         0.085         0.066         0.029
 C2             0.044         0.069         0.143         0.056         0.012
 C3             0.181         0.155         0.164         0.290         0.165
 C4             0.307         0.185         0.200         0.246         0.244
 C5             0.171         0.005         0.079         0.069         0.068
 BAGE          -0.224        -0.111        -0.019         0.040         0.036


           Correlations
              C1            C2            C3            C4            C5
              ________      ________      ________      ________      ________
 C1             1.000
 C2             0.239         1.000
 C3             0.320         0.331         1.000
 C4             0.358         0.162         0.515         1.000
 C5             0.331         0.171         0.312         0.444         1.000
 BAGE          -0.188        -0.123        -0.053        -0.173        -0.135


           Correlations
              BAGE
              ________
 BAGE           1.000


     MAXIMUM LOG-LIKELIHOOD VALUE FOR THE UNRESTRICTED (H1) MODEL IS -6335.924


THE MODEL ESTIMATION TERMINATED NORMALLY



TESTS OF MODEL FIT

Loglikelihood

          H0 Value                       -5619.183
          H0 Scaling Correction Factor       1.114
            for MLR

Information Criteria

          Number of Free Parameters             21
          Akaike (AIC)                   11280.365
          Bayesian (BIC)                 11358.075
          Sample-Size Adjusted BIC       11291.476
            (n* = (n + 2) / 24)



MODEL RESULTS

                                                    Two-Tailed
                    Estimate       S.E.  Est./S.E.    P-Value

 IP         ON
    BAGE              -5.834      1.932     -3.019      0.003

 SP         ON
    BAGE               1.083      0.361      2.998      0.003

 IC         ON
    BAGE              -0.070      0.023     -3.043      0.002

 SC         ON
    BAGE               0.004      0.005      0.835      0.404

 SP       WITH
    IP              -173.897     97.724     -1.779      0.075

 IC       WITH
    IP                10.774      6.496      1.659      0.097
    SP                -0.570      0.977     -0.583      0.560

 SC       WITH
    IP                 0.712      1.329      0.536      0.592
    SP                 0.018      0.180      0.099      0.921
    IC                -0.015      0.018     -0.852      0.394

 P1       WITH
    C1                 0.327      2.563      0.128      0.899

 P2       WITH
    C2                 0.327      2.563      0.128      0.899

 P3       WITH
    C3                 0.327      2.563      0.128      0.899

 P4       WITH
    C4                 0.327      2.563      0.128      0.899

 P5       WITH
    C5                 0.327      2.563      0.128      0.899

 Intercepts
    P1                 0.000      0.000    999.000    999.000
    P2                 0.000      0.000    999.000    999.000
    P3                 0.000      0.000    999.000    999.000
    P4                 0.000      0.000    999.000    999.000
    P5                 0.000      0.000    999.000    999.000
    C1                 0.000      0.000    999.000    999.000
    C2                 0.000      0.000    999.000    999.000
    C3                 0.000      0.000    999.000    999.000
    C4                 0.000      0.000    999.000    999.000
    C5                 0.000      0.000    999.000    999.000
    IP               310.920      7.158     43.434      0.000
    SP                -8.497      1.100     -7.724      0.000
    IC                 3.733      0.105     35.604      0.000
    SC                -0.078      0.021     -3.677      0.000

 Residual Variances
    P1              2106.439    185.043     11.384      0.000
    P2              2106.439    185.043     11.384      0.000
    P3              2106.439    185.043     11.384      0.000
    P4              2106.439    185.043     11.384      0.000
    P5              2106.439    185.043     11.384      0.000
    C1                 1.163      0.094     12.316      0.000
    C2                 1.163      0.094     12.316      0.000
    C3                 1.163      0.094     12.316      0.000
    C4                 1.163      0.094     12.316      0.000
    C5                 1.163      0.094     12.316      0.000
    IP              4826.430    560.115      8.617      0.000
    SP                34.603     16.268      2.127      0.033
    IC                 0.586      0.129      4.540      0.000
    SC                 0.003      0.003      0.973      0.330


QUALITY OF NUMERICAL RESULTS

     Condition Number for the Information Matrix              0.363E-05
       (ratio of smallest to largest eigenvalue)


CONFIDENCE INTERVALS OF MODEL RESULTS

                   Lower .5%  Lower 2.5%   Estimate  Upper 2.5%  Upper .5%

 IP       ON
    BAGE            -10.811      -9.621     -5.834      -2.047     -0.857

 SP       ON
    BAGE              0.153       0.375      1.083       1.791      2.013

 IC       ON
    BAGE             -0.129      -0.115     -0.070      -0.025     -0.011

 SC       ON
    BAGE             -0.009      -0.006      0.004       0.015      0.018

 SP       WITH
    IP             -425.614    -365.435   -173.897      17.642     77.820

 IC       WITH
    IP               -5.957      -1.957     10.774      23.505     27.505
    SP               -3.086      -2.484     -0.570       1.345      1.946

 SC       WITH
    IP               -2.712      -1.893      0.712       3.318      4.136
    SP               -0.446      -0.335      0.018       0.371      0.482
    IC               -0.061      -0.050     -0.015       0.020      0.031

 P1       WITH
    C1               -6.275      -4.697      0.327       5.351      6.929

 P2       WITH
    C2               -6.275      -4.697      0.327       5.351      6.929

 P3       WITH
    C3               -6.275      -4.697      0.327       5.351      6.929

 P4       WITH
    C4               -6.275      -4.697      0.327       5.351      6.929

 P5       WITH
    C5               -6.275      -4.697      0.327       5.351      6.929

 Intercepts
    P1                0.000       0.000      0.000       0.000      0.000
    P2                0.000       0.000      0.000       0.000      0.000
    P3                0.000       0.000      0.000       0.000      0.000
    P4                0.000       0.000      0.000       0.000      0.000
    P5                0.000       0.000      0.000       0.000      0.000
    C1                0.000       0.000      0.000       0.000      0.000
    C2                0.000       0.000      0.000       0.000      0.000
    C3                0.000       0.000      0.000       0.000      0.000
    C4                0.000       0.000      0.000       0.000      0.000
    C5                0.000       0.000      0.000       0.000      0.000
    IP              292.482     296.890    310.920     324.951    329.359
    SP              -11.330     -10.653     -8.497      -6.341     -5.663
    IC                3.463       3.527      3.733       3.938      4.003
    SC               -0.133      -0.120     -0.078      -0.037     -0.024

 Residual Variances
    P1             1629.805    1743.755   2106.439    2469.124   2583.074
    P2             1629.805    1743.755   2106.439    2469.124   2583.074
    P3             1629.805    1743.755   2106.439    2469.124   2583.074
    P4             1629.805    1743.755   2106.439    2469.124   2583.074
    P5             1629.805    1743.755   2106.439    2469.124   2583.074
    C1                0.920       0.978      1.163       1.349      1.407
    C2                0.920       0.978      1.163       1.349      1.407
    C3                0.920       0.978      1.163       1.349      1.407
    C4                0.920       0.978      1.163       1.349      1.407
    C5                0.920       0.978      1.163       1.349      1.407
    IP             3383.685    3728.604   4826.430    5924.256   6269.176
    SP               -7.301       2.717     34.603      66.488     76.506
    IC                0.254       0.333      0.586       0.840      0.919
    SC               -0.005      -0.003      0.003       0.009      0.010


     Beginning Time:  17:33:26
        Ending Time:  17:33:44
       Elapsed Time:  00:00:18



MUTHEN & MUTHEN
3463 Stoner Ave.
Los Angeles, CA  90066

Tel: (310) 391-9971
Fax: (310) 391-8971
Web: www.StatModel.com
Support: Support@StatModel.com

Copyright (c) 1998-2009 Muthen & Muthen
