Mplus VERSION 5.21
MUTHEN & MUTHEN
02/24/2015   6:00 PM

INPUT INSTRUCTIONS

   TITLE: Pulmonary function, MMSE, age, female

              DATA:  File = C:\Users\novalis\Desktop\IALSA\octomult_12aug2010.dat;


                            VARIABLE: Names are
     Case PairID TwinID Zygosity Female Educyrs Educcat SESgrp Resgrp Smoke
         SESChild SESChOth  HlthLif CogPrev LonelyE
         Dead DeadAge YTDead TotDem DemEver DemType DemAge YTDem
         time1 time2 time3 time4 time5
         dedtime1 dedtime2 dedtime3 dedtime4 dedtime5 tvdead1 tvdead2 tvdead3 tvdead4 tvdead
         demtime1 demtime2 demtime3 demtime4 demtime5 tvdem1 tvdem2 tvdem3 tvdem4 tvdem5
         CompAge1-CompAge5 Marital1-Marital5 weight1-weight5 height1-height5 bmi1-bmi5
         SRhlth1-SRhlth5 living1-living5
         SR2hlth1-SR2hlth5 SROhlth1-SROhlth5 HlthPrv1-HlthPrv5 HlthTra1-HlthTra5
         CogPres1-CogPres5 AGames1-AGames5 ACross1-ACross5
         ALiter1-ALiter5 AWrite1-AWrite5 AStudy1-AStudy5 AOther1-AOther5
         LonelyP1-LonelyP5 FrTalk1-FrTalk5 FrPart1-FrPart5
         LackCo1-LackCo5 Abandon1-Abandon5 NumFr1-NumFr5 NumPref1-NumPref5 SeeChGr1-SeeChGr5
         pek1-pek5 gripp1-gripp5 chr5tim1-chr5tim5 padl1-padl5 iadl1-iadl5
         digspf1-digspf5 digspb1-digspb5 prose1-prose5 block1-block5 info1-info5
         synnum1-synnum5 figure1-figure5 digsym1-digsym5 psif1-psif5
         mirnam1-mirnam5 mirrcl1-mirrcl5 mirrcg1-mirrcg5 mircor1-mircor5 clock1-clock5
         mmse1-mmse5 mismmse1-mismmse5 fmmse1-fmmse5
         highBP1-highBP5 sbp1-sbp5 dbp1-dbp5 diab1-diab5;

            MISSING are .; !specification of missing observations coded in data file
           USEVAR are  time1 time2 time3 time4 time5
                       p1 p2 p3 p4 p5
                       c1 c2 c3 c4 c5
                       Bage;
           TSCORES =   time1 time2 time3 time4 time5;

           USEOBSERVATIONS are DemEver EQ 0 and female EQ 1;

    Define: p1=pek1; p2=pek2; p3=pek3; p4=pek4; p5=pek5;
            c1=mmse1; c2=mmse2; c3=mmse3; c4=mmse4; c5=mmse5;
            Bage=compage1-80;   !Centered at Age 80
            Bagesq=(compage1-80)**2;
            Dage=YTDead;
            Sex=female;         !0=Male
            Educ=Educyrs-7;     ! Centered at 7 years
            SEP=SESgrp;


    ANALYSIS: TYPE = RANDOM;

    MODEL:  ip sp | p1-p5 AT time1-time5;
            ic sc | c1-c5 AT time1-time5;

            ip sp ic sc ON Bage;

            p1-p5 (res_p);
            c1-c5 (res_c);

            p1-p5 pwith c1-c5(res_cov); !Paired covariances constrained to be equal across t

    OUTPUT: sampstat Cinterval;



*** WARNING
  Input line exceeded 90 characters. Some input may be truncated.
         dedtime1 dedtime2 dedtime3 dedtime4 dedtime5 tvdead1 tvdead2 tvdead3 tvdead4 tvde
*** WARNING
  Input line exceeded 90 characters. Some input may be truncated.
            p1-p5 pwith c1-c5(res_cov); !Paired covariances constrained to be equal across
   2 WARNING(S) FOUND IN THE INPUT INSTRUCTIONS



Pulmonary function, MMSE, age, female

SUMMARY OF ANALYSIS

Number of groups                                                 1
Number of observations                                         311

Number of dependent variables                                   10
Number of independent variables                                  1
Number of continuous latent variables                            4

Observed dependent variables

  Continuous
   P1          P2          P3          P4          P5          C1
   C2          C3          C4          C5

Observed independent variables
   BAGE

Continuous latent variables
   IP          SP          IC          SC

Variables with special functions

  Time scores
   TIME1       TIME2       TIME3       TIME4       TIME5


Estimator                                                      MLR
Information matrix                                        OBSERVED
Maximum number of iterations                                   100
Convergence criterion                                    0.100D-05
Maximum number of EM iterations                                500
Convergence criteria for the EM algorithm
  Loglikelihood change                                   0.100D-02
  Relative loglikelihood change                          0.100D-05
  Derivative                                             0.100D-03
Minimum variance                                         0.100D-03
Maximum number of steepest descent iterations                   20
Maximum number of iterations for H1                           2000
Convergence criterion for H1                             0.100D-03
Optimization algorithm                                         EMA

Input data file(s)
  C:\Users\novalis\Desktop\IALSA\octomult_12aug2010.dat
Input data format  FREE


SUMMARY OF DATA

     Number of missing data patterns            47


COVARIANCE COVERAGE OF DATA

Minimum covariance coverage value   0.100


     PROPORTION OF DATA PRESENT


           Covariance Coverage
              P1            P2            P3            P4            P5
              ________      ________      ________      ________      ________
 P1             0.720
 P2             0.495         0.563
 P3             0.367         0.383         0.415
 P4             0.325         0.322         0.322         0.357
 P5             0.235         0.238         0.238         0.235         0.254
 C1             0.720         0.559         0.415         0.357         0.254
 C2             0.605         0.563         0.412         0.354         0.254
 C3             0.495         0.469         0.415         0.357         0.254
 C4             0.431         0.399         0.373         0.357         0.254
 C5             0.344         0.328         0.318         0.293         0.254
 BAGE           0.720         0.563         0.415         0.357         0.254


           Covariance Coverage
              C1            C2            C3            C4            C5
              ________      ________      ________      ________      ________
 C1             0.994
 C2             0.781         0.785
 C3             0.617         0.614         0.617
 C4             0.508         0.505         0.508         0.511
 C5             0.412         0.408         0.412         0.408         0.412
 BAGE           0.994         0.785         0.617         0.511         0.412


           Covariance Coverage
              BAGE
              ________
 BAGE           1.000


SAMPLE STATISTICS


     ESTIMATED SAMPLE STATISTICS


           Means
              P1            P2            P3            P4            P5
              ________      ________      ________      ________      ________
 1            277.050       284.725       272.965       255.177       199.239


           Means
              C1            C2            C3            C4            C5
              ________      ________      ________      ________      ________
 1             27.022        26.534        26.136        24.686        22.542


           Means
              BAGE
              ________
 1              3.608


           Covariances
              P1            P2            P3            P4            P5
              ________      ________      ________      ________      ________
 P1          7234.436
 P2          5420.456      8456.976
 P3          4471.711      5503.910      7025.511
 P4          3340.484      4377.267      4975.496      6119.244
 P5          5324.378      7138.015      6648.778      5467.212     11534.184
 C1            76.325        65.209        59.711         1.267       205.102
 C2           128.490       157.465       121.651        43.948       287.196
 C3           173.285       172.133       146.147        61.982       355.359
 C4           197.494       216.506       221.938       138.641       512.300
 C5           240.087       210.774       270.877       148.493       588.000
 BAGE         -78.817       -58.299       -28.864        -2.745       -84.358


           Covariances
              C1            C2            C3            C4            C5
              ________      ________      ________      ________      ________
 C1            14.906
 C2            12.041        19.368
 C3            14.649        19.631        27.114
 C4            17.631        23.531        29.443        44.044
 C5            19.527        23.522        32.437        46.046        61.400
 BAGE          -3.227        -4.531        -5.737        -8.880        -8.951


           Covariances
              BAGE
              ________
 BAGE          10.888


           Correlations
              P1            P2            P3            P4            P5
              ________      ________      ________      ________      ________
 P1             1.000
 P2             0.693         1.000
 P3             0.627         0.714         1.000
 P4             0.502         0.608         0.759         1.000
 P5             0.583         0.723         0.739         0.651         1.000
 C1             0.232         0.184         0.185         0.004         0.495
 C2             0.343         0.389         0.330         0.128         0.608
 C3             0.391         0.359         0.335         0.152         0.635
 C4             0.350         0.355         0.399         0.267         0.719
 C5             0.360         0.292         0.412         0.242         0.699
 BAGE          -0.281        -0.192        -0.104        -0.011        -0.238


           Correlations
              C1            C2            C3            C4            C5
              ________      ________      ________      ________      ________
 C1             1.000
 C2             0.709         1.000
 C3             0.729         0.857         1.000
 C4             0.688         0.806         0.852         1.000
 C5             0.645         0.682         0.795         0.885         1.000
 BAGE          -0.253        -0.312        -0.334        -0.406        -0.346


           Correlations
              BAGE
              ________
 BAGE           1.000


     MAXIMUM LOG-LIKELIHOOD VALUE FOR THE UNRESTRICTED (H1) MODEL IS -7440.349


THE MODEL ESTIMATION TERMINATED NORMALLY



TESTS OF MODEL FIT

Loglikelihood

          H0 Value                       -6714.403
          H0 Scaling Correction Factor       1.725
            for MLR

Information Criteria

          Number of Free Parameters             21
          Akaike (AIC)                   13470.805
          Bayesian (BIC)                 13549.341
          Sample-Size Adjusted BIC       13482.736
            (n* = (n + 2) / 24)



MODEL RESULTS

                                                    Two-Tailed
                    Estimate       S.E.  Est./S.E.    P-Value

 IP         ON
    BAGE              -7.236      2.008     -3.604      0.000

 SP         ON
    BAGE               0.898      0.428      2.099      0.036

 IC         ON
    BAGE              -0.306      0.054     -5.626      0.000

 SC         ON
    BAGE              -0.066      0.021     -3.051      0.002

 SP       WITH
    IP              -119.982    118.723     -1.011      0.312

 IC       WITH
    IP                67.986     35.476      1.916      0.055
    SP                -1.809      6.558     -0.276      0.783

 SC       WITH
    IP                15.342      5.971      2.569      0.010
    SP                 0.474      0.833      0.569      0.570
    IC                 0.490      0.330      1.485      0.137

 P1       WITH
    C1                23.470      8.389      2.798      0.005

 P2       WITH
    C2                23.470      8.389      2.798      0.005

 P3       WITH
    C3                23.470      8.389      2.798      0.005

 P4       WITH
    C4                23.470      8.389      2.798      0.005

 P5       WITH
    C5                23.470      8.389      2.798      0.005

 Intercepts
    P1                 0.000      0.000    999.000    999.000
    P2                 0.000      0.000    999.000    999.000
    P3                 0.000      0.000    999.000    999.000
    P4                 0.000      0.000    999.000    999.000
    P5                 0.000      0.000    999.000    999.000
    C1                 0.000      0.000    999.000    999.000
    C2                 0.000      0.000    999.000    999.000
    C3                 0.000      0.000    999.000    999.000
    C4                 0.000      0.000    999.000    999.000
    C5                 0.000      0.000    999.000    999.000
    IP               310.409      7.303     42.506      0.000
    SP                -8.783      1.087     -8.079      0.000
    IC                28.422      0.284    100.044      0.000
    SC                -0.220      0.069     -3.187      0.001

 Residual Variances
    P1              2170.047    201.379     10.776      0.000
    P2              2170.047    201.379     10.776      0.000
    P3              2170.047    201.379     10.776      0.000
    P4              2170.047    201.379     10.776      0.000
    P5              2170.047    201.379     10.776      0.000
    C1                 5.055      0.736      6.873      0.000
    C2                 5.055      0.736      6.873      0.000
    C3                 5.055      0.736      6.873      0.000
    C4                 5.055      0.736      6.873      0.000
    C5                 5.055      0.736      6.873      0.000
    IP              5188.625    668.232      7.765      0.000
    SP                30.280     15.724      1.926      0.054
    IC                 9.623      3.197      3.010      0.003
    SC                 0.307      0.075      4.115      0.000


QUALITY OF NUMERICAL RESULTS

     Condition Number for the Information Matrix              0.151E-05
       (ratio of smallest to largest eigenvalue)


CONFIDENCE INTERVALS OF MODEL RESULTS

                   Lower .5%  Lower 2.5%   Estimate  Upper 2.5%  Upper .5%

 IP       ON
    BAGE            -12.407     -11.171     -7.236      -3.301     -2.064

 SP       ON
    BAGE             -0.204       0.059      0.898       1.737      2.000

 IC       ON
    BAGE             -0.446      -0.412     -0.306      -0.199     -0.166

 SC       ON
    BAGE             -0.121      -0.108     -0.066      -0.023     -0.010

 SP       WITH
    IP             -425.788    -352.678   -119.982     112.715    185.824

 IC       WITH
    IP              -23.394      -1.548     67.986     137.519    159.366
    SP              -18.700     -14.662     -1.809      11.044     15.082

 SC       WITH
    IP               -0.038       3.639     15.342      27.046     30.723
    SP               -1.673      -1.159      0.474       2.107      2.621
    IC               -0.360      -0.157      0.490       1.137      1.340

 P1       WITH
    C1                1.862       7.028     23.470      39.913     45.079

 P2       WITH
    C2                1.862       7.028     23.470      39.913     45.079

 P3       WITH
    C3                1.862       7.028     23.470      39.913     45.079

 P4       WITH
    C4                1.862       7.028     23.470      39.913     45.079

 P5       WITH
    C5                1.862       7.028     23.470      39.913     45.079

 Intercepts
    P1                0.000       0.000      0.000       0.000      0.000
    P2                0.000       0.000      0.000       0.000      0.000
    P3                0.000       0.000      0.000       0.000      0.000
    P4                0.000       0.000      0.000       0.000      0.000
    P5                0.000       0.000      0.000       0.000      0.000
    C1                0.000       0.000      0.000       0.000      0.000
    C2                0.000       0.000      0.000       0.000      0.000
    C3                0.000       0.000      0.000       0.000      0.000
    C4                0.000       0.000      0.000       0.000      0.000
    C5                0.000       0.000      0.000       0.000      0.000
    IP              291.599     296.096    310.409     324.723    329.220
    SP              -11.583     -10.914     -8.783      -6.652     -5.983
    IC               27.690      27.865     28.422      28.979     29.154
    SC               -0.398      -0.356     -0.220      -0.085     -0.042

 Residual Variances
    P1             1651.333    1775.343   2170.047    2564.750   2688.760
    P2             1651.333    1775.343   2170.047    2564.750   2688.760
    P3             1651.333    1775.343   2170.047    2564.750   2688.760
    P4             1651.333    1775.343   2170.047    2564.750   2688.760
    P5             1651.333    1775.343   2170.047    2564.750   2688.760
    C1                3.161       3.614      5.055       6.497      6.950
    C2                3.161       3.614      5.055       6.497      6.950
    C3                3.161       3.614      5.055       6.497      6.950
    C4                3.161       3.614      5.055       6.497      6.950
    C5                3.161       3.614      5.055       6.497      6.950
    IP             3467.392    3878.889   5188.625    6498.359   6909.857
    SP              -10.222      -0.539     30.280      61.100     70.782
    IC                1.389       3.357      9.623      15.889     17.858
    SC                0.115       0.161      0.307       0.454      0.500


     Beginning Time:  18:00:22
        Ending Time:  18:00:27
       Elapsed Time:  00:00:05



MUTHEN & MUTHEN
3463 Stoner Ave.
Los Angeles, CA  90066

Tel: (310) 391-9971
Fax: (310) 391-8971
Web: www.StatModel.com
Support: Support@StatModel.com

Copyright (c) 1998-2009 Muthen & Muthen
