Mplus VERSION 5.21
MUTHEN & MUTHEN
02/24/2015   7:59 PM

INPUT INSTRUCTIONS

   TITLE: Pulmonary function, Synonyms,  model 2: age, education, height, female

              DATA:  File = C:\Users\novalis\Desktop\IALSA\octomult_12aug2010.dat;


                            VARIABLE: Names are
     Case PairID TwinID Zygosity Female Educyrs Educcat SESgrp Resgrp Smoke
         SESChild SESChOth  HlthLif CogPrev LonelyE
         Dead DeadAge YTDead TotDem DemEver DemType DemAge YTDem
         time1 time2 time3 time4 time5
         dedtime1 dedtime2 dedtime3 dedtime4 dedtime5 tvdead1 tvdead2 tvdead3 tvdead4 tvdead
         demtime1 demtime2 demtime3 demtime4 demtime5 tvdem1 tvdem2 tvdem3 tvdem4 tvdem5
         CompAge1-CompAge5 Marital1-Marital5 weight1-weight5 height1-height5 bmi1-bmi5
         SRhlth1-SRhlth5 living1-living5
         SR2hlth1-SR2hlth5 SROhlth1-SROhlth5 HlthPrv1-HlthPrv5 HlthTra1-HlthTra5
         CogPres1-CogPres5 AGames1-AGames5 ACross1-ACross5
         ALiter1-ALiter5 AWrite1-AWrite5 AStudy1-AStudy5 AOther1-AOther5
         LonelyP1-LonelyP5 FrTalk1-FrTalk5 FrPart1-FrPart5
         LackCo1-LackCo5 Abandon1-Abandon5 NumFr1-NumFr5 NumPref1-NumPref5 SeeChGr1-SeeChGr5
         pek1-pek5 gripp1-gripp5 chr5tim1-chr5tim5 padl1-padl5 iadl1-iadl5
         digspf1-digspf5 digspb1-digspb5 prose1-prose5 block1-block5 info1-info5
         synnum1-synnum5 figure1-figure5 digsym1-digsym5 psif1-psif5
         mirnam1-mirnam5 mirrcl1-mirrcl5 mirrcg1-mirrcg5 mircor1-mircor5 clock1-clock5
         mmse1-mmse5 mismmse1-mismmse5 fmmse1-fmmse5
         highBP1-highBP5 sbp1-sbp5 dbp1-dbp5 diab1-diab5;

            MISSING are .; !specification of missing observations coded in data file
           USEVAR are  time1 time2 time3 time4 time5
                       p1 p2 p3 p4 p5
                       c1 c2 c3 c4 c5
                       Bage Educ heightc;
           TSCORES =   time1 time2 time3 time4 time5;

           CLUSTER = PairID;      !(when cluster: see subpopulation and Analysis)

           SUBPOPULATION are DemEver EQ 0 and female EQ 1; ! (use USEOBSERVATIONS when no cl

    Define: p1=pek1; p2=pek2; p3=pek3; p4=pek4; p5=pek5;
            c1=synnum1; c2=synnum2; c3=synnum3; c4=synnum4; c5=synnum5;
            Bage=compage1-80;   !Centered at Age 80
            Sex=female;         !0=Male
            Educ=Educyrs-7;     ! Centered at 7 years
            SEP=SESgrp;
            Heightc=Height1-160;


    ANALYSIS: TYPE = RANDOM COMPLEX; !Type of analysis requested, when cluster=xomplex, othe

    MODEL:  ip sp | p1-p5 AT time1-time5;
            ic sc | c1-c5 AT time1-time5;

            ip sp ic sc ON Bage Educ heightc;

            p1-p5 (res_p);
            c1-c5 (res_c);

            p1-p5 pwith c1-c5(res_cov); !Paired covariances constrained to be equal across t

    OUTPUT: sampstat Cinterval;



*** WARNING
  Input line exceeded 90 characters. Some input may be truncated.
         dedtime1 dedtime2 dedtime3 dedtime4 dedtime5 tvdead1 tvdead2 tvdead3 tvdead4 tvde
*** WARNING
  Input line exceeded 90 characters. Some input may be truncated.
           SUBPOPULATION are DemEver EQ 0 and female EQ 1; ! (use USEOBSERVATIONS when no
*** WARNING
  Input line exceeded 90 characters. Some input may be truncated.
    ANALYSIS: TYPE = RANDOM COMPLEX; !Type of analysis requested, when cluster=xomplex, ot
*** WARNING
  Input line exceeded 90 characters. Some input may be truncated.
            p1-p5 pwith c1-c5(res_cov); !Paired covariances constrained to be equal across
*** WARNING
  Data set contains cases with missing on x-variables.
  These cases were not included in the analysis.
  Number of cases with missing on x-variables:  135
*** WARNING
  Data set contains cases with missing on all variables except
  x-variables.  These cases were not included in the analysis.
  Number of cases with missing on all variables except x-variables:  45
   6 WARNING(S) FOUND IN THE INPUT INSTRUCTIONS



Pulmonary function, Synonyms,  model 2: age, education, height, female

SUMMARY OF ANALYSIS

Number of groups                                                 1
Number of observations                                         265

Number of dependent variables                                   10
Number of independent variables                                  3
Number of continuous latent variables                            4

Observed dependent variables

  Continuous
   P1          P2          P3          P4          P5          C1
   C2          C3          C4          C5

Observed independent variables
   BAGE        EDUC        HEIGHTC

Continuous latent variables
   IP          SP          IC          SC

Variables with special functions

  Cluster variable      PAIRID
  Weight variable       _WEIGHT
  Time scores
   TIME1       TIME2       TIME3       TIME4       TIME5


Estimator                                                      MLR
Information matrix                                        OBSERVED
Maximum number of iterations                                   100
Convergence criterion                                    0.100D-05
Maximum number of EM iterations                                500
Convergence criteria for the EM algorithm
  Loglikelihood change                                   0.100D-02
  Relative loglikelihood change                          0.100D-05
  Derivative                                             0.100D-03
Minimum variance                                         0.100D-03
Maximum number of steepest descent iterations                   20
Maximum number of iterations for H1                           2000
Convergence criterion for H1                             0.100D-03
Optimization algorithm                                         EMA

Input data file(s)
  C:\Users\novalis\Desktop\IALSA\octomult_12aug2010.dat
Input data format  FREE



SAMPLE STATISTICS


     ESTIMATED SAMPLE STATISTICS


           Means
              P1            P2            P3            P4            P5
              ________      ________      ________      ________      ________
 1            285.939       297.589       283.950       259.353       238.207


           Means
              C1            C2            C3            C4            C5
              ________      ________      ________      ________      ________
 1             16.742        16.447        16.538        16.799        15.708


           Means
              BAGE          EDUC          HEIGHTC
              ________      ________      ________
 1              3.181         0.132        -2.638


           Covariances
              P1            P2            P3            P4            P5
              ________      ________      ________      ________      ________
 P1          6572.892
 P2          4529.012      7274.018
 P3          3724.725      4426.366      5969.565
 P4          2868.947      3773.035      4187.289      5459.637
 P5          3150.003      4469.090      4159.651      3957.046      5786.998
 C1            57.941        28.450        39.549        21.174       -15.552
 C2            93.290        67.072        48.023        44.112        35.910
 C3            39.846         8.575         8.785        53.879        35.673
 C4            27.621        24.015         6.697        21.532        29.444
 C5            66.607        38.334        60.833        30.442        31.472
 BAGE         -42.854       -25.743        -8.044         4.370         0.908
 EDUC          16.307         2.362        13.185        10.610        -8.671
 HEIGHTC      112.312        62.126        50.481        42.319        44.624


           Covariances
              C1            C2            C3            C4            C5
              ________      ________      ________      ________      ________
 C1            29.545
 C2            22.789        31.215
 C3            24.843        26.921        35.340
 C4            21.633        24.293        28.024        34.982
 C5            19.672        23.033        25.865        27.124        35.317
 BAGE          -0.871        -2.006        -0.449        -0.862        -1.206
 EDUC           4.563         5.078         5.303         3.879         4.314
 HEIGHTC        5.136         6.570         3.714         5.460         7.611


           Covariances
              BAGE          EDUC          HEIGHTC
              ________      ________      ________
 BAGE           7.237
 EDUC          -0.020         3.684
 HEIGHTC       -1.906         1.080        32.669


           Correlations
              P1            P2            P3            P4            P5
              ________      ________      ________      ________      ________
 P1             1.000
 P2             0.655         1.000
 P3             0.595         0.672         1.000
 P4             0.479         0.599         0.733         1.000
 P5             0.511         0.689         0.708         0.704         1.000
 C1             0.131         0.061         0.094         0.053        -0.038
 C2             0.206         0.141         0.111         0.107         0.084
 C3             0.083         0.017         0.019         0.123         0.079
 C4             0.058         0.048         0.015         0.049         0.065
 C5             0.138         0.076         0.132         0.069         0.070
 BAGE          -0.196        -0.112        -0.039         0.022         0.004
 EDUC           0.105         0.014         0.089         0.075        -0.059
 HEIGHTC        0.242         0.127         0.114         0.100         0.103


           Correlations
              C1            C2            C3            C4            C5
              ________      ________      ________      ________      ________
 C1             1.000
 C2             0.750         1.000
 C3             0.769         0.811         1.000
 C4             0.673         0.735         0.797         1.000
 C5             0.609         0.694         0.732         0.772         1.000
 BAGE          -0.060        -0.133        -0.028        -0.054        -0.075
 EDUC           0.437         0.473         0.465         0.342         0.378
 HEIGHTC        0.165         0.206         0.109         0.162         0.224


           Correlations
              BAGE          EDUC          HEIGHTC
              ________      ________      ________
 BAGE           1.000
 EDUC          -0.004         1.000
 HEIGHTC       -0.124         0.098         1.000


     MAXIMUM LOG-LIKELIHOOD VALUE FOR THE UNRESTRICTED (H1) MODEL IS -15450.991


THE MODEL ESTIMATION TERMINATED NORMALLY



TESTS OF MODEL FIT

Loglikelihood

          H0 Value                       -5871.715
          H0 Scaling Correction Factor       1.116
            for MLR

Information Criteria

          Number of Free Parameters             29
          Akaike (AIC)                   11801.430
          Bayesian (BIC)                 11905.242
          Sample-Size Adjusted BIC       11813.297
            (n* = (n + 2) / 24)



MODEL RESULTS

                                                    Two-Tailed
                    Estimate       S.E.  Est./S.E.    P-Value

 IP         ON
    BAGE              -5.324      2.062     -2.582      0.010
    EDUC               3.157      2.521      1.253      0.210
    HEIGHTC            2.571      1.058      2.430      0.015

 SP         ON
    BAGE               1.004      0.342      2.941      0.003
    EDUC              -0.383      0.380     -1.008      0.314
    HEIGHTC           -0.236      0.207     -1.139      0.255

 IC         ON
    BAGE              -0.139      0.131     -1.063      0.288
    EDUC               1.282      0.140      9.164      0.000
    HEIGHTC            0.109      0.070      1.563      0.118

 SC         ON
    BAGE               0.001      0.021      0.046      0.963
    EDUC              -0.019      0.033     -0.594      0.553
    HEIGHTC            0.003      0.010      0.306      0.760

 SP       WITH
    IP              -148.089     96.370     -1.537      0.124

 IC       WITH
    IP                40.435     27.750      1.457      0.145
    SP                -4.458      4.713     -0.946      0.344

 SC       WITH
    IP                -4.043      3.857     -1.048      0.295
    SP                 0.580      0.664      0.873      0.383
    IC                -0.199      0.281     -0.706      0.480

 P1       WITH
    C1                -6.942      6.866     -1.011      0.312

 P2       WITH
    C2                -6.942      6.866     -1.011      0.312

 P3       WITH
    C3                -6.942      6.866     -1.011      0.312

 P4       WITH
    C4                -6.942      6.866     -1.011      0.312

 P5       WITH
    C5                -6.942      6.866     -1.011      0.312

 Intercepts
    P1                 0.000      0.000    999.000    999.000
    P2                 0.000      0.000    999.000    999.000
    P3                 0.000      0.000    999.000    999.000
    P4                 0.000      0.000    999.000    999.000
    P5                 0.000      0.000    999.000    999.000
    C1                 0.000      0.000    999.000    999.000
    C2                 0.000      0.000    999.000    999.000
    C3                 0.000      0.000    999.000    999.000
    C4                 0.000      0.000    999.000    999.000
    C5                 0.000      0.000    999.000    999.000
    IP               317.779      7.769     40.905      0.000
    SP                -8.835      1.113     -7.939      0.000
    IC                17.290      0.555     31.176      0.000
    SC                -0.058      0.081     -0.719      0.472

 Residual Variances
    P1              2126.688    187.259     11.357      0.000
    P2              2126.688    187.259     11.357      0.000
    P3              2126.688    187.259     11.357      0.000
    P4              2126.688    187.259     11.357      0.000
    P5              2126.688    187.259     11.357      0.000
    C1                 6.789      0.579     11.733      0.000
    C2                 6.789      0.579     11.733      0.000
    C3                 6.789      0.579     11.733      0.000
    C4                 6.789      0.579     11.733      0.000
    C5                 6.789      0.579     11.733      0.000
    IP              4423.971    528.618      8.369      0.000
    SP                31.850     16.840      1.891      0.059
    IC                17.435      2.198      7.932      0.000
    SC                 0.185      0.064      2.895      0.004


QUALITY OF NUMERICAL RESULTS

     Condition Number for the Information Matrix              0.104E-03
       (ratio of smallest to largest eigenvalue)


CONFIDENCE INTERVALS OF MODEL RESULTS

                   Lower .5%  Lower 2.5%   Estimate  Upper 2.5%  Upper .5%

 IP       ON
    BAGE            -10.635      -9.365     -5.324      -1.282     -0.012
    EDUC             -3.336      -1.783      3.157       8.098      9.651
    HEIGHTC          -0.154       0.497      2.571       4.644      5.296

 SP       ON
    BAGE              0.125       0.335      1.004       1.674      1.884
    EDUC             -1.361      -1.127     -0.383       0.362      0.596
    HEIGHTC          -0.768      -0.641     -0.236       0.170      0.297

 IC       ON
    BAGE             -0.476      -0.396     -0.139       0.117      0.198
    EDUC              0.922       1.008      1.282       1.556      1.642
    HEIGHTC          -0.071      -0.028      0.109       0.246      0.288

 SC       ON
    BAGE             -0.052      -0.039      0.001       0.041      0.054
    EDUC             -0.104      -0.084     -0.019       0.045      0.065
    HEIGHTC          -0.023      -0.017      0.003       0.023      0.029

 SP       WITH
    IP             -396.319    -336.974   -148.089      40.797    100.142

 IC       WITH
    IP              -31.042     -13.954     40.435      94.825    111.913
    SP              -16.597     -13.695     -4.458       4.779      7.681

 SC       WITH
    IP              -13.979     -11.603     -4.043       3.517      5.892
    SP               -1.131      -0.722      0.580       1.881      2.290
    IC               -0.923      -0.750     -0.199       0.353      0.526

 P1       WITH
    C1              -24.626     -20.398     -6.942       6.515     10.743

 P2       WITH
    C2              -24.626     -20.398     -6.942       6.515     10.743

 P3       WITH
    C3              -24.626     -20.398     -6.942       6.515     10.743

 P4       WITH
    C4              -24.626     -20.398     -6.942       6.515     10.743

 P5       WITH
    C5              -24.626     -20.398     -6.942       6.515     10.743

 Intercepts
    P1                0.000       0.000      0.000       0.000      0.000
    P2                0.000       0.000      0.000       0.000      0.000
    P3                0.000       0.000      0.000       0.000      0.000
    P4                0.000       0.000      0.000       0.000      0.000
    P5                0.000       0.000      0.000       0.000      0.000
    C1                0.000       0.000      0.000       0.000      0.000
    C2                0.000       0.000      0.000       0.000      0.000
    C3                0.000       0.000      0.000       0.000      0.000
    C4                0.000       0.000      0.000       0.000      0.000
    C5                0.000       0.000      0.000       0.000      0.000
    IP              297.769     302.553    317.779     333.006    337.790
    SP              -11.701     -11.016     -8.835      -6.654     -5.968
    IC               15.861      16.203     17.290      18.377     18.718
    SC               -0.268      -0.218     -0.058       0.101      0.151

 Residual Variances
    P1             1644.346    1759.660   2126.688    2493.716   2609.030
    P2             1644.346    1759.660   2126.688    2493.716   2609.030
    P3             1644.346    1759.660   2126.688    2493.716   2609.030
    P4             1644.346    1759.660   2126.688    2493.716   2609.030
    P5             1644.346    1759.660   2126.688    2493.716   2609.030
    C1                5.299       5.655      6.789       7.923      8.280
    C2                5.299       5.655      6.789       7.923      8.280
    C3                5.299       5.655      6.789       7.923      8.280
    C4                5.299       5.655      6.789       7.923      8.280
    C5                5.299       5.655      6.789       7.923      8.280
    IP             3062.357    3387.880   4423.971    5460.061   5785.584
    SP              -11.525      -1.155     31.850      64.856     75.226
    IC               11.773      13.126     17.435      21.743     23.096
    SC                0.020       0.060      0.185       0.310      0.349


     Beginning Time:  19:59:43
        Ending Time:  20:00:10
       Elapsed Time:  00:00:27



MUTHEN & MUTHEN
3463 Stoner Ave.
Los Angeles, CA  90066

Tel: (310) 391-9971
Fax: (310) 391-8971
Web: www.StatModel.com
Support: Support@StatModel.com

Copyright (c) 1998-2009 Muthen & Muthen
