Mplus VERSION 5.21
MUTHEN & MUTHEN
02/24/2015   5:35 PM
INPUT INSTRUCTIONS
   TITLE: Pulmonary function, Digit span forward, age, male
              DATA:  File = C:\Users\novalis\Desktop\IALSA\octomult_12aug2010.dat;
                            VARIABLE: Names are
     Case PairID TwinID Zygosity Female Educyrs Educcat SESgrp Resgrp Smoke
         SESChild SESChOth  HlthLif CogPrev LonelyE
         Dead DeadAge YTDead TotDem DemEver DemType DemAge YTDem
         time1 time2 time3 time4 time5
         dedtime1 dedtime2 dedtime3 dedtime4 dedtime5 tvdead1 tvdead2 tvdead3 tvdead4 tvdead
         demtime1 demtime2 demtime3 demtime4 demtime5 tvdem1 tvdem2 tvdem3 tvdem4 tvdem5
         CompAge1-CompAge5 Marital1-Marital5 weight1-weight5 height1-height5 bmi1-bmi5
         SRhlth1-SRhlth5 living1-living5
         SR2hlth1-SR2hlth5 SROhlth1-SROhlth5 HlthPrv1-HlthPrv5 HlthTra1-HlthTra5
         CogPres1-CogPres5 AGames1-AGames5 ACross1-ACross5
         ALiter1-ALiter5 AWrite1-AWrite5 AStudy1-AStudy5 AOther1-AOther5
         LonelyP1-LonelyP5 FrTalk1-FrTalk5 FrPart1-FrPart5
         LackCo1-LackCo5 Abandon1-Abandon5 NumFr1-NumFr5 NumPref1-NumPref5 SeeChGr1-SeeChGr5
         pek1-pek5 gripp1-gripp5 chr5tim1-chr5tim5 padl1-padl5 iadl1-iadl5
         digspf1-digspf5 digspb1-digspb5 prose1-prose5 block1-block5 info1-info5
         synnum1-synnum5 figure1-figure5 digsym1-digsym5 psif1-psif5
         mirnam1-mirnam5 mirrcl1-mirrcl5 mirrcg1-mirrcg5 mircor1-mircor5 clock1-clock5
         mmse1-mmse5 mismmse1-mismmse5 fmmse1-fmmse5
         highBP1-highBP5 sbp1-sbp5 dbp1-dbp5 diab1-diab5;
            MISSING are .; !specification of missing observations coded in data file
           USEVAR are  time1 time2 time3 time4 time5
                       p1 p2 p3 p4 p5
                       c1 c2 c3 c4 c5
                       Bage;
           TSCORES =   time1 time2 time3 time4 time5;
           USEOBSERVATIONS are DemEver EQ 0 and female EQ 0;
    Define: p1=pek1; p2=pek2; p3=pek3; p4=pek4; p5=pek5;
            c1=digspb1; c2=digspb2; c3=digspb3; c4=digspb4; c5=digspb5;
            Bage=compage1-80;   !Centered at Age 80
            Bagesq=(compage1-80)**2;
            Dage=YTDead;
            Sex=female;         !0=Male
            Educ=Educyrs-7;     ! Centered at 7 years
            SEP=SESgrp;
    ANALYSIS: TYPE = RANDOM;
    MODEL:  ip sp | p1-p5 AT time1-time5;
            ic sc | c1-c5 AT time1-time5;
            ip sp ic sc ON Bage;
            p1-p5 (res_p);
            c1-c5 (res_c);
            p1-p5 pwith c1-c5(res_cov); !Paired covariances constrained to be equal across t
    OUTPUT: sampstat Cinterval;
*** WARNING
  Input line exceeded 90 characters. Some input may be truncated.
         dedtime1 dedtime2 dedtime3 dedtime4 dedtime5 tvdead1 tvdead2 tvdead3 tvdead4 tvde
*** WARNING
  Input line exceeded 90 characters. Some input may be truncated.
            p1-p5 pwith c1-c5(res_cov); !Paired covariances constrained to be equal across
*** WARNING
  Data set contains cases with missing on all variables except
  x-variables.  These cases were not included in the analysis.
  Number of cases with missing on all variables except x-variables:  8
   3 WARNING(S) FOUND IN THE INPUT INSTRUCTIONS
Pulmonary function, Digit span forward, age, male
SUMMARY OF ANALYSIS
Number of groups                                                 1
Number of observations                                         158
Number of dependent variables                                   10
Number of independent variables                                  1
Number of continuous latent variables                            4
Observed dependent variables
  Continuous
   P1          P2          P3          P4          P5          C1
   C2          C3          C4          C5
Observed independent variables
   BAGE
Continuous latent variables
   IP          SP          IC          SC
Variables with special functions
  Time scores
   TIME1       TIME2       TIME3       TIME4       TIME5
Estimator                                                      MLR
Information matrix                                        OBSERVED
Maximum number of iterations                                   100
Convergence criterion                                    0.100D-05
Maximum number of EM iterations                                500
Convergence criteria for the EM algorithm
  Loglikelihood change                                   0.100D-02
  Relative loglikelihood change                          0.100D-05
  Derivative                                             0.100D-03
Minimum variance                                         0.100D-03
Maximum number of steepest descent iterations                   20
Maximum number of iterations for H1                           2000
Convergence criterion for H1                             0.100D-03
Optimization algorithm                                         EMA
Input data file(s)
  C:\Users\novalis\Desktop\IALSA\octomult_12aug2010.dat
Input data format  FREE
SUMMARY OF DATA
     Number of missing data patterns            43
COVARIANCE COVERAGE OF DATA
Minimum covariance coverage value   0.100
     PROPORTION OF DATA PRESENT
           Covariance Coverage
              P1            P2            P3            P4            P5
              ________      ________      ________      ________      ________
 P1             0.753
 P2             0.557         0.601
 P3             0.399         0.418         0.430
 P4             0.285         0.285         0.285         0.297
 P5             0.203         0.203         0.203         0.203         0.209
 C1             0.747         0.595         0.430         0.297         0.209
 C2             0.601         0.570         0.418         0.285         0.196
 C3             0.462         0.456         0.405         0.278         0.203
 C4             0.335         0.316         0.304         0.285         0.196
 C5             0.222         0.215         0.203         0.196         0.177
 BAGE           0.753         0.601         0.430         0.297         0.209
           Covariance Coverage
              C1            C2            C3            C4            C5
              ________      ________      ________      ________      ________
 C1             0.956
 C2             0.728         0.753
 C3             0.544         0.538         0.570
 C4             0.354         0.354         0.342         0.361
 C5             0.228         0.222         0.222         0.222         0.228
 BAGE           0.956         0.753         0.570         0.361         0.228
           Covariance Coverage
              BAGE
              ________
 BAGE           1.000
SAMPLE STATISTICS
     ESTIMATED SAMPLE STATISTICS
           Means
              P1            P2            P3            P4            P5
              ________      ________      ________      ________      ________
 1            384.517       393.493       368.491       350.813       317.634
           Means
              C1            C2            C3            C4            C5
              ________      ________      ________      ________      ________
 1              3.245         3.268         3.119         2.935         2.590
           Means
              BAGE
              ________
 1              3.017
           Covariances
              P1            P2            P3            P4            P5
              ________      ________      ________      ________      ________
 P1         13429.438
 P2         10812.411     13620.319
 P3          9704.396      8916.559     11053.343
 P4          7902.683      8692.850      6917.330     10845.302
 P5          9749.072      9885.304      7284.460      7399.974     17191.629
 C1            62.864        40.036        56.843        15.491        93.356
 C2            45.237        -2.183        37.051         6.272        27.478
 C3            46.184        22.419        45.052        23.594        38.471
 C4            33.282        -5.341        25.379        10.796        20.679
 C5            61.763        26.086        64.095        34.007        38.334
 BAGE         -82.428      -102.379       -94.487       -81.522        27.394
           Covariances
              C1            C2            C3            C4            C5
              ________      ________      ________      ________      ________
 C1             2.499
 C2             1.413         2.395
 C3             0.949         0.994         1.730
 C4             0.484         1.159         1.111         2.248
 C5             1.150         0.789         0.364         1.066         2.235
 BAGE          -0.604        -0.560        -0.393        -0.319        -1.107
           Covariances
              BAGE
              ________
 BAGE           7.618
           Correlations
              P1            P2            P3            P4            P5
              ________      ________      ________      ________      ________
 P1             1.000
 P2             0.799         1.000
 P3             0.797         0.727         1.000
 P4             0.655         0.715         0.632         1.000
 P5             0.642         0.646         0.528         0.542         1.000
 C1             0.343         0.217         0.342         0.094         0.450
 C2             0.252        -0.012         0.228         0.039         0.135
 C3             0.303         0.146         0.326         0.172         0.223
 C4             0.192        -0.031         0.161         0.069         0.105
 C5             0.356         0.149         0.408         0.218         0.196
 BAGE          -0.258        -0.318        -0.326        -0.284         0.076
           Correlations
              C1            C2            C3            C4            C5
              ________      ________      ________      ________      ________
 C1             1.000
 C2             0.578         1.000
 C3             0.457         0.488         1.000
 C4             0.204         0.500         0.563         1.000
 C5             0.487         0.341         0.185         0.475         1.000
 BAGE          -0.138        -0.131        -0.108        -0.077        -0.268
           Correlations
              BAGE
              ________
 BAGE           1.000
     MAXIMUM LOG-LIKELIHOOD VALUE FOR THE UNRESTRICTED (H1) MODEL IS -3223.781
THE MODEL ESTIMATION TERMINATED NORMALLY
TESTS OF MODEL FIT
Loglikelihood
          H0 Value                       -2881.447
          H0 Scaling Correction Factor       1.073
            for MLR
Information Criteria
          Number of Free Parameters             21
          Akaike (AIC)                    5804.895
          Bayesian (BIC)                  5869.209
          Sample-Size Adjusted BIC        5802.734
            (n* = (n + 2) / 24)
MODEL RESULTS
                                                    Two-Tailed
                    Estimate       S.E.  Est./S.E.    P-Value
 IP         ON
    BAGE             -12.443      4.106     -3.031      0.002
 SP         ON
    BAGE               0.716      0.867      0.826      0.409
 IC         ON
    BAGE              -0.076      0.042     -1.815      0.070
 SC         ON
    BAGE              -0.001      0.012     -0.113      0.910
 SP       WITH
    IP              -261.817    166.197     -1.575      0.115
 IC       WITH
    IP                48.954     16.498      2.967      0.003
    SP                -1.976      2.178     -0.907      0.364
 SC       WITH
    IP                -5.230      3.879     -1.348      0.178
    SP                 0.361      0.430      0.840      0.401
    IC                -0.130      0.059     -2.196      0.028
 P1       WITH
    C1                -5.219      5.004     -1.043      0.297
 P2       WITH
    C2                -5.219      5.004     -1.043      0.297
 P3       WITH
    C3                -5.219      5.004     -1.043      0.297
 P4       WITH
    C4                -5.219      5.004     -1.043      0.297
 P5       WITH
    C5                -5.219      5.004     -1.043      0.297
 Intercepts
    P1                 0.000      0.000    999.000    999.000
    P2                 0.000      0.000    999.000    999.000
    P3                 0.000      0.000    999.000    999.000
    P4                 0.000      0.000    999.000    999.000
    P5                 0.000      0.000    999.000    999.000
    C1                 0.000      0.000    999.000    999.000
    C2                 0.000      0.000    999.000    999.000
    C3                 0.000      0.000    999.000    999.000
    C4                 0.000      0.000    999.000    999.000
    C5                 0.000      0.000    999.000    999.000
    IP               432.049     14.942     28.914      0.000
    SP               -10.444      2.368     -4.411      0.000
    IC                 3.523      0.175     20.100      0.000
    SC                -0.047      0.039     -1.203      0.229
 Residual Variances
    P1              3447.644    429.091      8.035      0.000
    P2              3447.644    429.091      8.035      0.000
    P3              3447.644    429.091      8.035      0.000
    P4              3447.644    429.091      8.035      0.000
    P5              3447.644    429.091      8.035      0.000
    C1                 0.973      0.133      7.347      0.000
    C2                 0.973      0.133      7.347      0.000
    C3                 0.973      0.133      7.347      0.000
    C4                 0.973      0.133      7.347      0.000
    C5                 0.973      0.133      7.347      0.000
    IP              9680.470   1536.900      6.299      0.000
    SP                31.081     21.342      1.456      0.145
    IC                 1.567      0.305      5.135      0.000
    SC                 0.025      0.016      1.584      0.113
QUALITY OF NUMERICAL RESULTS
     Condition Number for the Information Matrix              0.116E-05
       (ratio of smallest to largest eigenvalue)
