Mplus VERSION 5.21
MUTHEN & MUTHEN
02/24/2015   1:58 AM

INPUT INSTRUCTIONS

                TITLE: Pulmonary function, Prose Recall, age, male

            DATA:  File = C:\Users\novalis\Desktop\IALSA\octomult_12aug2010.dat;


                          VARIABLE: Names are
   Case PairID TwinID Zygosity Female Educyrs Educcat SESgrp Resgrp Smoke
       SESChild SESChOth  HlthLif CogPrev LonelyE
       Dead DeadAge YTDead TotDem DemEver DemType DemAge YTDem
       time1 time2 time3 time4 time5
       dedtime1 dedtime2 dedtime3 dedtime4 dedtime5 tvdead1 tvdead2 tvdead3 tvdead4 tvdead5
       demtime1 demtime2 demtime3 demtime4 demtime5 tvdem1 tvdem2 tvdem3 tvdem4 tvdem5
       CompAge1-CompAge5 Marital1-Marital5 weight1-weight5 height1-height5 bmi1-bmi5
       SRhlth1-SRhlth5 living1-living5
       SR2hlth1-SR2hlth5 SROhlth1-SROhlth5 HlthPrv1-HlthPrv5 HlthTra1-HlthTra5
       CogPres1-CogPres5 AGames1-AGames5 ACross1-ACross5
       ALiter1-ALiter5 AWrite1-AWrite5 AStudy1-AStudy5 AOther1-AOther5
       LonelyP1-LonelyP5 FrTalk1-FrTalk5 FrPart1-FrPart5
       LackCo1-LackCo5 Abandon1-Abandon5 NumFr1-NumFr5 NumPref1-NumPref5 SeeChGr1-SeeChGr5
       pek1-pek5 gripp1-gripp5 chr5tim1-chr5tim5 padl1-padl5 iadl1-iadl5
       digspf1-digspf5 digspb1-digspb5 prose1-prose5 block1-block5 info1-info5
       synnum1-synnum5 figure1-figure5 digsym1-digsym5 psif1-psif5
       mirnam1-mirnam5 mirrcl1-mirrcl5 mirrcg1-mirrcg5 mircor1-mircor5 clock1-clock5
       mmse1-mmse5 mismmse1-mismmse5 fmmse1-fmmse5
       highBP1-highBP5 sbp1-sbp5 dbp1-dbp5 diab1-diab5;

          MISSING are .; !specification of missing observations coded in data file
         USEVAR are  time1 time2 time3 time4 time5
                     p1 p2 p3 p4 p5
                     c1 c2 c3 c4 c5
                     Bage;
         TSCORES =   time1 time2 time3 time4 time5;

         USEOBSERVATIONS are DemEver EQ 0 and female EQ 0;

  Define: p1=pek1; p2=pek2; p3=pek3; p4=pek4; p5=pek5;
          c1=prose1; c2=prose2; c3=prose3; c4=prose4; c5=prose5;
          Bage=compage1-80;   !Centered at Age 80
          Bagesq=(compage1-80)**2;
          Dage=YTDead;
          Sex=female;         !0=Male
          Educ=Educyrs-7;     ! Centered at 7 years
          SEP=SESgrp;
          BageEduc=Bage*Educ;
          BageSEP=Bage*SEP;
          EducSEP=Educ*SEP;
          BageEducSEP=Bage*Educ*SEP;


  ANALYSIS: TYPE = RANDOM;

  MODEL:  ip sp | p1-p5 AT time1-time5;
          ic sc | c1-c5 AT time1-time5;

          ip sp ic sc ON Bage;

          p1-p5 (res_p);
          c1-c5 (res_c);

          p1-p5 pwith c1-c5(res_cov); !Paired covariances constrained to be equal across tim

  OUTPUT: sampstat Cinterval;



*** WARNING
  Input line exceeded 90 characters. Some input may be truncated.
          p1-p5 pwith c1-c5(res_cov); !Paired covariances constrained to be equal across t
*** WARNING
  Variable name contains more than 8 characters.
  Only the first 8 characters will be printed in the output.
  Variable: BAGEEDUCSEP
*** WARNING
  Data set contains cases with missing on all variables except
  x-variables.  These cases were not included in the analysis.
  Number of cases with missing on all variables except x-variables:  13
   3 WARNING(S) FOUND IN THE INPUT INSTRUCTIONS



Pulmonary function, Prose Recall, age, male

SUMMARY OF ANALYSIS

Number of groups                                                 1
Number of observations                                         153

Number of dependent variables                                   10
Number of independent variables                                  1
Number of continuous latent variables                            4

Observed dependent variables

  Continuous
   P1          P2          P3          P4          P5          C1
   C2          C3          C4          C5

Observed independent variables
   BAGE

Continuous latent variables
   IP          SP          IC          SC

Variables with special functions

  Time scores
   TIME1       TIME2       TIME3       TIME4       TIME5


Estimator                                                      MLR
Information matrix                                        OBSERVED
Maximum number of iterations                                   100
Convergence criterion                                    0.100D-05
Maximum number of EM iterations                                500
Convergence criteria for the EM algorithm
  Loglikelihood change                                   0.100D-02
  Relative loglikelihood change                          0.100D-05
  Derivative                                             0.100D-03
Minimum variance                                         0.100D-03
Maximum number of steepest descent iterations                   20
Maximum number of iterations for H1                           2000
Convergence criterion for H1                             0.100D-03
Optimization algorithm                                         EMA

Input data file(s)
  C:\Users\novalis\Desktop\IALSA\octomult_12aug2010.dat
Input data format  FREE


SUMMARY OF DATA

     Number of missing data patterns            54


COVARIANCE COVERAGE OF DATA

Minimum covariance coverage value   0.100


     PROPORTION OF DATA PRESENT


           Covariance Coverage
              P1            P2            P3            P4            P5
              ________      ________      ________      ________      ________
 P1             0.778
 P2             0.575         0.621
 P3             0.412         0.431         0.444
 P4             0.294         0.294         0.294         0.307
 P5             0.209         0.209         0.209         0.209         0.216
 C1             0.725         0.575         0.405         0.288         0.196
 C2             0.510         0.497         0.353         0.261         0.176
 C3             0.373         0.359         0.327         0.255         0.183
 C4             0.209         0.203         0.196         0.190         0.131
 C5             0.150         0.144         0.137         0.131         0.124
 BAGE           0.778         0.621         0.444         0.307         0.216


           Covariance Coverage
              C1            C2            C3            C4            C5
              ________      ________      ________      ________      ________
 C1             0.928
 C2             0.595         0.634
 C3             0.418         0.386         0.444
 C4             0.209         0.196         0.190         0.209
 C5             0.150         0.144         0.144         0.124         0.150
 BAGE           0.928         0.634         0.444         0.209         0.150


           Covariance Coverage
              BAGE
              ________
 BAGE           1.000


SAMPLE STATISTICS


     ESTIMATED SAMPLE STATISTICS


           Means
              P1            P2            P3            P4            P5
              ________      ________      ________      ________      ________
 1            382.231       391.543       357.657       343.677       310.419


           Means
              C1            C2            C3            C4            C5
              ________      ________      ________      ________      ________
 1              9.430         9.453         8.379         9.007         7.968


           Means
              BAGE
              ________
 1              3.013


           Covariances
              P1            P2            P3            P4            P5
              ________      ________      ________      ________      ________
 P1         13798.300
 P2         10988.829     13527.779
 P3         10038.794      9681.072     12602.205
 P4          9026.919      9517.305      8340.634     12298.217
 P5          9162.000      9547.668      7087.333      8389.722     14397.951
 C1           174.260        80.219       107.519       139.745        98.587
 C2           193.966       119.894       237.236        92.941        97.117
 C3           217.389       125.532       254.914       203.388       108.741
 C4           185.875        83.261       204.206       117.432        56.571
 C5           237.084       150.471       264.866       180.231       135.219
 BAGE         -93.607      -103.359      -122.452       -92.906       -25.741


           Covariances
              C1            C2            C3            C4            C5
              ________      ________      ________      ________      ________
 C1            18.930
 C2            12.741        17.450
 C3            16.950        14.749        21.940
 C4            17.676        15.154        20.899        24.580
 C5            15.224        16.520        18.909        17.809        25.727
 BAGE          -2.545        -2.484        -4.178        -3.992         1.547


           Covariances
              BAGE
              ________
 BAGE           7.668


           Correlations
              P1            P2            P3            P4            P5
              ________      ________      ________      ________      ________
 P1             1.000
 P2             0.804         1.000
 P3             0.761         0.741         1.000
 P4             0.693         0.738         0.670         1.000
 P5             0.650         0.684         0.526         0.630         1.000
 C1             0.341         0.159         0.220         0.290         0.189
 C2             0.395         0.247         0.506         0.201         0.194
 C3             0.395         0.230         0.485         0.392         0.193
 C4             0.319         0.144         0.367         0.214         0.095
 C5             0.398         0.255         0.465         0.320         0.222
 BAGE          -0.288        -0.321        -0.394        -0.303        -0.077


           Correlations
              C1            C2            C3            C4            C5
              ________      ________      ________      ________      ________
 C1             1.000
 C2             0.701         1.000
 C3             0.832         0.754         1.000
 C4             0.819         0.732         0.900         1.000
 C5             0.690         0.780         0.796         0.708         1.000
 BAGE          -0.211        -0.215        -0.322        -0.291         0.110


           Correlations
              BAGE
              ________
 BAGE           1.000


     MAXIMUM LOG-LIKELIHOOD VALUE FOR THE UNRESTRICTED (H1) MODEL IS -3371.983


THE MODEL ESTIMATION TERMINATED NORMALLY



TESTS OF MODEL FIT

Loglikelihood

          H0 Value                       -3044.635
          H0 Scaling Correction Factor       1.000
            for MLR

Information Criteria

          Number of Free Parameters             21
          Akaike (AIC)                    6131.270
          Bayesian (BIC)                  6194.909
          Sample-Size Adjusted BIC        6128.442
            (n* = (n + 2) / 24)



MODEL RESULTS

                                                    Two-Tailed
                    Estimate       S.E.  Est./S.E.    P-Value

 IP         ON
    BAGE             -13.542      4.212     -3.215      0.001

 SP         ON
    BAGE               0.722      0.893      0.808      0.419

 IC         ON
    BAGE              -0.352      0.113     -3.108      0.002

 SC         ON
    BAGE               0.004      0.043      0.099      0.921

 SP       WITH
    IP              -308.441    171.336     -1.800      0.072

 IC       WITH
    IP               116.888     46.581      2.509      0.012
    SP                -6.790      6.682     -1.016      0.310

 SC       WITH
    IP                10.347      7.114      1.454      0.146
    SP                -0.590      0.625     -0.944      0.345
    IC                 0.100      0.225      0.447      0.655

 P1       WITH
    C1                15.318     14.564      1.052      0.293

 P2       WITH
    C2                15.318     14.564      1.052      0.293

 P3       WITH
    C3                15.318     14.564      1.052      0.293

 P4       WITH
    C4                15.318     14.564      1.052      0.293

 P5       WITH
    C5                15.318     14.564      1.052      0.293

 Intercepts
    P1                 0.000      0.000    999.000    999.000
    P2                 0.000      0.000    999.000    999.000
    P3                 0.000      0.000    999.000    999.000
    P4                 0.000      0.000    999.000    999.000
    P5                 0.000      0.000    999.000    999.000
    C1                 0.000      0.000    999.000    999.000
    C2                 0.000      0.000    999.000    999.000
    C3                 0.000      0.000    999.000    999.000
    C4                 0.000      0.000    999.000    999.000
    C5                 0.000      0.000    999.000    999.000
    IP               432.493     15.002     28.830      0.000
    SP               -10.091      2.435     -4.144      0.000
    IC                10.580      0.471     22.472      0.000
    SC                -0.175      0.084     -2.068      0.039

 Residual Variances
    P1              3381.825    420.330      8.046      0.000
    P2              3381.825    420.330      8.046      0.000
    P3              3381.825    420.330      8.046      0.000
    P4              3381.825    420.330      8.046      0.000
    P5              3381.825    420.330      8.046      0.000
    C1                 4.268      0.596      7.164      0.000
    C2                 4.268      0.596      7.164      0.000
    C3                 4.268      0.596      7.164      0.000
    C4                 4.268      0.596      7.164      0.000
    C5                 4.268      0.596      7.164      0.000
    IP              9819.579   1536.751      6.390      0.000
    SP                44.073     22.766      1.936      0.053
    IC                13.174      1.586      8.308      0.000
    SC                 0.021      0.022      0.960      0.337


QUALITY OF NUMERICAL RESULTS

     Condition Number for the Information Matrix              0.401E-04
       (ratio of smallest to largest eigenvalue)


CONFIDENCE INTERVALS OF MODEL RESULTS

                   Lower .5%  Lower 2.5%   Estimate  Upper 2.5%  Upper .5%

 IP       ON
    BAGE            -24.392     -21.798    -13.542      -5.286     -2.692

 SP       ON
    BAGE             -1.579      -1.029      0.722       2.473      3.023

 IC       ON
    BAGE             -0.644      -0.574     -0.352      -0.130     -0.060

 SC       ON
    BAGE             -0.106      -0.079      0.004       0.088      0.114

 SP       WITH
    IP             -749.768    -644.260   -308.441      27.377    132.886

 IC       WITH
    IP               -3.096      25.589    116.888     208.187    236.872
    SP              -24.001     -19.886     -6.790       6.306     10.421

 SC       WITH
    IP               -7.979      -3.598     10.347      24.291     28.672
    SP               -2.198      -1.814     -0.590       0.635      1.019
    IC               -0.478      -0.340      0.100       0.541      0.679

 P1       WITH
    C1              -22.196     -13.228     15.318      43.863     52.832

 P2       WITH
    C2              -22.196     -13.228     15.318      43.863     52.832

 P3       WITH
    C3              -22.196     -13.228     15.318      43.863     52.832

 P4       WITH
    C4              -22.196     -13.228     15.318      43.863     52.832

 P5       WITH
    C5              -22.196     -13.228     15.318      43.863     52.832

 Intercepts
    P1                0.000       0.000      0.000       0.000      0.000
    P2                0.000       0.000      0.000       0.000      0.000
    P3                0.000       0.000      0.000       0.000      0.000
    P4                0.000       0.000      0.000       0.000      0.000
    P5                0.000       0.000      0.000       0.000      0.000
    C1                0.000       0.000      0.000       0.000      0.000
    C2                0.000       0.000      0.000       0.000      0.000
    C3                0.000       0.000      0.000       0.000      0.000
    C4                0.000       0.000      0.000       0.000      0.000
    C5                0.000       0.000      0.000       0.000      0.000
    IP              393.852     403.090    432.493     461.896    471.134
    SP              -16.362     -14.863    -10.091      -5.318     -3.819
    IC                9.367       9.657     10.580      11.502     11.792
    SC               -0.392      -0.340     -0.175      -0.009      0.043

 Residual Variances
    P1             2299.138    2557.978   3381.825    4205.673   4464.512
    P2             2299.138    2557.978   3381.825    4205.673   4464.512
    P3             2299.138    2557.978   3381.825    4205.673   4464.512
    P4             2299.138    2557.978   3381.825    4205.673   4464.512
    P5             2299.138    2557.978   3381.825    4205.673   4464.512
    C1                2.734       3.100      4.268       5.436      5.803
    C2                2.734       3.100      4.268       5.436      5.803
    C3                2.734       3.100      4.268       5.436      5.803
    C4                2.734       3.100      4.268       5.436      5.803
    C5                2.734       3.100      4.268       5.436      5.803
    IP             5861.215    6807.546   9819.579    ********   ********
    SP              -14.569      -0.549     44.073      88.695    102.715
    IC                9.090      10.066     13.174      16.282     17.258
    SC               -0.035      -0.022      0.021       0.064      0.077


     Beginning Time:  01:58:11
        Ending Time:  01:58:28
       Elapsed Time:  00:00:17



MUTHEN & MUTHEN
3463 Stoner Ave.
Los Angeles, CA  90066

Tel: (310) 391-9971
Fax: (310) 391-8971
Web: www.StatModel.com
Support: Support@StatModel.com

Copyright (c) 1998-2009 Muthen & Muthen
