Mplus VERSION 7.1
MUTHEN & MUTHEN
<<<<<<< HEAD
02/19/2015   5:47 PM
=======
02/19/2015  11:13 PM
>>>>>>> refs/remotes/origin/master

INPUT INSTRUCTIONS

  TITLE: M6 Pulmonary Function, Block Design, Fully Conditional, Male

  DATA:  File = unshared\octomult_12aug2010.dat;

  VARIABLE: Names are
     Case PairID TwinID Zygosity Female Educyrs Educcat SESgrp Resgrp Smoke
     SESChild SESChOth  HlthLif CogPrev LonelyE
     Dead DeadAge YTDead TotDem DemEver DemType DemAge YTDem
     time1 time2 time3 time4 time5
     dedtime1 dedtime2 dedtime3 dedtime4 dedtime5 tvdead1 tvdead2 tvdead3 tvdead4 tvdead5
     demtime1 demtime2 demtime3 demtime4 demtime5 tvdem1 tvdem2 tvdem3 tvdem4 tvdem5
     CompAge1-CompAge5 Marital1-Marital5 weight1-weight5 height1-height5 bmi1-bmi5
     SRhlth1-SRhlth5 living1-living5
     SR2hlth1-SR2hlth5 SROhlth1-SROhlth5 HlthPrv1-HlthPrv5 HlthTra1-HlthTra5
     CogPres1-CogPres5 AGames1-AGames5 ACross1-ACross5
     ALiter1-ALiter5 AWrite1-AWrite5 AStudy1-AStudy5 AOther1-AOther5
     LonelyP1-LonelyP5 FrTalk1-FrTalk5 FrPart1-FrPart5
     LackCo1-LackCo5 Abandon1-Abandon5 NumFr1-NumFr5 NumPref1-NumPref5 SeeChGr1-SeeChGr5
     pek1-pek5 gripp1-gripp5 chr5tim1-chr5tim5 padl1-padl5 iadl1-iadl5
     digspf1-digspf5 digspb1-digspb5 prose1-prose5 block1-block5 info1-info5
     synnum1-synnum5 figure1-figure5 digsym1-digsym5 psif1-psif5
     mirnam1-mirnam5 mirrcl1-mirrcl5 mirrcg1-mirrcg5 mircor1-mircor5 clock1-clock5
     mmse1-mmse5 mismmse1-mismmse5 fmmse1-fmmse5
     highBP1-highBP5 sbp1-sbp5 dbp1-dbp5 diab1-diab5;

         MISSING are .; !specification of missing observations coded in data file
         USEVAR are  time1 time2 time3 time4 time5
                     p1 p2 p3 p4 p5
                     c1 c2 c3 c4 c5
                     Bage Educ BageEduc SEP SmokHist;
         TSCORES =   time1 time2 time3 time4 time5;

         USEOBSERVATIONS are DemEver EQ 0 and female EQ 0;

  Define: p1=pek1; p2=pek2; p3=pek3; p4=pek4; p5=pek5;
          c1=block1; c2=block2; c3=block3; c4=block4; c5=block5;

          Bage=compage1-80;   !Centered at Age 80
          Bagesq=(compage1-80)**2;
          Dage=YTDead;
          Sex=female;         !0=Male
          Educ=Educyrs-7;     ! Centered at 7 years
          SEP=SESgrp;
          !Marstat;
          !Height
          !Weight
          !BMI
          SmokHist=Smoke;
          !Alcohol;
          !CompExp;
          !PhysAct;
          !BP;
          !DepSymp;
          !Cardio;
          !Diab;
          !MorbInd;

          BageEduc=Bage*Educ;

  ANALYSIS: TYPE = RANDOM;

  MODEL:  ip sp | p1-p5 AT time1-time5;
          ic sc | c1-c5 AT time1-time5;
          ip; sp; ic; sc;
          ip sp ic sc WITH ip sp ic sc;

          ip sp ic sc ON Bage Educ BageEduc SEP SmokHist;

          p1-p5 (res_p);
          c1-c5 (res_c);
          p1-p5 pwith c1-c5(res_cov); !Paired covariances constrained to be equal

  OUTPUT: sampstat Cinterval;





*** WARNING
  Data set contains cases with missing on x-variables.
  These cases were not included in the analysis.
  Number of cases with missing on x-variables:  2
*** WARNING
  Data set contains cases with missing on all variables except
  x-variables.  These cases were not included in the analysis.
  Number of cases with missing on all variables except x-variables:  13
   2 WARNING(S) FOUND IN THE INPUT INSTRUCTIONS



M6 Pulmonary Function, Block Design, Fully Conditional, Male

SUMMARY OF ANALYSIS

Number of groups                                                 1
Number of observations                                         151

Number of dependent variables                                   10
Number of independent variables                                  5
Number of continuous latent variables                            4

Observed dependent variables

  Continuous
   P1          P2          P3          P4          P5          C1
   C2          C3          C4          C5

Observed independent variables
   BAGE        EDUC        BAGEEDUC    SEP         SMOKHIST

Continuous latent variables
   IP          SP          IC          SC

Variables with special functions

  Time scores
   TIME1       TIME2       TIME3       TIME4       TIME5


Estimator                                                      MLR
Information matrix                                        OBSERVED
Maximum number of iterations                                   100
Convergence criterion                                    0.100D-05
Maximum number of EM iterations                                500
Convergence criteria for the EM algorithm
  Loglikelihood change                                   0.100D-02
  Relative loglikelihood change                          0.100D-05
  Derivative                                             0.100D-03
Minimum variance                                         0.100D-03
Maximum number of steepest descent iterations                   20
Maximum number of iterations for H1                           2000
Convergence criterion for H1                             0.100D-03
Optimization algorithm                                         EMA

Input data file(s)
  unshared\octomult_12aug2010.dat
Input data format  FREE


SUMMARY OF DATA

     Number of missing data patterns            39


COVARIANCE COVERAGE OF DATA

Minimum covariance coverage value   0.100


     PROPORTION OF DATA PRESENT


           Covariance Coverage
              P1            P2            P3            P4            P5
              ________      ________      ________      ________      ________
 P1             0.788
 P2             0.583         0.629
 P3             0.417         0.437         0.450
 P4             0.298         0.298         0.298         0.311
 P5             0.212         0.212         0.212         0.212         0.219
 C1             0.748         0.596         0.437         0.291         0.205
 C2             0.596         0.589         0.444         0.291         0.212
 C3             0.470         0.490         0.444         0.291         0.205
 C4             0.331         0.325         0.311         0.298         0.205
 C5             0.212         0.212         0.212         0.199         0.179
 BAGE           0.788         0.629         0.450         0.311         0.219
 EDUC           0.788         0.629         0.450         0.311         0.219
 BAGEEDUC       0.788         0.629         0.450         0.311         0.219
 SEP            0.788         0.629         0.450         0.311         0.219
 SMOKHIST       0.788         0.629         0.450         0.311         0.219


           Covariance Coverage
              C1            C2            C3            C4            C5
              ________      ________      ________      ________      ________
 C1             0.914
 C2             0.675         0.709
 C3             0.530         0.523         0.563
 C4             0.338         0.325         0.338         0.351
 C5             0.219         0.219         0.219         0.219         0.219
 BAGE           0.914         0.709         0.563         0.351         0.219
 EDUC           0.914         0.709         0.563         0.351         0.219
 BAGEEDUC       0.914         0.709         0.563         0.351         0.219
 SEP            0.914         0.709         0.563         0.351         0.219
 SMOKHIST       0.914         0.709         0.563         0.351         0.219


           Covariance Coverage
              BAGE          EDUC          BAGEEDUC      SEP           SMOKHIST
              ________      ________      ________      ________      ________
 BAGE           1.000
 EDUC           1.000         1.000
 BAGEEDUC       1.000         1.000         1.000
 SEP            1.000         1.000         1.000         1.000
 SMOKHIST       1.000         1.000         1.000         1.000         1.000


SAMPLE STATISTICS


     ESTIMATED SAMPLE STATISTICS


           Means
              P1            P2            P3            P4            P5
              ________      ________      ________      ________      ________
 1            383.482       390.116       358.814       342.558       302.769


           Means
              C1            C2            C3            C4            C5
              ________      ________      ________      ________      ________
 1             11.567        11.308        10.541         9.819         8.564


           Means
              BAGE          EDUC          BAGEEDUC      SEP           SMOKHIST
              ________      ________      ________      ________      ________
 1              2.908         0.629         1.025         2.364         1.530


           Covariances
              P1            P2            P3            P4            P5
              ________      ________      ________      ________      ________
 P1         13512.513
 P2         10828.609     13709.563
 P3         10189.475      9444.342     12410.061
 P4          8948.237      9484.260      7506.498     12815.425
 P5          9741.383     10401.899      7362.918     10239.097     17459.579
 C1           347.735       238.918       309.433       341.504       139.440
 C2           325.848       220.490       315.930       261.212       244.739
 C3           303.389       170.482       266.719       363.533       282.447
 C4           359.795       218.999       280.249       366.943       338.216
 C5           298.438       215.733       313.017       305.461       359.612
 BAGE         -83.638      -102.704      -120.837       -62.438        -8.508
 EDUC          94.765        29.098        43.616        26.789       125.014
 BAGEEDUC     247.066        20.955       -34.593       265.690       390.608
 SEP          -16.538        -8.610        -1.408       -17.472       -31.518
 SMOKHIST     -11.234        -7.263       -21.665       -27.208       -10.537


           Covariances
              C1            C2            C3            C4            C5
              ________      ________      ________      ________      ________
 C1            55.749
 C2            44.554        54.975
 C3            45.922        49.933        58.916
 C4            46.152        46.233        50.665        61.286
 C5            42.913        44.884        46.930        47.232        50.808
 BAGE          -3.567        -3.633        -2.459        -0.006        -2.805
 EDUC           6.191         7.820         6.361         5.673         9.350
 BAGEEDUC      14.794        16.824        25.638        22.435        23.421
 SEP           -1.126        -1.248        -0.864        -1.414        -1.897
 SMOKHIST      -1.491        -0.443        -1.532        -1.513        -1.245


           Covariances
              BAGE          EDUC          BAGEEDUC      SEP           SMOKHIST
              ________      ________      ________      ________      ________
 BAGE           7.258
 EDUC          -0.804         9.505
 BAGEEDUC      -0.927        21.388        93.671
 SEP            0.279        -1.236        -3.186         0.523
 SMOKHIST      -0.094         0.415         0.344        -0.087         1.031


           Correlations
              P1            P2            P3            P4            P5
              ________      ________      ________      ________      ________
 P1             1.000
 P2             0.796         1.000
 P3             0.787         0.724         1.000
 P4             0.680         0.716         0.595         1.000
 P5             0.634         0.672         0.500         0.685         1.000
 C1             0.401         0.273         0.372         0.404         0.141
 C2             0.378         0.254         0.382         0.311         0.250
 C3             0.340         0.190         0.312         0.418         0.278
 C4             0.395         0.239         0.321         0.414         0.327
 C5             0.360         0.258         0.394         0.379         0.382
 BAGE          -0.267        -0.326        -0.403        -0.205        -0.024
 EDUC           0.264         0.081         0.127         0.077         0.307
 BAGEEDUC       0.220         0.018        -0.032         0.242         0.305
 SEP           -0.197        -0.102        -0.017        -0.213        -0.330
 SMOKHIST      -0.095        -0.061        -0.192        -0.237        -0.079


           Correlations
              C1            C2            C3            C4            C5
              ________      ________      ________      ________      ________
 C1             1.000
 C2             0.805         1.000
 C3             0.801         0.877         1.000
 C4             0.790         0.797         0.843         1.000
 C5             0.806         0.849         0.858         0.846         1.000
 BAGE          -0.177        -0.182        -0.119         0.000        -0.146
 EDUC           0.269         0.342         0.269         0.235         0.425
 BAGEEDUC       0.205         0.234         0.345         0.296         0.339
 SEP           -0.209        -0.233        -0.156        -0.250        -0.368
 SMOKHIST      -0.197        -0.059        -0.197        -0.190        -0.172


           Correlations
              BAGE          EDUC          BAGEEDUC      SEP           SMOKHIST
              ________      ________      ________      ________      ________
 BAGE           1.000
 EDUC          -0.097         1.000
 BAGEEDUC      -0.036         0.717         1.000
 SEP            0.143        -0.554        -0.455         1.000
 SMOKHIST      -0.034         0.133         0.035        -0.119         1.000


     MAXIMUM LOG-LIKELIHOOD VALUE FOR THE UNRESTRICTED (H1) MODEL IS -4872.465


THE MODEL ESTIMATION TERMINATED NORMALLY



MODEL FIT INFORMATION

Number of Free Parameters                       37

Loglikelihood

          H0 Value                       -3335.570
          H0 Scaling Correction Factor      0.9924
            for MLR

Information Criteria

          Akaike (AIC)                    6745.140
          Bayesian (BIC)                  6856.779
          Sample-Size Adjusted BIC        6739.678
            (n* = (n + 2) / 24)



MODEL RESULTS

                                                    Two-Tailed
                    Estimate       S.E.  Est./S.E.    P-Value

 IP         ON
    BAGE             -11.859      4.081     -2.906      0.004
    EDUC               6.099      2.935      2.078      0.038
    BAGEEDUC           0.347      1.168      0.297      0.766
    SEP               -3.975     15.860     -0.251      0.802
    SMOKHIST         -12.655      9.196     -1.376      0.169

 SP         ON
    BAGE               0.313      0.947      0.330      0.741
    EDUC              -0.251      1.296     -0.194      0.846
    BAGEEDUC          -0.239      0.515     -0.463      0.643
    SEP               -2.729      2.570     -1.062      0.288
    SMOKHIST          -1.196      1.565     -0.765      0.445

 IC         ON
    BAGE              -0.463      0.214     -2.167      0.030
    EDUC               0.647      0.347      1.865      0.062
    BAGEEDUC           0.003      0.100      0.026      0.979
    SEP               -0.455      0.932     -0.488      0.626
    SMOKHIST          -1.578      0.606     -2.603      0.009

 SC         ON
    BAGE               0.060      0.030      1.971      0.049
    EDUC              -0.082      0.067     -1.235      0.217
    BAGEEDUC           0.037      0.023      1.579      0.114
    SEP               -0.122      0.096     -1.273      0.203
    SMOKHIST           0.025      0.075      0.333      0.739

 IP       WITH
    SP              -271.190    149.724     -1.811      0.070
    IC               220.609     70.290      3.139      0.002
    SC                -2.376      6.126     -0.388      0.698

 SP       WITH
    IC               -13.280      9.124     -1.455      0.146
    SC                 0.648      0.719      0.901      0.368

 IC       WITH
    SC                 0.129      0.422      0.307      0.759

 P1       WITH
    C1                15.782     10.394      1.518      0.129

 P2       WITH
    C2                15.782     10.394      1.518      0.129

 P3       WITH
    C3                15.782     10.394      1.518      0.129

 P4       WITH
    C4                15.782     10.394      1.518      0.129

 P5       WITH
    C5                15.782     10.394      1.518      0.129

 Intercepts
    P1                 0.000      0.000    999.000    999.000
    P2                 0.000      0.000    999.000    999.000
    P3                 0.000      0.000    999.000    999.000
    P4                 0.000      0.000    999.000    999.000
    P5                 0.000      0.000    999.000    999.000
    C1                 0.000      0.000    999.000    999.000
    C2                 0.000      0.000    999.000    999.000
    C3                 0.000      0.000    999.000    999.000
    C4                 0.000      0.000    999.000    999.000
    C5                 0.000      0.000    999.000    999.000
    IP               453.264     45.586      9.943      0.000
    SP                -1.071      7.429     -0.144      0.885
    IC                16.090      2.628      6.123      0.000
    SC                -0.231      0.289     -0.800      0.424

 Residual Variances
    P1              3376.320    420.927      8.021      0.000
    P2              3376.320    420.927      8.021      0.000
    P3              3376.320    420.927      8.021      0.000
    P4              3376.320    420.927      8.021      0.000
    P5              3376.320    420.927      8.021      0.000
    C1                 8.848      0.961      9.209      0.000
    C2                 8.848      0.961      9.209      0.000
    C3                 8.848      0.961      9.209      0.000
    C4                 8.848      0.961      9.209      0.000
    C5                 8.848      0.961      9.209      0.000
    IP              9168.599   1431.364      6.405      0.000
    SP                33.588     20.206      1.662      0.096
    IC                37.386      4.814      7.765      0.000
    SC                 0.046      0.038      1.208      0.227


QUALITY OF NUMERICAL RESULTS

     Condition Number for the Information Matrix              0.321E-06
       (ratio of smallest to largest eigenvalue)


CONFIDENCE INTERVALS OF MODEL RESULTS

                  Lower .5%  Lower 2.5%    Lower 5%    Estimate    Upper 5%  Upper 2.5%   Upper .5%

 IP       ON
    BAGE           -22.372     -19.858     -18.573     -11.859      -5.145      -3.859      -1.346
    EDUC            -1.462       0.346       1.271       6.099      10.928      11.853      13.661
    BAGEEDUC        -2.661      -1.942      -1.574       0.347       2.268       2.636       3.355
    SEP            -44.828     -35.061     -30.065      -3.975      22.115      27.111      36.877
    SMOKHIST       -36.341     -30.678     -27.782     -12.655       2.473       5.369      11.032

 SP       ON
    BAGE            -2.127      -1.544      -1.245       0.313       1.871       2.170       2.753
    EDUC            -3.590      -2.792      -2.383      -0.251       1.881       2.289       3.087
    BAGEEDUC        -1.566      -1.249      -1.086      -0.239       0.609       0.771       1.088
    SEP             -9.349      -7.766      -6.957      -2.729       1.498       2.307       3.890
    SMOKHIST        -5.227      -4.263      -3.770      -1.196       1.378       1.871       2.834

 IC       ON
    BAGE            -1.014      -0.882      -0.815      -0.463      -0.112      -0.044       0.087
    EDUC            -0.247      -0.033       0.076       0.647       1.218       1.327       1.541
    BAGEEDUC        -0.255      -0.194      -0.162       0.003       0.167       0.199       0.260
    SEP             -2.856      -2.282      -1.988      -0.455       1.079       1.372       1.946
    SMOKHIST        -3.138      -2.765      -2.574      -1.578      -0.581      -0.390      -0.017

 SC       ON
    BAGE            -0.018       0.000       0.010       0.060       0.110       0.120       0.139
    EDUC            -0.254      -0.213      -0.192      -0.082       0.027       0.048       0.089
    BAGEEDUC        -0.023      -0.009      -0.002       0.037       0.075       0.082       0.096
    SEP             -0.370      -0.311      -0.280      -0.122       0.036       0.066       0.125
    SMOKHIST        -0.169      -0.123      -0.099       0.025       0.149       0.173       0.219

 IP       WITH
    SP            -656.849    -564.649    -517.486    -271.190     -24.895      22.268     114.468
    IC              39.556      82.840     104.982     220.609     336.236     358.377     401.662
    SC             -18.157     -14.384     -12.454      -2.376       7.702       9.632      13.404

 SP       WITH
    IC             -36.783     -31.164     -28.290     -13.280       1.729       4.603      10.222
    SC              -1.205      -0.762      -0.535       0.648       1.831       2.058       2.500

 IC       WITH
    SC              -0.957      -0.697      -0.564       0.129       0.823       0.956       1.215

 P1       WITH
    C1             -10.991      -4.591      -1.316      15.782      32.880      36.154      42.555

 P2       WITH
    C2             -10.991      -4.591      -1.316      15.782      32.880      36.154      42.555

 P3       WITH
    C3             -10.991      -4.591      -1.316      15.782      32.880      36.154      42.555

 P4       WITH
    C4             -10.991      -4.591      -1.316      15.782      32.880      36.154      42.555

 P5       WITH
    C5             -10.991      -4.591      -1.316      15.782      32.880      36.154      42.555

 Intercepts
    P1               0.000       0.000       0.000       0.000       0.000       0.000       0.000
    P2               0.000       0.000       0.000       0.000       0.000       0.000       0.000
    P3               0.000       0.000       0.000       0.000       0.000       0.000       0.000
    P4               0.000       0.000       0.000       0.000       0.000       0.000       0.000
    P5               0.000       0.000       0.000       0.000       0.000       0.000       0.000
    C1               0.000       0.000       0.000       0.000       0.000       0.000       0.000
    C2               0.000       0.000       0.000       0.000       0.000       0.000       0.000
    C3               0.000       0.000       0.000       0.000       0.000       0.000       0.000
    C4               0.000       0.000       0.000       0.000       0.000       0.000       0.000
    C5               0.000       0.000       0.000       0.000       0.000       0.000       0.000
    IP             335.844     363.915     378.275     453.264     528.253     542.612     570.684
    SP             -20.206     -15.632     -13.292      -1.071      11.149      13.489      18.063
    IC               9.321      10.940      11.767      16.090      20.412      21.240      22.858
    SC              -0.974      -0.796      -0.705      -0.231       0.244       0.335       0.512

 Residual Variances
    P1            2292.097    2551.303    2683.895    3376.320    4068.744    4201.336    4460.542
    P2            2292.097    2551.303    2683.895    3376.320    4068.744    4201.336    4460.542
    P3            2292.097    2551.303    2683.895    3376.320    4068.744    4201.336    4460.542
    P4            2292.097    2551.303    2683.895    3376.320    4068.744    4201.336    4460.542
    P5            2292.097    2551.303    2683.895    3376.320    4068.744    4201.336    4460.542
    C1               6.373       6.965       7.267       8.848      10.428      10.731      11.323
    C2               6.373       6.965       7.267       8.848      10.428      10.731      11.323
    C3               6.373       6.965       7.267       8.848      10.428      10.731      11.323
    C4               6.373       6.965       7.267       8.848      10.428      10.731      11.323
    C5               6.373       6.965       7.267       8.848      10.428      10.731      11.323
    IP            5481.691    6363.125    6814.005    9168.599   11523.192   11974.072   12855.506
    SP             -18.459      -6.016       0.349      33.588      66.827      73.192      85.635
    IC              24.985      27.950      29.467      37.386      45.306      46.823      49.788
    SC              -0.053      -0.029      -0.017       0.046       0.110       0.122       0.145


<<<<<<< HEAD
DIAGRAM INFORMATION

  Use View Diagram under the Diagram menu in the Mplus Editor to view the diagram.
  If running Mplus from the Mplus Diagrammer, the diagram opens automatically.

  Diagram output
    z:\home\philippe\git\ialsa-2015-portland\studies\octo\m1_male_full_pulmonary_block.dgm

     Beginning Time:  17:47:21
        Ending Time:  17:48:03
       Elapsed Time:  00:00:42
=======
     Beginning Time:  23:13:12
        Ending Time:  23:14:02
       Elapsed Time:  00:00:50
>>>>>>> refs/remotes/origin/master



MUTHEN & MUTHEN
3463 Stoner Ave.
Los Angeles, CA  90066

Tel: (310) 391-9971
Fax: (310) 391-8971
Web: www.StatModel.com
Support: Support@StatModel.com

Copyright (c) 1998-2013 Muthen & Muthen
