Mplus VERSION 7.31
MUTHEN & MUTHEN
10/07/2016  11:36 AM

INPUT INSTRUCTIONS

  TITLE: b1 female aehplus grip pef

  DATA:  File = octomult_151015.dat;

  VARIABLE: Names are
  Case PairID TwinID Zygosity Female Educyrs EducCat SESgrp Resgrp Smoke
  SESChild SESChOth  HlthLif CogPrev LonelyE Dead DeadAge YTDead TotDem
  DemEver DemType DemAge YTDem dxAngina dxCHF dxMI
  dxStroke dxTIA dxHT dx225diab dx230diab dx235diab
  dxdemAD dxdemVA dxdemPD dxdemPos
  time1 time2 time3 time4 time5
  dedtime1 dedtime2 dedtime3 dedtime4 dedtime5 tvdead1 tvdead2 tvdead3 tvdead4 tvdead5
  demtime1 demtime2 demtime3 demtime4 demtime5 tvdem1 tvdem2 tvdem3 tvdem4 tvdem5
  CompAge1-CompAge5 Marital1-Marital5 weight1-weight5 height1-height5 bmi1-bmi5
  SRhlth1-SRhlth5 living1-living5
  SR2hlth1-SR2hlth5 SROhlth1-SROhlth5 HlthPrv1-HlthPrv5
  HlthTra1-HlthTra5  Vision1-Vision5 Hearing1-Hearing5
  CogPres1-CogPres5 AGames1-AGames5 ACross1-ACross5
  ALiter1-ALiter5 AWrite1-AWrite5 AStudy1-AStudy5 AOther1-AOther5
  LonelyP1-LonelyP5 FrTalk1-FrTalk5 FrPart1-FrPart5
  LackCo1-LackCo5 Abandon1-Abandon5 NumFr1-NumFr5
   NumPref1-NumPref5 SeeChGr1-SeeChGr5
  gait3m1-gait3m5 pek1-pek5 gripp1-gripp5 chr5tim1-chr5tim5
  padl1-padl5 iadl1-iadl5 digspf1-digspf5 digspb1-digspb5
  prose1-prose5 block1-block5 info1-info5 synnum1-synnum5
  figure1-figure5 digsym1-digsym5 psif1-psif5
  mirnam1-mirnam5 mirrcl1-mirrcl5 mirrcg1-mirrcg5 mircor1-mircor5 clock1-clock5
  mmse1-mmse5 mismmse1-mismmse5 filtmmse1-filtmmse5
  highBP1-highBP5 sbp1-sbp5 dbp1-dbp5 MIyn1-MIyn5
  HTyn1-HTyn5 angYN1-angYN5 strokeYN1-strokeYN5
  broncYN1-broncYN5 emphYN1-emphYN5 lung1-lung5 CVD1-CVD5 diabYN1-diabYN5
  p_cncr1-p_cncr5 b_cncr1-b_cncr5 cncr1-cncr5
  cogstat1-cogstat5 demsyn1-demsyn5 demsev1-demsev5
  cesd1-cesd5 miscesd1-miscesd5 filtcesd1-filtcesd5 cesdm1-cesdm5
  lsiz1-lsiz4 mislsiz1-mislsiz4 filtlsiz1-filtlsiz4 lsizm1-lsizm4
  loc1-loc4 misloc1-misloc4 filtloc1-filtloc4 locm1-locm4
  hloc_I1-hloc_I4 mhlocI1-mhlocI4 fhlocI1-fhlocI4 hlocIm1-hlocIm4
  hloc_C1-hloc_C4 mhlocC1-mhlocC4 fhlocC1-fhlocC4 hlocCm1-hlocCm4
  hloc_PO1-hloc_PO4 mhlocPO1-mhlocPO4 fhlocPO1-fhlocPO4 hlocPOm1-hlocPOm4
  epi_e1-epi_e4 miepie1-miepie4 filepie1-filepie4 epiem1-epiem4
  epi_n1-epi_n4 miepin1-miepin4 filepin1-filepin4 epinm1-epinm4
  BPEVER DIABEVER HRTEVER STRKEVER CNCREVER comorbid;


         MISSING are .; !specification of missing observations coded in data file
         USEVAR are  time1 time2 time3 time4 time5
                     p1 p2 p3 p4 p5
                     c1 c2 c3 c4 c5
                     Bage Educ SmokHist heightc
                     diabetes cardio;
         TSCORES =   time1 time2 time3 time4 time5;

         USEOBSERVATIONS are DemEver EQ 0 and female EQ 1;

  Define: p1=gripp1; p2=gripp2; p3=gripp3; p4=gripp4; p5=gripp5;
          c1=pek1; c2=pek2; c3=pek3; c4=pek4; c5=pek5;

          Bage=compage1-80;   !Centered at Age 80
          Bagesq=(compage1-80)**2;
          Dage=YTDead;
          Sex=female;         !0=Male
          Educ=Educyrs-7;     ! Centered at 7 years
          SEP=SESgrp;
          !Marstat;
          Heightc=height1-160;
          cardio=CVD1;
          !Weight
          !BMI
          if (smoke eq 0) then smokhist=0;
          if (smoke NE 0) then smokhist=1;

          Diabetes = diabYN1;
          !MorbInd;

          BageEduc=Bage*Educ;

  ANALYSIS: TYPE = RANDOM;estimator = mlf;

  MODEL:  ip sp | p1-p5 AT time1-time5;
          ic sc | c1-c5 AT time1-time5;
          ip (v_ip);
          sp (v_sp);
          ic (v_ic);
          sc (v_sc);
          ip WITH sp (c_ipsp);
          ip WITH ic (c_ipic);
          ip WITH sc (c_ipsc);
          sp WITH ic (c_spic);
          sp WITH sc (c_spsc);
          ic WITH sc (c_icsc);

          ip sp ic sc ON Bage Educ heightc diabetes SmokHist cardio;

          p1-p5 (res_p);
          c1-c5 (res_c);
          p1-p5 pwith c1-c5(res_cov); !Paired covariances constrained to be equal

  MODEL CONSTRAINT:

  !        NEW r_ipsp;
          NEW r_ipic;
  !        NEW r_ipsc;
  !        NEW r_spic;
          NEW r_spsc;
  !        NEW r_icsc;

          NEW r_res_pc;

  !        r_ipsp = c_ipsp/((v_ip**0.5)*(v_sp**0.5));
          r_ipic = c_ipic/((v_ip**0.5)*(v_ic**0.5));
  !        r_ipsc = c_ipsc/((v_ip**0.5)*(v_sc**0.5));
  !        r_spic = c_spic/((v_sp**0.5)*(v_ic**0.5));
          r_spsc = c_spsc/((v_sp**0.5)*(v_sc**0.5));
  !        r_icsc = c_icsc/((v_ic**0.5)*(v_sc**0.5));

          r_res_pc = res_cov/((res_p**0.5)*(res_c**0.5));

  SAVEDATA:
  FILE IS   OCTOfSlopes_female_aehplus_grip_pef;
  SAVE = FSCORES;
  PLOT:
   TYPE IS PLOT3;




  OUTPUT: sampstat Cinterval;





*** WARNING
  Data set contains cases with missing on x-variables.
  These cases were not included in the analysis.
  Number of cases with missing on x-variables:  36
*** WARNING
  Data set contains cases with missing on all variables except
  x-variables.  These cases were not included in the analysis.
  Number of cases with missing on all variables except x-variables:  5
   2 WARNING(S) FOUND IN THE INPUT INSTRUCTIONS



b1 female aehplus grip pef

SUMMARY OF ANALYSIS

Number of groups                                                 1
Number of observations                                         270

Number of dependent variables                                   10
Number of independent variables                                  6
Number of continuous latent variables                            4

Observed dependent variables

  Continuous
   P1          P2          P3          P4          P5          C1
   C2          C3          C4          C5

Observed independent variables
   BAGE        EDUC        SMOKHIST    HEIGHTC     DIABETES    CARDIO

Continuous latent variables
   IP          SP          IC          SC

Variables with special functions

  Time scores
   TIME1       TIME2       TIME3       TIME4       TIME5


Estimator                                                      MLF
Information matrix                                        OBSERVED
Maximum number of iterations                                   100
Convergence criterion                                    0.100D-05
Maximum number of EM iterations                                500
Convergence criteria for the EM algorithm
  Loglikelihood change                                   0.100D-02
  Relative loglikelihood change                          0.100D-05
  Derivative                                             0.100D-03
Minimum variance                                         0.100D-03
Maximum number of steepest descent iterations                   20
Maximum number of iterations for H1                           2000
Convergence criterion for H1                             0.100D-03
Optimization algorithm                                         EMA

Input data file(s)
  octomult_151015.dat
Input data format  FREE


SUMMARY OF DATA

     Number of missing data patterns            50


COVARIANCE COVERAGE OF DATA

Minimum covariance coverage value   0.100


     PROPORTION OF DATA PRESENT


           Covariance Coverage
              P1            P2            P3            P4            P5
              ________      ________      ________      ________      ________
 P1             0.959
 P2             0.789         0.822
 P3             0.641         0.656         0.667
 P4             0.533         0.548         0.552         0.556
 P5             0.433         0.448         0.448         0.452         0.452
 C1             0.822         0.678         0.563         0.485         0.389
 C2             0.615         0.626         0.519         0.441         0.370
 C3             0.452         0.463         0.467         0.419         0.363
 C4             0.389         0.400         0.404         0.404         0.333
 C5             0.281         0.289         0.289         0.289         0.289
 BAGE           0.959         0.822         0.667         0.556         0.452
 EDUC           0.959         0.822         0.667         0.556         0.452
 SMOKHIST       0.959         0.822         0.667         0.556         0.452
 HEIGHTC        0.959         0.822         0.667         0.556         0.452
 DIABETES       0.959         0.822         0.667         0.556         0.452
 CARDIO         0.959         0.822         0.667         0.556         0.452


           Covariance Coverage
              C1            C2            C3            C4            C5
              ________      ________      ________      ________      ________
 C1             0.826
 C2             0.570         0.626
 C3             0.422         0.430         0.467
 C4             0.374         0.363         0.363         0.404
 C5             0.270         0.270         0.270         0.267         0.289
 BAGE           0.826         0.626         0.467         0.404         0.289
 EDUC           0.826         0.626         0.467         0.404         0.289
 SMOKHIST       0.826         0.626         0.467         0.404         0.289
 HEIGHTC        0.826         0.626         0.467         0.404         0.289
 DIABETES       0.826         0.626         0.467         0.404         0.289
 CARDIO         0.826         0.626         0.467         0.404         0.289


           Covariance Coverage
              BAGE          EDUC          SMOKHIST      HEIGHTC       DIABETES
              ________      ________      ________      ________      ________
 BAGE           1.000
 EDUC           1.000         1.000
 SMOKHIST       1.000         1.000         1.000
 HEIGHTC        1.000         1.000         1.000         1.000
 DIABETES       1.000         1.000         1.000         1.000         1.000
 CARDIO         1.000         1.000         1.000         1.000         1.000


           Covariance Coverage
              CARDIO
              ________
 CARDIO         1.000


SAMPLE STATISTICS


     ESTIMATED SAMPLE STATISTICS


           Means
              P1            P2            P3            P4            P5
              ________      ________      ________      ________      ________
 1              8.265         7.562         6.823         6.156         5.605


           Means
              C1            C2            C3            C4            C5
              ________      ________      ________      ________      ________
 1            283.398       296.294       281.192       258.992       233.981


           Means
              BAGE          EDUC          SMOKHIST      HEIGHTC       DIABETES
              ________      ________      ________      ________      ________
 1              3.344         0.081         0.226        -2.615         0.070


           Means
              CARDIO
              ________
 1              0.448


           Covariances
              P1            P2            P3            P4            P5
              ________      ________      ________      ________      ________
 P1             5.006
 P2             3.776         5.194
 P3             3.461         3.954         4.984
 P4             3.764         4.173         4.094         5.686
 P5             3.213         3.645         3.347         4.073         5.136
 C1            73.784        74.696        62.646        72.282        70.836
 C2            45.425        51.130        48.830        48.881        51.904
 C3            40.137        54.579        44.517        44.284        58.274
 C4            24.717        53.790        44.110        41.776        41.720
 C5            41.066        48.567        45.155        45.120        67.795
 BAGE          -1.574        -1.238        -1.423        -1.712        -1.612
 EDUC           0.595         0.678         0.584         0.527         0.201
 SMOKHIST      -0.029         0.047        -0.057         0.013        -0.034
 HEIGHTC        3.507         2.936         2.649         3.816         2.474
 DIABETES      -0.035        -0.012        -0.022        -0.043        -0.056
 CARDIO        -0.032        -0.086        -0.043        -0.078         0.012


           Covariances
              C1            C2            C3            C4            C5
              ________      ________      ________      ________      ________
 C1          6691.929
 C2          4558.380      7285.855
 C3          3960.584      4594.894      6187.667
 C4          2870.152      4015.743      4457.859      5822.145
 C5          3134.609      4504.068      4244.123      3988.751      5799.128
 BAGE         -55.188       -32.441       -18.632        -3.987         0.773
 EDUC          19.225         3.810        15.321        12.847        -3.620
 SMOKHIST      -2.661        -5.161        -7.942        -7.744        -7.301
 HEIGHTC      109.183        63.614        55.119        39.709        37.986
 DIABETES      -0.657         0.404         0.304         2.687         1.371
 CARDIO         0.478        -1.751        -2.393        -4.708        -5.873


           Covariances
              BAGE          EDUC          SMOKHIST      HEIGHTC       DIABETES
              ________      ________      ________      ________      ________
 BAGE           8.175
 EDUC          -0.314         3.823
 SMOKHIST      -0.146         0.263         0.175
 HEIGHTC       -1.745         0.909         0.135        32.607
 DIABETES       0.108        -0.013        -0.001        -0.053         0.065
 CARDIO        -0.056        -0.148        -0.016        -0.065        -0.006


           Covariances
              CARDIO
              ________
 CARDIO         0.247


           Correlations
              P1            P2            P3            P4            P5
              ________      ________      ________      ________      ________
 P1             1.000
 P2             0.741         1.000
 P3             0.693         0.777         1.000
 P4             0.705         0.768         0.769         1.000
 P5             0.634         0.706         0.661         0.754         1.000
 C1             0.403         0.401         0.343         0.371         0.382
 C2             0.238         0.263         0.256         0.240         0.268
 C3             0.228         0.304         0.254         0.236         0.327
 C4             0.145         0.309         0.259         0.230         0.241
 C5             0.241         0.280         0.266         0.248         0.393
 BAGE          -0.246        -0.190        -0.223        -0.251        -0.249
 EDUC           0.136         0.152         0.134         0.113         0.045
 SMOKHIST      -0.031         0.050        -0.061         0.013        -0.036
 HEIGHTC        0.274         0.226         0.208         0.280         0.191
 DIABETES      -0.061        -0.020        -0.039        -0.070        -0.096
 CARDIO        -0.029        -0.075        -0.039        -0.066         0.011


           Correlations
              C1            C2            C3            C4            C5
              ________      ________      ________      ________      ________
 C1             1.000
 C2             0.653         1.000
 C3             0.615         0.684         1.000
 C4             0.460         0.617         0.743         1.000
 C5             0.503         0.693         0.709         0.686         1.000
 BAGE          -0.236        -0.133        -0.083        -0.018         0.004
 EDUC           0.120         0.023         0.100         0.086        -0.024
 SMOKHIST      -0.078        -0.145        -0.241        -0.243        -0.229
 HEIGHTC        0.234         0.131         0.123         0.091         0.087
 DIABETES      -0.031         0.019         0.015         0.138         0.070
 CARDIO         0.012        -0.041        -0.061        -0.124        -0.155


           Correlations
              BAGE          EDUC          SMOKHIST      HEIGHTC       DIABETES
              ________      ________      ________      ________      ________
 BAGE           1.000
 EDUC          -0.056         1.000
 SMOKHIST      -0.122         0.322         1.000
 HEIGHTC       -0.107         0.081         0.057         1.000
 DIABETES       0.148        -0.026        -0.010        -0.036         1.000
 CARDIO        -0.039        -0.152        -0.077        -0.023        -0.044


           Correlations
              CARDIO
              ________
 CARDIO         1.000


     MAXIMUM LOG-LIKELIHOOD VALUE FOR THE UNRESTRICTED (H1) MODEL IS -8025.804


UNIVARIATE SAMPLE STATISTICS


     UNIVARIATE HIGHER-ORDER MOMENT DESCRIPTIVE STATISTICS

         Variable/         Mean/     Skewness/   Minimum/ % with                Percentiles
        Sample Size      Variance    Kurtosis    Maximum  Min/Max      20%/60%    40%/80%    Median

     P1                    8.317      -0.063       0.000    0.39%       6.960      7.830      8.120
             259.000       4.978       0.977      14.210    0.39%       8.700     10.150
     P2                    7.554      -0.290       0.000    1.35%       5.945      6.960      7.540
             222.000       5.198       1.163      14.210    0.45%       8.120      9.280
     P3                    6.968      -0.240       0.000    0.56%       5.220      6.525      7.105
             180.000       4.586       0.503      13.340    0.56%       7.540      8.700
     P4                    6.355      -0.303       0.000    2.67%       4.930      5.945      6.235
             150.000       5.239       0.863      11.890    0.67%       6.815      7.830
     P5                    5.916      -0.276       0.000    0.82%       4.060      5.510      5.800
             122.000       4.671       0.187      11.310    1.64%       6.960      7.395
     C1                  289.372      -0.316     100.000    1.79%     220.000    275.000    300.000
             223.000    6469.561      -0.226     520.000    0.45%     310.000    350.000
     C2                  306.006      -0.065     100.000    1.18%     240.000    300.000    310.000
             169.000    6762.893       0.055     540.000    0.59%     330.000    370.000
     C3                  297.143      -0.094     100.000    0.79%     230.000    270.000    300.000
             126.000    5661.678      -0.048     500.000    0.79%     320.000    350.000
     C4                  269.358       0.385     110.000    0.92%     210.000    250.000    260.000
             109.000    5420.688       0.117     500.000    0.92%     270.000    340.000
     C5                  258.077       0.156      60.000    1.28%     200.000    240.000    250.000
              78.000    5441.174       0.028     450.000    1.28%     260.000    320.000
     BAGE                  3.344       1.030      -0.630    0.37%       0.877      1.889      2.479
             270.000       8.175       0.584      13.016    0.37%       3.489      5.819
     EDUC                  0.081       1.271      -7.000    0.37%      -1.000     -1.000     -1.000
             270.000       3.823       2.647       7.000    1.11%       0.000      1.000
     SMOKHIST              0.226       1.311       0.000   77.41%       0.000      0.000      0.000
             270.000       0.175      -0.282       1.000   22.59%       0.000      1.000
     HEIGHTC              -2.615      -0.461     -24.000    0.37%      -7.000     -4.000     -2.000
             270.000      32.607       0.384      13.000    0.37%      -1.000      2.000
     DIABETES              0.070       3.359       0.000   92.96%       0.000      0.000      0.000
             270.000       0.065       9.286       1.000    7.04%       0.000      0.000
     CARDIO                0.448       0.209       0.000   55.19%       0.000      0.000      0.000
             270.000       0.247      -1.957       1.000   44.81%       1.000      1.000


THE MODEL ESTIMATION TERMINATED NORMALLY



MODEL FIT INFORMATION

Number of Free Parameters                       41

Loglikelihood

          H0 Value                       -5668.556

Information Criteria

          Akaike (AIC)                   11419.111
          Bayesian (BIC)                 11566.647
          Sample-Size Adjusted BIC       11436.649
            (n* = (n + 2) / 24)



MODEL RESULTS

                                                    Two-Tailed
                    Estimate       S.E.  Est./S.E.    P-Value

 IP         ON
    BAGE              -0.155      0.053     -2.937      0.003
    EDUC               0.171      0.079      2.169      0.030
    HEIGHTC            0.091      0.025      3.706      0.000
    DIABETES          -0.022      0.533     -0.040      0.968
    SMOKHIST          -0.513      0.359     -1.431      0.153
    CARDIO            -0.163      0.289     -0.563      0.573

 SP         ON
    BAGE              -0.003      0.008     -0.428      0.669
    EDUC              -0.009      0.013     -0.705      0.481
    HEIGHTC           -0.002      0.004     -0.534      0.593
    DIABETES          -0.039      0.072     -0.544      0.586
    SMOKHIST           0.008      0.057      0.135      0.893
    CARDIO             0.000      0.043      0.009      0.993

 IC         ON
    BAGE              -6.623      2.260     -2.931      0.003
    EDUC               5.828      3.147      1.852      0.064
    HEIGHTC            2.595      0.979      2.652      0.008
    DIABETES           1.194     32.573      0.037      0.971
    SMOKHIST         -35.445     13.482     -2.629      0.009
    CARDIO             2.339     11.873      0.197      0.844

 SC         ON
    BAGE               0.942      0.416      2.263      0.024
    EDUC              -0.260      0.580     -0.449      0.653
    HEIGHTC           -0.209      0.132     -1.580      0.114
    DIABETES           3.532      6.765      0.522      0.602
    SMOKHIST          -3.376      2.583     -1.307      0.191
    CARDIO            -2.718      2.284     -1.190      0.234

 IP       WITH
    SP                -0.031      0.045     -0.684      0.494
    IC                44.944     13.120      3.426      0.001
    SC                -3.163      2.233     -1.417      0.157

 SP       WITH
    IC                 0.023      2.093      0.011      0.991
    SC                 0.231      0.272      0.849      0.396

 IC       WITH
    SC              -154.086     92.105     -1.673      0.094

 P1       WITH
    C1                 1.287      3.134      0.411      0.681

 P2       WITH
    C2                 1.287      3.134      0.411      0.681

 P3       WITH
    C3                 1.287      3.134      0.411      0.681

 P4       WITH
    C4                 1.287      3.134      0.411      0.681

 P5       WITH
    C5                 1.287      3.134      0.411      0.681

 Intercepts
    P1                 0.000      0.000    999.000    999.000
    P2                 0.000      0.000    999.000    999.000
    P3                 0.000      0.000    999.000    999.000
    P4                 0.000      0.000    999.000    999.000
    P5                 0.000      0.000    999.000    999.000
    C1                 0.000      0.000    999.000    999.000
    C2                 0.000      0.000    999.000    999.000
    C3                 0.000      0.000    999.000    999.000
    C4                 0.000      0.000    999.000    999.000
    C5                 0.000      0.000    999.000    999.000
    IP                 9.186      0.270     33.970      0.000
    SP                -0.333      0.035     -9.390      0.000
    IC               327.881     12.433     26.372      0.000
    SC                -7.066      2.046     -3.453      0.001

 Residual Variances
    P1                 1.271      0.066     19.352      0.000
    P2                 1.271      0.066     19.352      0.000
    P3                 1.271      0.066     19.352      0.000
    P4                 1.271      0.066     19.352      0.000
    P5                 1.271      0.066     19.352      0.000
    C1              2119.941    173.136     12.244      0.000
    C2              2119.941    173.136     12.244      0.000
    C3              2119.941    173.136     12.244      0.000
    C4              2119.941    173.136     12.244      0.000
    C5              2119.941    173.136     12.244      0.000
    IP                 3.177      0.347      9.150      0.000
    SP                 0.017      0.008      2.097      0.036
    IC              4263.734    740.086      5.761      0.000
    SC                27.155     16.405      1.655      0.098

New/Additional Parameters
    R_IPIC             0.386      0.100      3.873      0.000
    R_SPSC             0.344      0.401      0.859      0.391
    R_RES_PC           0.025      0.060      0.413      0.680


QUALITY OF NUMERICAL RESULTS

     Condition Number for the Information Matrix              0.153E-07
       (ratio of smallest to largest eigenvalue)


CONFIDENCE INTERVALS OF MODEL RESULTS

                  Lower .5%  Lower 2.5%    Lower 5%    Estimate    Upper 5%  Upper 2.5%   Upper .5%

 IP       ON
    BAGE            -0.292      -0.259      -0.242      -0.155      -0.068      -0.052      -0.019
    EDUC            -0.032       0.016       0.041       0.171       0.300       0.325       0.373
    HEIGHTC          0.028       0.043       0.051       0.091       0.131       0.139       0.154
    DIABETES        -1.394      -1.066      -0.898      -0.022       0.855       1.023       1.351
    SMOKHIST        -1.438      -1.217      -1.104      -0.513       0.077       0.190       0.411
    CARDIO          -0.908      -0.730      -0.639      -0.163       0.313       0.404       0.582

 SP       ON
    BAGE            -0.024      -0.019      -0.017      -0.003       0.010       0.012       0.017
    EDUC            -0.042      -0.034      -0.030      -0.009       0.012       0.016       0.024
    HEIGHTC         -0.012      -0.009      -0.008      -0.002       0.004       0.005       0.008
    DIABETES        -0.226      -0.181      -0.159      -0.039       0.080       0.103       0.147
    SMOKHIST        -0.139      -0.104      -0.086       0.008       0.102       0.119       0.155
    CARDIO          -0.110      -0.083      -0.070       0.000       0.071       0.084       0.111

 IC       ON
    BAGE           -12.444     -11.052     -10.340      -6.623      -2.905      -2.194      -0.802
    EDUC            -2.278      -0.340       0.651       5.828      11.005      11.997      13.935
    HEIGHTC          0.074       0.677       0.985       2.595       4.205       4.513       5.116
    DIABETES       -82.708     -62.649     -52.389       1.194      54.777      65.037      85.096
    SMOKHIST       -70.173     -61.870     -57.623     -35.445     -13.266      -9.019      -0.717
    CARDIO         -28.243     -20.931     -17.191       2.339      21.870      25.610      32.922

 SC       ON
    BAGE            -0.130       0.126       0.257       0.942       1.626       1.757       2.013
    EDUC            -1.754      -1.397      -1.214      -0.260       0.693       0.876       1.233
    HEIGHTC         -0.550      -0.468      -0.426      -0.209       0.009       0.050       0.132
    DIABETES       -13.892      -9.726      -7.596       3.532      14.660      16.791      20.956
    SMOKHIST       -10.029      -8.438      -7.625      -3.376       0.873       1.687       3.277
    CARDIO          -8.601      -7.194      -6.475      -2.718       1.040       1.759       3.165

 IP       WITH
    SP              -0.146      -0.119      -0.104      -0.031       0.043       0.057       0.085
    IC              11.150      19.229      23.362      44.944      66.527      70.660      78.739
    SC              -8.915      -7.540      -6.836      -3.163       0.510       1.213       2.588

 SP       WITH
    IC              -5.367      -4.078      -3.419       0.023       3.466       4.125       5.414
    SC              -0.470      -0.302      -0.217       0.231       0.679       0.764       0.932

 IC       WITH
    SC            -391.330    -334.612    -305.599    -154.086      -2.573      26.440      83.159

 P1       WITH
    C1              -6.785      -4.855      -3.868       1.287       6.442       7.429       9.358

 P2       WITH
    C2              -6.785      -4.855      -3.868       1.287       6.442       7.429       9.358

 P3       WITH
    C3              -6.785      -4.855      -3.868       1.287       6.442       7.429       9.358

 P4       WITH
    C4              -6.785      -4.855      -3.868       1.287       6.442       7.429       9.358

 P5       WITH
    C5              -6.785      -4.855      -3.868       1.287       6.442       7.429       9.358

 Intercepts
    P1               0.000       0.000       0.000       0.000       0.000       0.000       0.000
    P2               0.000       0.000       0.000       0.000       0.000       0.000       0.000
    P3               0.000       0.000       0.000       0.000       0.000       0.000       0.000
    P4               0.000       0.000       0.000       0.000       0.000       0.000       0.000
    P5               0.000       0.000       0.000       0.000       0.000       0.000       0.000
    C1               0.000       0.000       0.000       0.000       0.000       0.000       0.000
    C2               0.000       0.000       0.000       0.000       0.000       0.000       0.000
    C3               0.000       0.000       0.000       0.000       0.000       0.000       0.000
    C4               0.000       0.000       0.000       0.000       0.000       0.000       0.000
    C5               0.000       0.000       0.000       0.000       0.000       0.000       0.000
    IP               8.489       8.656       8.741       9.186       9.631       9.716       9.883
    SP              -0.425      -0.403      -0.392      -0.333      -0.275      -0.264      -0.242
    IC             295.856     303.512     307.429     327.881     348.334     352.250     359.906
    SC             -12.337     -11.077     -10.432      -7.066      -3.700      -3.055      -1.795

 Residual Variances
    P1               1.102       1.143       1.163       1.271       1.379       1.400       1.441
    P2               1.102       1.143       1.163       1.271       1.379       1.400       1.441
    P3               1.102       1.143       1.163       1.271       1.379       1.400       1.441
    P4               1.102       1.143       1.163       1.271       1.379       1.400       1.441
    P5               1.102       1.143       1.163       1.271       1.379       1.400       1.441
    C1            1673.978    1780.595    1835.132    2119.941    2404.750    2459.288    2565.905
    C2            1673.978    1780.595    1835.132    2119.941    2404.750    2459.288    2565.905
    C3            1673.978    1780.595    1835.132    2119.941    2404.750    2459.288    2565.905
    C4            1673.978    1780.595    1835.132    2119.941    2404.750    2459.288    2565.905
    C5            1673.978    1780.595    1835.132    2119.941    2404.750    2459.288    2565.905
    IP               2.283       2.497       2.606       3.177       3.748       3.858       4.072
    SP              -0.004       0.001       0.004       0.017       0.030       0.032       0.037
    IC            2357.420    2813.165    3046.292    4263.734    5481.175    5714.303    6170.047
    SC             -15.101      -4.999       0.169      27.155      54.140      59.308      69.410

New/Additional Parameters
    R_IPIC           0.129       0.191       0.222       0.386       0.550       0.582       0.643
    R_SPSC          -0.689      -0.442      -0.315       0.344       1.004       1.131       1.378
    R_RES_PC        -0.130      -0.093      -0.074       0.025       0.124       0.143       0.180


SAMPLE STATISTICS FOR ESTIMATED FACTOR SCORES


     SAMPLE STATISTICS


           Means
              IP            IP_SE         SP            SP_SE         IC
              ________      ________      ________      ________      ________
 1              8.252         0.710        -0.341         0.114       292.549


           Means
              IC_SE         SC            SC_SE
              ________      ________      ________
 1             33.339        -5.124         4.543


           Covariances
              IP            IP_SE         SP            SP_SE         IC
              ________      ________      ________      ________      ________
 IP             3.305
 IP_SE         -0.020         0.018
 SP            -0.007         0.000         0.004
 SP_SE         -0.003         0.001         0.000         0.000
 IC            63.249        -0.710         0.114        -0.116      3884.384
 IC_SE         -5.476         0.603        -0.065         0.053      -175.740
 SC            -4.580         0.059         0.039         0.007      -157.426
 SC_SE         -0.154         0.022        -0.003         0.003        -6.548


           Covariances
              IC_SE         SC            SC_SE
              ________      ________      ________
 IC_SE        104.234
 SC            13.844        23.164
 SC_SE          2.306         0.375         0.098


           Correlations
              IP            IP_SE         SP            SP_SE         IC
              ________      ________      ________      ________      ________
 IP             1.000
 IP_SE         -0.081         1.000
 SP            -0.057        -0.020         1.000
 SP_SE         -0.150         0.717        -0.111         1.000
 IC             0.558        -0.085         0.029        -0.165         1.000
 IC_SE         -0.295         0.444        -0.101         0.462        -0.276
 SC            -0.523         0.092         0.128         0.129        -0.525
 SC_SE         -0.271         0.531        -0.159         0.771        -0.335


           Correlations
              IC_SE         SC            SC_SE
              ________      ________      ________
 IC_SE          1.000
 SC             0.282         1.000
 SC_SE          0.721         0.248         1.000


PLOT INFORMATION

The following plots are available:

  Histograms (sample values, estimated factor scores)
  Scatterplots (sample values, estimated factor scores)
  Latent variable distribution plots

SAVEDATA INFORMATION


  Save file
    OCTOfSlopes_female_aehplus_grip_pef

  Order and format of variables

    P1             F10.3
    P2             F10.3
    P3             F10.3
    P4             F10.3
    P5             F10.3
    C1             F10.3
    C2             F10.3
    C3             F10.3
    C4             F10.3
    C5             F10.3
    BAGE           F10.3
    EDUC           F10.3
    SMOKHIST       F10.3
    HEIGHTC        F10.3
    DIABETES       F10.3
    CARDIO         F10.3
    TIME1          F10.3
    TIME2          F10.3
    TIME3          F10.3
    TIME4          F10.3
    TIME5          F10.3
    IP             F10.3
    IP_SE          F10.3
    SP             F10.3
    SP_SE          F10.3
    IC             F10.3
    IC_SE          F10.3
    SC             F10.3
    SC_SE          F10.3

  Save file format
    29F10.3

  Save file record length    10000


DIAGRAM INFORMATION

  Use View Diagram under the Diagram menu in the Mplus Editor to view the diagram.
  If running Mplus from the Mplus Diagrammer, the diagram opens automatically.

  Diagram output
    c:\users\annie\dropbox\ialsa_cambridge\octo-phy-phy\b1_female_aehplus_grip_pef.dgm

     Beginning Time:  11:36:07
        Ending Time:  11:36:52
       Elapsed Time:  00:00:45



MUTHEN & MUTHEN
3463 Stoner Ave.
Los Angeles, CA  90066

Tel: (310) 391-9971
Fax: (310) 391-8971
Web: www.StatModel.com
Support: Support@StatModel.com

Copyright (c) 1998-2015 Muthen & Muthen
