Mplus VERSION 7.4 (Mac)
MUTHEN & MUTHEN
02/08/2017  10:45 PM

INPUT INSTRUCTIONS

  TITLE:
  Script produced from the prototype in ./sandbox/syntax-creator/
  DATA:
  File = wide-dataset.dat ;
  VARIABLE:
  NAMES are
   id male age_c70 edu_c7 htm_c smoke cardio diabetes dementia_ever
      dementia_baseline bnt_00 bnt_01 bnt_02 bnt_03 bnt_04 bnt_05 bnt_06 bnt_07
      bnt_08 bnt_09 bnt_10 bnt_11 bnt_12 bnt_13 bnt_14 bnt_15 bnt_16 bnt_17
      bnt_18 bostordel_00 bostordel_01 bostordel_02 bostordel_03 bostordel_04
      bostordel_05 bostordel_06 bostordel_07 bostordel_08 bostordel_09 bostordel_10
      bostordel_11 bostordel_12 bostordel_13 bostordel_14 bostordel_15 bostordel_16
      bostordel_17 bostordel_18 bostorim_00 bostorim_01 bostorim_02 bostorim_03
      bostorim_04 bostorim_05 bostorim_06 bostorim_07 bostorim_08 bostorim_09
      bostorim_10 bostorim_11 bostorim_12 bostorim_13 bostorim_14 bostorim_15
      bostorim_16 bostorim_17 bostorim_18 catfluency_00 catfluency_01 catfluency_02
      catfluency_03 catfluency_04 catfluency_05 catfluency_06 catfluency_07
      catfluency_08 catfluency_09 catfluency_10 catfluency_11 catfluency_12
      catfluency_13 catfluency_14 catfluency_15 catfluency_16 catfluency_17
      catfluency_18 complexideas_00 complexideas_01 complexideas_02 complexideas_03
      complexideas_04 complexideas_05 complexideas_06 complexideas_07 complexideas_08
      complexideas_09 complexideas_10 complexideas_11 complexideas_12 complexideas_13
      complexideas_14 complexideas_15 complexideas_16 complexideas_17 complexideas_18
      digitbackward_00 digitbackward_01 digitbackward_02 digitbackward_03
      digitbackward_04 digitbackward_05 digitbackward_06 digitbackward_07
      digitbackward_08 digitbackward_09 digitbackward_10 digitbackward_11
      digitbackward_12 digitbackward_13 digitbackward_14 digitbackward_15
      digitbackward_16 digitbackward_17 digitbackward_18 digitforward_00
      digitforward_01 digitforward_02 digitforward_03 digitforward_04 digitforward_05
      digitforward_06 digitforward_07 digitforward_08 digitforward_09 digitforward_10
      digitforward_11 digitforward_12 digitforward_13 digitforward_14 digitforward_15
      digitforward_16 digitforward_17 digitforward_18 digitorder_00 digitorder_01
      digitorder_02 digitorder_03 digitorder_04 digitorder_05 digitorder_06
      digitorder_07 digitorder_08 digitorder_09 digitorder_10 digitorder_11
      digitorder_12 digitorder_13 digitorder_14 digitorder_15 digitorder_16
      digitorder_17 digitorder_18 fev_00 fev_01 fev_02 fev_03 fev_04 fev_05 fev_06
      fev_07 fev_08 fev_09 fev_10 fev_11 fev_12 fev_13 fev_14 fev_15 fev_16 fev_17
      fev_18 fev100_00 fev100_01 fev100_02 fev100_03 fev100_04 fev100_05 fev100_06
      fev100_07 fev100_08 fev100_09 fev100_10 fev100_11 fev100_12 fev100_13 fev100_14
      fev100_15 fev100_16 fev100_17 fev100_18 gait_00 gait_01 gait_02 gait_03 gait_04
      gait_05 gait_06 gait_07 gait_08 gait_09 gait_10 gait_11 gait_12 gait_13 gait_14
      gait_15 gait_16 gait_17 gait_18 grip_00 grip_01 grip_02 grip_03 grip_04 grip_05
      grip_06 grip_07 grip_08 grip_09 grip_10 grip_11 grip_12 grip_13 grip_14 grip_15
      grip_16 grip_17 grip_18 lineorientation_00 lineorientation_01 lineorientation_02
      lineorientation_03 lineorientation_04 lineorientation_05 lineorientation_06
      lineorientation_07 lineorientation_08 lineorientation_09 lineorientation_10
      lineorientation_11 lineorientation_12 lineorientation_13 lineorientation_14
      lineorientation_15 lineorientation_16 lineorientation_17 lineorientation_18
      logimemdel_00 logimemdel_01 logimemdel_02 logimemdel_03 logimemdel_04
      logimemdel_05 logimemdel_06 logimemdel_07 logimemdel_08 logimemdel_09
      logimemdel_10 logimemdel_11 logimemdel_12 logimemdel_13 logimemdel_14
      logimemdel_15 logimemdel_16 logimemdel_17 logimemdel_18 logimemim_00
      logimemim_01 logimemim_02 logimemim_03 logimemim_04 logimemim_05 logimemim_06
      logimemim_07 logimemim_08 logimemim_09 logimemim_10 logimemim_11 logimemim_12
      logimemim_13 logimemim_14 logimemim_15 logimemim_16 logimemim_17 logimemim_18
      matrices_00 matrices_01 matrices_02 matrices_03 matrices_04 matrices_05
      matrices_06 matrices_07 matrices_08 matrices_09 matrices_10 matrices_11
      matrices_12 matrices_13 matrices_14 matrices_15 matrices_16 matrices_17
      matrices_18 mmse_00 mmse_01 mmse_02 mmse_03 mmse_04 mmse_05 mmse_06 mmse_07
      mmse_08 mmse_09 mmse_10 mmse_11 mmse_12 mmse_13 mmse_14 mmse_15 mmse_16 mmse_17
      mmse_18 nart_00 nart_01 nart_02 nart_03 nart_04 nart_05 nart_06 nart_07 nart_08
      nart_09 nart_10 nart_11 nart_12 nart_13 nart_14 nart_15 nart_16 nart_17 nart_18
      numbercomparison_00 numbercomparison_01 numbercomparison_02 numbercomparison_03
      numbercomparison_04 numbercomparison_05 numbercomparison_06 numbercomparison_07
      numbercomparison_08 numbercomparison_09 numbercomparison_10 numbercomparison_11
      numbercomparison_12 numbercomparison_13 numbercomparison_14 numbercomparison_15
      numbercomparison_16 numbercomparison_17 numbercomparison_18 symbol_00
      symbol_01 symbol_02 symbol_03 symbol_04 symbol_05 symbol_06 symbol_07 symbol_08
      symbol_09 symbol_10 symbol_11 symbol_12 symbol_13 symbol_14 symbol_15 symbol_16
      symbol_17 symbol_18 wordlistdel_00 wordlistdel_01 wordlistdel_02 wordlistdel_03
      wordlistdel_04 wordlistdel_05 wordlistdel_06 wordlistdel_07 wordlistdel_08
      wordlistdel_09 wordlistdel_10 wordlistdel_11 wordlistdel_12 wordlistdel_13
      wordlistdel_14 wordlistdel_15 wordlistdel_16 wordlistdel_17 wordlistdel_18
      wordlistim_00 wordlistim_01 wordlistim_02 wordlistim_03 wordlistim_04
      wordlistim_05 wordlistim_06 wordlistim_07 wordlistim_08 wordlistim_09
      wordlistim_10 wordlistim_11 wordlistim_12 wordlistim_13 wordlistim_14
      wordlistim_15 wordlistim_16 wordlistim_17 wordlistim_18 wordlistrecog_00
      wordlistrecog_01 wordlistrecog_02 wordlistrecog_03 wordlistrecog_04
      wordlistrecog_05 wordlistrecog_06 wordlistrecog_07 wordlistrecog_08
      wordlistrecog_09 wordlistrecog_10 wordlistrecog_11 wordlistrecog_12
      wordlistrecog_13 wordlistrecog_14 wordlistrecog_15 wordlistrecog_16
      wordlistrecog_17 wordlistrecog_18 years_since_bl_00 years_since_bl_01
      years_since_bl_02 years_since_bl_03 years_since_bl_04 years_since_bl_05
      years_since_bl_06 years_since_bl_07 years_since_bl_08 years_since_bl_09
      years_since_bl_10 years_since_bl_11 years_since_bl_12 years_since_bl_13
      years_since_bl_14 years_since_bl_15 years_since_bl_16 years_since_bl_17
      years_since_bl_18
  	;
  Missing are all (-9999);
  USEVARIABLES are
  	!define the variables used in the analysis
  	! covariates used in the model
  age_c70
  edu_c7	
  	!estimated time points
  time_00
  time_01
  time_02
  time_03
  time_04
  	!modelled time points of process (A)
  a_00
  a_01
  a_02
  a_03
  a_04
  	!modelled time points of process (B)
  b_00
  b_01
  b_02
  b_03
  b_04
  ;
  TSCORES are
  	!estimated time points
  time_00
  time_01
  time_02
  time_03
  time_04;
  USEOBSERVATIONS are
  	!select a subset of observations
  male EQ 1
  and
  dementia_baseline NE 1
  ;
  DEFINE:
  	! assign variables to the process (A)
  a_00=grip_00;
  a_01=grip_01;
  a_02=grip_02;
  a_03=grip_03;
  a_04=grip_04;
  	! assign variables to the process (B)
  b_00=digitforward_00;
  b_01=digitforward_01;
  b_02=digitforward_02;
  b_03=digitforward_03;
  b_04=digitforward_04;
  	!assign variables to time points
  time_00=years_since_bl_00;
  time_01=years_since_bl_01;
  time_02=years_since_bl_02;
  time_03=years_since_bl_03;
  time_04=years_since_bl_04;
  	
  ANALYSIS:
  TYPE = RANDOM;
  COVERAGE=.00;
  MODEL:
  	!first-level equation
  	! assign process (A) to time points
  ia sa | a_00 AT time_00 ;
  ia sa | a_01 AT time_01 ;
  ia sa | a_02 AT time_02 ;
  ia sa | a_03 AT time_03 ;
  ia sa | a_04 AT time_04 ;
  	! assign process (B) to time points
  ib sb | b_00 AT time_00 ;
  ib sb | b_01 AT time_01 ;
  ib sb | b_02 AT time_02 ;
  ib sb | b_03 AT time_03 ;
  ib sb | b_04 AT time_04 ;
  	!variance of the first-level terms
  ia (v_ia);
  sa (v_sa);
  ib (v_ib);
  sb (v_sb);
  	!covariance among first-level terms
  ia WITH sa (c_iasa);
  ia WITH ib (c_iaib);
  ia WITH sb (c_iasb);
  sa WITH ib (c_saib);
  sa WITH sb (c_sasb);
  ib WITH sb (c_ibsb);
  	!second-level equation
  ia sa ib sb ON age_c70
  edu_c7;
  	!residual covariance of process (A)
  a_00 (res_a);
  a_01 (res_a);
  a_02 (res_a);
  a_03 (res_a);
  a_04 (res_a);	
  	!residual covariance of process (B)
  b_00 (res_b);
  b_01 (res_b);
  b_02 (res_b);
  b_03 (res_b);
  b_04 (res_b);	
  	!Paired covariances constrained to be equal across t
  a_00 pwith b_00 (res_cov);
  a_01 pwith b_01 (res_cov);
  a_02 pwith b_02 (res_cov);
  a_03 pwith b_03 (res_cov);
  a_04 pwith b_04 (res_cov);	
  MODEL CONSTRAINT:
  	!assigns labels to new parameters;
  NEW r_iaib;
  NEW r_sasb;
  NEW r_res_ab;
  	!compute confidence intervals for correlation coefficients;
  r_iaib = c_iaib/((v_ia**0.5)*(v_ib**0.5));
  r_sasb = c_sasb/((v_sa**0.5)*(v_sb**0.5));
  r_res_ab = res_cov/((res_a**0.5)*(res_b**0.5));
  SAVEDATA:
  FILE is   b1_male_ae_grip_digitforward_fscores.dat;
  SAVE = FSCORES;
  RESULTS are   b1_male_ae_grip_digitforward_results.dat;
  	
  OUTPUT: sampstat cinterval;
  PLOT: Type is Plot1 Plot2 Plot3;



INPUT READING TERMINATED NORMALLY




Script produced from the prototype in ./sandbox/syntax-creator/

SUMMARY OF ANALYSIS

Number of groups                                                 1
Number of observations                                         442

Number of dependent variables                                   10
Number of independent variables                                  2
Number of continuous latent variables                            4

Observed dependent variables

  Continuous
   A_00        A_01        A_02        A_03        A_04        B_00
   B_01        B_02        B_03        B_04

Observed independent variables
   AGE_C70     EDU_C7

Continuous latent variables
   IA          SA          IB          SB

Variables with special functions

  Time scores
   TIME_00     TIME_01     TIME_02     TIME_03     TIME_04


Estimator                                                      MLR
Information matrix                                        OBSERVED
Maximum number of iterations                                   100
Convergence criterion                                    0.100D-05
Maximum number of EM iterations                                500
Convergence criteria for the EM algorithm
  Loglikelihood change                                   0.100D-02
  Relative loglikelihood change                          0.100D-05
  Derivative                                             0.100D-03
Minimum variance                                         0.100D-03
Maximum number of steepest descent iterations                   20
Maximum number of iterations for H1                           2000
Convergence criterion for H1                             0.100D-03
Optimization algorithm                                         EMA

Input data file(s)
  wide-dataset.dat
Input data format  FREE


SUMMARY OF DATA

     Number of missing data patterns            66


COVARIANCE COVERAGE OF DATA

Minimum covariance coverage value   0.000


     PROPORTION OF DATA PRESENT


           Covariance Coverage
              A_00          A_01          A_02          A_03          A_04
              ________      ________      ________      ________      ________
 A_00           0.853
 A_01           0.622         0.631
 A_02           0.516         0.482         0.525
 A_03           0.410         0.371         0.373         0.502
 A_04           0.262         0.229         0.235         0.317         0.348
 B_00           0.853         0.631         0.525         0.502         0.348
 B_01           0.738         0.622         0.514         0.491         0.337
 B_02           0.643         0.566         0.518         0.486         0.339
 B_03           0.575         0.495         0.475         0.498         0.339
 B_04           0.486         0.423         0.405         0.446         0.342
 AGE_C70        0.853         0.631         0.525         0.502         0.348
 EDU_C7         0.853         0.631         0.525         0.502         0.348


           Covariance Coverage
              B_00          B_01          B_02          B_03          B_04
              ________      ________      ________      ________      ________
 B_00           1.000
 B_01           0.860         0.860
 B_02           0.753         0.733         0.753
 B_03           0.667         0.647         0.640         0.667
 B_04           0.575         0.557         0.552         0.557         0.575
 AGE_C70        1.000         0.860         0.753         0.667         0.575
 EDU_C7         1.000         0.860         0.753         0.667         0.575


           Covariance Coverage
              AGE_C70       EDU_C7
              ________      ________
 AGE_C70        1.000
 EDU_C7         1.000         1.000


SAMPLE STATISTICS


     ESTIMATED SAMPLE STATISTICS


           Means
              A_00          A_01          A_02          A_03          A_04
              ________      ________      ________      ________      ________
 1             67.836        66.174        64.237        62.486        59.378


           Means
              B_00          B_01          B_02          B_03          B_04
              ________      ________      ________      ________      ________
 1              8.333         8.512         8.404         8.115         8.119


           Means
              AGE_C70       EDU_C7
              ________      ________
 1             10.200         8.462


           Covariances
              A_00          A_01          A_02          A_03          A_04
              ________      ________      ________      ________      ________
 A_00         347.258
 A_01         313.711       344.941
 A_02         328.901       333.198       405.390
 A_03         308.812       322.185       362.476       384.751
 A_04         292.601       303.648       339.421       343.181       347.834
 B_00           5.802         7.257         8.344         8.106         8.796
 B_01           5.015         6.980         6.434         5.799         6.385
 B_02           4.853         7.878         9.120         8.225         8.123
 B_03           7.196         9.230        11.143        10.367        10.857
 B_04           7.270         9.080        11.041        11.848        10.597
 AGE_C70      -54.407       -57.287       -60.924       -60.943       -58.478
 EDU_C7         5.678         7.764         8.480         5.539         6.025


           Covariances
              B_00          B_01          B_02          B_03          B_04
              ________      ________      ________      ________      ________
 B_00           4.267
 B_01           2.640         4.159
 B_02           2.715         2.757         4.320
 B_03           3.110         2.790         2.987         4.694
 B_04           2.695         3.002         2.883         3.293         5.000
 AGE_C70       -2.211        -1.811        -2.096        -2.507        -1.713
 EDU_C7         2.294         2.342         1.915         2.070         2.260


           Covariances
              AGE_C70       EDU_C7
              ________      ________
 AGE_C70       49.151
 EDU_C7         0.815        12.973


           Correlations
              A_00          A_01          A_02          A_03          A_04
              ________      ________      ________      ________      ________
 A_00           1.000
 A_01           0.906         1.000
 A_02           0.877         0.891         1.000
 A_03           0.845         0.884         0.918         1.000
 A_04           0.842         0.877         0.904         0.938         1.000
 B_00           0.151         0.189         0.201         0.200         0.228
 B_01           0.132         0.184         0.157         0.145         0.168
 B_02           0.125         0.204         0.218         0.202         0.210
 B_03           0.178         0.229         0.255         0.244         0.269
 B_04           0.174         0.219         0.245         0.270         0.254
 AGE_C70       -0.416        -0.440        -0.432        -0.443        -0.447
 EDU_C7         0.085         0.116         0.117         0.078         0.090


           Correlations
              B_00          B_01          B_02          B_03          B_04
              ________      ________      ________      ________      ________
 B_00           1.000
 B_01           0.627         1.000
 B_02           0.632         0.650         1.000
 B_03           0.695         0.631         0.663         1.000
 B_04           0.583         0.658         0.620         0.680         1.000
 AGE_C70       -0.153        -0.127        -0.144        -0.165        -0.109
 EDU_C7         0.308         0.319         0.256         0.265         0.281


           Correlations
              AGE_C70       EDU_C7
              ________      ________
 AGE_C70        1.000
 EDU_C7         0.032         1.000


     MAXIMUM LOG-LIKELIHOOD VALUE FOR THE UNRESTRICTED (H1) MODEL IS -10555.634


UNIVARIATE SAMPLE STATISTICS


     UNIVARIATE HIGHER-ORDER MOMENT DESCRIPTIVE STATISTICS

         Variable/         Mean/     Skewness/   Minimum/ % with                Percentiles
        Sample Size      Variance    Kurtosis    Maximum  Min/Max      20%/60%    40%/80%    Median

     A_00                 67.609      -0.051       0.000    0.27%      52.500     63.250     67.000
             377.000     355.446       0.372     124.250    0.27%      73.000     83.250
     A_01                 67.050      -0.019      12.000    0.36%      52.500     62.750     67.250
             279.000     307.256       0.397     130.250    0.36%      72.500     80.250
     A_02                 66.263      -0.073       0.000    0.43%      50.000     62.250     67.375
             232.000     367.629       0.555     127.500    0.43%      72.500     79.750
     A_03                 64.162       0.040       0.000    0.45%      47.500     59.750     65.125
             222.000     349.989       0.512     125.000    0.45%      70.250     78.000
     A_04                 62.771       0.108      16.500    0.65%      47.000     59.000     62.375
             154.000     292.232      -0.150     111.500    0.65%      66.500     76.500
     B_00                  8.333      -0.306       0.000    0.23%       7.000      8.000      8.000
             442.000       4.267      -0.150      12.000    4.52%       9.000     10.000
     B_01                  8.508      -0.150       3.000    0.53%       7.000      8.000      8.000
             380.000       4.113      -0.676      12.000    6.58%       9.000     10.000
     B_02                  8.459      -0.116       4.000    2.40%       7.000      8.000      9.000
             333.000       4.170      -0.803      12.000    6.61%       9.000     10.000
     B_03                  8.264      -0.243       0.000    0.34%       7.000      8.000      8.000
             295.000       4.337       0.001      12.000    6.10%       9.000     10.000
     B_04                  8.299      -0.242       0.000    0.39%       6.000      8.000      8.000
             254.000       4.761      -0.134      12.000    7.48%       9.000     10.000
     AGE_C70              10.200      -0.508     -12.094    0.23%       4.661      9.083     11.092
             442.000      49.151       0.154      28.508    0.23%      12.628     16.026
     EDU_C7                8.462      -0.333      -7.000    0.23%       5.000      8.000      9.000
             442.000      12.973       1.741      21.000    0.45%       9.000     11.000


THE MODEL ESTIMATION TERMINATED NORMALLY



MODEL FIT INFORMATION

Number of Free Parameters                       25

Loglikelihood

          H0 Value                       -7913.753
          H0 Scaling Correction Factor      1.2065
            for MLR

Information Criteria

          Akaike (AIC)                   15877.506
          Bayesian (BIC)                 15979.788
          Sample-Size Adjusted BIC       15900.450
            (n* = (n + 2) / 24)



MODEL RESULTS

                                                    Two-Tailed
                    Estimate       S.E.  Est./S.E.    P-Value

 IA         ON
    AGE_C70           -1.123      0.124     -9.089      0.000
    EDU_C7             0.576      0.250      2.306      0.021

 SA         ON
    AGE_C70           -0.046      0.032     -1.452      0.147
    EDU_C7            -0.003      0.057     -0.059      0.953

 IB         ON
    AGE_C70           -0.047      0.013     -3.693      0.000
    EDU_C7             0.179      0.020      8.935      0.000

 SB         ON
    AGE_C70            0.001      0.003      0.254      0.799
    EDU_C7            -0.004      0.007     -0.617      0.537

 IA       WITH
    SA                -5.257      3.901     -1.348      0.178
    IB                 1.949      1.441      1.353      0.176
    SB                 0.560      0.441      1.272      0.203

 SA       WITH
    IB                 0.425      0.333      1.277      0.202
    SB                 0.142      0.102      1.387      0.165

 IB       WITH
    SB                 0.040      0.052      0.760      0.447

 A_00     WITH
    B_00               0.251      0.280      0.895      0.371

 A_01     WITH
    B_01               0.251      0.280      0.895      0.371

 A_02     WITH
    B_02               0.251      0.280      0.895      0.371

 A_03     WITH
    B_03               0.251      0.280      0.895      0.371

 A_04     WITH
    B_04               0.251      0.280      0.895      0.371

 Intercepts
    A_00               0.000      0.000    999.000    999.000
    A_01               0.000      0.000    999.000    999.000
    A_02               0.000      0.000    999.000    999.000
    A_03               0.000      0.000    999.000    999.000
    A_04               0.000      0.000    999.000    999.000
    B_00               0.000      0.000    999.000    999.000
    B_01               0.000      0.000    999.000    999.000
    B_02               0.000      0.000    999.000    999.000
    B_03               0.000      0.000    999.000    999.000
    B_04               0.000      0.000    999.000    999.000
    IA                74.616      2.720     27.428      0.000
    SA                -1.548      0.548     -2.826      0.005
    IB                 7.397      0.229     32.304      0.000
    SB                -0.042      0.070     -0.595      0.552

 Residual Variances
    A_00              31.619      2.348     13.465      0.000
    A_01              31.619      2.348     13.465      0.000
    A_02              31.619      2.348     13.465      0.000
    A_03              31.619      2.348     13.465      0.000
    A_04              31.619      2.348     13.465      0.000
    B_00               1.537      0.082     18.667      0.000
    B_01               1.537      0.082     18.667      0.000
    B_02               1.537      0.082     18.667      0.000
    B_03               1.537      0.082     18.667      0.000
    B_04               1.537      0.082     18.667      0.000
    IA               255.558     23.131     11.048      0.000
    SA                 4.379      1.364      3.211      0.001
    IB                 2.155      0.211     10.235      0.000
    SB                 0.028      0.026      1.079      0.281

New/Additional Parameters
    R_IAIB             0.083      0.061      1.367      0.172
    R_SASB             0.404      0.292      1.383      0.167
    R_RES_AB           0.036      0.040      0.901      0.368


QUALITY OF NUMERICAL RESULTS

     Condition Number for the Information Matrix              0.996E-05
       (ratio of smallest to largest eigenvalue)


CONFIDENCE INTERVALS OF MODEL RESULTS

                  Lower .5%  Lower 2.5%    Lower 5%    Estimate    Upper 5%  Upper 2.5%   Upper .5%

 IA       ON
    AGE_C70         -1.441      -1.365      -1.326      -1.123      -0.920      -0.881      -0.805
    EDU_C7          -0.067       0.086       0.165       0.576       0.988       1.066       1.220

 SA       ON
    AGE_C70         -0.127      -0.108      -0.098      -0.046       0.006       0.016       0.035
    EDU_C7          -0.150      -0.115      -0.097      -0.003       0.090       0.108       0.143

 IB       ON
    AGE_C70         -0.079      -0.071      -0.067      -0.047      -0.026      -0.022      -0.014
    EDU_C7           0.127       0.140       0.146       0.179       0.212       0.218       0.230

 SB       ON
    AGE_C70         -0.008      -0.006      -0.005       0.001       0.007       0.008       0.010
    EDU_C7          -0.023      -0.019      -0.016      -0.004       0.007       0.010       0.014

 IA       WITH
    SA             -15.305     -12.903     -11.674      -5.257       1.160       2.389       4.791
    IB              -1.763      -0.875      -0.421       1.949       4.320       4.774       5.662
    SB              -0.574      -0.303      -0.164       0.560       1.285       1.424       1.695

 SA       WITH
    IB              -0.432      -0.227      -0.123       0.425       0.973       1.077       1.282
    SB              -0.121      -0.058      -0.026       0.142       0.310       0.342       0.405

 IB       WITH
    SB              -0.095      -0.063      -0.046       0.040       0.126       0.142       0.174

 A_00     WITH
    B_00            -0.471      -0.299      -0.210       0.251       0.712       0.800       0.973

 A_01     WITH
    B_01            -0.471      -0.299      -0.210       0.251       0.712       0.800       0.973

 A_02     WITH
    B_02            -0.471      -0.299      -0.210       0.251       0.712       0.800       0.973

 A_03     WITH
    B_03            -0.471      -0.299      -0.210       0.251       0.712       0.800       0.973

 A_04     WITH
    B_04            -0.471      -0.299      -0.210       0.251       0.712       0.800       0.973

 Intercepts
    A_00             0.000       0.000       0.000       0.000       0.000       0.000       0.000
    A_01             0.000       0.000       0.000       0.000       0.000       0.000       0.000
    A_02             0.000       0.000       0.000       0.000       0.000       0.000       0.000
    A_03             0.000       0.000       0.000       0.000       0.000       0.000       0.000
    A_04             0.000       0.000       0.000       0.000       0.000       0.000       0.000
    B_00             0.000       0.000       0.000       0.000       0.000       0.000       0.000
    B_01             0.000       0.000       0.000       0.000       0.000       0.000       0.000
    B_02             0.000       0.000       0.000       0.000       0.000       0.000       0.000
    B_03             0.000       0.000       0.000       0.000       0.000       0.000       0.000
    B_04             0.000       0.000       0.000       0.000       0.000       0.000       0.000
    IA              67.608      69.284      70.141      74.616      79.091      79.948      81.623
    SA              -2.958      -2.621      -2.449      -1.548      -0.647      -0.474      -0.137
    IB               6.807       6.948       7.020       7.397       7.774       7.846       7.987
    SB              -0.222      -0.179      -0.157      -0.042       0.074       0.096       0.139

 Residual Variances
    A_00            25.570      27.016      27.756      31.619      35.481      36.221      37.667
    A_01            25.570      27.016      27.756      31.619      35.481      36.221      37.667
    A_02            25.570      27.016      27.756      31.619      35.481      36.221      37.667
    A_03            25.570      27.016      27.756      31.619      35.481      36.221      37.667
    A_04            25.570      27.016      27.756      31.619      35.481      36.221      37.667
    B_00             1.325       1.376       1.401       1.537       1.672       1.698       1.749
    B_01             1.325       1.376       1.401       1.537       1.672       1.698       1.749
    B_02             1.325       1.376       1.401       1.537       1.672       1.698       1.749
    B_03             1.325       1.376       1.401       1.537       1.672       1.698       1.749
    B_04             1.325       1.376       1.401       1.537       1.672       1.698       1.749
    IA             195.976     210.220     217.506     255.558     293.609     300.895     315.139
    SA               0.866       1.706       2.135       4.379       6.622       7.051       7.891
    IB               1.613       1.743       1.809       2.155       2.502       2.568       2.698
    SB              -0.039      -0.023      -0.015       0.028       0.071       0.079       0.095

New/Additional Parameters
    R_IAIB          -0.073      -0.036      -0.017       0.083       0.183       0.202       0.240
    R_SASB          -0.349      -0.169      -0.077       0.404       0.886       0.978       1.158
    R_RES_AB        -0.067      -0.042      -0.030       0.036       0.102       0.114       0.139


SAMPLE STATISTICS FOR ESTIMATED FACTOR SCORES


     SAMPLE STATISTICS


           Means
              IA            IA_SE         SA            SA_SE         IB
              ________      ________      ________      ________      ________
 1             68.040         4.963        -2.043         1.734         8.435


           Means
              IB_SE         SB            SB_SE
              ________      ________      ________
 1              0.641        -0.070         0.146


           Covariances
              IA            IA_SE         SA            SA_SE         IB
              ________      ________      ________      ________      ________
 IA           288.511
 IA_SE         -1.281         7.637
 SA             1.054         0.002         1.402
 SA_SE         -0.711         0.351         0.007         0.074
 IB             5.518        -0.036         0.541        -0.014         2.238
 IB_SE         -0.434         0.127        -0.002         0.022        -0.015
 SB             0.513         0.002         0.053        -0.001         0.047
 SB_SE         -0.038         0.012         0.000         0.002        -0.001


           Covariances
              IB_SE         SB            SB_SE
              ________      ________      ________
 IB_SE          0.016
 SB            -0.001         0.007
 SB_SE          0.001         0.000         0.000


           Correlations
              IA            IA_SE         SA            SA_SE         IB
              ________      ________      ________      ________      ________
 IA             1.000
 IA_SE         -0.027         1.000
 SA             0.052         0.001         1.000
 SA_SE         -0.154         0.468         0.021         1.000
 IB             0.217        -0.009         0.305        -0.035         1.000
 IB_SE         -0.204         0.367        -0.013         0.635        -0.078
 SB             0.364         0.010         0.543        -0.056         0.378
 SB_SE         -0.220         0.433        -0.015         0.801        -0.086


           Correlations
              IB_SE         SB            SB_SE
              ________      ________      ________
 IB_SE          1.000
 SB            -0.094         1.000
 SB_SE          0.872        -0.079         1.000


RESULTS SAVING INFORMATION

  Order of data

    Parameter estimates
     (saved in order shown in Technical 1 output)
    Standard errors
     (saved in order shown in Technical 1 output)
    H0 Loglikelihood
    H0 Scaling Correction Factor for MLR
    Number of Free Parameters
    Akaike (AIC)
    Bayesian (BIC)
    Sample-Size Adjusted BIC
    Condition Number

  Save file
    b1_male_ae_grip_digitforward_results.dat

  Save file format           Free


PLOT INFORMATION

The following plots are available:

  Histograms (sample values, estimated factor scores)
  Scatterplots (sample values, estimated factor scores)
  Latent variable distribution plots

SAVEDATA INFORMATION


  Save file
    b1_male_ae_grip_digitforward_fscores.dat

  Order and format of variables

    A_00           F10.3
    A_01           F10.3
    A_02           F10.3
    A_03           F10.3
    A_04           F10.3
    B_00           F10.3
    B_01           F10.3
    B_02           F10.3
    B_03           F10.3
    B_04           F10.3
    AGE_C70        F10.3
    EDU_C7         F10.3
    TIME_00        F10.3
    TIME_01        F10.3
    TIME_02        F10.3
    TIME_03        F10.3
    TIME_04        F10.3
    IA             F10.3
    IA_SE          F10.3
    SA             F10.3
    SA_SE          F10.3
    IB             F10.3
    IB_SE          F10.3
    SB             F10.3
    SB_SE          F10.3

  Save file format
    25F10.3

  Save file record length    10000


     Beginning Time:  22:45:29
        Ending Time:  22:45:33
       Elapsed Time:  00:00:04



MUTHEN & MUTHEN
3463 Stoner Ave.
Los Angeles, CA  90066

Tel: (310) 391-9971
Fax: (310) 391-8971
Web: www.StatModel.com
Support: Support@StatModel.com

Copyright (c) 1998-2015 Muthen & Muthen
