Mplus VERSION 7.4 (Mac)
MUTHEN & MUTHEN
02/08/2017   9:45 PM

INPUT INSTRUCTIONS

  TITLE:
  Script produced from the prototype in ./sandbox/syntax-creator/
  DATA:
  File = wide-dataset.dat ;
  VARIABLE:
  NAMES are
   id male age_c70 edu_c7 htm_c smoke cardio diabetes dementia_ever
      dementia_baseline bnt_00 bnt_01 bnt_02 bnt_03 bnt_04 bnt_05 bnt_06 bnt_07
      bnt_08 bnt_09 bnt_10 bnt_11 bnt_12 bnt_13 bnt_14 bnt_15 bnt_16 bnt_17
      bnt_18 bostordel_00 bostordel_01 bostordel_02 bostordel_03 bostordel_04
      bostordel_05 bostordel_06 bostordel_07 bostordel_08 bostordel_09 bostordel_10
      bostordel_11 bostordel_12 bostordel_13 bostordel_14 bostordel_15 bostordel_16
      bostordel_17 bostordel_18 bostorim_00 bostorim_01 bostorim_02 bostorim_03
      bostorim_04 bostorim_05 bostorim_06 bostorim_07 bostorim_08 bostorim_09
      bostorim_10 bostorim_11 bostorim_12 bostorim_13 bostorim_14 bostorim_15
      bostorim_16 bostorim_17 bostorim_18 catfluency_00 catfluency_01 catfluency_02
      catfluency_03 catfluency_04 catfluency_05 catfluency_06 catfluency_07
      catfluency_08 catfluency_09 catfluency_10 catfluency_11 catfluency_12
      catfluency_13 catfluency_14 catfluency_15 catfluency_16 catfluency_17
      catfluency_18 complexideas_00 complexideas_01 complexideas_02 complexideas_03
      complexideas_04 complexideas_05 complexideas_06 complexideas_07 complexideas_08
      complexideas_09 complexideas_10 complexideas_11 complexideas_12 complexideas_13
      complexideas_14 complexideas_15 complexideas_16 complexideas_17 complexideas_18
      digitbackward_00 digitbackward_01 digitbackward_02 digitbackward_03
      digitbackward_04 digitbackward_05 digitbackward_06 digitbackward_07
      digitbackward_08 digitbackward_09 digitbackward_10 digitbackward_11
      digitbackward_12 digitbackward_13 digitbackward_14 digitbackward_15
      digitbackward_16 digitbackward_17 digitbackward_18 digitforward_00
      digitforward_01 digitforward_02 digitforward_03 digitforward_04 digitforward_05
      digitforward_06 digitforward_07 digitforward_08 digitforward_09 digitforward_10
      digitforward_11 digitforward_12 digitforward_13 digitforward_14 digitforward_15
      digitforward_16 digitforward_17 digitforward_18 digitorder_00 digitorder_01
      digitorder_02 digitorder_03 digitorder_04 digitorder_05 digitorder_06
      digitorder_07 digitorder_08 digitorder_09 digitorder_10 digitorder_11
      digitorder_12 digitorder_13 digitorder_14 digitorder_15 digitorder_16
      digitorder_17 digitorder_18 fev_00 fev_01 fev_02 fev_03 fev_04 fev_05 fev_06
      fev_07 fev_08 fev_09 fev_10 fev_11 fev_12 fev_13 fev_14 fev_15 fev_16 fev_17
      fev_18 fev100_00 fev100_01 fev100_02 fev100_03 fev100_04 fev100_05 fev100_06
      fev100_07 fev100_08 fev100_09 fev100_10 fev100_11 fev100_12 fev100_13 fev100_14
      fev100_15 fev100_16 fev100_17 fev100_18 gait_00 gait_01 gait_02 gait_03 gait_04
      gait_05 gait_06 gait_07 gait_08 gait_09 gait_10 gait_11 gait_12 gait_13 gait_14
      gait_15 gait_16 gait_17 gait_18 grip_00 grip_01 grip_02 grip_03 grip_04 grip_05
      grip_06 grip_07 grip_08 grip_09 grip_10 grip_11 grip_12 grip_13 grip_14 grip_15
      grip_16 grip_17 grip_18 lineorientation_00 lineorientation_01 lineorientation_02
      lineorientation_03 lineorientation_04 lineorientation_05 lineorientation_06
      lineorientation_07 lineorientation_08 lineorientation_09 lineorientation_10
      lineorientation_11 lineorientation_12 lineorientation_13 lineorientation_14
      lineorientation_15 lineorientation_16 lineorientation_17 lineorientation_18
      logimemdel_00 logimemdel_01 logimemdel_02 logimemdel_03 logimemdel_04
      logimemdel_05 logimemdel_06 logimemdel_07 logimemdel_08 logimemdel_09
      logimemdel_10 logimemdel_11 logimemdel_12 logimemdel_13 logimemdel_14
      logimemdel_15 logimemdel_16 logimemdel_17 logimemdel_18 logimemim_00
      logimemim_01 logimemim_02 logimemim_03 logimemim_04 logimemim_05 logimemim_06
      logimemim_07 logimemim_08 logimemim_09 logimemim_10 logimemim_11 logimemim_12
      logimemim_13 logimemim_14 logimemim_15 logimemim_16 logimemim_17 logimemim_18
      matrices_00 matrices_01 matrices_02 matrices_03 matrices_04 matrices_05
      matrices_06 matrices_07 matrices_08 matrices_09 matrices_10 matrices_11
      matrices_12 matrices_13 matrices_14 matrices_15 matrices_16 matrices_17
      matrices_18 mmse_00 mmse_01 mmse_02 mmse_03 mmse_04 mmse_05 mmse_06 mmse_07
      mmse_08 mmse_09 mmse_10 mmse_11 mmse_12 mmse_13 mmse_14 mmse_15 mmse_16 mmse_17
      mmse_18 nart_00 nart_01 nart_02 nart_03 nart_04 nart_05 nart_06 nart_07 nart_08
      nart_09 nart_10 nart_11 nart_12 nart_13 nart_14 nart_15 nart_16 nart_17 nart_18
      numbercomparison_00 numbercomparison_01 numbercomparison_02 numbercomparison_03
      numbercomparison_04 numbercomparison_05 numbercomparison_06 numbercomparison_07
      numbercomparison_08 numbercomparison_09 numbercomparison_10 numbercomparison_11
      numbercomparison_12 numbercomparison_13 numbercomparison_14 numbercomparison_15
      numbercomparison_16 numbercomparison_17 numbercomparison_18 symbol_00
      symbol_01 symbol_02 symbol_03 symbol_04 symbol_05 symbol_06 symbol_07 symbol_08
      symbol_09 symbol_10 symbol_11 symbol_12 symbol_13 symbol_14 symbol_15 symbol_16
      symbol_17 symbol_18 wordlistdel_00 wordlistdel_01 wordlistdel_02 wordlistdel_03
      wordlistdel_04 wordlistdel_05 wordlistdel_06 wordlistdel_07 wordlistdel_08
      wordlistdel_09 wordlistdel_10 wordlistdel_11 wordlistdel_12 wordlistdel_13
      wordlistdel_14 wordlistdel_15 wordlistdel_16 wordlistdel_17 wordlistdel_18
      wordlistim_00 wordlistim_01 wordlistim_02 wordlistim_03 wordlistim_04
      wordlistim_05 wordlistim_06 wordlistim_07 wordlistim_08 wordlistim_09
      wordlistim_10 wordlistim_11 wordlistim_12 wordlistim_13 wordlistim_14
      wordlistim_15 wordlistim_16 wordlistim_17 wordlistim_18 wordlistrecog_00
      wordlistrecog_01 wordlistrecog_02 wordlistrecog_03 wordlistrecog_04
      wordlistrecog_05 wordlistrecog_06 wordlistrecog_07 wordlistrecog_08
      wordlistrecog_09 wordlistrecog_10 wordlistrecog_11 wordlistrecog_12
      wordlistrecog_13 wordlistrecog_14 wordlistrecog_15 wordlistrecog_16
      wordlistrecog_17 wordlistrecog_18 years_since_bl_00 years_since_bl_01
      years_since_bl_02 years_since_bl_03 years_since_bl_04 years_since_bl_05
      years_since_bl_06 years_since_bl_07 years_since_bl_08 years_since_bl_09
      years_since_bl_10 years_since_bl_11 years_since_bl_12 years_since_bl_13
      years_since_bl_14 years_since_bl_15 years_since_bl_16 years_since_bl_17
      years_since_bl_18
  	;
  Missing are all (-9999);
  USEVARIABLES are
  	!define the variables used in the analysis
  	! covariates used in the model
  age_c70
  edu_c7
  htm_c
  smoke
  cardio
  diabetes	
  	!estimated time points
  time_00
  time_01
  time_02
  time_03
  time_04
  	!modelled time points of process (A)
  a_00
  a_01
  a_02
  a_03
  a_04
  	!modelled time points of process (B)
  b_00
  b_01
  b_02
  b_03
  b_04
  ;
  TSCORES are
  	!estimated time points
  time_00
  time_01
  time_02
  time_03
  time_04;
  USEOBSERVATIONS are
  	!select a subset of observations
  male EQ 1
  and
  id NE 0
  ;
  DEFINE:
  	! assign variables to the process (A)
  a_00=gait_00;
  a_01=gait_01;
  a_02=gait_02;
  a_03=gait_03;
  a_04=gait_04;
  	! assign variables to the process (B)
  b_00=lineorientation_00;
  b_01=lineorientation_01;
  b_02=lineorientation_02;
  b_03=lineorientation_03;
  b_04=lineorientation_04;
  	!assign variables to time points
  time_00=years_since_bl_00;
  time_01=years_since_bl_01;
  time_02=years_since_bl_02;
  time_03=years_since_bl_03;
  time_04=years_since_bl_04;
  	
  ANALYSIS:
  TYPE = RANDOM;
  COVERAGE=.00;
  MODEL:
  	!first-level equation
  	! assign process (A) to time points
  ia sa | a_00 AT time_00 ;
  ia sa | a_01 AT time_01 ;
  ia sa | a_02 AT time_02 ;
  ia sa | a_03 AT time_03 ;
  ia sa | a_04 AT time_04 ;
  	! assign process (B) to time points
  ib sb | b_00 AT time_00 ;
  ib sb | b_01 AT time_01 ;
  ib sb | b_02 AT time_02 ;
  ib sb | b_03 AT time_03 ;
  ib sb | b_04 AT time_04 ;
  	!variance of the first-level terms
  ia (v_ia);
  sa (v_sa);
  ib (v_ib);
  sb (v_sb);
  	!covariance among first-level terms
  ia WITH sa (c_iasa);
  ia WITH ib (c_iaib);
  ia WITH sb (c_iasb);
  sa WITH ib (c_saib);
  sa WITH sb (c_sasb);
  ib WITH sb (c_ibsb);
  	!second-level equation
  ia sa ib sb ON age_c70
  edu_c7
  htm_c
  smoke
  cardio
  diabetes;
  	!residual covariance of process (A)
  a_00 (res_a);
  a_01 (res_a);
  a_02 (res_a);
  a_03 (res_a);
  a_04 (res_a);	
  	!residual covariance of process (B)
  b_00 (res_b);
  b_01 (res_b);
  b_02 (res_b);
  b_03 (res_b);
  b_04 (res_b);	
  	!Paired covariances constrained to be equal across t
  a_00 pwith b_00 (res_cov);
  a_01 pwith b_01 (res_cov);
  a_02 pwith b_02 (res_cov);
  a_03 pwith b_03 (res_cov);
  a_04 pwith b_04 (res_cov);	
  MODEL CONSTRAINT:
  	!assigns labels to new parameters;
  NEW r_iaib;
  NEW r_sasb;
  NEW r_res_ab;
  	!compute confidence intervals for correlation coefficients;
  r_iaib = c_iaib/((v_ia**0.5)*(v_ib**0.5));
  r_sasb = c_sasb/((v_sa**0.5)*(v_sb**0.5));
  r_res_ab = res_cov/((res_a**0.5)*(res_b**0.5));
  SAVEDATA:
  FILE is   b1_male_aehplus_gait_lineorientation_fscores.dat;
  SAVE = FSCORES;
  RESULTS are   b1_male_aehplus_gait_lineorientation_results.dat;
  	
  OUTPUT: sampstat cinterval;
  PLOT: Type is Plot1 Plot2 Plot3;



*** WARNING
  Data set contains cases with missing on x-variables.
  These cases were not included in the analysis.
  Number of cases with missing on x-variables:  46
*** WARNING
  Data set contains cases with missing on all variables except
  x-variables.  These cases were not included in the analysis.
  Number of cases with missing on all variables except x-variables:  3
   2 WARNING(S) FOUND IN THE INPUT INSTRUCTIONS




Script produced from the prototype in ./sandbox/syntax-creator/

SUMMARY OF ANALYSIS

Number of groups                                                 1
Number of observations                                         436

Number of dependent variables                                   10
Number of independent variables                                  6
Number of continuous latent variables                            4

Observed dependent variables

  Continuous
   A_00        A_01        A_02        A_03        A_04        B_00
   B_01        B_02        B_03        B_04

Observed independent variables
   AGE_C70     EDU_C7      HTM_C       SMOKE       CARDIO      DIABETES

Continuous latent variables
   IA          SA          IB          SB

Variables with special functions

  Time scores
   TIME_00     TIME_01     TIME_02     TIME_03     TIME_04


Estimator                                                      MLR
Information matrix                                        OBSERVED
Maximum number of iterations                                   100
Convergence criterion                                    0.100D-05
Maximum number of EM iterations                                500
Convergence criteria for the EM algorithm
  Loglikelihood change                                   0.100D-02
  Relative loglikelihood change                          0.100D-05
  Derivative                                             0.100D-03
Minimum variance                                         0.100D-03
Maximum number of steepest descent iterations                   20
Maximum number of iterations for H1                           2000
Convergence criterion for H1                             0.100D-03
Optimization algorithm                                         EMA

Input data file(s)
  wide-dataset.dat
Input data format  FREE


SUMMARY OF DATA

     Number of missing data patterns            62


COVARIANCE COVERAGE OF DATA

Minimum covariance coverage value   0.000


     PROPORTION OF DATA PRESENT


           Covariance Coverage
              A_00          A_01          A_02          A_03          A_04
              ________      ________      ________      ________      ________
 A_00           0.924
 A_01           0.706         0.736
 A_02           0.589         0.576         0.617
 A_03           0.498         0.484         0.461         0.523
 A_04           0.436         0.427         0.413         0.406         0.456
 B_00           0.908         0.729         0.612         0.518         0.454
 B_01           0.791         0.727         0.606         0.509         0.450
 B_02           0.677         0.635         0.610         0.502         0.445
 B_03           0.583         0.557         0.525         0.514         0.440
 B_04           0.498         0.475         0.459         0.450         0.450
 AGE_C70        0.924         0.736         0.617         0.523         0.456
 EDU_C7         0.924         0.736         0.617         0.523         0.456
 HTM_C          0.924         0.736         0.617         0.523         0.456
 SMOKE          0.924         0.736         0.617         0.523         0.456
 CARDIO         0.924         0.736         0.617         0.523         0.456
 DIABETES       0.924         0.736         0.617         0.523         0.456


           Covariance Coverage
              B_00          B_01          B_02          B_03          B_04
              ________      ________      ________      ________      ________
 B_00           0.984
 B_01           0.837         0.842
 B_02           0.720         0.702         0.725
 B_03           0.622         0.612         0.601         0.626
 B_04           0.534         0.523         0.518         0.521         0.539
 AGE_C70        0.984         0.842         0.725         0.626         0.539
 EDU_C7         0.984         0.842         0.725         0.626         0.539
 HTM_C          0.984         0.842         0.725         0.626         0.539
 SMOKE          0.984         0.842         0.725         0.626         0.539
 CARDIO         0.984         0.842         0.725         0.626         0.539
 DIABETES       0.984         0.842         0.725         0.626         0.539


           Covariance Coverage
              AGE_C70       EDU_C7        HTM_C         SMOKE         CARDIO
              ________      ________      ________      ________      ________
 AGE_C70        1.000
 EDU_C7         1.000         1.000
 HTM_C          1.000         1.000         1.000
 SMOKE          1.000         1.000         1.000         1.000
 CARDIO         1.000         1.000         1.000         1.000         1.000
 DIABETES       1.000         1.000         1.000         1.000         1.000


           Covariance Coverage
              DIABETES
              ________
 DIABETES       1.000


SAMPLE STATISTICS


     ESTIMATED SAMPLE STATISTICS


           Means
              A_00          A_01          A_02          A_03          A_04
              ________      ________      ________      ________      ________
 1              0.643         0.617         0.596         0.572         0.538


           Means
              B_00          B_01          B_02          B_03          B_04
              ________      ________      ________      ________      ________
 1             11.154        10.840        11.050        10.970        10.673


           Means
              AGE_C70       EDU_C7        HTM_C         SMOKE         CARDIO
              ________      ________      ________      ________      ________
 1             10.489         8.539         0.015         0.498         0.243


           Means
              DIABETES
              ________
 1              0.268


           Covariances
              A_00          A_01          A_02          A_03          A_04
              ________      ________      ________      ________      ________
 A_00           0.049
 A_01           0.027         0.050
 A_02           0.024         0.026         0.048
 A_03           0.025         0.023         0.030         0.043
 A_04           0.030         0.029         0.032         0.035         0.055
 B_00           0.214         0.177         0.105         0.172         0.238
 B_01           0.184         0.178         0.106         0.126         0.206
 B_02           0.244         0.208         0.187         0.208         0.276
 B_03           0.244         0.214         0.144         0.198         0.295
 B_04           0.251         0.260         0.134         0.223         0.290
 AGE_C70       -0.368        -0.383        -0.354        -0.529        -0.583
 EDU_C7         0.151         0.097         0.071         0.034         0.064
 HTM_C          0.002         0.002         0.002         0.001         0.002
 SMOKE         -0.001         0.005         0.002         0.005        -0.001
 CARDIO        -0.001         0.000        -0.002        -0.010        -0.006
 DIABETES      -0.010        -0.008        -0.003        -0.009         0.003


           Covariances
              B_00          B_01          B_02          B_03          B_04
              ________      ________      ________      ________      ________
 B_00          10.100
 B_01           7.183        12.556
 B_02           7.290         6.870        11.252
 B_03           6.887         7.613         8.194        11.324
 B_04           6.661         7.716         8.442         8.374        12.013
 AGE_C70       -2.986        -2.393        -2.550        -4.212        -5.093
 EDU_C7         3.013         3.147         2.925         3.524         3.263
 HTM_C          0.048         0.050         0.052         0.055         0.067
 SMOKE         -0.054        -0.070        -0.046        -0.017         0.017
 CARDIO        -0.126        -0.057        -0.161        -0.062        -0.034
 DIABETES      -0.154        -0.098        -0.144        -0.174        -0.021


           Covariances
              AGE_C70       EDU_C7        HTM_C         SMOKE         CARDIO
              ________      ________      ________      ________      ________
 AGE_C70       50.320
 EDU_C7        -0.099        12.969
 HTM_C         -0.072         0.067         0.006
 SMOKE         -0.448        -0.135         0.003         0.250
 CARDIO         0.192        -0.069        -0.002         0.017         0.184
 DIABETES      -0.255        -0.250         0.001         0.004         0.013


           Covariances
              DIABETES
              ________
 DIABETES       0.196


           Correlations
              A_00          A_01          A_02          A_03          A_04
              ________      ________      ________      ________      ________
 A_00           1.000
 A_01           0.558         1.000
 A_02           0.492         0.524         1.000
 A_03           0.551         0.499         0.650         1.000
 A_04           0.574         0.551         0.617         0.716         1.000
 B_00           0.306         0.250         0.152         0.260         0.319
 B_01           0.235         0.225         0.136         0.171         0.247
 B_02           0.330         0.279         0.254         0.298         0.349
 B_03           0.330         0.285         0.196         0.283         0.373
 B_04           0.328         0.337         0.177         0.309         0.356
 AGE_C70       -0.235        -0.243        -0.228        -0.358        -0.350
 EDU_C7         0.190         0.121         0.090         0.046         0.076
 HTM_C          0.105         0.119         0.104         0.074         0.092
 SMOKE         -0.011         0.046         0.017         0.050        -0.008
 CARDIO        -0.009        -0.002        -0.022        -0.115        -0.062
 DIABETES      -0.100        -0.078        -0.031        -0.094         0.029


           Correlations
              B_00          B_01          B_02          B_03          B_04
              ________      ________      ________      ________      ________
 B_00           1.000
 B_01           0.638         1.000
 B_02           0.684         0.578         1.000
 B_03           0.644         0.638         0.726         1.000
 B_04           0.605         0.628         0.726         0.718         1.000
 AGE_C70       -0.132        -0.095        -0.107        -0.176        -0.207
 EDU_C7         0.263         0.247         0.242         0.291         0.261
 HTM_C          0.200         0.186         0.206         0.217         0.256
 SMOKE         -0.034        -0.040        -0.028        -0.010         0.010
 CARDIO        -0.093        -0.037        -0.112        -0.043        -0.023
 DIABETES      -0.110        -0.062        -0.097        -0.117        -0.014


           Correlations
              AGE_C70       EDU_C7        HTM_C         SMOKE         CARDIO
              ________      ________      ________      ________      ________
 AGE_C70        1.000
 EDU_C7        -0.004         1.000
 HTM_C         -0.135         0.246         1.000
 SMOKE         -0.126        -0.075         0.067         1.000
 CARDIO         0.063        -0.045        -0.060         0.077         1.000
 DIABETES      -0.081        -0.157         0.041         0.018         0.067


           Correlations
              DIABETES
              ________
 DIABETES       1.000


     MAXIMUM LOG-LIKELIHOOD VALUE FOR THE UNRESTRICTED (H1) MODEL IS -6227.169


UNIVARIATE SAMPLE STATISTICS


     UNIVARIATE HIGHER-ORDER MOMENT DESCRIPTIVE STATISTICS

         Variable/         Mean/     Skewness/   Minimum/ % with                Percentiles
        Sample Size      Variance    Kurtosis    Maximum  Min/Max      20%/60%    40%/80%    Median

     A_00                  0.645       0.239       0.054    0.25%       0.460      0.588      0.633
             403.000       0.049       0.174       1.478    0.25%       0.697      0.813
     A_01                  0.639       0.625       0.118    0.31%       0.469      0.567      0.610
             321.000       0.048       0.885       1.524    0.31%       0.677      0.813
     A_02                  0.626       0.423       0.152    0.37%       0.428      0.554      0.610
             269.000       0.047       0.279       1.318    0.37%       0.687      0.799
     A_03                  0.624       0.426       0.153    0.44%       0.452      0.554      0.610
             228.000       0.040       0.564       1.434    0.44%       0.668      0.799
     A_04                  0.619       0.498       0.119    0.50%       0.460      0.554      0.610
             199.000       0.045       1.271       1.478    0.50%       0.650      0.813
     B_00                 11.193      -1.093       0.000    0.70%       9.000     11.000     12.000
             429.000       9.965       0.957      15.000   10.96%      13.000     14.000
     B_01                 11.033      -1.164       0.000    1.09%       8.000     11.000     12.000
             367.000      11.846       0.958      15.000   10.63%      13.000     14.000
     B_02                 11.373      -1.136       0.000    0.63%       9.000     11.000     12.000
             316.000      10.525       0.913      15.000   14.87%      13.000     14.000
     B_03                 11.542      -1.367       0.000    1.47%       9.000     11.000     12.000
             273.000       9.318       2.164      15.000   11.72%      13.000     14.000
     B_04                 11.302      -1.083       0.000    0.85%       9.000     11.000     12.000
             235.000       9.760       1.071      15.000   12.34%      13.000     14.000
     AGE_C70              10.489      -0.486     -12.094    0.23%       4.971      9.548     11.559
             436.000      50.320       0.175      28.508    0.23%      12.951     16.204
     EDU_C7                8.539      -0.296      -7.000    0.23%       5.000      8.000      9.000
             436.000      12.969       1.756      21.000    0.46%       9.000     11.000
     HTM_C                 0.015      -0.455      -0.298    0.23%      -0.044      0.007      0.026
             436.000       0.006       0.576       0.185    0.92%       0.033      0.083
     SMOKE                 0.498       0.009       0.000   50.23%       0.000      0.000      0.000
             436.000       0.250      -2.000       1.000   49.77%       1.000      1.000
     CARDIO                0.243       1.198       0.000   75.69%       0.000      0.000      0.000
             436.000       0.184      -0.566       1.000   24.31%       0.000      1.000
     DIABETES              0.268       1.046       0.000   73.17%       0.000      0.000      0.000
             436.000       0.196      -0.907       1.000   26.83%       0.000      1.000


THE MODEL ESTIMATION TERMINATED NORMALLY



MODEL FIT INFORMATION

Number of Free Parameters                       41

Loglikelihood

          H0 Value                       -3356.054
          H0 Scaling Correction Factor      1.1031
            for MLR

Information Criteria

          Akaike (AIC)                    6794.108
          Bayesian (BIC)                  6961.291
          Sample-Size Adjusted BIC        6831.178
            (n* = (n + 2) / 24)



MODEL RESULTS

                                                    Two-Tailed
                    Estimate       S.E.  Est./S.E.    P-Value

 IA         ON
    AGE_C70           -0.007      0.001     -5.000      0.000
    EDU_C7             0.009      0.003      2.641      0.008
    HTM_C              0.151      0.138      1.090      0.276
    SMOKE             -0.005      0.019     -0.240      0.810
    CARDIO             0.018      0.022      0.822      0.411
    DIABETES          -0.050      0.020     -2.479      0.013

 SA         ON
    AGE_C70           -0.001      0.001     -1.569      0.117
    EDU_C7            -0.002      0.001     -1.744      0.081
    HTM_C             -0.020      0.048     -0.416      0.677
    SMOKE             -0.002      0.007     -0.308      0.758
    CARDIO            -0.011      0.007     -1.518      0.129
    DIABETES           0.010      0.007      1.454      0.146

 IB         ON
    AGE_C70           -0.044      0.021     -2.109      0.035
    EDU_C7             0.189      0.049      3.821      0.000
    HTM_C              5.597      2.169      2.581      0.010
    SMOKE             -0.268      0.283     -0.947      0.344
    CARDIO            -0.419      0.329     -1.274      0.203
    DIABETES          -0.571      0.315     -1.810      0.070

 SB         ON
    AGE_C70           -0.009      0.006     -1.408      0.159
    EDU_C7             0.003      0.010      0.278      0.781
    HTM_C              0.440      0.532      0.827      0.408
    SMOKE              0.033      0.081      0.405      0.686
    CARDIO             0.085      0.107      0.792      0.428
    DIABETES           0.062      0.087      0.708      0.479

 IA       WITH
    SA                -0.001      0.001     -0.745      0.457
    IB                 0.114      0.031      3.695      0.000
    SB                 0.014      0.008      1.679      0.093

 SA       WITH
    IB                 0.001      0.008      0.176      0.860
    SB                -0.002      0.003     -0.810      0.418

 IB       WITH
    SB                 0.031      0.134      0.234      0.815

 A_00     WITH
    B_00               0.017      0.010      1.652      0.098

 A_01     WITH
    B_01               0.017      0.010      1.652      0.098

 A_02     WITH
    B_02               0.017      0.010      1.652      0.098

 A_03     WITH
    B_03               0.017      0.010      1.652      0.098

 A_04     WITH
    B_04               0.017      0.010      1.652      0.098

 Intercepts
    A_00               0.000      0.000    999.000    999.000
    A_01               0.000      0.000    999.000    999.000
    A_02               0.000      0.000    999.000    999.000
    A_03               0.000      0.000    999.000    999.000
    A_04               0.000      0.000    999.000    999.000
    B_00               0.000      0.000    999.000    999.000
    B_01               0.000      0.000    999.000    999.000
    B_02               0.000      0.000    999.000    999.000
    B_03               0.000      0.000    999.000    999.000
    B_04               0.000      0.000    999.000    999.000
    IA                 0.651      0.034     19.177      0.000
    SA                 0.001      0.012      0.102      0.919
    IB                10.251      0.517     19.818      0.000
    SB                -0.073      0.136     -0.538      0.590

 Residual Variances
    A_00               0.020      0.001     13.280      0.000
    A_01               0.020      0.001     13.280      0.000
    A_02               0.020      0.001     13.280      0.000
    A_03               0.020      0.001     13.280      0.000
    A_04               0.020      0.001     13.280      0.000
    B_00               3.762      0.297     12.664      0.000
    B_01               3.762      0.297     12.664      0.000
    B_02               3.762      0.297     12.664      0.000
    B_03               3.762      0.297     12.664      0.000
    B_04               3.762      0.297     12.664      0.000
    IA                 0.023      0.003      8.259      0.000
    SA                 0.000      0.000      1.680      0.093
    IB                 5.861      0.688      8.513      0.000
    SB                 0.078      0.051      1.538      0.124

New/Additional Parameters
    R_IAIB             0.307      0.073      4.216      0.000
    R_SASB            -0.346      0.473     -0.731      0.465
    R_RES_AB           0.061      0.037      1.644      0.100


QUALITY OF NUMERICAL RESULTS

     Condition Number for the Information Matrix              0.374E-06
       (ratio of smallest to largest eigenvalue)


CONFIDENCE INTERVALS OF MODEL RESULTS

                  Lower .5%  Lower 2.5%    Lower 5%    Estimate    Upper 5%  Upper 2.5%   Upper .5%

 IA       ON
    AGE_C70         -0.011      -0.010      -0.010      -0.007      -0.005      -0.004      -0.003
    EDU_C7           0.000       0.002       0.003       0.009       0.014       0.015       0.017
    HTM_C           -0.206      -0.120      -0.077       0.151       0.379       0.422       0.507
    SMOKE           -0.054      -0.042      -0.036      -0.005       0.027       0.033       0.045
    CARDIO          -0.038      -0.025      -0.018       0.018       0.054       0.060       0.074
    DIABETES        -0.101      -0.089      -0.083      -0.050      -0.017      -0.010       0.002

 SA       ON
    AGE_C70         -0.002      -0.002      -0.002      -0.001       0.000       0.000       0.001
    EDU_C7          -0.004      -0.004      -0.003      -0.002       0.000       0.000       0.001
    HTM_C           -0.144      -0.114      -0.099      -0.020       0.059       0.074       0.104
    SMOKE           -0.019      -0.015      -0.013      -0.002       0.009       0.011       0.015
    CARDIO          -0.030      -0.025      -0.023      -0.011       0.001       0.003       0.008
    DIABETES        -0.008      -0.003      -0.001       0.010       0.021       0.023       0.028

 IB       ON
    AGE_C70         -0.098      -0.085      -0.079      -0.044      -0.010      -0.003       0.010
    EDU_C7           0.062       0.092       0.108       0.189       0.270       0.286       0.316
    HTM_C            0.010       1.346       2.029       5.597       9.165       9.848      11.184
    SMOKE           -0.996      -0.822      -0.733      -0.268       0.197       0.287       0.461
    CARDIO          -1.265      -1.063      -0.959      -0.419       0.122       0.226       0.428
    DIABETES        -1.383      -1.189      -1.089      -0.571      -0.052       0.047       0.241

 SB       ON
    AGE_C70         -0.024      -0.021      -0.019      -0.009       0.001       0.003       0.007
    EDU_C7          -0.023      -0.017      -0.014       0.003       0.019       0.023       0.029
    HTM_C           -0.931      -0.603      -0.435       0.440       1.315       1.483       1.811
    SMOKE           -0.176      -0.126      -0.100       0.033       0.166       0.191       0.241
    CARDIO          -0.192      -0.126      -0.092       0.085       0.262       0.296       0.362
    DIABETES        -0.163      -0.109      -0.082       0.062       0.205       0.232       0.286

 IA       WITH
    SA              -0.002      -0.002      -0.002      -0.001       0.001       0.001       0.001
    IB               0.034       0.053       0.063       0.114       0.164       0.174       0.193
    SB              -0.008      -0.002       0.000       0.014       0.028       0.031       0.036

 SA       WITH
    IB              -0.020      -0.015      -0.012       0.001       0.015       0.018       0.023
    SB              -0.009      -0.007      -0.006      -0.002       0.002       0.003       0.005

 IB       WITH
    SB              -0.313      -0.231      -0.189       0.031       0.251       0.294       0.376

 A_00     WITH
    B_00            -0.009      -0.003       0.000       0.017       0.033       0.037       0.043

 A_01     WITH
    B_01            -0.009      -0.003       0.000       0.017       0.033       0.037       0.043

 A_02     WITH
    B_02            -0.009      -0.003       0.000       0.017       0.033       0.037       0.043

 A_03     WITH
    B_03            -0.009      -0.003       0.000       0.017       0.033       0.037       0.043

 A_04     WITH
    B_04            -0.009      -0.003       0.000       0.017       0.033       0.037       0.043

 Intercepts
    A_00             0.000       0.000       0.000       0.000       0.000       0.000       0.000
    A_01             0.000       0.000       0.000       0.000       0.000       0.000       0.000
    A_02             0.000       0.000       0.000       0.000       0.000       0.000       0.000
    A_03             0.000       0.000       0.000       0.000       0.000       0.000       0.000
    A_04             0.000       0.000       0.000       0.000       0.000       0.000       0.000
    B_00             0.000       0.000       0.000       0.000       0.000       0.000       0.000
    B_01             0.000       0.000       0.000       0.000       0.000       0.000       0.000
    B_02             0.000       0.000       0.000       0.000       0.000       0.000       0.000
    B_03             0.000       0.000       0.000       0.000       0.000       0.000       0.000
    B_04             0.000       0.000       0.000       0.000       0.000       0.000       0.000
    IA               0.564       0.585       0.595       0.651       0.707       0.718       0.739
    SA              -0.030      -0.022      -0.019       0.001       0.021       0.025       0.032
    IB               8.918       9.237       9.400      10.251      11.102      11.265      11.583
    SB              -0.424      -0.340      -0.298      -0.073       0.151       0.194       0.278

 Residual Variances
    A_00             0.016       0.017       0.017       0.020       0.022       0.023       0.024
    A_01             0.016       0.017       0.017       0.020       0.022       0.023       0.024
    A_02             0.016       0.017       0.017       0.020       0.022       0.023       0.024
    A_03             0.016       0.017       0.017       0.020       0.022       0.023       0.024
    A_04             0.016       0.017       0.017       0.020       0.022       0.023       0.024
    B_00             2.997       3.180       3.273       3.762       4.251       4.344       4.527
    B_01             2.997       3.180       3.273       3.762       4.251       4.344       4.527
    B_02             2.997       3.180       3.273       3.762       4.251       4.344       4.527
    B_03             2.997       3.180       3.273       3.762       4.251       4.344       4.527
    B_04             2.997       3.180       3.273       3.762       4.251       4.344       4.527
    IA               0.016       0.018       0.019       0.023       0.028       0.029       0.031
    SA               0.000       0.000       0.000       0.000       0.001       0.001       0.001
    IB               4.088       4.512       4.729       5.861       6.994       7.211       7.635
    SB              -0.053      -0.021      -0.005       0.078       0.161       0.177       0.208

New/Additional Parameters
    R_IAIB           0.119       0.164       0.187       0.307       0.427       0.450       0.495
    R_SASB          -1.565      -1.273      -1.124      -0.346       0.432       0.581       0.873
    R_RES_AB        -0.035      -0.012       0.000       0.061       0.123       0.135       0.158


SAMPLE STATISTICS FOR ESTIMATED FACTOR SCORES


     SAMPLE STATISTICS


           Means
              IA            IA_SE         SA            SA_SE         IB
              ________      ________      ________      ________      ________
 1              0.641         0.080        -0.023         0.021        11.097


           Means
              IB_SE         SB            SB_SE
              ________      ________      ________
 1              1.059        -0.079         0.253


           Covariances
              IA            IA_SE         SA            SA_SE         IB
              ________      ________      ________      ________      ________
 IA             0.021
 IA_SE         -0.001         0.000
 SA             0.000         0.000         0.000
 SA_SE          0.000         0.000         0.000         0.000
 IB             0.165        -0.008        -0.005        -0.001         5.780
 IB_SE         -0.011         0.003         0.000         0.000        -0.117
 SB             0.013        -0.001         0.000         0.000         0.133
 SB_SE         -0.001         0.000         0.000         0.000        -0.007


           Covariances
              IB_SE         SB            SB_SE
              ________      ________      ________
 IB_SE          0.057
 SB            -0.009         0.022
 SB_SE          0.002        -0.001         0.000


           Correlations
              IA            IA_SE         SA            SA_SE         IB
              ________      ________      ________      ________      ________
 IA             1.000
 IA_SE         -0.289         1.000
 SA            -0.039         0.155         1.000
 SA_SE         -0.466         0.712         0.072         1.000
 IB             0.473        -0.187        -0.139        -0.230         1.000
 IB_SE         -0.323         0.627         0.083         0.627        -0.204
 SB             0.607        -0.261        -0.104        -0.377         0.370
 SB_SE         -0.405         0.649         0.002         0.875        -0.219


           Correlations
              IB_SE         SB            SB_SE
              ________      ________      ________
 IB_SE          1.000
 SB            -0.251         1.000
 SB_SE          0.755        -0.341         1.000


RESULTS SAVING INFORMATION

  Order of data

    Parameter estimates
     (saved in order shown in Technical 1 output)
    Standard errors
     (saved in order shown in Technical 1 output)
    H0 Loglikelihood
    H0 Scaling Correction Factor for MLR
    Number of Free Parameters
    Akaike (AIC)
    Bayesian (BIC)
    Sample-Size Adjusted BIC
    Condition Number

  Save file
    b1_male_aehplus_gait_lineorientation_results.dat

  Save file format           Free


PLOT INFORMATION

The following plots are available:

  Histograms (sample values, estimated factor scores)
  Scatterplots (sample values, estimated factor scores)
  Latent variable distribution plots

SAVEDATA INFORMATION


  Save file
    b1_male_aehplus_gait_lineorientation_fscores.dat

  Order and format of variables

    A_00           F10.3
    A_01           F10.3
    A_02           F10.3
    A_03           F10.3
    A_04           F10.3
    B_00           F10.3
    B_01           F10.3
    B_02           F10.3
    B_03           F10.3
    B_04           F10.3
    AGE_C70        F10.3
    EDU_C7         F10.3
    HTM_C          F10.3
    SMOKE          F10.3
    CARDIO         F10.3
    DIABETES       F10.3
    TIME_00        F10.3
    TIME_01        F10.3
    TIME_02        F10.3
    TIME_03        F10.3
    TIME_04        F10.3
    IA             F10.3
    IA_SE          F10.3
    SA             F10.3
    SA_SE          F10.3
    IB             F10.3
    IB_SE          F10.3
    SB             F10.3
    SB_SE          F10.3

  Save file format
    29F10.3

  Save file record length    10000


     Beginning Time:  21:45:08
        Ending Time:  21:45:11
       Elapsed Time:  00:00:03



MUTHEN & MUTHEN
3463 Stoner Ave.
Los Angeles, CA  90066

Tel: (310) 391-9971
Fax: (310) 391-8971
Web: www.StatModel.com
Support: Support@StatModel.com

Copyright (c) 1998-2015 Muthen & Muthen
