Mplus VERSION 7.3
MUTHEN & MUTHEN
03/11/2015   9:29 AM

INPUT INSTRUCTIONS




        TITLE: m4 u2 vocab pek LGM,aehplus Conditional, male

        DATA:  File = C:\Users\Andrea Zammit\Desktop\EASMaster.csv;


        VARIABLE: Names are
          ! demographics
          SubjectID	Sex	Ethnic	Caus	DemEver	Bagesq	deathage	DEMO23	Educyrs	Status	

          !wave (1-10)
          Wave_1	Wave_2	Wave_3	Wave_4	Wave_5	Wave_6	Wave_7	Wave_8	Wave_9	Wave_10

          !age at wave	(1-10)
          AgeAtWaveOne	AgeAtWave_2	AgeAtWave_3	AgeAtWave_4	AgeAtWave_5	AgeAtWave_6	
          AgeAtWave_7	
          AgeAtWave_8	AgeAtWave_9	AgeAtWave_10	

          !years since baseline (1-10)
          YrsSinceBaseline_1	YrsSinceBaseline_2	YrsSinceBaseline_3	YrsSinceBaseline_4	
          YrsSinceBaseline_5	YrsSinceBaseline_6	YrsSinceBaseline_7	YrsSinceBaseline_8	
          YrsSinceBaseline_9	YrsSinceBaseline_10	

          !Blessed (1-10)
          Blessd_1	Blessd_2	Blessd_3	Blessd_4	Blessd_5	Blessd_6	Blessd_7	
          Blessd_8	Blessd_9	Blessd_10	

          !MMSE (1-10)
          MMS_1	MMS_2	MMS_3	MMS_4	MMS_5	MMS_6	MMS_7	MMS_8	MMS_9	MMS_10	

          !GDS (1-10)
          GDSScore_1	GDSScore_2	GDSScore_3	GDSScore_4	GDSScore_5	GDSScore_6	GDSScore_7	
          GDSScore_8	GDSScore_9	GDSScore_10	

          !Free recall (1-10)
          FreeRecall_1	FreeRecall_2	FreeRecall_3	FreeRecall_4	FreeRecall_5	
          FreeRecall_6	FreeRecall_7	FreeRecall_8	FreeRecall_9	FreeRecall_10

          !Total recall (1-10)	
          TotRecall_1	TotRecall_2	TotRecall_3	TotRecall_4	TotRecall_5	TotRecall_6	
          TotRecall_7	
          TotRecall_8	TotRecall_9	TotRecall_10

         !Delayed free recall (1-10)
          DelFreeRecall_1	DelFreeRecall_2	DelFreeRecall_3	DelFreeRecall_4	DelFreeRecall_5	
          DelFreeRecall_6	DelFreeRecall_7	DelFreeRecall_8	DelFreeRecall_9	DelFreeRecall_10

          !Delayed total recall (1-10)	
          DelTotRecall_1	DelTotRecall_2	DelTotRecall_3	DelTotRecall_4	DelTotRecall_5	
          DelTotRecall_6	DelTotRecall_7	DelTotRecall_8	DelTotRecall_9	DelTotRecall_10	

          !Boston (1-10)
          BostonFree_1	BostonFree_2	BostonFree_3	BostonFree_4	BostonFree_5	
          BostonFree_6	BostonFree_7	BostonFree_8	BostonFree_9	BostonFree_10

          !Infraw (1-10)	
          Infraw_1	Infraw_2	Infraw_3	Infraw_4	Infraw_5	Infraw_6	Infraw_7	
          Infraw_8	Infraw_9	Infraw_10	

          !voc raw (1-10)	
          Vocraw_1	Vocraw_2	Vocraw_3	Vocraw_4	Vocraw_5	Vocraw_6	Vocraw_7	
          Vocraw_8	Vocraw_9	Vocraw_10	

        !span raw (1-10)
          Spnraw_1	Spnraw_2	Spnraw_3	Spnraw_4	Spnraw_5	Spnraw_6 Spnraw_7	
          Spnraw_8	Spnraw_9	Spnraw_10	

          !span age scaled (1-10)
          DSpnAgeScaledScore_1	DSpnAgeScaledScore_2	DSpnAgeScaledScore_3	
          DSpnAgeScaledScore_4	DSpnAgeScaledScore_5	DSpnAgeScaledScore_6	
          DSpnAgeScaledScore_7	DSpnAgeScaledScore_8	DSpnAgeScaledScore_9	
          DSpnAgeScaledScore_10	


          !symraw (1-10)
          Symraw_1	Symraw_2	Symraw_3	Symraw_4	Symraw_5	Symraw_6	
          Symraw_7	Symraw_8	Symraw_9	Symraw_10


          !Block (1-10)
          Blockraw_1	Blockraw_2	Blockraw_3	Blockraw_4	Blockraw_5	Blockraw_6	
          Blockraw_7	Blockraw_8	Blockraw_9	Blockraw_10	

          !FAS (1-10)
          FAS_1	FAS_2	FAS_3	FAS_4	FAS_5	FAS_6	FAS_7	FAS_8	FAS_9	FAS_10
          	

          CAT_1	CAT_2	CAT_3	CAT_4
          CAT_5	CAT_6	CAT_7	CAT_8	CAT_9	CAT_10	

          Grade_1	Grade_2	Grade_3	Grade_4	Grade_5	Grade_6	Grade_7	Grade_8	Grade_9	Grade_10	

          LM_1	LM_2	LM_3	LM_4	LM_5	LM_6	LM_7	LM_8	LM_9	LM_10	

          CFCopy_1	CFCopy_2	CFCopy_3	CFCopy_4	CFCopy_5	CFCopy_6	CFCopy_7	
          CFCopy_8	CFCopy_9	CFCopy_10	

          CFRecall_1	CFRecall_2	CFRecall_3	CFRecall_4	CFRecall_5	CFRecall_6	CFRecall_7
          CFRecall_8	CFRecall_9	CFRecall_10	


          TrA1_1	TrA1_2	TrA1_3	TrA1_4	TrA1_5	TrA1_6	TrA1_7	TrA1_8	TrA1_9	TrA1_10	

          TrlAZScore_1	TrlAZScore_2	TrlAZScore_3	TrlAZScore_4	TrlAZScore_5	
          TrlAZScore_6	TrlAZScore_7	TrlAZScore_8	TrlAZScore_9	TrlAZScore_10	


          TMTARate_1	TMTARate_2	TMTARate_3	TMTARate_4	TMTARate_5	TMTARate_6	TMTARate_7	
          TMTARate_8	TMTARate_9	TMTARate_10	

          TrA2_1	TrA2_2	TrA2_3	TrA2_4	TrA2_5	TrA2_6	TrA2_7	TrA2_8	TrA2_9	TrA2_10	

          TrB1_1	TrB1_2	TrB1_3	TrB1_4	TrB1_5	TrB1_6	TrB1_7	TrB1_8	TrB1_9	TrB1_10	

          TrlBZScore_1	TrlBZScore_2	TrlBZScore_3	TrlBZScore_4	TrlBZScore_5	
          TrlBZScore_6	TrlBZScore_7	TrlBZScore_8	TrlBZScore_9	TrlBZScore_10	

          TMTBRate_1	TMTBRate_2	TMTBRate_3	TMTBRate_4	TMTBRate_5	TMTBRate_6	TMTBRate_7
          TMTBRate_8	TMTBRate_9	TMTBRate_10	

          TrB2_1	TrB2_2	TrB2_3	TrB2_4	TrB2_5	TrB2_6
          TrB2_7	TrB2_8	TrB2_9	TrB2_10	

          EpisodicMemory2FreeCatLM_1	EpisodicMemory2FreeCatLM_2	
          EpisodicMemory2FreeCatLM_3	
          EpisodicMemory2FreeCatLM_4	EpisodicMemory2FreeCatLM_5	
          EpisodicMemory2FreeCatLM_6	EpisodicMemory2FreeCatLM_7	
          EpisodicMemory2FreeCatLM_8	EpisodicMemory2FreeCatLM_9	
          EpisodicMemory2FreeCatLM_10	

          FrontalExecFunc_1	FrontalExecFunc_2	FrontalExecFunc_3	FrontalExecFunc_4	
          FrontalExecFunc_5	FrontalExecFunc_6	FrontalExecFunc_7	FrontalExecFunc_8	
          FrontalExecFunc_9	FrontalExecFunc_10	

          Language2BostVoc_1	Language2BostVoc_2	
          Language2BostVoc_3	Language2BostVoc_4	Language2BostVoc_5	
          Language2BostVoc_6	Language2BostVoc_7	Language2BostVoc_8	
          Language2BostVoc_9	Language2BostVoc_10	

          DysExec_1	DysExec_2	DysExec_3	DysExec_4	DysExec_5	DysExec_6	DysExec_7	
          DysExec_8	DysExec_9	DysExec_10	

          aMCI1_1	aMCI1_2	aMCI1_3	aMCI1_4	aMCI1_5	aMCI1_6	aMCI1_7	aMCI1_8	aMCI1_9	aMCI1_10	

          naMCI1_1	naMCI1_2	naMCI1_3	naMCI1_4	naMCI1_5	naMCI1_6	naMCI1_7	
          naMCI1_8	naMCI1_9	naMCI1_10	

          CumulMI_1	CumulMI_2	CumulMI_3	CumulMI_4	
          CumulMI_5	CumulMI_6	CumulMI_7	CumulMI_8	CumulMI_9	CumulMI_10	

          CumulStroke_1	CumulStroke_2	CumulStroke_3	CumulStroke_4	CumulStroke_5	
          CumulStroke_6	CumulStroke_7	CumulStroke_8	CumulStroke_9	CumulStroke_10	

          CumulDiab_1	CumulDiab_2	CumulDiab_3	CumulDiab_4	CumulDiab_5	CumulDiab_6	
          CumulDiab_7	CumulDiab_8	CumulDiab_9	CumulDiab_10	

          DMever	

          CumulHyper_1	CumulHyper_2	CumulHyper_3	CumulHyper_4	CumulHyper_5	
          CumulHyper_6	CumulHyper_7	CumulHyper_8	CumulHyper_9	CumulHyper_10	

          CumulAngina_1	CumulAngina_2	CumulAngina_3	CumulAngina_4	CumulAngina_5	
          CumulAngina_6	CumulAngina_7	CumulAngina_8	CumulAngina_9	CumulAngina_10
          	
          CumulHrtFail_1	CumulHrtFail_2	CumulHrtFail_3	CumulHrtFail_4	CumulHrtFail_5	
          CumulHrtFail_6	CumulHrtFail_7	CumulHrtFail_8	CumulHrtFail_9	CumulHrtFail_10	

          CumulPD_1	CumulPD_2	CumulPD_3	CumulPD_4	CumulPD_5	CumulPD_6	CumulPD_7	
          CumulPD_8	CumulPD_9	CumulPD_10	

          CumulDep_1	CumulDep_2	CumulDep_3	CumulDep_4	
          CumulDep_5	CumulDep_6	CumulDep_7	CumulDep_8	CumulDep_9	CumulDep_10	

          CumulAnemia_1	CumulAnemia_2	CumulAnemia_3	CumulAnemia_4	CumulAnemia_5	
          CumulAnemia_6	CumulAnemia_7	CumulAnemia_8	CumulAnemia_9	CumulAnemia_10	

          CVIndexArWave_1 CVIndexArWave_2	CVIndexArWave_3	CVIndexArWave_4	CVIndexArWave_5	
          CVIndexArWave_6 CVIndexArWave_7	CVIndexArWave_8	CVIndexArWave_9	CVIndexArWave_10	


          CVIndexCumul_1 CVIndexCumul_2	CVIndexCumul_3	CVIndexCumul_4	CVIndexCumul_5	
          CVIndexCumul_6 CVIndexCumul_7	CVIndexCumul_8	CVIndexCumul_9	CVIndexCumul_10	

          BloodPres1stSys_1	BloodPres1stSys_2	BloodPres1stSys_3	BloodPres1stSys_4	
          BloodPres1stSys_5	BloodPres1stSys_6	BloodPres1stSys_7	BloodPres1stSys_8	
          BloodPres1stSys_9	BloodPres1stSys_10	

          BloodPres1stDia_1	BloodPres1stDia_2	BloodPres1stDia_3	BloodPres1stDia_4	
          BloodPres1stDia_5	BloodPres1stDia_6	BloodPres1stDia_7	BloodPres1stDia_8	
          BloodPres1stDia_9	BloodPres1stDia_10	

          Ht_1	Ht_2	Ht_3	Ht_4	Ht_5	Ht_6	Ht_7	Ht_8	Ht_9	Ht_10	

          Wt_1	Wt_2	Wt_3	Wt_4	Wt_5	Wt_6	Wt_7	Wt_8	Wt_9	Wt_10	

          BMI_1	BMI_2	BMI_3	BMI_4	BMI_5	BMI_6	BMI_7	BMI_8	BMI_9	BMI_10	

          Waist_1	Waist_2	Waist_3	Waist_4	Waist_5	Waist_6	Waist_7	Waist_8	Waist_9	Waist_10	

          Hip_1	Hip_2	Hip_3	Hip_4	Hip_5	Hip_6	Hip_7	Hip_8	Hip_9	Hip_10	

          Velocity_1	Velocity_2	Velocity_3	Velocity_4	Velocity_5	Velocity_6	Velocity_7	
          Velocity_8	Velocity_9	Velocity_10	

          ChairRaiseTime_1	ChairRaiseTime_2	ChairRaiseTime_3	ChairRaiseTime_4	
          ChairRaiseTime_5	ChairRaiseTime_6	ChairRaiseTime_7	ChairRaiseTime_8	
          ChairRaiseTime_9	ChairRaiseTime_10	

          FlamingoStandTime_1	FlamingoStandTime_2	FlamingoStandTime_3	FlamingoStandTime_4	
          FlamingoStandTime_5	FlamingoStandTime_6	FlamingoStandTime_7	FlamingoStandTime_8	
          FlamingoStandTime_9	FlamingoStandTime_10	

          MaxEff_1	MaxEff_2	MaxEff_3	MaxEff_4	MaxEff_5	MaxEff_6	MaxEff_7	
          MaxEff_8	MaxEff_9	MaxEff_10	

          PeakFlowBestOf3_1	PeakFlowBestOf3_2	PeakFlowBestOf3_3	PeakFlowBestOf3_4	
          PeakFlowBestOf3_5	PeakFlowBestOf3_6	PeakFlowBestOf3_7	PeakFlowBestOf3_8	
          PeakFlowBestOf3_9	PeakFlowBestOf3_10	

          UPDRS15_1	UPDRS15_2	UPDRS15_3	UPDRS15_4	UPDRS15_5	UPDRS15_6	UPDRS15_7	
          UPDRS15_8	UPDRS15_9	UPDRS15_10	

          UPDRS27_1	UPDRS27_2	UPDRS27_3	UPDRS27_4	UPDRS27_5	UPDRS27_6	UPDRS27_7	
          UPDRS27_8	UPDRS27_9	UPDRS27_10	

          UPDRS28_1	UPDRS28_2	UPDRS28_3	UPDRS28_4	
          UPDRS28_5	UPDRS28_6	UPDRS28_7	UPDRS28_8	UPDRS28_9	UPDRS28_10	

          UPDRS29_1	UPDRS29_2	UPDRS29_3	UPDRS29_4	UPDRS29_5	UPDRS29_6	UPDRS29_7	
          UPDRS29_8	UPDRS29_9	UPDRS29_10	

          EMail_1	EMail_2	EMail_3	EMail_4	EMail_5	EMail_6	EMail_7	EMail_8	EMail_9	EMail_10	

          Aerobic_1	Aerobic_2	Aerobic_3	Aerobic_4	Aerobic_5	Aerobic_6	Aerobic_7	
          Aerobic_8	Aerobic_9	Aerobic_10	

          HrsFor2WeekLight_1	HrsFor2WeekLight_2	HrsFor2WeekLight_3	HrsFor2WeekLight_4	
          HrsFor2WeekLight_5	HrsFor2WeekLight_6	HrsFor2WeekLight_7	HrsFor2WeekLight_8	
          HrsFor2WeekLight_9	HrsFor2WeekLight_10	

          HrsFor2WeekMedium_1	HrsFor2WeekMedium_2	HrsFor2WeekMedium_3	HrsFor2WeekMedium_4	
          HrsFor2WeekMedium_5	HrsFor2WeekMedium_6	HrsFor2WeekMedium_7	HrsFor2WeekMedium_8	
          HrsFor2WeekMedium_9	HrsFor2WeekMedium_10	

          HrsFor2WeekHeavy_1	HrsFor2WeekHeavy_2	HrsFor2WeekHeavy_3	HrsFor2WeekHeavy_4	
          HrsFor2WeekHeavy_5	HrsFor2WeekHeavy_6	HrsFor2WeekHeavy_7	HrsFor2WeekHeavy_8	
          HrsFor2WeekHeavy_9	HrsFor2WeekHeavy_10	

          DaysPerWeekLight_1	DaysPerWeekLight_2	DaysPerWeekLight_3	DaysPerWeekLight_4	
          DaysPerWeekLight_5	DaysPerWeekLight_6	DaysPerWeekLight_7	DaysPerWeekLight_8	
          DaysPerWeekLight_9	DaysPerWeekLight_10	

          DaysPerWeekMedium_1 DaysPerWeekMedium_2	DaysPerWeekMedium_3	DaysPerWeekMedium_4	
          DaysPerWeekMedium_5	
          DaysPerWeekMedium_6	DaysPerWeekMedium_7	DaysPerWeekMedium_8	DaysPerWeekMedium_9	
          DaysPerWeekMedium_10	

          DaysPerWeekHeavy_1	DaysPerWeekHeavy_2	DaysPerWeekHeavy_3	DaysPerWeekHeavy_4	
          DaysPerWeekHeavy_5	DaysPerWeekHeavy_6	DaysPerWeekHeavy_7	DaysPerWeekHeavy_8	
          DaysPerWeekHeavy_9	DaysPerWeekHeavy_10	

          CigsPerDay_1	CigsPerDay_2	CigsPerDay_3	
          CigsPerDay_4	CigsPerDay_5	CigsPerDay_6	CigsPerDay_7	CigsPerDay_8	
          CigsPerDay_9	CigsPerDay_10	

          SmokNow_1	SmokNow_2	SmokNow_3	SmokNow_4	
          SmokNow_5	SmokNow_6	SmokNow_7	SmokNow_8	SmokNow_9	SmokNow_10	

          SmokEver_1	SmokEver_2	SmokEver_3	SmokEver_4	SmokEver_5	SmokEver_6	SmokEver_7	
          SmokEver_8	SmokEver_9	SmokEver_10	

          SmokNumYrs_1	SmokNumYrs_2	SmokNumYrs_3	SmokNumYrs_4 SmokNumYrs_5	
          SmokNumYrs_6	SmokNumYrs_7	SmokNumYrs_8	SmokNumYrs_9 SmokNumYrs_10	

          DrinksPerMonth_1	DrinksPerMonth_2	DrinksPerMonth_3 DrinksPerMonth_4	
          DrinksPerMonth_5	DrinksPerMonth_6	DrinksPerMonth_7	DrinksPerMonth_8	
          DrinksPerMonth_9	DrinksPerMonth_10	

          Glucose_1	Glucose_2	Glucose_3	Glucose_4	Glucose_5	Glucose_6	Glucose_7	
          Glucose_8	Glucose_9	Glucose_10	

          chronicpi1	chronicpi2	chronicpi3	chronicpi4	chronicpi5	chronicpi6	chronicpi7	
          chronicpi8	chronicpi9	chronicpi10	

          Pdever
          Cvd cisum;
        MISSING = ALL(-9999); !specification of missing observations coded in data file

               USEVAR are time1 time2 time3 time4 time5 time6 time7 time8 time9 !time10	
                          !p1 p2 p3 p4 p5 p6 p7 p8 !p9 !p10
                         c1 c2 c3 c4 c5 c6 c7 c8 c9 !c10
                         Bage educ height Diab SmokHist Cardio; !DepSymp;
               TSCORES =   time1 time2 time3 time4 time5 time6 time7 time8 time9; !time10;

              USEOBSERVATIONS are DemEver EQ 0 and sex EQ 0;

        Define:  p1=PeakFlowBestOf3_1;	p2=PeakFlowBestOf3_2;	p3=PeakFlowBestOf3_3;
       p4=PeakFlowBestOf3_4; p5=PeakFlowBestOf3_5;	p6=PeakFlowBestOf3_6;	
       p7=PeakFlowBestOf3_7; p8=PeakFlowBestOf3_8;	!p9=PeakFlowBestOf3_9;	

   c1=Vocraw_1;	c2=Vocraw_2;	c3=Vocraw_3;	c4=Vocraw_4;	c5=Vocraw_5;	
   c6=Vocraw_6;	c7=Vocraw_7;	c8=Vocraw_8;	c9=Vocraw_9;	!c10=Vocraw_10;

        !c1=FAS_1;	c2=FAS_2;	c3=FAS_3;	c4=FAS_4;	c5=FAS_5;	c6=FAS_6;	c7=FAS_7;
        !c8=FAS_8;	!c9=FAS_9;	!c10=FAS_10;

       !c1=Spnraw_1;	c2=Spnraw_2;	c3=Spnraw_3;	c4=Spnraw_4;	c5=Spnraw_5;	
       !c6=Spnraw_6; c7=Spnraw_7;	c8=Spnraw_8;	c9=Spnraw_9;	!c10=Spnraw_10;	


        !c1=Symraw_1;	c2=Symraw_2;	c3=Symraw_3;	c4=Symraw_4;	c5=Symraw_5;
        !c6=Symraw_6;	c7=Symraw_7;	c8=Symraw_8;	c9=Symraw_9;	c10=Symraw_10;

                Bage=AgeAtWaveOne-70;   !Centered at Age 70
                Bagesq=(AgeatWaveOne-70)**2;
                Dage=deathage;
                !female=sex;         !0=Male
                Educ=Educyrs-7;     ! Centered at 7 years
                SEP=DEMO23;
                time1=wave_1;
                time2=wave_2;
                time3=wave_3;
                time4=wave_4;
                time5=wave_5;
                time6=wave_6;
                time7=wave_7;
                time8=wave_8;
                time9=wave_9;
                time10=wave_10;
                !Marstat;
               Height=Ht_1-172;
                !Weight
                !BMI
                SmokHist=SmokEver_1;
                !Alcohol;
                !CompExp;
                !PhysAct;
                !BP;
                DepSymp = GDSScore_1;
                Cardio = cvd;
                Diab=DMever;
                !MorbInd;

                AgeAtWave_1Educyrs=Bage*Educ;

        ANALYSIS: TYPE = RANDOM;
         ESTIMATOR=MLF;
         miterations=1000;
     h1convergence = 0.00001;
         COVERAGE = .001;


        MODEL:
       !ip sp | p1-p9 AT time1-time9;
       ic sc qc | c1 - c9 AT time1-time9;
        !ip sp  ic sc WITH  ip sp  ic sc;
        ic sc qc ON Bage educ height smokhist cardio diab; !depsymp;
        c1-c9 (res_c);
         !p1-p8 (res_p);
          !p1-p8 pwith c1-c8(res_cov);
          !Paired covariances constrained to be equal across time

        !ip sp ic sc ON Bage educ height smokhist cardio diab depsymp;


        ! ic sc qc| c1-c9 AT time1-time9;
         !ic sc qc ON Bage educ;
         !c1-c9 (res_c);

               ! ip sp ic sc ON Bage;



      !ip sp ON Bage;

              !p1-p9 (res_p);




        OUTPUT: sampstat
        !sampstat Cinterval;




*** WARNING
  Data set contains cases with missing on x-variables.
  These cases were not included in the analysis.
  Number of cases with missing on x-variables:  312
   1 WARNING(S) FOUND IN THE INPUT INSTRUCTIONS



m4 u2 vocab pek LGM,aehplus Conditional, male

SUMMARY OF ANALYSIS

Number of groups                                                 1
Number of observations                                          72

Number of dependent variables                                    9
Number of independent variables                                  6
Number of continuous latent variables                            3

Observed dependent variables

  Continuous
   C1          C2          C3          C4          C5          C6
   C7          C8          C9

Observed independent variables
   BAGE        EDUC        HEIGHT      DIAB        SMOKHIST    CARDIO

Continuous latent variables
   IC          SC          QC

Variables with special functions

  Time scores
   TIME1       TIME2       TIME3       TIME4       TIME5       TIME6
   TIME7       TIME8       TIME9


Estimator                                                      MLF
Information matrix                                        OBSERVED
Maximum number of iterations                                   100
Convergence criterion                                    0.100D-05
Maximum number of EM iterations                               1000
Convergence criteria for the EM algorithm
  Loglikelihood change                                   0.100D-02
  Relative loglikelihood change                          0.100D-05
  Derivative                                             0.100D-03
Minimum variance                                         0.100D-03
Maximum number of steepest descent iterations                   20
Maximum number of iterations for H1                           2000
Convergence criterion for H1                             0.100D-04
Optimization algorithm                                         EMA

Input data file(s)
  C:\Users\Andrea Zammit\Desktop\EASMaster.csv
Input data format  FREE


SUMMARY OF DATA

     Number of missing data patterns            11


COVARIANCE COVERAGE OF DATA

Minimum covariance coverage value   0.001


     PROPORTION OF DATA PRESENT


           Covariance Coverage
              C1            C2            C3            C4            C5
              ________      ________      ________      ________      ________
 C1             1.000
 C2             0.972         0.972
 C3             0.819         0.806         0.819
 C4             0.653         0.639         0.639         0.653
 C5             0.514         0.500         0.500         0.514         0.514
 C6             0.375         0.375         0.375         0.375         0.375
 C7             0.278         0.278         0.278         0.278         0.278
 C8             0.153         0.153         0.153         0.153         0.153
 C9             0.042         0.042         0.042         0.042         0.042
 BAGE           1.000         0.972         0.819         0.653         0.514
 EDUC           1.000         0.972         0.819         0.653         0.514
 HEIGHT         1.000         0.972         0.819         0.653         0.514
 DIAB           1.000         0.972         0.819         0.653         0.514
 SMOKHIST       1.000         0.972         0.819         0.653         0.514
 CARDIO         1.000         0.972         0.819         0.653         0.514


           Covariance Coverage
              C6            C7            C8            C9            BAGE
              ________      ________      ________      ________      ________
 C6             0.375
 C7             0.250         0.278
 C8             0.153         0.153         0.153
 C9             0.042         0.042         0.042         0.042
 BAGE           0.375         0.278         0.153         0.042         1.000
 EDUC           0.375         0.278         0.153         0.042         1.000
 HEIGHT         0.375         0.278         0.153         0.042         1.000
 DIAB           0.375         0.278         0.153         0.042         1.000
 SMOKHIST       0.375         0.278         0.153         0.042         1.000
 CARDIO         0.375         0.278         0.153         0.042         1.000


           Covariance Coverage
              EDUC          HEIGHT        DIAB          SMOKHIST      CARDIO
              ________      ________      ________      ________      ________
 EDUC           1.000
 HEIGHT         1.000         1.000
 DIAB           1.000         1.000         1.000
 SMOKHIST       1.000         1.000         1.000         1.000
 CARDIO         1.000         1.000         1.000         1.000         1.000


SAMPLE STATISTICS


     ESTIMATED SAMPLE STATISTICS


           Means
              C1            C2            C3            C4            C5
              ________      ________      ________      ________      ________
 1             47.875        48.854        47.985        49.248        47.193


           Means
              C6            C7            C8            C9            BAGE
              ________      ________      ________      ________      ________
 1             47.978        47.764        51.205        49.775         7.964


           Means
              EDUC          HEIGHT        DIAB          SMOKHIST      CARDIO
              ________      ________      ________      ________      ________
 1              7.875         0.667         0.236         0.625         0.153


           Covariances
              C1            C2            C3            C4            C5
              ________      ________      ________      ________      ________
 C1            95.943
 C2            74.508       121.863
 C3            75.455        81.478       123.436
 C4            61.266        60.008        68.029        94.189
 C5            57.905        55.462        52.007        50.753       109.869
 C6            58.166        39.254        73.385        64.078        49.859
 C7            47.365        97.141        73.309        60.875        57.583
 C8            16.938        28.761        46.699        14.095        48.485
 C9            46.911        56.845        54.155        40.962        48.846
 BAGE           6.864        11.843         4.139         5.872        -5.307
 EDUC          16.915        18.349        18.686        12.393        11.779
 HEIGHT         0.569         4.327       -10.138        -3.715        13.034
 DIAB          -0.026         0.409         0.064        -0.694        -0.738
 SMOKHIST      -0.991        -1.325        -1.232        -0.240        -1.448
 CARDIO        -0.620        -0.478        -1.266        -1.390        -0.442


           Covariances
              C6            C7            C8            C9            BAGE
              ________      ________      ________      ________      ________
 C6           111.279
 C7            49.097       120.650
 C8            26.287        67.668       165.930
 C9            31.807        55.123        45.483        51.257
 BAGE          -6.872         4.613       -23.583         8.815        26.558
 EDUC          12.904        12.878        19.764        10.712         1.205
 HEIGHT       -11.951         3.722       -25.515       -11.493        -5.409
 DIAB          -0.839         0.059        -1.002        -0.273        -0.023
 SMOKHIST       0.058        -1.320        -1.496        -1.850        -0.529
 CARDIO        -0.747        -0.513        -0.458        -1.336         0.083


           Covariances
              EDUC          HEIGHT        DIAB          SMOKHIST      CARDIO
              ________      ________      ________      ________      ________
 EDUC          11.498
 HEIGHT         0.986        52.583
 DIAB          -0.012         0.204         0.180
 SMOKHIST      -0.408         0.292         0.019         0.234
 CARDIO        -0.050        -0.157         0.006         0.030         0.157


           Correlations
              C1            C2            C3            C4            C5
              ________      ________      ________      ________      ________
 C1             1.000
 C2             0.689         1.000
 C3             0.693         0.664         1.000
 C4             0.644         0.560         0.631         1.000
 C5             0.564         0.479         0.447         0.499         1.000
 C6             0.563         0.337         0.626         0.626         0.451
 C7             0.440         0.801         0.601         0.571         0.500
 C8             0.134         0.202         0.326         0.113         0.359
 C9             0.669         0.719         0.681         0.590         0.651
 BAGE           0.136         0.208         0.072         0.117        -0.098
 EDUC           0.509         0.490         0.496         0.377         0.331
 HEIGHT         0.008         0.054        -0.126        -0.053         0.171
 DIAB          -0.006         0.087         0.014        -0.168        -0.166
 SMOKHIST      -0.209        -0.248        -0.229        -0.051        -0.285
 CARDIO        -0.160        -0.109        -0.287        -0.361        -0.106


           Correlations
              C6            C7            C8            C9            BAGE
              ________      ________      ________      ________      ________
 C6             1.000
 C7             0.424         1.000
 C8             0.193         0.478         1.000
 C9             0.421         0.701         0.493         1.000
 BAGE          -0.126         0.081        -0.355         0.239         1.000
 EDUC           0.361         0.346         0.452         0.441         0.069
 HEIGHT        -0.156         0.047        -0.273        -0.221        -0.145
 DIAB          -0.187         0.013        -0.183        -0.090        -0.011
 SMOKHIST       0.011        -0.248        -0.240        -0.534        -0.212
 CARDIO        -0.179        -0.118        -0.090        -0.471         0.041


           Correlations
              EDUC          HEIGHT        DIAB          SMOKHIST      CARDIO
              ________      ________      ________      ________      ________
 EDUC           1.000
 HEIGHT         0.040         1.000
 DIAB          -0.008         0.066         1.000
 SMOKHIST      -0.249         0.083         0.093         1.000
 CARDIO        -0.037        -0.055         0.033         0.154         1.000


     MAXIMUM LOG-LIKELIHOOD VALUE FOR THE UNRESTRICTED (H1) MODEL IS -1834.966


UNIVARIATE HIGHER-ORDER MOMENT DESCRIPTIVE STATISTICS


     UNIVARIATE HIGHER-ORDER MOMENT DESCRIPTIVE STATISTICS

         Variable/         Mean/     Skewness/   Minimum/ % with                Percentiles
        Sample Size      Variance    Kurtosis    Maximum  Min/Max      20%/60%    40%/80%    Median

     C1                   47.875       0.025      30.000    1.39%      38.000     44.000     50.000
              72.000      95.943      -1.138      66.000    2.78%      50.000     56.000
     C2                   48.957      -0.566      20.000    2.86%      40.000     46.000     50.000
              70.000     122.012      -0.261      66.000    1.43%      52.000     60.000
     C3                   48.271      -0.565      16.000    1.69%      40.000     46.000     48.000
              59.000     123.587      -0.034      66.000    5.08%      52.000     58.000
     C4                   49.702      -0.348      26.000    2.13%      42.000     46.000     50.000
              47.000      96.337      -0.480      66.000    4.26%      54.000     60.000
     C5                   46.757       0.031      28.000    5.41%      36.000     42.000     44.000
              37.000     108.617      -0.993      64.000   10.81%      46.000     56.000
     C6                   47.037      -0.041      30.000   11.11%      36.000     44.000     48.000
              27.000     110.036      -1.093      64.000    7.41%      48.000     58.000
     C7                   47.800      -0.424      26.000    5.00%      42.000     44.000     47.000
              20.000      81.160      -0.416      60.000   10.00%      48.000     56.000
     C8                   47.273      -0.714      28.000    9.09%      38.000     46.000     46.000
              11.000      81.653      -0.573      56.000   36.36%      54.000     56.000
     C9                   48.667       0.081      34.000   33.33%      34.000     34.000     48.000
               3.000     150.222      -1.500      64.000   33.33%      48.000     48.000
     BAGE                  7.964       0.220      -0.379    1.39%       2.605      6.211      7.394
              72.000      26.558      -1.147      18.821    1.39%       9.154     14.101
     EDUC                  7.875      -0.365      -1.000    2.78%       5.000      7.000      8.000
              72.000      11.498      -0.281      13.000   11.11%       9.000     11.000
     HEIGHT                0.667      -0.151     -21.000    1.39%      -6.000     -1.000      0.000
              72.000      52.583       0.043      18.000    1.39%       3.000      8.000
     DIAB                  0.236       1.243       0.000   76.39%       0.000      0.000      0.000
              72.000       0.180      -0.456       1.000   23.61%       0.000      1.000
     SMOKHIST              0.625      -0.516       0.000   37.50%       0.000      1.000      1.000
              72.000       0.234      -1.733       1.000   62.50%       1.000      1.000
     CARDIO                0.153       2.575       0.000   86.11%       0.000      0.000      0.000
              72.000       0.157       6.167       2.000    1.39%       0.000      0.000


THE MODEL ESTIMATION TERMINATED NORMALLY



MODEL FIT INFORMATION

Number of Free Parameters                       28

Loglikelihood

          H0 Value                       -1195.411

Information Criteria

          Akaike (AIC)                    2446.823
          Bayesian (BIC)                  2510.569
          Sample-Size Adjusted BIC        2422.351
            (n* = (n + 2) / 24)



MODEL RESULTS

                                                    Two-Tailed
                    Estimate       S.E.  Est./S.E.    P-Value

 IC         ON
    BAGE               0.400      0.397      1.008      0.313
    EDUC               1.612      0.701      2.301      0.021
    HEIGHT             0.037      0.319      0.118      0.906
    SMOKHIST          -2.515      4.401     -0.571      0.568
    CARDIO            -1.483     11.080     -0.134      0.894
    DIAB               4.149      5.140      0.807      0.420

 SC         ON
    BAGE              -0.112      0.230     -0.489      0.625
    EDUC              -0.117      0.441     -0.265      0.791
    HEIGHT            -0.031      0.189     -0.162      0.871
    SMOKHIST           0.976      2.776      0.351      0.725
    CARDIO            -1.764      4.638     -0.380      0.704
    DIAB              -2.422      3.498     -0.692      0.489

 QC         ON
    BAGE               0.005      0.031      0.165      0.869
    EDUC               0.006      0.051      0.117      0.907
    HEIGHT             0.001      0.028      0.029      0.977
    SMOKHIST          -0.124      0.368     -0.336      0.737
    CARDIO             0.221      0.468      0.472      0.637
    DIAB               0.241      0.407      0.590      0.555

 SC       WITH
    IC                 0.888     19.599      0.045      0.964

 QC       WITH
    IC                -0.222      2.102     -0.106      0.916
    SC                -0.110      1.375     -0.080      0.936

 Intercepts
    C1                 0.000      0.000    999.000    999.000
    C2                 0.000      0.000    999.000    999.000
    C3                 0.000      0.000    999.000    999.000
    C4                 0.000      0.000    999.000    999.000
    C5                 0.000      0.000    999.000    999.000
    C6                 0.000      0.000    999.000    999.000
    C7                 0.000      0.000    999.000    999.000
    C8                 0.000      0.000    999.000    999.000
    C9                 0.000      0.000    999.000    999.000
    IC                32.947      7.623      4.322      0.000
    SC                 2.304      4.947      0.466      0.641
    QC                -0.140      0.590     -0.237      0.813

 Residual Variances
    C1                40.801      5.726      7.125      0.000
    C2                40.801      5.726      7.125      0.000
    C3                40.801      5.726      7.125      0.000
    C4                40.801      5.726      7.125      0.000
    C5                40.801      5.726      7.125      0.000
    C6                40.801      5.726      7.125      0.000
    C7                40.801      5.726      7.125      0.000
    C8                40.801      5.726      7.125      0.000
    C9                40.801      5.726      7.125      0.000
    IC                37.478     48.980      0.765      0.444
    SC                 0.949     11.746      0.081      0.936
    QC                 0.015      0.165      0.092      0.927


QUALITY OF NUMERICAL RESULTS

     Condition Number for the Information Matrix              0.477E-07
       (ratio of smallest to largest eigenvalue)


DIAGRAM INFORMATION

  Use View Diagram under the Diagram menu in the Mplus Editor to view the diagram.
  If running Mplus from the Mplus Diagrammer, the diagram opens automatically.

  Diagram output
    c:\users\andrea zammit\documents\github\ialsa-2015-portland\studies\eas\u2_male_aehplus_nophys_k

     Beginning Time:  09:29:39
        Ending Time:  09:29:41
       Elapsed Time:  00:00:02



MUTHEN & MUTHEN
3463 Stoner Ave.
Los Angeles, CA  90066

Tel: (310) 391-9971
Fax: (310) 391-8971
Web: www.StatModel.com
Support: Support@StatModel.com

Copyright (c) 1998-2014 Muthen & Muthen
