Mplus VERSION 7.4 (Mac)
MUTHEN & MUTHEN
02/08/2017   9:23 PM

INPUT INSTRUCTIONS

  TITLE:
  Script produced from the prototype in ./sandbox/syntax-creator/
  DATA:
  File = wide-dataset.dat ;
  VARIABLE:
  NAMES are
   id male age_c70 edu_c7 htm_c smoke cardio diabetes dementia_ever
      dementia_baseline bnt_00 bnt_01 bnt_02 bnt_03 bnt_04 bnt_05 bnt_06 bnt_07
      bnt_08 bnt_09 bnt_10 bnt_11 bnt_12 bnt_13 bnt_14 bnt_15 bnt_16 bnt_17
      bnt_18 bostordel_00 bostordel_01 bostordel_02 bostordel_03 bostordel_04
      bostordel_05 bostordel_06 bostordel_07 bostordel_08 bostordel_09 bostordel_10
      bostordel_11 bostordel_12 bostordel_13 bostordel_14 bostordel_15 bostordel_16
      bostordel_17 bostordel_18 bostorim_00 bostorim_01 bostorim_02 bostorim_03
      bostorim_04 bostorim_05 bostorim_06 bostorim_07 bostorim_08 bostorim_09
      bostorim_10 bostorim_11 bostorim_12 bostorim_13 bostorim_14 bostorim_15
      bostorim_16 bostorim_17 bostorim_18 catfluency_00 catfluency_01 catfluency_02
      catfluency_03 catfluency_04 catfluency_05 catfluency_06 catfluency_07
      catfluency_08 catfluency_09 catfluency_10 catfluency_11 catfluency_12
      catfluency_13 catfluency_14 catfluency_15 catfluency_16 catfluency_17
      catfluency_18 complexideas_00 complexideas_01 complexideas_02 complexideas_03
      complexideas_04 complexideas_05 complexideas_06 complexideas_07 complexideas_08
      complexideas_09 complexideas_10 complexideas_11 complexideas_12 complexideas_13
      complexideas_14 complexideas_15 complexideas_16 complexideas_17 complexideas_18
      digitbackward_00 digitbackward_01 digitbackward_02 digitbackward_03
      digitbackward_04 digitbackward_05 digitbackward_06 digitbackward_07
      digitbackward_08 digitbackward_09 digitbackward_10 digitbackward_11
      digitbackward_12 digitbackward_13 digitbackward_14 digitbackward_15
      digitbackward_16 digitbackward_17 digitbackward_18 digitforward_00
      digitforward_01 digitforward_02 digitforward_03 digitforward_04 digitforward_05
      digitforward_06 digitforward_07 digitforward_08 digitforward_09 digitforward_10
      digitforward_11 digitforward_12 digitforward_13 digitforward_14 digitforward_15
      digitforward_16 digitforward_17 digitforward_18 digitorder_00 digitorder_01
      digitorder_02 digitorder_03 digitorder_04 digitorder_05 digitorder_06
      digitorder_07 digitorder_08 digitorder_09 digitorder_10 digitorder_11
      digitorder_12 digitorder_13 digitorder_14 digitorder_15 digitorder_16
      digitorder_17 digitorder_18 fev_00 fev_01 fev_02 fev_03 fev_04 fev_05 fev_06
      fev_07 fev_08 fev_09 fev_10 fev_11 fev_12 fev_13 fev_14 fev_15 fev_16 fev_17
      fev_18 fev100_00 fev100_01 fev100_02 fev100_03 fev100_04 fev100_05 fev100_06
      fev100_07 fev100_08 fev100_09 fev100_10 fev100_11 fev100_12 fev100_13 fev100_14
      fev100_15 fev100_16 fev100_17 fev100_18 gait_00 gait_01 gait_02 gait_03 gait_04
      gait_05 gait_06 gait_07 gait_08 gait_09 gait_10 gait_11 gait_12 gait_13 gait_14
      gait_15 gait_16 gait_17 gait_18 grip_00 grip_01 grip_02 grip_03 grip_04 grip_05
      grip_06 grip_07 grip_08 grip_09 grip_10 grip_11 grip_12 grip_13 grip_14 grip_15
      grip_16 grip_17 grip_18 lineorientation_00 lineorientation_01 lineorientation_02
      lineorientation_03 lineorientation_04 lineorientation_05 lineorientation_06
      lineorientation_07 lineorientation_08 lineorientation_09 lineorientation_10
      lineorientation_11 lineorientation_12 lineorientation_13 lineorientation_14
      lineorientation_15 lineorientation_16 lineorientation_17 lineorientation_18
      logimemdel_00 logimemdel_01 logimemdel_02 logimemdel_03 logimemdel_04
      logimemdel_05 logimemdel_06 logimemdel_07 logimemdel_08 logimemdel_09
      logimemdel_10 logimemdel_11 logimemdel_12 logimemdel_13 logimemdel_14
      logimemdel_15 logimemdel_16 logimemdel_17 logimemdel_18 logimemim_00
      logimemim_01 logimemim_02 logimemim_03 logimemim_04 logimemim_05 logimemim_06
      logimemim_07 logimemim_08 logimemim_09 logimemim_10 logimemim_11 logimemim_12
      logimemim_13 logimemim_14 logimemim_15 logimemim_16 logimemim_17 logimemim_18
      matrices_00 matrices_01 matrices_02 matrices_03 matrices_04 matrices_05
      matrices_06 matrices_07 matrices_08 matrices_09 matrices_10 matrices_11
      matrices_12 matrices_13 matrices_14 matrices_15 matrices_16 matrices_17
      matrices_18 mmse_00 mmse_01 mmse_02 mmse_03 mmse_04 mmse_05 mmse_06 mmse_07
      mmse_08 mmse_09 mmse_10 mmse_11 mmse_12 mmse_13 mmse_14 mmse_15 mmse_16 mmse_17
      mmse_18 nart_00 nart_01 nart_02 nart_03 nart_04 nart_05 nart_06 nart_07 nart_08
      nart_09 nart_10 nart_11 nart_12 nart_13 nart_14 nart_15 nart_16 nart_17 nart_18
      numbercomparison_00 numbercomparison_01 numbercomparison_02 numbercomparison_03
      numbercomparison_04 numbercomparison_05 numbercomparison_06 numbercomparison_07
      numbercomparison_08 numbercomparison_09 numbercomparison_10 numbercomparison_11
      numbercomparison_12 numbercomparison_13 numbercomparison_14 numbercomparison_15
      numbercomparison_16 numbercomparison_17 numbercomparison_18 symbol_00
      symbol_01 symbol_02 symbol_03 symbol_04 symbol_05 symbol_06 symbol_07 symbol_08
      symbol_09 symbol_10 symbol_11 symbol_12 symbol_13 symbol_14 symbol_15 symbol_16
      symbol_17 symbol_18 wordlistdel_00 wordlistdel_01 wordlistdel_02 wordlistdel_03
      wordlistdel_04 wordlistdel_05 wordlistdel_06 wordlistdel_07 wordlistdel_08
      wordlistdel_09 wordlistdel_10 wordlistdel_11 wordlistdel_12 wordlistdel_13
      wordlistdel_14 wordlistdel_15 wordlistdel_16 wordlistdel_17 wordlistdel_18
      wordlistim_00 wordlistim_01 wordlistim_02 wordlistim_03 wordlistim_04
      wordlistim_05 wordlistim_06 wordlistim_07 wordlistim_08 wordlistim_09
      wordlistim_10 wordlistim_11 wordlistim_12 wordlistim_13 wordlistim_14
      wordlistim_15 wordlistim_16 wordlistim_17 wordlistim_18 wordlistrecog_00
      wordlistrecog_01 wordlistrecog_02 wordlistrecog_03 wordlistrecog_04
      wordlistrecog_05 wordlistrecog_06 wordlistrecog_07 wordlistrecog_08
      wordlistrecog_09 wordlistrecog_10 wordlistrecog_11 wordlistrecog_12
      wordlistrecog_13 wordlistrecog_14 wordlistrecog_15 wordlistrecog_16
      wordlistrecog_17 wordlistrecog_18 years_since_bl_00 years_since_bl_01
      years_since_bl_02 years_since_bl_03 years_since_bl_04 years_since_bl_05
      years_since_bl_06 years_since_bl_07 years_since_bl_08 years_since_bl_09
      years_since_bl_10 years_since_bl_11 years_since_bl_12 years_since_bl_13
      years_since_bl_14 years_since_bl_15 years_since_bl_16 years_since_bl_17
      years_since_bl_18
  	;
  Missing are all (-9999);
  USEVARIABLES are
  	!define the variables used in the analysis
  	! covariates used in the model
  age_c70
  edu_c7
  htm_c
  smoke
  cardio
  diabetes	
  	!estimated time points
  time_00
  time_01
  time_02
  time_03
  time_04
  	!modelled time points of process (A)
  a_00
  a_01
  a_02
  a_03
  a_04
  	!modelled time points of process (B)
  b_00
  b_01
  b_02
  b_03
  b_04
  ;
  TSCORES are
  	!estimated time points
  time_00
  time_01
  time_02
  time_03
  time_04;
  USEOBSERVATIONS are
  	!select a subset of observations
  male EQ 1
  and
  id NE 0
  ;
  DEFINE:
  	! assign variables to the process (A)
  a_00=fev_00;
  a_01=fev_01;
  a_02=fev_02;
  a_03=fev_03;
  a_04=fev_04;
  	! assign variables to the process (B)
  b_00=catfluency_00;
  b_01=catfluency_01;
  b_02=catfluency_02;
  b_03=catfluency_03;
  b_04=catfluency_04;
  	!assign variables to time points
  time_00=years_since_bl_00;
  time_01=years_since_bl_01;
  time_02=years_since_bl_02;
  time_03=years_since_bl_03;
  time_04=years_since_bl_04;
  	
  ANALYSIS:
  TYPE = RANDOM;
  COVERAGE=.00;
  MODEL:
  	!first-level equation
  	! assign process (A) to time points
  ia sa | a_00 AT time_00 ;
  ia sa | a_01 AT time_01 ;
  ia sa | a_02 AT time_02 ;
  ia sa | a_03 AT time_03 ;
  ia sa | a_04 AT time_04 ;
  	! assign process (B) to time points
  ib sb | b_00 AT time_00 ;
  ib sb | b_01 AT time_01 ;
  ib sb | b_02 AT time_02 ;
  ib sb | b_03 AT time_03 ;
  ib sb | b_04 AT time_04 ;
  	!variance of the first-level terms
  ia (v_ia);
  sa (v_sa);
  ib (v_ib);
  sb (v_sb);
  	!covariance among first-level terms
  ia WITH sa (c_iasa);
  ia WITH ib (c_iaib);
  ia WITH sb (c_iasb);
  sa WITH ib (c_saib);
  sa WITH sb (c_sasb);
  ib WITH sb (c_ibsb);
  	!second-level equation
  ia sa ib sb ON age_c70
  edu_c7
  htm_c
  smoke
  cardio
  diabetes;
  	!residual covariance of process (A)
  a_00 (res_a);
  a_01 (res_a);
  a_02 (res_a);
  a_03 (res_a);
  a_04 (res_a);	
  	!residual covariance of process (B)
  b_00 (res_b);
  b_01 (res_b);
  b_02 (res_b);
  b_03 (res_b);
  b_04 (res_b);	
  	!Paired covariances constrained to be equal across t
  a_00 pwith b_00 (res_cov);
  a_01 pwith b_01 (res_cov);
  a_02 pwith b_02 (res_cov);
  a_03 pwith b_03 (res_cov);
  a_04 pwith b_04 (res_cov);	
  MODEL CONSTRAINT:
  	!assigns labels to new parameters;
  NEW r_iaib;
  NEW r_sasb;
  NEW r_res_ab;
  	!compute confidence intervals for correlation coefficients;
  r_iaib = c_iaib/((v_ia**0.5)*(v_ib**0.5));
  r_sasb = c_sasb/((v_sa**0.5)*(v_sb**0.5));
  r_res_ab = res_cov/((res_a**0.5)*(res_b**0.5));
  SAVEDATA:
  FILE is   b1_male_aehplus_fev_catfluency_fscores.dat;
  SAVE = FSCORES;
  RESULTS are   b1_male_aehplus_fev_catfluency_results.dat;
  	
  OUTPUT: sampstat cinterval;
  PLOT: Type is Plot1 Plot2 Plot3;



*** WARNING
  Data set contains cases with missing on x-variables.
  These cases were not included in the analysis.
  Number of cases with missing on x-variables:  46
   1 WARNING(S) FOUND IN THE INPUT INSTRUCTIONS




Script produced from the prototype in ./sandbox/syntax-creator/

SUMMARY OF ANALYSIS

Number of groups                                                 1
Number of observations                                         439

Number of dependent variables                                   10
Number of independent variables                                  6
Number of continuous latent variables                            4

Observed dependent variables

  Continuous
   A_00        A_01        A_02        A_03        A_04        B_00
   B_01        B_02        B_03        B_04

Observed independent variables
   AGE_C70     EDU_C7      HTM_C       SMOKE       CARDIO      DIABETES

Continuous latent variables
   IA          SA          IB          SB

Variables with special functions

  Time scores
   TIME_00     TIME_01     TIME_02     TIME_03     TIME_04


Estimator                                                      MLR
Information matrix                                        OBSERVED
Maximum number of iterations                                   100
Convergence criterion                                    0.100D-05
Maximum number of EM iterations                                500
Convergence criteria for the EM algorithm
  Loglikelihood change                                   0.100D-02
  Relative loglikelihood change                          0.100D-05
  Derivative                                             0.100D-03
Minimum variance                                         0.100D-03
Maximum number of steepest descent iterations                   20
Maximum number of iterations for H1                           2000
Convergence criterion for H1                             0.100D-03
Optimization algorithm                                         EMA

Input data file(s)
  wide-dataset.dat
Input data format  FREE


SUMMARY OF DATA

     Number of missing data patterns            62


COVARIANCE COVERAGE OF DATA

Minimum covariance coverage value   0.000


     PROPORTION OF DATA PRESENT


           Covariance Coverage
              A_00          A_01          A_02          A_03          A_04
              ________      ________      ________      ________      ________
 A_00           0.829
 A_01           0.592         0.597
 A_02           0.483         0.446         0.494
 A_03           0.374         0.333         0.339         0.385
 A_04           0.248         0.210         0.219         0.228         0.333
 B_00           0.829         0.597         0.494         0.385         0.333
 B_01           0.727         0.597         0.494         0.378         0.328
 B_02           0.613         0.528         0.490         0.374         0.323
 B_03           0.535         0.453         0.442         0.383         0.328
 B_04           0.460         0.396         0.376         0.349         0.330
 AGE_C70        0.829         0.597         0.494         0.385         0.333
 EDU_C7         0.829         0.597         0.494         0.385         0.333
 HTM_C          0.829         0.597         0.494         0.385         0.333
 SMOKE          0.829         0.597         0.494         0.385         0.333
 CARDIO         0.829         0.597         0.494         0.385         0.333
 DIABETES       0.829         0.597         0.494         0.385         0.333


           Covariance Coverage
              B_00          B_01          B_02          B_03          B_04
              ________      ________      ________      ________      ________
 B_00           0.998
 B_01           0.861         0.863
 B_02           0.727         0.720         0.729
 B_03           0.638         0.626         0.610         0.638
 B_04           0.551         0.542         0.526         0.535         0.551
 AGE_C70        0.998         0.863         0.729         0.638         0.551
 EDU_C7         0.998         0.863         0.729         0.638         0.551
 HTM_C          0.998         0.863         0.729         0.638         0.551
 SMOKE          0.998         0.863         0.729         0.638         0.551
 CARDIO         0.998         0.863         0.729         0.638         0.551
 DIABETES       0.998         0.863         0.729         0.638         0.551


           Covariance Coverage
              AGE_C70       EDU_C7        HTM_C         SMOKE         CARDIO
              ________      ________      ________      ________      ________
 AGE_C70        1.000
 EDU_C7         1.000         1.000
 HTM_C          1.000         1.000         1.000
 SMOKE          1.000         1.000         1.000         1.000
 CARDIO         1.000         1.000         1.000         1.000         1.000
 DIABETES       1.000         1.000         1.000         1.000         1.000


           Covariance Coverage
              DIABETES
              ________
 DIABETES       1.000


SAMPLE STATISTICS


     ESTIMATED SAMPLE STATISTICS


           Means
              A_00          A_01          A_02          A_03          A_04
              ________      ________      ________      ________      ________
 1              2.131         2.088         1.979         1.962         1.921


           Means
              B_00          B_01          B_02          B_03          B_04
              ________      ________      ________      ________      ________
 1             29.970        29.730        28.609        28.166        27.219


           Means
              AGE_C70       EDU_C7        HTM_C         SMOKE         CARDIO
              ________      ________      ________      ________      ________
 1             10.494         8.538         0.015         0.499         0.241


           Means
              DIABETES
              ________
 1              0.267


           Covariances
              A_00          A_01          A_02          A_03          A_04
              ________      ________      ________      ________      ________
 A_00           0.396
 A_01           0.340         0.353
 A_02           0.344         0.333         0.408
 A_03           0.336         0.326         0.344         0.386
 A_04           0.348         0.341         0.346         0.360         0.403
 B_00           1.801         1.717         1.717         1.698         1.905
 B_01           1.929         1.841         1.698         1.834         2.366
 B_02           2.097         2.073         2.012         2.014         2.325
 B_03           2.357         2.136         2.299         2.350         2.754
 B_04           2.332         2.256         2.245         2.360         2.851
 AGE_C70       -1.394        -1.236        -1.347        -1.648        -1.735
 EDU_C7         0.470         0.494         0.561         0.334         0.545
 HTM_C          0.014         0.014         0.015         0.016         0.012
 SMOKE         -0.033        -0.021         0.011         0.007         0.007
 CARDIO        -0.025        -0.035        -0.032        -0.050        -0.035
 DIABETES      -0.028        -0.018        -0.027        -0.016        -0.030


           Covariances
              B_00          B_01          B_02          B_03          B_04
              ________      ________      ________      ________      ________
 B_00         109.275
 B_01          94.861       119.841
 B_02          94.345       100.870       124.756
 B_03          94.757       101.860       107.320       128.346
 B_04         102.585       106.835       116.844       119.752       151.424
 AGE_C70      -23.516       -22.348       -28.282       -29.266       -35.699
 EDU_C7         7.094         7.262         5.970         7.678         6.896
 HTM_C          0.128         0.124         0.144         0.164         0.143
 SMOKE          0.072         0.091        -0.037         0.330         0.068
 CARDIO        -0.061        -0.215        -0.290        -0.304        -0.079
 DIABETES      -0.129        -0.191        -0.379        -0.429        -0.216


           Covariances
              AGE_C70       EDU_C7        HTM_C         SMOKE         CARDIO
              ________      ________      ________      ________      ________
 AGE_C70       50.039
 EDU_C7        -0.034        13.082
 HTM_C         -0.071         0.069         0.006
 SMOKE         -0.450        -0.152         0.002         0.250
 CARDIO         0.189        -0.068        -0.002         0.016         0.183
 DIABETES      -0.255        -0.248         0.001         0.004         0.013


           Covariances
              DIABETES
              ________
 DIABETES       0.195


           Correlations
              A_00          A_01          A_02          A_03          A_04
              ________      ________      ________      ________      ________
 A_00           1.000
 A_01           0.908         1.000
 A_02           0.857         0.877         1.000
 A_03           0.860         0.882         0.867         1.000
 A_04           0.872         0.905         0.854         0.912         1.000
 B_00           0.274         0.276         0.257         0.261         0.287
 B_01           0.280         0.283         0.243         0.270         0.341
 B_02           0.298         0.312         0.282         0.290         0.328
 B_03           0.330         0.317         0.318         0.334         0.383
 B_04           0.301         0.309         0.286         0.309         0.365
 AGE_C70       -0.313        -0.294        -0.298        -0.375        -0.386
 EDU_C7         0.206         0.230         0.243         0.148         0.238
 HTM_C          0.286         0.323         0.319         0.331         0.256
 SMOKE         -0.105        -0.071         0.034         0.022         0.023
 CARDIO        -0.091        -0.138        -0.118        -0.186        -0.128
 DIABETES      -0.101        -0.067        -0.096        -0.059        -0.108


           Correlations
              B_00          B_01          B_02          B_03          B_04
              ________      ________      ________      ________      ________
 B_00           1.000
 B_01           0.829         1.000
 B_02           0.808         0.825         1.000
 B_03           0.800         0.821         0.848         1.000
 B_04           0.797         0.793         0.850         0.859         1.000
 AGE_C70       -0.318        -0.289        -0.358        -0.365        -0.410
 EDU_C7         0.188         0.183         0.148         0.187         0.155
 HTM_C          0.162         0.150         0.171         0.192         0.154
 SMOKE          0.014         0.017        -0.007         0.058         0.011
 CARDIO        -0.014        -0.046        -0.061        -0.063        -0.015
 DIABETES      -0.028        -0.040        -0.077        -0.086        -0.040


           Correlations
              AGE_C70       EDU_C7        HTM_C         SMOKE         CARDIO
              ________      ________      ________      ________      ________
 AGE_C70        1.000
 EDU_C7        -0.001         1.000
 HTM_C         -0.133         0.253         1.000
 SMOKE         -0.127        -0.084         0.060         1.000
 CARDIO         0.062        -0.044        -0.059         0.076         1.000
 DIABETES      -0.081        -0.155         0.041         0.017         0.069


           Correlations
              DIABETES
              ________
 DIABETES       1.000


     MAXIMUM LOG-LIKELIHOOD VALUE FOR THE UNRESTRICTED (H1) MODEL IS -8757.049


UNIVARIATE SAMPLE STATISTICS


     UNIVARIATE HIGHER-ORDER MOMENT DESCRIPTIVE STATISTICS

         Variable/         Mean/     Skewness/   Minimum/ % with                Percentiles
        Sample Size      Variance    Kurtosis    Maximum  Min/Max      20%/60%    40%/80%    Median

     A_00                  2.139      -0.162       0.420    0.27%       1.580      2.005      2.157
             364.000       0.413      -0.345       3.930    0.27%       2.320      2.705
     A_01                  2.144      -0.223       0.705    0.38%       1.600      2.035      2.178
             262.000       0.334      -0.456       3.605    0.38%       2.330      2.680
     A_02                  2.063      -0.073       0.585    0.46%       1.565      1.870      2.050
             217.000       0.379      -0.481       3.630    0.46%       2.265      2.615
     A_03                  2.029      -0.143       0.715    0.59%       1.555      1.935      2.050
             169.000       0.321      -0.237       3.490    0.59%       2.145      2.450
     A_04                  2.003      -0.172       0.435    0.68%       1.425      1.890      2.013
             146.000       0.301      -0.253       3.285    0.68%       2.160      2.495
     B_00                 30.018       0.020       0.000    0.46%      22.000     27.000     30.000
             438.000     108.443       0.052      64.000    0.23%      33.000     39.000
     B_01                 30.198       0.019       0.000    0.26%      21.000     28.000     30.000
             379.000     114.343       0.143      67.000    0.26%      33.000     39.000
     B_02                 29.878       0.016       0.000    0.31%      21.000     27.000     30.000
             320.000     112.032      -0.056      61.000    0.31%      33.000     38.000
     B_03                 30.136      -0.027       1.000    0.36%      22.000     28.000     30.000
             280.000     105.867       0.093      58.000    0.36%      32.000     39.000
     B_04                 29.430      -0.100       0.000    0.83%      19.000     27.000     30.000
             242.000     121.609      -0.247      55.000    0.83%      32.000     39.000
     AGE_C70              10.494      -0.488     -12.094    0.23%       5.020      9.562     11.569
             439.000      50.039       0.190      28.508    0.23%      12.927     16.168
     EDU_C7                8.538      -0.276      -7.000    0.23%       5.000      8.000      9.000
             439.000      13.082       1.690      21.000    0.46%       9.000     11.000
     HTM_C                 0.015      -0.449      -0.298    0.23%      -0.044      0.007      0.020
             439.000       0.006       0.560       0.185    0.91%       0.033      0.083
     SMOKE                 0.499       0.005       0.000   50.11%       0.000      0.000      0.000
             439.000       0.250      -2.000       1.000   49.89%       1.000      1.000
     CARDIO                0.241       1.208       0.000   75.85%       0.000      0.000      0.000
             439.000       0.183      -0.540       1.000   24.15%       0.000      1.000
     DIABETES              0.267       1.056       0.000   73.35%       0.000      0.000      0.000
             439.000       0.195      -0.885       1.000   26.65%       0.000      1.000


THE MODEL ESTIMATION TERMINATED NORMALLY



MODEL FIT INFORMATION

Number of Free Parameters                       41

Loglikelihood

          H0 Value                       -5862.675
          H0 Scaling Correction Factor      1.0844
            for MLR

Information Criteria

          Akaike (AIC)                   11807.349
          Bayesian (BIC)                 11974.814
          Sample-Size Adjusted BIC       11844.700
            (n* = (n + 2) / 24)



MODEL RESULTS

                                                    Two-Tailed
                    Estimate       S.E.  Est./S.E.    P-Value

 IA         ON
    AGE_C70           -0.026      0.004     -6.900      0.000
    EDU_C7             0.022      0.008      2.727      0.006
    HTM_C              1.935      0.370      5.233      0.000
    SMOKE             -0.174      0.056     -3.108      0.002
    CARDIO            -0.068      0.068     -1.002      0.317
    DIABETES          -0.144      0.069     -2.085      0.037

 SA         ON
    AGE_C70           -0.001      0.001     -1.314      0.189
    EDU_C7             0.000      0.002     -0.037      0.970
    HTM_C             -0.012      0.109     -0.112      0.911
    SMOKE              0.053      0.012      4.423      0.000
    CARDIO            -0.026      0.014     -1.899      0.058
    DIABETES           0.006      0.013      0.459      0.646

 IB         ON
    AGE_C70           -0.435      0.060     -7.251      0.000
    EDU_C7             0.451      0.140      3.215      0.001
    HTM_C             11.631      6.136      1.896      0.058
    SMOKE             -0.420      0.909     -0.461      0.644
    CARDIO             0.080      0.959      0.084      0.933
    DIABETES          -0.922      1.016     -0.907      0.364

 SB         ON
    AGE_C70           -0.059      0.014     -4.221      0.000
    EDU_C7            -0.009      0.032     -0.280      0.780
    HTM_C              0.729      1.400      0.521      0.603
    SMOKE             -0.005      0.202     -0.026      0.979
    CARDIO            -0.039      0.245     -0.160      0.873
    DIABETES          -0.335      0.233     -1.434      0.152

 IA       WITH
    SA                -0.004      0.003     -1.278      0.201
    IB                 0.782      0.298      2.624      0.009
    SB                 0.053      0.063      0.847      0.397

 SA       WITH
    IB                -0.027      0.062     -0.426      0.670
    SB                 0.006      0.011      0.529      0.597

 IB       WITH
    SB                 0.793      1.172      0.677      0.498

 A_00     WITH
    B_00               0.028      0.040      0.715      0.475

 A_01     WITH
    B_01               0.028      0.040      0.715      0.475

 A_02     WITH
    B_02               0.028      0.040      0.715      0.475

 A_03     WITH
    B_03               0.028      0.040      0.715      0.475

 A_04     WITH
    B_04               0.028      0.040      0.715      0.475

 Intercepts
    A_00               0.000      0.000    999.000    999.000
    A_01               0.000      0.000    999.000    999.000
    A_02               0.000      0.000    999.000    999.000
    A_03               0.000      0.000    999.000    999.000
    A_04               0.000      0.000    999.000    999.000
    B_00               0.000      0.000    999.000    999.000
    B_01               0.000      0.000    999.000    999.000
    B_02               0.000      0.000    999.000    999.000
    B_03               0.000      0.000    999.000    999.000
    B_04               0.000      0.000    999.000    999.000
    IA                 2.327      0.101     22.976      0.000
    SA                -0.065      0.021     -3.085      0.002
    IB                31.103      1.529     20.344      0.000
    SB                 0.072      0.355      0.204      0.839

 Residual Variances
    A_00               0.042      0.004      9.531      0.000
    A_01               0.042      0.004      9.531      0.000
    A_02               0.042      0.004      9.531      0.000
    A_03               0.042      0.004      9.531      0.000
    A_04               0.042      0.004      9.531      0.000
    B_00              19.738      1.102     17.910      0.000
    B_01              19.738      1.102     17.910      0.000
    B_02              19.738      1.102     17.910      0.000
    B_03              19.738      1.102     17.910      0.000
    B_04              19.738      1.102     17.910      0.000
    IA                 0.266      0.022     12.029      0.000
    SA                 0.001      0.001      1.337      0.181
    IB                76.966      7.620     10.100      0.000
    SB                 0.980      0.293      3.348      0.001

New/Additional Parameters
    R_IAIB             0.173      0.062      2.769      0.006
    R_SASB             0.162      0.292      0.555      0.579
    R_RES_AB           0.031      0.043      0.720      0.472


QUALITY OF NUMERICAL RESULTS

     Condition Number for the Information Matrix              0.784E-07
       (ratio of smallest to largest eigenvalue)


CONFIDENCE INTERVALS OF MODEL RESULTS

                  Lower .5%  Lower 2.5%    Lower 5%    Estimate    Upper 5%  Upper 2.5%   Upper .5%

 IA       ON
    AGE_C70         -0.035      -0.033      -0.032      -0.026      -0.020      -0.018      -0.016
    EDU_C7           0.001       0.006       0.009       0.022       0.035       0.037       0.042
    HTM_C            0.983       1.210       1.327       1.935       2.544       2.660       2.888
    SMOKE           -0.318      -0.284      -0.266      -0.174      -0.082      -0.064      -0.030
    CARDIO          -0.243      -0.201      -0.180      -0.068       0.044       0.065       0.107
    DIABETES        -0.322      -0.280      -0.258      -0.144      -0.030      -0.009       0.034

 SA       ON
    AGE_C70         -0.003      -0.003      -0.003      -0.001       0.000       0.001       0.001
    EDU_C7          -0.005      -0.003      -0.003       0.000       0.003       0.003       0.004
    HTM_C           -0.292      -0.225      -0.191      -0.012       0.166       0.201       0.267
    SMOKE            0.022       0.029       0.033       0.053       0.072       0.076       0.083
    CARDIO          -0.062      -0.053      -0.049      -0.026      -0.004       0.001       0.009
    DIABETES        -0.028      -0.020      -0.016       0.006       0.028       0.032       0.040

 IB       ON
    AGE_C70         -0.589      -0.552      -0.533      -0.435      -0.336      -0.317      -0.280
    EDU_C7           0.090       0.176       0.220       0.451       0.681       0.726       0.812
    HTM_C           -4.173      -0.395       1.538      11.631      21.724      23.657      27.436
    SMOKE           -2.761      -2.201      -1.915      -0.420       1.076       1.362       1.922
    CARDIO          -2.389      -1.799      -1.497       0.080       1.658       1.960       2.550
    DIABETES        -3.540      -2.914      -2.594      -0.922       0.750       1.070       1.696

 SB       ON
    AGE_C70         -0.094      -0.086      -0.081      -0.059      -0.036      -0.031      -0.023
    EDU_C7          -0.092      -0.072      -0.062      -0.009       0.044       0.054       0.074
    HTM_C           -2.878      -2.015      -1.574       0.729       3.033       3.474       4.336
    SMOKE           -0.525      -0.401      -0.337      -0.005       0.327       0.390       0.514
    CARDIO          -0.669      -0.519      -0.442      -0.039       0.363       0.440       0.591
    DIABETES        -0.935      -0.792      -0.718      -0.335       0.049       0.123       0.266

 IA       WITH
    SA              -0.012      -0.010      -0.009      -0.004       0.001       0.002       0.004
    IB               0.014       0.198       0.292       0.782       1.272       1.366       1.549
    SB              -0.109      -0.070      -0.050       0.053       0.157       0.177       0.216

 SA       WITH
    IB              -0.187      -0.148      -0.129      -0.027       0.076       0.095       0.134
    SB              -0.023      -0.016      -0.012       0.006       0.024       0.027       0.034

 IB       WITH
    SB              -2.226      -1.504      -1.135       0.793       2.722       3.091       3.812

 A_00     WITH
    B_00            -0.074      -0.049      -0.037       0.028       0.094       0.106       0.131

 A_01     WITH
    B_01            -0.074      -0.049      -0.037       0.028       0.094       0.106       0.131

 A_02     WITH
    B_02            -0.074      -0.049      -0.037       0.028       0.094       0.106       0.131

 A_03     WITH
    B_03            -0.074      -0.049      -0.037       0.028       0.094       0.106       0.131

 A_04     WITH
    B_04            -0.074      -0.049      -0.037       0.028       0.094       0.106       0.131

 Intercepts
    A_00             0.000       0.000       0.000       0.000       0.000       0.000       0.000
    A_01             0.000       0.000       0.000       0.000       0.000       0.000       0.000
    A_02             0.000       0.000       0.000       0.000       0.000       0.000       0.000
    A_03             0.000       0.000       0.000       0.000       0.000       0.000       0.000
    A_04             0.000       0.000       0.000       0.000       0.000       0.000       0.000
    B_00             0.000       0.000       0.000       0.000       0.000       0.000       0.000
    B_01             0.000       0.000       0.000       0.000       0.000       0.000       0.000
    B_02             0.000       0.000       0.000       0.000       0.000       0.000       0.000
    B_03             0.000       0.000       0.000       0.000       0.000       0.000       0.000
    B_04             0.000       0.000       0.000       0.000       0.000       0.000       0.000
    IA               2.066       2.128       2.160       2.327       2.493       2.525       2.588
    SA              -0.119      -0.106      -0.099      -0.065      -0.030      -0.024      -0.011
    IB              27.165      28.106      28.588      31.103      33.618      34.099      35.041
    SB              -0.842      -0.624      -0.512       0.072       0.657       0.768       0.987

 Residual Variances
    A_00             0.031       0.034       0.035       0.042       0.050       0.051       0.054
    A_01             0.031       0.034       0.035       0.042       0.050       0.051       0.054
    A_02             0.031       0.034       0.035       0.042       0.050       0.051       0.054
    A_03             0.031       0.034       0.035       0.042       0.050       0.051       0.054
    A_04             0.031       0.034       0.035       0.042       0.050       0.051       0.054
    B_00            16.899      17.578      17.925      19.738      21.550      21.898      22.576
    B_01            16.899      17.578      17.925      19.738      21.550      21.898      22.576
    B_02            16.899      17.578      17.925      19.738      21.550      21.898      22.576
    B_03            16.899      17.578      17.925      19.738      21.550      21.898      22.576
    B_04            16.899      17.578      17.925      19.738      21.550      21.898      22.576
    IA               0.209       0.223       0.230       0.266       0.303       0.310       0.323
    SA              -0.001      -0.001       0.000       0.001       0.003       0.003       0.004
    IB              57.338      62.031      64.431      76.966      89.502      91.902      96.595
    SB               0.226       0.406       0.499       0.980       1.461       1.554       1.734

New/Additional Parameters
    R_IAIB           0.012       0.050       0.070       0.173       0.275       0.295       0.333
    R_SASB          -0.590      -0.410      -0.318       0.162       0.642       0.734       0.914
    R_RES_AB        -0.080      -0.053      -0.040       0.031       0.102       0.115       0.142


SAMPLE STATISTICS FOR ESTIMATED FACTOR SCORES


     SAMPLE STATISTICS


           Means
              IA            IA_SE         SA            SA_SE         IB
              ________      ________      ________      ________      ________
 1              2.131         0.174        -0.056         0.034        30.131


           Means
              IB_SE         SB            SB_SE
              ________      ________      ________
 1              2.704        -0.710         0.852


           Covariances
              IA            IA_SE         SA            SA_SE         IB
              ________      ________      ________      ________      ________
 IA             0.307
 IA_SE         -0.005         0.011
 SA            -0.002         0.000         0.001
 SA_SE          0.000         0.000         0.000         0.000
 IB             1.746        -0.120         0.010        -0.003        83.777
 IB_SE         -0.045         0.023         0.001         0.000        -0.901
 SB             0.146        -0.007         0.006         0.000         3.006
 SB_SE         -0.010         0.004         0.000         0.000        -0.178


           Covariances
              IB_SE         SB            SB_SE
              ________      ________      ________
 IB_SE          0.257
 SB            -0.032         0.439
 SB_SE          0.033        -0.010         0.007


           Correlations
              IA            IA_SE         SA            SA_SE         IB
              ________      ________      ________      ________      ________
 IA             1.000
 IA_SE         -0.076         1.000
 SA            -0.111         0.009         1.000
 SA_SE         -0.123         0.568         0.006         1.000
 IB             0.344        -0.123         0.034        -0.170         1.000
 IB_SE         -0.161         0.433         0.050         0.471        -0.194
 SB             0.399        -0.097         0.277        -0.132         0.496
 SB_SE         -0.207         0.414         0.003         0.617        -0.234


           Correlations
              IB_SE         SB            SB_SE
              ________      ________      ________
 IB_SE          1.000
 SB            -0.096         1.000
 SB_SE          0.778        -0.182         1.000


RESULTS SAVING INFORMATION

  Order of data

    Parameter estimates
     (saved in order shown in Technical 1 output)
    Standard errors
     (saved in order shown in Technical 1 output)
    H0 Loglikelihood
    H0 Scaling Correction Factor for MLR
    Number of Free Parameters
    Akaike (AIC)
    Bayesian (BIC)
    Sample-Size Adjusted BIC
    Condition Number

  Save file
    b1_male_aehplus_fev_catfluency_results.dat

  Save file format           Free


PLOT INFORMATION

The following plots are available:

  Histograms (sample values, estimated factor scores)
  Scatterplots (sample values, estimated factor scores)
  Latent variable distribution plots

SAVEDATA INFORMATION


  Save file
    b1_male_aehplus_fev_catfluency_fscores.dat

  Order and format of variables

    A_00           F10.3
    A_01           F10.3
    A_02           F10.3
    A_03           F10.3
    A_04           F10.3
    B_00           F10.3
    B_01           F10.3
    B_02           F10.3
    B_03           F10.3
    B_04           F10.3
    AGE_C70        F10.3
    EDU_C7         F10.3
    HTM_C          F10.3
    SMOKE          F10.3
    CARDIO         F10.3
    DIABETES       F10.3
    TIME_00        F10.3
    TIME_01        F10.3
    TIME_02        F10.3
    TIME_03        F10.3
    TIME_04        F10.3
    IA             F10.3
    IA_SE          F10.3
    SA             F10.3
    SA_SE          F10.3
    IB             F10.3
    IB_SE          F10.3
    SB             F10.3
    SB_SE          F10.3

  Save file format
    29F10.3

  Save file record length    10000


     Beginning Time:  21:23:17
        Ending Time:  21:23:21
       Elapsed Time:  00:00:04



MUTHEN & MUTHEN
3463 Stoner Ave.
Los Angeles, CA  90066

Tel: (310) 391-9971
Fax: (310) 391-8971
Web: www.StatModel.com
Support: Support@StatModel.com

Copyright (c) 1998-2015 Muthen & Muthen
