Mplus VERSION 7.4 (Mac)
MUTHEN & MUTHEN
02/08/2017  10:45 PM

INPUT INSTRUCTIONS

  TITLE:
  Script produced from the prototype in ./sandbox/syntax-creator/
  DATA:
  File = wide-dataset.dat ;
  VARIABLE:
  NAMES are
   id male age_c70 edu_c7 htm_c smoke cardio diabetes dementia_ever
      dementia_baseline bnt_00 bnt_01 bnt_02 bnt_03 bnt_04 bnt_05 bnt_06 bnt_07
      bnt_08 bnt_09 bnt_10 bnt_11 bnt_12 bnt_13 bnt_14 bnt_15 bnt_16 bnt_17
      bnt_18 bostordel_00 bostordel_01 bostordel_02 bostordel_03 bostordel_04
      bostordel_05 bostordel_06 bostordel_07 bostordel_08 bostordel_09 bostordel_10
      bostordel_11 bostordel_12 bostordel_13 bostordel_14 bostordel_15 bostordel_16
      bostordel_17 bostordel_18 bostorim_00 bostorim_01 bostorim_02 bostorim_03
      bostorim_04 bostorim_05 bostorim_06 bostorim_07 bostorim_08 bostorim_09
      bostorim_10 bostorim_11 bostorim_12 bostorim_13 bostorim_14 bostorim_15
      bostorim_16 bostorim_17 bostorim_18 catfluency_00 catfluency_01 catfluency_02
      catfluency_03 catfluency_04 catfluency_05 catfluency_06 catfluency_07
      catfluency_08 catfluency_09 catfluency_10 catfluency_11 catfluency_12
      catfluency_13 catfluency_14 catfluency_15 catfluency_16 catfluency_17
      catfluency_18 complexideas_00 complexideas_01 complexideas_02 complexideas_03
      complexideas_04 complexideas_05 complexideas_06 complexideas_07 complexideas_08
      complexideas_09 complexideas_10 complexideas_11 complexideas_12 complexideas_13
      complexideas_14 complexideas_15 complexideas_16 complexideas_17 complexideas_18
      digitbackward_00 digitbackward_01 digitbackward_02 digitbackward_03
      digitbackward_04 digitbackward_05 digitbackward_06 digitbackward_07
      digitbackward_08 digitbackward_09 digitbackward_10 digitbackward_11
      digitbackward_12 digitbackward_13 digitbackward_14 digitbackward_15
      digitbackward_16 digitbackward_17 digitbackward_18 digitforward_00
      digitforward_01 digitforward_02 digitforward_03 digitforward_04 digitforward_05
      digitforward_06 digitforward_07 digitforward_08 digitforward_09 digitforward_10
      digitforward_11 digitforward_12 digitforward_13 digitforward_14 digitforward_15
      digitforward_16 digitforward_17 digitforward_18 digitorder_00 digitorder_01
      digitorder_02 digitorder_03 digitorder_04 digitorder_05 digitorder_06
      digitorder_07 digitorder_08 digitorder_09 digitorder_10 digitorder_11
      digitorder_12 digitorder_13 digitorder_14 digitorder_15 digitorder_16
      digitorder_17 digitorder_18 fev_00 fev_01 fev_02 fev_03 fev_04 fev_05 fev_06
      fev_07 fev_08 fev_09 fev_10 fev_11 fev_12 fev_13 fev_14 fev_15 fev_16 fev_17
      fev_18 fev100_00 fev100_01 fev100_02 fev100_03 fev100_04 fev100_05 fev100_06
      fev100_07 fev100_08 fev100_09 fev100_10 fev100_11 fev100_12 fev100_13 fev100_14
      fev100_15 fev100_16 fev100_17 fev100_18 gait_00 gait_01 gait_02 gait_03 gait_04
      gait_05 gait_06 gait_07 gait_08 gait_09 gait_10 gait_11 gait_12 gait_13 gait_14
      gait_15 gait_16 gait_17 gait_18 grip_00 grip_01 grip_02 grip_03 grip_04 grip_05
      grip_06 grip_07 grip_08 grip_09 grip_10 grip_11 grip_12 grip_13 grip_14 grip_15
      grip_16 grip_17 grip_18 lineorientation_00 lineorientation_01 lineorientation_02
      lineorientation_03 lineorientation_04 lineorientation_05 lineorientation_06
      lineorientation_07 lineorientation_08 lineorientation_09 lineorientation_10
      lineorientation_11 lineorientation_12 lineorientation_13 lineorientation_14
      lineorientation_15 lineorientation_16 lineorientation_17 lineorientation_18
      logimemdel_00 logimemdel_01 logimemdel_02 logimemdel_03 logimemdel_04
      logimemdel_05 logimemdel_06 logimemdel_07 logimemdel_08 logimemdel_09
      logimemdel_10 logimemdel_11 logimemdel_12 logimemdel_13 logimemdel_14
      logimemdel_15 logimemdel_16 logimemdel_17 logimemdel_18 logimemim_00
      logimemim_01 logimemim_02 logimemim_03 logimemim_04 logimemim_05 logimemim_06
      logimemim_07 logimemim_08 logimemim_09 logimemim_10 logimemim_11 logimemim_12
      logimemim_13 logimemim_14 logimemim_15 logimemim_16 logimemim_17 logimemim_18
      matrices_00 matrices_01 matrices_02 matrices_03 matrices_04 matrices_05
      matrices_06 matrices_07 matrices_08 matrices_09 matrices_10 matrices_11
      matrices_12 matrices_13 matrices_14 matrices_15 matrices_16 matrices_17
      matrices_18 mmse_00 mmse_01 mmse_02 mmse_03 mmse_04 mmse_05 mmse_06 mmse_07
      mmse_08 mmse_09 mmse_10 mmse_11 mmse_12 mmse_13 mmse_14 mmse_15 mmse_16 mmse_17
      mmse_18 nart_00 nart_01 nart_02 nart_03 nart_04 nart_05 nart_06 nart_07 nart_08
      nart_09 nart_10 nart_11 nart_12 nart_13 nart_14 nart_15 nart_16 nart_17 nart_18
      numbercomparison_00 numbercomparison_01 numbercomparison_02 numbercomparison_03
      numbercomparison_04 numbercomparison_05 numbercomparison_06 numbercomparison_07
      numbercomparison_08 numbercomparison_09 numbercomparison_10 numbercomparison_11
      numbercomparison_12 numbercomparison_13 numbercomparison_14 numbercomparison_15
      numbercomparison_16 numbercomparison_17 numbercomparison_18 symbol_00
      symbol_01 symbol_02 symbol_03 symbol_04 symbol_05 symbol_06 symbol_07 symbol_08
      symbol_09 symbol_10 symbol_11 symbol_12 symbol_13 symbol_14 symbol_15 symbol_16
      symbol_17 symbol_18 wordlistdel_00 wordlistdel_01 wordlistdel_02 wordlistdel_03
      wordlistdel_04 wordlistdel_05 wordlistdel_06 wordlistdel_07 wordlistdel_08
      wordlistdel_09 wordlistdel_10 wordlistdel_11 wordlistdel_12 wordlistdel_13
      wordlistdel_14 wordlistdel_15 wordlistdel_16 wordlistdel_17 wordlistdel_18
      wordlistim_00 wordlistim_01 wordlistim_02 wordlistim_03 wordlistim_04
      wordlistim_05 wordlistim_06 wordlistim_07 wordlistim_08 wordlistim_09
      wordlistim_10 wordlistim_11 wordlistim_12 wordlistim_13 wordlistim_14
      wordlistim_15 wordlistim_16 wordlistim_17 wordlistim_18 wordlistrecog_00
      wordlistrecog_01 wordlistrecog_02 wordlistrecog_03 wordlistrecog_04
      wordlistrecog_05 wordlistrecog_06 wordlistrecog_07 wordlistrecog_08
      wordlistrecog_09 wordlistrecog_10 wordlistrecog_11 wordlistrecog_12
      wordlistrecog_13 wordlistrecog_14 wordlistrecog_15 wordlistrecog_16
      wordlistrecog_17 wordlistrecog_18 years_since_bl_00 years_since_bl_01
      years_since_bl_02 years_since_bl_03 years_since_bl_04 years_since_bl_05
      years_since_bl_06 years_since_bl_07 years_since_bl_08 years_since_bl_09
      years_since_bl_10 years_since_bl_11 years_since_bl_12 years_since_bl_13
      years_since_bl_14 years_since_bl_15 years_since_bl_16 years_since_bl_17
      years_since_bl_18
  	;
  Missing are all (-9999);
  USEVARIABLES are
  	!define the variables used in the analysis
  	! covariates used in the model
  age_c70
  edu_c7
  htm_c
  smoke
  cardio
  diabetes	
  	!estimated time points
  time_00
  time_01
  time_02
  time_03
  time_04
  	!modelled time points of process (A)
  a_00
  a_01
  a_02
  a_03
  a_04
  	!modelled time points of process (B)
  b_00
  b_01
  b_02
  b_03
  b_04
  ;
  TSCORES are
  	!estimated time points
  time_00
  time_01
  time_02
  time_03
  time_04;
  USEOBSERVATIONS are
  	!select a subset of observations
  male EQ 1
  and
  dementia_baseline NE 1
  ;
  DEFINE:
  	! assign variables to the process (A)
  a_00=grip_00;
  a_01=grip_01;
  a_02=grip_02;
  a_03=grip_03;
  a_04=grip_04;
  	! assign variables to the process (B)
  b_00=digitbackward_00;
  b_01=digitbackward_01;
  b_02=digitbackward_02;
  b_03=digitbackward_03;
  b_04=digitbackward_04;
  	!assign variables to time points
  time_00=years_since_bl_00;
  time_01=years_since_bl_01;
  time_02=years_since_bl_02;
  time_03=years_since_bl_03;
  time_04=years_since_bl_04;
  	
  ANALYSIS:
  TYPE = RANDOM;
  COVERAGE=.00;
  MODEL:
  	!first-level equation
  	! assign process (A) to time points
  ia sa | a_00 AT time_00 ;
  ia sa | a_01 AT time_01 ;
  ia sa | a_02 AT time_02 ;
  ia sa | a_03 AT time_03 ;
  ia sa | a_04 AT time_04 ;
  	! assign process (B) to time points
  ib sb | b_00 AT time_00 ;
  ib sb | b_01 AT time_01 ;
  ib sb | b_02 AT time_02 ;
  ib sb | b_03 AT time_03 ;
  ib sb | b_04 AT time_04 ;
  	!variance of the first-level terms
  ia (v_ia);
  sa (v_sa);
  ib (v_ib);
  sb (v_sb);
  	!covariance among first-level terms
  ia WITH sa (c_iasa);
  ia WITH ib (c_iaib);
  ia WITH sb (c_iasb);
  sa WITH ib (c_saib);
  sa WITH sb (c_sasb);
  ib WITH sb (c_ibsb);
  	!second-level equation
  ia sa ib sb ON age_c70
  edu_c7
  htm_c
  smoke
  cardio
  diabetes;
  	!residual covariance of process (A)
  a_00 (res_a);
  a_01 (res_a);
  a_02 (res_a);
  a_03 (res_a);
  a_04 (res_a);	
  	!residual covariance of process (B)
  b_00 (res_b);
  b_01 (res_b);
  b_02 (res_b);
  b_03 (res_b);
  b_04 (res_b);	
  	!Paired covariances constrained to be equal across t
  a_00 pwith b_00 (res_cov);
  a_01 pwith b_01 (res_cov);
  a_02 pwith b_02 (res_cov);
  a_03 pwith b_03 (res_cov);
  a_04 pwith b_04 (res_cov);	
  MODEL CONSTRAINT:
  	!assigns labels to new parameters;
  NEW r_iaib;
  NEW r_sasb;
  NEW r_res_ab;
  	!compute confidence intervals for correlation coefficients;
  r_iaib = c_iaib/((v_ia**0.5)*(v_ib**0.5));
  r_sasb = c_sasb/((v_sa**0.5)*(v_sb**0.5));
  r_res_ab = res_cov/((res_a**0.5)*(res_b**0.5));
  SAVEDATA:
  FILE is   b1_male_aehplus_grip_digitbackward_fscores.dat;
  SAVE = FSCORES;
  RESULTS are   b1_male_aehplus_grip_digitbackward_results.dat;
  	
  OUTPUT: sampstat cinterval;
  PLOT: Type is Plot1 Plot2 Plot3;



*** WARNING
  Data set contains cases with missing on x-variables.
  These cases were not included in the analysis.
  Number of cases with missing on x-variables:  43
   1 WARNING(S) FOUND IN THE INPUT INSTRUCTIONS




Script produced from the prototype in ./sandbox/syntax-creator/

SUMMARY OF ANALYSIS

Number of groups                                                 1
Number of observations                                         399

Number of dependent variables                                   10
Number of independent variables                                  6
Number of continuous latent variables                            4

Observed dependent variables

  Continuous
   A_00        A_01        A_02        A_03        A_04        B_00
   B_01        B_02        B_03        B_04

Observed independent variables
   AGE_C70     EDU_C7      HTM_C       SMOKE       CARDIO      DIABETES

Continuous latent variables
   IA          SA          IB          SB

Variables with special functions

  Time scores
   TIME_00     TIME_01     TIME_02     TIME_03     TIME_04


Estimator                                                      MLR
Information matrix                                        OBSERVED
Maximum number of iterations                                   100
Convergence criterion                                    0.100D-05
Maximum number of EM iterations                                500
Convergence criteria for the EM algorithm
  Loglikelihood change                                   0.100D-02
  Relative loglikelihood change                          0.100D-05
  Derivative                                             0.100D-03
Minimum variance                                         0.100D-03
Maximum number of steepest descent iterations                   20
Maximum number of iterations for H1                           2000
Convergence criterion for H1                             0.100D-03
Optimization algorithm                                         EMA

Input data file(s)
  wide-dataset.dat
Input data format  FREE


SUMMARY OF DATA

     Number of missing data patterns            56


COVARIANCE COVERAGE OF DATA

Minimum covariance coverage value   0.000


     PROPORTION OF DATA PRESENT


           Covariance Coverage
              A_00          A_01          A_02          A_03          A_04
              ________      ________      ________      ________      ________
 A_00           0.850
 A_01           0.619         0.627
 A_02           0.514         0.481         0.521
 A_03           0.421         0.383         0.383         0.516
 A_04           0.268         0.231         0.238         0.326         0.353
 B_00           0.850         0.627         0.521         0.516         0.353
 B_01           0.747         0.624         0.516         0.506         0.346
 B_02           0.647         0.566         0.519         0.504         0.346
 B_03           0.581         0.501         0.481         0.514         0.348
 B_04           0.494         0.429         0.409         0.464         0.351
 AGE_C70        0.850         0.627         0.521         0.516         0.353
 EDU_C7         0.850         0.627         0.521         0.516         0.353
 HTM_C          0.850         0.627         0.521         0.516         0.353
 SMOKE          0.850         0.627         0.521         0.516         0.353
 CARDIO         0.850         0.627         0.521         0.516         0.353
 DIABETES       0.850         0.627         0.521         0.516         0.353


           Covariance Coverage
              B_00          B_01          B_02          B_03          B_04
              ________      ________      ________      ________      ________
 B_00           1.000
 B_01           0.877         0.877
 B_02           0.759         0.747         0.759
 B_03           0.677         0.662         0.652         0.677
 B_04           0.584         0.571         0.561         0.569         0.584
 AGE_C70        1.000         0.877         0.759         0.677         0.584
 EDU_C7         1.000         0.877         0.759         0.677         0.584
 HTM_C          1.000         0.877         0.759         0.677         0.584
 SMOKE          1.000         0.877         0.759         0.677         0.584
 CARDIO         1.000         0.877         0.759         0.677         0.584
 DIABETES       1.000         0.877         0.759         0.677         0.584


           Covariance Coverage
              AGE_C70       EDU_C7        HTM_C         SMOKE         CARDIO
              ________      ________      ________      ________      ________
 AGE_C70        1.000
 EDU_C7         1.000         1.000
 HTM_C          1.000         1.000         1.000
 SMOKE          1.000         1.000         1.000         1.000
 CARDIO         1.000         1.000         1.000         1.000         1.000
 DIABETES       1.000         1.000         1.000         1.000         1.000


           Covariance Coverage
              DIABETES
              ________
 DIABETES       1.000


SAMPLE STATISTICS


     ESTIMATED SAMPLE STATISTICS


           Means
              A_00          A_01          A_02          A_03          A_04
              ________      ________      ________      ________      ________
 1             67.830        66.344        64.575        62.912        59.960


           Means
              B_00          B_01          B_02          B_03          B_04
              ________      ________      ________      ________      ________
 1              6.100         6.102         6.092         5.933         6.025


           Means
              AGE_C70       EDU_C7        HTM_C         SMOKE         CARDIO
              ________      ________      ________      ________      ________
 1             10.079         8.554         0.017         0.511         0.236


           Means
              DIABETES
              ________
 1              0.261


           Covariances
              A_00          A_01          A_02          A_03          A_04
              ________      ________      ________      ________      ________
 A_00         349.946
 A_01         320.487       351.707
 A_02         331.851       338.013       410.357
 A_03         318.855       331.779       368.540       390.661
 A_04         300.309       308.670       341.070       344.844       346.162
 B_00           3.849         4.776         6.591         4.112         4.448
 B_01           4.555         6.906         6.651         5.919         5.592
 B_02           5.709         7.407        10.241         6.133         6.518
 B_03           9.190        10.967        12.915        12.518        11.396
 B_04           8.658        12.264        12.319        12.572        13.021
 AGE_C70      -52.840       -56.506       -60.336       -61.345       -58.476
 EDU_C7         5.393         9.089         8.431         4.369         6.758
 HTM_C          0.510         0.542         0.554         0.466         0.442
 SMOKE          0.674         0.974         0.704         0.610         0.991
 CARDIO        -0.881        -0.594        -0.998        -0.981        -0.393
 DIABETES      -0.014        -0.223         0.335         0.494         0.105


           Covariances
              B_00          B_01          B_02          B_03          B_04
              ________      ________      ________      ________      ________
 B_00           4.276
 B_01           2.896         4.688
 B_02           2.627         2.998         4.209
 B_03           2.725         3.339         3.092         4.868
 B_04           2.730         3.486         3.149         3.787         5.543
 AGE_C70       -1.553        -2.936        -3.111        -3.201        -3.212
 EDU_C7         2.077         2.218         2.038         2.023         2.241
 HTM_C          0.020         0.012         0.028         0.027         0.019
 SMOKE          0.031        -0.079         0.029        -0.011         0.011
 CARDIO         0.027         0.023        -0.015        -0.014         0.003
 DIABETES      -0.024         0.033        -0.026        -0.021        -0.044


           Covariances
              AGE_C70       EDU_C7        HTM_C         SMOKE         CARDIO
              ________      ________      ________      ________      ________
 AGE_C70       49.994
 EDU_C7         0.067        12.548
 HTM_C         -0.063         0.067         0.006
 SMOKE         -0.327        -0.155         0.002         0.250
 CARDIO         0.136        -0.025        -0.001         0.022         0.180
 DIABETES      -0.315        -0.194         0.001         0.005         0.001


           Covariances
              DIABETES
              ________
 DIABETES       0.193


           Correlations
              A_00          A_01          A_02          A_03          A_04
              ________      ________      ________      ________      ________
 A_00           1.000
 A_01           0.914         1.000
 A_02           0.876         0.890         1.000
 A_03           0.862         0.895         0.920         1.000
 A_04           0.863         0.885         0.905         0.938         1.000
 B_00           0.100         0.123         0.157         0.101         0.116
 B_01           0.112         0.170         0.152         0.138         0.139
 B_02           0.149         0.193         0.246         0.151         0.171
 B_03           0.223         0.265         0.289         0.287         0.278
 B_04           0.197         0.278         0.258         0.270         0.297
 AGE_C70       -0.399        -0.426        -0.421        -0.439        -0.445
 EDU_C7         0.081         0.137         0.117         0.062         0.103
 HTM_C          0.361         0.383         0.362         0.313         0.314
 SMOKE          0.072         0.104         0.069         0.062         0.107
 CARDIO        -0.111        -0.075        -0.116        -0.117        -0.050
 DIABETES      -0.002        -0.027         0.038         0.057         0.013


           Correlations
              B_00          B_01          B_02          B_03          B_04
              ________      ________      ________      ________      ________
 B_00           1.000
 B_01           0.647         1.000
 B_02           0.619         0.675         1.000
 B_03           0.597         0.699         0.683         1.000
 B_04           0.561         0.684         0.652         0.729         1.000
 AGE_C70       -0.106        -0.192        -0.214        -0.205        -0.193
 EDU_C7         0.284         0.289         0.280         0.259         0.269
 HTM_C          0.129         0.073         0.182         0.161         0.107
 SMOKE          0.030        -0.073         0.028        -0.010         0.010
 CARDIO         0.030         0.026        -0.017        -0.015         0.003
 DIABETES      -0.026         0.034        -0.029        -0.022        -0.042


           Correlations
              AGE_C70       EDU_C7        HTM_C         SMOKE         CARDIO
              ________      ________      ________      ________      ________
 AGE_C70        1.000
 EDU_C7         0.003         1.000
 HTM_C         -0.118         0.251         1.000
 SMOKE         -0.093        -0.088         0.047         1.000
 CARDIO         0.045        -0.017        -0.040         0.106         1.000
 DIABETES      -0.101        -0.125         0.044         0.021         0.007


           Correlations
              DIABETES
              ________
 DIABETES       1.000


     MAXIMUM LOG-LIKELIHOOD VALUE FOR THE UNRESTRICTED (H1) MODEL IS -9765.724


UNIVARIATE SAMPLE STATISTICS


     UNIVARIATE HIGHER-ORDER MOMENT DESCRIPTIVE STATISTICS

         Variable/         Mean/     Skewness/   Minimum/ % with                Percentiles
        Sample Size      Variance    Kurtosis    Maximum  Min/Max      20%/60%    40%/80%    Median

     A_00                 67.695      -0.089       0.000    0.29%      52.500     63.250     67.250
             339.000     359.696       0.401     124.250    0.29%      73.500     83.250
     A_01                 67.180       0.009      12.000    0.40%      52.750     62.750     66.875
             250.000     305.763       0.466     130.250    0.40%      73.000     80.250
     A_02                 66.455      -0.098       0.000    0.48%      51.000     62.250     67.250
             208.000     374.186       0.625     127.500    0.48%      72.500     80.500
     A_03                 64.343       0.058       0.000    0.49%      47.750     59.750     65.250
             206.000     353.555       0.585     125.000    0.49%      70.250     78.000
     A_04                 62.863       0.136      16.500    0.71%      47.000     59.000     62.250
             141.000     295.439      -0.113     111.500    0.71%      66.500     76.750
     B_00                  6.100       0.298       0.000    0.25%       4.000      6.000      6.000
             399.000       4.276      -0.123      12.000    0.25%       6.000      8.000
     B_01                  6.094       0.321       1.000    0.29%       4.000      5.000      6.000
             350.000       4.548      -0.304      12.000    0.57%       6.000      8.000
     B_02                  6.172       0.393       2.000    2.64%       4.000      6.000      6.000
             303.000       4.089      -0.193      11.000    2.64%       6.000      8.000
     B_03                  6.111       0.295       1.000    0.37%       4.000      5.000      6.000
             270.000       4.580      -0.138      12.000    0.74%       6.000      8.000
     B_04                  6.206       0.193       0.000    0.86%       4.000      5.000      6.000
             233.000       5.039       0.020      12.000    1.29%       7.000      8.000
     AGE_C70              10.079      -0.494     -12.094    0.25%       4.335      9.050     10.914
             399.000      49.994       0.134      28.508    0.25%      12.543     15.744
     EDU_C7                8.554      -0.285      -7.000    0.25%       5.000      8.000      9.000
             399.000      12.548       2.013      21.000    0.50%       9.000     11.000
     HTM_C                 0.017      -0.486      -0.298    0.25%      -0.044      0.007      0.033
             399.000       0.006       0.610       0.185    1.00%       0.033      0.083
     SMOKE                 0.511      -0.045       0.000   48.87%       0.000      0.000      1.000
             399.000       0.250      -1.998       1.000   51.13%       1.000      1.000
     CARDIO                0.236       1.246       0.000   76.44%       0.000      0.000      0.000
             399.000       0.180      -0.447       1.000   23.56%       0.000      1.000
     DIABETES              0.261       1.090       0.000   73.93%       0.000      0.000      0.000
             399.000       0.193      -0.811       1.000   26.07%       0.000      1.000


THE MODEL ESTIMATION TERMINATED NORMALLY



MODEL FIT INFORMATION

Number of Free Parameters                       41

Loglikelihood

          H0 Value                       -7149.850
          H0 Scaling Correction Factor      1.0920
            for MLR

Information Criteria

          Akaike (AIC)                   14381.699
          Bayesian (BIC)                 14545.247
          Sample-Size Adjusted BIC       14415.152
            (n* = (n + 2) / 24)



MODEL RESULTS

                                                    Two-Tailed
                    Estimate       S.E.  Est./S.E.    P-Value

 IA         ON
    AGE_C70           -0.959      0.118     -8.131      0.000
    EDU_C7             0.056      0.236      0.238      0.812
    HTM_C             79.216     10.716      7.392      0.000
    SMOKE              1.569      1.668      0.941      0.347
    CARDIO            -3.723      2.077     -1.793      0.073
    DIABETES          -2.411      1.968     -1.225      0.221

 SA         ON
    AGE_C70           -0.059      0.034     -1.774      0.076
    EDU_C7             0.038      0.061      0.634      0.526
    HTM_C             -2.512      2.521     -0.996      0.319
    SMOKE              0.069      0.395      0.174      0.862
    CARDIO             0.305      0.531      0.575      0.565
    DIABETES           0.511      0.406      1.258      0.209

 IB         ON
    AGE_C70           -0.037      0.015     -2.536      0.011
    EDU_C7             0.167      0.027      6.175      0.000
    HTM_C              0.880      1.288      0.683      0.495
    SMOKE              0.042      0.187      0.225      0.822
    CARDIO             0.165      0.196      0.843      0.399
    DIABETES           0.079      0.195      0.403      0.687

 SB         ON
    AGE_C70           -0.008      0.004     -2.056      0.040
    EDU_C7            -0.003      0.008     -0.310      0.757
    HTM_C              0.178      0.419      0.424      0.671
    SMOKE             -0.023      0.057     -0.406      0.685
    CARDIO            -0.030      0.069     -0.437      0.662
    DIABETES          -0.051      0.062     -0.829      0.407

 IA       WITH
    SA                -1.906      3.479     -0.548      0.584
    IB                -0.046      1.732     -0.026      0.979
    SB                 1.198      0.490      2.444      0.015

 SA       WITH
    IB                 0.289      0.348      0.830      0.406
    SB                 0.096      0.098      0.984      0.325

 IB       WITH
    SB                -0.025      0.053     -0.482      0.630

 A_00     WITH
    B_00               0.988      0.291      3.398      0.001

 A_01     WITH
    B_01               0.988      0.291      3.398      0.001

 A_02     WITH
    B_02               0.988      0.291      3.398      0.001

 A_03     WITH
    B_03               0.988      0.291      3.398      0.001

 A_04     WITH
    B_04               0.988      0.291      3.398      0.001

 Intercepts
    A_00               0.000      0.000    999.000    999.000
    A_01               0.000      0.000    999.000    999.000
    A_02               0.000      0.000    999.000    999.000
    A_03               0.000      0.000    999.000    999.000
    A_04               0.000      0.000    999.000    999.000
    B_00               0.000      0.000    999.000    999.000
    B_01               0.000      0.000    999.000    999.000
    B_02               0.000      0.000    999.000    999.000
    B_03               0.000      0.000    999.000    999.000
    B_04               0.000      0.000    999.000    999.000
    IA                76.648      2.656     28.859      0.000
    SA                -1.826      0.672     -2.717      0.007
    IB                 4.964      0.309     16.047      0.000
    SB                 0.105      0.099      1.055      0.291

 Residual Variances
    A_00              31.228      2.454     12.727      0.000
    A_01              31.228      2.454     12.727      0.000
    A_02              31.228      2.454     12.727      0.000
    A_03              31.228      2.454     12.727      0.000
    A_04              31.228      2.454     12.727      0.000
    B_00               1.447      0.075     19.210      0.000
    B_01               1.447      0.075     19.210      0.000
    B_02               1.447      0.075     19.210      0.000
    B_03               1.447      0.075     19.210      0.000
    B_04               1.447      0.075     19.210      0.000
    IA               226.027     22.201     10.181      0.000
    SA                 3.455      1.263      2.736      0.006
    IB                 2.427      0.234     10.391      0.000
    SB                 0.070      0.020      3.455      0.001

New/Additional Parameters
    R_IAIB            -0.002      0.074     -0.026      0.979
    R_SASB             0.195      0.191      1.017      0.309
    R_RES_AB           0.147      0.041      3.549      0.000


QUALITY OF NUMERICAL RESULTS

     Condition Number for the Information Matrix              0.838E-07
       (ratio of smallest to largest eigenvalue)


CONFIDENCE INTERVALS OF MODEL RESULTS

                  Lower .5%  Lower 2.5%    Lower 5%    Estimate    Upper 5%  Upper 2.5%   Upper .5%

 IA       ON
    AGE_C70         -1.263      -1.191      -1.154      -0.959      -0.765      -0.728      -0.655
    EDU_C7          -0.552      -0.407      -0.332       0.056       0.445       0.520       0.665
    HTM_C           51.614      58.213      61.588      79.216      96.844     100.219     106.818
    SMOKE           -2.727      -1.700      -1.175       1.569       4.312       4.837       5.864
    CARDIO          -9.072      -7.794      -7.139      -3.723      -0.307       0.347       1.625
    DIABETES        -7.481      -6.269      -5.649      -2.411       0.827       1.446       2.659

 SA       ON
    AGE_C70         -0.146      -0.125      -0.115      -0.059      -0.004       0.006       0.027
    EDU_C7          -0.118      -0.080      -0.061       0.038       0.138       0.157       0.194
    HTM_C           -9.007      -7.454      -6.660      -2.512       1.636       2.430       3.982
    SMOKE           -0.948      -0.705      -0.581       0.069       0.718       0.842       1.085
    CARDIO          -1.062      -0.735      -0.568       0.305       1.179       1.346       1.673
    DIABETES        -0.535      -0.285      -0.157       0.511       1.178       1.306       1.556

 IB       ON
    AGE_C70         -0.075      -0.066      -0.061      -0.037      -0.013      -0.008       0.001
    EDU_C7           0.097       0.114       0.122       0.167       0.211       0.220       0.236
    HTM_C           -2.438      -1.645      -1.239       0.880       2.998       3.404       4.197
    SMOKE           -0.440      -0.325      -0.266       0.042       0.350       0.409       0.525
    CARDIO          -0.339      -0.218      -0.157       0.165       0.487       0.548       0.669
    DIABETES        -0.424      -0.304      -0.242       0.079       0.400       0.461       0.581

 SB       ON
    AGE_C70         -0.019      -0.017      -0.015      -0.008      -0.002       0.000       0.002
    EDU_C7          -0.024      -0.019      -0.016      -0.003       0.011       0.014       0.019
    HTM_C           -0.902      -0.644      -0.512       0.178       0.867       0.999       1.257
    SMOKE           -0.171      -0.136      -0.117      -0.023       0.071       0.089       0.124
    CARDIO          -0.208      -0.166      -0.144      -0.030       0.083       0.105       0.148
    DIABETES        -0.211      -0.173      -0.153      -0.051       0.051       0.070       0.108

 IA       WITH
    SA             -10.868      -8.725      -7.629      -1.906       3.818       4.914       7.056
    IB              -4.506      -3.440      -2.894      -0.046       2.803       3.348       4.414
    SB              -0.065       0.237       0.392       1.198       2.004       2.159       2.461

 SA       WITH
    IB              -0.607      -0.393      -0.283       0.289       0.861       0.970       1.184
    SB              -0.155      -0.095      -0.065       0.096       0.257       0.287       0.347

 IB       WITH
    SB              -0.162      -0.129      -0.112      -0.025       0.062       0.078       0.111

 A_00     WITH
    B_00             0.239       0.418       0.510       0.988       1.466       1.558       1.737

 A_01     WITH
    B_01             0.239       0.418       0.510       0.988       1.466       1.558       1.737

 A_02     WITH
    B_02             0.239       0.418       0.510       0.988       1.466       1.558       1.737

 A_03     WITH
    B_03             0.239       0.418       0.510       0.988       1.466       1.558       1.737

 A_04     WITH
    B_04             0.239       0.418       0.510       0.988       1.466       1.558       1.737

 Intercepts
    A_00             0.000       0.000       0.000       0.000       0.000       0.000       0.000
    A_01             0.000       0.000       0.000       0.000       0.000       0.000       0.000
    A_02             0.000       0.000       0.000       0.000       0.000       0.000       0.000
    A_03             0.000       0.000       0.000       0.000       0.000       0.000       0.000
    A_04             0.000       0.000       0.000       0.000       0.000       0.000       0.000
    B_00             0.000       0.000       0.000       0.000       0.000       0.000       0.000
    B_01             0.000       0.000       0.000       0.000       0.000       0.000       0.000
    B_02             0.000       0.000       0.000       0.000       0.000       0.000       0.000
    B_03             0.000       0.000       0.000       0.000       0.000       0.000       0.000
    B_04             0.000       0.000       0.000       0.000       0.000       0.000       0.000
    IA              69.806      71.442      72.278      76.648      81.017      81.853      83.489
    SA              -3.558      -3.144      -2.932      -1.826      -0.721      -0.509      -0.095
    IB               4.167       4.358       4.455       4.964       5.473       5.570       5.761
    SB              -0.151      -0.090      -0.058       0.105       0.268       0.299       0.360

 Residual Variances
    A_00            24.908      26.419      27.192      31.228      35.265      36.038      37.549
    A_01            24.908      26.419      27.192      31.228      35.265      36.038      37.549
    A_02            24.908      26.419      27.192      31.228      35.265      36.038      37.549
    A_03            24.908      26.419      27.192      31.228      35.265      36.038      37.549
    A_04            24.908      26.419      27.192      31.228      35.265      36.038      37.549
    B_00             1.253       1.300       1.323       1.447       1.571       1.595       1.641
    B_01             1.253       1.300       1.323       1.447       1.571       1.595       1.641
    B_02             1.253       1.300       1.323       1.447       1.571       1.595       1.641
    B_03             1.253       1.300       1.323       1.447       1.571       1.595       1.641
    B_04             1.253       1.300       1.323       1.447       1.571       1.595       1.641
    IA             168.842     182.513     189.506     226.027     262.548     269.541     283.212
    SA               0.203       0.980       1.378       3.455       5.532       5.930       6.707
    IB               1.826       1.970       2.043       2.427       2.812       2.885       3.029
    SB               0.018       0.030       0.037       0.070       0.104       0.110       0.123

New/Additional Parameters
    R_IAIB          -0.192      -0.147      -0.124      -0.002       0.120       0.143       0.188
    R_SASB          -0.298      -0.181      -0.120       0.195       0.510       0.570       0.688
    R_RES_AB         0.040       0.066       0.079       0.147       0.215       0.228       0.254


SAMPLE STATISTICS FOR ESTIMATED FACTOR SCORES


     SAMPLE STATISTICS


           Means
              IA            IA_SE         SA            SA_SE         IB
              ________      ________      ________      ________      ________
 1             68.065         4.774        -1.899         1.585         6.112


           Means
              IB_SE         SB            SB_SE
              ________      ________      ________
 1              0.684        -0.032         0.222


           Covariances
              IA            IA_SE         SA            SA_SE         IB
              ________      ________      ________      ________      ________
 IA           293.523
 IA_SE         -1.259         6.884
 SA             2.927         0.039         1.167
 SA_SE         -0.533         0.266         0.001         0.049
 IB             3.121         0.145         0.458        -0.007         2.394
 IB_SE         -0.310         0.104        -0.001         0.013        -0.008
 SB             1.671        -0.001         0.055        -0.001         0.048
 SB_SE         -0.076         0.026        -0.002         0.003        -0.002


           Covariances
              IB_SE         SB            SB_SE
              ________      ________      ________
 IB_SE          0.010
 SB            -0.002         0.025
 SB_SE          0.002         0.000         0.000


           Correlations
              IA            IA_SE         SA            SA_SE         IB
              ________      ________      ________      ________      ________
 IA             1.000
 IA_SE         -0.028         1.000
 SA             0.158         0.014         1.000
 SA_SE         -0.141         0.459         0.003         1.000
 IB             0.118         0.036         0.274        -0.019         1.000
 IB_SE         -0.179         0.390        -0.012         0.578        -0.052
 SB             0.613        -0.001         0.322        -0.041         0.197
 SB_SE         -0.213         0.479        -0.078         0.730        -0.067


           Correlations
              IB_SE         SB            SB_SE
              ________      ________      ________
 IB_SE          1.000
 SB            -0.111         1.000
 SB_SE          0.769        -0.126         1.000


RESULTS SAVING INFORMATION

  Order of data

    Parameter estimates
     (saved in order shown in Technical 1 output)
    Standard errors
     (saved in order shown in Technical 1 output)
    H0 Loglikelihood
    H0 Scaling Correction Factor for MLR
    Number of Free Parameters
    Akaike (AIC)
    Bayesian (BIC)
    Sample-Size Adjusted BIC
    Condition Number

  Save file
    b1_male_aehplus_grip_digitbackward_results.dat

  Save file format           Free


PLOT INFORMATION

The following plots are available:

  Histograms (sample values, estimated factor scores)
  Scatterplots (sample values, estimated factor scores)
  Latent variable distribution plots

SAVEDATA INFORMATION


  Save file
    b1_male_aehplus_grip_digitbackward_fscores.dat

  Order and format of variables

    A_00           F10.3
    A_01           F10.3
    A_02           F10.3
    A_03           F10.3
    A_04           F10.3
    B_00           F10.3
    B_01           F10.3
    B_02           F10.3
    B_03           F10.3
    B_04           F10.3
    AGE_C70        F10.3
    EDU_C7         F10.3
    HTM_C          F10.3
    SMOKE          F10.3
    CARDIO         F10.3
    DIABETES       F10.3
    TIME_00        F10.3
    TIME_01        F10.3
    TIME_02        F10.3
    TIME_03        F10.3
    TIME_04        F10.3
    IA             F10.3
    IA_SE          F10.3
    SA             F10.3
    SA_SE          F10.3
    IB             F10.3
    IB_SE          F10.3
    SB             F10.3
    SB_SE          F10.3

  Save file format
    29F10.3

  Save file record length    10000


     Beginning Time:  22:45:01
        Ending Time:  22:45:04
       Elapsed Time:  00:00:03



MUTHEN & MUTHEN
3463 Stoner Ave.
Los Angeles, CA  90066

Tel: (310) 391-9971
Fax: (310) 391-8971
Web: www.StatModel.com
Support: Support@StatModel.com

Copyright (c) 1998-2015 Muthen & Muthen
