Mplus VERSION 7.4 (Mac)
MUTHEN & MUTHEN
02/08/2017   9:54 PM

INPUT INSTRUCTIONS

  TITLE:
  Script produced from the prototype in ./sandbox/syntax-creator/
  DATA:
  File = wide-dataset.dat ;
  VARIABLE:
  NAMES are
   id male age_c70 edu_c7 htm_c smoke cardio diabetes dementia_ever
      dementia_baseline bnt_00 bnt_01 bnt_02 bnt_03 bnt_04 bnt_05 bnt_06 bnt_07
      bnt_08 bnt_09 bnt_10 bnt_11 bnt_12 bnt_13 bnt_14 bnt_15 bnt_16 bnt_17
      bnt_18 bostordel_00 bostordel_01 bostordel_02 bostordel_03 bostordel_04
      bostordel_05 bostordel_06 bostordel_07 bostordel_08 bostordel_09 bostordel_10
      bostordel_11 bostordel_12 bostordel_13 bostordel_14 bostordel_15 bostordel_16
      bostordel_17 bostordel_18 bostorim_00 bostorim_01 bostorim_02 bostorim_03
      bostorim_04 bostorim_05 bostorim_06 bostorim_07 bostorim_08 bostorim_09
      bostorim_10 bostorim_11 bostorim_12 bostorim_13 bostorim_14 bostorim_15
      bostorim_16 bostorim_17 bostorim_18 catfluency_00 catfluency_01 catfluency_02
      catfluency_03 catfluency_04 catfluency_05 catfluency_06 catfluency_07
      catfluency_08 catfluency_09 catfluency_10 catfluency_11 catfluency_12
      catfluency_13 catfluency_14 catfluency_15 catfluency_16 catfluency_17
      catfluency_18 complexideas_00 complexideas_01 complexideas_02 complexideas_03
      complexideas_04 complexideas_05 complexideas_06 complexideas_07 complexideas_08
      complexideas_09 complexideas_10 complexideas_11 complexideas_12 complexideas_13
      complexideas_14 complexideas_15 complexideas_16 complexideas_17 complexideas_18
      digitbackward_00 digitbackward_01 digitbackward_02 digitbackward_03
      digitbackward_04 digitbackward_05 digitbackward_06 digitbackward_07
      digitbackward_08 digitbackward_09 digitbackward_10 digitbackward_11
      digitbackward_12 digitbackward_13 digitbackward_14 digitbackward_15
      digitbackward_16 digitbackward_17 digitbackward_18 digitforward_00
      digitforward_01 digitforward_02 digitforward_03 digitforward_04 digitforward_05
      digitforward_06 digitforward_07 digitforward_08 digitforward_09 digitforward_10
      digitforward_11 digitforward_12 digitforward_13 digitforward_14 digitforward_15
      digitforward_16 digitforward_17 digitforward_18 digitorder_00 digitorder_01
      digitorder_02 digitorder_03 digitorder_04 digitorder_05 digitorder_06
      digitorder_07 digitorder_08 digitorder_09 digitorder_10 digitorder_11
      digitorder_12 digitorder_13 digitorder_14 digitorder_15 digitorder_16
      digitorder_17 digitorder_18 fev_00 fev_01 fev_02 fev_03 fev_04 fev_05 fev_06
      fev_07 fev_08 fev_09 fev_10 fev_11 fev_12 fev_13 fev_14 fev_15 fev_16 fev_17
      fev_18 fev100_00 fev100_01 fev100_02 fev100_03 fev100_04 fev100_05 fev100_06
      fev100_07 fev100_08 fev100_09 fev100_10 fev100_11 fev100_12 fev100_13 fev100_14
      fev100_15 fev100_16 fev100_17 fev100_18 gait_00 gait_01 gait_02 gait_03 gait_04
      gait_05 gait_06 gait_07 gait_08 gait_09 gait_10 gait_11 gait_12 gait_13 gait_14
      gait_15 gait_16 gait_17 gait_18 grip_00 grip_01 grip_02 grip_03 grip_04 grip_05
      grip_06 grip_07 grip_08 grip_09 grip_10 grip_11 grip_12 grip_13 grip_14 grip_15
      grip_16 grip_17 grip_18 lineorientation_00 lineorientation_01 lineorientation_02
      lineorientation_03 lineorientation_04 lineorientation_05 lineorientation_06
      lineorientation_07 lineorientation_08 lineorientation_09 lineorientation_10
      lineorientation_11 lineorientation_12 lineorientation_13 lineorientation_14
      lineorientation_15 lineorientation_16 lineorientation_17 lineorientation_18
      logimemdel_00 logimemdel_01 logimemdel_02 logimemdel_03 logimemdel_04
      logimemdel_05 logimemdel_06 logimemdel_07 logimemdel_08 logimemdel_09
      logimemdel_10 logimemdel_11 logimemdel_12 logimemdel_13 logimemdel_14
      logimemdel_15 logimemdel_16 logimemdel_17 logimemdel_18 logimemim_00
      logimemim_01 logimemim_02 logimemim_03 logimemim_04 logimemim_05 logimemim_06
      logimemim_07 logimemim_08 logimemim_09 logimemim_10 logimemim_11 logimemim_12
      logimemim_13 logimemim_14 logimemim_15 logimemim_16 logimemim_17 logimemim_18
      matrices_00 matrices_01 matrices_02 matrices_03 matrices_04 matrices_05
      matrices_06 matrices_07 matrices_08 matrices_09 matrices_10 matrices_11
      matrices_12 matrices_13 matrices_14 matrices_15 matrices_16 matrices_17
      matrices_18 mmse_00 mmse_01 mmse_02 mmse_03 mmse_04 mmse_05 mmse_06 mmse_07
      mmse_08 mmse_09 mmse_10 mmse_11 mmse_12 mmse_13 mmse_14 mmse_15 mmse_16 mmse_17
      mmse_18 nart_00 nart_01 nart_02 nart_03 nart_04 nart_05 nart_06 nart_07 nart_08
      nart_09 nart_10 nart_11 nart_12 nart_13 nart_14 nart_15 nart_16 nart_17 nart_18
      numbercomparison_00 numbercomparison_01 numbercomparison_02 numbercomparison_03
      numbercomparison_04 numbercomparison_05 numbercomparison_06 numbercomparison_07
      numbercomparison_08 numbercomparison_09 numbercomparison_10 numbercomparison_11
      numbercomparison_12 numbercomparison_13 numbercomparison_14 numbercomparison_15
      numbercomparison_16 numbercomparison_17 numbercomparison_18 symbol_00
      symbol_01 symbol_02 symbol_03 symbol_04 symbol_05 symbol_06 symbol_07 symbol_08
      symbol_09 symbol_10 symbol_11 symbol_12 symbol_13 symbol_14 symbol_15 symbol_16
      symbol_17 symbol_18 wordlistdel_00 wordlistdel_01 wordlistdel_02 wordlistdel_03
      wordlistdel_04 wordlistdel_05 wordlistdel_06 wordlistdel_07 wordlistdel_08
      wordlistdel_09 wordlistdel_10 wordlistdel_11 wordlistdel_12 wordlistdel_13
      wordlistdel_14 wordlistdel_15 wordlistdel_16 wordlistdel_17 wordlistdel_18
      wordlistim_00 wordlistim_01 wordlistim_02 wordlistim_03 wordlistim_04
      wordlistim_05 wordlistim_06 wordlistim_07 wordlistim_08 wordlistim_09
      wordlistim_10 wordlistim_11 wordlistim_12 wordlistim_13 wordlistim_14
      wordlistim_15 wordlistim_16 wordlistim_17 wordlistim_18 wordlistrecog_00
      wordlistrecog_01 wordlistrecog_02 wordlistrecog_03 wordlistrecog_04
      wordlistrecog_05 wordlistrecog_06 wordlistrecog_07 wordlistrecog_08
      wordlistrecog_09 wordlistrecog_10 wordlistrecog_11 wordlistrecog_12
      wordlistrecog_13 wordlistrecog_14 wordlistrecog_15 wordlistrecog_16
      wordlistrecog_17 wordlistrecog_18 years_since_bl_00 years_since_bl_01
      years_since_bl_02 years_since_bl_03 years_since_bl_04 years_since_bl_05
      years_since_bl_06 years_since_bl_07 years_since_bl_08 years_since_bl_09
      years_since_bl_10 years_since_bl_11 years_since_bl_12 years_since_bl_13
      years_since_bl_14 years_since_bl_15 years_since_bl_16 years_since_bl_17
      years_since_bl_18
  	;
  Missing are all (-9999);
  USEVARIABLES are
  	!define the variables used in the analysis
  	! covariates used in the model
  age_c70	
  	!estimated time points
  time_00
  time_01
  time_02
  time_03
  time_04
  	!modelled time points of process (A)
  a_00
  a_01
  a_02
  a_03
  a_04
  	!modelled time points of process (B)
  b_00
  b_01
  b_02
  b_03
  b_04
  ;
  TSCORES are
  	!estimated time points
  time_00
  time_01
  time_02
  time_03
  time_04;
  USEOBSERVATIONS are
  	!select a subset of observations
  male EQ 1
  and
  id NE 0
  ;
  DEFINE:
  	! assign variables to the process (A)
  a_00=grip_00;
  a_01=grip_01;
  a_02=grip_02;
  a_03=grip_03;
  a_04=grip_04;
  	! assign variables to the process (B)
  b_00=bostordel_00;
  b_01=bostordel_01;
  b_02=bostordel_02;
  b_03=bostordel_03;
  b_04=bostordel_04;
  	!assign variables to time points
  time_00=years_since_bl_00;
  time_01=years_since_bl_01;
  time_02=years_since_bl_02;
  time_03=years_since_bl_03;
  time_04=years_since_bl_04;
  	
  ANALYSIS:
  TYPE = RANDOM;
  COVERAGE=.00;
  MODEL:
  	!first-level equation
  	! assign process (A) to time points
  ia sa | a_00 AT time_00 ;
  ia sa | a_01 AT time_01 ;
  ia sa | a_02 AT time_02 ;
  ia sa | a_03 AT time_03 ;
  ia sa | a_04 AT time_04 ;
  	! assign process (B) to time points
  ib sb | b_00 AT time_00 ;
  ib sb | b_01 AT time_01 ;
  ib sb | b_02 AT time_02 ;
  ib sb | b_03 AT time_03 ;
  ib sb | b_04 AT time_04 ;
  	!variance of the first-level terms
  ia (v_ia);
  sa (v_sa);
  ib (v_ib);
  sb (v_sb);
  	!covariance among first-level terms
  ia WITH sa (c_iasa);
  ia WITH ib (c_iaib);
  ia WITH sb (c_iasb);
  sa WITH ib (c_saib);
  sa WITH sb (c_sasb);
  ib WITH sb (c_ibsb);
  	!second-level equation
  ia sa ib sb ON age_c70;
  	!residual covariance of process (A)
  a_00 (res_a);
  a_01 (res_a);
  a_02 (res_a);
  a_03 (res_a);
  a_04 (res_a);	
  	!residual covariance of process (B)
  b_00 (res_b);
  b_01 (res_b);
  b_02 (res_b);
  b_03 (res_b);
  b_04 (res_b);	
  	!Paired covariances constrained to be equal across t
  a_00 pwith b_00 (res_cov);
  a_01 pwith b_01 (res_cov);
  a_02 pwith b_02 (res_cov);
  a_03 pwith b_03 (res_cov);
  a_04 pwith b_04 (res_cov);	
  MODEL CONSTRAINT:
  	!assigns labels to new parameters;
  NEW r_iaib;
  NEW r_sasb;
  NEW r_res_ab;
  	!compute confidence intervals for correlation coefficients;
  r_iaib = c_iaib/((v_ia**0.5)*(v_ib**0.5));
  r_sasb = c_sasb/((v_sa**0.5)*(v_sb**0.5));
  r_res_ab = res_cov/((res_a**0.5)*(res_b**0.5));
  SAVEDATA:
  FILE is   b1_male_a_grip_bostordel_fscores.dat;
  SAVE = FSCORES;
  RESULTS are   b1_male_a_grip_bostordel_results.dat;
  	
  OUTPUT: sampstat cinterval;
  PLOT: Type is Plot1 Plot2 Plot3;



INPUT READING TERMINATED NORMALLY




Script produced from the prototype in ./sandbox/syntax-creator/

SUMMARY OF ANALYSIS

Number of groups                                                 1
Number of observations                                         485

Number of dependent variables                                   10
Number of independent variables                                  1
Number of continuous latent variables                            4

Observed dependent variables

  Continuous
   A_00        A_01        A_02        A_03        A_04        B_00
   B_01        B_02        B_03        B_04

Observed independent variables
   AGE_C70

Continuous latent variables
   IA          SA          IB          SB

Variables with special functions

  Time scores
   TIME_00     TIME_01     TIME_02     TIME_03     TIME_04


Estimator                                                      MLR
Information matrix                                        OBSERVED
Maximum number of iterations                                   100
Convergence criterion                                    0.100D-05
Maximum number of EM iterations                                500
Convergence criteria for the EM algorithm
  Loglikelihood change                                   0.100D-02
  Relative loglikelihood change                          0.100D-05
  Derivative                                             0.100D-03
Minimum variance                                         0.100D-03
Maximum number of steepest descent iterations                   20
Maximum number of iterations for H1                           2000
Convergence criterion for H1                             0.100D-03
Optimization algorithm                                         EMA

Input data file(s)
  wide-dataset.dat
Input data format  FREE


SUMMARY OF DATA

     Number of missing data patterns            73


COVARIANCE COVERAGE OF DATA

Minimum covariance coverage value   0.000


     PROPORTION OF DATA PRESENT


           Covariance Coverage
              A_00          A_01          A_02          A_03          A_04
              ________      ________      ________      ________      ________
 A_00           0.847
 A_01           0.612         0.621
 A_02           0.499         0.464         0.509
 A_03           0.386         0.348         0.346         0.476
 A_04           0.245         0.212         0.216         0.299         0.328
 B_00           0.843         0.619         0.507         0.472         0.324
 B_01           0.726         0.608         0.499         0.466         0.320
 B_02           0.614         0.540         0.499         0.456         0.315
 B_03           0.542         0.466         0.445         0.468         0.318
 B_04           0.458         0.398         0.375         0.419         0.320
 AGE_C70        0.847         0.621         0.509         0.476         0.328


           Covariance Coverage
              B_00          B_01          B_02          B_03          B_04
              ________      ________      ________      ________      ________
 B_00           0.992
 B_01           0.841         0.845
 B_02           0.715         0.703         0.722
 B_03           0.627         0.612         0.598         0.631
 B_04           0.534         0.524         0.511         0.524         0.540
 AGE_C70        0.992         0.845         0.722         0.631         0.540


           Covariance Coverage
              AGE_C70
              ________
 AGE_C70        1.000


SAMPLE STATISTICS


     ESTIMATED SAMPLE STATISTICS


           Means
              A_00          A_01          A_02          A_03          A_04
              ________      ________      ________      ________      ________
 1             66.465        64.379        62.229        60.161        57.090


           Means
              B_00          B_01          B_02          B_03          B_04
              ________      ________      ________      ________      ________
 1              8.298         8.160         8.106         7.822         7.479


           Means
              AGE_C70
              ________
 1             10.579


           Covariances
              A_00          A_01          A_02          A_03          A_04
              ________      ________      ________      ________      ________
 A_00         358.866
 A_01         331.201       372.848
 A_02         339.546       355.272       437.694
 A_03         324.214       346.362       393.637       417.436
 A_04         311.708       332.564       374.567       381.808       392.612
 B_00          15.339        16.911        18.544        20.336        22.231
 B_01          16.822        18.979        23.464        22.087        21.603
 B_02          17.976        18.260        21.699        21.035        22.106
 B_03          18.473        19.541        27.457        27.183        27.370
 B_04          21.442        23.736        25.055        25.810        28.279
 AGE_C70      -57.144       -60.056       -64.652       -64.773       -66.177


           Covariances
              B_00          B_01          B_02          B_03          B_04
              ________      ________      ________      ________      ________
 B_00           9.160
 B_01           6.031         9.649
 B_02           6.065         6.602        10.530
 B_03           6.771         7.667         7.322        11.704
 B_04           7.230         7.098         7.395         8.253        12.350
 AGE_C70       -4.262        -4.484        -4.337        -5.283        -5.391


           Covariances
              AGE_C70
              ________
 AGE_C70       48.957


           Correlations
              A_00          A_01          A_02          A_03          A_04
              ________      ________      ________      ________      ________
 A_00           1.000
 A_01           0.905         1.000
 A_02           0.857         0.879         1.000
 A_03           0.838         0.878         0.921         1.000
 A_04           0.830         0.869         0.904         0.943         1.000
 B_00           0.268         0.289         0.293         0.329         0.371
 B_01           0.286         0.316         0.361         0.348         0.351
 B_02           0.292         0.291         0.320         0.317         0.344
 B_03           0.285         0.296         0.384         0.389         0.404
 B_04           0.322         0.350         0.341         0.359         0.406
 AGE_C70       -0.431        -0.445        -0.442        -0.453        -0.477


           Correlations
              B_00          B_01          B_02          B_03          B_04
              ________      ________      ________      ________      ________
 B_00           1.000
 B_01           0.642         1.000
 B_02           0.618         0.655         1.000
 B_03           0.654         0.721         0.660         1.000
 B_04           0.680         0.650         0.648         0.686         1.000
 AGE_C70       -0.201        -0.206        -0.191        -0.221        -0.219


           Correlations
              AGE_C70
              ________
 AGE_C70        1.000


     MAXIMUM LOG-LIKELIHOOD VALUE FOR THE UNRESTRICTED (H1) MODEL IS -10844.843


UNIVARIATE SAMPLE STATISTICS


     UNIVARIATE HIGHER-ORDER MOMENT DESCRIPTIVE STATISTICS

         Variable/         Mean/     Skewness/   Minimum/ % with                Percentiles
        Sample Size      Variance    Kurtosis    Maximum  Min/Max      20%/60%    40%/80%    Median

     A_00                 66.341      -0.027       0.000    0.24%      50.250     61.250     66.000
             411.000     365.642       0.238     124.250    0.24%      72.250     82.500
     A_01                 65.674      -0.113       0.000    0.33%      51.000     61.250     66.250
             301.000     331.306       0.529     130.250    0.33%      71.000     80.000
     A_02                 64.875      -0.086       0.000    0.40%      48.750     60.250     66.500
             247.000     390.266       0.414     127.500    0.40%      71.750     79.750
     A_03                 63.356      -0.007       0.000    0.43%      46.250     59.500     64.250
             231.000     364.709       0.486     125.000    0.43%      68.750     77.500
     A_04                 62.178       0.132      16.500    0.63%      46.500     59.000     62.000
             159.000     297.110      -0.202     111.500    0.63%      65.750     76.250
     B_00                  8.295      -1.325       0.000    6.65%       7.000      8.000      9.000
             481.000       9.164       1.533      12.000   10.81%      10.000     11.000
     B_01                  8.285      -1.175       0.000    5.37%       7.000      8.000      9.000
             410.000       9.380       1.025      12.000   11.71%      10.000     11.000
     B_02                  8.426      -1.345       0.000    7.14%       7.000      8.000      9.000
             350.000       9.799       1.508      12.000   15.43%      10.000     11.000
     B_03                  8.346      -1.351       0.000    7.19%       7.000      8.000      9.000
             306.000      10.043       1.307      12.000   11.76%      10.000     11.000
     B_04                  8.107      -1.291       0.000    9.16%       6.000      8.000      9.000
             262.000      10.324       1.194      12.000   10.69%      10.000     10.000
     AGE_C70              10.579      -0.505     -12.094    0.21%       5.127      9.611     11.604
             485.000      48.957       0.221      28.508    0.21%      12.979     16.204


THE MODEL ESTIMATION TERMINATED NORMALLY



MODEL FIT INFORMATION

Number of Free Parameters                       21

Loglikelihood

          H0 Value                       -9256.166
          H0 Scaling Correction Factor      1.4143
            for MLR

Information Criteria

          Akaike (AIC)                   18554.331
          Bayesian (BIC)                 18642.199
          Sample-Size Adjusted BIC       18575.546
            (n* = (n + 2) / 24)



MODEL RESULTS

                                                    Two-Tailed
                    Estimate       S.E.  Est./S.E.    P-Value

 IA         ON
    AGE_C70           -1.166      0.119     -9.757      0.000

 SA         ON
    AGE_C70           -0.060      0.031     -1.938      0.053

 IB         ON
    AGE_C70           -0.086      0.016     -5.243      0.000

 SB         ON
    AGE_C70           -0.005      0.005     -1.025      0.305

 IA       WITH
    SA                -3.303      3.913     -0.844      0.399
    IB                10.376      2.634      3.939      0.000
    SB                 1.054      0.706      1.494      0.135

 SA       WITH
    IB                 1.510      0.714      2.114      0.035
    SB                 0.079      0.187      0.425      0.671

 IB       WITH
    SB                 0.280      0.148      1.896      0.058

 A_00     WITH
    B_00               0.716      0.441      1.624      0.104

 A_01     WITH
    B_01               0.716      0.441      1.624      0.104

 A_02     WITH
    B_02               0.716      0.441      1.624      0.104

 A_03     WITH
    B_03               0.716      0.441      1.624      0.104

 A_04     WITH
    B_04               0.716      0.441      1.624      0.104

 Intercepts
    A_00               0.000      0.000    999.000    999.000
    A_01               0.000      0.000    999.000    999.000
    A_02               0.000      0.000    999.000    999.000
    A_03               0.000      0.000    999.000    999.000
    A_04               0.000      0.000    999.000    999.000
    B_00               0.000      0.000    999.000    999.000
    B_01               0.000      0.000    999.000    999.000
    B_02               0.000      0.000    999.000    999.000
    B_03               0.000      0.000    999.000    999.000
    B_04               0.000      0.000    999.000    999.000
    IA                78.949      1.623     48.655      0.000
    SA                -1.692      0.383     -4.419      0.000
    IB                 9.256      0.202     45.928      0.000
    SB                -0.133      0.055     -2.411      0.016

 Residual Variances
    A_00              34.883      2.893     12.058      0.000
    A_01              34.883      2.893     12.058      0.000
    A_02              34.883      2.893     12.058      0.000
    A_03              34.883      2.893     12.058      0.000
    A_04              34.883      2.893     12.058      0.000
    B_00               3.515      0.246     14.313      0.000
    B_01               3.515      0.246     14.313      0.000
    B_02               3.515      0.246     14.313      0.000
    B_03               3.515      0.246     14.313      0.000
    B_04               3.515      0.246     14.313      0.000
    IA               264.801     23.031     11.498      0.000
    SA                 5.571      1.722      3.235      0.001
    IB                 5.400      0.736      7.339      0.000
    SB                 0.037      0.055      0.664      0.507

New/Additional Parameters
    R_IAIB             0.274      0.061      4.519      0.000
    R_SASB             0.175      0.389      0.451      0.652
    R_RES_AB           0.065      0.039      1.651      0.099


QUALITY OF NUMERICAL RESULTS

     Condition Number for the Information Matrix              0.161E-04
       (ratio of smallest to largest eigenvalue)


CONFIDENCE INTERVALS OF MODEL RESULTS

                  Lower .5%  Lower 2.5%    Lower 5%    Estimate    Upper 5%  Upper 2.5%   Upper .5%

 IA       ON
    AGE_C70         -1.474      -1.400      -1.362      -1.166      -0.969      -0.932      -0.858

 SA       ON
    AGE_C70         -0.139      -0.120      -0.110      -0.060      -0.009       0.001       0.020

 IB       ON
    AGE_C70         -0.129      -0.118      -0.113      -0.086      -0.059      -0.054      -0.044

 SB       ON
    AGE_C70         -0.019      -0.016      -0.014      -0.005       0.003       0.005       0.008

 IA       WITH
    SA             -13.381     -10.971      -9.739      -3.303       3.133       4.366       6.775
    IB               3.591       5.213       6.043      10.376      14.710      15.539      17.161
    SB              -0.764      -0.329      -0.107       1.054       2.215       2.438       2.872

 SA       WITH
    IB              -0.330       0.110       0.335       1.510       2.685       2.910       3.349
    SB              -0.403      -0.288      -0.229       0.079       0.388       0.446       0.562

 IB       WITH
    SB              -0.101      -0.010       0.037       0.280       0.524       0.570       0.661

 A_00     WITH
    B_00            -0.419      -0.148      -0.009       0.716       1.441       1.580       1.851

 A_01     WITH
    B_01            -0.419      -0.148      -0.009       0.716       1.441       1.580       1.851

 A_02     WITH
    B_02            -0.419      -0.148      -0.009       0.716       1.441       1.580       1.851

 A_03     WITH
    B_03            -0.419      -0.148      -0.009       0.716       1.441       1.580       1.851

 A_04     WITH
    B_04            -0.419      -0.148      -0.009       0.716       1.441       1.580       1.851

 Intercepts
    A_00             0.000       0.000       0.000       0.000       0.000       0.000       0.000
    A_01             0.000       0.000       0.000       0.000       0.000       0.000       0.000
    A_02             0.000       0.000       0.000       0.000       0.000       0.000       0.000
    A_03             0.000       0.000       0.000       0.000       0.000       0.000       0.000
    A_04             0.000       0.000       0.000       0.000       0.000       0.000       0.000
    B_00             0.000       0.000       0.000       0.000       0.000       0.000       0.000
    B_01             0.000       0.000       0.000       0.000       0.000       0.000       0.000
    B_02             0.000       0.000       0.000       0.000       0.000       0.000       0.000
    B_03             0.000       0.000       0.000       0.000       0.000       0.000       0.000
    B_04             0.000       0.000       0.000       0.000       0.000       0.000       0.000
    IA              74.769      75.769      76.280      78.949      81.618      82.129      83.129
    SA              -2.678      -2.442      -2.322      -1.692      -1.062      -0.942      -0.706
    IB               8.737       8.861       8.925       9.256       9.588       9.651       9.775
    SB              -0.275      -0.241      -0.224      -0.133      -0.042      -0.025       0.009

 Residual Variances
    A_00            27.431      29.213      30.124      34.883      39.641      40.553      42.334
    A_01            27.431      29.213      30.124      34.883      39.641      40.553      42.334
    A_02            27.431      29.213      30.124      34.883      39.641      40.553      42.334
    A_03            27.431      29.213      30.124      34.883      39.641      40.553      42.334
    A_04            27.431      29.213      30.124      34.883      39.641      40.553      42.334
    B_00             2.882       3.034       3.111       3.515       3.919       3.996       4.148
    B_01             2.882       3.034       3.111       3.515       3.919       3.996       4.148
    B_02             2.882       3.034       3.111       3.515       3.919       3.996       4.148
    B_03             2.882       3.034       3.111       3.515       3.919       3.996       4.148
    B_04             2.882       3.034       3.111       3.515       3.919       3.996       4.148
    IA             205.479     219.661     226.915     264.801     302.686     309.941     324.123
    SA               1.135       2.195       2.738       5.571       8.404       8.947      10.007
    IB               3.505       3.958       4.190       5.400       6.611       6.843       7.296
    SB              -0.106      -0.072      -0.054       0.037       0.128       0.146       0.180

New/Additional Parameters
    R_IAIB           0.118       0.155       0.175       0.274       0.374       0.393       0.431
    R_SASB          -0.826      -0.587      -0.464       0.175       0.815       0.938       1.177
    R_RES_AB        -0.036      -0.012       0.000       0.065       0.129       0.141       0.166


SAMPLE STATISTICS FOR ESTIMATED FACTOR SCORES


     SAMPLE STATISTICS


           Means
              IA            IA_SE         SA            SA_SE         IB
              ________      ________      ________      ________      ________
 1             66.615         5.271        -2.323         1.919         8.344


           Means
              IB_SE         SB            SB_SE
              ________      ________      ________
 1              0.927        -0.189         0.143


           Covariances
              IA            IA_SE         SA            SA_SE         IB
              ________      ________      ________      ________      ________
 IA           295.476
 IA_SE         -2.415         8.084
 SA             4.465        -0.104         1.959
 SA_SE         -1.084         0.416        -0.038         0.102
 IB            15.017        -0.439         1.544        -0.146         4.848
 IB_SE         -1.059         0.267        -0.047         0.051        -0.124
 SB             1.280        -0.022         0.086        -0.009         0.282
 SB_SE         -0.048         0.014        -0.002         0.002        -0.006


           Covariances
              IB_SE         SB            SB_SE
              ________      ________      ________
 IB_SE          0.058
 SB            -0.008         0.018
 SB_SE          0.002         0.000         0.000


           Correlations
              IA            IA_SE         SA            SA_SE         IB
              ________      ________      ________      ________      ________
 IA             1.000
 IA_SE         -0.049         1.000
 SA             0.186        -0.026         1.000
 SA_SE         -0.198         0.459        -0.085         1.000
 IB             0.397        -0.070         0.501        -0.208         1.000
 IB_SE         -0.256         0.391        -0.140         0.662        -0.234
 SB             0.559        -0.059         0.463        -0.208         0.961
 SB_SE         -0.266         0.459        -0.151         0.709        -0.254


           Correlations
              IB_SE         SB            SB_SE
              ________      ________      ________
 IB_SE          1.000
 SB            -0.253         1.000
 SB_SE          0.971        -0.268         1.000


RESULTS SAVING INFORMATION

  Order of data

    Parameter estimates
     (saved in order shown in Technical 1 output)
    Standard errors
     (saved in order shown in Technical 1 output)
    H0 Loglikelihood
    H0 Scaling Correction Factor for MLR
    Number of Free Parameters
    Akaike (AIC)
    Bayesian (BIC)
    Sample-Size Adjusted BIC
    Condition Number

  Save file
    b1_male_a_grip_bostordel_results.dat

  Save file format           Free


PLOT INFORMATION

The following plots are available:

  Histograms (sample values, estimated factor scores)
  Scatterplots (sample values, estimated factor scores)
  Latent variable distribution plots

SAVEDATA INFORMATION


  Save file
    b1_male_a_grip_bostordel_fscores.dat

  Order and format of variables

    A_00           F10.3
    A_01           F10.3
    A_02           F10.3
    A_03           F10.3
    A_04           F10.3
    B_00           F10.3
    B_01           F10.3
    B_02           F10.3
    B_03           F10.3
    B_04           F10.3
    AGE_C70        F10.3
    TIME_00        F10.3
    TIME_01        F10.3
    TIME_02        F10.3
    TIME_03        F10.3
    TIME_04        F10.3
    IA             F10.3
    IA_SE          F10.3
    SA             F10.3
    SA_SE          F10.3
    IB             F10.3
    IB_SE          F10.3
    SB             F10.3
    SB_SE          F10.3

  Save file format
    24F10.3

  Save file record length    10000


     Beginning Time:  21:54:12
        Ending Time:  21:54:19
       Elapsed Time:  00:00:07



MUTHEN & MUTHEN
3463 Stoner Ave.
Los Angeles, CA  90066

Tel: (310) 391-9971
Fax: (310) 391-8971
Web: www.StatModel.com
Support: Support@StatModel.com

Copyright (c) 1998-2015 Muthen & Muthen
