Mplus VERSION 7.31
MUTHEN & MUTHEN
11/05/2015   9:30 PM

INPUT INSTRUCTIONS

  TITLE: b1 male aehplus fev delayedrecall

  DATA:  File = ELSA_Portland_New_nomiss_years.dat;

      DATA LONGTOWIDE:
      LONG = htfev | cflisd |Height|years|SmokHist|diab|cardio;
      WIDE = p1-p6 | c1-c6 |hei1-hei6|time1-time6|
      smoke1-smoke6|diab1-diab6|cardio1-cardio6;
      IDVARIABLE = idauniq;
      REPETITION = wave (1 2 3 4 5 6);


  VARIABLE: Names are
   idauniq wave dimar hedia01 hedia02 hedia03
   hedia04 hedia05 hedia06 hedia07
      hedia08 hedia09 hedia10 heage hedib01
      hedib02 hedib03 hedib04 hedib05 hedib06 hedib07 hedib08
      hedib09 hedib10 hesmk heala heacta heactb
      heactc mmwlka mmwlkb cflisen cfani cfmem cfpascr cflisd
      cfmscr cfpbscr cfptscr cfwhz1 cfwhz2 cfwhz3
      cfwhz4 psceda pscedb pscedc pscedd pscede pscedf pscedg
      pscedh edqual scfamm scsca scscc intdatm
      intdaty iintdtm iintdty indobyr indager aethnicr heagcr
      heagcry hedbwlu hedbwas hedbwar hedbwos
      hedbwca hedbwpd hedbwps hedbwad hedbwde herosmd hemobcs
      hehsm86 hehsm96 hedcc heaidcr iintdatm
      iintdaty chesmk cfmersp cfprmem cfspeed cfanig cfexind
      cfaccur cfrecal hedimbp hediman hedimmi
      hedimhf hedimhm hedimar hedimdi hedbts hedimst hedimch
      hediblu hedibas hedibar hedibos hedibca
      hedibpd hedibps hedibad hedibde cfmeind cfind hedizm51
      hedizm52 hediagbp hediagan hediagmi hediaghf
      hediaghm hediagar hediagdh hediagdi hediagst hediaghc
      hebdialu hebdiaas hebdiaar hebdiaos hebdiaca
      hebdiapd hebdiaps hebdiaad hebdiade hepdiagl hepdiadi
      hepdiamd hepdiaca cvd7dibt sex sysval diaval
      pulval mapval mmgsd1 mmgsn1 mmgsd2 mmgsn2 mmgsd3
      mmgsn3 chol trig fglu htval wtval bmival bmiobe
      fvc1 fev1 pf1 fvc2 fev2 pf2 fvc3 fev3 pf3 htfvc
      htfev htpf mmssre mmssti mmssna mmstre mmstti
      mmftre2 mmftti mmlore mmloti mmlsre mmlsti mmcrre
      mmrrre mmrrfti mmrrtti mmrroc vitd mmftre prfvc
      pcfvc prfev pcfev htpef prpef pcpef bagey years
      diab cardio walkspee;

         MISSING is all(-99999, -8, -9, -1);

         USEVAR are time2 time4 time6
         p2 p4 p6
         c2 c4 c6 Bage
         educ hei2 smoke1 diab1 cardio1;


         TSCORES = time2 time4 time6;

         USEOBSERVATIONS are sex EQ 1
         and hedib01 NE 8
         and hedib01 NE 9
         and hedib02 NE 8
         and hedib02 NE 9
         and hedib03 NE 8
         and hedib03 NE 9
         and hedib04 NE 8
         and hedib04 NE 9
         and hedib05 NE 8
         and hedib05 NE 9
         and hedib06 NE 8
         and hedib06 NE 9
         and hedib07 NE 8
         and hedib07 NE 9
         and hedib08 NE 8
         and hedib08 NE 9
         and hedib09 NE 8
         and hedib09 NE 9
         and hedib10 NE 8
         and hedib10 NE 9;



  Define:

         Bage=bagey-70;   !Centered at Age 80
          Height=htval-172;
          SmokHist=hesmk-1;


          if (edqual eq 7) then Educ=0;
          if (edqual eq 6) then Educ=_MISSING;
          if (edqual eq 1) then Educ=1;
          if (edqual eq 2) then Educ=1;
          if (edqual eq 3) then Educ=1;
          if (edqual eq 4) then Educ=1;
          if (edqual eq 5) then Educ=1;



  ANALYSIS: TYPE = RANDOM;

  MODEL:  ip sp | p2 p4 p6 AT time2 time4 time6;
          ic sc | c2 c4 c6  AT time2 time4 time6;
          ip (v_ip);
          sp (v_sp);
          ic (v_ic);
          sc (v_sc);
          ip WITH sp (c_ipsp);
          ip WITH ic (c_ipic);
          ip WITH sc (c_ipsc);
          sp WITH ic (c_spic);
          sp WITH sc (c_spsc);
          ic WITH sc (c_icsc);

          ip sp ic sc ON Bage
         educ hei2 smoke1 diab1 cardio1;

          p2 p4 p6  (res_p);
          c2 c4 c6 (res_c);
          p2 p4 p6 pwith c2 c4 c6(res_cov); !Paired covariances constrained to be equal

  MODEL CONSTRAINT:

  !        NEW r_ipsp;
          NEW r_ipic;
  !        NEW r_ipsc;
  !        NEW r_spic;
          NEW r_spsc;
  !        NEW r_icsc;

          NEW r_res_pc;

  !        r_ipsp = c_ipsp/((v_ip**0.5)*(v_sp**0.5));
          r_ipic = c_ipic/((v_ip**0.5)*(v_ic**0.5));
  !        r_ipsc = c_ipsc/((v_ip**0.5)*(v_sc**0.5));
  !        r_spic = c_spic/((v_sp**0.5)*(v_ic**0.5));
          r_spsc = c_spsc/((v_sp**0.5)*(v_sc**0.5));
  !        r_icsc = c_icsc/((v_ic**0.5)*(v_sc**0.5));

          r_res_pc = res_cov/((res_p**0.5)*(res_c**0.5));

  SAVEDATA:
  FILE IS   ELSAfSlopes_male_aehplus_fev_delayedrecall;
  SAVE = FSCORES;
  PLOT:
   TYPE IS PLOT3;



  OUTPUT: sampstat Cinterval;





*** WARNING
  Data set contains cases with missing on x-variables.
  These cases were not included in the analysis.
  Number of cases with missing on x-variables:  2049
   1 WARNING(S) FOUND IN THE INPUT INSTRUCTIONS



b1 male aehplus fev delayedrecall

SUMMARY OF ANALYSIS

Number of groups                                                 1
Number of observations                                        3091

Number of dependent variables                                    6
Number of independent variables                                  6
Number of continuous latent variables                            4

Observed dependent variables

  Continuous
   P2          P4          P6          C2          C4          C6

Observed independent variables
   BAGE        EDUC        HEI2        SMOKE1      DIAB1       CARDIO1

Continuous latent variables
   IP          SP          IC          SC

Variables with special functions

  ID variable           IDAUNIQ

  Time scores
   TIME2       TIME4       TIME6


Estimator                                                      MLR
Information matrix                                        OBSERVED
Maximum number of iterations                                   100
Convergence criterion                                    0.100D-05
Maximum number of EM iterations                                500
Convergence criteria for the EM algorithm
  Loglikelihood change                                   0.100D-02
  Relative loglikelihood change                          0.100D-05
  Derivative                                             0.100D-03
Minimum variance                                         0.100D-03
Maximum number of steepest descent iterations                   20
Maximum number of iterations for H1                           2000
Convergence criterion for H1                             0.100D-03
Optimization algorithm                                         EMA

Input data file(s)
  ELSA_Portland_New_nomiss_years.dat
Input data format  FREE


SUMMARY OF DATA

     Number of missing data patterns            20


COVARIANCE COVERAGE OF DATA

Minimum covariance coverage value   0.100


     PROPORTION OF DATA PRESENT


           Covariance Coverage
              P2            P4            P6            C2            C4
              ________      ________      ________      ________      ________
 P2             0.941
 P4             0.587         0.612
 P6             0.472         0.422         0.489
 C2             0.940         0.611         0.489         0.998
 C4             0.697         0.612         0.471         0.729         0.730
 C6             0.532         0.474         0.489         0.554         0.533
 BAGE           0.941         0.612         0.489         0.998         0.730
 EDUC           0.941         0.612         0.489         0.998         0.730
 HEI2           0.941         0.612         0.489         0.998         0.730
 SMOKE1         0.941         0.612         0.489         0.998         0.730
 DIAB1          0.941         0.612         0.489         0.998         0.730
 CARDIO1        0.941         0.612         0.489         0.998         0.730


           Covariance Coverage
              C6            BAGE          EDUC          HEI2          SMOKE1
              ________      ________      ________      ________      ________
 C6             0.555
 BAGE           0.555         1.000
 EDUC           0.555         1.000         1.000
 HEI2           0.555         1.000         1.000         1.000
 SMOKE1         0.555         1.000         1.000         1.000         1.000
 DIAB1          0.555         1.000         1.000         1.000         1.000
 CARDIO1        0.555         1.000         1.000         1.000         1.000


           Covariance Coverage
              DIAB1         CARDIO1
              ________      ________
 DIAB1          1.000
 CARDIO1        1.000         1.000


SAMPLE STATISTICS


     ESTIMATED SAMPLE STATISTICS


           Means
              P2            P4            P6            C2            C4
              ________      ________      ________      ________      ________
 1              2.741         2.643         2.455         4.182         4.094


           Means
              C6            BAGE          EDUC          HEI2          SMOKE1
              ________      ________      ________      ________      ________
 1              4.071        -6.565         0.669         0.784         0.279


           Means
              DIAB1         CARDIO1
              ________      ________
 1              0.079         0.137


           Covariances
              P2            P4            P6            C2            C4
              ________      ________      ________      ________      ________
 P2             0.777
 P4             0.512         0.699
 P6             0.521         0.540         0.718
 C2             0.448         0.481         0.455         3.911
 C4             0.535         0.550         0.555         2.192         4.052
 C6             0.605         0.575         0.654         2.311         2.465
 BAGE          -3.824        -3.662        -4.173        -6.816        -8.123
 EDUC           0.104         0.091         0.096         0.277         0.296
 HEI2           2.366         2.381         2.385         2.736         3.061
 SMOKE1         0.065         0.056         0.061         0.039         0.082
 DIAB1         -0.017        -0.022        -0.030        -0.040        -0.042
 CARDIO1       -0.060        -0.057        -0.059        -0.072        -0.089


           Covariances
              C6            BAGE          EDUC          HEI2          SMOKE1
              ________      ________      ________      ________      ________
 C6             4.413
 BAGE          -9.023        82.523
 EDUC           0.273        -0.948         0.221
 HEI2           3.166       -17.559         0.601        47.407
 SMOKE1         0.084        -0.402         0.019         0.068         0.201
 DIAB1         -0.062         0.217        -0.002        -0.064        -0.003
 CARDIO1       -0.128         0.619        -0.013        -0.297        -0.012


           Covariances
              DIAB1         CARDIO1
              ________      ________
 DIAB1          0.073
 CARDIO1        0.009         0.118


           Correlations
              P2            P4            P6            C2            C4
              ________      ________      ________      ________      ________
 P2             1.000
 P4             0.694         1.000
 P6             0.698         0.761         1.000
 C2             0.257         0.291         0.272         1.000
 C4             0.302         0.326         0.325         0.551         1.000
 C6             0.327         0.327         0.367         0.556         0.583
 BAGE          -0.478        -0.482        -0.542        -0.379        -0.444
 EDUC           0.251         0.232         0.240         0.298         0.312
 HEI2           0.390         0.414         0.409         0.201         0.221
 SMOKE1         0.165         0.150         0.161         0.044         0.091
 DIAB1         -0.072        -0.096        -0.133        -0.075        -0.077
 CARDIO1       -0.197        -0.198        -0.204        -0.105        -0.129


           Correlations
              C6            BAGE          EDUC          HEI2          SMOKE1
              ________      ________      ________      ________      ________
 C6             1.000
 BAGE          -0.473         1.000
 EDUC           0.276        -0.222         1.000
 HEI2           0.219        -0.281         0.186         1.000
 SMOKE1         0.090        -0.099         0.089         0.022         1.000
 DIAB1         -0.109         0.088        -0.015        -0.034        -0.025
 CARDIO1       -0.178         0.198        -0.078        -0.126        -0.079


           Correlations
              DIAB1         CARDIO1
              ________      ________
 DIAB1          1.000
 CARDIO1        0.099         1.000


     MAXIMUM LOG-LIKELIHOOD VALUE FOR THE UNRESTRICTED (H1) MODEL IS -46022.606


UNIVARIATE SAMPLE STATISTICS


     UNIVARIATE HIGHER-ORDER MOMENT DESCRIPTIVE STATISTICS

         Variable/         Mean/     Skewness/   Minimum/ % with                Percentiles
        Sample Size      Variance    Kurtosis    Maximum  Min/Max      20%/60%    40%/80%    Median

     P2                    2.759      -0.284       0.000    0.24%       2.070      2.610      2.820
            2908.000       0.772       0.335       7.590    0.03%       3.030      3.480
     P4                    2.741      -0.126       0.000    0.05%       2.090      2.570      2.780
            1891.000       0.664       0.440       6.680    0.05%       2.970      3.420
     P6                    2.661      -0.491       0.000    1.46%       2.033      2.512      2.722
            1512.000       0.633       0.817       4.890    0.07%       2.895      3.303
     C2                    4.183      -0.229       0.000    6.42%       3.000      4.000      4.000
            3085.000       3.911      -0.132      10.000    0.23%       5.000      6.000
     C4                    4.265      -0.237       0.000    5.63%       3.000      4.000      4.000
            2257.000       3.867      -0.117      10.000    0.18%       5.000      6.000
     C6                    4.496      -0.281       0.000    5.19%       3.000      4.000      5.000
            1714.000       3.920       0.139      10.000    0.64%       5.000      6.000
     BAGE                 -6.565       0.483     -20.000    2.07%     -15.000    -11.000     -7.000
            3091.000      82.523      -0.638      20.000    0.10%      -5.000      2.000
     EDUC                  0.669      -0.718       0.000   33.10%       0.000      1.000      1.000
            3091.000       0.221      -1.484       1.000   66.90%       1.000      1.000
     HEI2                  0.784       0.045     -20.500    0.03%      -5.200     -1.000      0.700
            3091.000      47.407      -0.109      29.400    0.03%       2.400      6.700
     SMOKE1                0.279       0.988       0.000   72.14%       0.000      0.000      0.000
            3091.000       0.201      -1.024       1.000   27.86%       0.000      1.000
     DIAB1                 0.079       3.115       0.000   92.07%       0.000      0.000      0.000
            3091.000       0.073       7.702       1.000    7.93%       0.000      0.000
     CARDIO1               0.137       2.113       0.000   86.32%       0.000      0.000      0.000
            3091.000       0.118       2.466       1.000   13.68%       0.000      0.000


THE MODEL ESTIMATION TERMINATED NORMALLY



MODEL FIT INFORMATION

Number of Free Parameters                       41

Loglikelihood

          H0 Value                      -19473.077
          H0 Scaling Correction Factor      1.3114
            for MLR

Information Criteria

          Akaike (AIC)                   39028.155
          Bayesian (BIC)                 39275.641
          Sample-Size Adjusted BIC       39145.367
            (n* = (n + 2) / 24)



MODEL RESULTS

                                                    Two-Tailed
                    Estimate       S.E.  Est./S.E.    P-Value

 IP         ON
    BAGE              -0.033      0.002    -18.236      0.000
    EDUC               0.221      0.035      6.315      0.000
    HEI2               0.034      0.003     13.128      0.000
    SMOKE1             0.217      0.034      6.346      0.000
    DIAB1             -0.012      0.056     -0.215      0.830
    CARDIO1           -0.206      0.047     -4.435      0.000

 SP         ON
    BAGE               0.000      0.000     -1.311      0.190
    EDUC              -0.008      0.005     -1.752      0.080
    HEI2               0.000      0.000     -0.127      0.899
    SMOKE1            -0.004      0.004     -0.812      0.417
    DIAB1             -0.022      0.009     -2.583      0.010
    CARDIO1            0.004      0.006      0.680      0.497

 IC         ON
    BAGE              -0.059      0.005    -12.702      0.000
    EDUC               0.964      0.087     11.088      0.000
    HEI2               0.021      0.006      3.324      0.001
    SMOKE1            -0.067      0.084     -0.798      0.425
    DIAB1             -0.232      0.136     -1.704      0.088
    CARDIO1            0.027      0.121      0.223      0.823

 SC         ON
    BAGE              -0.003      0.001     -4.711      0.000
    EDUC              -0.017      0.012     -1.410      0.158
    HEI2               0.000      0.001      0.019      0.985
    SMOKE1             0.023      0.011      2.000      0.045
    DIAB1             -0.020      0.022     -0.901      0.367
    CARDIO1           -0.040      0.018     -2.202      0.028

 IP       WITH
    SP                -0.011      0.005     -2.401      0.016
    IC                 0.030      0.042      0.713      0.476
    SC                 0.005      0.005      1.006      0.314

 SP       WITH
    IC                 0.002      0.005      0.326      0.745
    SC                 0.000      0.001     -0.210      0.834

 IC       WITH
    SC                -0.010      0.020     -0.499      0.618

 P2       WITH
    C2                 0.012      0.015      0.790      0.430

 P4       WITH
    C4                 0.012      0.015      0.790      0.430

 P6       WITH
    C6                 0.012      0.015      0.790      0.430

 Intercepts
    P2                 0.000      0.000    999.000    999.000
    P4                 0.000      0.000    999.000    999.000
    P6                 0.000      0.000    999.000    999.000
    C2                 0.000      0.000    999.000    999.000
    C4                 0.000      0.000    999.000    999.000
    C6                 0.000      0.000    999.000    999.000
    IP                 2.404      0.033     73.792      0.000
    SP                -0.028      0.005     -5.904      0.000
    IC                 3.196      0.081     39.476      0.000
    SC                -0.026      0.012     -2.070      0.038

 Residual Variances
    P2                 0.192      0.018     10.966      0.000
    P4                 0.192      0.018     10.966      0.000
    P6                 0.192      0.018     10.966      0.000
    C2                 1.749      0.065     26.795      0.000
    C4                 1.749      0.065     26.795      0.000
    C6                 1.749      0.065     26.795      0.000
    IP                 0.363      0.037      9.873      0.000
    SP                 0.001      0.001      1.724      0.085
    IC                 1.390      0.157      8.853      0.000
    SC                 0.002      0.003      0.737      0.461

New/Additional Parameters
    R_IPIC             0.042      0.059      0.711      0.477
    R_SPSC            -0.080      0.383     -0.208      0.835
    R_RES_PC           0.020      0.025      0.785      0.432


QUALITY OF NUMERICAL RESULTS

     Condition Number for the Information Matrix              0.307E-06
       (ratio of smallest to largest eigenvalue)


CONFIDENCE INTERVALS OF MODEL RESULTS

                  Lower .5%  Lower 2.5%    Lower 5%    Estimate    Upper 5%  Upper 2.5%   Upper .5%

 IP       ON
    BAGE            -0.038      -0.037      -0.036      -0.033      -0.030      -0.030      -0.028
    EDUC             0.131       0.152       0.163       0.221       0.278       0.289       0.311
    HEI2             0.027       0.029       0.029       0.034       0.038       0.039       0.040
    SMOKE1           0.129       0.150       0.161       0.217       0.273       0.284       0.305
    DIAB1           -0.157      -0.122      -0.104      -0.012       0.080       0.098       0.133
    CARDIO1         -0.326      -0.297      -0.283      -0.206      -0.130      -0.115      -0.086

 SP       ON
    BAGE            -0.001      -0.001      -0.001       0.000       0.000       0.000       0.000
    EDUC            -0.021      -0.018      -0.016      -0.008      -0.001       0.001       0.004
    HEI2            -0.001      -0.001      -0.001       0.000       0.000       0.001       0.001
    SMOKE1          -0.015      -0.012      -0.011      -0.004       0.004       0.005       0.008
    DIAB1           -0.044      -0.039      -0.036      -0.022      -0.008      -0.005       0.000
    CARDIO1         -0.012      -0.008      -0.006       0.004       0.015       0.017       0.021

 IC       ON
    BAGE            -0.071      -0.068      -0.067      -0.059      -0.051      -0.050      -0.047
    EDUC             0.740       0.793       0.821       0.964       1.107       1.134       1.188
    HEI2             0.005       0.008       0.010       0.021       0.031       0.033       0.037
    SMOKE1          -0.282      -0.230      -0.204      -0.067       0.071       0.097       0.148
    DIAB1           -0.584      -0.500      -0.457      -0.232      -0.008       0.035       0.119
    CARDIO1         -0.285      -0.211      -0.172       0.027       0.227       0.265       0.339

 SC       ON
    BAGE            -0.005      -0.005      -0.005      -0.003      -0.002      -0.002      -0.002
    EDUC            -0.049      -0.042      -0.038      -0.017       0.003       0.007       0.014
    HEI2            -0.002      -0.002      -0.001       0.000       0.001       0.002       0.002
    SMOKE1          -0.007       0.000       0.004       0.023       0.042       0.045       0.053
    DIAB1           -0.075      -0.062      -0.055      -0.020       0.016       0.023       0.036
    CARDIO1         -0.087      -0.076      -0.070      -0.040      -0.010      -0.004       0.007

 IP       WITH
    SP              -0.023      -0.020      -0.019      -0.011      -0.004      -0.002       0.001
    IC              -0.078      -0.052      -0.039       0.030       0.098       0.111       0.137
    SC              -0.008      -0.005      -0.003       0.005       0.014       0.015       0.019

 SP       WITH
    IC              -0.012      -0.009      -0.007       0.002       0.011       0.012       0.015
    SC              -0.002      -0.001      -0.001       0.000       0.001       0.001       0.002

 IC       WITH
    SC              -0.062      -0.050      -0.043      -0.010       0.023       0.030       0.042

 P2       WITH
    C2              -0.026      -0.017      -0.013       0.012       0.036       0.040       0.049

 P4       WITH
    C4              -0.026      -0.017      -0.013       0.012       0.036       0.040       0.049

 P6       WITH
    C6              -0.026      -0.017      -0.013       0.012       0.036       0.040       0.049

 Intercepts
    P2               0.000       0.000       0.000       0.000       0.000       0.000       0.000
    P4               0.000       0.000       0.000       0.000       0.000       0.000       0.000
    P6               0.000       0.000       0.000       0.000       0.000       0.000       0.000
    C2               0.000       0.000       0.000       0.000       0.000       0.000       0.000
    C4               0.000       0.000       0.000       0.000       0.000       0.000       0.000
    C6               0.000       0.000       0.000       0.000       0.000       0.000       0.000
    IP               2.320       2.340       2.350       2.404       2.457       2.467       2.487
    SP              -0.041      -0.038      -0.036      -0.028      -0.021      -0.019      -0.016
    IC               2.988       3.038       3.063       3.196       3.330       3.355       3.405
    SC              -0.058      -0.050      -0.046      -0.026      -0.005      -0.001       0.006

 Residual Variances
    P2               0.147       0.158       0.163       0.192       0.221       0.227       0.237
    P4               0.147       0.158       0.163       0.192       0.221       0.227       0.237
    P6               0.147       0.158       0.163       0.192       0.221       0.227       0.237
    C2               1.581       1.621       1.641       1.749       1.856       1.877       1.917
    C4               1.581       1.621       1.641       1.749       1.856       1.877       1.917
    C6               1.581       1.621       1.641       1.749       1.856       1.877       1.917
    IP               0.268       0.291       0.302       0.363       0.423       0.435       0.458
    SP              -0.001       0.000       0.000       0.001       0.002       0.003       0.003
    IC               0.985       1.082       1.131       1.390       1.648       1.697       1.794
    SC              -0.006      -0.004      -0.003       0.002       0.008       0.009       0.011

New/Additional Parameters
    R_IPIC          -0.110      -0.073      -0.055       0.042       0.138       0.157       0.193
    R_SPSC          -1.066      -0.830      -0.710      -0.080       0.551       0.671       0.907
    R_RES_PC        -0.046      -0.030      -0.022       0.020       0.062       0.070       0.086


SAMPLE STATISTICS FOR ESTIMATED FACTOR SCORES


     SAMPLE STATISTICS


           Means
              IP            IP_SE         SP            SP_SE         IC
              ________      ________      ________      ________      ________
 1              2.826         0.346        -0.034         0.033         4.212


           Means
              IC_SE         SC            SC_SE
              ________      ________      ________
 1              0.755        -0.016         0.047


           Covariances
              IP            IP_SE         SP            SP_SE         IC
              ________      ________      ________      ________      ________
 IP             0.494
 IP_SE         -0.007         0.003
 SP            -0.005         0.000         0.000
 SP_SE          0.000         0.000         0.000         0.000
 IC             0.401        -0.015         0.001         0.000         1.505
 IC_SE         -0.014         0.003         0.000         0.000        -0.026
 SC             0.019         0.000         0.000         0.000         0.020
 SC_SE          0.000         0.000         0.000         0.000         0.000


           Covariances
              IC_SE         SC            SC_SE
              ________      ________      ________
 IC_SE          0.007
 SC            -0.001         0.002
 SC_SE          0.000         0.000         0.000


           Correlations
              IP            IP_SE         SP            SP_SE         IC
              ________      ________      ________      ________      ________
 IP             1.000
 IP_SE         -0.192         1.000
 SP            -0.421         0.023         1.000
 SP_SE         -0.248         0.778         0.013         1.000
 IC             0.465        -0.227         0.042        -0.278         1.000
 IC_SE         -0.234         0.567         0.037         0.610        -0.262
 SC             0.661        -0.183         0.051        -0.244         0.411
 SC_SE         -0.281         0.654         0.021         0.797        -0.313


           Correlations
              IC_SE         SC            SC_SE
              ________      ________      ________
 IC_SE          1.000
 SC            -0.205         1.000
 SC_SE          0.873        -0.280         1.000


PLOT INFORMATION

The following plots are available:

  Histograms (sample values, estimated factor scores)
  Scatterplots (sample values, estimated factor scores)
  Latent variable distribution plots

SAVEDATA INFORMATION


  Save file
    ELSAfSlopes_male_aehplus_fev_delayedrecall

  Order and format of variables

    P2             F10.3
    P4             F10.3
    P6             F10.3
    C2             F10.3
    C4             F10.3
    C6             F10.3
    BAGE           F10.3
    EDUC           F10.3
    HEI2           F10.3
    SMOKE1         F10.3
    DIAB1          F10.3
    CARDIO1        F10.3
    TIME2          F10.3
    TIME4          F10.3
    TIME6          F10.3
    IDAUNIQ        I7
    IP             F10.3
    IP_SE          F10.3
    SP             F10.3
    SP_SE          F10.3
    IC             F10.3
    IC_SE          F10.3
    SC             F10.3
    SC_SE          F10.3

  Save file format
    15F10.3 I7 8F10.3

  Save file record length    10000


DIAGRAM INFORMATION

  Use View Diagram under the Diagram menu in the Mplus Editor to view the diagram.
  If running Mplus from the Mplus Diagrammer, the diagram opens automatically.

  Diagram output
    c:\users\annie\dropbox\elsa_portland\phy cog final\b1_male_aehplus_fev_delayedrecall.dgm

     Beginning Time:  21:30:34
        Ending Time:  21:30:55
       Elapsed Time:  00:00:21



MUTHEN & MUTHEN
3463 Stoner Ave.
Los Angeles, CA  90066

Tel: (310) 391-9971
Fax: (310) 391-8971
Web: www.StatModel.com
Support: Support@StatModel.com

Copyright (c) 1998-2015 Muthen & Muthen
