Mplus VERSION 7.31
MUTHEN & MUTHEN
11/30/2016   2:28 PM

INPUT INSTRUCTIONS

  TITLE: b1 male aehplus fev immediaterecall

  DATA:  File = b1_male_aehplus_fev100_immediaterecall_newdatan.dat;

   VARIABLE: Names are
   P2 P4 P6 C2 C4 C6 BAGE2 EDUC2
   HEI2 SMOKE1 DIAB1 CARDIO1
   TIME2 TIME4 TIME6 IDAUNIQ
   t2miss t4miss t6miss nomatch;

         MISSING is all (-99999);

         USEVAR are P2 P4 P6 C2 C4 C6 BAGE2 EDUC2
          HEI2 SMOKE1 DIAB1 CARDIO1
          TIME2 TIME4 TIME6;


         TSCORES = time2 time4 time6;

       USEOBSERVATIONS are nomatch NE 0 and t2miss==0;

     Define:

      Time2=time2-time2; !to make time2 as the intercept
      time4=time4-time2;
      time6=time6-time2;

  ANALYSIS: TYPE = RANDOM;

  MODEL:  ip sp | p2 p4 p6 AT time2 time4 time6;
          ic sc | c2 c4 c6  AT time2 time4 time6;
          ip (v_ip);
          sp (v_sp);
          ic (v_ic);
          sc (v_sc);
          ip WITH sp (c_ipsp);
          ip WITH ic (c_ipic);
          ip WITH sc (c_ipsc);
          sp WITH ic (c_spic);
          sp WITH sc (c_spsc);
          ic WITH sc (c_icsc);

          ip sp ic sc ON Bage2
         educ2 hei2 smoke1 diab1 cardio1;

          p2 p4 p6  (res_p);
          c2 c4 c6 (res_c);
          p2 p4 p6 pwith c2 c4 c6(res_cov); !Paired covariances constrained to be equal

   MODEL CONSTRAINT:

  !        NEW r_ipsp;
          NEW r_ipic;
  !        NEW r_ipsc;
  !        NEW r_spic;
          NEW r_spsc;
  !        NEW r_icsc;

          NEW r_res_pc;

  !        r_ipsp = c_ipsp/((v_ip**0.5)*(v_sp**0.5));
          r_ipic = c_ipic/((v_ip**0.5)*(v_ic**0.5));
  !        r_ipsc = c_ipsc/((v_ip**0.5)*(v_sc**0.5));
  !        r_spic = c_spic/((v_sp**0.5)*(v_ic**0.5));
          r_spsc = c_spsc/((v_sp**0.5)*(v_sc**0.5));
  !        r_icsc = c_icsc/((v_ic**0.5)*(v_sc**0.5));

          r_res_pc = res_cov/((res_p**0.5)*(res_c**0.5));

  SAVEDATA:
  FILE IS   ELSAfSlopes_male_aehplus_fev100_immediaterecall;
  SAVE = FSCORES;
  PLOT:
   TYPE IS PLOT3;



  OUTPUT: sampstat Cinterval;





INPUT READING TERMINATED NORMALLY



b1 male aehplus fev immediaterecall

SUMMARY OF ANALYSIS

Number of groups                                                 1
Number of observations                                        2902

Number of dependent variables                                    6
Number of independent variables                                  6
Number of continuous latent variables                            4

Observed dependent variables

  Continuous
   P2          P4          P6          C2          C4          C6

Observed independent variables
   BAGE2       EDUC2       HEI2        SMOKE1      DIAB1       CARDIO1

Continuous latent variables
   IP          SP          IC          SC

Variables with special functions

  Time scores
   TIME2       TIME4       TIME6


Estimator                                                      MLR
Information matrix                                        OBSERVED
Maximum number of iterations                                   100
Convergence criterion                                    0.100D-05
Maximum number of EM iterations                                500
Convergence criteria for the EM algorithm
  Loglikelihood change                                   0.100D-02
  Relative loglikelihood change                          0.100D-05
  Derivative                                             0.100D-03
Minimum variance                                         0.100D-03
Maximum number of steepest descent iterations                   20
Maximum number of iterations for H1                           2000
Convergence criterion for H1                             0.100D-03
Optimization algorithm                                         EMA

Input data file(s)
  b1_male_aehplus_fev100_immediaterecall_newdatan.dat
Input data format  FREE


SUMMARY OF DATA

     Number of missing data patterns             9


COVARIANCE COVERAGE OF DATA

Minimum covariance coverage value   0.100


     PROPORTION OF DATA PRESENT


           Covariance Coverage
              P2            P4            P6            C2            C4
              ________      ________      ________      ________      ________
 P2             1.000
 P4             0.625         0.625
 P6             0.503         0.433         0.503
 C2             1.000         0.625         0.503         1.000
 C4             0.742         0.625         0.484         0.742         0.742
 C6             0.566         0.484         0.503         0.566         0.544
 BAGE2          1.000         0.625         0.503         1.000         0.742
 EDUC2          1.000         0.625         0.503         1.000         0.742
 HEI2           1.000         0.625         0.503         1.000         0.742
 SMOKE1         1.000         0.625         0.503         1.000         0.742
 DIAB1          1.000         0.625         0.503         1.000         0.742
 CARDIO1        1.000         0.625         0.503         1.000         0.742


           Covariance Coverage
              C6            BAGE2         EDUC2         HEI2          SMOKE1
              ________      ________      ________      ________      ________
 C6             0.566
 BAGE2          0.566         1.000
 EDUC2          0.566         1.000         1.000
 HEI2           0.566         1.000         1.000         1.000
 SMOKE1         0.566         1.000         1.000         1.000         1.000
 DIAB1          0.566         1.000         1.000         1.000         1.000
 CARDIO1        0.566         1.000         1.000         1.000         1.000


           Covariance Coverage
              DIAB1         CARDIO1
              ________      ________
 DIAB1          1.000
 CARDIO1        1.000         1.000


SAMPLE STATISTICS


     ESTIMATED SAMPLE STATISTICS


           Means
              P2            P4            P6            C2            C4
              ________      ________      ________      ________      ________
 1            275.916       266.617       247.746         5.619         5.488


           Means
              C6            BAGE2         EDUC2         HEI2          SMOKE1
              ________      ________      ________      ________      ________
 1              5.320        -4.502         0.679         0.866         0.718


           Means
              DIAB1         CARDIO1
              ________      ________
 1              0.079         0.131


           Covariances
              P2            P4            P6            C2            C4
              ________      ________      ________      ________      ________
 P2          7720.624
 P4          5058.028      6916.111
 P6          5157.101      5320.746      7125.672
 C2            36.330        35.490        34.232         2.887
 C4            49.118        48.618        48.315         1.432         3.012
 C6            55.332        51.024        57.084         1.529         1.810
 BAGE2       -372.657      -354.479      -405.516        -5.326        -7.152
 EDUC2         10.112         8.724         9.258         0.225         0.255
 HEI2         236.618       238.462       239.650         2.014         2.783
 SMOKE1        -6.499        -5.633        -6.136        -0.038        -0.061
 DIAB1         -1.703        -2.203        -2.914        -0.025        -0.042
 CARDIO1       -5.792        -5.572        -5.766        -0.068        -0.076


           Covariances
              C6            BAGE2         EDUC2         HEI2          SMOKE1
              ________      ________      ________      ________      ________
 C6             3.399
 BAGE2         -7.842        80.808
 EDUC2          0.264        -0.909         0.218
 HEI2           3.027       -16.793         0.612        47.685
 SMOKE1        -0.094         0.391        -0.018        -0.065         0.202
 DIAB1         -0.027         0.221        -0.001        -0.064         0.004
 CARDIO1       -0.094         0.602        -0.011        -0.294         0.011


           Covariances
              DIAB1         CARDIO1
              ________      ________
 DIAB1          0.073
 CARDIO1        0.008         0.114


           Correlations
              P2            P4            P6            C2            C4
              ________      ________      ________      ________      ________
 P2             1.000
 P4             0.692         1.000
 P6             0.695         0.758         1.000
 C2             0.243         0.251         0.239         1.000
 C4             0.322         0.337         0.330         0.486         1.000
 C6             0.342         0.333         0.367         0.488         0.566
 BAGE2         -0.472        -0.474        -0.534        -0.349        -0.458
 EDUC2          0.247         0.225         0.235         0.284         0.315
 HEI2           0.390         0.415         0.411         0.172         0.232
 SMOKE1        -0.164        -0.151        -0.162        -0.050        -0.078
 DIAB1         -0.072        -0.098        -0.128        -0.055        -0.090
 CARDIO1       -0.196        -0.199        -0.203        -0.119        -0.130


           Correlations
              C6            BAGE2         EDUC2         HEI2          SMOKE1
              ________      ________      ________      ________      ________
 C6             1.000
 BAGE2         -0.473         1.000
 EDUC2          0.306        -0.217         1.000
 HEI2           0.238        -0.271         0.190         1.000
 SMOKE1        -0.113         0.097        -0.084        -0.021         1.000
 DIAB1         -0.055         0.091        -0.012        -0.034         0.030
 CARDIO1       -0.152         0.199        -0.069        -0.126         0.072


           Correlations
              DIAB1         CARDIO1
              ________      ________
 DIAB1          1.000
 CARDIO1        0.091         1.000


     MAXIMUM LOG-LIKELIHOOD VALUE FOR THE UNRESTRICTED (H1) MODEL IS -71092.506


UNIVARIATE SAMPLE STATISTICS


     UNIVARIATE HIGHER-ORDER MOMENT DESCRIPTIVE STATISTICS

         Variable/         Mean/     Skewness/   Minimum/ % with                Percentiles
        Sample Size      Variance    Kurtosis    Maximum  Min/Max      20%/60%    40%/80%    Median

     P2                  275.916      -0.284       0.000    0.24%     207.000    261.000    282.000
            2902.000    7720.624       0.341     759.000    0.03%     303.000    348.000
     P4                  275.495      -0.123       0.000    0.06%     211.000    258.000    279.000
            1813.000    6600.877       0.471     668.000    0.06%     298.000    343.000
     P6                  267.280      -0.497       0.000    1.44%     205.039    252.363    273.784
            1459.000    6309.040       0.852     488.976    0.07%     290.708    330.799
     C2                    5.619      -0.561       0.000    0.41%       4.000      5.000      6.000
            2902.000       2.887       0.585      10.000    0.38%       6.000      7.000
     C4                    5.620      -0.450       0.000    0.79%       4.000      5.000      6.000
            2152.000       2.873       0.577      10.000    0.46%       6.000      7.000
     C6                    5.666      -0.570       0.000    1.28%       4.000      5.000      6.000
            1643.000       2.989       0.888      10.000    0.67%       6.000      7.000
     BAGE2                -4.502       0.512     -18.000    0.96%     -13.000     -9.000     -6.000
            2902.000      80.808      -0.595      22.000    0.07%      -3.000      4.000
     EDUC2                 0.679      -0.768       0.000   32.08%       0.000      1.000      1.000
            2902.000       0.218      -1.411       1.000   67.92%       1.000      1.000
     HEI2                  0.866       0.042     -20.500    0.03%      -5.200     -0.800      0.800
            2902.000      47.685      -0.103      29.400    0.03%       2.500      6.800
     SMOKE1                0.718      -0.972       0.000   28.15%       0.000      1.000      1.000
            2902.000       0.202      -1.056       1.000   71.85%       1.000      1.000
     DIAB1                 0.079       3.115       0.000   92.07%       0.000      0.000      0.000
            2902.000       0.073       7.703       1.000    7.93%       0.000      0.000
     CARDIO1               0.131       2.193       0.000   86.94%       0.000      0.000      0.000
            2902.000       0.114       2.807       1.000   13.06%       0.000      0.000


THE MODEL ESTIMATION TERMINATED NORMALLY



MODEL FIT INFORMATION

Number of Free Parameters                       41

Loglikelihood

          H0 Value                      -46253.245
          H0 Scaling Correction Factor      1.3435
            for MLR

Information Criteria

          Akaike (AIC)                   92588.490
          Bayesian (BIC)                 92833.390
          Sample-Size Adjusted BIC       92703.118
            (n* = (n + 2) / 24)



MODEL RESULTS

                                                    Two-Tailed
                    Estimate       S.E.  Est./S.E.    P-Value

 IP         ON
    BAGE2             -3.397      0.151    -22.522      0.000
    EDUC2             19.811      2.905      6.819      0.000
    HEI2               3.375      0.214     15.807      0.000
    SMOKE1           -21.304      2.845     -7.489      0.000
    DIAB1             -6.271      4.704     -1.333      0.183
    CARDIO1          -19.911      3.902     -5.103      0.000

 SP         ON
    BAGE2             -0.010      0.019     -0.520      0.603
    EDUC2             -0.679      0.365     -1.862      0.063
    HEI2               0.002      0.025      0.074      0.941
    SMOKE1             0.291      0.342      0.849      0.396
    DIAB1             -1.462      0.625     -2.339      0.019
    CARDIO1            0.257      0.496      0.518      0.604

 IC         ON
    BAGE2             -0.054      0.003    -15.654      0.000
    EDUC2              0.773      0.063     12.263      0.000
    HEI2               0.013      0.005      2.742      0.006
    SMOKE1             0.009      0.062      0.146      0.884
    DIAB1             -0.164      0.106     -1.551      0.121
    CARDIO1           -0.187      0.090     -2.086      0.037

 SC         ON
    BAGE2             -0.003      0.001     -5.430      0.000
    EDUC2              0.001      0.009      0.143      0.886
    HEI2               0.001      0.001      1.930      0.054
    SMOKE1            -0.019      0.008     -2.376      0.017
    DIAB1             -0.002      0.016     -0.144      0.885
    CARDIO1            0.000      0.013     -0.026      0.979

 IP       WITH
    SP               -78.900     26.044     -3.030      0.002
    IC                 3.388      2.205      1.537      0.124
    SC                 0.563      0.295      1.910      0.056

 SP       WITH
    IC                -0.063      0.261     -0.240      0.810
    SC                -0.021      0.034     -0.612      0.541

 IC       WITH
    SC                -0.019      0.010     -1.806      0.071

 P2       WITH
    C2                 2.092      1.224      1.709      0.087

 P4       WITH
    C4                 2.092      1.224      1.709      0.087

 P6       WITH
    C6                 2.092      1.224      1.709      0.087

 Intercepts
    P2                 0.000      0.000    999.000    999.000
    P4                 0.000      0.000    999.000    999.000
    P6                 0.000      0.000    999.000    999.000
    C2                 0.000      0.000    999.000    999.000
    C4                 0.000      0.000    999.000    999.000
    C6                 0.000      0.000    999.000    999.000
    IP               263.545      3.215     81.974      0.000
    SP                -2.107      0.445     -4.734      0.000
    IC                 4.881      0.074     65.841      0.000
    SC                -0.028      0.010     -2.713      0.007

 Residual Variances
    P2              1872.260    177.467     10.550      0.000
    P4              1872.260    177.467     10.550      0.000
    P6              1872.260    177.467     10.550      0.000
    C2                 1.388      0.056     24.742      0.000
    C4                 1.388      0.056     24.742      0.000
    C6                 1.388      0.056     24.742      0.000
    IP              3273.501    227.498     14.389      0.000
    SP                 9.585      4.213      2.275      0.023
    IC                 0.975      0.085     11.450      0.000
    SC                 0.004      0.002      2.331      0.020

New/Additional Parameters
    R_IPIC             0.060      0.039      1.528      0.127
    R_SPSC            -0.106      0.176     -0.600      0.548
    R_RES_PC           0.041      0.024      1.689      0.091


QUALITY OF NUMERICAL RESULTS

     Condition Number for the Information Matrix              0.120E-05
       (ratio of smallest to largest eigenvalue)


CONFIDENCE INTERVALS OF MODEL RESULTS

                  Lower .5%  Lower 2.5%    Lower 5%    Estimate    Upper 5%  Upper 2.5%   Upper .5%

 IP       ON
    BAGE2           -3.785      -3.692      -3.645      -3.397      -3.149      -3.101      -3.008
    EDUC2           12.328      14.117      15.032      19.811      24.590      25.505      27.294
    HEI2             2.825       2.957       3.024       3.375       3.727       3.794       3.925
    SMOKE1         -28.631     -26.880     -25.984     -21.304     -16.624     -15.728     -13.976
    DIAB1          -18.387     -15.491     -14.009      -6.271       1.468       2.950       5.846
    CARDIO1        -29.962     -27.559     -26.330     -19.911     -13.492     -12.263      -9.860

 SP       ON
    BAGE2           -0.060      -0.048      -0.042      -0.010       0.022       0.028       0.040
    EDUC2           -1.618      -1.393      -1.279      -0.679      -0.079       0.036       0.260
    HEI2            -0.062      -0.047      -0.039       0.002       0.043       0.050       0.066
    SMOKE1          -0.591      -0.380      -0.273       0.291       0.854       0.962       1.172
    DIAB1           -3.073      -2.688      -2.491      -1.462      -0.434      -0.237       0.148
    CARDIO1         -1.021      -0.715      -0.559       0.257       1.074       1.230       1.536

 IC       ON
    BAGE2           -0.062      -0.060      -0.059      -0.054      -0.048      -0.047      -0.045
    EDUC2            0.611       0.650       0.669       0.773       0.877       0.897       0.936
    HEI2             0.001       0.004       0.005       0.013       0.020       0.022       0.025
    SMOKE1          -0.149      -0.112      -0.092       0.009       0.110       0.130       0.167
    DIAB1           -0.436      -0.371      -0.337      -0.164       0.010       0.043       0.108
    CARDIO1         -0.418      -0.363      -0.335      -0.187      -0.040      -0.011       0.044

 SC       ON
    BAGE2           -0.004      -0.004      -0.004      -0.003      -0.002      -0.002      -0.001
    EDUC2           -0.022      -0.016      -0.014       0.001       0.016       0.019       0.025
    HEI2             0.000       0.000       0.000       0.001       0.002       0.002       0.003
    SMOKE1          -0.040      -0.035      -0.033      -0.019      -0.006      -0.003       0.002
    DIAB1           -0.045      -0.035      -0.029      -0.002       0.025       0.030       0.040
    CARDIO1         -0.034      -0.026      -0.022       0.000       0.021       0.025       0.034

 IP       WITH
    SP            -145.984    -129.946    -121.742     -78.900     -36.058     -27.854     -11.816
    IC              -2.291      -0.933      -0.239       3.388       7.014       7.709       9.066
    SC              -0.196      -0.015       0.078       0.563       1.047       1.140       1.321

 SP       WITH
    IC              -0.735      -0.574      -0.492      -0.063       0.367       0.449       0.609
    SC              -0.107      -0.086      -0.076      -0.021       0.035       0.045       0.066

 IC       WITH
    SC              -0.045      -0.039      -0.036      -0.019      -0.002       0.002       0.008

 P2       WITH
    C2              -1.060      -0.307       0.079       2.092       4.106       4.491       5.245

 P4       WITH
    C4              -1.060      -0.307       0.079       2.092       4.106       4.491       5.245

 P6       WITH
    C6              -1.060      -0.307       0.079       2.092       4.106       4.491       5.245

 Intercepts
    P2               0.000       0.000       0.000       0.000       0.000       0.000       0.000
    P4               0.000       0.000       0.000       0.000       0.000       0.000       0.000
    P6               0.000       0.000       0.000       0.000       0.000       0.000       0.000
    C2               0.000       0.000       0.000       0.000       0.000       0.000       0.000
    C4               0.000       0.000       0.000       0.000       0.000       0.000       0.000
    C6               0.000       0.000       0.000       0.000       0.000       0.000       0.000
    IP             255.264     257.244     258.257     263.545     268.834     269.847     271.826
    SP              -3.253      -2.979      -2.839      -2.107      -1.375      -1.235      -0.961
    IC               4.690       4.736       4.759       4.881       5.003       5.026       5.072
    SC              -0.055      -0.048      -0.045      -0.028      -0.011      -0.008      -0.001

 Residual Variances
    P2            1415.139    1524.424    1580.326    1872.260    2164.194    2220.096    2329.380
    P4            1415.139    1524.424    1580.326    1872.260    2164.194    2220.096    2329.380
    P6            1415.139    1524.424    1580.326    1872.260    2164.194    2220.096    2329.380
    C2               1.244       1.278       1.296       1.388       1.481       1.498       1.533
    C4               1.244       1.278       1.296       1.388       1.481       1.498       1.533
    C6               1.244       1.278       1.296       1.388       1.481       1.498       1.533
    IP            2687.513    2827.606    2899.268    3273.501    3647.735    3719.397    3859.490
    SP              -1.268       1.327       2.654       9.585      16.515      17.842      20.437
    IC               0.756       0.808       0.835       0.975       1.116       1.142       1.195
    SC               0.000       0.001       0.001       0.004       0.007       0.007       0.008

New/Additional Parameters
    R_IPIC          -0.041      -0.017      -0.005       0.060       0.125       0.137       0.161
    R_SPSC          -0.560      -0.451      -0.396      -0.106       0.184       0.240       0.348
    R_RES_PC        -0.022      -0.007       0.001       0.041       0.081       0.089       0.104


SAMPLE STATISTICS FOR ESTIMATED FACTOR SCORES


     SAMPLE STATISTICS


           Means
              IP            IP_SE         SP            SP_SE         IC
              ________      ________      ________      ________      ________
 1            276.814        30.278        -2.395         2.800         5.627


           Means
              IC_SE         SC            SC_SE
              ________      ________      ________
 1              0.668        -0.028         0.059


           Covariances
              IP            IP_SE         SP            SP_SE         IC
              ________      ________      ________      ________      ________
 IP          4873.186
 IP_SE        -48.378         8.591
 SP           -44.545         0.322         2.017
 SP_SE         -1.593         0.191         0.008         0.007
 IC            34.795        -0.770        -0.153        -0.025         1.033
 IC_SE         -0.823         0.132         0.006         0.003        -0.013
 SC             1.858        -0.022        -0.010        -0.001         0.015
 SC_SE         -0.026         0.003         0.000         0.000         0.000


           Covariances
              IC_SE         SC            SC_SE
              ________      ________      ________
 IC_SE          0.003
 SC             0.000         0.001
 SC_SE          0.000         0.000         0.000


           Correlations
              IP            IP_SE         SP            SP_SE         IC
              ________      ________      ________      ________      ________
 IP             1.000
 IP_SE         -0.236         1.000
 SP            -0.449         0.077         1.000
 SP_SE         -0.274         0.783         0.065         1.000
 IC             0.491        -0.258        -0.106        -0.296         1.000
 IC_SE         -0.228         0.871         0.076         0.744        -0.248
 SC             0.720        -0.205        -0.192        -0.264         0.406
 SC_SE         -0.276         0.771         0.071         0.903        -0.290


           Correlations
              IC_SE         SC            SC_SE
              ________      ________      ________
 IC_SE          1.000
 SC            -0.190         1.000
 SC_SE          0.843        -0.259         1.000


PLOT INFORMATION

The following plots are available:

  Histograms (sample values, estimated factor scores)
  Scatterplots (sample values, estimated factor scores)
  Latent variable distribution plots

SAVEDATA INFORMATION


  Save file
    ELSAfSlopes_male_aehplus_fev100_immediaterecall

  Order and format of variables

    P2             F10.3
    P4             F10.3
    P6             F10.3
    C2             F10.3
    C4             F10.3
    C6             F10.3
    BAGE2          F10.3
    EDUC2          F10.3
    HEI2           F10.3
    SMOKE1         F10.3
    DIAB1          F10.3
    CARDIO1        F10.3
    TIME2          F10.3
    TIME4          F10.3
    TIME6          F10.3
    IP             F10.3
    IP_SE          F10.3
    SP             F10.3
    SP_SE          F10.3
    IC             F10.3
    IC_SE          F10.3
    SC             F10.3
    SC_SE          F10.3

  Save file format
    23F10.3

  Save file record length    10000


DIAGRAM INFORMATION

  Use View Diagram under the Diagram menu in the Mplus Editor to view the diagram.
  If running Mplus from the Mplus Diagrammer, the diagram opens automatically.

  Diagram output
    c:\users\annie\dropbox\elsa_portland\phy cog final\phy cog final - t2 covariates\b1_male_aehplus

     Beginning Time:  14:28:26
        Ending Time:  14:29:02
       Elapsed Time:  00:00:36



MUTHEN & MUTHEN
3463 Stoner Ave.
Los Angeles, CA  90066

Tel: (310) 391-9971
Fax: (310) 391-8971
Web: www.StatModel.com
Support: Support@StatModel.com

Copyright (c) 1998-2015 Muthen & Muthen
