Mplus VERSION 7.4 (Mac)
MUTHEN & MUTHEN
02/08/2017  10:48 PM

INPUT INSTRUCTIONS

  TITLE:
  Script produced from the prototype in ./sandbox/syntax-creator/
  DATA:
  File = wide-dataset.dat ;
  VARIABLE:
  NAMES are
   id male age_c70 edu_c7 htm_c smoke cardio diabetes dementia_ever
      dementia_baseline bnt_00 bnt_01 bnt_02 bnt_03 bnt_04 bnt_05 bnt_06 bnt_07
      bnt_08 bnt_09 bnt_10 bnt_11 bnt_12 bnt_13 bnt_14 bnt_15 bnt_16 bnt_17
      bnt_18 bostordel_00 bostordel_01 bostordel_02 bostordel_03 bostordel_04
      bostordel_05 bostordel_06 bostordel_07 bostordel_08 bostordel_09 bostordel_10
      bostordel_11 bostordel_12 bostordel_13 bostordel_14 bostordel_15 bostordel_16
      bostordel_17 bostordel_18 bostorim_00 bostorim_01 bostorim_02 bostorim_03
      bostorim_04 bostorim_05 bostorim_06 bostorim_07 bostorim_08 bostorim_09
      bostorim_10 bostorim_11 bostorim_12 bostorim_13 bostorim_14 bostorim_15
      bostorim_16 bostorim_17 bostorim_18 catfluency_00 catfluency_01 catfluency_02
      catfluency_03 catfluency_04 catfluency_05 catfluency_06 catfluency_07
      catfluency_08 catfluency_09 catfluency_10 catfluency_11 catfluency_12
      catfluency_13 catfluency_14 catfluency_15 catfluency_16 catfluency_17
      catfluency_18 complexideas_00 complexideas_01 complexideas_02 complexideas_03
      complexideas_04 complexideas_05 complexideas_06 complexideas_07 complexideas_08
      complexideas_09 complexideas_10 complexideas_11 complexideas_12 complexideas_13
      complexideas_14 complexideas_15 complexideas_16 complexideas_17 complexideas_18
      digitbackward_00 digitbackward_01 digitbackward_02 digitbackward_03
      digitbackward_04 digitbackward_05 digitbackward_06 digitbackward_07
      digitbackward_08 digitbackward_09 digitbackward_10 digitbackward_11
      digitbackward_12 digitbackward_13 digitbackward_14 digitbackward_15
      digitbackward_16 digitbackward_17 digitbackward_18 digitforward_00
      digitforward_01 digitforward_02 digitforward_03 digitforward_04 digitforward_05
      digitforward_06 digitforward_07 digitforward_08 digitforward_09 digitforward_10
      digitforward_11 digitforward_12 digitforward_13 digitforward_14 digitforward_15
      digitforward_16 digitforward_17 digitforward_18 digitorder_00 digitorder_01
      digitorder_02 digitorder_03 digitorder_04 digitorder_05 digitorder_06
      digitorder_07 digitorder_08 digitorder_09 digitorder_10 digitorder_11
      digitorder_12 digitorder_13 digitorder_14 digitorder_15 digitorder_16
      digitorder_17 digitorder_18 fev_00 fev_01 fev_02 fev_03 fev_04 fev_05 fev_06
      fev_07 fev_08 fev_09 fev_10 fev_11 fev_12 fev_13 fev_14 fev_15 fev_16 fev_17
      fev_18 fev100_00 fev100_01 fev100_02 fev100_03 fev100_04 fev100_05 fev100_06
      fev100_07 fev100_08 fev100_09 fev100_10 fev100_11 fev100_12 fev100_13 fev100_14
      fev100_15 fev100_16 fev100_17 fev100_18 gait_00 gait_01 gait_02 gait_03 gait_04
      gait_05 gait_06 gait_07 gait_08 gait_09 gait_10 gait_11 gait_12 gait_13 gait_14
      gait_15 gait_16 gait_17 gait_18 grip_00 grip_01 grip_02 grip_03 grip_04 grip_05
      grip_06 grip_07 grip_08 grip_09 grip_10 grip_11 grip_12 grip_13 grip_14 grip_15
      grip_16 grip_17 grip_18 lineorientation_00 lineorientation_01 lineorientation_02
      lineorientation_03 lineorientation_04 lineorientation_05 lineorientation_06
      lineorientation_07 lineorientation_08 lineorientation_09 lineorientation_10
      lineorientation_11 lineorientation_12 lineorientation_13 lineorientation_14
      lineorientation_15 lineorientation_16 lineorientation_17 lineorientation_18
      logimemdel_00 logimemdel_01 logimemdel_02 logimemdel_03 logimemdel_04
      logimemdel_05 logimemdel_06 logimemdel_07 logimemdel_08 logimemdel_09
      logimemdel_10 logimemdel_11 logimemdel_12 logimemdel_13 logimemdel_14
      logimemdel_15 logimemdel_16 logimemdel_17 logimemdel_18 logimemim_00
      logimemim_01 logimemim_02 logimemim_03 logimemim_04 logimemim_05 logimemim_06
      logimemim_07 logimemim_08 logimemim_09 logimemim_10 logimemim_11 logimemim_12
      logimemim_13 logimemim_14 logimemim_15 logimemim_16 logimemim_17 logimemim_18
      matrices_00 matrices_01 matrices_02 matrices_03 matrices_04 matrices_05
      matrices_06 matrices_07 matrices_08 matrices_09 matrices_10 matrices_11
      matrices_12 matrices_13 matrices_14 matrices_15 matrices_16 matrices_17
      matrices_18 mmse_00 mmse_01 mmse_02 mmse_03 mmse_04 mmse_05 mmse_06 mmse_07
      mmse_08 mmse_09 mmse_10 mmse_11 mmse_12 mmse_13 mmse_14 mmse_15 mmse_16 mmse_17
      mmse_18 nart_00 nart_01 nart_02 nart_03 nart_04 nart_05 nart_06 nart_07 nart_08
      nart_09 nart_10 nart_11 nart_12 nart_13 nart_14 nart_15 nart_16 nart_17 nart_18
      numbercomparison_00 numbercomparison_01 numbercomparison_02 numbercomparison_03
      numbercomparison_04 numbercomparison_05 numbercomparison_06 numbercomparison_07
      numbercomparison_08 numbercomparison_09 numbercomparison_10 numbercomparison_11
      numbercomparison_12 numbercomparison_13 numbercomparison_14 numbercomparison_15
      numbercomparison_16 numbercomparison_17 numbercomparison_18 symbol_00
      symbol_01 symbol_02 symbol_03 symbol_04 symbol_05 symbol_06 symbol_07 symbol_08
      symbol_09 symbol_10 symbol_11 symbol_12 symbol_13 symbol_14 symbol_15 symbol_16
      symbol_17 symbol_18 wordlistdel_00 wordlistdel_01 wordlistdel_02 wordlistdel_03
      wordlistdel_04 wordlistdel_05 wordlistdel_06 wordlistdel_07 wordlistdel_08
      wordlistdel_09 wordlistdel_10 wordlistdel_11 wordlistdel_12 wordlistdel_13
      wordlistdel_14 wordlistdel_15 wordlistdel_16 wordlistdel_17 wordlistdel_18
      wordlistim_00 wordlistim_01 wordlistim_02 wordlistim_03 wordlistim_04
      wordlistim_05 wordlistim_06 wordlistim_07 wordlistim_08 wordlistim_09
      wordlistim_10 wordlistim_11 wordlistim_12 wordlistim_13 wordlistim_14
      wordlistim_15 wordlistim_16 wordlistim_17 wordlistim_18 wordlistrecog_00
      wordlistrecog_01 wordlistrecog_02 wordlistrecog_03 wordlistrecog_04
      wordlistrecog_05 wordlistrecog_06 wordlistrecog_07 wordlistrecog_08
      wordlistrecog_09 wordlistrecog_10 wordlistrecog_11 wordlistrecog_12
      wordlistrecog_13 wordlistrecog_14 wordlistrecog_15 wordlistrecog_16
      wordlistrecog_17 wordlistrecog_18 years_since_bl_00 years_since_bl_01
      years_since_bl_02 years_since_bl_03 years_since_bl_04 years_since_bl_05
      years_since_bl_06 years_since_bl_07 years_since_bl_08 years_since_bl_09
      years_since_bl_10 years_since_bl_11 years_since_bl_12 years_since_bl_13
      years_since_bl_14 years_since_bl_15 years_since_bl_16 years_since_bl_17
      years_since_bl_18
  	;
  Missing are all (-9999);
  USEVARIABLES are
  	!define the variables used in the analysis
  	! covariates used in the model
  age_c70
  edu_c7
  htm_c
  smoke
  cardio
  diabetes	
  	!estimated time points
  time_00
  time_01
  time_02
  time_03
  time_04
  	!modelled time points of process (A)
  a_00
  a_01
  a_02
  a_03
  a_04
  	!modelled time points of process (B)
  b_00
  b_01
  b_02
  b_03
  b_04
  ;
  TSCORES are
  	!estimated time points
  time_00
  time_01
  time_02
  time_03
  time_04;
  USEOBSERVATIONS are
  	!select a subset of observations
  male EQ 0
  and
  dementia_baseline NE 1
  ;
  DEFINE:
  	! assign variables to the process (A)
  a_00=grip_00;
  a_01=grip_01;
  a_02=grip_02;
  a_03=grip_03;
  a_04=grip_04;
  	! assign variables to the process (B)
  b_00=logimemdel_00;
  b_01=logimemdel_01;
  b_02=logimemdel_02;
  b_03=logimemdel_03;
  b_04=logimemdel_04;
  	!assign variables to time points
  time_00=years_since_bl_00;
  time_01=years_since_bl_01;
  time_02=years_since_bl_02;
  time_03=years_since_bl_03;
  time_04=years_since_bl_04;
  	
  ANALYSIS:
  TYPE = RANDOM;
  COVERAGE=.00;
  MODEL:
  	!first-level equation
  	! assign process (A) to time points
  ia sa | a_00 AT time_00 ;
  ia sa | a_01 AT time_01 ;
  ia sa | a_02 AT time_02 ;
  ia sa | a_03 AT time_03 ;
  ia sa | a_04 AT time_04 ;
  	! assign process (B) to time points
  ib sb | b_00 AT time_00 ;
  ib sb | b_01 AT time_01 ;
  ib sb | b_02 AT time_02 ;
  ib sb | b_03 AT time_03 ;
  ib sb | b_04 AT time_04 ;
  	!variance of the first-level terms
  ia (v_ia);
  sa (v_sa);
  ib (v_ib);
  sb (v_sb);
  	!covariance among first-level terms
  ia WITH sa (c_iasa);
  ia WITH ib (c_iaib);
  ia WITH sb (c_iasb);
  sa WITH ib (c_saib);
  sa WITH sb (c_sasb);
  ib WITH sb (c_ibsb);
  	!second-level equation
  ia sa ib sb ON age_c70
  edu_c7
  htm_c
  smoke
  cardio
  diabetes;
  	!residual covariance of process (A)
  a_00 (res_a);
  a_01 (res_a);
  a_02 (res_a);
  a_03 (res_a);
  a_04 (res_a);	
  	!residual covariance of process (B)
  b_00 (res_b);
  b_01 (res_b);
  b_02 (res_b);
  b_03 (res_b);
  b_04 (res_b);	
  	!Paired covariances constrained to be equal across t
  a_00 pwith b_00 (res_cov);
  a_01 pwith b_01 (res_cov);
  a_02 pwith b_02 (res_cov);
  a_03 pwith b_03 (res_cov);
  a_04 pwith b_04 (res_cov);	
  MODEL CONSTRAINT:
  	!assigns labels to new parameters;
  NEW r_iaib;
  NEW r_sasb;
  NEW r_res_ab;
  	!compute confidence intervals for correlation coefficients;
  r_iaib = c_iaib/((v_ia**0.5)*(v_ib**0.5));
  r_sasb = c_sasb/((v_sa**0.5)*(v_sb**0.5));
  r_res_ab = res_cov/((res_a**0.5)*(res_b**0.5));
  SAVEDATA:
  FILE is   b1_female_aehplus_grip_logimemdel_fscores.dat;
  SAVE = FSCORES;
  RESULTS are   b1_female_aehplus_grip_logimemdel_results.dat;
  	
  OUTPUT: sampstat cinterval;
  PLOT: Type is Plot1 Plot2 Plot3;



*** WARNING
  Data set contains cases with missing on x-variables.
  These cases were not included in the analysis.
  Number of cases with missing on x-variables:  149
   1 WARNING(S) FOUND IN THE INPUT INSTRUCTIONS




Script produced from the prototype in ./sandbox/syntax-creator/

SUMMARY OF ANALYSIS

Number of groups                                                 1
Number of observations                                        1160

Number of dependent variables                                   10
Number of independent variables                                  6
Number of continuous latent variables                            4

Observed dependent variables

  Continuous
   A_00        A_01        A_02        A_03        A_04        B_00
   B_01        B_02        B_03        B_04

Observed independent variables
   AGE_C70     EDU_C7      HTM_C       SMOKE       CARDIO      DIABETES

Continuous latent variables
   IA          SA          IB          SB

Variables with special functions

  Time scores
   TIME_00     TIME_01     TIME_02     TIME_03     TIME_04


Estimator                                                      MLR
Information matrix                                        OBSERVED
Maximum number of iterations                                   100
Convergence criterion                                    0.100D-05
Maximum number of EM iterations                                500
Convergence criteria for the EM algorithm
  Loglikelihood change                                   0.100D-02
  Relative loglikelihood change                          0.100D-05
  Derivative                                             0.100D-03
Minimum variance                                         0.100D-03
Maximum number of steepest descent iterations                   20
Maximum number of iterations for H1                           2000
Convergence criterion for H1                             0.100D-03
Optimization algorithm                                         EMA

Input data file(s)
  wide-dataset.dat
Input data format  FREE


SUMMARY OF DATA

     Number of missing data patterns            95


COVARIANCE COVERAGE OF DATA

Minimum covariance coverage value   0.000


     PROPORTION OF DATA PRESENT


           Covariance Coverage
              A_00          A_01          A_02          A_03          A_04
              ________      ________      ________      ________      ________
 A_00           0.871
 A_01           0.636         0.644
 A_02           0.530         0.484         0.547
 A_03           0.389         0.342         0.359         0.472
 A_04           0.267         0.229         0.235         0.292         0.341
 B_00           0.868         0.642         0.545         0.470         0.339
 B_01           0.768         0.643         0.538         0.463         0.332
 B_02           0.683         0.587         0.542         0.459         0.331
 B_03           0.589         0.500         0.485         0.470         0.329
 B_04           0.495         0.422         0.409         0.403         0.339
 AGE_C70        0.871         0.644         0.547         0.472         0.341
 EDU_C7         0.871         0.644         0.547         0.472         0.341
 HTM_C          0.871         0.644         0.547         0.472         0.341
 SMOKE          0.871         0.644         0.547         0.472         0.341
 CARDIO         0.871         0.644         0.547         0.472         0.341
 DIABETES       0.871         0.644         0.547         0.472         0.341


           Covariance Coverage
              B_00          B_01          B_02          B_03          B_04
              ________      ________      ________      ________      ________
 B_00           0.997
 B_01           0.860         0.863
 B_02           0.772         0.756         0.775
 B_03           0.672         0.660         0.653         0.675
 B_04           0.570         0.558         0.549         0.547         0.572
 AGE_C70        0.997         0.863         0.775         0.675         0.572
 EDU_C7         0.997         0.863         0.775         0.675         0.572
 HTM_C          0.997         0.863         0.775         0.675         0.572
 SMOKE          0.997         0.863         0.775         0.675         0.572
 CARDIO         0.997         0.863         0.775         0.675         0.572
 DIABETES       0.997         0.863         0.775         0.675         0.572


           Covariance Coverage
              AGE_C70       EDU_C7        HTM_C         SMOKE         CARDIO
              ________      ________      ________      ________      ________
 AGE_C70        1.000
 EDU_C7         1.000         1.000
 HTM_C          1.000         1.000         1.000
 SMOKE          1.000         1.000         1.000         1.000
 CARDIO         1.000         1.000         1.000         1.000         1.000
 DIABETES       1.000         1.000         1.000         1.000         1.000


           Covariance Coverage
              DIABETES
              ________
 DIABETES       1.000


SAMPLE STATISTICS


     ESTIMATED SAMPLE STATISTICS


           Means
              A_00          A_01          A_02          A_03          A_04
              ________      ________      ________      ________      ________
 1             40.868        39.559        38.703        37.329        35.756


           Means
              B_00          B_01          B_02          B_03          B_04
              ________      ________      ________      ________      ________
 1              9.483         9.926        10.115        10.107         9.969


           Means
              AGE_C70       EDU_C7        HTM_C         SMOKE         CARDIO
              ________      ________      ________      ________      ________
 1              9.449         7.389        -0.011         0.392         0.119


           Means
              DIABETES
              ________
 1              0.176


           Covariances
              A_00          A_01          A_02          A_03          A_04
              ________      ________      ________      ________      ________
 A_00         147.883
 A_01         128.350       151.233
 A_02         126.205       131.748       153.148
 A_03         124.950       129.542       136.900       155.289
 A_04         129.088       133.536       136.006       143.739       166.329
 B_00           9.563         9.391        11.082        11.617        11.233
 B_01          11.028        11.777        12.776        14.282        14.135
 B_02          13.286        14.365        16.202        15.929        15.959
 B_03          14.822        15.309        18.140        20.013        18.017
 B_04          19.709        20.553        23.961        26.204        25.875
 AGE_C70      -42.120       -41.337       -45.574       -47.546       -45.885
 EDU_C7         4.410         5.169         4.420         3.552         2.752
 HTM_C          0.275         0.261         0.285         0.260         0.266
 SMOKE          0.343         0.301         0.268         0.427         0.376
 CARDIO        -0.160        -0.109        -0.137        -0.139        -0.138
 DIABETES       0.108         0.147        -0.054         0.154         0.196


           Covariances
              B_00          B_01          B_02          B_03          B_04
              ________      ________      ________      ________      ________
 B_00          19.818
 B_01          15.409        22.821
 B_02          16.078        18.806        26.439
 B_03          16.254        19.077        22.044        28.614
 B_04          17.028        20.747        23.071        25.127        32.093
 AGE_C70       -9.157        -9.728       -11.792       -13.345       -15.738
 EDU_C7         3.521         4.011         4.112         4.379         4.483
 HTM_C          0.061         0.047         0.060         0.061         0.080
 SMOKE          0.115         0.040         0.066         0.032         0.056
 CARDIO        -0.045        -0.071        -0.065        -0.069        -0.036
 DIABETES       0.016        -0.023         0.009        -0.046         0.037


           Covariances
              AGE_C70       EDU_C7        HTM_C         SMOKE         CARDIO
              ________      ________      ________      ________      ________
 AGE_C70       60.336
 EDU_C7        -1.506         9.282
 HTM_C         -0.126         0.030         0.005
 SMOKE         -0.275         0.023         0.003         0.238
 CARDIO         0.244        -0.022        -0.001         0.002         0.105
 DIABETES      -0.242        -0.160         0.001        -0.007         0.006


           Covariances
              DIABETES
              ________
 DIABETES       0.145


           Correlations
              A_00          A_01          A_02          A_03          A_04
              ________      ________      ________      ________      ________
 A_00           1.000
 A_01           0.858         1.000
 A_02           0.839         0.866         1.000
 A_03           0.825         0.845         0.888         1.000
 A_04           0.823         0.842         0.852         0.894         1.000
 B_00           0.177         0.172         0.201         0.209         0.196
 B_01           0.190         0.200         0.216         0.240         0.229
 B_02           0.212         0.227         0.255         0.249         0.241
 B_03           0.228         0.233         0.274         0.300         0.261
 B_04           0.286         0.295         0.342         0.371         0.354
 AGE_C70       -0.446        -0.433        -0.474        -0.491        -0.458
 EDU_C7         0.119         0.138         0.117         0.094         0.070
 HTM_C          0.328         0.309         0.335         0.303         0.300
 SMOKE          0.058         0.050         0.044         0.070         0.060
 CARDIO        -0.041        -0.027        -0.034        -0.034        -0.033
 DIABETES       0.023         0.031        -0.012         0.032         0.040


           Correlations
              B_00          B_01          B_02          B_03          B_04
              ________      ________      ________      ________      ________
 B_00           1.000
 B_01           0.725         1.000
 B_02           0.702         0.766         1.000
 B_03           0.683         0.747         0.801         1.000
 B_04           0.675         0.767         0.792         0.829         1.000
 AGE_C70       -0.265        -0.262        -0.295        -0.321        -0.358
 EDU_C7         0.260         0.276         0.262         0.269         0.260
 HTM_C          0.200         0.144         0.169         0.167         0.206
 SMOKE          0.053         0.017         0.026         0.012         0.020
 CARDIO        -0.031        -0.046        -0.039        -0.040        -0.020
 DIABETES       0.009        -0.013         0.005        -0.023         0.017


           Correlations
              AGE_C70       EDU_C7        HTM_C         SMOKE         CARDIO
              ________      ________      ________      ________      ________
 AGE_C70        1.000
 EDU_C7        -0.064         1.000
 HTM_C         -0.236         0.144         1.000
 SMOKE         -0.072         0.016         0.077         1.000
 CARDIO         0.097        -0.022        -0.063         0.016         1.000
 DIABETES      -0.082        -0.138         0.022        -0.037         0.047


           Correlations
              DIABETES
              ________
 DIABETES       1.000


     MAXIMUM LOG-LIKELIHOOD VALUE FOR THE UNRESTRICTED (H1) MODEL IS -30053.058


UNIVARIATE SAMPLE STATISTICS


     UNIVARIATE HIGHER-ORDER MOMENT DESCRIPTIVE STATISTICS

         Variable/         Mean/     Skewness/   Minimum/ % with                Percentiles
        Sample Size      Variance    Kurtosis    Maximum  Min/Max      20%/60%    40%/80%    Median

     A_00                 40.488       0.250       4.000    0.10%      30.250     37.250     40.000
            1010.000     148.718       0.429      97.750    0.10%      43.000     50.250
     A_01                 39.138       0.090       0.000    0.13%      29.500     36.250     39.000
             747.000     138.150       0.144      77.000    0.13%      41.750     49.250
     A_02                 38.504      -0.013       0.000    0.16%      27.750     35.250     38.500
             635.000     136.310      -0.241      71.750    0.16%      41.250     48.750
     A_03                 37.214       0.174       0.000    0.18%      27.750     33.500     37.500
             547.000     133.752       0.023      73.750    0.18%      39.750     46.750
     A_04                 36.734       0.301       0.000    0.25%      26.750     33.250     36.500
             395.000     144.132       0.551      76.250    0.25%      39.000     46.000
     B_00                  9.489      -0.038       0.000    1.90%       5.000      8.000     10.000
            1157.000      19.756      -0.568      22.000    0.09%      11.000     13.000
     B_01                 10.050      -0.172       0.000    2.80%       6.000      9.000     10.000
            1001.000      22.843      -0.613      21.000    0.20%      12.000     14.000
     B_02                 10.407      -0.267       0.000    3.89%       6.000      9.000     11.000
             899.000      26.448      -0.694      22.000    0.11%      12.000     15.000
     B_03                 10.577      -0.301       0.000    4.60%       6.000     10.000     11.000
             783.000      27.314      -0.704      23.000    0.13%      13.000     15.000
     B_04                 10.606      -0.290       0.000    6.64%       6.000     10.000     11.000
             663.000      30.034      -0.602      23.000    0.45%      12.000     15.000
     AGE_C70               9.449      -0.469     -16.338    0.09%       3.238      8.352     10.137
            1160.000      60.336       0.075      28.708    0.09%      12.100     16.177
     EDU_C7                7.389      -0.136      -7.000    0.09%       5.000      6.000      7.000
            1160.000       9.282       1.234      18.000    0.09%       8.000     10.000
     HTM_C                -0.011      -0.173      -0.355    0.17%      -0.063     -0.025     -0.012
            1160.000       0.005       0.927       0.203    0.26%       0.000      0.051
     SMOKE                 0.392       0.441       0.000   60.78%       0.000      0.000      0.000
            1160.000       0.238      -1.805       1.000   39.22%       0.000      1.000
     CARDIO                0.119       2.354       0.000   88.10%       0.000      0.000      0.000
            1160.000       0.105       3.541       1.000   11.90%       0.000      0.000
     DIABETES              0.176       1.703       0.000   82.41%       0.000      0.000      0.000
            1160.000       0.145       0.900       1.000   17.59%       0.000      0.000


THE MODEL ESTIMATION TERMINATED NORMALLY



MODEL FIT INFORMATION

Number of Free Parameters                       41

Loglikelihood

          H0 Value                      -23015.299
          H0 Scaling Correction Factor      1.0433
            for MLR

Information Criteria

          Akaike (AIC)                   46112.598
          Bayesian (BIC)                 46319.901
          Sample-Size Adjusted BIC       46189.671
            (n* = (n + 2) / 24)



MODEL RESULTS

                                                    Two-Tailed
                    Estimate       S.E.  Est./S.E.    P-Value

 IA         ON
    AGE_C70           -0.608      0.046    -13.346      0.000
    EDU_C7             0.281      0.117      2.407      0.016
    HTM_C             39.637      4.559      8.694      0.000
    SMOKE              0.195      0.647      0.301      0.763
    CARDIO             0.681      0.934      0.729      0.466
    DIABETES          -0.213      0.841     -0.253      0.800

 SA         ON
    AGE_C70           -0.027      0.011     -2.527      0.012
    EDU_C7            -0.047      0.030     -1.547      0.122
    HTM_C             -0.780      1.249     -0.625      0.532
    SMOKE              0.006      0.165      0.036      0.971
    CARDIO             0.034      0.214      0.161      0.872
    DIABETES          -0.046      0.210     -0.221      0.825

 IB         ON
    AGE_C70           -0.123      0.016     -7.917      0.000
    EDU_C7             0.355      0.038      9.375      0.000
    HTM_C              5.705      1.635      3.490      0.000
    SMOKE              0.159      0.240      0.663      0.507
    CARDIO            -0.117      0.373     -0.314      0.753
    DIABETES           0.178      0.295      0.602      0.547

 SB         ON
    AGE_C70           -0.026      0.005     -5.825      0.000
    EDU_C7             0.021      0.012      1.729      0.084
    HTM_C              0.091      0.533      0.171      0.864
    SMOKE             -0.107      0.072     -1.484      0.138
    CARDIO             0.064      0.102      0.621      0.535
    DIABETES          -0.037      0.092     -0.403      0.687

 IA       WITH
    SA                -1.011      0.930     -1.087      0.277
    IB                 0.519      1.224      0.424      0.672
    SB                 1.174      0.374      3.136      0.002

 SA       WITH
    IB                 0.573      0.311      1.840      0.066
    SB                 0.196      0.095      2.064      0.039

 IB       WITH
    SB                 0.485      0.131      3.718      0.000

 A_00     WITH
    B_00               0.492      0.266      1.850      0.064

 A_01     WITH
    B_01               0.492      0.266      1.850      0.064

 A_02     WITH
    B_02               0.492      0.266      1.850      0.064

 A_03     WITH
    B_03               0.492      0.266      1.850      0.064

 A_04     WITH
    B_04               0.492      0.266      1.850      0.064

 Intercepts
    A_00               0.000      0.000    999.000    999.000
    A_01               0.000      0.000    999.000    999.000
    A_02               0.000      0.000    999.000    999.000
    A_03               0.000      0.000    999.000    999.000
    A_04               0.000      0.000    999.000    999.000
    B_00               0.000      0.000    999.000    999.000
    B_01               0.000      0.000    999.000    999.000
    B_02               0.000      0.000    999.000    999.000
    B_03               0.000      0.000    999.000    999.000
    B_04               0.000      0.000    999.000    999.000
    IA                44.860      1.157     38.756      0.000
    SA                -0.649      0.292     -2.225      0.026
    IB                 8.169      0.377     21.656      0.000
    SB                 0.269      0.114      2.348      0.019

 Residual Variances
    A_00              19.732      0.970     20.334      0.000
    A_01              19.732      0.970     20.334      0.000
    A_02              19.732      0.970     20.334      0.000
    A_03              19.732      0.970     20.334      0.000
    A_04              19.732      0.970     20.334      0.000
    B_00               5.575      0.184     30.378      0.000
    B_01               5.575      0.184     30.378      0.000
    B_02               5.575      0.184     30.378      0.000
    B_03               5.575      0.184     30.378      0.000
    B_04               5.575      0.184     30.378      0.000
    IA                91.050      5.310     17.147      0.000
    SA                 1.264      0.303      4.165      0.000
    IB                12.097      0.629     19.220      0.000
    SB                 0.390      0.057      6.874      0.000

New/Additional Parameters
    R_IAIB             0.016      0.037      0.424      0.672
    R_SASB             0.279      0.129      2.152      0.031
    R_RES_AB           0.047      0.025      1.853      0.064


QUALITY OF NUMERICAL RESULTS

     Condition Number for the Information Matrix              0.537E-06
       (ratio of smallest to largest eigenvalue)


CONFIDENCE INTERVALS OF MODEL RESULTS

                  Lower .5%  Lower 2.5%    Lower 5%    Estimate    Upper 5%  Upper 2.5%   Upper .5%

 IA       ON
    AGE_C70         -0.725      -0.697      -0.682      -0.608      -0.533      -0.518      -0.490
    EDU_C7          -0.020       0.052       0.089       0.281       0.473       0.510       0.581
    HTM_C           27.893      30.701      32.137      39.637      47.137      48.573      51.380
    SMOKE           -1.471      -1.073      -0.869       0.195       1.259       1.463       1.861
    CARDIO          -1.724      -1.149      -0.855       0.681       2.217       2.511       3.086
    DIABETES        -2.379      -1.861      -1.596      -0.213       1.171       1.436       1.953

 SA       ON
    AGE_C70         -0.054      -0.048      -0.044      -0.027      -0.009      -0.006       0.001
    EDU_C7          -0.126      -0.107      -0.097      -0.047       0.003       0.013       0.031
    HTM_C           -3.997      -3.228      -2.834      -0.780       1.274       1.667       2.436
    SMOKE           -0.419      -0.318      -0.266       0.006       0.278       0.330       0.431
    CARDIO          -0.517      -0.386      -0.318       0.034       0.387       0.455       0.586
    DIABETES        -0.588      -0.459      -0.392      -0.046       0.300       0.366       0.495

 IB       ON
    AGE_C70         -0.163      -0.153      -0.148      -0.123      -0.097      -0.092      -0.083
    EDU_C7           0.258       0.281       0.293       0.355       0.418       0.430       0.453
    HTM_C            1.494       2.500       3.015       5.705       8.394       8.909       9.915
    SMOKE           -0.458      -0.311      -0.235       0.159       0.553       0.629       0.776
    CARDIO          -1.079      -0.849      -0.732      -0.117       0.497       0.614       0.844
    DIABETES        -0.582      -0.401      -0.308       0.178       0.663       0.756       0.938

 SB       ON
    AGE_C70         -0.038      -0.035      -0.034      -0.026      -0.019      -0.017      -0.015
    EDU_C7          -0.010      -0.003       0.001       0.021       0.041       0.045       0.052
    HTM_C           -1.280      -0.952      -0.785       0.091       0.967       1.135       1.463
    SMOKE           -0.292      -0.248      -0.225      -0.107       0.012       0.034       0.079
    CARDIO          -0.200      -0.137      -0.105       0.064       0.232       0.264       0.327
    DIABETES        -0.275      -0.218      -0.189      -0.037       0.115       0.144       0.201

 IA       WITH
    SA              -3.406      -2.833      -2.540      -1.011       0.519       0.812       1.385
    IB              -2.635      -1.881      -1.495       0.519       2.533       2.919       3.673
    SB               0.210       0.440       0.558       1.174       1.790       1.908       2.139

 SA       WITH
    IB              -0.229      -0.037       0.061       0.573       1.085       1.183       1.374
    SB              -0.049       0.010       0.040       0.196       0.351       0.381       0.440

 IB       WITH
    SB               0.149       0.230       0.271       0.485       0.700       0.741       0.822

 A_00     WITH
    B_00            -0.193      -0.029       0.054       0.492       0.930       1.014       1.178

 A_01     WITH
    B_01            -0.193      -0.029       0.054       0.492       0.930       1.014       1.178

 A_02     WITH
    B_02            -0.193      -0.029       0.054       0.492       0.930       1.014       1.178

 A_03     WITH
    B_03            -0.193      -0.029       0.054       0.492       0.930       1.014       1.178

 A_04     WITH
    B_04            -0.193      -0.029       0.054       0.492       0.930       1.014       1.178

 Intercepts
    A_00             0.000       0.000       0.000       0.000       0.000       0.000       0.000
    A_01             0.000       0.000       0.000       0.000       0.000       0.000       0.000
    A_02             0.000       0.000       0.000       0.000       0.000       0.000       0.000
    A_03             0.000       0.000       0.000       0.000       0.000       0.000       0.000
    A_04             0.000       0.000       0.000       0.000       0.000       0.000       0.000
    B_00             0.000       0.000       0.000       0.000       0.000       0.000       0.000
    B_01             0.000       0.000       0.000       0.000       0.000       0.000       0.000
    B_02             0.000       0.000       0.000       0.000       0.000       0.000       0.000
    B_03             0.000       0.000       0.000       0.000       0.000       0.000       0.000
    B_04             0.000       0.000       0.000       0.000       0.000       0.000       0.000
    IA              41.878      42.591      42.956      44.860      46.764      47.128      47.841
    SA              -1.399      -1.220      -1.128      -0.649      -0.169      -0.077       0.102
    IB               7.197       7.430       7.548       8.169       8.789       8.908       9.140
    SB              -0.026       0.044       0.081       0.269       0.457       0.493       0.564

 Residual Variances
    A_00            17.232      17.830      18.136      19.732      21.328      21.634      22.231
    A_01            17.232      17.830      18.136      19.732      21.328      21.634      22.231
    A_02            17.232      17.830      18.136      19.732      21.328      21.634      22.231
    A_03            17.232      17.830      18.136      19.732      21.328      21.634      22.231
    A_04            17.232      17.830      18.136      19.732      21.328      21.634      22.231
    B_00             5.102       5.215       5.273       5.575       5.877       5.934       6.047
    B_01             5.102       5.215       5.273       5.575       5.877       5.934       6.047
    B_02             5.102       5.215       5.273       5.575       5.877       5.934       6.047
    B_03             5.102       5.215       5.273       5.575       5.877       5.934       6.047
    B_04             5.102       5.215       5.273       5.575       5.877       5.934       6.047
    IA              77.372      80.642      82.315      91.050      99.785     101.457     104.727
    SA               0.482       0.669       0.765       1.264       1.763       1.859       2.045
    IB              10.476      10.863      11.061      12.097      13.132      13.330      13.718
    SB               0.244       0.279       0.296       0.390       0.483       0.501       0.536

New/Additional Parameters
    R_IAIB          -0.079      -0.057      -0.045       0.016       0.076       0.088       0.111
    R_SASB          -0.055       0.025       0.066       0.279       0.492       0.533       0.612
    R_RES_AB        -0.018      -0.003       0.005       0.047       0.089       0.097       0.112


SAMPLE STATISTICS FOR ESTIMATED FACTOR SCORES


     SAMPLE STATISTICS


           Means
              IA            IA_SE         SA            SA_SE         IB
              ________      ________      ________      ________      ________
 1             40.897         3.362        -1.244         0.999         9.653


           Means
              IB_SE         SB            SB_SE
              ________      ________      ________
 1              1.364         0.133         0.483


           Covariances
              IA            IA_SE         SA            SA_SE         IB
              ________      ________      ________      ________      ________
 IA           115.178
 IA_SE          0.395         2.095
 SA             0.887         0.008         0.317
 SA_SE         -0.005         0.066         0.000         0.009
 IB             8.865        -0.204         0.629        -0.029        12.884
 IB_SE         -0.172         0.188        -0.001         0.012        -0.096
 SB             2.315         0.012         0.128         0.000         1.006
 SB_SE         -0.083         0.046        -0.002         0.004        -0.033


           Covariances
              IB_SE         SB            SB_SE
              ________      ________      ________
 IB_SE          0.052
 SB            -0.009         0.201
 SB_SE          0.012        -0.004         0.004


           Correlations
              IA            IA_SE         SA            SA_SE         IB
              ________      ________      ________      ________      ________
 IA             1.000
 IA_SE          0.025         1.000
 SA             0.147         0.010         1.000
 SA_SE         -0.005         0.492         0.001         1.000
 IB             0.230        -0.039         0.312        -0.088         1.000
 IB_SE         -0.070         0.572        -0.011         0.564        -0.117
 SB             0.481         0.018         0.508        -0.011         0.625
 SB_SE         -0.116         0.483        -0.065         0.724        -0.140


           Correlations
              IB_SE         SB            SB_SE
              ________      ________      ________
 IB_SE          1.000
 SB            -0.087         1.000
 SB_SE          0.812        -0.128         1.000


RESULTS SAVING INFORMATION

  Order of data

    Parameter estimates
     (saved in order shown in Technical 1 output)
    Standard errors
     (saved in order shown in Technical 1 output)
    H0 Loglikelihood
    H0 Scaling Correction Factor for MLR
    Number of Free Parameters
    Akaike (AIC)
    Bayesian (BIC)
    Sample-Size Adjusted BIC
    Condition Number

  Save file
    b1_female_aehplus_grip_logimemdel_results.dat

  Save file format           Free


PLOT INFORMATION

The following plots are available:

  Histograms (sample values, estimated factor scores)
  Scatterplots (sample values, estimated factor scores)
  Latent variable distribution plots

SAVEDATA INFORMATION


  Save file
    b1_female_aehplus_grip_logimemdel_fscores.dat

  Order and format of variables

    A_00           F10.3
    A_01           F10.3
    A_02           F10.3
    A_03           F10.3
    A_04           F10.3
    B_00           F10.3
    B_01           F10.3
    B_02           F10.3
    B_03           F10.3
    B_04           F10.3
    AGE_C70        F10.3
    EDU_C7         F10.3
    HTM_C          F10.3
    SMOKE          F10.3
    CARDIO         F10.3
    DIABETES       F10.3
    TIME_00        F10.3
    TIME_01        F10.3
    TIME_02        F10.3
    TIME_03        F10.3
    TIME_04        F10.3
    IA             F10.3
    IA_SE          F10.3
    SA             F10.3
    SA_SE          F10.3
    IB             F10.3
    IB_SE          F10.3
    SB             F10.3
    SB_SE          F10.3

  Save file format
    29F10.3

  Save file record length    10000


     Beginning Time:  22:48:08
        Ending Time:  22:48:19
       Elapsed Time:  00:00:11



MUTHEN & MUTHEN
3463 Stoner Ave.
Los Angeles, CA  90066

Tel: (310) 391-9971
Fax: (310) 391-8971
Web: www.StatModel.com
Support: Support@StatModel.com

Copyright (c) 1998-2015 Muthen & Muthen
