Mplus VERSION 7.11
MUTHEN & MUTHEN
03/03/2015   9:40 AM

INPUT INSTRUCTIONS

  TITLE:  Timed Up and Go, Knowledge, AEH, Female

  DATA:  File = C:\Users\Besitzer\Desktop\ilse 02.03.dat;

  VARIABLE: Names are
   T1SD18 ID SEX t1dss t1bd t1fs t1fsb t1age center t1beer
   t1wine t1k t1pc t1vf t1sa t1spf t2dss t2bd
      t2fs t2fsb t2beer t2wine t2k t2pc t2vf t2sa t2spf
      t3dss t3bd t3k t3pc t3vf t3sa t3spf t2age t3age
      T1TUG t1height t1weight T2TUG t2height t2weight
      T3TUG t3height t3weight time1 time2r time3r time3
      time2 no_sec Haupts Reals Second specials others
       T1HAVIR1 T1HAVIL1 T1HAVIR2 T1HAVIL2 T2HAVIR1
      T2HAVIR2 T2HAVIL1 T2HAVIL2 T3HAVIR1x
      T3HAVIR2x T3HAVIL1x T3HAVIL2x t1hg t2hg t3hg;

         MISSING are ALL(-9999);
         USEVAR are time1 time2 time3 Haupts Reals Second  specials others
                     p1 p2 p3 c1 c2 c3
                     Bage height;
         TSCORES = time1 time2 time3;


         USEOBSERVATIONS are sex EQ 1;

  Define: p1=t1hg; p2=t2hg; p3=t3hg;
          c1=t1k; c2=t2k; c3=t3k;

          Bage=t1age-70;   !Centered at Age 70
          Bagesq=(t1age-70)**2;
          height=t1height-160; !centered for female

  ANALYSIS: TYPE = RANDOM; Estimator=MLF;

  MODEL:  ip sp | p1-p3 AT time1-time3;
          ic sc | c1-c3 AT time1-time3;
          ip; sp; ic; sc;
          ip sp ic sc WITH ip sp ic sc;

          ip sp ic sc ON Haupts Reals Second  specials others Bage height;

          p1-p3 (res_p);
          c1-c3 (res_c);
          p1-p3 pwith c1-c3(res_cov); !Paired covariances constrained to be equal

  OUTPUT: sampstat;



*** WARNING
  Data set contains cases with missing on x-variables.
  These cases were not included in the analysis.
  Number of cases with missing on x-variables:  14
   1 WARNING(S) FOUND IN THE INPUT INSTRUCTIONS



Timed Up and Go, Knowledge, AEH, Female

SUMMARY OF ANALYSIS

Number of groups                                                 1
Number of observations                                         226

Number of dependent variables                                    6
Number of independent variables                                  7
Number of continuous latent variables                            4

Observed dependent variables

  Continuous
   P1          P2          P3          C1          C2          C3

Observed independent variables
   HAUPTS      REALS       SECOND      SPECIALS    OTHERS      BAGE
   HEIGHT

Continuous latent variables
   IP          SP          IC          SC

Variables with special functions

  Time scores
   TIME1       TIME2       TIME3


Estimator                                                      MLF
Information matrix                                        OBSERVED
Maximum number of iterations                                   100
Convergence criterion                                    0.100D-05
Maximum number of EM iterations                                500
Convergence criteria for the EM algorithm
  Loglikelihood change                                   0.100D-02
  Relative loglikelihood change                          0.100D-05
  Derivative                                             0.100D-03
Minimum variance                                         0.100D-03
Maximum number of steepest descent iterations                   20
Maximum number of iterations for H1                           2000
Convergence criterion for H1                             0.100D-03
Optimization algorithm                                         EMA

Input data file(s)
  C:\Users\Besitzer\Desktop\ilse 02.03.dat
Input data format  FREE


SUMMARY OF DATA

     Number of missing data patterns            10


COVARIANCE COVERAGE OF DATA

Minimum covariance coverage value   0.100


     PROPORTION OF DATA PRESENT


           Covariance Coverage
              P1            P2            P3            C1            C2
              ________      ________      ________      ________      ________
 P1             0.978
 P2             0.872         0.885
 P3             0.305         0.310         0.314
 C1             0.978         0.885         0.314         1.000
 C2             0.885         0.885         0.314         0.903         0.903
 C3             0.655         0.664         0.314         0.668         0.668
 HAUPTS         0.978         0.885         0.314         1.000         0.903
 REALS          0.978         0.885         0.314         1.000         0.903
 SECOND         0.978         0.885         0.314         1.000         0.903
 SPECIALS       0.978         0.885         0.314         1.000         0.903
 OTHERS         0.978         0.885         0.314         1.000         0.903
 BAGE           0.978         0.885         0.314         1.000         0.903
 HEIGHT         0.978         0.885         0.314         1.000         0.903


           Covariance Coverage
              C3            HAUPTS        REALS         SECOND        SPECIALS
              ________      ________      ________      ________      ________
 C3             0.668
 HAUPTS         0.668         1.000
 REALS          0.668         1.000         1.000
 SECOND         0.668         1.000         1.000         1.000
 SPECIALS       0.668         1.000         1.000         1.000         1.000
 OTHERS         0.668         1.000         1.000         1.000         1.000
 BAGE           0.668         1.000         1.000         1.000         1.000
 HEIGHT         0.668         1.000         1.000         1.000         1.000


           Covariance Coverage
              OTHERS        BAGE          HEIGHT
              ________      ________      ________
 OTHERS         1.000
 BAGE           1.000         1.000
 HEIGHT         1.000         1.000         1.000


SAMPLE STATISTICS


     ESTIMATED SAMPLE STATISTICS


           Means
              P1            P2            P3            C1            C2
              ________      ________      ________      ________      ________
 1             67.902        56.212        40.793        13.858        14.375


           Means
              C3            HAUPTS        REALS         SECOND        SPECIALS
              ________      ________      ________      ________      ________
 1             14.390         0.584         0.181         0.027         0.013


           Means
              OTHERS        BAGE          HEIGHT
              ________      ________      ________
 1              0.124        -7.045         2.018


           Covariances
              P1            P2            P3            C1            C2
              ________      ________      ________      ________      ________
 P1           786.284
 P2           155.735       163.783
 P3            89.016        58.390       122.730
 C1            -4.879         2.065         9.143        21.891
 C2             3.819         3.697        11.494        17.693        19.879
 C3            -6.979         0.594        14.898        17.618        17.390
 HAUPTS         0.397        -0.571        -0.187        -0.877        -0.832
 REALS          0.339         0.388         0.208         0.340         0.398
 SECOND        -0.015        -0.035        -0.104         0.088         0.065
 SPECIALS      -0.485        -0.176        -0.092         0.020        -0.009
 OTHERS        -0.542         0.073         0.386         0.531         0.479
 BAGE           3.270        -1.471         0.057        -0.164         0.057
 HEIGHT        19.129        26.070        13.198         3.684         4.141


           Covariances
              C3            HAUPTS        REALS         SECOND        SPECIALS
              ________      ________      ________      ________      ________
 C3            21.071
 HAUPTS        -0.860         0.243
 REALS          0.431        -0.106         0.149
 SECOND         0.064        -0.016        -0.005         0.026
 SPECIALS       0.010        -0.008        -0.002         0.000         0.013
 OTHERS         0.441        -0.072        -0.022        -0.003        -0.002
 BAGE           0.275        -0.025         0.022        -0.003         0.002
 HEIGHT         4.714        -0.501         0.355         0.017         0.022


           Covariances
              OTHERS        BAGE          HEIGHT
              ________      ________      ________
 OTHERS         0.109
 BAGE          -0.030         0.845
 HEIGHT         0.055         0.092        39.672


           Correlations
              P1            P2            P3            C1            C2
              ________      ________      ________      ________      ________
 P1             1.000
 P2             0.434         1.000
 P3             0.287         0.412         1.000
 C1            -0.037         0.034         0.176         1.000
 C2             0.031         0.065         0.233         0.848         1.000
 C3            -0.054         0.010         0.293         0.820         0.850
 HAUPTS         0.029        -0.090        -0.034        -0.381        -0.378
 REALS          0.031         0.079         0.049         0.188         0.232
 SECOND        -0.003        -0.017        -0.058         0.117         0.091
 SPECIALS      -0.151        -0.120        -0.072         0.037        -0.018
 OTHERS        -0.059         0.017         0.106         0.344         0.326
 BAGE           0.127        -0.125         0.006        -0.038         0.014
 HEIGHT         0.108         0.323         0.189         0.125         0.147


           Correlations
              C3            HAUPTS        REALS         SECOND        SPECIALS
              ________      ________      ________      ________      ________
 C3             1.000
 HAUPTS        -0.380         1.000
 REALS          0.244        -0.558         1.000
 SECOND         0.087        -0.196        -0.078         1.000
 SPECIALS       0.020        -0.137        -0.055        -0.019         1.000
 OTHERS         0.292        -0.446        -0.177        -0.062        -0.044
 BAGE           0.065        -0.055         0.061        -0.019         0.023
 HEIGHT         0.163        -0.162         0.146         0.017         0.030


           Correlations
              OTHERS        BAGE          HEIGHT
              ________      ________      ________
 OTHERS         1.000
 BAGE          -0.098         1.000
 HEIGHT         0.027         0.016         1.000


     MAXIMUM LOG-LIKELIHOOD VALUE FOR THE UNRESTRICTED (H1) MODEL IS -4438.611

     THE MODEL ESTIMATION DID NOT TERMINATE NORMALLY DUE TO AN ILL-CONDITIONED
     FISHER INFORMATION MATRIX.  CHANGE YOUR MODEL AND/OR STARTING VALUES.

     THE MODEL ESTIMATION DID NOT TERMINATE NORMALLY DUE TO A NON-POSITIVE
     DEFINITE FISHER INFORMATION MATRIX.  THIS MAY BE DUE TO THE STARTING VALUES
     BUT MAY ALSO BE AN INDICATION OF MODEL NONIDENTIFICATION.  THE CONDITION
     NUMBER IS       0.540D-20.

     THE STANDARD ERRORS OF THE MODEL PARAMETER ESTIMATES COULD NOT BE
     COMPUTED.  THIS IS OFTEN DUE TO THE STARTING VALUES BUT MAY ALSO BE
     AN INDICATION OF MODEL NONIDENTIFICATION.  CHANGE YOUR MODEL AND/OR
     STARTING VALUES.  PROBLEM INVOLVING PARAMETER 32.






MODEL RESULTS

                    Estimate

 IP         ON
    HAUPTS            -2.488
    REALS             -2.603
    SECOND            -4.398
    SPECIALS         -37.382
    OTHERS            -7.168
    BAGE               2.361
    HEIGHT             0.570

 SP         ON
    HAUPTS             0.216
    REALS              0.394
    SECOND             0.093
    SPECIALS           4.237
    OTHERS             1.332
    BAGE              -0.568
    HEIGHT            -0.011

 IC         ON
    HAUPTS             0.033
    REALS              3.296
    SECOND             4.532
    SPECIALS           2.099
    OTHERS             5.656
    BAGE              -0.036
    HEIGHT             0.053

 SC         ON
    HAUPTS             0.004
    REALS              0.028
    SECOND            -0.077
    SPECIALS          -0.071
    OTHERS            -0.057
    BAGE               0.040
    HEIGHT             0.002

 IP       WITH
    SP               -43.960
    IC                 2.005
    SC                -0.715

 SP       WITH
    IC                 0.098
    SC                 0.122

 IC       WITH
    SC                -0.100

 P1       WITH
    C1                -1.677

 P2       WITH
    C2                -1.677

 P3       WITH
    C3                -1.677

 Intercepts
    P1                 0.000
    P2                 0.000
    P3                 0.000
    C1                 0.000
    C2                 0.000
    C3                 0.000
    IP                85.868
    SP                -6.752
    IC                12.152
    SC                 0.325

 Residual Variances
    P1               169.567
    P2               169.567
    P3               169.567
    C1                 2.899
    C2                 2.899
    C3                 2.899
    IP               408.392
    SP                 4.971
    IC                13.813
    SC                 0.014


MODEL COMMAND WITH FINAL ESTIMATES USED AS STARTING VALUES

     ip sp | p1-p3 AT time1-time3;
     ic sc | c1-c3 AT time1-time3;

     ip ON haupts*-2.48794;
     ip ON reals*-2.60323;
     ip ON second*-4.39807;
     ip ON specials*-37.38202;
     ip ON others*-7.16770;
     ip ON bage*2.36102;
     ip ON height*0.57021;
     sp ON haupts*0.21631;
     sp ON reals*0.39423;
     sp ON second*0.09274;
     sp ON specials*4.23710;
     sp ON others*1.33177;
     sp ON bage*-0.56830;
     sp ON height*-0.01085;
     ic ON haupts*0.03297;
     ic ON reals*3.29608;
     ic ON second*4.53189;
     ic ON specials*2.09871;
     ic ON others*5.65560;
     ic ON bage*-0.03628;
     ic ON height*0.05317;
     sc ON haupts*0.00374;
     sc ON reals*0.02847;
     sc ON second*-0.07676;
     sc ON specials*-0.07127;
     sc ON others*-0.05720;
     sc ON bage*0.03991;
     sc ON height*0.00212;

     p1 WITH c1*-1.67742 (res_cov);
     p2 WITH c2*-1.67742 (res_cov);
     p3 WITH c3*-1.67742 (res_cov);
     ip WITH sp*-43.95959;
     ip WITH ic*2.00545;
     ip WITH sc*-0.71528;
     sp WITH ic*0.09829;
     sp WITH sc*0.12197;
     ic WITH sc*-0.09988;

     [ p1@0 ];
     [ p2@0 ];
     [ p3@0 ];
     [ c1@0 ];
     [ c2@0 ];
     [ c3@0 ];
     [ ip*85.86823 ];
     [ sp*-6.75205 ];
     [ ic*12.15167 ];
     [ sc*0.32478 ];

     p1*169.56665 (res_p);
     p2*169.56665 (res_p);
     p3*169.56665 (res_p);
     c1*2.89944 (res_c);
     c2*2.89944 (res_c);
     c3*2.89944 (res_c);
     ip*408.39206;
     sp*4.97115;
     ic*13.81298;
     sc*0.01426;



TECHNICAL 1 OUTPUT


     PARAMETER SPECIFICATION


           NU
              P1            P2            P3            C1            C2
              ________      ________      ________      ________      ________
 1                  0             0             0             0             0


           NU
              C3            HAUPTS        REALS         SECOND        SPECIALS
              ________      ________      ________      ________      ________
 1                  0             0             0             0             0


           NU
              OTHERS        BAGE          HEIGHT
              ________      ________      ________
 1                  0             0             0


           LAMBDA
              IP            SP            IC            SC            HAUPTS
              ________      ________      ________      ________      ________
 P1                 0             0             0             0             0
 P2                 0             0             0             0             0
 P3                 0             0             0             0             0
 C1                 0             0             0             0             0
 C2                 0             0             0             0             0
 C3                 0             0             0             0             0
 HAUPTS             0             0             0             0             0
 REALS              0             0             0             0             0
 SECOND             0             0             0             0             0
 SPECIALS           0             0             0             0             0
 OTHERS             0             0             0             0             0
 BAGE               0             0             0             0             0
 HEIGHT             0             0             0             0             0


           LAMBDA
              REALS         SECOND        SPECIALS      OTHERS        BAGE
              ________      ________      ________      ________      ________
 P1                 0             0             0             0             0
 P2                 0             0             0             0             0
 P3                 0             0             0             0             0
 C1                 0             0             0             0             0
 C2                 0             0             0             0             0
 C3                 0             0             0             0             0
 HAUPTS             0             0             0             0             0
 REALS              0             0             0             0             0
 SECOND             0             0             0             0             0
 SPECIALS           0             0             0             0             0
 OTHERS             0             0             0             0             0
 BAGE               0             0             0             0             0
 HEIGHT             0             0             0             0             0


           LAMBDA
              HEIGHT
              ________
 P1                 0
 P2                 0
 P3                 0
 C1                 0
 C2                 0
 C3                 0
 HAUPTS             0
 REALS              0
 SECOND             0
 SPECIALS           0
 OTHERS             0
 BAGE               0
 HEIGHT             0


           THETA
              P1            P2            P3            C1            C2
              ________      ________      ________      ________      ________
 P1                 1
 P2                 0             1
 P3                 0             0             1
 C1                 2             0             0             3
 C2                 0             2             0             0             3
 C3                 0             0             2             0             0
 HAUPTS             0             0             0             0             0
 REALS              0             0             0             0             0
 SECOND             0             0             0             0             0
 SPECIALS           0             0             0             0             0
 OTHERS             0             0             0             0             0
 BAGE               0             0             0             0             0
 HEIGHT             0             0             0             0             0


           THETA
              C3            HAUPTS        REALS         SECOND        SPECIALS
              ________      ________      ________      ________      ________
 C3                 3
 HAUPTS             0             0
 REALS              0             0             0
 SECOND             0             0             0             0
 SPECIALS           0             0             0             0             0
 OTHERS             0             0             0             0             0
 BAGE               0             0             0             0             0
 HEIGHT             0             0             0             0             0


           THETA
              OTHERS        BAGE          HEIGHT
              ________      ________      ________
 OTHERS             0
 BAGE               0             0
 HEIGHT             0             0             0


           ALPHA
              IP            SP            IC            SC            HAUPTS
              ________      ________      ________      ________      ________
 1                  4             5             6             7             0


           ALPHA
              REALS         SECOND        SPECIALS      OTHERS        BAGE
              ________      ________      ________      ________      ________
 1                  0             0             0             0             0


           ALPHA
              HEIGHT
              ________
 1                  0


           BETA
              IP            SP            IC            SC            HAUPTS
              ________      ________      ________      ________      ________
 IP                 0             0             0             0             8
 SP                 0             0             0             0            15
 IC                 0             0             0             0            22
 SC                 0             0             0             0            29
 HAUPTS             0             0             0             0             0
 REALS              0             0             0             0             0
 SECOND             0             0             0             0             0
 SPECIALS           0             0             0             0             0
 OTHERS             0             0             0             0             0
 BAGE               0             0             0             0             0
 HEIGHT             0             0             0             0             0


           BETA
              REALS         SECOND        SPECIALS      OTHERS        BAGE
              ________      ________      ________      ________      ________
 IP                 9            10            11            12            13
 SP                16            17            18            19            20
 IC                23            24            25            26            27
 SC                30            31            32            33            34
 HAUPTS             0             0             0             0             0
 REALS              0             0             0             0             0
 SECOND             0             0             0             0             0
 SPECIALS           0             0             0             0             0
 OTHERS             0             0             0             0             0
 BAGE               0             0             0             0             0
 HEIGHT             0             0             0             0             0


           BETA
              HEIGHT
              ________
 IP                14
 SP                21
 IC                28
 SC                35
 HAUPTS             0
 REALS              0
 SECOND             0
 SPECIALS           0
 OTHERS             0
 BAGE               0
 HEIGHT             0


           PSI
              IP            SP            IC            SC            HAUPTS
              ________      ________      ________      ________      ________
 IP                36
 SP                37            38
 IC                39            40            41
 SC                42            43            44            45
 HAUPTS             0             0             0             0             0
 REALS              0             0             0             0             0
 SECOND             0             0             0             0             0
 SPECIALS           0             0             0             0             0
 OTHERS             0             0             0             0             0
 BAGE               0             0             0             0             0
 HEIGHT             0             0             0             0             0


           PSI
              REALS         SECOND        SPECIALS      OTHERS        BAGE
              ________      ________      ________      ________      ________
 REALS              0
 SECOND             0             0
 SPECIALS           0             0             0
 OTHERS             0             0             0             0
 BAGE               0             0             0             0             0
 HEIGHT             0             0             0             0             0


           PSI
              HEIGHT
              ________
 HEIGHT             0


     STARTING VALUES


           NU
              P1            P2            P3            C1            C2
              ________      ________      ________      ________      ________
 1              0.000         0.000         0.000         0.000         0.000


           NU
              C3            HAUPTS        REALS         SECOND        SPECIALS
              ________      ________      ________      ________      ________
 1              0.000         0.000         0.000         0.000         0.000


           NU
              OTHERS        BAGE          HEIGHT
              ________      ________      ________
 1              0.000         0.000         0.000


           LAMBDA
              IP            SP            IC            SC            HAUPTS
              ________      ________      ________      ________      ________
 P1             0.000         0.000         0.000         0.000         0.000
 P2             0.000         0.000         0.000         0.000         0.000
 P3             0.000         0.000         0.000         0.000         0.000
 C1             0.000         0.000         0.000         0.000         0.000
 C2             0.000         0.000         0.000         0.000         0.000
 C3             0.000         0.000         0.000         0.000         0.000
 HAUPTS         0.000         0.000         0.000         0.000         1.000
 REALS          0.000         0.000         0.000         0.000         0.000
 SECOND         0.000         0.000         0.000         0.000         0.000
 SPECIALS       0.000         0.000         0.000         0.000         0.000
 OTHERS         0.000         0.000         0.000         0.000         0.000
 BAGE           0.000         0.000         0.000         0.000         0.000
 HEIGHT         0.000         0.000         0.000         0.000         0.000


           LAMBDA
              REALS         SECOND        SPECIALS      OTHERS        BAGE
              ________      ________      ________      ________      ________
 P1             0.000         0.000         0.000         0.000         0.000
 P2             0.000         0.000         0.000         0.000         0.000
 P3             0.000         0.000         0.000         0.000         0.000
 C1             0.000         0.000         0.000         0.000         0.000
 C2             0.000         0.000         0.000         0.000         0.000
 C3             0.000         0.000         0.000         0.000         0.000
 HAUPTS         0.000         0.000         0.000         0.000         0.000
 REALS          1.000         0.000         0.000         0.000         0.000
 SECOND         0.000         1.000         0.000         0.000         0.000
 SPECIALS       0.000         0.000         1.000         0.000         0.000
 OTHERS         0.000         0.000         0.000         1.000         0.000
 BAGE           0.000         0.000         0.000         0.000         1.000
 HEIGHT         0.000         0.000         0.000         0.000         0.000


           LAMBDA
              HEIGHT
              ________
 P1             0.000
 P2             0.000
 P3             0.000
 C1             0.000
 C2             0.000
 C3             0.000
 HAUPTS         0.000
 REALS          0.000
 SECOND         0.000
 SPECIALS       0.000
 OTHERS         0.000
 BAGE           0.000
 HEIGHT         1.000


           THETA
              P1            P2            P3            C1            C2
              ________      ________      ________      ________      ________
 P1           392.849
 P2             0.000        81.261
 P3             0.000         0.000        66.000
 C1             0.000         0.000         0.000        10.994
 C2             0.000         0.000         0.000         0.000         9.953
 C3             0.000         0.000         0.000         0.000         0.000
 HAUPTS         0.000         0.000         0.000         0.000         0.000
 REALS          0.000         0.000         0.000         0.000         0.000
 SECOND         0.000         0.000         0.000         0.000         0.000
 SPECIALS       0.000         0.000         0.000         0.000         0.000
 OTHERS         0.000         0.000         0.000         0.000         0.000
 BAGE           0.000         0.000         0.000         0.000         0.000
 HEIGHT         0.000         0.000         0.000         0.000         0.000


           THETA
              C3            HAUPTS        REALS         SECOND        SPECIALS
              ________      ________      ________      ________      ________
 C3            10.040
 HAUPTS         0.000         0.000
 REALS          0.000         0.000         0.000
 SECOND         0.000         0.000         0.000         0.000
 SPECIALS       0.000         0.000         0.000         0.000         0.000
 OTHERS         0.000         0.000         0.000         0.000         0.000
 BAGE           0.000         0.000         0.000         0.000         0.000
 HEIGHT         0.000         0.000         0.000         0.000         0.000


           THETA
              OTHERS        BAGE          HEIGHT
              ________      ________      ________
 OTHERS         0.000
 BAGE           0.000         0.000
 HEIGHT         0.000         0.000         0.000


           ALPHA
              IP            SP            IC            SC            HAUPTS
              ________      ________      ________      ________      ________
 1             66.966        -2.418        13.215         0.146         0.000


           ALPHA
              REALS         SECOND        SPECIALS      OTHERS        BAGE
              ________      ________      ________      ________      ________
 1              0.000         0.000         0.000         0.000         0.000


           ALPHA
              HEIGHT
              ________
 1              0.000


           BETA
              IP            SP            IC            SC            HAUPTS
              ________      ________      ________      ________      ________
 IP             0.000         0.000         0.000         0.000         0.000
 SP             0.000         0.000         0.000         0.000         0.000
 IC             0.000         0.000         0.000         0.000         0.000
 SC             0.000         0.000         0.000         0.000         0.000
 HAUPTS         0.000         0.000         0.000         0.000         0.000
 REALS          0.000         0.000         0.000         0.000         0.000
 SECOND         0.000         0.000         0.000         0.000         0.000
 SPECIALS       0.000         0.000         0.000         0.000         0.000
 OTHERS         0.000         0.000         0.000         0.000         0.000
 BAGE           0.000         0.000         0.000         0.000         0.000
 HEIGHT         0.000         0.000         0.000         0.000         0.000


           BETA
              REALS         SECOND        SPECIALS      OTHERS        BAGE
              ________      ________      ________      ________      ________
 IP             0.000         0.000         0.000         0.000         0.000
 SP             0.000         0.000         0.000         0.000         0.000
 IC             0.000         0.000         0.000         0.000         0.000
 SC             0.000         0.000         0.000         0.000         0.000
 HAUPTS         0.000         0.000         0.000         0.000         0.000
 REALS          0.000         0.000         0.000         0.000         0.000
 SECOND         0.000         0.000         0.000         0.000         0.000
 SPECIALS       0.000         0.000         0.000         0.000         0.000
 OTHERS         0.000         0.000         0.000         0.000         0.000
 BAGE           0.000         0.000         0.000         0.000         0.000
 HEIGHT         0.000         0.000         0.000         0.000         0.000


           BETA
              HEIGHT
              ________
 IP             0.000
 SP             0.000
 IC             0.000
 SC             0.000
 HAUPTS         0.000
 REALS          0.000
 SECOND         0.000
 SPECIALS       0.000
 OTHERS         0.000
 BAGE           0.000
 HEIGHT         0.000


           PSI
              IP            SP            IC            SC            HAUPTS
              ________      ________      ________      ________      ________
 IP           808.152
 SP             0.000        41.519
 IC             0.000         0.000        23.223
 SC             0.000         0.000         0.000         0.360
 HAUPTS         0.000         0.000         0.000         0.000         0.122
 REALS          0.000         0.000         0.000         0.000         0.000
 SECOND         0.000         0.000         0.000         0.000         0.000
 SPECIALS       0.000         0.000         0.000         0.000         0.000
 OTHERS         0.000         0.000         0.000         0.000         0.000
 BAGE           0.000         0.000         0.000         0.000         0.000
 HEIGHT         0.000         0.000         0.000         0.000         0.000


           PSI
              REALS         SECOND        SPECIALS      OTHERS        BAGE
              ________      ________      ________      ________      ________
 REALS          0.075
 SECOND         0.000         0.013
 SPECIALS       0.000         0.000         0.007
 OTHERS         0.000         0.000         0.000         0.055
 BAGE           0.000         0.000         0.000         0.000         0.424
 HEIGHT         0.000         0.000         0.000         0.000         0.000


           PSI
              HEIGHT
              ________
 HEIGHT        19.924


DIAGRAM INFORMATION

  Use View Diagram under the Diagram menu in the Mplus Editor to view the diagram.
  If running Mplus from the Mplus Diagrammer, the diagram opens automatically.

  Diagram output
    c:\users\besitzer\documents\github\ialsa-2015-portland\studies\ilse\unshared\handgrip\b1_female_

     Beginning Time:  09:40:45
        Ending Time:  09:40:49
       Elapsed Time:  00:00:04



MUTHEN & MUTHEN
3463 Stoner Ave.
Los Angeles, CA  90066

Tel: (310) 391-9971
Fax: (310) 391-8971
Web: www.StatModel.com
Support: Support@StatModel.com

Copyright (c) 1998-2013 Muthen & Muthen
