Mplus VERSION 7.3 (Mac)
MUTHEN & MUTHEN
02/24/2015   2:48 PM
INPUT INSTRUCTIONS
  TITLE: fev1 - spatial - female - age & education
  DATA:  File = satsa.dat;
  VARIABLE: Names are
  twinnr pairid sex01 przygup rear iage1-iage7 intakeage time1-time7
  dem1-dem7 s_demen_onset
  htcm wtkg qualc depr cv chd sumill smoksta nonsmok exsmok cursmok packyrs
  marital msgroup sesobj educ edugr
  fev1_1-fev1_7 ht_1-ht_7 grip1-grip7 gait2-gait7
  stupt_2-stupt_7 stuprt_2-stuprt_7
  idigf_r1-idigf_r7 idigb_r1-idigb_r7 ibloc_r1-ibloc_r7 ithur_r1-ithur_r7
  isynm_r1-isynm_r7 iinfo_r1-iinfo_r7 ianal_r1-ianal_r7 irota_r1-irota_r7
  ifigi_r1-ifigi_r7 isymd_r1-isymd_r7
  tverb1-tverb7 tspat1-tspat7 tmemo1-tmemo7 tsped1-tsped7 tpcom1-tpcom7;
         MISSING are .;
         USEVAR are  time1 time2 time3  time5 time6 time7
                     p1 p2 p3  p5 p6 p7
                     c1 c2 c3  c5 c6 c7
                     Bage Ceduc;
         TSCORES =   time1 time2 time3   time5 time6 time7;
         USEOBSERVATIONS are  sex01 EQ 1;
  Define: p1=fev1_1; p2=fev1_2; p3=fev1_3; p5=fev1_5; p6=fev1_6; p7=fev1_7;
          c1=tspat1; c2=tspat2; c3=tspat3; c5=tspat5; c6=tspat6; c7=tspat7;
          Bage=intakeage-70;   !Centered at Age 70
          !Bagesq=(intakeage-70)**2;
          Sex=1;         !0=Male
          cEduc=educ-1;     ! center at 1 as most equivalent to 7 years
          !SEP=SESgrp;
          !Marstat;
          !Height
          !Weight
          !BMI
          !SmokHist=Smoke;
          !Alcohol;
          !CompExp;
          !PhysAct;
          !BP;
          !DepSymp;
          !Cardio;
          !Diab;
          !MorbInd;
          !BageSex=Bage*Sex;
          !BageEduc=Bage*Educ;
          !SexEduc=Sex*Educ;
  ANALYSIS: TYPE = RANDOM;
  MODEL:  ip sp | p1 p2 p3 p5 p6 p7 at time1 time2 time3 time5 time6 time7;
          ic sc | c1 c2 c3 c5 c6 c7 at time1 time2 time3 time5 time6 time7;
          ip sp ic sc ON Bage Ceduc;
          p1-p7 (res_p);
          c1-c7 (res_c);
          p1 p2 p3 p5 p6 p7 pwith c1 c2 c3 c5 c6 c7(res_cov);
  OUTPUT: sampstat Cinterval;
*** WARNING
  Data set contains cases with missing on x-variables.
  These cases were not included in the analysis.
  Number of cases with missing on x-variables:  22
*** WARNING
  Data set contains cases with missing on all variables except
  x-variables.  These cases were not included in the analysis.
  Number of cases with missing on all variables except x-variables:  5
   2 WARNING(S) FOUND IN THE INPUT INSTRUCTIONS
fev1 - spatial - female - age & education
SUMMARY OF ANALYSIS
Number of groups                                                 1
Number of observations                                         485
Number of dependent variables                                   12
Number of independent variables                                  2
Number of continuous latent variables                            4
Observed dependent variables
  Continuous
   P1          P2          P3          P5          P6          P7
   C1          C2          C3          C5          C6          C7
Observed independent variables
   BAGE        CEDUC
Continuous latent variables
   IP          SP          IC          SC
Variables with special functions
  Time scores
   TIME1       TIME2       TIME3       TIME5       TIME6       TIME7
Estimator                                                      MLR
Information matrix                                        OBSERVED
Maximum number of iterations                                   100
Convergence criterion                                    0.100D-05
Maximum number of EM iterations                                500
Convergence criteria for the EM algorithm
  Loglikelihood change                                   0.100D-02
  Relative loglikelihood change                          0.100D-05
  Derivative                                             0.100D-03
Minimum variance                                         0.100D-03
Maximum number of steepest descent iterations                   20
Maximum number of iterations for H1                           2000
Convergence criterion for H1                             0.100D-03
Optimization algorithm                                         EMA
Input data file(s)
  satsa.dat
Input data format  FREE
SUMMARY OF DATA
     Number of missing data patterns           147
COVARIANCE COVERAGE OF DATA
Minimum covariance coverage value   0.100
     PROPORTION OF DATA PRESENT
           Covariance Coverage
              P1            P2            P3            P5            P6
              ________      ________      ________      ________      ________
 P1             0.666
 P2             0.489         0.660
 P3             0.456         0.551         0.631
 P5             0.371         0.433         0.435         0.606
 P6             0.272         0.318         0.318         0.445         0.458
 P7             0.227         0.272         0.278         0.398         0.369
 C1             0.604         0.538         0.509         0.408         0.280
 C2             0.425         0.557         0.489         0.394         0.287
 C3             0.394         0.476         0.522         0.408         0.303
 C5             0.311         0.369         0.373         0.509         0.423
 C6             0.237         0.282         0.287         0.400         0.390
 C7             0.153         0.192         0.200         0.295         0.278
 BAGE           0.666         0.660         0.631         0.606         0.458
 CEDUC          0.666         0.660         0.631         0.606         0.458
           Covariance Coverage
              P7            C1            C2            C3            C5
              ________      ________      ________      ________      ________
 P7             0.404
 C1             0.231         0.738
 C2             0.247         0.482         0.577
 C3             0.268         0.437         0.439         0.538
 C5             0.373         0.320         0.334         0.361         0.520
 C6             0.334         0.237         0.258         0.272         0.394
 C7             0.278         0.144         0.175         0.194         0.291
 BAGE           0.404         0.738         0.577         0.538         0.520
 CEDUC          0.404         0.738         0.577         0.538         0.520
           Covariance Coverage
              C6            C7            BAGE          CEDUC
              ________      ________      ________      ________
 C6             0.412
 C7             0.268         0.299
 BAGE           0.412         0.299         1.000
 CEDUC          0.412         0.299         1.000         1.000
SAMPLE STATISTICS
     ESTIMATED SAMPLE STATISTICS
           Means
              P1            P2            P3            P5            P6
              ________      ________      ________      ________      ________
 1              1.941         1.900         1.876         1.610         1.498
           Means
              P7            C1            C2            C3            C5
              ________      ________      ________      ________      ________
 1              1.365        49.816        49.382        47.807        44.516
           Means
              C6            C7            BAGE          CEDUC
              ________      ________      ________      ________
 1             42.833        42.246        -5.850         0.518
           Covariances
              P1            P2            P3            P5            P6
              ________      ________      ________      ________      ________
 P1             0.242
 P2             0.213         0.263
 P3             0.207         0.241         0.279
 P5             0.184         0.213         0.219         0.287
 P6             0.182         0.214         0.227         0.219         0.288
 P7             0.191         0.231         0.230         0.237         0.243
 C1             1.879         2.111         2.053         1.777         2.256
 C2             2.405         2.685         2.648         2.445         2.442
 C3             2.387         2.854         2.791         2.242         2.749
 C5             2.810         3.331         3.338         2.825         3.443
 C6             2.533         3.054         3.022         2.572         3.069
 C7             3.283         3.826         3.731         3.142         3.922
 BAGE          -2.855        -3.095        -3.104        -2.578        -2.909
 CEDUC          0.086         0.096         0.108         0.081         0.112
           Covariances
              P7            C1            C2            C3            C5
              ________      ________      ________      ________      ________
 P7             0.334
 C1             2.662       101.991
 C2             2.972        84.154        99.616
 C3             3.190        96.398        99.314       124.294
 C5             3.507        91.019        96.284       106.452       132.224
 C6             3.631        90.485        95.449       112.838       114.551
 C7             4.524        98.271       103.998       117.716       127.184
 BAGE          -3.255       -39.759       -47.306       -57.454       -62.272
 CEDUC          0.104         2.190         2.442         3.138         3.127
           Covariances
              C6            C7            BAGE          CEDUC
              ________      ________      ________      ________
 C6           133.177
 C7           128.815       163.460
 BAGE         -64.209       -76.835        83.440
 CEDUC          3.170         3.899        -1.898         0.600
           Correlations
              P1            P2            P3            P5            P6
              ________      ________      ________      ________      ________
 P1             1.000
 P2             0.844         1.000
 P3             0.795         0.891         1.000
 P5             0.700         0.774         0.775         1.000
 P6             0.688         0.779         0.799         0.762         1.000
 P7             0.674         0.781         0.755         0.765         0.783
 C1             0.378         0.408         0.385         0.329         0.416
 C2             0.490         0.525         0.502         0.458         0.456
 C3             0.435         0.499         0.474         0.376         0.459
 C5             0.497         0.565         0.549         0.459         0.558
 C6             0.446         0.516         0.496         0.416         0.495
 C7             0.522         0.584         0.552         0.459         0.571
 BAGE          -0.635        -0.661        -0.643        -0.527        -0.593
 CEDUC          0.225         0.242         0.263         0.195         0.270
           Correlations
              P7            C1            C2            C3            C5
              ________      ________      ________      ________      ________
 P7             1.000
 C1             0.456         1.000
 C2             0.516         0.835         1.000
 C3             0.495         0.856         0.893         1.000
 C5             0.528         0.784         0.839         0.830         1.000
 C6             0.545         0.776         0.829         0.877         0.863
 C7             0.613         0.761         0.815         0.826         0.865
 BAGE          -0.617        -0.431        -0.519        -0.564        -0.593
 CEDUC          0.232         0.280         0.316         0.363         0.351
           Correlations
              C6            C7            BAGE          CEDUC
              ________      ________      ________      ________
 C6             1.000
 C7             0.873         1.000
 BAGE          -0.609        -0.658         1.000
 CEDUC          0.355         0.394        -0.268         1.000
     MAXIMUM LOG-LIKELIHOOD VALUE FOR THE UNRESTRICTED (H1) MODEL IS -7479.825
UNIVARIATE HIGHER-ORDER MOMENT DESCRIPTIVE STATISTICS
     UNIVARIATE HIGHER-ORDER MOMENT DESCRIPTIVE STATISTICS
         Variable/         Mean/     Skewness/   Minimum/ % with                Percentiles
        Sample Size      Variance    Kurtosis    Maximum  Min/Max      20%/60%    40%/80%    Median
     P1                    1.907      -0.130       0.500    0.31%       1.500      1.800      1.900
             323.000       0.223      -0.123       3.400    0.31%       2.100      2.300
     P2                    1.897      -0.142       0.650    0.31%       1.500      1.770      1.900
             320.000       0.238      -0.310       3.100    0.62%       2.050      2.300
     P3                    1.855      -0.112       0.410    0.33%       1.410      1.750      1.865
             306.000       0.259      -0.202       3.200    0.33%       1.990      2.280
     P5                    1.759       0.093       0.000    0.34%       1.330      1.620      1.700
             294.000       0.240       0.056       3.040    0.34%       1.830      2.190
     P6                    1.720       0.024       0.540    0.45%       1.270      1.610      1.710
             222.000       0.226      -0.379       2.980    0.45%       1.820      2.140
     P7                    1.632      -0.167       0.000    0.51%       1.160      1.460      1.655
             196.000       0.253      -0.314       2.830    0.51%       1.780      2.090
     C1                   48.135       0.272      28.136    0.28%      39.746     45.322     47.623
             358.000      89.218      -0.308      74.365    0.28%      50.170     55.959
     C2                   49.882       0.198      23.592    0.36%      41.409     46.559     49.212
             280.000      89.347      -0.297      77.837    0.36%      52.151     58.186
     C3                   49.493       0.190      26.318    0.38%      40.508     45.503     48.532
             261.000     104.797      -0.565      75.732    0.38%      51.865     58.341
     C5                   49.325       0.464      24.648    0.40%      40.049     45.625     48.291
             252.000     106.842      -0.062      81.300    0.40%      50.939     58.358
     C6                   49.186       0.242      24.804    0.50%      40.958     46.068     48.593
             200.000     101.719       0.037      77.067    0.50%      50.800     57.121
     C7                   51.573       0.356      30.240    0.69%      41.867     47.607     51.136
             145.000     112.436      -0.217      79.040    0.69%      54.116     59.406
     BAGE                 -5.850       0.060     -30.239    0.21%     -14.712     -9.231     -6.037
             485.000      83.440      -0.640      17.984    0.41%      -3.336      2.116
     CEDUC                 0.518       1.658       0.000   61.24%       0.000      0.000      0.000
             485.000       0.600       2.475       3.000    4.54%       0.000      1.000
THE MODEL ESTIMATION TERMINATED NORMALLY
MODEL FIT INFORMATION
Number of Free Parameters                       25
Loglikelihood
          H0 Value                       -5289.927
          H0 Scaling Correction Factor      1.2040
            for MLR
Information Criteria
          Akaike (AIC)                   10629.853
          Bayesian (BIC)                 10734.457
          Sample-Size Adjusted BIC       10655.108
            (n* = (n + 2) / 24)
MODEL RESULTS
                                                    Two-Tailed
                    Estimate       S.E.  Est./S.E.    P-Value
 IP         ON
    BAGE              -0.036      0.002    -18.297      0.000
    CEDUC              0.047      0.025      1.899      0.058
 SP         ON
    BAGE               0.000      0.000      1.622      0.105
    CEDUC              0.000      0.001      0.329      0.743
 IC         ON
    BAGE              -0.453      0.046     -9.839      0.000
    CEDUC              2.369      0.614      3.858      0.000
 SC         ON
    BAGE              -0.017      0.003     -5.186      0.000
    CEDUC              0.061      0.030      2.042      0.041
 SP       WITH
    IP                -0.001      0.001     -0.890      0.373
 IC       WITH
    IP                 0.552      0.173      3.198      0.001
    SP                 0.007      0.012      0.587      0.557
 SC       WITH
    IP                 0.001      0.009      0.153      0.879
    SP                 0.001      0.001      1.179      0.238
    IC                -0.408      0.224     -1.820      0.069
 P1       WITH
    C1                 0.044      0.038      1.151      0.250
 P2       WITH
    C2                 0.044      0.038      1.151      0.250
 P3       WITH
    C3                 0.044      0.038      1.151      0.250
 P5       WITH
    C5                 0.044      0.038      1.151      0.250
 P6       WITH
    C6                 0.044      0.038      1.151      0.250
 P7       WITH
    C7                 0.044      0.038      1.151      0.250
 Intercepts
    P1                 0.000      0.000    999.000    999.000
    P2                 0.000      0.000    999.000    999.000
    P3                 0.000      0.000    999.000    999.000
    P5                 0.000      0.000    999.000    999.000
    P6                 0.000      0.000    999.000    999.000
    P7                 0.000      0.000    999.000    999.000
    C1                 0.000      0.000    999.000    999.000
    C2                 0.000      0.000    999.000    999.000
    C3                 0.000      0.000    999.000    999.000
    C5                 0.000      0.000    999.000    999.000
    C6                 0.000      0.000    999.000    999.000
    C7                 0.000      0.000    999.000    999.000
    IP                 1.754      0.022     78.511      0.000
    SP                -0.028      0.002    -14.829      0.000
    IC                46.296      0.482     95.955      0.000
    SC                -0.556      0.042    -13.139      0.000
 Residual Variances
    P1                 0.054      0.005     10.098      0.000
    P2                 0.054      0.005     10.098      0.000
    P3                 0.054      0.005     10.098      0.000
    P5                 0.054      0.005     10.098      0.000
    P6                 0.054      0.005     10.098      0.000
    P7                 0.054      0.005     10.098      0.000
    C1                16.446      0.920     17.877      0.000
    C2                16.446      0.920     17.877      0.000
    C3                16.446      0.920     17.877      0.000
    C5                16.446      0.920     17.877      0.000
    C6                16.446      0.920     17.877      0.000
    C7                16.446      0.920     17.877      0.000
    IP                 0.103      0.012      8.499      0.000
    SP                 0.000      0.000      3.523      0.000
    IC                62.799      4.719     13.307      0.000
    SC                 0.051      0.017      2.995      0.003
QUALITY OF NUMERICAL RESULTS
     Condition Number for the Information Matrix              0.140E-05
       (ratio of smallest to largest eigenvalue)
