Mplus VERSION 7.3 (Mac)
MUTHEN & MUTHEN
06/16/2015   2:27 PM

INPUT INSTRUCTIONS

  TITLE: fev - Digits Back - female - age

  DATA:  File = satsa.dat;

  VARIABLE: Names are
  twinnr pairid sex01 przygup rear iage1-iage7 intakeage time1-time7 dem1-dem7
  s_demen_onset
  htcm wtkg qualc depr cv chd sumill eversmoke diabete
  marital msgroup sesobj educ edugr
  fev1_1-fev1_7 ht_1-ht_7 grip1-grip7 gait2-gait7
  stupt_2-stupt_7 stuprt_2-stuprt_7
  idigf_r1-idigf_r7 idigb_r1-idigb_r7 ibloc_r1-ibloc_r7 ithur_r1-ithur_r7
  isynm_r1-isynm_r7 iinfo_r1-iinfo_r7 ianal_r1-ianal_r7 irota_r1-irota_r7
  ifigi_r1-ifigi_r7 isymd_r1-isymd_r7 mmse7_1-mmse7_7
  tverb1-tverb7 tspat1-tspat7 tmemo1-tmemo7 tsped1-tsped7 tpcom1-tpcom7;

         MISSING are .;
         USEVAR are  diabete eversmoke chd time1 time2 time3  time5 time6 time7
                     p1 p2 p3  p5 p6 p7
              	       c1 c2 c3  c5 c6 c7
                     Bage ceduc height;
         TSCORES =   time1 time2 time3   time5 time6 time7;

         USEOBSERVATIONS are  sex01 EQ 0;

  Define: p1=fev1_1; p2=fev1_2; p3=fev1_3; p5=fev1_5; p6=fev1_6; p7=fev1_7;
          c1=irota_r1; c2=irota_r2; c3=irota_r3; c5=irota_r5; c6=irota_r6; c7=irota_r7;

          Bage=intakeage-70;   !Centered at Age 70
          !Bagesq=(intakeage-70)**2;

          Sex=0;         !0=Male
          cEduc=educ-1;     ! center at 1 as most equivalent to 7 years
          !SEP=SESgrp;
          !Marstat;
          Height=htcm-172;
          !Weight
          !BMI
          !SmokHist=Smoke;
          !Alcohol;
          !CompExp;
          !PhysAct;
          !BP;
          !DepSymp;
          !Cardio;
          !Diab;
          !MorbInd;

          !BageSex=Bage*Sex;
          !BageEduc=Bage*Educ;
          !SexEduc=Sex*Educ;

  ANALYSIS: TYPE = RANDOM;
  	estimator=mlf;

  MODEL:  ip sp | p1 p2 p3 p5 p6 p7 at time1 time2 time3 time5 time6 time7;
          ic sc | c1 c2 c3 c5 c6 c7 at time1 time2 time3 time5 time6 time7;

          ip sp ic sc ON Bage ceduc height diabete eversmoke chd;

          p1-p7 (res_p);
          c1-c7 (res_c);

          p1 p2 p3 p5 p6 p7 pwith c1 c2 c3 c5 c6 c7(res_cov);

  OUTPUT: sampstat ;





*** WARNING in VARIABLE command
  Note that only the first 8 characters of variable names are used in the output.
  Shorten variable names to avoid any confusion.
*** WARNING
  Data set contains cases with missing on x-variables.
  These cases were not included in the analysis.
  Number of cases with missing on x-variables:  47
*** WARNING
  Data set contains cases with missing on all variables except
  x-variables.  These cases were not included in the analysis.
  Number of cases with missing on all variables except x-variables:  1
   3 WARNING(S) FOUND IN THE INPUT INSTRUCTIONS



fev - Digits Back - female - age

SUMMARY OF ANALYSIS

Number of groups                                                 1
Number of observations                                         299

Number of dependent variables                                   12
Number of independent variables                                  6
Number of continuous latent variables                            4

Observed dependent variables

  Continuous
   P1          P2          P3          P5          P6          P7
   C1          C2          C3          C5          C6          C7

Observed independent variables
   DIABETE     EVERSMOK    CHD         BAGE        CEDUC       HEIGHT

Continuous latent variables
   IP          SP          IC          SC

Variables with special functions

  Time scores
   TIME1       TIME2       TIME3       TIME5       TIME6       TIME7


Estimator                                                      MLF
Information matrix                                        OBSERVED
Maximum number of iterations                                   100
Convergence criterion                                    0.100D-05
Maximum number of EM iterations                                500
Convergence criteria for the EM algorithm
  Loglikelihood change                                   0.100D-02
  Relative loglikelihood change                          0.100D-05
  Derivative                                             0.100D-03
Minimum variance                                         0.100D-03
Maximum number of steepest descent iterations                   20
Maximum number of iterations for H1                           2000
Convergence criterion for H1                             0.100D-03
Optimization algorithm                                         EMA

Input data file(s)
  satsa.dat
Input data format  FREE


SUMMARY OF DATA

     Number of missing data patterns            87


COVARIANCE COVERAGE OF DATA

Minimum covariance coverage value   0.100


     PROPORTION OF DATA PRESENT


           Covariance Coverage
              P1            P2            P3            P5            P6
              ________      ________      ________      ________      ________
 P1             0.615
 P2             0.472         0.652
 P3             0.452         0.562         0.656
 P5             0.294         0.395         0.435         0.579
 P6             0.234         0.308         0.344         0.455         0.478
 P7             0.177         0.254         0.291         0.395         0.388
 C1             0.599         0.528         0.512         0.318         0.251
 C2             0.455         0.602         0.559         0.401         0.318
 C3             0.408         0.515         0.595         0.411         0.338
 C5             0.281         0.365         0.398         0.525         0.452
 C6             0.211         0.278         0.314         0.425         0.435
 C7             0.120         0.204         0.221         0.314         0.308
 DIABETE        0.615         0.652         0.656         0.579         0.478
 EVERSMOK       0.615         0.652         0.656         0.579         0.478
 CHD            0.615         0.652         0.656         0.579         0.478
 BAGE           0.615         0.652         0.656         0.579         0.478
 CEDUC          0.615         0.652         0.656         0.579         0.478
 HEIGHT         0.615         0.652         0.656         0.579         0.478


           Covariance Coverage
              P7            C1            C2            C3            C5
              ________      ________      ________      ________      ________
 P7             0.415
 C1             0.191         0.702
 C2             0.264         0.515         0.642
 C3             0.288         0.468         0.532         0.605
 C5             0.391         0.291         0.375         0.388         0.538
 C6             0.371         0.224         0.288         0.311         0.428
 C7             0.314         0.127         0.207         0.221         0.314
 DIABETE        0.415         0.702         0.642         0.605         0.538
 EVERSMOK       0.415         0.702         0.642         0.605         0.538
 CHD            0.415         0.702         0.642         0.605         0.538
 BAGE           0.415         0.702         0.642         0.605         0.538
 CEDUC          0.415         0.702         0.642         0.605         0.538
 HEIGHT         0.415         0.702         0.642         0.605         0.538


           Covariance Coverage
              C6            C7            DIABETE       EVERSMOK      CHD
              ________      ________      ________      ________      ________
 C6             0.445
 C7             0.304         0.324
 DIABETE        0.445         0.324         1.000
 EVERSMOK       0.445         0.324         1.000         1.000
 CHD            0.445         0.324         1.000         1.000         1.000
 BAGE           0.445         0.324         1.000         1.000         1.000
 CEDUC          0.445         0.324         1.000         1.000         1.000
 HEIGHT         0.445         0.324         1.000         1.000         1.000


           Covariance Coverage
              BAGE          CEDUC         HEIGHT
              ________      ________      ________
 BAGE           1.000
 CEDUC          1.000         1.000
 HEIGHT         1.000         1.000         1.000


SAMPLE STATISTICS


     ESTIMATED SAMPLE STATISTICS


           Means
              P1            P2            P3            P5            P6
              ________      ________      ________      ________      ________
 1              2.832         2.773         2.730         2.302         2.127


           Means
              P7            C1            C2            C3            C5
              ________      ________      ________      ________      ________
 1              2.053        57.616        57.415        54.052        44.536


           Means
              C6            C7            DIABETE       EVERSMOK      CHD
              ________      ________      ________      ________      ________
 1             40.482        45.816         0.030         0.639         0.154


           Means
              BAGE          CEDUC         HEIGHT
              ________      ________      ________
 1             -7.364         0.706         3.736


           Covariances
              P1            P2            P3            P5            P6
              ________      ________      ________      ________      ________
 P1             0.557
 P2             0.534         0.575
 P3             0.530         0.549         0.630
 P5             0.563         0.592         0.614         0.767
 P6             0.533         0.558         0.581         0.625         0.797
 P7             0.578         0.592         0.588         0.633         0.666
 C1             5.956         5.893         5.669         6.026         6.228
 C2             6.375         6.470         6.483         7.301         7.032
 C3             7.770         7.793         8.125         8.939         7.906
 C5             8.209         8.350         8.757         9.694         9.063
 C6            10.990        10.290        11.562        12.740        11.770
 C7            10.596        11.732        12.322        13.304        13.363
 DIABETE       -0.021        -0.021        -0.014        -0.021        -0.005
 EVERSMOK       0.026         0.015         0.016         0.012         0.011
 CHD           -0.055        -0.058        -0.059        -0.035        -0.047
 BAGE          -3.286        -3.257        -3.290        -3.828        -3.844
 CEDUC          0.145         0.144         0.128         0.132         0.111
 HEIGHT         2.032         2.165         2.151         2.123         2.156


           Covariances
              P7            C1            C2            C3            C5
              ________      ________      ________      ________      ________
 P7             0.800
 C1             5.884       390.781
 C2             6.836       316.776       464.187
 C3             9.050       361.275       434.590       571.858
 C5             9.526       333.887       425.874       512.116       622.075
 C6            12.322       367.302       444.724       526.145       579.446
 C7            12.978       338.928       429.102       493.221       510.172
 DIABETE       -0.026        -0.286        -0.329        -0.469        -0.480
 EVERSMOK       0.040         0.092         0.950         1.102         1.248
 CHD           -0.073        -0.630        -0.258        -0.910        -0.649
 BAGE          -3.943       -65.797       -87.259       -97.339      -122.949
 CEDUC          0.167         4.266         6.117         6.152         6.963
 HEIGHT         2.124        27.538        30.846        41.243        36.508


           Covariances
              C6            C7            DIABETE       EVERSMOK      CHD
              ________      ________      ________      ________      ________
 C6           773.330
 C7           600.319       694.578
 DIABETE       -0.309         0.228         0.029
 EVERSMOK       1.400         2.107        -0.003         0.231
 CHD           -0.931         0.006         0.012        -0.008         0.130
 BAGE        -143.717      -138.113         0.168        -0.775         0.262
 CEDUC          5.993         7.714         0.002         0.014        -0.045
 HEIGHT        60.912        71.637         0.055         0.206        -0.150


           Covariances
              BAGE          CEDUC         HEIGHT
              ________      ________      ________
 BAGE          65.181
 CEDUC         -0.881         0.964
 HEIGHT       -15.375         1.400        40.208


           Correlations
              P1            P2            P3            P5            P6
              ________      ________      ________      ________      ________
 P1             1.000
 P2             0.944         1.000
 P3             0.895         0.912         1.000
 P5             0.861         0.891         0.883         1.000
 P6             0.800         0.825         0.820         0.799         1.000
 P7             0.866         0.872         0.828         0.808         0.835
 C1             0.404         0.393         0.361         0.348         0.353
 C2             0.396         0.396         0.379         0.387         0.366
 C3             0.435         0.430         0.428         0.427         0.370
 C5             0.441         0.442         0.442         0.444         0.407
 C6             0.530         0.488         0.524         0.523         0.474
 C7             0.539         0.587         0.589         0.576         0.568
 DIABETE       -0.164        -0.163        -0.105        -0.139        -0.033
 EVERSMOK       0.074         0.040         0.041         0.029         0.026
 CHD           -0.205        -0.212        -0.205        -0.110        -0.146
 BAGE          -0.545        -0.532        -0.513        -0.542        -0.533
 CEDUC          0.198         0.193         0.165         0.153         0.127
 HEIGHT         0.429         0.450         0.427         0.382         0.381


           Correlations
              P7            C1            C2            C3            C5
              ________      ________      ________      ________      ________
 P7             1.000
 C1             0.333         1.000
 C2             0.355         0.744         1.000
 C3             0.423         0.764         0.844         1.000
 C5             0.427         0.677         0.793         0.859         1.000
 C6             0.495         0.668         0.742         0.791         0.835
 C7             0.550         0.651         0.756         0.783         0.776
 DIABETE       -0.173        -0.085        -0.089        -0.115        -0.113
 EVERSMOK       0.093         0.010         0.092         0.096         0.104
 CHD           -0.225        -0.088        -0.033        -0.106        -0.072
 BAGE          -0.546        -0.412        -0.502        -0.504        -0.611
 CEDUC          0.190         0.220         0.289         0.262         0.284
 HEIGHT         0.374         0.220         0.226         0.272         0.231


           Correlations
              C6            C7            DIABETE       EVERSMOK      CHD
              ________      ________      ________      ________      ________
 C6             1.000
 C7             0.819         1.000
 DIABETE       -0.065         0.051         1.000
 EVERSMOK       0.105         0.166        -0.031         1.000
 CHD           -0.093         0.001         0.196        -0.046         1.000
 BAGE          -0.640        -0.649         0.122        -0.200         0.090
 CEDUC          0.220         0.298         0.013         0.030        -0.127
 HEIGHT         0.345         0.429         0.051         0.067        -0.066


           Correlations
              BAGE          CEDUC         HEIGHT
              ________      ________      ________
 BAGE           1.000
 CEDUC         -0.111         1.000
 HEIGHT        -0.300         0.225         1.000


     MAXIMUM LOG-LIKELIHOOD VALUE FOR THE UNRESTRICTED (H1) MODEL IS -7062.791


UNIVARIATE HIGHER-ORDER MOMENT DESCRIPTIVE STATISTICS


     UNIVARIATE HIGHER-ORDER MOMENT DESCRIPTIVE STATISTICS

         Variable/         Mean/     Skewness/   Minimum/ % with                Percentiles
        Sample Size      Variance    Kurtosis    Maximum  Min/Max      20%/60%    40%/80%    Median

     P1                    2.715      -0.132       0.700    0.54%       2.100      2.600      2.800
             184.000       0.512      -0.003       4.600    1.09%       3.000      3.300
     P2                    2.743      -0.360       0.570    0.51%       2.150      2.610      2.800
             195.000       0.529       0.040       4.550    0.51%       2.950      3.350
     P3                    2.720      -0.230       0.700    0.51%       2.100      2.600      2.760
             196.000       0.573      -0.050       4.530    0.51%       2.890      3.360
     P5                    2.610      -0.202       0.440    0.58%       1.950      2.390      2.600
             173.000       0.617      -0.291       4.490    0.58%       2.780      3.330
     P6                    2.500      -0.181       0.460    0.70%       1.760      2.260      2.570
             143.000       0.601      -0.601       4.290    0.70%       2.760      3.250
     P7                    2.538      -0.126       0.770    0.81%       1.950      2.370      2.500
             124.000       0.480      -0.443       4.130    0.81%       2.750      3.140
     C1                   54.586       0.566      16.000    0.48%      38.000     47.000     53.500
             210.000     349.071      -0.059     109.000    0.95%      57.000     69.000
     C2                   57.552       0.256      16.000    0.52%      40.000     50.000     54.000
             192.000     401.320      -0.647     108.000    0.52%      63.000     75.000
     C3                   55.470       0.361       4.000    0.55%      36.000     46.000     52.000
             181.000     482.536      -0.607     112.000    0.55%      59.000     74.000
     C5                   54.683       0.263       7.000    0.62%      33.000     46.000     52.000
             161.000     512.179      -0.599     112.000    0.62%      59.000     78.000
     C6                   54.654       0.155       6.000    0.75%      32.000     43.000     52.000
             133.000     587.098      -0.886     109.000    0.75%      62.000     76.000
     C7                   63.608       0.223      24.000    1.03%      44.000     55.000     63.000
              97.000     447.166      -0.803     112.000    1.03%      68.000     83.000
     DIABETE               0.030       5.500       0.000   96.99%       0.000      0.000      0.000
             299.000       0.029      28.253       1.000    3.01%       0.000      0.000
     EVERSMOKE             0.639      -0.578       0.000   36.12%       0.000      1.000      1.000
             299.000       0.231      -1.666       1.000   63.88%       1.000      1.000
     CHD                   0.154       1.919       0.000   84.62%       0.000      0.000      0.000
             299.000       0.130       1.682       1.000   15.38%       0.000      0.000
     BAGE                 -7.364       0.105     -27.605    0.33%     -15.299     -9.153     -6.906
             299.000      65.181      -0.448      17.816    0.33%      -4.736     -0.339
     CEDUC                 0.706       1.188       0.000   58.19%       0.000      0.000      0.000
             299.000       0.964       0.176       3.000    9.03%       1.000      1.000
     HEIGHT                3.736       0.352     -10.000    0.33%      -2.000      1.000      2.000
             299.000      40.208      -0.305      22.000    0.33%       5.000     10.000


THE MODEL ESTIMATION TERMINATED NORMALLY



MODEL FIT INFORMATION

Number of Free Parameters                       41

Loglikelihood

          H0 Value                       -4580.919

Information Criteria

          Akaike (AIC)                    9243.839
          Bayesian (BIC)                  9395.557
          Sample-Size Adjusted BIC        9265.530
            (n* = (n + 2) / 24)



MODEL RESULTS

                                                    Two-Tailed
                    Estimate       S.E.  Est./S.E.    P-Value

 IP         ON
    BAGE              -0.041      0.006     -7.294      0.000
    CEDUC              0.039      0.044      0.893      0.372
    HEIGHT             0.035      0.007      5.133      0.000
    DIABETE           -0.453      0.282     -1.606      0.108
    EVERSMOKE         -0.115      0.083     -1.387      0.166
    CHD               -0.274      0.124     -2.217      0.027

 SP         ON
    BAGE               0.000      0.000     -0.763      0.446
    CEDUC              0.000      0.002      0.091      0.928
    HEIGHT             0.000      0.000     -0.370      0.711
    DIABETE            0.016      0.059      0.279      0.780
    EVERSMOKE          0.000      0.006      0.086      0.932
    CHD                0.004      0.007      0.563      0.574

 IC         ON
    BAGE              -1.011      0.160     -6.321      0.000
    CEDUC              4.030      1.183      3.408      0.001
    HEIGHT             0.086      0.172      0.500      0.617
    DIABETE           -4.819     16.862     -0.286      0.775
    EVERSMOKE         -2.281      2.462     -0.927      0.354
    CHD                0.398      3.360      0.118      0.906

 SC         ON
    BAGE              -0.056      0.011     -5.019      0.000
    CEDUC              0.047      0.092      0.513      0.608
    HEIGHT             0.028      0.013      2.183      0.029
    DIABETE           -0.185      1.131     -0.163      0.870
    EVERSMOKE          0.122      0.166      0.739      0.460
    CHD                0.003      0.247      0.013      0.989

 SP       WITH
    IP                 0.001      0.002      0.752      0.452

 IC       WITH
    IP                 1.504      0.691      2.177      0.029
    SP                -0.020      0.044     -0.444      0.657

 SC       WITH
    IP                 0.054      0.051      1.042      0.297
    SP                 0.001      0.003      0.351      0.726
    IC                -0.834      1.492     -0.559      0.576

 P1       WITH
    C1                 0.057      0.149      0.381      0.703

 P2       WITH
    C2                 0.057      0.149      0.381      0.703

 P3       WITH
    C3                 0.057      0.149      0.381      0.703

 P5       WITH
    C5                 0.057      0.149      0.381      0.703

 P6       WITH
    C6                 0.057      0.149      0.381      0.703

 P7       WITH
    C7                 0.057      0.149      0.381      0.703

 Intercepts
    P1                 0.000      0.000    999.000    999.000
    P2                 0.000      0.000    999.000    999.000
    P3                 0.000      0.000    999.000    999.000
    P5                 0.000      0.000    999.000    999.000
    P6                 0.000      0.000    999.000    999.000
    P7                 0.000      0.000    999.000    999.000
    C1                 0.000      0.000    999.000    999.000
    C2                 0.000      0.000    999.000    999.000
    C3                 0.000      0.000    999.000    999.000
    C5                 0.000      0.000    999.000    999.000
    C6                 0.000      0.000    999.000    999.000
    C7                 0.000      0.000    999.000    999.000
    IP                 2.556      0.073     35.185      0.000
    SP                -0.046      0.007     -6.939      0.000
    IC                49.544      2.652     18.679      0.000
    SC                -1.572      0.202     -7.769      0.000

 Residual Variances
    P1                 0.090      0.004     24.543      0.000
    P2                 0.090      0.004     24.543      0.000
    P3                 0.090      0.004     24.543      0.000
    P5                 0.090      0.004     24.543      0.000
    P6                 0.090      0.004     24.543      0.000
    P7                 0.090      0.004     24.543      0.000
    C1               109.689      6.039     18.165      0.000
    C2               109.689      6.039     18.165      0.000
    C3               109.689      6.039     18.165      0.000
    C5               109.689      6.039     18.165      0.000
    C6               109.689      6.039     18.165      0.000
    C7               109.689      6.039     18.165      0.000
    IP                 0.270      0.035      7.794      0.000
    SP                 0.000      0.000      2.433      0.015
    IC               228.542     30.499      7.493      0.000
    SC                 0.250      0.126      1.983      0.047


QUALITY OF NUMERICAL RESULTS

     Condition Number for the Information Matrix              0.373E-07
       (ratio of smallest to largest eigenvalue)


     Beginning Time:  14:27:13
        Ending Time:  14:27:15
       Elapsed Time:  00:00:02



MUTHEN & MUTHEN
3463 Stoner Ave.
Los Angeles, CA  90066

Tel: (310) 391-9971
Fax: (310) 391-8971
Web: www.StatModel.com
Support: Support@StatModel.com

Copyright (c) 1998-2014 Muthen & Muthen
