Mplus VERSION 7.3 (Mac)
MUTHEN & MUTHEN
06/15/2015   9:54 PM

INPUT INSTRUCTIONS

  TITLE: fev - Block Design - female - age

  DATA:  File = satsa.dat;

  VARIABLE: Names are
  twinnr pairid sex01 przygup rear iage1-iage7 intakeage time1-time7 dem1-dem7
  s_demen_onset
  htcm wtkg qualc depr cv chd sumill eversmoke diabete
  marital msgroup sesobj educ edugr
  fev1_1-fev1_7 ht_1-ht_7 grip1-grip7 gait2-gait7
  stupt_2-stupt_7 stuprt_2-stuprt_7
  idigf_r1-idigf_r7 idigb_r1-idigb_r7 ibloc_r1-ibloc_r7 ithur_r1-ithur_r7
  isynm_r1-isynm_r7 iinfo_r1-iinfo_r7 ianal_r1-ianal_r7 irota_r1-irota_r7
  ifigi_r1-ifigi_r7 isymd_r1-isymd_r7 mmse7_1-mmse7_7
  tverb1-tverb7 tspat1-tspat7 tmemo1-tmemo7 tsped1-tsped7 tpcom1-tpcom7;

         MISSING are .;
         USEVAR are  time1 time2 time3  time5 time6 time7
                     p1 p2 p3  p5 p6 p7
              	       c1 c2 c3  c5 c6 c7
                     Bage ceduc height;
         TSCORES =   time1 time2 time3   time5 time6 time7;

         USEOBSERVATIONS are  sex01 EQ 0;

  Define: p1=fev1_1; p2=fev1_2; p3=fev1_3; p5=fev1_5; p6=fev1_6; p7=fev1_7;
          c1=ibloc_r1; c2=ibloc_r2; c3=ibloc_r3; c5=ibloc_r5; c6=ibloc_r6; c7=ibloc_r7;

          Bage=intakeage-70;   !Centered at Age 70
          !Bagesq=(intakeage-70)**2;

          Sex=0;         !0=Male
          cEduc=educ-1;     ! center at 1 as most equivalent to 7 years
          !SEP=SESgrp;
          !Marstat;
          Height=htcm-172;
          !Weight
          !BMI
          !SmokHist=Smoke;
          !Alcohol;
          !CompExp;
          !PhysAct;
          !BP;
          !DepSymp;
          !Cardio;
          !Diab;
          !MorbInd;

          !BageSex=Bage*Sex;
          !BageEduc=Bage*Educ;
          !SexEduc=Sex*Educ;

  ANALYSIS: TYPE = RANDOM;
  	estimator=mlf;

  MODEL:  ip sp | p1 p2 p3 p5 p6 p7 at time1 time2 time3 time5 time6 time7;
          ic sc | c1 c2 c3 c5 c6 c7 at time1 time2 time3 time5 time6 time7;

          ip sp ic sc ON Bage ceduc height ;

          p1-p7 (res_p);
          c1-c7 (res_c);

          p1 p2 p3 p5 p6 p7 pwith c1 c2 c3 c5 c6 c7(res_cov);

  OUTPUT: sampstat ;





*** WARNING
  Data set contains cases with missing on x-variables.
  These cases were not included in the analysis.
  Number of cases with missing on x-variables:  9
   1 WARNING(S) FOUND IN THE INPUT INSTRUCTIONS



fev - Block Design - female - age

SUMMARY OF ANALYSIS

Number of groups                                                 1
Number of observations                                         338

Number of dependent variables                                   12
Number of independent variables                                  3
Number of continuous latent variables                            4

Observed dependent variables

  Continuous
   P1          P2          P3          P5          P6          P7
   C1          C2          C3          C5          C6          C7

Observed independent variables
   BAGE        CEDUC       HEIGHT

Continuous latent variables
   IP          SP          IC          SC

Variables with special functions

  Time scores
   TIME1       TIME2       TIME3       TIME5       TIME6       TIME7


Estimator                                                      MLF
Information matrix                                        OBSERVED
Maximum number of iterations                                   100
Convergence criterion                                    0.100D-05
Maximum number of EM iterations                                500
Convergence criteria for the EM algorithm
  Loglikelihood change                                   0.100D-02
  Relative loglikelihood change                          0.100D-05
  Derivative                                             0.100D-03
Minimum variance                                         0.100D-03
Maximum number of steepest descent iterations                   20
Maximum number of iterations for H1                           2000
Convergence criterion for H1                             0.100D-03
Optimization algorithm                                         EMA

Input data file(s)
  satsa.dat
Input data format  FREE


SUMMARY OF DATA

     Number of missing data patterns            78


COVARIANCE COVERAGE OF DATA

Minimum covariance coverage value   0.100


     PROPORTION OF DATA PRESENT


           Covariance Coverage
              P1            P2            P3            P5            P6
              ________      ________      ________      ________      ________
 P1             0.609
 P2             0.470         0.654
 P3             0.456         0.574         0.663
 P5             0.299         0.405         0.444         0.595
 P6             0.240         0.317         0.352         0.473         0.494
 P7             0.180         0.257         0.290         0.399         0.391
 C1             0.598         0.536         0.524         0.334         0.266
 C2             0.482         0.627         0.592         0.420         0.334
 C3             0.444         0.562         0.642         0.438         0.346
 C5             0.290         0.393         0.429         0.571         0.479
 C6             0.249         0.322         0.361         0.479         0.485
 C7             0.192         0.269         0.305         0.423         0.411
 BAGE           0.609         0.654         0.663         0.595         0.494
 CEDUC          0.609         0.654         0.663         0.595         0.494
 HEIGHT         0.609         0.654         0.663         0.595         0.494


           Covariance Coverage
              P7            C1            C2            C3            C5
              ________      ________      ________      ________      ________
 P7             0.417
 C1             0.195         0.707
 C2             0.275         0.556         0.680
 C3             0.284         0.512         0.589         0.654
 C5             0.408         0.325         0.411         0.426         0.586
 C6             0.396         0.275         0.343         0.355         0.485
 C7             0.411         0.207         0.293         0.299         0.429
 BAGE           0.417         0.707         0.680         0.654         0.586
 CEDUC          0.417         0.707         0.680         0.654         0.586
 HEIGHT         0.417         0.707         0.680         0.654         0.586


           Covariance Coverage
              C6            C7            BAGE          CEDUC         HEIGHT
              ________      ________      ________      ________      ________
 C6             0.503
 C7             0.417         0.438
 BAGE           0.503         0.438         1.000
 CEDUC          0.503         0.438         1.000         1.000
 HEIGHT         0.503         0.438         1.000         1.000         1.000


SAMPLE STATISTICS


     ESTIMATED SAMPLE STATISTICS


           Means
              P1            P2            P3            P5            P6
              ________      ________      ________      ________      ________
 1              2.837         2.764         2.709         2.309         2.107


           Means
              P7            C1            C2            C3            C5
              ________      ________      ________      ________      ________
 1              2.071        20.769        19.727        19.297        17.612


           Means
              C6            C7            BAGE          CEDUC         HEIGHT
              ________      ________      ________      ________      ________
 1             15.822        14.181        -7.322         0.725         3.796


           Covariances
              P1            P2            P3            P5            P6
              ________      ________      ________      ________      ________
 P1             0.561
 P2             0.525         0.556
 P3             0.526         0.529         0.616
 P5             0.553         0.564         0.580         0.734
 P6             0.501         0.517         0.539         0.603         0.760
 P7             0.560         0.561         0.556         0.607         0.630
 C1             2.603         2.479         2.488         2.420         2.260
 C2             2.631         2.477         2.334         2.670         2.537
 C3             3.029         3.079         2.989         3.312         2.941
 C5             3.517         3.324         3.191         3.633         3.659
 C6             4.014         3.892         3.701         4.090         3.825
 C7             4.812         4.494         4.405         5.061         4.868
 BAGE          -3.285        -3.208        -3.143        -3.730        -3.776
 CEDUC          0.147         0.144         0.124         0.143         0.092
 HEIGHT         2.029         2.153         2.161         2.023         1.889


           Covariances
              P7            C1            C2            C3            C5
              ________      ________      ________      ________      ________
 P7             0.764
 C1             2.039        67.759
 C2             2.361        53.363        55.192
 C3             2.999        57.009        53.504        69.150
 C5             3.447        58.213        56.059        62.494        78.487
 C6             4.044        62.790        61.996        66.459        74.806
 C7             5.084        60.005        62.988        69.379        77.649
 BAGE          -3.762       -32.483       -31.410       -36.958       -42.215
 CEDUC          0.167         2.730         2.715         2.861         3.239
 HEIGHT         2.038        13.960        14.668        17.989        17.830


           Covariances
              C6            C7            BAGE          CEDUC         HEIGHT
              ________      ________      ________      ________      ________
 C6            89.489
 C7            87.917       108.326
 BAGE         -49.452       -57.171        67.015
 CEDUC          3.284         3.091        -1.083         0.992
 HEIGHT        19.766        25.919       -15.824         1.521        41.133


           Correlations
              P1            P2            P3            P5            P6
              ________      ________      ________      ________      ________
 P1             1.000
 P2             0.940         1.000
 P3             0.895         0.904         1.000
 P5             0.861         0.883         0.863         1.000
 P6             0.767         0.796         0.788         0.808         1.000
 P7             0.855         0.861         0.810         0.810         0.827
 C1             0.422         0.404         0.385         0.343         0.315
 C2             0.473         0.447         0.400         0.420         0.392
 C3             0.486         0.497         0.458         0.465         0.406
 C5             0.530         0.503         0.459         0.479         0.474
 C6             0.566         0.552         0.498         0.505         0.464
 C7             0.617         0.579         0.539         0.567         0.537
 BAGE          -0.536        -0.525        -0.489        -0.532        -0.529
 CEDUC          0.197         0.194         0.159         0.167         0.105
 HEIGHT         0.422         0.450         0.429         0.368         0.338


           Correlations
              P7            C1            C2            C3            C5
              ________      ________      ________      ________      ________
 P7             1.000
 C1             0.283         1.000
 C2             0.363         0.873         1.000
 C3             0.413         0.833         0.866         1.000
 C5             0.445         0.798         0.852         0.848         1.000
 C6             0.489         0.806         0.882         0.845         0.893
 C7             0.559         0.700         0.815         0.802         0.842
 BAGE          -0.526        -0.482        -0.516        -0.543        -0.582
 CEDUC          0.192         0.333         0.367         0.345         0.367
 HEIGHT         0.363         0.264         0.308         0.337         0.314


           Correlations
              C6            C7            BAGE          CEDUC         HEIGHT
              ________      ________      ________      ________      ________
 C6             1.000
 C7             0.893         1.000
 BAGE          -0.639        -0.671         1.000
 CEDUC          0.349         0.298        -0.133         1.000
 HEIGHT         0.326         0.388        -0.301         0.238         1.000


     MAXIMUM LOG-LIKELIHOOD VALUE FOR THE UNRESTRICTED (H1) MODEL IS -6855.422


UNIVARIATE HIGHER-ORDER MOMENT DESCRIPTIVE STATISTICS


     UNIVARIATE HIGHER-ORDER MOMENT DESCRIPTIVE STATISTICS

         Variable/         Mean/     Skewness/   Minimum/ % with                Percentiles
        Sample Size      Variance    Kurtosis    Maximum  Min/Max      20%/60%    40%/80%    Median

     P1                    2.721      -0.151       0.700    0.49%       2.100      2.600      2.800
             206.000       0.520      -0.133       4.600    0.97%       3.000      3.300
     P2                    2.738      -0.322       0.570    0.45%       2.130      2.600      2.800
             221.000       0.508      -0.002       4.550    0.45%       2.950      3.350
     P3                    2.701      -0.209       0.700    0.45%       2.060      2.600      2.755
             224.000       0.561      -0.115       4.530    0.45%       2.870      3.330
     P5                    2.594      -0.209       0.440    0.50%       1.920      2.390      2.600
             201.000       0.597      -0.257       4.490    0.50%       2.750      3.310
     P6                    2.469      -0.207       0.460    0.60%       1.750      2.260      2.520
             167.000       0.583      -0.481       4.290    0.60%       2.680      3.200
     P7                    2.529      -0.031       0.770    0.71%       1.940      2.360      2.490
             141.000       0.481      -0.435       4.190    0.71%       2.750      3.110
     C1                   19.536      -0.266       0.000    2.09%      13.000     18.000     20.000
             239.000      63.638      -0.369      37.000    0.42%      22.000     27.000
     C2                   19.643       0.029       3.000    0.87%      13.000     17.000     19.500
             230.000      46.803      -0.503      36.000    0.87%      22.000     26.000
     C3                   19.403      -0.066       0.000    1.81%      13.000     17.000     19.000
             221.000      60.566      -0.189      40.000    0.45%      21.000     26.000
     C5                   20.818       0.015       3.000    1.01%      14.000     18.000     20.000
             198.000      61.866      -0.795      38.000    0.51%      22.000     29.000
     C6                   20.271      -0.285       0.000    1.18%      14.000     18.000     21.000
             170.000      62.021      -0.472      36.000    1.18%      23.000     27.000
     C7                   20.176      -0.364       0.000    2.70%      13.000     18.000     21.000
             148.000      66.712      -0.343      38.000    0.68%      23.000     28.000
     BAGE                 -7.322       0.244     -27.605    0.30%     -15.242    -10.005     -6.945
             338.000      67.015      -0.272      17.816    0.30%      -4.833     -0.339
     CEDUC                 0.725       1.164       0.000   57.40%       0.000      0.000      0.000
             338.000       0.992       0.097       3.000    9.76%       1.000      1.000
     HEIGHT                3.796       0.317     -10.000    0.30%      -2.000      1.000      3.000
             338.000      41.133      -0.432      22.000    0.30%       5.000     10.000


THE MODEL ESTIMATION TERMINATED NORMALLY



MODEL FIT INFORMATION

Number of Free Parameters                       29

Loglikelihood

          H0 Value                       -4241.701

Information Criteria

          Akaike (AIC)                    8541.402
          Bayesian (BIC)                  8652.271
          Sample-Size Adjusted BIC        8560.278
            (n* = (n + 2) / 24)



MODEL RESULTS

                                                    Two-Tailed
                    Estimate       S.E.  Est./S.E.    P-Value

 IP         ON
    BAGE              -0.040      0.005     -7.872      0.000
    CEDUC              0.038      0.041      0.908      0.364
    HEIGHT             0.035      0.006      5.569      0.000

 SP         ON
    BAGE               0.000      0.000     -0.619      0.536
    CEDUC              0.000      0.002      0.102      0.919
    HEIGHT             0.000      0.000     -1.146      0.252

 IC         ON
    BAGE              -0.405      0.051     -7.891      0.000
    CEDUC              2.181      0.405      5.390      0.000
    HEIGHT             0.097      0.064      1.508      0.131

 SC         ON
    BAGE              -0.014      0.004     -3.989      0.000
    CEDUC             -0.002      0.023     -0.084      0.933
    HEIGHT             0.006      0.004      1.519      0.129

 SP       WITH
    IP                 0.001      0.002      0.335      0.738

 IC       WITH
    IP                 0.780      0.245      3.189      0.001
    SP                -0.031      0.016     -1.896      0.058

 SC       WITH
    IP                 0.014      0.017      0.804      0.421
    SP                 0.001      0.001      1.597      0.110
    IC                -0.325      0.178     -1.828      0.068

 P1       WITH
    C1                 0.001      0.046      0.021      0.984

 P2       WITH
    C2                 0.001      0.046      0.021      0.984

 P3       WITH
    C3                 0.001      0.046      0.021      0.984

 P5       WITH
    C5                 0.001      0.046      0.021      0.984

 P6       WITH
    C6                 0.001      0.046      0.021      0.984

 P7       WITH
    C7                 0.001      0.046      0.021      0.984

 Intercepts
    P1                 0.000      0.000    999.000    999.000
    P2                 0.000      0.000    999.000    999.000
    P3                 0.000      0.000    999.000    999.000
    P5                 0.000      0.000    999.000    999.000
    P6                 0.000      0.000    999.000    999.000
    P7                 0.000      0.000    999.000    999.000
    C1                 0.000      0.000    999.000    999.000
    C2                 0.000      0.000    999.000    999.000
    C3                 0.000      0.000    999.000    999.000
    C5                 0.000      0.000    999.000    999.000
    C6                 0.000      0.000    999.000    999.000
    C7                 0.000      0.000    999.000    999.000
    IP                 2.424      0.058     41.598      0.000
    SP                -0.042      0.005     -8.675      0.000
    IC                15.933      0.572     27.874      0.000
    SC                -0.422      0.045     -9.462      0.000

 Residual Variances
    P1                 0.093      0.003     26.613      0.000
    P2                 0.093      0.003     26.613      0.000
    P3                 0.093      0.003     26.613      0.000
    P5                 0.093      0.003     26.613      0.000
    P6                 0.093      0.003     26.613      0.000
    P7                 0.093      0.003     26.613      0.000
    C1                 9.511      0.490     19.400      0.000
    C2                 9.511      0.490     19.400      0.000
    C3                 9.511      0.490     19.400      0.000
    C5                 9.511      0.490     19.400      0.000
    C6                 9.511      0.490     19.400      0.000
    C7                 9.511      0.490     19.400      0.000
    IP                 0.294      0.034      8.720      0.000
    SP                 0.000      0.000      2.791      0.005
    IC                34.880      3.873      9.005      0.000
    SC                 0.043      0.011      3.767      0.000


QUALITY OF NUMERICAL RESULTS

     Condition Number for the Information Matrix              0.195E-05
       (ratio of smallest to largest eigenvalue)


     Beginning Time:  21:54:52
        Ending Time:  21:54:53
       Elapsed Time:  00:00:01



MUTHEN & MUTHEN
3463 Stoner Ave.
Los Angeles, CA  90066

Tel: (310) 391-9971
Fax: (310) 391-8971
Web: www.StatModel.com
Support: Support@StatModel.com

Copyright (c) 1998-2014 Muthen & Muthen
