Mplus VERSION 7.3 (Mac)
MUTHEN & MUTHEN
02/27/2015   1:45 PM

INPUT INSTRUCTIONS

  TITLE: grip - analogies - male - age & education & height

  DATA:  File = satsa.dat;

  VARIABLE: Names are
  twinnr pairid sex01 przygup rear iage1-iage7 intakeage time1-time7 dem1-dem7
  s_demen_onset
  htcm wtkg qualc depr cv chd sumill eversmoke diabete
  marital msgroup sesobj educ edugr
  fev1_1-fev1_7 ht_1-ht_7 grip1-grip7 gait2-gait7
  stupt_2-stupt_7 stuprt_2-stuprt_7
  idigf_r1-idigf_r7 idigb_r1-idigb_r7 ibloc_r1-ibloc_r7 ithur_r1-ithur_r7
  isynm_r1-isynm_r7 iinfo_r1-iinfo_r7 ianal_r1-ianal_r7 irota_r1-irota_r7
  ifigi_r1-ifigi_r7 isymd_r1-isymd_r7 mmse7_1-mmse7_7
  tverb1-tverb7 tspat1-tspat7 tmemo1-tmemo7 tsped1-tsped7 tpcom1-tpcom7;

         MISSING are .;
         USEVAR are  time1 time2 time3  time5 time6 time7
                     p1 p2 p3  p5 p6 p7
                     c1 c2 c3  c5 c6 c7
                     Bage ceduc height;
         TSCORES =   time1 time2 time3   time5 time6 time7;

         USEOBSERVATIONS are  sex01 EQ 0;

  Define: p1=grip1; p2=grip2; p3=grip3; p5=grip5; p6=grip6; p7=grip7;
          c1=ianal_r1; c2=ianal_r2; c3=ianal_r3; c5=ianal_r5; c6=ianal_r6; c7=ianal_r7;

          Bage=intakeage-70;   !Centered at Age 70
          !Bagesq=(intakeage-70)**2;

          Sex=0;         !0=Male
          cEduc=educ-1;     ! center at 1 as most equivalent to 7 years
          !SEP=SESgrp;
          !Marstat;
          Height=htcm-172;
          !Weight
          !BMI
          !SmokHist=Smoke;
          !Alcohol;
          !CompExp;
          !PhysAct;
          !BP;
          !DepSymp;
          !Cardio;
          !Diab;
          !MorbInd;

          !BageSex=Bage*Sex;
          !BageEduc=Bage*Educ;
          !SexEduc=Sex*Educ;

  ANALYSIS: TYPE = RANDOM;
  	estimator=mlf;

  MODEL:  ip sp | p1 p2 p3 p5 p6 p7 at time1 time2 time3 time5 time6 time7;
          ic sc | c1 c2 c3 c5 c6 c7 at time1 time2 time3 time5 time6 time7;

          ip sp ic sc ON Bage ceduc height;

          p1-p7 (res_p);
          c1-c7 (res_c);

          p1 p2 p3 p5 p6 p7 pwith c1 c2 c3 c5 c6 c7(res_cov);

  OUTPUT: sampstat ;





*** WARNING
  Data set contains cases with missing on x-variables.
  These cases were not included in the analysis.
  Number of cases with missing on x-variables:  9
   1 WARNING(S) FOUND IN THE INPUT INSTRUCTIONS



grip - analogies - male - age & education & height

SUMMARY OF ANALYSIS

Number of groups                                                 1
Number of observations                                         338

Number of dependent variables                                   12
Number of independent variables                                  3
Number of continuous latent variables                            4

Observed dependent variables

  Continuous
   P1          P2          P3          P5          P6          P7
   C1          C2          C3          C5          C6          C7

Observed independent variables
   BAGE        CEDUC       HEIGHT

Continuous latent variables
   IP          SP          IC          SC

Variables with special functions

  Time scores
   TIME1       TIME2       TIME3       TIME5       TIME6       TIME7


Estimator                                                      MLF
Information matrix                                        OBSERVED
Maximum number of iterations                                   100
Convergence criterion                                    0.100D-05
Maximum number of EM iterations                                500
Convergence criteria for the EM algorithm
  Loglikelihood change                                   0.100D-02
  Relative loglikelihood change                          0.100D-05
  Derivative                                             0.100D-03
Minimum variance                                         0.100D-03
Maximum number of steepest descent iterations                   20
Maximum number of iterations for H1                           2000
Convergence criterion for H1                             0.100D-03
Optimization algorithm                                         EMA

Input data file(s)
  satsa.dat
Input data format  FREE


SUMMARY OF DATA

     Number of missing data patterns            70


COVARIANCE COVERAGE OF DATA

Minimum covariance coverage value   0.100


     PROPORTION OF DATA PRESENT


           Covariance Coverage
              P1            P2            P3            P5            P6
              ________      ________      ________      ________      ________
 P1             0.719
 P2             0.586         0.704
 P3             0.536         0.618         0.672
 P5             0.334         0.423         0.447         0.595
 P6             0.284         0.361         0.370         0.494         0.515
 P7             0.207         0.287         0.302         0.417         0.417
 C1             0.716         0.586         0.536         0.334         0.284
 C2             0.536         0.654         0.589         0.411         0.352
 C3             0.491         0.580         0.615         0.417         0.358
 C5             0.311         0.405         0.423         0.556         0.479
 C6             0.257         0.334         0.346         0.464         0.473
 C7             0.163         0.240         0.251         0.352         0.352
 BAGE           0.719         0.704         0.672         0.595         0.515
 CEDUC          0.719         0.704         0.672         0.595         0.515
 HEIGHT         0.719         0.704         0.672         0.595         0.515


           Covariance Coverage
              P7            C1            C2            C3            C5
              ________      ________      ________      ________      ________
 P7             0.432
 C1             0.207         0.719
 C2             0.278         0.536         0.654
 C3             0.293         0.491         0.553         0.618
 C5             0.408         0.311         0.396         0.405         0.562
 C6             0.396         0.257         0.322         0.337         0.462
 C7             0.349         0.163         0.237         0.249         0.355
 BAGE           0.432         0.719         0.654         0.618         0.562
 CEDUC          0.432         0.719         0.654         0.618         0.562
 HEIGHT         0.432         0.719         0.654         0.618         0.562


           Covariance Coverage
              C6            C7            BAGE          CEDUC         HEIGHT
              ________      ________      ________      ________      ________
 C6             0.479
 C7             0.346         0.364
 BAGE           0.479         0.364         1.000
 CEDUC          0.479         0.364         1.000         1.000
 HEIGHT         0.479         0.364         1.000         1.000         1.000


SAMPLE STATISTICS


     ESTIMATED SAMPLE STATISTICS


           Means
              P1            P2            P3            P5            P6
              ________      ________      ________      ________      ________
 1             42.593        40.620        38.994        32.287        26.961


           Means
              P7            C1            C2            C3            C5
              ________      ________      ________      ________      ________
 1             29.352        15.846        15.644        15.544        14.979


           Means
              C6            C7            BAGE          CEDUC         HEIGHT
              ________      ________      ________      ________      ________
 1             14.183        14.880        -7.322         0.725         3.796


           Covariances
              P1            P2            P3            P5            P6
              ________      ________      ________      ________      ________
 P1           110.611
 P2            71.723        94.686
 P3            71.800        73.290        95.596
 P5            86.959       151.135       145.882       634.113
 P6            81.058        78.207        77.097       121.061       123.220
 P7            96.891        85.920        86.985       111.006       111.363
 C1            14.747        14.918        15.821         6.972        19.693
 C2            10.907        13.788        13.932        12.942        16.223
 C3            13.779        15.044        17.781        29.039        19.944
 C5            15.801        20.901        19.234        37.019        26.363
 C6            19.522        18.563        20.933        33.156        27.759
 C7            20.062        18.483        16.297        22.496        25.189
 BAGE         -41.069       -40.483       -45.181       -72.640       -55.847
 CEDUC          0.571         1.405         1.191         0.132         1.141
 HEIGHT        20.630        22.233        22.866         9.772        23.114


           Covariances
              P7            C1            C2            C3            C5
              ________      ________      ________      ________      ________
 P7           164.220
 C1            24.055        20.083
 C2            18.073        12.742        16.706
 C3            24.584        14.226        13.400        20.862
 C5            29.446        15.262        13.418        17.004        22.971
 C6            33.497        16.089        14.359        16.772        18.758
 C7            32.750        14.649        11.762        14.903        14.873
 BAGE         -65.389       -15.434       -13.746       -18.748       -19.770
 CEDUC          1.861         1.998         1.860         1.795         2.260
 HEIGHT        32.642         9.901         8.378        10.603         9.839


           Covariances
              C6            C7            BAGE          CEDUC         HEIGHT
              ________      ________      ________      ________      ________
 C6            24.304
 C7            16.893        20.632
 BAGE         -21.632       -19.368        67.015
 CEDUC          2.288         1.962        -1.083         0.992
 HEIGHT        10.447        12.745       -15.824         1.521        41.133


           Correlations
              P1            P2            P3            P5            P6
              ________      ________      ________      ________      ________
 P1             1.000
 P2             0.701         1.000
 P3             0.698         0.770         1.000
 P5             0.328         0.617         0.593         1.000
 P6             0.694         0.724         0.710         0.433         1.000
 P7             0.719         0.689         0.694         0.344         0.783
 C1             0.313         0.342         0.361         0.062         0.396
 C2             0.254         0.347         0.349         0.126         0.358
 C3             0.287         0.338         0.398         0.252         0.393
 C5             0.313         0.448         0.410         0.307         0.496
 C6             0.377         0.387         0.434         0.267         0.507
 C7             0.420         0.418         0.367         0.197         0.500
 BAGE          -0.477        -0.508        -0.564        -0.352        -0.615
 CEDUC          0.055         0.145         0.122         0.005         0.103
 HEIGHT         0.306         0.356         0.365         0.061         0.325


           Correlations
              P7            C1            C2            C3            C5
              ________      ________      ________      ________      ________
 P7             1.000
 C1             0.419         1.000
 C2             0.345         0.696         1.000
 C3             0.420         0.695         0.718         1.000
 C5             0.479         0.711         0.685         0.777         1.000
 C6             0.530         0.728         0.713         0.745         0.794
 C7             0.563         0.720         0.634         0.718         0.683
 BAGE          -0.623        -0.421        -0.411        -0.501        -0.504
 CEDUC          0.146         0.448         0.457         0.394         0.473
 HEIGHT         0.397         0.344         0.320         0.362         0.320


           Correlations
              C6            C7            BAGE          CEDUC         HEIGHT
              ________      ________      ________      ________      ________
 C6             1.000
 C7             0.754         1.000
 BAGE          -0.536        -0.521         1.000
 CEDUC          0.466         0.434        -0.133         1.000
 HEIGHT         0.330         0.437        -0.301         0.238         1.000


     MAXIMUM LOG-LIKELIHOOD VALUE FOR THE UNRESTRICTED (H1) MODEL IS -9929.262


UNIVARIATE HIGHER-ORDER MOMENT DESCRIPTIVE STATISTICS


     UNIVARIATE HIGHER-ORDER MOMENT DESCRIPTIVE STATISTICS

         Variable/         Mean/     Skewness/   Minimum/ % with                Percentiles
        Sample Size      Variance    Kurtosis    Maximum  Min/Max      20%/60%    40%/80%    Median

     P1                   40.383      -0.335       8.000    0.41%      34.000     38.000     41.000
             243.000      99.100       0.812      68.000    0.41%      43.000     48.000
     P2                   40.244       0.163      20.000    0.42%      34.000     37.000     40.000
             238.000      75.773       0.128      68.000    0.42%      43.000     47.000
     P3                   39.084       0.333      15.000    0.44%      32.000     38.000     39.000
             227.000      74.782       1.460      70.000    0.44%      41.000     45.000
     P5                   37.587       9.653       7.000    0.50%      27.000     33.000     35.000
             201.000     568.332     117.660     335.000    0.50%      38.000     46.000
     P6                   31.029       0.382       6.000    0.57%      22.000     28.000     30.000
             174.000      96.465       0.758      70.000    0.57%      34.000     39.000
     P7                   34.699       0.187       1.000    0.68%      25.000     32.000     35.000
             146.000     125.115       0.615      70.000    0.68%      37.000     43.000
     C1                   15.198       0.388       5.000    0.41%      11.000     13.000     14.000
             243.000      18.726      -0.577      27.000    0.41%      16.000     19.000
     C2                   15.624       0.234       7.000    0.45%      12.000     14.000     15.000
             221.000      15.203      -0.721      25.000    0.90%      16.000     19.000
     C3                   15.727       0.220       4.000    0.48%      12.000     14.000     15.000
             209.000      18.658      -0.300      27.000    0.48%      17.000     19.000
     C5                   16.416      -0.150       5.000    0.53%      13.000     15.000     16.000
             190.000      20.674      -0.482      26.000    1.58%      18.000     21.000
     C6                   16.049      -0.189       2.000    0.62%      12.000     15.000     16.000
             162.000      19.257      -0.346      25.000    1.23%      17.000     20.000
     C7                   17.276      -0.750       2.000    0.81%      14.000     16.000     17.000
             123.000      15.338       0.977      24.000    1.63%      19.000     20.000
     BAGE                 -7.322       0.244     -27.605    0.30%     -15.242    -10.005     -6.945
             338.000      67.015      -0.272      17.816    0.30%      -4.833     -0.339
     CEDUC                 0.725       1.164       0.000   57.40%       0.000      0.000      0.000
             338.000       0.992       0.097       3.000    9.76%       1.000      1.000
     HEIGHT                3.796       0.317     -10.000    0.30%      -2.000      1.000      3.000
             338.000      41.133      -0.432      22.000    0.30%       5.000     10.000


THE MODEL ESTIMATION TERMINATED NORMALLY



MODEL FIT INFORMATION

Number of Free Parameters                       29

Loglikelihood

          H0 Value                       -7629.678

Information Criteria

          Akaike (AIC)                   15317.355
          Bayesian (BIC)                 15428.224
          Sample-Size Adjusted BIC       15336.231
            (n* = (n + 2) / 24)



MODEL RESULTS

                                                    Two-Tailed
                    Estimate       S.E.  Est./S.E.    P-Value

 IP         ON
    BAGE              -0.521      0.103     -5.050      0.000
    CEDUC             -0.315      0.880     -0.358      0.721
    HEIGHT             0.269      0.147      1.836      0.066

 SP         ON
    BAGE              -0.017      0.012     -1.351      0.177
    CEDUC              0.018      0.078      0.231      0.818
    HEIGHT            -0.002      0.013     -0.135      0.892

 IC         ON
    BAGE              -0.178      0.026     -6.934      0.000
    CEDUC              1.603      0.200      8.024      0.000
    HEIGHT             0.101      0.032      3.096      0.002

 SC         ON
    BAGE              -0.004      0.002     -1.961      0.050
    CEDUC              0.007      0.016      0.446      0.656
    HEIGHT             0.000      0.002      0.221      0.825

 SP       WITH
    IP                 0.672      0.945      0.711      0.477

 IC       WITH
    IP                 0.981      2.927      0.335      0.738
    SP                 0.150      0.279      0.537      0.591

 SC       WITH
    IP                 0.107      0.230      0.466      0.641
    SP                 0.005      0.019      0.267      0.789
    IC                -0.029      0.061     -0.475      0.634

 P1       WITH
    C1                 3.317      1.927      1.721      0.085

 P2       WITH
    C2                 3.317      1.927      1.721      0.085

 P3       WITH
    C3                 3.317      1.927      1.721      0.085

 P5       WITH
    C5                 3.317      1.927      1.721      0.085

 P6       WITH
    C6                 3.317      1.927      1.721      0.085

 P7       WITH
    C7                 3.317      1.927      1.721      0.085

 Intercepts
    P1                 0.000      0.000    999.000    999.000
    P2                 0.000      0.000    999.000    999.000
    P3                 0.000      0.000    999.000    999.000
    P5                 0.000      0.000    999.000    999.000
    P6                 0.000      0.000    999.000    999.000
    P7                 0.000      0.000    999.000    999.000
    C1                 0.000      0.000    999.000    999.000
    C2                 0.000      0.000    999.000    999.000
    C3                 0.000      0.000    999.000    999.000
    C5                 0.000      0.000    999.000    999.000
    C6                 0.000      0.000    999.000    999.000
    C7                 0.000      0.000    999.000    999.000
    IP                38.204      1.049     36.417      0.000
    SP                -0.895      0.140     -6.403      0.000
    IC                13.041      0.355     36.751      0.000
    SC                -0.109      0.027     -4.076      0.000

 Residual Variances
    P1               105.555      2.765     38.169      0.000
    P2               105.555      2.765     38.169      0.000
    P3               105.555      2.765     38.169      0.000
    P5               105.555      2.765     38.169      0.000
    P6               105.555      2.765     38.169      0.000
    P7               105.555      2.765     38.169      0.000
    C1                 5.592      0.291     19.231      0.000
    C2                 5.592      0.291     19.231      0.000
    C3                 5.592      0.291     19.231      0.000
    C5                 5.592      0.291     19.231      0.000
    C6                 5.592      0.291     19.231      0.000
    C7                 5.592      0.291     19.231      0.000
    IP                31.874     13.367      2.384      0.017
    SP                 0.025      0.098      0.252      0.801
    IC                 6.875      0.963      7.139      0.000
    SC                 0.004      0.004      0.822      0.411


QUALITY OF NUMERICAL RESULTS

     Condition Number for the Information Matrix              0.122E-05
       (ratio of smallest to largest eigenvalue)


     Beginning Time:  13:45:37
        Ending Time:  13:45:41
       Elapsed Time:  00:00:04



MUTHEN & MUTHEN
3463 Stoner Ave.
Los Angeles, CA  90066

Tel: (310) 391-9971
Fax: (310) 391-8971
Web: www.StatModel.com
Support: Support@StatModel.com

Copyright (c) 1998-2014 Muthen & Muthen
