Mplus VERSION 7.3
MUTHEN & MUTHEN
02/24/2015  10:25 AM

INPUT INSTRUCTIONS


       TITLE: b1_male_age_grip_verbal;

  DATA:  File = satsa2.dat;

  VARIABLE: Names are
   REGA IDA grip1 grip2 grip3 twinnr grip5 grip6
   grip7 gait2 gait3 fev1_1 ht_1
      ht_2 fev1_2 ht_3 fev1_3 ht_5 fev1_5 ht_6
      fev1_6 fev1_7 ht_7 gait5 gait6 gait7 stupt_5 stuprt_5
      stupt_6 stuprt_6 stupt_7 stuprt_7 stupt_2 stuprt_2
      stupt_3 stuprt_3 idigf_r1 idigb_r1 ibloc_r1
      ithur_r1 iinfo_r1 isynm_r1 ianal_r1 irota_r1
      isymd_r1 ifigi_r1 idigf_r2 idigb_r2 ibloc_r2 ithur_r2
      iinfo_r2 isynm_r2 ianal_r2 irota_r2 isymd_r2
      ifigi_r2 idigf_r3 idigb_r3 ibloc_r3 ithur_r3 iinfo_r3
      isynm_r3 ianal_r3 irota_r3 isymd_r3 ifigi_r3 iage4
      ianal_r4 iinfo_r4 isynm_r4 irota_r4 isymd_r4
      ifigi_r4 ibloc_r4 idigf_r4 idigb_r4 ithur_r4 ianal_r5
       iinfo_r5 isynm_r5 ibloc_r5 irota_r5 idigf_r5
      idigb_r5 ithur_r5 isymd_r5 ifigi_r5 ianal_r6 iinfo_r6
       isynm_r6 ibloc_r6 irota_r6 idigf_r6 idigb_r6
      ithur_r6 isymd_r6 ifigi_r6 iage7 s_demen_onset
       IAGE1 IAGE2 IAGE3 IAGE5 IAGE6 dem1 dem2 dem3 dem4
      dem5 dem6 dem7 ianal_r7 isynm_r7 iinfo_r7 ibloc_r7
       irota_r7 idigf_r7 idigb_r7 ithur_r7 isymd_r7
      ifigi_r7 tverb1 tverb2 tverb3 tverb4 tverb5 tverb6
       tverb7 tspat1 tspat2 tspat3 tspat4 tspat5 tspat6
      tspat7 tsped1 tsped2 tsped3 tsped4 tsped5 tsped6
       tsped7 tmemo1 tmemo2 tmemo3 tmemo4 tmemo5 tmemo6
      tmemo7 tpcom1 tpcom2 tpcom3 tpcom4 tpcom5 tpcom6
      tpcom7 PAIRID TVAB SEX REAR PRZYGUP HTCM WTKG
      QUALC EDUC DEPR CV SUMILL CHD SMOKSTA PACKYRS
      MARITAL SESOBJ sex01 edugr msgroup nonsmok exsmok
      cursmok time1 time2 time3 time4 time5 time6 time7
      intakeage fev1_4 ht_4 grip4 gait4 stupt_4 stuprt_4;


         MISSING is all (-9999); !specification of missing observations coded in data file
         USEVAR are  time1 time2 time3 time5 time6 time7
                     p1 p2 p3 p5 p6 p7
                     c1 c2 c3 c5 c6 c7
                     Bage;
         TSCORES =   time1 time2 time3 time5 time6 time7;

         USEOBSERVATIONS are sex01 EQ 0;

  Define: p1=grip1; p2=grip2; p3=grip3; p5=grip5; p6=grip6; p7=grip7;
            c1=tverb1; c2=tverb2; c3=tverb3; c5=tverb5; c6=tverb6; c7=tverb7;
          Bage=iage1-70;   !Centered at Age 70
         ! Bagesq=(iage1-70)**2;
          !Dage=YTDead;
          !Sex=sex01;         !0=Male
         ! Educ=educc-7;     ! Centered at 7 years
          !SEP=SESgrp;
          !Marstat;
          !Height
          !Weight
          !BMI
         ! SmokHist=Smoke;
          !Alcohol;
          !CompExp;
          !PhysAct;
          !BP;
          !DepSymp;
          !Cardio;
          !Diab;
          !MorbInd;

         ! BageEduc=Bage*Educ;

  ANALYSIS: TYPE = RANDOM;

  MODEL:  ip sp | p1 p2 p3 p5 p6 p7 AT time1 time2 time3 time5 time6 time7;
          ic sc | c1 c2 c3 c5 c6 c7 AT time1 time2 time3 time5 time6 time7;

          ip sp ic sc ON Bage;

          p1 p2 p3 p5 p6 p7 (res_p);
          c1 c2 c3 c5 c6 c7 (res_c);

          p1 p2 p3 p5 p6 p7 pwith c1 c2 c3 c5 c6 c7(res_cov); !Paired covariances constraine

  OUTPUT: sampstat Cinterval;



*** WARNING
  Input line exceeded 90 characters. Some input may be truncated.
          p1 p2 p3 p5 p6 p7 pwith c1 c2 c3 c5 c6 c7(res_cov); !Paired covariances constrained
*** WARNING
  Data set contains cases with missing on x-variables.
  These cases were not included in the analysis.
  Number of cases with missing on x-variables:  100
   2 WARNING(S) FOUND IN THE INPUT INSTRUCTIONS



b1_male_age_grip_verbal;

SUMMARY OF ANALYSIS

Number of groups                                                 1
Number of observations                                         247

Number of dependent variables                                   12
Number of independent variables                                  1
Number of continuous latent variables                            4

Observed dependent variables

  Continuous
   P1          P2          P3          P5          P6          P7
   C1          C2          C3          C5          C6          C7

Observed independent variables
   BAGE

Continuous latent variables
   IP          SP          IC          SC

Variables with special functions

  Time scores
   TIME1       TIME2       TIME3       TIME5       TIME6       TIME7


Estimator                                                      MLR
Information matrix                                        OBSERVED
Maximum number of iterations                                   100
Convergence criterion                                    0.100D-05
Maximum number of EM iterations                                500
Convergence criteria for the EM algorithm
  Loglikelihood change                                   0.100D-02
  Relative loglikelihood change                          0.100D-05
  Derivative                                             0.100D-03
Minimum variance                                         0.100D-03
Maximum number of steepest descent iterations                   20
Maximum number of iterations for H1                           2000
Convergence criterion for H1                             0.100D-03
Optimization algorithm                                         EMA

Input data file(s)
  satsa2.dat
Input data format  FREE


SUMMARY OF DATA

     Number of missing data patterns            52


COVARIANCE COVERAGE OF DATA

Minimum covariance coverage value   0.100


     PROPORTION OF DATA PRESENT


           Covariance Coverage
              P1            P2            P3            P5            P6
              ________      ________      ________      ________      ________
 P1             0.996
 P2             0.810         0.810
 P3             0.741         0.713         0.741
 P5             0.466         0.449         0.441         0.466
 P6             0.393         0.381         0.356         0.364         0.393
 P7             0.287         0.279         0.263         0.267         0.283
 C1             0.951         0.773         0.713         0.429         0.356
 C2             0.721         0.721         0.652         0.413         0.348
 C3             0.664         0.656         0.660         0.409         0.340
 C5             0.429         0.421         0.405         0.421         0.348
 C6             0.356         0.348         0.328         0.336         0.348
 C7             0.227         0.219         0.206         0.211         0.227
 BAGE           0.996         0.810         0.741         0.466         0.393


           Covariance Coverage
              P7            C1            C2            C3            C5
              ________      ________      ________      ________      ________
 P7             0.287
 C1             0.255         0.955
 C2             0.251         0.692         0.721
 C3             0.251         0.636         0.607         0.664
 C5             0.255         0.393         0.393         0.393         0.429
 C6             0.259         0.320         0.316         0.320         0.332
 C7             0.215         0.190         0.202         0.206         0.215
 BAGE           0.287         0.955         0.721         0.664         0.429


           Covariance Coverage
              C6            C7            BAGE
              ________      ________      ________
 C6             0.356
 C7             0.219         0.227
 BAGE           0.356         0.227         1.000


SAMPLE STATISTICS


     ESTIMATED SAMPLE STATISTICS


           Means
              P1            P2            P3            P5            P6
              ________      ________      ________      ________      ________
 1             40.362        38.268        36.745        29.229        23.398


           Means
              P7            C1            C2            C3            C5
              ________      ________      ________      ________      ________
 1             24.740        52.256        52.271        51.982        50.201


           Means
              C6            C7            BAGE
              ________      ________      ________
 1             48.646        48.629        -4.946


           Covariances
              P1            P2            P3            P5            P6
              ________      ________      ________      ________      ________
 P1            98.321
 P2            60.112        78.187
 P3            59.366        59.112        77.282
 P5            74.341        74.440        75.251       146.353
 P6            65.002        62.760        69.951       109.139       107.727
 P7            72.472        61.845        62.970        81.728        74.777
 C1            28.102        33.971        33.139        45.015        44.109
 C2            27.522        34.496        32.154        46.273        45.029
 C3            25.215        31.700        33.477        47.699        46.552
 C5            30.728        42.282        36.849        64.026        51.868
 C6            37.393        41.055        41.311        65.863        58.645
 C7            39.681        41.944        31.797        60.351        54.882
 BAGE         -32.854       -31.358       -37.071       -47.550       -45.740


           Covariances
              P7            C1            C2            C3            C5
              ________      ________      ________      ________      ________
 P7           124.471
 C1            27.870       120.003
 C2            29.577       102.446       102.338
 C3            31.073       107.126        98.717       113.300
 C5            41.677       108.155       101.091       109.745       128.671
 C6            50.877       111.592       104.853       113.425       119.479
 C7            56.785       102.451       102.187       106.331       118.896
 BAGE         -50.232       -30.217       -31.215       -35.500       -40.668


           Covariances
              C6            C7            BAGE
              ________      ________      ________
 C6           132.897
 C7           121.563       134.445
 BAGE         -44.019       -46.029        58.567


           Correlations
              P1            P2            P3            P5            P6
              ________      ________      ________      ________      ________
 P1             1.000
 P2             0.686         1.000
 P3             0.681         0.760         1.000
 P5             0.620         0.696         0.708         1.000
 P6             0.632         0.684         0.767         0.869         1.000
 P7             0.655         0.627         0.642         0.606         0.646
 C1             0.259         0.351         0.344         0.340         0.388
 C2             0.274         0.386         0.362         0.378         0.429
 C3             0.239         0.337         0.358         0.370         0.421
 C5             0.273         0.422         0.370         0.467         0.441
 C6             0.327         0.403         0.408         0.472         0.490
 C7             0.345         0.409         0.312         0.430         0.456
 BAGE          -0.433        -0.463        -0.551        -0.514        -0.576


           Correlations
              P7            C1            C2            C3            C5
              ________      ________      ________      ________      ________
 P7             1.000
 C1             0.228         1.000
 C2             0.262         0.924         1.000
 C3             0.262         0.919         0.917         1.000
 C5             0.329         0.870         0.881         0.909         1.000
 C6             0.396         0.884         0.899         0.924         0.914
 C7             0.439         0.807         0.871         0.862         0.904
 BAGE          -0.588        -0.360        -0.403        -0.436        -0.468


           Correlations
              C6            C7            BAGE
              ________      ________      ________
 C6             1.000
 C7             0.909         1.000
 BAGE          -0.499        -0.519         1.000


     MAXIMUM LOG-LIKELIHOOD VALUE FOR THE UNRESTRICTED (H1) MODEL IS -6372.997


UNIVARIATE HIGHER-ORDER MOMENT DESCRIPTIVE STATISTICS


     UNIVARIATE HIGHER-ORDER MOMENT DESCRIPTIVE STATISTICS

         Variable/         Mean/     Skewness/   Minimum/ % with                Percentiles
        Sample Size      Variance    Kurtosis    Maximum  Min/Max      20%/60%    40%/80%    Median

     P1                   40.374      -0.335       8.000    0.41%      34.000     38.000     41.000
             246.000      98.364       0.824      68.000    0.41%      43.000     48.000
     P2                   39.260       0.168      20.000    0.50%      33.000     37.000     39.000
             200.000      70.242       0.073      63.000    1.00%      41.000     46.000
     P3                   37.842       0.121      15.000    0.55%      32.000     37.000     39.000
             183.000      65.685       1.462      67.000    0.55%      40.000     43.000
     P5                   33.209       0.410       7.000    0.87%      24.000     29.000     32.000
             115.000     112.252      -0.041      60.000    2.61%      35.000     41.000
     P6                   27.948       0.234       6.000    1.03%      20.000     25.000     27.000
              97.000      77.183       0.139      51.000    1.03%      30.000     35.000
     P7                   28.972       0.108       1.000    1.41%      22.000     25.000     29.000
              71.000      98.253       0.281      57.000    1.41%      31.000     36.000
     C1                   51.973      -0.262      20.421    0.42%      42.231     49.292     52.867
             236.000     120.150      -0.553      73.185    0.42%      55.395     62.212
     C2                   53.330       0.003      32.977    0.56%      45.015     50.174     53.461
             178.000      85.707      -0.784      72.652    0.56%      55.804     61.573
     C3                   53.870      -0.370      24.621    0.61%      44.497     52.015     54.413
             164.000      97.905      -0.318      73.398    0.61%      57.494     62.973
     C5                   53.802      -0.802      21.136    1.89%      45.471     51.346     55.371
             106.000     116.514       0.421      72.226    0.94%      58.437     62.942
     C6                   54.606      -0.855      22.338    1.14%      48.288     52.685     55.919
              88.000      85.876       1.202      72.393    1.14%      58.255     61.937
     C7                   55.942      -1.512      18.792    1.79%      48.667     55.851     58.847
              56.000      96.831       2.575      70.536    1.79%      60.858     62.532
     BAGE                 -4.946      -0.008     -27.605    0.40%     -11.281     -6.906     -4.833
             247.000      58.567       0.405      17.816    0.40%      -2.839      0.964


THE MODEL ESTIMATION TERMINATED NORMALLY



MODEL FIT INFORMATION

Number of Free Parameters                       21

Loglikelihood

          H0 Value                       -5609.530
          H0 Scaling Correction Factor      1.1476
            for MLR

Information Criteria

          Akaike (AIC)                   11261.060
          Bayesian (BIC)                 11334.758
          Sample-Size Adjusted BIC       11268.188
            (n* = (n + 2) / 24)



MODEL RESULTS

                                                    Two-Tailed
                    Estimate       S.E.  Est./S.E.    P-Value

 IP         ON
    BAGE              -0.549      0.075     -7.369      0.000

 SP         ON
    BAGE              -0.014      0.006     -2.538      0.011

 IC         ON
    BAGE              -0.526      0.080     -6.580      0.000

 SC         ON
    BAGE              -0.013      0.005     -2.631      0.009

 SP       WITH
    IP                -0.335      0.351     -0.956      0.339

 IC       WITH
    IP                11.982      5.047      2.374      0.018
    SP                 0.140      0.401      0.349      0.727

 SC       WITH
    IP                -0.056      0.231     -0.242      0.809
    SP                 0.018      0.018      0.982      0.326
    IC                -0.611      0.242     -2.522      0.012

 P1       WITH
    C1                 2.843      0.767      3.706      0.000

 P2       WITH
    C2                 2.843      0.767      3.706      0.000

 P3       WITH
    C3                 2.843      0.767      3.706      0.000

 P5       WITH
    C5                 2.843      0.767      3.706      0.000

 P6       WITH
    C6                 2.843      0.767      3.706      0.000

 P7       WITH
    C7                 2.843      0.767      3.706      0.000

 Intercepts
    P1                 0.000      0.000    999.000    999.000
    P2                 0.000      0.000    999.000    999.000
    P3                 0.000      0.000    999.000    999.000
    P5                 0.000      0.000    999.000    999.000
    P6                 0.000      0.000    999.000    999.000
    P7                 0.000      0.000    999.000    999.000
    C1                 0.000      0.000    999.000    999.000
    C2                 0.000      0.000    999.000    999.000
    C3                 0.000      0.000    999.000    999.000
    C5                 0.000      0.000    999.000    999.000
    C6                 0.000      0.000    999.000    999.000
    C7                 0.000      0.000    999.000    999.000
    IP                38.151      0.665     57.349      0.000
    SP                -0.983      0.066    -14.956      0.000
    IC                49.940      0.813     61.412      0.000
    SC                -0.248      0.058     -4.304      0.000

 Residual Variances
    P1                29.429      1.953     15.066      0.000
    P2                29.429      1.953     15.066      0.000
    P3                29.429      1.953     15.066      0.000
    P5                29.429      1.953     15.066      0.000
    P6                29.429      1.953     15.066      0.000
    P7                29.429      1.953     15.066      0.000
    C1                 9.273      0.750     12.369      0.000
    C2                 9.273      0.750     12.369      0.000
    C3                 9.273      0.750     12.369      0.000
    C5                 9.273      0.750     12.369      0.000
    C6                 9.273      0.750     12.369      0.000
    C7                 9.273      0.750     12.369      0.000
    IP                44.293      6.650      6.660      0.000
    SP                 0.058      0.028      2.051      0.040
    IC                91.264      8.334     10.950      0.000
    SC                 0.050      0.022      2.298      0.022


QUALITY OF NUMERICAL RESULTS

     Condition Number for the Information Matrix              0.696E-05
       (ratio of smallest to largest eigenvalue)


CONFIDENCE INTERVALS OF MODEL RESULTS

                  Lower .5%  Lower 2.5%    Lower 5%    Estimate    Upper 5%  Upper 2.5%   Upper .5%

 IP       ON
    BAGE            -0.741      -0.695      -0.672      -0.549      -0.427      -0.403      -0.357

 SP       ON
    BAGE            -0.028      -0.025      -0.023      -0.014      -0.005      -0.003       0.000

 IC       ON
    BAGE            -0.731      -0.682      -0.657      -0.526      -0.394      -0.369      -0.320

 SC       ON
    BAGE            -0.025      -0.022      -0.021      -0.013      -0.005      -0.003       0.000

 SP       WITH
    IP              -1.238      -1.023      -0.912      -0.335       0.242       0.352       0.568

 IC       WITH
    IP              -1.019       2.089       3.679      11.982      20.285      21.875      24.983
    SP              -0.893      -0.646      -0.520       0.140       0.800       0.926       1.173

 SC       WITH
    IP              -0.651      -0.509      -0.436      -0.056       0.324       0.397       0.539
    SP              -0.029      -0.018      -0.012       0.018       0.048       0.053       0.064
    IC              -1.236      -1.087      -1.010      -0.611      -0.213      -0.136       0.013

 P1       WITH
    C1               0.867       1.339       1.581       2.843       4.104       4.346       4.818

 P2       WITH
    C2               0.867       1.339       1.581       2.843       4.104       4.346       4.818

 P3       WITH
    C3               0.867       1.339       1.581       2.843       4.104       4.346       4.818

 P5       WITH
    C5               0.867       1.339       1.581       2.843       4.104       4.346       4.818

 P6       WITH
    C6               0.867       1.339       1.581       2.843       4.104       4.346       4.818

 P7       WITH
    C7               0.867       1.339       1.581       2.843       4.104       4.346       4.818

 Intercepts
    P1               0.000       0.000       0.000       0.000       0.000       0.000       0.000
    P2               0.000       0.000       0.000       0.000       0.000       0.000       0.000
    P3               0.000       0.000       0.000       0.000       0.000       0.000       0.000
    P5               0.000       0.000       0.000       0.000       0.000       0.000       0.000
    P6               0.000       0.000       0.000       0.000       0.000       0.000       0.000
    P7               0.000       0.000       0.000       0.000       0.000       0.000       0.000
    C1               0.000       0.000       0.000       0.000       0.000       0.000       0.000
    C2               0.000       0.000       0.000       0.000       0.000       0.000       0.000
    C3               0.000       0.000       0.000       0.000       0.000       0.000       0.000
    C5               0.000       0.000       0.000       0.000       0.000       0.000       0.000
    C6               0.000       0.000       0.000       0.000       0.000       0.000       0.000
    C7               0.000       0.000       0.000       0.000       0.000       0.000       0.000
    IP              36.437      36.847      37.056      38.151      39.245      39.455      39.864
    SP              -1.153      -1.112      -1.091      -0.983      -0.875      -0.854      -0.814
    IC              47.845      48.346      48.602      49.940      51.277      51.534      52.034
    SC              -0.397      -0.361      -0.343      -0.248      -0.153      -0.135      -0.100

 Residual Variances
    P1              24.397      25.600      26.215      29.429      32.642      33.257      34.460
    P2              24.397      25.600      26.215      29.429      32.642      33.257      34.460
    P3              24.397      25.600      26.215      29.429      32.642      33.257      34.460
    P5              24.397      25.600      26.215      29.429      32.642      33.257      34.460
    P6              24.397      25.600      26.215      29.429      32.642      33.257      34.460
    P7              24.397      25.600      26.215      29.429      32.642      33.257      34.460
    C1               7.342       7.804       8.040       9.273      10.507      10.743      11.205
    C2               7.342       7.804       8.040       9.273      10.507      10.743      11.205
    C3               7.342       7.804       8.040       9.273      10.507      10.743      11.205
    C5               7.342       7.804       8.040       9.273      10.507      10.743      11.205
    C6               7.342       7.804       8.040       9.273      10.507      10.743      11.205
    C7               7.342       7.804       8.040       9.273      10.507      10.743      11.205
    IP              27.163      31.258      33.353      44.293      55.233      57.328      61.423
    SP              -0.015       0.003       0.012       0.058       0.105       0.114       0.132
    IC              69.796      74.929      77.554      91.264     104.975     107.600     112.732
    SC              -0.006       0.007       0.014       0.050       0.086       0.093       0.106


DIAGRAM INFORMATION

  Use View Diagram under the Diagram menu in the Mplus Editor to view the diagram.
  If running Mplus from the Mplus Diagrammer, the diagram opens automatically.

  Diagram output
    c:\users\cindy\desktop\ialsa-2015-portland\studies\satsa\unshared\de frias\b1_male_age_grip_verb

     Beginning Time:  10:25:57
        Ending Time:  10:25:59
       Elapsed Time:  00:00:02



MUTHEN & MUTHEN
3463 Stoner Ave.
Los Angeles, CA  90066

Tel: (310) 391-9971
Fax: (310) 391-8971
Web: www.StatModel.com
Support: Support@StatModel.com

Copyright (c) 1998-2014 Muthen & Muthen
