Mplus VERSION 7.3 (Mac)
MUTHEN & MUTHEN
06/16/2015   2:05 PM

INPUT INSTRUCTIONS

  TITLE: fev - Digits Forward - female - age

  DATA:  File = satsa.dat;

  VARIABLE: Names are
  twinnr pairid sex01 przygup rear iage1-iage7 intakeage time1-time7 dem1-dem7
  s_demen_onset
  htcm wtkg qualc depr cv chd sumill eversmoke diabete
  marital msgroup sesobj educ edugr
  fev1_1-fev1_7 ht_1-ht_7 grip1-grip7 gait2-gait7
  stupt_2-stupt_7 stuprt_2-stuprt_7
  idigf_r1-idigf_r7 idigb_r1-idigb_r7 ibloc_r1-ibloc_r7 ithur_r1-ithur_r7
  isynm_r1-isynm_r7 iinfo_r1-iinfo_r7 ianal_r1-ianal_r7 irota_r1-irota_r7
  ifigi_r1-ifigi_r7 isymd_r1-isymd_r7 mmse7_1-mmse7_7
  tverb1-tverb7 tspat1-tspat7 tmemo1-tmemo7 tsped1-tsped7 tpcom1-tpcom7;

         MISSING are .;
         USEVAR are  time1 time2 time3  time5 time6 time7
                     p1 p2 p3  p5 p6 p7
              	       c1 c2 c3  c5 c6 c7
                     Bage ceduc height;
         TSCORES =   time1 time2 time3   time5 time6 time7;

         USEOBSERVATIONS are  sex01 EQ 0;

  Define: p1=fev1_1; p2=fev1_2; p3=fev1_3; p5=fev1_5; p6=fev1_6; p7=fev1_7;
          c1=idigf_r1; c2=idigf_r2; c3=idigf_r3; c5=idigf_r5; c6=idigf_r6; c7=idigf_r7;

          Bage=intakeage-70;   !Centered at Age 70
          !Bagesq=(intakeage-70)**2;

          Sex=0;         !0=Male
          cEduc=educ-1;     ! center at 1 as most equivalent to 7 years
          !SEP=SESgrp;
          !Marstat;
          Height=htcm-172;
          !Weight
          !BMI
          !SmokHist=Smoke;
          !Alcohol;
          !CompExp;
          !PhysAct;
          !BP;
          !DepSymp;
          !Cardio;
          !Diab;
          !MorbInd;

          !BageSex=Bage*Sex;
          !BageEduc=Bage*Educ;
          !SexEduc=Sex*Educ;

  ANALYSIS: TYPE = RANDOM;
  	estimator=mlf;

  MODEL:  ip sp | p1 p2 p3 p5 p6 p7 at time1 time2 time3 time5 time6 time7;
          ic sc | c1 c2 c3 c5 c6 c7 at time1 time2 time3 time5 time6 time7;

          ip sp ic sc ON Bage ceduc ;

          p1-p7 (res_p);
          c1-c7 (res_c);

          p1 p2 p3 p5 p6 p7 pwith c1 c2 c3 c5 c6 c7(res_cov);

  OUTPUT: sampstat ;





*** WARNING in MODEL command
  Variable is uncorrelated with all other variables:  HEIGHT
*** WARNING in MODEL command
  At least one variable is uncorrelated with all other variables in the model.
  Check that this is what is intended.
*** WARNING
  Data set contains cases with missing on x-variables.
  These cases were not included in the analysis.
  Number of cases with missing on x-variables:  6
   3 WARNING(S) FOUND IN THE INPUT INSTRUCTIONS



fev - Digits Forward - female - age

SUMMARY OF ANALYSIS

Number of groups                                                 1
Number of observations                                         341

Number of dependent variables                                   13
Number of independent variables                                  2
Number of continuous latent variables                            4

Observed dependent variables

  Continuous
   P1          P2          P3          P5          P6          P7
   C1          C2          C3          C5          C6          C7
   HEIGHT

Observed independent variables
   BAGE        CEDUC

Continuous latent variables
   IP          SP          IC          SC

Variables with special functions

  Time scores
   TIME1       TIME2       TIME3       TIME5       TIME6       TIME7


Estimator                                                      MLF
Information matrix                                        OBSERVED
Maximum number of iterations                                   100
Convergence criterion                                    0.100D-05
Maximum number of EM iterations                                500
Convergence criteria for the EM algorithm
  Loglikelihood change                                   0.100D-02
  Relative loglikelihood change                          0.100D-05
  Derivative                                             0.100D-03
Minimum variance                                         0.100D-03
Maximum number of steepest descent iterations                   20
Maximum number of iterations for H1                           2000
Convergence criterion for H1                             0.100D-03
Optimization algorithm                                         EMA

Input data file(s)
  satsa.dat
Input data format  FREE


SUMMARY OF DATA

     Number of missing data patterns            72


COVARIANCE COVERAGE OF DATA

Minimum covariance coverage value   0.100


     PROPORTION OF DATA PRESENT


           Covariance Coverage
              P1            P2            P3            P5            P6
              ________      ________      ________      ________      ________
 P1             0.604
 P2             0.466         0.654
 P3             0.452         0.575         0.663
 P5             0.296         0.408         0.446         0.598
 P6             0.238         0.320         0.355         0.475         0.496
 P7             0.179         0.261         0.293         0.402         0.393
 C1             0.601         0.540         0.528         0.337         0.267
 C2             0.499         0.648         0.610         0.434         0.346
 C3             0.455         0.581         0.657         0.449         0.352
 C5             0.299         0.408         0.446         0.592         0.481
 C6             0.255         0.340         0.375         0.490         0.496
 C7             0.188         0.270         0.299         0.411         0.405
 HEIGHT         0.604         0.648         0.657         0.589         0.490
 BAGE           0.604         0.654         0.663         0.598         0.496
 CEDUC          0.604         0.654         0.663         0.598         0.496


           Covariance Coverage
              P7            C1            C2            C3            C5
              ________      ________      ________      ________      ________
 P7             0.419
 C1             0.196         0.713
 C2             0.282         0.581         0.704
 C3             0.293         0.531         0.619         0.669
 C5             0.405         0.337         0.434         0.449         0.604
 C6             0.405         0.287         0.370         0.372         0.499
 C7             0.402         0.199         0.287         0.296         0.416
 HEIGHT         0.413         0.713         0.698         0.663         0.595
 BAGE           0.419         0.713         0.704         0.669         0.604
 CEDUC          0.419         0.713         0.704         0.669         0.604


           Covariance Coverage
              C6            C7            HEIGHT        BAGE          CEDUC
              ________      ________      ________      ________      ________
 C6             0.519
 C7             0.416         0.431
 HEIGHT         0.513         0.425         0.991
 BAGE           0.519         0.431         0.991         1.000
 CEDUC          0.519         0.431         0.991         1.000         1.000


SAMPLE STATISTICS


     ESTIMATED SAMPLE STATISTICS


           Means
              P1            P2            P3            P5            P6
              ________      ________      ________      ________      ________
 1              2.820         2.759         2.702         2.314         2.104


           Means
              P7            C1            C2            C3            C5
              ________      ________      ________      ________      ________
 1              2.035         5.725         5.725         5.729         5.449


           Means
              C6            C7            HEIGHT        BAGE          CEDUC
              ________      ________      ________      ________      ________
 1              5.389         5.506         3.798        -7.370         0.721


           Covariances
              P1            P2            P3            P5            P6
              ________      ________      ________      ________      ________
 P1             0.550
 P2             0.520         0.556
 P3             0.517         0.529         0.614
 P5             0.547         0.558         0.572         0.724
 P6             0.505         0.527         0.547         0.599         0.766
 P7             0.559         0.587         0.576         0.622         0.660
 C1             0.262         0.226         0.255         0.260         0.166
 C2             0.281         0.242         0.262         0.203         0.278
 C3             0.323         0.303         0.324         0.314         0.318
 C5             0.245         0.217         0.264         0.257         0.214
 C6             0.234         0.236         0.314         0.266         0.238
 C7             0.424         0.393         0.422         0.396         0.416
 HEIGHT         2.029         2.152         2.143         1.972         1.889
 BAGE          -3.174        -3.164        -3.090        -3.594        -3.803
 CEDUC          0.146         0.146         0.122         0.148         0.090


           Covariances
              P7            C1            C2            C3            C5
              ________      ________      ________      ________      ________
 P7             0.811
 C1             0.334         1.484
 C2             0.273         0.868         1.532
 C3             0.383         0.993         0.885         1.761
 C5             0.243         0.962         0.773         0.935         1.534
 C6             0.340         0.870         0.798         0.811         0.906
 C7             0.488         0.727         0.875         0.868         0.757
 HEIGHT         2.009         2.625         2.138         2.955         2.085
 BAGE          -3.802        -2.181        -1.824        -3.185        -2.739
 CEDUC          0.184         0.328         0.284         0.428         0.349


           Covariances
              C6            C7            HEIGHT        BAGE          CEDUC
              ________      ________      ________      ________      ________
 C6             1.559
 C7             0.779         1.481
 HEIGHT         1.495         2.757        41.128
 BAGE          -2.138        -2.937       -15.842        67.014
 CEDUC          0.304         0.228         1.507        -1.069         0.987


           Correlations
              P1            P2            P3            P5            P6
              ________      ________      ________      ________      ________
 P1             1.000
 P2             0.941         1.000
 P3             0.890         0.905         1.000
 P5             0.867         0.880         0.858         1.000
 P6             0.777         0.807         0.799         0.805         1.000
 P7             0.837         0.874         0.817         0.812         0.838
 C1             0.290         0.248         0.268         0.251         0.156
 C2             0.306         0.263         0.270         0.192         0.257
 C3             0.328         0.306         0.312         0.278         0.274
 C5             0.267         0.235         0.272         0.244         0.198
 C6             0.253         0.253         0.321         0.251         0.218
 C7             0.470         0.433         0.443         0.382         0.390
 HEIGHT         0.426         0.450         0.427         0.362         0.337
 BAGE          -0.523        -0.518        -0.482        -0.516        -0.531
 CEDUC          0.199         0.197         0.157         0.175         0.104


           Correlations
              P7            C1            C2            C3            C5
              ________      ________      ________      ________      ________
 P7             1.000
 C1             0.304         1.000
 C2             0.245         0.575         1.000
 C3             0.320         0.614         0.539         1.000
 C5             0.218         0.638         0.505         0.569         1.000
 C6             0.302         0.572         0.516         0.489         0.586
 C7             0.445         0.490         0.581         0.537         0.503
 HEIGHT         0.348         0.336         0.269         0.347         0.262
 BAGE          -0.516        -0.219        -0.180        -0.293        -0.270
 CEDUC          0.205         0.271         0.231         0.325         0.284


           Correlations
              C6            C7            HEIGHT        BAGE          CEDUC
              ________      ________      ________      ________      ________
 C6             1.000
 C7             0.512         1.000
 HEIGHT         0.187         0.353         1.000
 BAGE          -0.209        -0.295        -0.302         1.000
 CEDUC          0.245         0.188         0.237        -0.131         1.000


     MAXIMUM LOG-LIKELIHOOD VALUE FOR THE UNRESTRICTED (H1) MODEL IS -5125.836


UNIVARIATE HIGHER-ORDER MOMENT DESCRIPTIVE STATISTICS


     UNIVARIATE HIGHER-ORDER MOMENT DESCRIPTIVE STATISTICS

         Variable/         Mean/     Skewness/   Minimum/ % with                Percentiles
        Sample Size      Variance    Kurtosis    Maximum  Min/Max      20%/60%    40%/80%    Median

     P1                    2.721      -0.151       0.700    0.49%       2.100      2.600      2.800
             206.000       0.520      -0.133       4.600    0.97%       3.000      3.300
     P2                    2.736      -0.315       0.570    0.45%       2.150      2.600      2.800
             223.000       0.504       0.014       4.550    0.45%       2.920      3.350
     P3                    2.700      -0.205       0.700    0.44%       2.060      2.570      2.755
             226.000       0.556      -0.098       4.530    0.44%       2.870      3.330
     P5                    2.579      -0.203       0.440    0.49%       1.900      2.390      2.585
             204.000       0.607      -0.289       4.490    0.49%       2.730      3.290
     P6                    2.463      -0.191       0.460    0.59%       1.750      2.260      2.520
             169.000       0.580      -0.485       4.290    0.59%       2.650      3.170
     P7                    2.513      -0.030       0.770    0.70%       1.930      2.350      2.480
             143.000       0.493      -0.468       4.190    0.70%       2.730      3.100
     C1                    5.634       0.545       3.000    1.23%       5.000      5.000      5.000
             243.000       1.426       0.075       9.000    1.65%       6.000      7.000
     C2                    5.733       0.371       3.000    2.08%       5.000      5.000      6.000
             240.000       1.546      -0.085       9.000    2.08%       6.000      7.000
     C3                    5.741       0.462       3.000    0.88%       5.000      5.000      6.000
             228.000       1.709      -0.353       9.000    2.63%       6.000      7.000
     C5                    5.650       0.368       3.000    0.49%       4.000      5.000      6.000
             206.000       1.557      -0.331       9.000    1.94%       6.000      7.000
     C6                    5.633       0.246       3.000    1.69%       4.000      5.000      6.000
             177.000       1.498      -0.168       9.000    1.69%       6.000      7.000
     C7                    5.871       0.152       3.000    1.36%       5.000      6.000      6.000
             147.000       1.391      -0.255       9.000    0.68%       6.000      7.000
     HEIGHT                3.796       0.317     -10.000    0.30%      -2.000      1.000      3.000
             338.000      41.133      -0.432      22.000    0.30%       5.000     10.000
     BAGE                 -7.370       0.250     -27.605    0.29%     -15.299    -10.008     -6.973
             341.000      67.014      -0.278      17.816    0.29%      -4.833     -0.339
     CEDUC                 0.721       1.171       0.000   57.48%       0.000      0.000      0.000
             341.000       0.987       0.121       3.000    9.68%       1.000      1.000


THE MODEL ESTIMATION TERMINATED NORMALLY



MODEL FIT INFORMATION

Number of Free Parameters                       27

Loglikelihood

          H0 Value                       -3622.118

Information Criteria

          Akaike (AIC)                    7298.237
          Bayesian (BIC)                  7401.698
          Sample-Size Adjusted BIC        7316.048
            (n* = (n + 2) / 24)



MODEL RESULTS

                                                    Two-Tailed
                    Estimate       S.E.  Est./S.E.    P-Value

 IP         ON
    BAGE              -0.046      0.005     -9.182      0.000
    CEDUC              0.080      0.043      1.870      0.061

 SP         ON
    BAGE               0.000      0.000     -0.661      0.508
    CEDUC              0.000      0.002      0.088      0.930

 IC         ON
    BAGE              -0.029      0.009     -3.207      0.001
    CEDUC              0.308      0.062      4.937      0.000

 SC         ON
    BAGE               0.000      0.001     -0.584      0.559
    CEDUC             -0.003      0.005     -0.619      0.536

 SP       WITH
    IP                 0.000      0.002      0.206      0.836

 IC       WITH
    IP                 0.107      0.042      2.525      0.012
    SP                -0.001      0.002     -0.337      0.736

 SC       WITH
    IP                 0.003      0.003      1.040      0.298
    SP                 0.000      0.000      0.282      0.778
    IC                -0.004      0.005     -0.748      0.454

 P1       WITH
    C1                 0.009      0.011      0.838      0.402

 P2       WITH
    C2                 0.009      0.011      0.838      0.402

 P3       WITH
    C3                 0.009      0.011      0.838      0.402

 P5       WITH
    C5                 0.009      0.011      0.838      0.402

 P6       WITH
    C6                 0.009      0.011      0.838      0.402

 P7       WITH
    C7                 0.009      0.011      0.838      0.402

 Means
    HEIGHT             3.796      0.400      9.482      0.000

 Intercepts
    P1                 0.000      0.000    999.000    999.000
    P2                 0.000      0.000    999.000    999.000
    P3                 0.000      0.000    999.000    999.000
    P5                 0.000      0.000    999.000    999.000
    P6                 0.000      0.000    999.000    999.000
    P7                 0.000      0.000    999.000    999.000
    C1                 0.000      0.000    999.000    999.000
    C2                 0.000      0.000    999.000    999.000
    C3                 0.000      0.000    999.000    999.000
    C5                 0.000      0.000    999.000    999.000
    C6                 0.000      0.000    999.000    999.000
    C7                 0.000      0.000    999.000    999.000
    IP                 2.476      0.060     41.013      0.000
    SP                -0.044      0.005     -9.637      0.000
    IC                 5.325      0.105     50.482      0.000
    SC                -0.020      0.009     -2.162      0.031

 Variances
    HEIGHT            41.133      3.922     10.489      0.000

 Residual Variances
    P1                 0.093      0.003     27.127      0.000
    P2                 0.093      0.003     27.127      0.000
    P3                 0.093      0.003     27.127      0.000
    P5                 0.093      0.003     27.127      0.000
    P6                 0.093      0.003     27.127      0.000
    P7                 0.093      0.003     27.127      0.000
    C1                 0.693      0.029     23.561      0.000
    C2                 0.693      0.029     23.561      0.000
    C3                 0.693      0.029     23.561      0.000
    C5                 0.693      0.029     23.561      0.000
    C6                 0.693      0.029     23.561      0.000
    C7                 0.693      0.029     23.561      0.000
    IP                 0.336      0.041      8.286      0.000
    SP                 0.000      0.000      2.954      0.003
    IC                 0.722      0.108      6.675      0.000
    SC                 0.000      0.000      0.687      0.492


QUALITY OF NUMERICAL RESULTS

     Condition Number for the Information Matrix              0.340E-04
       (ratio of smallest to largest eigenvalue)


     Beginning Time:  14:05:15
        Ending Time:  14:05:18
       Elapsed Time:  00:00:03



MUTHEN & MUTHEN
3463 Stoner Ave.
Los Angeles, CA  90066

Tel: (310) 391-9971
Fax: (310) 391-8971
Web: www.StatModel.com
Support: Support@StatModel.com

Copyright (c) 1998-2014 Muthen & Muthen
