Mplus VERSION 7.3 (Mac)
MUTHEN & MUTHEN
02/27/2015   1:01 PM

INPUT INSTRUCTIONS

  TITLE: grip - sybmol digit - male - age & education

  DATA:  File = satsa.dat;

  VARIABLE: Names are
  twinnr pairid sex01 przygup rear iage1-iage7 intakeage time1-time7 dem1-dem7
  s_demen_onset
  htcm wtkg qualc depr cv chd sumill eversmoke diabete
  marital msgroup sesobj educ edugr
  fev1_1-fev1_7 ht_1-ht_7 grip1-grip7 gait2-gait7
  stupt_2-stupt_7 stuprt_2-stuprt_7
  idigf_r1-idigf_r7 idigb_r1-idigb_r7 ibloc_r1-ibloc_r7 ithur_r1-ithur_r7
  isynm_r1-isynm_r7 iinfo_r1-iinfo_r7 ianal_r1-ianal_r7 irota_r1-irota_r7
  ifigi_r1-ifigi_r7 isymd_r1-isymd_r7 mmse7_1-mmse7_7
  tverb1-tverb7 tspat1-tspat7 tmemo1-tmemo7 tsped1-tsped7 tpcom1-tpcom7;

         MISSING are .;
         USEVAR are  time1 time2 time3  time5 time6 time7
                     p1 p2 p3  p5 p6 p7
                     c1 c2 c3  c5 c6 c7
                     Bage ceduc;
         TSCORES =   time1 time2 time3   time5 time6 time7;

         USEOBSERVATIONS are  sex01 EQ 0;

  Define: p1=grip1; p2=grip2; p3=grip3; p5=grip5; p6=grip6; p7=grip7;
          c1=isymd_r1; c2=isymd_r2; c3=isymd_r3; c5=isymd_r5; c6=isymd_r6; c7=isymd_r7;

          Bage=intakeage-70;   !Centered at Age 70
          !Bagesq=(intakeage-70)**2;

          Sex=0;         !0=Male
          cEduc=educ-1;     ! center at 1 as most equivalent to 7 years
          !SEP=SESgrp;
          !Marstat;
          !Height
          !Weight
          !BMI
          !SmokHist=Smoke;
          !Alcohol;
          !CompExp;
          !PhysAct;
          !BP;
          !DepSymp;
          !Cardio;
          !Diab;
          !MorbInd;

          !BageSex=Bage*Sex;
          !BageEduc=Bage*Educ;
          !SexEduc=Sex*Educ;

  ANALYSIS: TYPE = RANDOM;
  	estimator=mlf;

  MODEL:  ip sp | p1 p2 p3 p5 p6 p7 at time1 time2 time3 time5 time6 time7;
          ic sc | c1 c2 c3 c5 c6 c7 at time1 time2 time3 time5 time6 time7;

          ip sp ic sc ON Bage ceduc;

          p1-p7 (res_p);
          c1-c7 (res_c);

          p1 p2 p3 p5 p6 p7 pwith c1 c2 c3 c5 c6 c7(res_cov);

  OUTPUT: sampstat ;





*** WARNING
  Data set contains cases with missing on x-variables.
  These cases were not included in the analysis.
  Number of cases with missing on x-variables:  6
   1 WARNING(S) FOUND IN THE INPUT INSTRUCTIONS



grip - sybmol digit - male - age & education

SUMMARY OF ANALYSIS

Number of groups                                                 1
Number of observations                                         341

Number of dependent variables                                   12
Number of independent variables                                  2
Number of continuous latent variables                            4

Observed dependent variables

  Continuous
   P1          P2          P3          P5          P6          P7
   C1          C2          C3          C5          C6          C7

Observed independent variables
   BAGE        CEDUC

Continuous latent variables
   IP          SP          IC          SC

Variables with special functions

  Time scores
   TIME1       TIME2       TIME3       TIME5       TIME6       TIME7


Estimator                                                      MLF
Information matrix                                        OBSERVED
Maximum number of iterations                                   100
Convergence criterion                                    0.100D-05
Maximum number of EM iterations                                500
Convergence criteria for the EM algorithm
  Loglikelihood change                                   0.100D-02
  Relative loglikelihood change                          0.100D-05
  Derivative                                             0.100D-03
Minimum variance                                         0.100D-03
Maximum number of steepest descent iterations                   20
Maximum number of iterations for H1                           2000
Convergence criterion for H1                             0.100D-03
Optimization algorithm                                         EMA

Input data file(s)
  satsa.dat
Input data format  FREE


SUMMARY OF DATA

     Number of missing data patterns            63


COVARIANCE COVERAGE OF DATA

Minimum covariance coverage value   0.100


     PROPORTION OF DATA PRESENT


           Covariance Coverage
              P1            P2            P3            P5            P6
              ________      ________      ________      ________      ________
 P1             0.713
 P2             0.581         0.704
 P3             0.531         0.619         0.672
 P5             0.331         0.425         0.449         0.598
 P6             0.282         0.364         0.372         0.496         0.516
 P7             0.205         0.290         0.305         0.419         0.419
 C1             0.701         0.578         0.525         0.326         0.279
 C2             0.537         0.660         0.589         0.413         0.355
 C3             0.501         0.589         0.630         0.428         0.370
 C5             0.326         0.425         0.443         0.578         0.499
 C6             0.276         0.355         0.367         0.490         0.501
 C7             0.185         0.270         0.284         0.402         0.399
 BAGE           0.713         0.704         0.672         0.598         0.516
 CEDUC          0.713         0.704         0.672         0.598         0.516


           Covariance Coverage
              P7            C1            C2            C3            C5
              ________      ________      ________      ________      ________
 P7             0.434
 C1             0.202         0.704
 C2             0.284         0.534         0.660
 C3             0.302         0.499         0.566         0.633
 C5             0.422         0.323         0.419         0.431         0.589
 C6             0.411         0.273         0.346         0.364         0.493
 C7             0.396         0.182         0.267         0.282         0.402
 BAGE           0.434         0.704         0.660         0.633         0.589
 CEDUC          0.434         0.704         0.660         0.633         0.589


           Covariance Coverage
              C6            C7            BAGE          CEDUC
              ________      ________      ________      ________
 C6             0.507
 C7             0.396         0.411
 BAGE           0.507         0.411         1.000
 CEDUC          0.507         0.411         1.000         1.000


SAMPLE STATISTICS


     ESTIMATED SAMPLE STATISTICS


           Means
              P1            P2            P3            P5            P6
              ________      ________      ________      ________      ________
 1             42.770        40.584        38.959        31.519        27.095


           Means
              P7            C1            C2            C3            C5
              ________      ________      ________      ________      ________
 1             29.446        41.122        38.029        37.217        31.275


           Means
              C6            C7            BAGE          CEDUC
              ________      ________      ________      ________
 1             28.614        28.516        -7.370         0.721


           Covariances
              P1            P2            P3            P5            P6
              ________      ________      ________      ________      ________
 P1           113.271
 P2            73.655        92.474
 P3            74.280        72.032        95.448
 P5           100.791       132.442       147.917       632.108
 P6            82.409        78.305        75.396       120.793       121.406
 P7           100.285        87.571        86.182       112.981       110.310
 C1            53.442        57.065        54.811        27.824        71.465
 C2            61.801        66.841        63.728       110.404        72.187
 C3            69.447        73.608        66.709        81.295        87.269
 C5            70.201        74.634        69.671       140.716        86.316
 C6            72.989        77.580        82.239       137.635        99.648
 C7            88.941        82.364        80.337       136.904        95.967
 BAGE         -42.143       -40.429       -44.930       -75.150       -54.989
 CEDUC          0.645         1.360         1.028         0.728         0.988


           Covariances
              P7            C1            C2            C3            C5
              ________      ________      ________      ________      ________
 P7           163.563
 C1            82.324       166.171
 C2            84.341       141.818       166.983
 C3            97.773       162.104       165.825       215.249
 C5            96.907       143.904       162.188       182.080       201.253
 C6           113.044       162.599       175.665       204.064       200.216
 C7           121.181       139.729       159.112       178.495       184.762
 BAGE         -63.257       -58.722       -62.224       -72.124       -79.132
 CEDUC          1.677         4.590         4.820         5.826         6.015


           Covariances
              C6            C7            BAGE          CEDUC
              ________      ________      ________      ________
 C6           259.673
 C7           215.546       221.033
 BAGE         -93.125       -90.625        67.014
 CEDUC          6.072         5.250        -1.069         0.987


           Correlations
              P1            P2            P3            P5            P6
              ________      ________      ________      ________      ________
 P1             1.000
 P2             0.720         1.000
 P3             0.714         0.767         1.000
 P5             0.377         0.548         0.602         1.000
 P6             0.703         0.739         0.700         0.436         1.000
 P7             0.737         0.712         0.690         0.351         0.783
 C1             0.390         0.460         0.435         0.086         0.503
 C2             0.449         0.538         0.505         0.340         0.507
 C3             0.445         0.522         0.465         0.220         0.540
 C5             0.465         0.547         0.503         0.395         0.552
 C6             0.426         0.501         0.522         0.340         0.561
 C7             0.562         0.576         0.553         0.366         0.586
 BAGE          -0.484        -0.514        -0.562        -0.365        -0.610
 CEDUC          0.061         0.142         0.106         0.029         0.090


           Correlations
              P7            C1            C2            C3            C5
              ________      ________      ________      ________      ________
 P7             1.000
 C1             0.499         1.000
 C2             0.510         0.851         1.000
 C3             0.521         0.857         0.875         1.000
 C5             0.534         0.787         0.885         0.875         1.000
 C6             0.549         0.783         0.844         0.863         0.876
 C7             0.637         0.729         0.828         0.818         0.876
 BAGE          -0.604        -0.556        -0.588        -0.601        -0.681
 CEDUC          0.132         0.358         0.375         0.400         0.427


           Correlations
              C6            C7            BAGE          CEDUC
              ________      ________      ________      ________
 C6             1.000
 C7             0.900         1.000
 BAGE          -0.706        -0.745         1.000
 CEDUC          0.379         0.355        -0.131         1.000


     MAXIMUM LOG-LIKELIHOOD VALUE FOR THE UNRESTRICTED (H1) MODEL IS -10044.442


UNIVARIATE HIGHER-ORDER MOMENT DESCRIPTIVE STATISTICS


     UNIVARIATE HIGHER-ORDER MOMENT DESCRIPTIVE STATISTICS

         Variable/         Mean/     Skewness/   Minimum/ % with                Percentiles
        Sample Size      Variance    Kurtosis    Maximum  Min/Max      20%/60%    40%/80%    Median

     P1                   40.383      -0.335       8.000    0.41%      34.000     38.000     41.000
             243.000      99.100       0.812      68.000    0.41%      43.000     48.000
     P2                   40.296       0.152      20.000    0.42%      34.000     37.000     40.000
             240.000      75.633       0.119      68.000    0.42%      43.000     47.000
     P3                   39.100       0.329      15.000    0.44%      33.000     38.000     40.000
             229.000      74.169       1.492      70.000    0.44%      41.000     44.000
     P5                   37.407       9.679       7.000    0.49%      27.000     33.000     35.000
             204.000     562.516     118.652     335.000    0.49%      37.000     45.000
     P6                   31.034       0.383       6.000    0.57%      22.000     28.000     30.000
             176.000      95.442       0.794      70.000    0.57%      34.000     39.000
     P7                   34.635       0.187       1.000    0.68%      25.000     32.000     35.000
             148.000     125.070       0.593      70.000    0.68%      37.000     43.000
     C1                   38.712      -0.367       4.000    0.42%      29.000     37.000     40.000
             240.000     151.397      -0.007      66.000    0.42%      42.000     48.000
     C2                   38.502      -0.185       6.000    0.44%      29.000     36.000     38.000
             225.000     137.121      -0.157      71.000    0.44%      42.000     49.000
     C3                   38.208      -0.181       7.000    0.93%      25.000     35.000     40.000
             216.000     174.248      -0.572      74.000    0.46%      43.000     50.000
     C5                   36.512      -0.360       3.000    0.50%      27.000     34.000     37.000
             201.000     153.991      -0.107      69.000    0.50%      40.000     47.000
     C6                   35.618      -0.151       6.000    0.58%      22.000     33.000     36.000
             173.000     166.525      -0.718      63.000    1.16%      40.000     48.000
     C7                   37.900      -0.455       8.000    0.71%      29.000     36.000     39.000
             140.000     121.733      -0.243      60.000    0.71%      41.000     49.000
     BAGE                 -7.370       0.250     -27.605    0.29%     -15.299    -10.008     -6.973
             341.000      67.014      -0.278      17.816    0.29%      -4.833     -0.339
     CEDUC                 0.721       1.171       0.000   57.48%       0.000      0.000      0.000
             341.000       0.987       0.121       3.000    9.68%       1.000      1.000


THE MODEL ESTIMATION TERMINATED NORMALLY



MODEL FIT INFORMATION

Number of Free Parameters                       25

Loglikelihood

          H0 Value                       -8818.609

Information Criteria

          Akaike (AIC)                   17687.218
          Bayesian (BIC)                 17783.015
          Sample-Size Adjusted BIC       17703.710
            (n* = (n + 2) / 24)



MODEL RESULTS

                                                    Two-Tailed
                    Estimate       S.E.  Est./S.E.    P-Value

 IP         ON
    BAGE              -0.579      0.100     -5.793      0.000
    CEDUC             -0.009      0.832     -0.011      0.991

 SP         ON
    BAGE              -0.018      0.011     -1.554      0.120
    CEDUC              0.017      0.072      0.237      0.813

 IC         ON
    BAGE              -0.799      0.071    -11.212      0.000
    CEDUC              3.906      0.562      6.948      0.000

 SC         ON
    BAGE              -0.027      0.005     -5.437      0.000
    CEDUC              0.046      0.039      1.176      0.239

 SP       WITH
    IP                 0.660      0.932      0.708      0.479

 IC       WITH
    IP                19.153      8.517      2.249      0.025
    SP                 0.338      0.822      0.412      0.681

 SC       WITH
    IP                -0.022      0.534     -0.041      0.967
    SP                 0.010      0.046      0.219      0.826
    IC                -0.830      0.359     -2.309      0.021

 P1       WITH
    C1                 4.389      3.775      1.163      0.245

 P2       WITH
    C2                 4.389      3.775      1.163      0.245

 P3       WITH
    C3                 4.389      3.775      1.163      0.245

 P5       WITH
    C5                 4.389      3.775      1.163      0.245

 P6       WITH
    C6                 4.389      3.775      1.163      0.245

 P7       WITH
    C7                 4.389      3.775      1.163      0.245

 Intercepts
    P1                 0.000      0.000    999.000    999.000
    P2                 0.000      0.000    999.000    999.000
    P3                 0.000      0.000    999.000    999.000
    P5                 0.000      0.000    999.000    999.000
    P6                 0.000      0.000    999.000    999.000
    P7                 0.000      0.000    999.000    999.000
    C1                 0.000      0.000    999.000    999.000
    C2                 0.000      0.000    999.000    999.000
    C3                 0.000      0.000    999.000    999.000
    C5                 0.000      0.000    999.000    999.000
    C6                 0.000      0.000    999.000    999.000
    C7                 0.000      0.000    999.000    999.000
    IP                38.613      1.058     36.495      0.000
    SP                -0.932      0.134     -6.956      0.000
    IC                32.216      0.758     42.521      0.000
    SC                -0.951      0.057    -16.614      0.000

 Residual Variances
    P1               104.592      1.812     57.715      0.000
    P2               104.592      1.812     57.715      0.000
    P3               104.592      1.812     57.715      0.000
    P5               104.592      1.812     57.715      0.000
    P6               104.592      1.812     57.715      0.000
    P7               104.592      1.812     57.715      0.000
    C1                24.198      1.021     23.699      0.000
    C2                24.198      1.021     23.699      0.000
    C3                24.198      1.021     23.699      0.000
    C5                24.198      1.021     23.699      0.000
    C6                24.198      1.021     23.699      0.000
    C7                24.198      1.021     23.699      0.000
    IP                36.196     12.944      2.796      0.005
    SP                 0.018      0.092      0.201      0.841
    IC                77.926      8.388      9.290      0.000
    SC                 0.077      0.026      2.952      0.003


QUALITY OF NUMERICAL RESULTS

     Condition Number for the Information Matrix              0.207E-07
       (ratio of smallest to largest eigenvalue)


     Beginning Time:  13:01:03
        Ending Time:  13:01:07
       Elapsed Time:  00:00:04



MUTHEN & MUTHEN
3463 Stoner Ave.
Los Angeles, CA  90066

Tel: (310) 391-9971
Fax: (310) 391-8971
Web: www.StatModel.com
Support: Support@StatModel.com

Copyright (c) 1998-2014 Muthen & Muthen
