Mplus VERSION 7.11
MUTHEN & MUTHEN
10/19/2015   3:21 PM

INPUT INSTRUCTIONS

  TITLE: TUG, Spacial Ability, AEH, Female

  DATA:  File = C:\Users\Besitzer\Desktop\ilse 19.10.dat;

  VARIABLE: Names are
  T1SD18 ID SEX t1dss t1bd t1fs t1fsb t1age center
  t1beer t1wine t1k t1pc t1vf
      t1sa t1spf t2dss t2bd t2fs t2fsb t2beer t2wine
      t2k t2pc t2vf t2sa t2spf t3dss t3bd t3k t3pc t3vf
      t3sa t3spf t2age t3age T1TUG t1height t1weight
      T2TUG t2height t2weight T3TUG t3height t3weight
      time1 time2r time3r time3 time2 T1HAVIR1 T1HAVIL1
      T1HAVIR2 T1HAVIL2 T2HAVIR1 T2HAVIR2 T2HAVIL1
      T2HAVIL2 T3HAVIR1x T3HAVIR2x T3HAVIL1x T3HAVIL2x
      t1hg t2hg t3hg T1APEC T1INFAR T1RAUCH Educ element
      Haupt second others Smoker Educnew heartdis;

         MISSING are ALL(-9999);
         USEVAR are time1 time2 time3 Educnew
                     p1 p2 p3 c1 c2 c3
                     Bage height;
         TSCORES = time1 time2 time3;


         USEOBSERVATIONS are sex EQ 1;

  Define: p1=t1tug; p2=t2tug; p3=t3tug;
          c1=t1sa; c2=t2sa; c3=t3sa;

          Bage=t1age-70;   !Centered at Age 70
          Bagesq=(t1age-70)**2;
          height=t1height-160; !centered for female

  ANALYSIS: TYPE = RANDOM; Estimator=MLF;

  MODEL:  ip sp | p1-p3 AT time1-time3;
          ic sc | c1-c3 AT time1-time3;
          ip; sp; ic; sc;
          ip sp ic sc WITH ip sp ic sc;

          ip sp ic sc ON Educnew Bage height;

          p1-p3 (res_p);
          c1-c3 (res_c);
          p1-p3 pwith c1-c3(res_cov); !Paired covariances constrained to be equal

  OUTPUT: sampstat;



*** WARNING
  Data set contains cases with missing on x-variables.
  These cases were not included in the analysis.
  Number of cases with missing on x-variables:  14
   1 WARNING(S) FOUND IN THE INPUT INSTRUCTIONS



TUG, Spacial Ability, AEH, Female

SUMMARY OF ANALYSIS

Number of groups                                                 1
Number of observations                                         226

Number of dependent variables                                    6
Number of independent variables                                  3
Number of continuous latent variables                            4

Observed dependent variables

  Continuous
   P1          P2          P3          C1          C2          C3

Observed independent variables
   EDUCNEW     BAGE        HEIGHT

Continuous latent variables
   IP          SP          IC          SC

Variables with special functions

  Time scores
   TIME1       TIME2       TIME3


Estimator                                                      MLF
Information matrix                                        OBSERVED
Maximum number of iterations                                   100
Convergence criterion                                    0.100D-05
Maximum number of EM iterations                                500
Convergence criteria for the EM algorithm
  Loglikelihood change                                   0.100D-02
  Relative loglikelihood change                          0.100D-05
  Derivative                                             0.100D-03
Minimum variance                                         0.100D-03
Maximum number of steepest descent iterations                   20
Maximum number of iterations for H1                           2000
Convergence criterion for H1                             0.100D-03
Optimization algorithm                                         EMA

Input data file(s)
  C:\Users\Besitzer\Desktop\ilse 19.10.dat
Input data format  FREE


SUMMARY OF DATA

     Number of missing data patterns            13


COVARIANCE COVERAGE OF DATA

Minimum covariance coverage value   0.100


     PROPORTION OF DATA PRESENT


           Covariance Coverage
              P1            P2            P3            C1            C2
              ________      ________      ________      ________      ________
 P1             0.465
 P2             0.403         0.885
 P3             0.226         0.451         0.460
 C1             0.465         0.885         0.460         1.000
 C2             0.412         0.885         0.460         0.903         0.903
 C3             0.301         0.650         0.456         0.664         0.664
 EDUCNEW        0.465         0.885         0.460         1.000         0.903
 BAGE           0.465         0.885         0.460         1.000         0.903
 HEIGHT         0.465         0.885         0.460         1.000         0.903


           Covariance Coverage
              C3            EDUCNEW       BAGE          HEIGHT
              ________      ________      ________      ________
 C3             0.664
 EDUCNEW        0.664         1.000
 BAGE           0.664         1.000         1.000
 HEIGHT         0.664         1.000         1.000         1.000


SAMPLE STATISTICS


     ESTIMATED SAMPLE STATISTICS


           Means
              P1            P2            P3            C1            C2
              ________      ________      ________      ________      ________
 1              6.026         6.456         8.351        20.181        18.936


           Means
              C3            EDUCNEW       BAGE          HEIGHT
              ________      ________      ________      ________
 1             17.719         0.345        -7.045         2.018


           Covariances
              P1            P2            P3            C1            C2
              ________      ________      ________      ________      ________
 P1             1.647
 P2             1.467         3.915
 P3             0.575         0.923         2.180
 C1            -1.556         0.798        -0.636        44.795
 C2            -0.983         0.393        -0.795        35.228        49.708
 C3            -0.714         0.529        -0.723        34.125        38.378
 EDUCNEW       -0.105        -0.082         0.026         0.721         1.060
 BAGE          -0.029        -0.198        -0.026        -0.989        -1.075
 HEIGHT         0.024        -0.317         0.278         3.576         1.849


           Covariances
              C3            EDUCNEW       BAGE          HEIGHT
              ________      ________      ________      ________
 C3            50.091
 EDUCNEW        1.098         0.226
 BAGE          -0.631        -0.009         0.845
 HEIGHT        -3.024         0.450         0.092        39.672


           Correlations
              P1            P2            P3            C1            C2
              ________      ________      ________      ________      ________
 P1             1.000
 P2             0.578         1.000
 P3             0.303         0.316         1.000
 C1            -0.181         0.060        -0.064         1.000
 C2            -0.109         0.028        -0.076         0.747         1.000
 C3            -0.079         0.038        -0.069         0.720         0.769
 EDUCNEW       -0.172        -0.087         0.037         0.226         0.316
 BAGE          -0.025        -0.109        -0.020        -0.161        -0.166
 HEIGHT         0.003        -0.025         0.030         0.085         0.042


           Correlations
              C3            EDUCNEW       BAGE          HEIGHT
              ________      ________      ________      ________
 C3             1.000
 EDUCNEW        0.326         1.000
 BAGE          -0.097        -0.020         1.000
 HEIGHT        -0.068         0.150         0.016         1.000


     MAXIMUM LOG-LIKELIHOOD VALUE FOR THE UNRESTRICTED (H1) MODEL IS -3701.539


THE MODEL ESTIMATION TERMINATED NORMALLY



MODEL FIT INFORMATION

Number of Free Parameters                       29

Loglikelihood

          H0 Value                       -2545.899

Information Criteria

          Akaike (AIC)                    5149.799
          Bayesian (BIC)                  5248.994
          Sample-Size Adjusted BIC        5157.086
            (n* = (n + 2) / 24)



MODEL RESULTS

                                                    Two-Tailed
                    Estimate       S.E.  Est./S.E.    P-Value

 IP         ON
    EDUCNEW           -0.549      0.366     -1.502      0.133
    BAGE              -0.160      0.221     -0.725      0.469
    HEIGHT             0.002      0.026      0.073      0.941

 SP         ON
    EDUCNEW            0.052      0.055      0.944      0.345
    BAGE               0.007      0.025      0.271      0.787
    HEIGHT             0.000      0.003      0.065      0.948

 IC         ON
    EDUCNEW            3.347      0.971      3.448      0.001
    BAGE              -1.227      0.509     -2.410      0.016
    HEIGHT             0.059      0.084      0.705      0.481

 SC         ON
    EDUCNEW            0.182      0.085      2.144      0.032
    BAGE               0.038      0.040      0.942      0.346
    HEIGHT            -0.016      0.006     -2.506      0.012

 IP       WITH
    SP                -0.030      0.073     -0.415      0.678
    IC                 0.011      1.094      0.010      0.992
    SC                 0.033      0.087      0.376      0.707

 SP       WITH
    IC                -0.020      0.138     -0.143      0.886
    SC                -0.002      0.011     -0.139      0.889

 IC       WITH
    SC                 0.057      0.285      0.198      0.843

 P1       WITH
    C1                -0.346      0.505     -0.685      0.493

 P2       WITH
    C2                -0.346      0.505     -0.685      0.493

 P3       WITH
    C3                -0.346      0.505     -0.685      0.493

 Intercepts
    P1                 0.000      0.000    999.000    999.000
    P2                 0.000      0.000    999.000    999.000
    P3                 0.000      0.000    999.000    999.000
    C1                 0.000      0.000    999.000    999.000
    C2                 0.000      0.000    999.000    999.000
    C3                 0.000      0.000    999.000    999.000
    IP                 4.895      1.609      3.042      0.002
    SP                 0.235      0.184      1.277      0.201
    IC                10.124      3.663      2.764      0.006
    SC                 0.021      0.289      0.072      0.943

 Residual Variances
    P1                 1.780      0.306      5.825      0.000
    P2                 1.780      0.306      5.825      0.000
    P3                 1.780      0.306      5.825      0.000
    C1                11.399      0.876     13.013      0.000
    C2                11.399      0.876     13.013      0.000
    C3                11.399      0.876     13.013      0.000
    IP                 1.355      0.641      2.114      0.034
    SP                 0.001      0.010      0.150      0.881
    IC                30.228      4.330      6.981      0.000
    SC                 0.015      0.028      0.518      0.604


QUALITY OF NUMERICAL RESULTS

     Condition Number for the Information Matrix              0.124E-04
       (ratio of smallest to largest eigenvalue)


DIAGRAM INFORMATION

  Use View Diagram under the Diagram menu in the Mplus Editor to view the diagram.
  If running Mplus from the Mplus Diagrammer, the diagram opens automatically.

  Diagram output
    c:\users\besitzer\documents\github\ialsa-2015-portland\studies\ilse\unshared\tug\b1_female_aeh_t

     Beginning Time:  15:21:46
        Ending Time:  15:21:51
       Elapsed Time:  00:00:05



MUTHEN & MUTHEN
3463 Stoner Ave.
Los Angeles, CA  90066

Tel: (310) 391-9971
Fax: (310) 391-8971
Web: www.StatModel.com
Support: Support@StatModel.com

Copyright (c) 1998-2013 Muthen & Muthen
