Mplus VERSION 7.11
MUTHEN & MUTHEN
10/19/2015   3:22 PM

INPUT INSTRUCTIONS

  TITLE:  TUG, Block Design, AEH, Female

  DATA:  File = C:\Users\Besitzer\Desktop\ilse 19.10.dat;

  VARIABLE: Names are
  T1SD18 ID SEX t1dss t1bd t1fs t1fsb t1age center
  t1beer t1wine t1k t1pc t1vf
      t1sa t1spf t2dss t2bd t2fs t2fsb t2beer t2wine
      t2k t2pc t2vf t2sa t2spf t3dss t3bd t3k t3pc t3vf
      t3sa t3spf t2age t3age T1TUG t1height t1weight
      T2TUG t2height t2weight T3TUG t3height t3weight
      time1 time2r time3r time3 time2 T1HAVIR1 T1HAVIL1
      T1HAVIR2 T1HAVIL2 T2HAVIR1 T2HAVIR2 T2HAVIL1
      T2HAVIL2 T3HAVIR1x T3HAVIR2x T3HAVIL1x T3HAVIL2x
      t1hg t2hg t3hg T1APEC T1INFAR T1RAUCH Educ element
      Haupt second others Smoker Educnew heartdis;

         MISSING are ALL(-9999);
         USEVAR are time1 time2 time3 Educnew
                     p1 p2 p3 c1 c2 c3
                     Bage height;
         TSCORES = time1 time2 time3;


         USEOBSERVATIONS are sex EQ 1;

  Define: p1=t1tug; p2=t2tug; p3=t3tug;
          c1=t1bd; c2=t2bd; c3=t3bd;

          Bage=t1age-70;   !Centered at Age 70
          Bagesq=(t1age-70)**2;
          height=t1height-160; !centered for female

  ANALYSIS: TYPE = RANDOM; Estimator=MLF;

  MODEL:  ip sp | p1-p3 AT time1-time3;
          ic sc | c1-c3 AT time1-time3;
          ip; sp; ic; sc;
          ip sp ic sc WITH ip sp ic sc;

          ip sp ic sc ON Educnew Bage height;

          p1-p3 (res_p);
          c1-c3 (res_c);
          p1-p3 pwith c1-c3(res_cov); !Paired covariances constrained to be equal

  OUTPUT: sampstat;



*** WARNING
  Data set contains cases with missing on x-variables.
  These cases were not included in the analysis.
  Number of cases with missing on x-variables:  14
   1 WARNING(S) FOUND IN THE INPUT INSTRUCTIONS



TUG, Block Design, AEH, Female

SUMMARY OF ANALYSIS

Number of groups                                                 1
Number of observations                                         226

Number of dependent variables                                    6
Number of independent variables                                  3
Number of continuous latent variables                            4

Observed dependent variables

  Continuous
   P1          P2          P3          C1          C2          C3

Observed independent variables
   EDUCNEW     BAGE        HEIGHT

Continuous latent variables
   IP          SP          IC          SC

Variables with special functions

  Time scores
   TIME1       TIME2       TIME3


Estimator                                                      MLF
Information matrix                                        OBSERVED
Maximum number of iterations                                   100
Convergence criterion                                    0.100D-05
Maximum number of EM iterations                                500
Convergence criteria for the EM algorithm
  Loglikelihood change                                   0.100D-02
  Relative loglikelihood change                          0.100D-05
  Derivative                                             0.100D-03
Minimum variance                                         0.100D-03
Maximum number of steepest descent iterations                   20
Maximum number of iterations for H1                           2000
Convergence criterion for H1                             0.100D-03
Optimization algorithm                                         EMA

Input data file(s)
  C:\Users\Besitzer\Desktop\ilse 19.10.dat
Input data format  FREE


SUMMARY OF DATA

     Number of missing data patterns            12


COVARIANCE COVERAGE OF DATA

Minimum covariance coverage value   0.100


     PROPORTION OF DATA PRESENT


           Covariance Coverage
              P1            P2            P3            C1            C2
              ________      ________      ________      ________      ________
 P1             0.465
 P2             0.403         0.885
 P3             0.226         0.451         0.460
 C1             0.465         0.885         0.460         1.000
 C2             0.412         0.885         0.460         0.903         0.903
 C3             0.305         0.655         0.460         0.668         0.668
 EDUCNEW        0.465         0.885         0.460         1.000         0.903
 BAGE           0.465         0.885         0.460         1.000         0.903
 HEIGHT         0.465         0.885         0.460         1.000         0.903


           Covariance Coverage
              C3            EDUCNEW       BAGE          HEIGHT
              ________      ________      ________      ________
 C3             0.668
 EDUCNEW        0.668         1.000
 BAGE           0.668         1.000         1.000
 HEIGHT         0.668         1.000         1.000         1.000


SAMPLE STATISTICS


     ESTIMATED SAMPLE STATISTICS


           Means
              P1            P2            P3            C1            C2
              ________      ________      ________      ________      ________
 1              6.050         6.462         8.343        25.735        23.420


           Means
              C3            EDUCNEW       BAGE          HEIGHT
              ________      ________      ________      ________
 1             22.318         0.345        -7.045         2.018


           Covariances
              P1            P2            P3            C1            C2
              ________      ________      ________      ________      ________
 P1             1.638
 P2             1.442         3.929
 P3             0.587         0.926         2.177
 C1            -1.176         0.574         0.114        61.540
 C2            -1.288         0.066        -0.280        52.883        73.000
 C3            -0.714        -0.599        -0.689        41.293        50.368
 EDUCNEW       -0.099        -0.085         0.027         1.211         1.078
 BAGE          -0.034        -0.205        -0.021        -0.542        -0.952
 HEIGHT         0.208        -0.338         0.300         2.133        -1.001


           Covariances
              C3            EDUCNEW       BAGE          HEIGHT
              ________      ________      ________      ________
 C3            62.419
 EDUCNEW        1.100         0.226
 BAGE          -0.396        -0.009         0.845
 HEIGHT         2.340         0.450         0.092        39.672


           Correlations
              P1            P2            P3            C1            C2
              ________      ________      ________      ________      ________
 P1             1.000
 P2             0.568         1.000
 P3             0.311         0.317         1.000
 C1            -0.117         0.037         0.010         1.000
 C2            -0.118         0.004        -0.022         0.789         1.000
 C3            -0.071        -0.038        -0.059         0.666         0.746
 EDUCNEW       -0.162        -0.091         0.038         0.325         0.265
 BAGE          -0.029        -0.113        -0.016        -0.075        -0.121
 HEIGHT         0.026        -0.027         0.032         0.043        -0.019


           Correlations
              C3            EDUCNEW       BAGE          HEIGHT
              ________      ________      ________      ________
 C3             1.000
 EDUCNEW        0.293         1.000
 BAGE          -0.055        -0.020         1.000
 HEIGHT         0.047         0.150         0.016         1.000


     MAXIMUM LOG-LIKELIHOOD VALUE FOR THE UNRESTRICTED (H1) MODEL IS -3800.987


THE MODEL ESTIMATION TERMINATED NORMALLY



MODEL FIT INFORMATION

Number of Free Parameters                       29

Loglikelihood

          H0 Value                       -2652.207

Information Criteria

          Akaike (AIC)                    5362.414
          Bayesian (BIC)                  5461.609
          Sample-Size Adjusted BIC        5369.701
            (n* = (n + 2) / 24)



MODEL RESULTS

                                                    Two-Tailed
                    Estimate       S.E.  Est./S.E.    P-Value

 IP         ON
    EDUCNEW           -0.553      0.407     -1.358      0.174
    BAGE              -0.157      0.215     -0.730      0.465
    HEIGHT             0.001      0.026      0.052      0.958

 SP         ON
    EDUCNEW            0.054      0.054      1.009      0.313
    BAGE               0.006      0.025      0.255      0.798
    HEIGHT             0.000      0.003      0.064      0.949

 IC         ON
    EDUCNEW            5.189      1.127      4.607      0.000
    BAGE              -0.783      0.665     -1.178      0.239
    HEIGHT            -0.030      0.099     -0.305      0.760

 SC         ON
    EDUCNEW           -0.027      0.101     -0.264      0.792
    BAGE               0.015      0.057      0.264      0.792
    HEIGHT             0.001      0.009      0.139      0.890

 IP       WITH
    SP                -0.033      0.065     -0.501      0.616
    IC                -0.277      1.285     -0.215      0.830
    SC                -0.056      0.112     -0.496      0.620

 SP       WITH
    IC                 0.050      0.169      0.293      0.770
    SC                -0.003      0.014     -0.198      0.843

 IC       WITH
    SC                -0.483      0.365     -1.324      0.186

 P1       WITH
    C1                 0.264      0.453      0.582      0.560

 P2       WITH
    C2                 0.264      0.453      0.582      0.560

 P3       WITH
    C3                 0.264      0.453      0.582      0.560

 Intercepts
    P1                 0.000      0.000    999.000    999.000
    P2                 0.000      0.000    999.000    999.000
    P3                 0.000      0.000    999.000    999.000
    C1                 0.000      0.000    999.000    999.000
    C2                 0.000      0.000    999.000    999.000
    C3                 0.000      0.000    999.000    999.000
    IP                 4.918      1.534      3.206      0.001
    SP                 0.233      0.181      1.290      0.197
    IC                18.093      4.734      3.822      0.000
    SC                -0.184      0.413     -0.445      0.656

 Residual Variances
    P1                 1.771      0.270      6.546      0.000
    P2                 1.771      0.270      6.546      0.000
    P3                 1.771      0.270      6.546      0.000
    C1                14.680      1.720      8.537      0.000
    C2                14.680      1.720      8.537      0.000
    C3                14.680      1.720      8.537      0.000
    IP                 1.380      0.584      2.362      0.018
    SP                 0.002      0.010      0.188      0.851
    IC                45.434      6.329      7.179      0.000
    SC                 0.092      0.049      1.882      0.060


QUALITY OF NUMERICAL RESULTS

     Condition Number for the Information Matrix              0.182E-04
       (ratio of smallest to largest eigenvalue)


DIAGRAM INFORMATION

  Use View Diagram under the Diagram menu in the Mplus Editor to view the diagram.
  If running Mplus from the Mplus Diagrammer, the diagram opens automatically.

  Diagram output
    c:\users\besitzer\documents\github\ialsa-2015-portland\studies\ilse\unshared\tug\b1_female_aeh_t

     Beginning Time:  15:22:10
        Ending Time:  15:22:15
       Elapsed Time:  00:00:05



MUTHEN & MUTHEN
3463 Stoner Ave.
Los Angeles, CA  90066

Tel: (310) 391-9971
Fax: (310) 391-8971
Web: www.StatModel.com
Support: Support@StatModel.com

Copyright (c) 1998-2013 Muthen & Muthen
