Mplus VERSION 7.11
MUTHEN & MUTHEN
10/19/2015   2:58 PM

INPUT INSTRUCTIONS

  TITLE: M5 TUG, Knowledge, Age Conditional, Male


  DATA:  File = C:\Users\Besitzer\Desktop\ilse 19.10.dat;

  VARIABLE: Names are
  T1SD18 ID SEX t1dss t1bd t1fs t1fsb t1age center
  t1beer t1wine t1k t1pc t1vf
      t1sa t1spf t2dss t2bd t2fs t2fsb t2beer t2wine
      t2k t2pc t2vf t2sa t2spf t3dss t3bd t3k t3pc t3vf
      t3sa t3spf t2age t3age T1TUG t1height t1weight
      T2TUG t2height t2weight T3TUG t3height t3weight
      time1 time2r time3r time3 time2 T1HAVIR1 T1HAVIL1
      T1HAVIR2 T1HAVIL2 T2HAVIR1 T2HAVIR2 T2HAVIL1
      T2HAVIL2 T3HAVIR1x T3HAVIR2x T3HAVIL1x T3HAVIL2x
      t1hg t2hg t3hg T1APEC T1INFAR T1RAUCH Educ element
      Haupt second others Smoker Educnew heartdis;

         MISSING are ALL(-9999);
         USEVAR are  time1 time2 time3
                     p1 p2 p3
                     c1 c2 c3
                     Bage;
         TSCORES =   time1 time2 time3;

         USEOBSERVATIONS are sex EQ 0;

  Define: p1=t1tug; p2=t2tug; p3=t3tug;
          c1=t1k; c2=t2k; c3=t3k;
          Bage=t1age-70;
          Bagesq=(t1age-70)**2;



  ANALYSIS: TYPE = RANDOM;

   Estimator=MLF;

  MODEL:  ip sp | p1-p3 AT time1-time3;
          ic sc | c1-c3 AT time1-time3;


          ip sp ic sc ON Bage;

          p1-p3 ;
          c1-c3 (res_c);

          p1-p3 pwith c1-c3(res_cov);
          !Paired covariances constrained to be equal across time

  OUTPUT: sampstat;



*** WARNING
  Data set contains cases with missing on x-variables.
  These cases were not included in the analysis.
  Number of cases with missing on x-variables:  7
   1 WARNING(S) FOUND IN THE INPUT INSTRUCTIONS



M5 TUG, Knowledge, Age Conditional, Male

SUMMARY OF ANALYSIS

Number of groups                                                 1
Number of observations                                         253

Number of dependent variables                                    6
Number of independent variables                                  1
Number of continuous latent variables                            4

Observed dependent variables

  Continuous
   P1          P2          P3          C1          C2          C3

Observed independent variables
   BAGE

Continuous latent variables
   IP          SP          IC          SC

Variables with special functions

  Time scores
   TIME1       TIME2       TIME3


Estimator                                                      MLF
Information matrix                                        OBSERVED
Maximum number of iterations                                   100
Convergence criterion                                    0.100D-05
Maximum number of EM iterations                                500
Convergence criteria for the EM algorithm
  Loglikelihood change                                   0.100D-02
  Relative loglikelihood change                          0.100D-05
  Derivative                                             0.100D-03
Minimum variance                                         0.100D-03
Maximum number of steepest descent iterations                   20
Maximum number of iterations for H1                           2000
Convergence criterion for H1                             0.100D-03
Optimization algorithm                                         EMA

Input data file(s)
  C:\Users\Besitzer\Desktop\ilse 19.10.dat
Input data format  FREE


SUMMARY OF DATA

     Number of missing data patterns            11


COVARIANCE COVERAGE OF DATA

Minimum covariance coverage value   0.100


     PROPORTION OF DATA PRESENT


           Covariance Coverage
              P1            P2            P3            C1            C2
              ________      ________      ________      ________      ________
 P1             0.474
 P2             0.415         0.881
 P3             0.209         0.443         0.455
 C1             0.474         0.881         0.455         1.000
 C2             0.431         0.881         0.455         0.897         0.897
 C3             0.265         0.597         0.447         0.609         0.609
 BAGE           0.474         0.881         0.455         1.000         0.897


           Covariance Coverage
              C3            BAGE
              ________      ________
 C3             0.609
 BAGE           0.609         1.000


SAMPLE STATISTICS


     ESTIMATED SAMPLE STATISTICS


           Means
              P1            P2            P3            C1            C2
              ________      ________      ________      ________      ________
 1              5.565         5.677         7.931        17.332        17.425


           Means
              C3            BAGE
              ________      ________
 1             17.004        -7.024


           Covariances
              P1            P2            P3            C1            C2
              ________      ________      ________      ________      ________
 P1             1.564
 P2             0.483         2.340
 P3             0.847         0.204         2.563
 C1            -0.701        -0.614        -1.427        17.487
 C2            -1.096        -0.972        -1.065        14.422        17.500
 C3            -1.382        -1.360        -2.350        14.516        14.723
 BAGE           0.054        -0.052         0.050        -0.308        -0.221


           Covariances
              C3            BAGE
              ________      ________
 C3            17.830
 BAGE          -0.228         0.837


           Correlations
              P1            P2            P3            C1            C2
              ________      ________      ________      ________      ________
 P1             1.000
 P2             0.253         1.000
 P3             0.423         0.083         1.000
 C1            -0.134        -0.096        -0.213         1.000
 C2            -0.210        -0.152        -0.159         0.824         1.000
 C3            -0.262        -0.211        -0.348         0.822         0.833
 BAGE           0.047        -0.037         0.034        -0.081        -0.058


           Correlations
              C3            BAGE
              ________      ________
 C3             1.000
 BAGE          -0.059         1.000


     MAXIMUM LOG-LIKELIHOOD VALUE FOR THE UNRESTRICTED (H1) MODEL IS -2704.799


THE MODEL ESTIMATION TERMINATED NORMALLY



MODEL FIT INFORMATION

Number of Free Parameters                       23

Loglikelihood

          H0 Value                       -2391.932

Information Criteria

          Akaike (AIC)                    4829.864
          Bayesian (BIC)                  4911.132
          Sample-Size Adjusted BIC        4838.218
            (n* = (n + 2) / 24)



MODEL RESULTS

                                                    Two-Tailed
                    Estimate       S.E.  Est./S.E.    P-Value

 IP         ON
    BAGE               0.027      0.133      0.204      0.839

 SP         ON
    BAGE               0.001      0.022      0.024      0.981

 IC         ON
    BAGE              -0.342      0.311     -1.101      0.271

 SC         ON
    BAGE               0.008      0.026      0.330      0.742

 SP       WITH
    IP                -0.022      0.048     -0.463      0.643

 IC       WITH
    IP                -0.667      0.471     -1.418      0.156
    SP                -0.021      0.078     -0.270      0.787

 SC       WITH
    IP                -0.052      0.042     -1.241      0.215
    SP                 0.000      0.005     -0.032      0.974
    IC                -0.038      0.089     -0.423      0.672

 P1       WITH
    C1                -0.209      0.184     -1.134      0.257

 P2       WITH
    C2                -0.209      0.184     -1.134      0.257

 P3       WITH
    C3                -0.209      0.184     -1.134      0.257

 Intercepts
    P1                 0.000      0.000    999.000    999.000
    P2                 0.000      0.000    999.000    999.000
    P3                 0.000      0.000    999.000    999.000
    C1                 0.000      0.000    999.000    999.000
    C2                 0.000      0.000    999.000    999.000
    C3                 0.000      0.000    999.000    999.000
    IP                 5.439      0.944      5.762      0.000
    SP                 0.212      0.162      1.307      0.191
    IC                15.001      2.173      6.903      0.000
    SC                 0.033      0.185      0.180      0.858

 Residual Variances
    P1                 1.046      0.300      3.489      0.000
    P2                 2.109      0.239      8.837      0.000
    P3                 2.007      0.775      2.589      0.010
    C1                 2.809      0.215     13.072      0.000
    C2                 2.809      0.215     13.072      0.000
    C3                 2.809      0.215     13.072      0.000
    IP                 0.582      0.369      1.576      0.115
    SP                 0.003      0.010      0.334      0.738
    IC                14.580      2.088      6.982      0.000
    SC                 0.009      0.008      1.141      0.254


QUALITY OF NUMERICAL RESULTS

     Condition Number for the Information Matrix              0.614E-04
       (ratio of smallest to largest eigenvalue)


DIAGRAM INFORMATION

  Use View Diagram under the Diagram menu in the Mplus Editor to view the diagram.
  If running Mplus from the Mplus Diagrammer, the diagram opens automatically.

  Diagram output
    c:\users\besitzer\documents\github\ialsa-2015-portland\studies\ilse\unshared\tug\b1_male_age_tug

     Beginning Time:  14:58:30
        Ending Time:  14:58:36
       Elapsed Time:  00:00:06



MUTHEN & MUTHEN
3463 Stoner Ave.
Los Angeles, CA  90066

Tel: (310) 391-9971
Fax: (310) 391-8971
Web: www.StatModel.com
Support: Support@StatModel.com

Copyright (c) 1998-2013 Muthen & Muthen
