Mplus VERSION 5.1
MUTHEN & MUTHEN
03/11/2015  11:40 AM

INPUT INSTRUCTIONS

    TITLE: 3MS, Linear LGM, aeh Conditional, Female
    DATA: FILE IS e:\IALSA\IALSA_retour.dat;
    FORMAT IS FREE;
    VARIABLE: NAMES ARE sujetno
  sex
  age
  age_t2
  age_t3
  age_t4
  scolart1
  revfamt1
  reveokt1
  scodmst1
  scotmst1
  taimest1
  poimest1
  imct1
  walkf4m1
  tugt1
  leve1xt1
  leve5xt1
  tlev5xt1
  unipont1
  unipodt1
  march1t1
  march2t1
  marrapt1
  maxvd0t1
  maxvg0t1
  maxbd0t1
  maxbg0t1
  maxqd0t1
  maxqg0t1
  paset1
  exclut1
  pcst1
  mcst1
  reveokt2
  scodmst2
  scotmst2
  poimest2
  taimest2
  imct2
  tugt2
  walkf4m2
  leve1xt2
  leve5xt2
  tlev5xt2
  unipont2
  unipodt2
  march1t2
  march2t2
  marrapt2
  maxbd0t2
  maxbg0t2
  maxqd0t2
  maxqg0t2
  maxvd0t2
  maxvg0t2
  paset2
  pcst2
  mcst2
  revacct3
  revfamt3
  reveokt3
  scodmst3
  scotmst3
  poimest3
  imct3
  tugt3
  walkf4m3
  leve1xt3
  leve5xt3
  tlev5xt3
  unipont3
  unipodt3
  march1t3
  march2t3
  marrapt3
  maxbd0t3
  maxbg0t3
  maxqd0t3
  maxqg0t3
  maxvd0t3
  maxvg0t3
  paset3
  pcst3
  mcst3
  revacct4
  revfamt4
  reveokt4
  scodmst4
  scotmst4
  tugt4
  walkf4m4
  leve1xt4
  leve5xt4
  tlev5xt4
  unipont4
  unipodt4
  march1t4
  march2t4
  marrapt4
  maxbd0t4
  maxbg0t4
  maxqd0t4
  maxqg0t4
  maxvd0t4
  maxvg0t4
  paset4
  pcst4
  mcst4
  gdst1
  gdst2
  gdst3
  gdst4
  walkn4m1
  walkn4m2
  walkn4m3
  walkn4m4
  marital1
  marital2
  marital3
  marital4
  seslow
  packyears
  smokert1
  chronic1
  chronic2
  chronic3
  chronic4
  hypertt1
  hypertt2
  hypertt3
  hypertt4
  diabet1
  diabet2
  diabet3
  diabet4
  heartat1
  heartat2
  heartat3
  heartat4
  dead
  alcohot1
  alcohot2
  alcohot3
  alcohot4
  smokert2
  smokert3
  smokert4
  daydeath
  monthdeath
  yeardeath
  time1
  time2
  time3
  time4
  gript1
  gript2
  gript3
  gript4
  ;
  MISSING are ALL (-9999);

         USEVAR are  time1 time2 time3 time4
                     c1 c2 c3 c4
                     Bage Educ Height;

         TSCORES =   time1 time2 time3 time4;


  USEOBSERVATIONS are sex EQ 0; !female=0

  Define: !p1=gript1; p2=gript2; p3=gript3; p4=gript4;
         c1=scotmst1; c2=scotmst2; c3=scotmst3; c4=scotmst4;
          Bage=age-70;   !Centered at Age 70
          Bagesq=(age)**2;
          !Dage=YTDead;
          !Sex=sex;         !0=Male
           Educ=scolart1-7;   ! Centered at 7 years
         ! SEP=seslow;
          !Marstat;
          Height=taimest1-1.60; ! Centered at 1.60 meters for women
          !Weight
          !BMI
          !SmokHist=Smokert1;
          !Alcohol;
          !CompExp;
          !PhysAct;
          !BP;
          !DepSymp;
          !Cardio;
          !Diab;
          !MorbInd;

          !BageSex=Bage*Sex;
          !BageEduc=Bage*Educ;
          !SexEduc=Sex*Educ;

  ANALYSIS: TYPE = RANDOM;

  MODEL:  ic sc | c1-c4 AT time1-time4;

          ic sc ON Bage Educ Height ;

          c1-c4 (res_c);


  OUTPUT: sampstat;



*** WARNING
  Variable name contains more than 8 characters.
  Only the first 8 characters will be printed in the output.
  Variable: PACKYEARS
*** WARNING
  Variable name contains more than 8 characters.
  Only the first 8 characters will be printed in the output.
  Variable: MONTHDEATH
*** WARNING
  Variable name contains more than 8 characters.
  Only the first 8 characters will be printed in the output.
  Variable: YEARDEATH
*** WARNING
  Data set contains cases with missing on x-variables.
  These cases were not included in the analysis.
  Number of cases with missing on x-variables:  6
   4 WARNING(S) FOUND IN THE INPUT INSTRUCTIONS



3MS, Linear LGM, aeh Conditional, Female

SUMMARY OF ANALYSIS

Number of groups                                                 1
Number of observations                                         934

Number of dependent variables                                    4
Number of independent variables                                  3
Number of continuous latent variables                            2

Observed dependent variables

  Continuous
   C1          C2          C3          C4

Observed independent variables
   BAGE        EDUC        HEIGHT

Continuous latent variables
   IC          SC

Variables with special functions

  Time scores
   TIME1       TIME2       TIME3       TIME4


Estimator                                                      MLR
Information matrix                                        OBSERVED
Maximum number of iterations                                   100
Convergence criterion                                    0.100D-05
Maximum number of EM iterations                                500
Convergence criteria for the EM algorithm
  Loglikelihood change                                   0.100D-02
  Relative loglikelihood change                          0.100D-05
  Derivative                                             0.100D-03
Minimum variance                                         0.100D-03
Maximum number of steepest descent iterations                   20
Maximum number of iterations for H1                           2000
Convergence criterion for H1                             0.100D-03
Optimization algorithm                                         EMA

Input data file(s)
  e:\IALSA\IALSA_retour.dat
Input data format  FREE


SUMMARY OF DATA

     Number of missing data patterns             9


COVARIANCE COVERAGE OF DATA

Minimum covariance coverage value   0.100


     PROPORTION OF DATA PRESENT


           Covariance Coverage
              C1            C2            C3            C4            BAGE
              ________      ________      ________      ________      ________
 C1             0.999
 C2             0.862         0.863
 C3             0.852         0.820         0.853
 C4             0.792         0.764         0.782         0.793
 BAGE           0.999         0.863         0.853         0.793         1.000
 EDUC           0.999         0.863         0.853         0.793         1.000
 HEIGHT         0.999         0.863         0.853         0.793         1.000


           Covariance Coverage
              EDUC          HEIGHT
              ________      ________
 EDUC           1.000
 HEIGHT         1.000         1.000


SAMPLE STATISTICS


     ESTIMATED SAMPLE STATISTICS


           Means
              C1            C2            C3            C4            BAGE
              ________      ________      ________      ________      ________
 1             94.382        93.224        93.313        92.477         4.540


           Means
              EDUC          HEIGHT
              ________      ________
 1              4.360        -0.046


           Covariances
              C1            C2            C3            C4            BAGE
              ________      ________      ________      ________      ________
 C1            17.694
 C2            14.791        29.396
 C3            16.861        21.971        33.115
 C4            17.297        25.486        27.797        42.048
 BAGE          -4.744        -6.037        -6.894        -8.256        18.039
 EDUC           5.985         6.789         7.217         6.239        -1.254
 HEIGHT         0.040         0.059         0.044         0.047        -0.043


           Covariances
              EDUC          HEIGHT
              ________      ________
 EDUC          15.318
 HEIGHT         0.037         0.003


           Correlations
              C1            C2            C3            C4            BAGE
              ________      ________      ________      ________      ________
 C1             1.000
 C2             0.649         1.000
 C3             0.697         0.704         1.000
 C4             0.634         0.725         0.745         1.000
 BAGE          -0.266        -0.262        -0.282        -0.300         1.000
 EDUC           0.364         0.320         0.320         0.246        -0.075
 HEIGHT         0.162         0.185         0.128         0.122        -0.171


           Correlations
              EDUC          HEIGHT
              ________      ________
 EDUC           1.000
 HEIGHT         0.159         1.000


     MAXIMUM LOG-LIKELIHOOD VALUE FOR THE UNRESTRICTED (H1) MODEL IS -12985.559


THE MODEL ESTIMATION TERMINATED NORMALLY



TESTS OF MODEL FIT

Loglikelihood

          H0 Value                       -9094.077
          H0 Scaling Correction Factor       1.789
            for MLR

Information Criteria

          Number of Free Parameters             12
          Akaike (AIC)                   18212.154
          Bayesian (BIC)                 18270.228
          Sample-Size Adjusted BIC       18232.117
            (n* = (n + 2) / 24)



MODEL RESULTS

                                                    Two-Tailed
                    Estimate       S.E.  Est./S.E.    P-Value

 IC         ON
    BAGE              -0.222      0.030     -7.352      0.000
    EDUC               0.378      0.034     11.282      0.000
    HEIGHT             6.579      2.002      3.287      0.001

 SC         ON
    BAGE              -0.065      0.014     -4.576      0.000
    EDUC               0.006      0.015      0.378      0.706
    HEIGHT            -0.650      1.061     -0.612      0.540

 SC       WITH
    IC                 2.163      0.376      5.752      0.000

 Intercepts
    C1                 0.000      0.000    999.000    999.000
    C2                 0.000      0.000    999.000    999.000
    C3                 0.000      0.000    999.000    999.000
    C4                 0.000      0.000    999.000    999.000
    IC                93.882      0.257    365.001      0.000
    SC                -0.328      0.120     -2.729      0.006

 Residual Variances
    C1                 8.557      0.409     20.909      0.000
    C2                 8.557      0.409     20.909      0.000
    C3                 8.557      0.409     20.909      0.000
    C4                 8.557      0.409     20.909      0.000
    IC                 7.789      0.741     10.514      0.000
    SC                 0.756      0.333      2.267      0.023


QUALITY OF NUMERICAL RESULTS

     Condition Number for the Information Matrix              0.680E-05
       (ratio of smallest to largest eigenvalue)


     Beginning Time:  11:40:44
        Ending Time:  11:40:50
       Elapsed Time:  00:00:06



MUTHEN & MUTHEN
3463 Stoner Ave.
Los Angeles, CA  90066

Tel: (310) 391-9971
Fax: (310) 391-8971
Web: www.StatModel.com
Support: Support@StatModel.com

Copyright (c) 1998-2008 Muthen & Muthen
