Mplus VERSION 7.3
MUTHEN & MUTHEN
09/15/2015  11:30 AM

INPUT INSTRUCTIONS

  TITLE:
   B1, digit symbol, Gait, ,age, Fully Conditional, male

  DATA:
    File = C:\Users\Andrea Zammit\Desktop\EASMaster.csv;
  VARIABLE:
   Names are
          SubjectID Sex Ethnic Caus DemEver Bagesq deathage DEMO23 Educyrs Status
          Wave_1 Wave_2 Wave_3 Wave_4 Wave_5 Wave_6 Wave_7 Wave_8 Wave_9 Wave_10
          AgeAtWaveOne AgeAtWave_2 AgeAtWave_3 AgeAtWave_4 AgeAtWave_5 AgeAtWave_6
          AgeAtWave_7
          AgeAtWave_8 AgeAtWave_9 AgeAtWave_10
          YrsSinceBaseline_1 YrsSinceBaseline_2 YrsSinceBaseline_3 YrsSinceBaseline_4
          YrsSinceBaseline_5 YrsSinceBaseline_6 YrsSinceBaseline_7 YrsSinceBaseline_8
          YrsSinceBaseline_9 YrsSinceBaseline_10
          Blessd_1 Blessd_2 Blessd_3 Blessd_4 Blessd_5 Blessd_6 Blessd_7
          Blessd_8 Blessd_9 Blessd_10
          MMS_1 MMS_2 MMS_3 MMS_4 MMS_5 MMS_6 MMS_7 MMS_8 MMS_9 MMS_10
          GDSScore_1 GDSScore_2 GDSScore_3 GDSScore_4 GDSScore_5 GDSScore_6 GDSScore_7
          GDSScore_8 GDSScore_9 GDSScore_10
          FreeRecall_1 FreeRecall_2 FreeRecall_3 FreeRecall_4 FreeRecall_5
          FreeRecall_6 FreeRecall_7 FreeRecall_8 FreeRecall_9 FreeRecall_10
          TotRecall_1 TotRecall_2 TotRecall_3 TotRecall_4 TotRecall_5 TotRecall_6
          TotRecall_7
          TotRecall_8 TotRecall_9 TotRecall_10
          DelFreeRecall_1 DelFreeRecall_2 DelFreeRecall_3 DelFreeRecall_4 DelFreeRecall_5
          DelFreeRecall_6 DelFreeRecall_7 DelFreeRecall_8 DelFreeRecall_9 DelFreeRecall_10
          DelTotRecall_1 DelTotRecall_2 DelTotRecall_3 DelTotRecall_4 DelTotRecall_5
          DelTotRecall_6 DelTotRecall_7 DelTotRecall_8 DelTotRecall_9 DelTotRecall_10
          BostonFree_1 BostonFree_2 BostonFree_3 BostonFree_4 BostonFree_5
          BostonFree_6 BostonFree_7 BostonFree_8 BostonFree_9 BostonFree_10
          Infraw_1 Infraw_2 Infraw_3 Infraw_4 Infraw_5 Infraw_6 Infraw_7
          Infraw_8 Infraw_9 Infraw_10
          Vocraw_1 Vocraw_2 Vocraw_3 Vocraw_4 Vocraw_5 Vocraw_6 Vocraw_7
          Vocraw_8 Vocraw_9 Vocraw_10
          Spnraw_1 Spnraw_2 Spnraw_3 Spnraw_4 Spnraw_5 Spnraw_6 Spnraw_7
          Spnraw_8 Spnraw_9 Spnraw_10
          DSpnAgeScaledScore_1 DSpnAgeScaledScore_2 DSpnAgeScaledScore_3
          DSpnAgeScaledScore_4 DSpnAgeScaledScore_5 DSpnAgeScaledScore_6
          DSpnAgeScaledScore_7 DSpnAgeScaledScore_8 DSpnAgeScaledScore_9
          DSpnAgeScaledScore_10
          Symraw_1 Symraw_2 Symraw_3 Symraw_4 Symraw_5 Symraw_6
          Symraw_7 Symraw_8 Symraw_9 Symraw_10
          Blockraw_1 Blockraw_2 Blockraw_3 Blockraw_4 Blockraw_5 Blockraw_6
          Blockraw_7 Blockraw_8 Blockraw_9 Blockraw_10
          FAS_1 FAS_2 FAS_3 FAS_4 FAS_5 FAS_6 FAS_7 FAS_8 FAS_9 FAS_10
          CAT_1 CAT_2 CAT_3 CAT_4
          CAT_5 CAT_6 CAT_7 CAT_8 CAT_9 CAT_10
          Grade_1 Grade_2 Grade_3 Grade_4 Grade_5 Grade_6 Grade_7 Grade_8 Grade_9 Grade_10
          LM_1 LM_2 LM_3 LM_4 LM_5 LM_6 LM_7 LM_8 LM_9 LM_10
          CFCopy_1 CFCopy_2 CFCopy_3 CFCopy_4 CFCopy_5 CFCopy_6 CFCopy_7
          CFCopy_8 CFCopy_9 CFCopy_10
          CFRecall_1 CFRecall_2 CFRecall_3 CFRecall_4 CFRecall_5 CFRecall_6 CFRecall_7
          CFRecall_8 CFRecall_9 CFRecall_10
          TrA1_1 TrA1_2 TrA1_3 TrA1_4 TrA1_5 TrA1_6 TrA1_7 TrA1_8 TrA1_9 TrA1_10
          TrlAZScore_1 TrlAZScore_2 TrlAZScore_3 TrlAZScore_4 TrlAZScore_5
          TrlAZScore_6 TrlAZScore_7 TrlAZScore_8 TrlAZScore_9 TrlAZScore_10
          TMTARate_1 TMTARate_2 TMTARate_3 TMTARate_4 TMTARate_5 TMTARate_6 TMTARate_7
          TMTARate_8 TMTARate_9 TMTARate_10
          TrA2_1 TrA2_2 TrA2_3 TrA2_4 TrA2_5 TrA2_6 TrA2_7 TrA2_8 TrA2_9 TrA2_10
          TrB1_1 TrB1_2 TrB1_3 TrB1_4 TrB1_5 TrB1_6 TrB1_7 TrB1_8 TrB1_9 TrB1_10
          TrlBZScore_1 TrlBZScore_2 TrlBZScore_3 TrlBZScore_4 TrlBZScore_5
          TrlBZScore_6 TrlBZScore_7 TrlBZScore_8 TrlBZScore_9 TrlBZScore_10
          TMTBRate_1 TMTBRate_2 TMTBRate_3 TMTBRate_4 TMTBRate_5 TMTBRate_6 TMTBRate_7
          TMTBRate_8 TMTBRate_9 TMTBRate_10
          TrB2_1 TrB2_2 TrB2_3 TrB2_4 TrB2_5 TrB2_6
          TrB2_7 TrB2_8 TrB2_9 TrB2_10
          EpisodicMemory2FreeCatLM_1 EpisodicMemory2FreeCatLM_2
          EpisodicMemory2FreeCatLM_3
          EpisodicMemory2FreeCatLM_4 EpisodicMemory2FreeCatLM_5
          EpisodicMemory2FreeCatLM_6 EpisodicMemory2FreeCatLM_7
          EpisodicMemory2FreeCatLM_8 EpisodicMemory2FreeCatLM_9
          EpisodicMemory2FreeCatLM_10
          FrontalExecFunc_1 FrontalExecFunc_2 FrontalExecFunc_3 FrontalExecFunc_4
          FrontalExecFunc_5 FrontalExecFunc_6 FrontalExecFunc_7 FrontalExecFunc_8
          FrontalExecFunc_9 FrontalExecFunc_10
          Language2BostVoc_1 Language2BostVoc_2
          Language2BostVoc_3 Language2BostVoc_4 Language2BostVoc_5
          Language2BostVoc_6 Language2BostVoc_7 Language2BostVoc_8
          Language2BostVoc_9 Language2BostVoc_10
          DysExec_1 DysExec_2 DysExec_3 DysExec_4 DysExec_5 DysExec_6 DysExec_7
          DysExec_8 DysExec_9 DysExec_10
          aMCI1_1 aMCI1_2 aMCI1_3 aMCI1_4 aMCI1_5 aMCI1_6 aMCI1_7 aMCI1_8 aMCI1_9 aMCI1_10
          naMCI1_1 naMCI1_2 naMCI1_3 naMCI1_4 naMCI1_5 naMCI1_6 naMCI1_7
          naMCI1_8 naMCI1_9 naMCI1_10
          CumulMI_1 CumulMI_2 CumulMI_3 CumulMI_4
          CumulMI_5 CumulMI_6 CumulMI_7 CumulMI_8 CumulMI_9 CumulMI_10
          CumulStroke_1 CumulStroke_2 CumulStroke_3 CumulStroke_4 CumulStroke_5
          CumulStroke_6 CumulStroke_7 CumulStroke_8 CumulStroke_9 CumulStroke_10
          CumulDiab_1 CumulDiab_2 CumulDiab_3 CumulDiab_4 CumulDiab_5 CumulDiab_6
          CumulDiab_7 CumulDiab_8 CumulDiab_9 CumulDiab_10
          DMever
          CumulHyper_1 CumulHyper_2 CumulHyper_3 CumulHyper_4 CumulHyper_5
          CumulHyper_6 CumulHyper_7 CumulHyper_8 CumulHyper_9 CumulHyper_10
          CumulAngina_1 CumulAngina_2 CumulAngina_3 CumulAngina_4 CumulAngina_5
          CumulAngina_6 CumulAngina_7 CumulAngina_8 CumulAngina_9 CumulAngina_10
          CumulHrtFail_1 CumulHrtFail_2 CumulHrtFail_3 CumulHrtFail_4 CumulHrtFail_5
          CumulHrtFail_6 CumulHrtFail_7 CumulHrtFail_8 CumulHrtFail_9 CumulHrtFail_10
          CumulPD_1 CumulPD_2 CumulPD_3 CumulPD_4 CumulPD_5 CumulPD_6 CumulPD_7
          CumulPD_8 CumulPD_9 CumulPD_10
          CumulDep_1 CumulDep_2 CumulDep_3 CumulDep_4
          CumulDep_5 CumulDep_6 CumulDep_7 CumulDep_8 CumulDep_9 CumulDep_10
          CumulAnemia_1 CumulAnemia_2 CumulAnemia_3 CumulAnemia_4 CumulAnemia_5
          CumulAnemia_6 CumulAnemia_7 CumulAnemia_8 CumulAnemia_9 CumulAnemia_10
          CVIndexArWave_1 CVIndexArWave_2 CVIndexArWave_3 CVIndexArWave_4 CVIndexArWave_5
          CVIndexArWave_6 CVIndexArWave_7 CVIndexArWave_8 CVIndexArWave_9 CVIndexArWave_10
          CVIndexCumul_1 CVIndexCumul_2 CVIndexCumul_3 CVIndexCumul_4 CVIndexCumul_5
          CVIndexCumul_6 CVIndexCumul_7 CVIndexCumul_8 CVIndexCumul_9 CVIndexCumul_10
          BloodPres1stSys_1 BloodPres1stSys_2 BloodPres1stSys_3 BloodPres1stSys_4
          BloodPres1stSys_5 BloodPres1stSys_6 BloodPres1stSys_7 BloodPres1stSys_8
          BloodPres1stSys_9 BloodPres1stSys_10
          BloodPres1stDia_1 BloodPres1stDia_2 BloodPres1stDia_3 BloodPres1stDia_4
          BloodPres1stDia_5 BloodPres1stDia_6 BloodPres1stDia_7 BloodPres1stDia_8
          BloodPres1stDia_9 BloodPres1stDia_10
          Ht_1 Ht_2 Ht_3 Ht_4 Ht_5 Ht_6 Ht_7 Ht_8 Ht_9 Ht_10
          Wt_1 Wt_2 Wt_3 Wt_4 Wt_5 Wt_6 Wt_7 Wt_8 Wt_9 Wt_10
          BMI_1 BMI_2 BMI_3 BMI_4 BMI_5 BMI_6 BMI_7 BMI_8 BMI_9 BMI_10
          Waist_1 Waist_2 Waist_3 Waist_4 Waist_5 Waist_6 Waist_7 Waist_8 Waist_9 Waist_10
          Hip_1 Hip_2 Hip_3 Hip_4 Hip_5 Hip_6 Hip_7 Hip_8 Hip_9 Hip_10
          Velocity_1 Velocity_2 Velocity_3 Velocity_4 Velocity_5 Velocity_6 Velocity_7
          Velocity_8 Velocity_9 Velocity_10
          ChairRaiseTime_1 ChairRaiseTime_2 ChairRaiseTime_3 ChairRaiseTime_4
          ChairRaiseTime_5 ChairRaiseTime_6 ChairRaiseTime_7 ChairRaiseTime_8
          ChairRaiseTime_9 ChairRaiseTime_10
          FlamingoStandTime_1 FlamingoStandTime_2 FlamingoStandTime_3 FlamingoStandTime_4
          FlamingoStandTime_5 FlamingoStandTime_6 FlamingoStandTime_7 FlamingoStandTime_8
          FlamingoStandTime_9 FlamingoStandTime_10
          MaxEff_1 MaxEff_2 MaxEff_3 MaxEff_4 MaxEff_5 MaxEff_6 MaxEff_7
          MaxEff_8 MaxEff_9 MaxEff_10
          PeakFlowBestOf3_1 PeakFlowBestOf3_2 PeakFlowBestOf3_3 PeakFlowBestOf3_4
          PeakFlowBestOf3_5 PeakFlowBestOf3_6 PeakFlowBestOf3_7 PeakFlowBestOf3_8
          PeakFlowBestOf3_9 PeakFlowBestOf3_10
          UPDRS15_1 UPDRS15_2 UPDRS15_3 UPDRS15_4 UPDRS15_5 UPDRS15_6 UPDRS15_7
          UPDRS15_8 UPDRS15_9 UPDRS15_10
          UPDRS27_1 UPDRS27_2 UPDRS27_3 UPDRS27_4 UPDRS27_5 UPDRS27_6 UPDRS27_7
          UPDRS27_8 UPDRS27_9 UPDRS27_10
          UPDRS28_1 UPDRS28_2 UPDRS28_3 UPDRS28_4
          UPDRS28_5 UPDRS28_6 UPDRS28_7 UPDRS28_8 UPDRS28_9 UPDRS28_10
          UPDRS29_1 UPDRS29_2 UPDRS29_3 UPDRS29_4 UPDRS29_5 UPDRS29_6 UPDRS29_7
          UPDRS29_8 UPDRS29_9 UPDRS29_10
          EMail_1 EMail_2 EMail_3 EMail_4 EMail_5 EMail_6 EMail_7 EMail_8 EMail_9 EMail_10
          Aerobic_1 Aerobic_2 Aerobic_3 Aerobic_4 Aerobic_5 Aerobic_6 Aerobic_7
          Aerobic_8 Aerobic_9 Aerobic_10
          HrsFor2WeekLight_1 HrsFor2WeekLight_2 HrsFor2WeekLight_3 HrsFor2WeekLight_4
          HrsFor2WeekLight_5 HrsFor2WeekLight_6 HrsFor2WeekLight_7 HrsFor2WeekLight_8
          HrsFor2WeekLight_9 HrsFor2WeekLight_10
          HrsFor2WeekMedium_1 HrsFor2WeekMedium_2 HrsFor2WeekMedium_3 HrsFor2WeekMedium_4
          HrsFor2WeekMedium_5 HrsFor2WeekMedium_6 HrsFor2WeekMedium_7 HrsFor2WeekMedium_8
          HrsFor2WeekMedium_9 HrsFor2WeekMedium_10
          HrsFor2WeekHeavy_1 HrsFor2WeekHeavy_2 HrsFor2WeekHeavy_3 HrsFor2WeekHeavy_4
          HrsFor2WeekHeavy_5 HrsFor2WeekHeavy_6 HrsFor2WeekHeavy_7 HrsFor2WeekHeavy_8
          HrsFor2WeekHeavy_9 HrsFor2WeekHeavy_10
          DaysPerWeekLight_1 DaysPerWeekLight_2 DaysPerWeekLight_3 DaysPerWeekLight_4
          DaysPerWeekLight_5 DaysPerWeekLight_6 DaysPerWeekLight_7 DaysPerWeekLight_8
          DaysPerWeekLight_9 DaysPerWeekLight_10
          DaysPerWeekMedium_1 DaysPerWeekMedium_2 DaysPerWeekMedium_3 DaysPerWeekMedium_4
          DaysPerWeekMedium_5
          DaysPerWeekMedium_6 DaysPerWeekMedium_7 DaysPerWeekMedium_8 DaysPerWeekMedium_9
          DaysPerWeekMedium_10
          DaysPerWeekHeavy_1 DaysPerWeekHeavy_2 DaysPerWeekHeavy_3 DaysPerWeekHeavy_4
          DaysPerWeekHeavy_5 DaysPerWeekHeavy_6 DaysPerWeekHeavy_7 DaysPerWeekHeavy_8
          DaysPerWeekHeavy_9 DaysPerWeekHeavy_10
          CigsPerDay_1 CigsPerDay_2 CigsPerDay_3
          CigsPerDay_4 CigsPerDay_5 CigsPerDay_6 CigsPerDay_7 CigsPerDay_8
          CigsPerDay_9 CigsPerDay_10
          SmokNow_1 SmokNow_2 SmokNow_3 SmokNow_4
          SmokNow_5 SmokNow_6 SmokNow_7 SmokNow_8 SmokNow_9 SmokNow_10
          SmokEver_1 SmokEver_2 SmokEver_3 SmokEver_4 SmokEver_5 SmokEver_6 SmokEver_7
          SmokEver_8 SmokEver_9 SmokEver_10
          SmokNumYrs_1 SmokNumYrs_2 SmokNumYrs_3 SmokNumYrs_4 SmokNumYrs_5
          SmokNumYrs_6 SmokNumYrs_7 SmokNumYrs_8 SmokNumYrs_9 SmokNumYrs_10
          DrinksPerMonth_1 DrinksPerMonth_2 DrinksPerMonth_3 DrinksPerMonth_4
          DrinksPerMonth_5 DrinksPerMonth_6 DrinksPerMonth_7 DrinksPerMonth_8
          DrinksPerMonth_9 DrinksPerMonth_10
          Glucose_1 Glucose_2 Glucose_3 Glucose_4 Glucose_5 Glucose_6 Glucose_7
          Glucose_8 Glucose_9 Glucose_10
          chronicpi1 chronicpi2 chronicpi3 chronicpi4 chronicpi5 chronicpi6 chronicpi7
          chronicpi8 chronicpi9 chronicpi10
          Pdever
          Cvd cisum;
        MISSING = ALL(-9999);
               USEVAR are time1 time2 time3 time4 time5 time6 time7 time8 !time9
                          p1 p2 p3 p4 p5 p6 p7 p8 !p9
                         c1 c2 c3 c4 c5 c6 c7 c8 !c9
                         Bage; !educ; !height; !Diab SmokHist Cardio; !DepSymp;
               TSCORES =   time1 time2 time3 time4 time5 time6 time7 time8; !time9;
              USEOBSERVATIONS are DemEver EQ 0 and sex EQ 0;
  DEFINE:

  p1=Velocity_1; p2=Velocity_2; p3=Velocity_3; p4=Velocity_4; p5=Velocity_5;
  p6=Velocity_6; p7=Velocity_7; p8=Velocity_8;
  c1=Symraw_1; c2=Symraw_2; c3=Symraw_3; c4=Symraw_4; c5=Symraw_5;
  c6=Symraw_6; c7=Symraw_7; c8=Symraw_8;
                Bage=AgeAtWaveOne-70;
                Bagesq=(AgeatWaveOne-70)**2;
                Dage=deathage;
                Educ=Educyrs-7;
                SEP=DEMO23;
                time1=wave_1;
                time2=wave_2;
                time3=wave_3;
                time4=wave_4;
                time5=wave_5;
                time6=wave_6;
                time7=wave_7;
                time8=wave_8;
                time9=wave_9;
                time10=wave_10;
               Height=Ht_1-160;
                SmokHist=SmokEver_1;
                DepSymp = GDSScore_1;
                Cardio = cvd;
                Diab=DMever;
                AgeAtWave_1Educyrs=Bage*Educ;
  ANALYSIS:
   TYPE = RANDOM;
         ESTIMATOR=MLF;
         miterations=1000;
     h1convergence = 0.00001;
         COVERAGE = .001;
  OUTPUT:
   sampstat
  MODEL:
       ip sp | p1-p8 AT time1-time8;
       ic sc  | c1 - c8 AT time1-time8;
       ip(v_ip);
       sp(v_sp);
       ic(v_ic);
       sc(v_sc);
       ip WITH sp(c_ipsp);
       ip WITH ic(c_ipic);
       ip WITH sc (c_ipsc);
       sp WITH ic (c_spic);
       sp WITH sc (c_spsc);
       ic WITH SC (C_ICSC);

       ip sp  ic sc  ON Bage; !educ; !height; !smokhist cardio diab; !DepSymp;
        c1-c8 (res_c);
         p1-p8 (res_p);
          p1-p8 pwith c1-c8(res_cov);

    MODEL CONSTRAINT:

            NEW r_ipic; !assigns labels to new parameters;
            NEW r_spsc;
            NEW r_res_pc;

            r_ipic = c_ipic/((v_ip**0.5)*(v_ic**0.5));
            r_spsc = c_spsc/((v_sp**0.5)*(v_sc**0.5));
            r_res_pc = res_cov/((res_p**0.5)*(res_c**0.5));

    OUTPUT: sampstat Cinterval;





*** WARNING
  Data set contains cases with missing on all variables except
  x-variables.  These cases were not included in the analysis.
  Number of cases with missing on all variables except x-variables:  7
   1 WARNING(S) FOUND IN THE INPUT INSTRUCTIONS




B1, digit symbol, Gait, ,age, Fully Conditional, male

SUMMARY OF ANALYSIS

Number of groups                                                 1
Number of observations                                         377

Number of dependent variables                                   16
Number of independent variables                                  1
Number of continuous latent variables                            4

Observed dependent variables

  Continuous
   P1          P2          P3          P4          P5          P6
   P7          P8          C1          C2          C3          C4
   C5          C6          C7          C8

Observed independent variables
   BAGE

Continuous latent variables
   IP          SP          IC          SC

Variables with special functions

  Time scores
   TIME1       TIME2       TIME3       TIME4       TIME5       TIME6
   TIME7       TIME8


Estimator                                                      MLF
Information matrix                                        OBSERVED
Maximum number of iterations                                   100
Convergence criterion                                    0.100D-05
Maximum number of EM iterations                               1000
Convergence criteria for the EM algorithm
  Loglikelihood change                                   0.100D-02
  Relative loglikelihood change                          0.100D-05
  Derivative                                             0.100D-03
Minimum variance                                         0.100D-03
Maximum number of steepest descent iterations                   20
Maximum number of iterations for H1                           2000
Convergence criterion for H1                             0.100D-04
Optimization algorithm                                         EMA

Input data file(s)
  C:\Users\Andrea Zammit\Desktop\EASMaster.csv
Input data format  FREE


SUMMARY OF DATA

     Number of missing data patterns            87


COVARIANCE COVERAGE OF DATA

Minimum covariance coverage value   0.001


     PROPORTION OF DATA PRESENT


           Covariance Coverage
              P1            P2            P3            P4            P5
              ________      ________      ________      ________      ________
 P1             0.310
 P2             0.199         0.265
 P3             0.143         0.156         0.212
 P4             0.127         0.133         0.135         0.183
 P5             0.072         0.082         0.093         0.109         0.122
 P6             0.066         0.066         0.066         0.080         0.072
 P7             0.040         0.045         0.037         0.042         0.045
 P8             0.019         0.019         0.024         0.024         0.027
 C1             0.308         0.260         0.210         0.180         0.122
 C2             0.308         0.260         0.210         0.183         0.122
 C3             0.233         0.260         0.210         0.183         0.122
 C4             0.188         0.202         0.210         0.180         0.122
 C5             0.162         0.170         0.172         0.180         0.122
 C6             0.117         0.125         0.122         0.143         0.119
 C7             0.090         0.090         0.085         0.106         0.093
 C8             0.058         0.061         0.056         0.064         0.061
 BAGE           0.310         0.265         0.212         0.183         0.122


           Covariance Coverage
              P6            P7            P8            C1            C2
              ________      ________      ________      ________      ________
 P6             0.098
 P7             0.048         0.056
 P8             0.027         0.027         0.029
 C1             0.098         0.056         0.029         0.992
 C2             0.098         0.056         0.029         0.570         0.578
 C3             0.098         0.056         0.029         0.398         0.398
 C4             0.098         0.056         0.029         0.305         0.305
 C5             0.098         0.056         0.029         0.252         0.249
 C6             0.090         0.056         0.029         0.188         0.188
 C7             0.095         0.056         0.029         0.135         0.135
 C8             0.058         0.056         0.029         0.080         0.080
 BAGE           0.098         0.056         0.029         0.992         0.578


           Covariance Coverage
              C3            C4            C5            C6            C7
              ________      ________      ________      ________      ________
 C3             0.403
 C4             0.305         0.308
 C5             0.249         0.252         0.252
 C6             0.188         0.188         0.188         0.188
 C7             0.135         0.135         0.135         0.130         0.135
 C8             0.080         0.080         0.080         0.080         0.080
 BAGE           0.403         0.308         0.252         0.188         0.135


           Covariance Coverage
              C8            BAGE
              ________      ________
 C8             0.080
 BAGE           0.080         1.000


SAMPLE STATISTICS


     ESTIMATED SAMPLE STATISTICS


           Means
              P1            P2            P3            P4            P5
              ________      ________      ________      ________      ________
 1             93.739        94.151        89.826        85.182        82.261


           Means
              P6            P7            P8            C1            C2
              ________      ________      ________      ________      ________
 1             82.366        72.933        88.924        36.469        36.715


           Means
              C3            C4            C5            C6            C7
              ________      ________      ________      ________      ________
 1             37.544        38.738        37.946        35.653        35.397


           Means
              C8            BAGE
              ________      ________
 1             36.391         8.561


           Covariances
              P1            P2            P3            P4            P5
              ________      ________      ________      ________      ________
 P1           521.974
 P2           397.341       466.381
 P3           433.038       412.024       495.270
 P4           466.934       401.692       480.476       616.579
 P5           441.360       418.757       495.327       513.199       600.503
 P6           453.261       421.228       488.689       497.884       565.973
 P7           478.786       473.818       456.613       529.246       487.848
 P8           380.982       344.995       373.786       370.100       363.782
 C1           121.846       116.708        99.839       115.687        90.040
 C2           135.407       117.367       126.539       133.017       129.359
 C3           160.250       158.740       160.582       180.699       177.149
 C4           150.017       142.927       140.732       170.908       143.965
 C5           121.744       144.025       124.098       159.635       137.627
 C6           150.780       158.718       158.733       196.044       157.821
 C7           143.021       182.697       159.500       205.667       161.414
 C8            85.817       140.456       132.192       147.300       128.227
 BAGE         -39.957       -29.930       -42.078       -54.096       -45.731


           Covariances
              P6            P7            P8            C1            C2
              ________      ________      ________      ________      ________
 P6           659.474
 P7           506.301       670.738
 P8           391.806       501.092       601.993
 C1           126.769        72.747        10.359       165.074
 C2           159.520        79.251         9.277       157.398       194.810
 C3           185.755       110.264        12.416       158.431       183.173
 C4           166.225        84.780        -3.989       146.632       165.062
 C5           123.000       106.855       -54.067       130.003       147.719
 C6           171.432       140.109         6.076       147.163       168.126
 C7           177.033       164.756        29.347       128.853       143.982
 C8           146.241        74.656        -5.859       119.148       134.558
 BAGE         -53.622       -15.741       -12.232        -8.400       -15.685


           Covariances
              C3            C4            C5            C6            C7
              ________      ________      ________      ________      ________
 C3           235.966
 C4           185.699       197.542
 C5           169.794       157.477       179.496
 C6           190.156       181.130       182.959       232.380
 C7           164.788       151.497       158.526       185.481       188.872
 C8           149.604       160.967       144.470       183.150       154.858
 BAGE         -13.989       -17.933       -13.579       -18.268       -14.744


           Covariances
              C8            BAGE
              ________      ________
 C8           181.787
 BAGE         -24.876        28.822


           Correlations
              P1            P2            P3            P4            P5
              ________      ________      ________      ________      ________
 P1             1.000
 P2             0.805         1.000
 P3             0.852         0.857         1.000
 P4             0.823         0.749         0.869         1.000
 P5             0.788         0.791         0.908         0.843         1.000
 P6             0.773         0.760         0.855         0.781         0.899
 P7             0.809         0.847         0.792         0.823         0.769
 P8             0.680         0.651         0.685         0.607         0.605
 C1             0.415         0.421         0.349         0.363         0.286
 C2             0.425         0.389         0.407         0.384         0.378
 C3             0.457         0.479         0.470         0.474         0.471
 C4             0.467         0.471         0.450         0.490         0.418
 C5             0.398         0.498         0.416         0.480         0.419
 C6             0.433         0.482         0.468         0.518         0.422
 C7             0.456         0.616         0.522         0.603         0.479
 C8             0.279         0.482         0.441         0.440         0.388
 BAGE          -0.326        -0.258        -0.352        -0.406        -0.348


           Correlations
              P6            P7            P8            C1            C2
              ________      ________      ________      ________      ________
 P6             1.000
 P7             0.761         1.000
 P8             0.622         0.789         1.000
 C1             0.384         0.219         0.033         1.000
 C2             0.445         0.219         0.027         0.878         1.000
 C3             0.471         0.277         0.033         0.803         0.854
 C4             0.461         0.233        -0.012         0.812         0.841
 C5             0.358         0.308        -0.164         0.755         0.790
 C6             0.438         0.355         0.016         0.751         0.790
 C7             0.502         0.463         0.087         0.730         0.751
 C8             0.422         0.214        -0.018         0.688         0.715
 BAGE          -0.389        -0.113        -0.093        -0.122        -0.209


           Correlations
              C3            C4            C5            C6            C7
              ________      ________      ________      ________      ________
 C3             1.000
 C4             0.860         1.000
 C5             0.825         0.836         1.000
 C6             0.812         0.845         0.896         1.000
 C7             0.781         0.784         0.861         0.885         1.000
 C8             0.722         0.849         0.800         0.891         0.836
 BAGE          -0.170        -0.238        -0.189        -0.223        -0.200


           Correlations
              C8            BAGE
              ________      ________
 C8             1.000
 BAGE          -0.344         1.000


     MAXIMUM LOG-LIKELIHOOD VALUE FOR THE UNRESTRICTED (H1) MODEL IS -6785.826


UNIVARIATE HIGHER-ORDER MOMENT DESCRIPTIVE STATISTICS


     UNIVARIATE HIGHER-ORDER MOMENT DESCRIPTIVE STATISTICS

         Variable/         Mean/     Skewness/   Minimum/ % with                Percentiles
        Sample Size      Variance    Kurtosis    Maximum  Min/Max      20%/60%    40%/80%    Median

     P1                   99.379      -0.412      25.200    0.85%      80.200     95.800     99.800
             117.000     470.675       0.262     148.000    0.85%     109.700    117.700
     P2                  100.426      -0.104      51.500    1.00%      86.000     97.300    100.500
             100.000     345.744       0.039     148.700    1.00%     105.700    113.500
     P3                   97.146       0.057      48.000    1.25%      78.900     87.900     94.950
              80.000     413.369      -0.559     139.900    1.25%     101.500    116.400
     P4                   92.171      -0.027      42.600    1.45%      73.800     83.000     91.500
              69.000     483.393      -0.424     150.100    1.45%      99.000    111.800
     P5                   92.620      -0.548      41.000    2.17%      69.000     88.900     95.950
              46.000     565.848      -0.437     134.500    2.17%     101.600    112.100
     P6                   90.757      -0.402      43.100    2.70%      68.300     83.700     93.800
              37.000     490.986      -0.784     123.100    2.70%     100.300    110.700
     P7                   92.629      -0.460      38.900    4.76%      79.300     86.600     93.800
              21.000     408.053       0.689     126.700    4.76%      96.700    103.900
     P8                   96.818      -0.918      48.300    9.09%      76.600     92.900    104.000
              11.000     417.127       0.558     128.100    9.09%     105.000    108.800
     C1                   36.575       0.263       0.000    0.27%      25.000     33.000     35.000
             374.000     163.790       0.059      83.000    0.27%      39.000     47.000
     C2                   38.844       0.221       0.000    0.46%      28.000     36.000     38.000
             218.000     181.178       0.259      86.000    0.46%      41.000     51.000
     C3                   41.914       0.060       4.000    0.66%      32.000     39.000     41.500
             152.000     197.539       0.462      84.000    0.66%      45.000     53.000
     C4                   43.267       0.221      13.000    0.86%      33.000     39.000     43.000
             116.000     160.610       0.099      80.000    0.86%      46.000     55.000
     C5                   42.474       0.143      17.000    2.11%      33.000     39.000     40.000
              95.000     149.112      -0.081      80.000    1.05%      46.000     53.000
     C6                   41.915      -0.128       3.000    1.41%      31.000     39.000     42.000
              71.000     160.472       0.342      72.000    1.41%      43.000     53.000
     C7                   43.039       0.373      23.000    3.92%      33.000     38.000     42.000
              51.000     127.175      -0.381      71.000    1.96%      45.000     53.000
     C8                   44.167       0.003      22.000    3.33%      37.000     40.000     42.500
              30.000      86.672      -0.401      62.000    3.33%      44.000     51.000
     BAGE                  8.561       0.482      -2.838    0.27%       3.248      6.903      8.198
             377.000      28.822      -0.185      28.470    0.27%       9.368     12.828


THE MODEL ESTIMATION TERMINATED NORMALLY



MODEL FIT INFORMATION

Number of Free Parameters                       21

Loglikelihood

          H0 Value                       -5881.781

Information Criteria

          Akaike (AIC)                   11805.563
          Bayesian (BIC)                 11888.140
          Sample-Size Adjusted BIC       11821.512
            (n* = (n + 2) / 24)



MODEL RESULTS

                                                    Two-Tailed
                    Estimate       S.E.  Est./S.E.    P-Value

 IP         ON
    BAGE              -1.022      0.350     -2.915      0.004

 SP         ON
    BAGE              -0.115      0.082     -1.402      0.161

 IC         ON
    BAGE              -0.288      0.138     -2.080      0.038

 SC         ON
    BAGE              -0.062      0.037     -1.660      0.097

 IP       WITH
    SP                 5.894     10.288      0.573      0.567
    IC               107.000     25.800      4.147      0.000
    SC                 2.100      4.469      0.470      0.639

 SP       WITH
    IC                -1.943      6.939     -0.280      0.779
    SC                 0.563      0.790      0.713      0.476

 IC       WITH
    SC                -3.035      2.468     -1.230      0.219

 P1       WITH
    C1                 1.939      2.765      0.701      0.483

 P2       WITH
    C2                 1.939      2.765      0.701      0.483

 P3       WITH
    C3                 1.939      2.765      0.701      0.483

 P4       WITH
    C4                 1.939      2.765      0.701      0.483

 P5       WITH
    C5                 1.939      2.765      0.701      0.483

 P6       WITH
    C6                 1.939      2.765      0.701      0.483

 P7       WITH
    C7                 1.939      2.765      0.701      0.483

 P8       WITH
    C8                 1.939      2.765      0.701      0.483

 Intercepts
    P1                 0.000      0.000    999.000    999.000
    P2                 0.000      0.000    999.000    999.000
    P3                 0.000      0.000    999.000    999.000
    P4                 0.000      0.000    999.000    999.000
    P5                 0.000      0.000    999.000    999.000
    P6                 0.000      0.000    999.000    999.000
    P7                 0.000      0.000    999.000    999.000
    P8                 0.000      0.000    999.000    999.000
    C1                 0.000      0.000    999.000    999.000
    C2                 0.000      0.000    999.000    999.000
    C3                 0.000      0.000    999.000    999.000
    C4                 0.000      0.000    999.000    999.000
    C5                 0.000      0.000    999.000    999.000
    C6                 0.000      0.000    999.000    999.000
    C7                 0.000      0.000    999.000    999.000
    C8                 0.000      0.000    999.000    999.000
    IP               106.893      3.199     33.416      0.000
    SP                -2.106      0.719     -2.929      0.003
    IC                39.386      1.323     29.772      0.000
    SC                 0.523      0.356      1.468      0.142

 Residual Variances
    P1                79.704      7.098     11.229      0.000
    P2                79.704      7.098     11.229      0.000
    P3                79.704      7.098     11.229      0.000
    P4                79.704      7.098     11.229      0.000
    P5                79.704      7.098     11.229      0.000
    P6                79.704      7.098     11.229      0.000
    P7                79.704      7.098     11.229      0.000
    P8                79.704      7.098     11.229      0.000
    C1                28.852      1.379     20.928      0.000
    C2                28.852      1.379     20.928      0.000
    C3                28.852      1.379     20.928      0.000
    C4                28.852      1.379     20.928      0.000
    C5                28.852      1.379     20.928      0.000
    C6                28.852      1.379     20.928      0.000
    C7                28.852      1.379     20.928      0.000
    C8                28.852      1.379     20.928      0.000
    IP               337.619     62.101      5.437      0.000
    SP                 2.016      1.444      1.397      0.163
    IC               154.152     16.564      9.307      0.000
    SC                 1.492      0.381      3.922      0.000

New/Additional Parameters
    R_IPIC             0.469      0.095      4.944      0.000
    R_SPSC             0.325      0.491      0.662      0.508
    R_RES_PC           0.040      0.058      0.702      0.483


QUALITY OF NUMERICAL RESULTS

     Condition Number for the Information Matrix              0.422E-05
       (ratio of smallest to largest eigenvalue)


CONFIDENCE INTERVALS OF MODEL RESULTS

                  Lower .5%  Lower 2.5%    Lower 5%    Estimate    Upper 5%  Upper 2.5%   Upper .5%

 IP       ON
    BAGE            -1.924      -1.708      -1.598      -1.022      -0.445      -0.335      -0.119

 SP       ON
    BAGE            -0.327      -0.276      -0.250      -0.115       0.020       0.046       0.096

 IC       ON
    BAGE            -0.644      -0.559      -0.515      -0.288      -0.060      -0.017       0.069

 SC       ON
    BAGE            -0.157      -0.135      -0.123      -0.062      -0.001       0.011       0.034

 IP       WITH
    SP             -20.604     -14.269     -11.029       5.894      22.817      26.058      32.393
    IC              40.544      56.431      64.559     107.000     149.442     157.569     173.457
    SC              -9.413      -6.660      -5.253       2.100       9.452      10.859      13.612

 SP       WITH
    IC             -19.816     -15.543     -13.357      -1.943       9.471      11.657      15.930
    SC              -1.471      -0.985      -0.736       0.563       1.862       2.111       2.597

 IC       WITH
    SC              -9.392      -7.872      -7.095      -3.035       1.025       1.802       3.322

 P1       WITH
    C1              -5.183      -3.480      -2.609       1.939       6.487       7.358       9.061

 P2       WITH
    C2              -5.183      -3.480      -2.609       1.939       6.487       7.358       9.061

 P3       WITH
    C3              -5.183      -3.480      -2.609       1.939       6.487       7.358       9.061

 P4       WITH
    C4              -5.183      -3.480      -2.609       1.939       6.487       7.358       9.061

 P5       WITH
    C5              -5.183      -3.480      -2.609       1.939       6.487       7.358       9.061

 P6       WITH
    C6              -5.183      -3.480      -2.609       1.939       6.487       7.358       9.061

 P7       WITH
    C7              -5.183      -3.480      -2.609       1.939       6.487       7.358       9.061

 P8       WITH
    C8              -5.183      -3.480      -2.609       1.939       6.487       7.358       9.061

 Intercepts
    P1               0.000       0.000       0.000       0.000       0.000       0.000       0.000
    P2               0.000       0.000       0.000       0.000       0.000       0.000       0.000
    P3               0.000       0.000       0.000       0.000       0.000       0.000       0.000
    P4               0.000       0.000       0.000       0.000       0.000       0.000       0.000
    P5               0.000       0.000       0.000       0.000       0.000       0.000       0.000
    P6               0.000       0.000       0.000       0.000       0.000       0.000       0.000
    P7               0.000       0.000       0.000       0.000       0.000       0.000       0.000
    P8               0.000       0.000       0.000       0.000       0.000       0.000       0.000
    C1               0.000       0.000       0.000       0.000       0.000       0.000       0.000
    C2               0.000       0.000       0.000       0.000       0.000       0.000       0.000
    C3               0.000       0.000       0.000       0.000       0.000       0.000       0.000
    C4               0.000       0.000       0.000       0.000       0.000       0.000       0.000
    C5               0.000       0.000       0.000       0.000       0.000       0.000       0.000
    C6               0.000       0.000       0.000       0.000       0.000       0.000       0.000
    C7               0.000       0.000       0.000       0.000       0.000       0.000       0.000
    C8               0.000       0.000       0.000       0.000       0.000       0.000       0.000
    IP              98.654     100.624     101.631     106.893     112.155     113.163     115.133
    SP              -3.959      -3.516      -3.289      -2.106      -0.924      -0.697      -0.254
    IC              35.978      36.793      37.210      39.386      41.562      41.979      42.794
    SC              -0.394      -0.175      -0.063       0.523       1.109       1.221       1.440

 Residual Variances
    P1              61.421      65.792      68.028      79.704      91.380      93.616      97.987
    P2              61.421      65.792      68.028      79.704      91.380      93.616      97.987
    P3              61.421      65.792      68.028      79.704      91.380      93.616      97.987
    P4              61.421      65.792      68.028      79.704      91.380      93.616      97.987
    P5              61.421      65.792      68.028      79.704      91.380      93.616      97.987
    P6              61.421      65.792      68.028      79.704      91.380      93.616      97.987
    P7              61.421      65.792      68.028      79.704      91.380      93.616      97.987
    P8              61.421      65.792      68.028      79.704      91.380      93.616      97.987
    C1              25.301      26.150      26.584      28.852      31.120      31.554      32.403
    C2              25.301      26.150      26.584      28.852      31.120      31.554      32.403
    C3              25.301      26.150      26.584      28.852      31.120      31.554      32.403
    C4              25.301      26.150      26.584      28.852      31.120      31.554      32.403
    C5              25.301      26.150      26.584      28.852      31.120      31.554      32.403
    C6              25.301      26.150      26.584      28.852      31.120      31.554      32.403
    C7              25.301      26.150      26.584      28.852      31.120      31.554      32.403
    C8              25.301      26.150      26.584      28.852      31.120      31.554      32.403
    IP             177.658     215.900     235.462     337.619     439.776     459.338     497.580
    SP              -1.702      -0.813      -0.358       2.016       4.391       4.846       5.735
    IC             111.487     121.687     126.904     154.152     181.399     186.616     196.816
    SC               0.512       0.746       0.866       1.492       2.118       2.238       2.472

New/Additional Parameters
    R_IPIC           0.225       0.283       0.313       0.469       0.625       0.655       0.713
    R_SPSC          -0.939      -0.637      -0.483       0.325       1.132       1.286       1.588
    R_RES_PC        -0.108      -0.072      -0.054       0.040       0.135       0.153       0.189


DIAGRAM INFORMATION

  Use View Diagram under the Diagram menu in the Mplus Editor to view the diagram.
  If running Mplus from the Mplus Diagrammer, the diagram opens automatically.

  Diagram output
    c:\users\andrea zammit\documents\github\ialsa-2015-portland\studies\eas\gait\b1_male_age_walking

     Beginning Time:  11:30:21
        Ending Time:  11:30:24
       Elapsed Time:  00:00:03



MUTHEN & MUTHEN
3463 Stoner Ave.
Los Angeles, CA  90066

Tel: (310) 391-9971
Fax: (310) 391-8971
Web: www.StatModel.com
Support: Support@StatModel.com

Copyright (c) 1998-2014 Muthen & Muthen
