Mplus VERSION 7.3
MUTHEN & MUTHEN
09/15/2015  10:45 AM

INPUT INSTRUCTIONS

  TITLE:
   B1, block, Gait, , aeh, Fully Conditional, male

  DATA:
    File = C:\Users\Andrea Zammit\Desktop\EASMaster.csv;
  VARIABLE:
   Names are
          SubjectID Sex Ethnic Caus DemEver Bagesq deathage DEMO23 Educyrs Status
          Wave_1 Wave_2 Wave_3 Wave_4 Wave_5 Wave_6 Wave_7 Wave_8 Wave_9 Wave_10
          AgeAtWaveOne AgeAtWave_2 AgeAtWave_3 AgeAtWave_4 AgeAtWave_5 AgeAtWave_6
          AgeAtWave_7
          AgeAtWave_8 AgeAtWave_9 AgeAtWave_10
          YrsSinceBaseline_1 YrsSinceBaseline_2 YrsSinceBaseline_3 YrsSinceBaseline_4
          YrsSinceBaseline_5 YrsSinceBaseline_6 YrsSinceBaseline_7 YrsSinceBaseline_8
          YrsSinceBaseline_9 YrsSinceBaseline_10
          Blessd_1 Blessd_2 Blessd_3 Blessd_4 Blessd_5 Blessd_6 Blessd_7
          Blessd_8 Blessd_9 Blessd_10
          MMS_1 MMS_2 MMS_3 MMS_4 MMS_5 MMS_6 MMS_7 MMS_8 MMS_9 MMS_10
          GDSScore_1 GDSScore_2 GDSScore_3 GDSScore_4 GDSScore_5 GDSScore_6 GDSScore_7
          GDSScore_8 GDSScore_9 GDSScore_10
          FreeRecall_1 FreeRecall_2 FreeRecall_3 FreeRecall_4 FreeRecall_5
          FreeRecall_6 FreeRecall_7 FreeRecall_8 FreeRecall_9 FreeRecall_10
          TotRecall_1 TotRecall_2 TotRecall_3 TotRecall_4 TotRecall_5 TotRecall_6
          TotRecall_7
          TotRecall_8 TotRecall_9 TotRecall_10
          DelFreeRecall_1 DelFreeRecall_2 DelFreeRecall_3 DelFreeRecall_4 DelFreeRecall_5
          DelFreeRecall_6 DelFreeRecall_7 DelFreeRecall_8 DelFreeRecall_9 DelFreeRecall_10
          DelTotRecall_1 DelTotRecall_2 DelTotRecall_3 DelTotRecall_4 DelTotRecall_5
          DelTotRecall_6 DelTotRecall_7 DelTotRecall_8 DelTotRecall_9 DelTotRecall_10
          BostonFree_1 BostonFree_2 BostonFree_3 BostonFree_4 BostonFree_5
          BostonFree_6 BostonFree_7 BostonFree_8 BostonFree_9 BostonFree_10
          Infraw_1 Infraw_2 Infraw_3 Infraw_4 Infraw_5 Infraw_6 Infraw_7
          Infraw_8 Infraw_9 Infraw_10
          Vocraw_1 Vocraw_2 Vocraw_3 Vocraw_4 Vocraw_5 Vocraw_6 Vocraw_7
          Vocraw_8 Vocraw_9 Vocraw_10
          Spnraw_1 Spnraw_2 Spnraw_3 Spnraw_4 Spnraw_5 Spnraw_6 Spnraw_7
          Spnraw_8 Spnraw_9 Spnraw_10
          DSpnAgeScaledScore_1 DSpnAgeScaledScore_2 DSpnAgeScaledScore_3
          DSpnAgeScaledScore_4 DSpnAgeScaledScore_5 DSpnAgeScaledScore_6
          DSpnAgeScaledScore_7 DSpnAgeScaledScore_8 DSpnAgeScaledScore_9
          DSpnAgeScaledScore_10
          Symraw_1 Symraw_2 Symraw_3 Symraw_4 Symraw_5 Symraw_6
          Symraw_7 Symraw_8 Symraw_9 Symraw_10
          Blockraw_1 Blockraw_2 Blockraw_3 Blockraw_4 Blockraw_5 Blockraw_6
          Blockraw_7 Blockraw_8 Blockraw_9 Blockraw_10
          FAS_1 FAS_2 FAS_3 FAS_4 FAS_5 FAS_6 FAS_7 FAS_8 FAS_9 FAS_10
          CAT_1 CAT_2 CAT_3 CAT_4
          CAT_5 CAT_6 CAT_7 CAT_8 CAT_9 CAT_10
          Grade_1 Grade_2 Grade_3 Grade_4 Grade_5 Grade_6 Grade_7 Grade_8 Grade_9 Grade_10
          LM_1 LM_2 LM_3 LM_4 LM_5 LM_6 LM_7 LM_8 LM_9 LM_10
          CFCopy_1 CFCopy_2 CFCopy_3 CFCopy_4 CFCopy_5 CFCopy_6 CFCopy_7
          CFCopy_8 CFCopy_9 CFCopy_10
          CFRecall_1 CFRecall_2 CFRecall_3 CFRecall_4 CFRecall_5 CFRecall_6 CFRecall_7
          CFRecall_8 CFRecall_9 CFRecall_10
          TrA1_1 TrA1_2 TrA1_3 TrA1_4 TrA1_5 TrA1_6 TrA1_7 TrA1_8 TrA1_9 TrA1_10
          TrlAZScore_1 TrlAZScore_2 TrlAZScore_3 TrlAZScore_4 TrlAZScore_5
          TrlAZScore_6 TrlAZScore_7 TrlAZScore_8 TrlAZScore_9 TrlAZScore_10
          TMTARate_1 TMTARate_2 TMTARate_3 TMTARate_4 TMTARate_5 TMTARate_6 TMTARate_7
          TMTARate_8 TMTARate_9 TMTARate_10
          TrA2_1 TrA2_2 TrA2_3 TrA2_4 TrA2_5 TrA2_6 TrA2_7 TrA2_8 TrA2_9 TrA2_10
          TrB1_1 TrB1_2 TrB1_3 TrB1_4 TrB1_5 TrB1_6 TrB1_7 TrB1_8 TrB1_9 TrB1_10
          TrlBZScore_1 TrlBZScore_2 TrlBZScore_3 TrlBZScore_4 TrlBZScore_5
          TrlBZScore_6 TrlBZScore_7 TrlBZScore_8 TrlBZScore_9 TrlBZScore_10
          TMTBRate_1 TMTBRate_2 TMTBRate_3 TMTBRate_4 TMTBRate_5 TMTBRate_6 TMTBRate_7
          TMTBRate_8 TMTBRate_9 TMTBRate_10
          TrB2_1 TrB2_2 TrB2_3 TrB2_4 TrB2_5 TrB2_6
          TrB2_7 TrB2_8 TrB2_9 TrB2_10
          EpisodicMemory2FreeCatLM_1 EpisodicMemory2FreeCatLM_2
          EpisodicMemory2FreeCatLM_3
          EpisodicMemory2FreeCatLM_4 EpisodicMemory2FreeCatLM_5
          EpisodicMemory2FreeCatLM_6 EpisodicMemory2FreeCatLM_7
          EpisodicMemory2FreeCatLM_8 EpisodicMemory2FreeCatLM_9
          EpisodicMemory2FreeCatLM_10
          FrontalExecFunc_1 FrontalExecFunc_2 FrontalExecFunc_3 FrontalExecFunc_4
          FrontalExecFunc_5 FrontalExecFunc_6 FrontalExecFunc_7 FrontalExecFunc_8
          FrontalExecFunc_9 FrontalExecFunc_10
          Language2BostVoc_1 Language2BostVoc_2
          Language2BostVoc_3 Language2BostVoc_4 Language2BostVoc_5
          Language2BostVoc_6 Language2BostVoc_7 Language2BostVoc_8
          Language2BostVoc_9 Language2BostVoc_10
          DysExec_1 DysExec_2 DysExec_3 DysExec_4 DysExec_5 DysExec_6 DysExec_7
          DysExec_8 DysExec_9 DysExec_10
          aMCI1_1 aMCI1_2 aMCI1_3 aMCI1_4 aMCI1_5 aMCI1_6 aMCI1_7 aMCI1_8 aMCI1_9 aMCI1_10
          naMCI1_1 naMCI1_2 naMCI1_3 naMCI1_4 naMCI1_5 naMCI1_6 naMCI1_7
          naMCI1_8 naMCI1_9 naMCI1_10
          CumulMI_1 CumulMI_2 CumulMI_3 CumulMI_4
          CumulMI_5 CumulMI_6 CumulMI_7 CumulMI_8 CumulMI_9 CumulMI_10
          CumulStroke_1 CumulStroke_2 CumulStroke_3 CumulStroke_4 CumulStroke_5
          CumulStroke_6 CumulStroke_7 CumulStroke_8 CumulStroke_9 CumulStroke_10
          CumulDiab_1 CumulDiab_2 CumulDiab_3 CumulDiab_4 CumulDiab_5 CumulDiab_6
          CumulDiab_7 CumulDiab_8 CumulDiab_9 CumulDiab_10
          DMever
          CumulHyper_1 CumulHyper_2 CumulHyper_3 CumulHyper_4 CumulHyper_5
          CumulHyper_6 CumulHyper_7 CumulHyper_8 CumulHyper_9 CumulHyper_10
          CumulAngina_1 CumulAngina_2 CumulAngina_3 CumulAngina_4 CumulAngina_5
          CumulAngina_6 CumulAngina_7 CumulAngina_8 CumulAngina_9 CumulAngina_10
          CumulHrtFail_1 CumulHrtFail_2 CumulHrtFail_3 CumulHrtFail_4 CumulHrtFail_5
          CumulHrtFail_6 CumulHrtFail_7 CumulHrtFail_8 CumulHrtFail_9 CumulHrtFail_10
          CumulPD_1 CumulPD_2 CumulPD_3 CumulPD_4 CumulPD_5 CumulPD_6 CumulPD_7
          CumulPD_8 CumulPD_9 CumulPD_10
          CumulDep_1 CumulDep_2 CumulDep_3 CumulDep_4
          CumulDep_5 CumulDep_6 CumulDep_7 CumulDep_8 CumulDep_9 CumulDep_10
          CumulAnemia_1 CumulAnemia_2 CumulAnemia_3 CumulAnemia_4 CumulAnemia_5
          CumulAnemia_6 CumulAnemia_7 CumulAnemia_8 CumulAnemia_9 CumulAnemia_10
          CVIndexArWave_1 CVIndexArWave_2 CVIndexArWave_3 CVIndexArWave_4 CVIndexArWave_5
          CVIndexArWave_6 CVIndexArWave_7 CVIndexArWave_8 CVIndexArWave_9 CVIndexArWave_10
          CVIndexCumul_1 CVIndexCumul_2 CVIndexCumul_3 CVIndexCumul_4 CVIndexCumul_5
          CVIndexCumul_6 CVIndexCumul_7 CVIndexCumul_8 CVIndexCumul_9 CVIndexCumul_10
          BloodPres1stSys_1 BloodPres1stSys_2 BloodPres1stSys_3 BloodPres1stSys_4
          BloodPres1stSys_5 BloodPres1stSys_6 BloodPres1stSys_7 BloodPres1stSys_8
          BloodPres1stSys_9 BloodPres1stSys_10
          BloodPres1stDia_1 BloodPres1stDia_2 BloodPres1stDia_3 BloodPres1stDia_4
          BloodPres1stDia_5 BloodPres1stDia_6 BloodPres1stDia_7 BloodPres1stDia_8
          BloodPres1stDia_9 BloodPres1stDia_10
          Ht_1 Ht_2 Ht_3 Ht_4 Ht_5 Ht_6 Ht_7 Ht_8 Ht_9 Ht_10
          Wt_1 Wt_2 Wt_3 Wt_4 Wt_5 Wt_6 Wt_7 Wt_8 Wt_9 Wt_10
          BMI_1 BMI_2 BMI_3 BMI_4 BMI_5 BMI_6 BMI_7 BMI_8 BMI_9 BMI_10
          Waist_1 Waist_2 Waist_3 Waist_4 Waist_5 Waist_6 Waist_7 Waist_8 Waist_9 Waist_10
          Hip_1 Hip_2 Hip_3 Hip_4 Hip_5 Hip_6 Hip_7 Hip_8 Hip_9 Hip_10
          Velocity_1 Velocity_2 Velocity_3 Velocity_4 Velocity_5 Velocity_6 Velocity_7
          Velocity_8 Velocity_9 Velocity_10
          ChairRaiseTime_1 ChairRaiseTime_2 ChairRaiseTime_3 ChairRaiseTime_4
          ChairRaiseTime_5 ChairRaiseTime_6 ChairRaiseTime_7 ChairRaiseTime_8
          ChairRaiseTime_9 ChairRaiseTime_10
          FlamingoStandTime_1 FlamingoStandTime_2 FlamingoStandTime_3 FlamingoStandTime_4
          FlamingoStandTime_5 FlamingoStandTime_6 FlamingoStandTime_7 FlamingoStandTime_8
          FlamingoStandTime_9 FlamingoStandTime_10
          MaxEff_1 MaxEff_2 MaxEff_3 MaxEff_4 MaxEff_5 MaxEff_6 MaxEff_7
          MaxEff_8 MaxEff_9 MaxEff_10
          PeakFlowBestOf3_1 PeakFlowBestOf3_2 PeakFlowBestOf3_3 PeakFlowBestOf3_4
          PeakFlowBestOf3_5 PeakFlowBestOf3_6 PeakFlowBestOf3_7 PeakFlowBestOf3_8
          PeakFlowBestOf3_9 PeakFlowBestOf3_10
          UPDRS15_1 UPDRS15_2 UPDRS15_3 UPDRS15_4 UPDRS15_5 UPDRS15_6 UPDRS15_7
          UPDRS15_8 UPDRS15_9 UPDRS15_10
          UPDRS27_1 UPDRS27_2 UPDRS27_3 UPDRS27_4 UPDRS27_5 UPDRS27_6 UPDRS27_7
          UPDRS27_8 UPDRS27_9 UPDRS27_10
          UPDRS28_1 UPDRS28_2 UPDRS28_3 UPDRS28_4
          UPDRS28_5 UPDRS28_6 UPDRS28_7 UPDRS28_8 UPDRS28_9 UPDRS28_10
          UPDRS29_1 UPDRS29_2 UPDRS29_3 UPDRS29_4 UPDRS29_5 UPDRS29_6 UPDRS29_7
          UPDRS29_8 UPDRS29_9 UPDRS29_10
          EMail_1 EMail_2 EMail_3 EMail_4 EMail_5 EMail_6 EMail_7 EMail_8 EMail_9 EMail_10
          Aerobic_1 Aerobic_2 Aerobic_3 Aerobic_4 Aerobic_5 Aerobic_6 Aerobic_7
          Aerobic_8 Aerobic_9 Aerobic_10
          HrsFor2WeekLight_1 HrsFor2WeekLight_2 HrsFor2WeekLight_3 HrsFor2WeekLight_4
          HrsFor2WeekLight_5 HrsFor2WeekLight_6 HrsFor2WeekLight_7 HrsFor2WeekLight_8
          HrsFor2WeekLight_9 HrsFor2WeekLight_10
          HrsFor2WeekMedium_1 HrsFor2WeekMedium_2 HrsFor2WeekMedium_3 HrsFor2WeekMedium_4
          HrsFor2WeekMedium_5 HrsFor2WeekMedium_6 HrsFor2WeekMedium_7 HrsFor2WeekMedium_8
          HrsFor2WeekMedium_9 HrsFor2WeekMedium_10
          HrsFor2WeekHeavy_1 HrsFor2WeekHeavy_2 HrsFor2WeekHeavy_3 HrsFor2WeekHeavy_4
          HrsFor2WeekHeavy_5 HrsFor2WeekHeavy_6 HrsFor2WeekHeavy_7 HrsFor2WeekHeavy_8
          HrsFor2WeekHeavy_9 HrsFor2WeekHeavy_10
          DaysPerWeekLight_1 DaysPerWeekLight_2 DaysPerWeekLight_3 DaysPerWeekLight_4
          DaysPerWeekLight_5 DaysPerWeekLight_6 DaysPerWeekLight_7 DaysPerWeekLight_8
          DaysPerWeekLight_9 DaysPerWeekLight_10
          DaysPerWeekMedium_1 DaysPerWeekMedium_2 DaysPerWeekMedium_3 DaysPerWeekMedium_4
          DaysPerWeekMedium_5
          DaysPerWeekMedium_6 DaysPerWeekMedium_7 DaysPerWeekMedium_8 DaysPerWeekMedium_9
          DaysPerWeekMedium_10
          DaysPerWeekHeavy_1 DaysPerWeekHeavy_2 DaysPerWeekHeavy_3 DaysPerWeekHeavy_4
          DaysPerWeekHeavy_5 DaysPerWeekHeavy_6 DaysPerWeekHeavy_7 DaysPerWeekHeavy_8
          DaysPerWeekHeavy_9 DaysPerWeekHeavy_10
          CigsPerDay_1 CigsPerDay_2 CigsPerDay_3
          CigsPerDay_4 CigsPerDay_5 CigsPerDay_6 CigsPerDay_7 CigsPerDay_8
          CigsPerDay_9 CigsPerDay_10
          SmokNow_1 SmokNow_2 SmokNow_3 SmokNow_4
          SmokNow_5 SmokNow_6 SmokNow_7 SmokNow_8 SmokNow_9 SmokNow_10
          SmokEver_1 SmokEver_2 SmokEver_3 SmokEver_4 SmokEver_5 SmokEver_6 SmokEver_7
          SmokEver_8 SmokEver_9 SmokEver_10
          SmokNumYrs_1 SmokNumYrs_2 SmokNumYrs_3 SmokNumYrs_4 SmokNumYrs_5
          SmokNumYrs_6 SmokNumYrs_7 SmokNumYrs_8 SmokNumYrs_9 SmokNumYrs_10
          DrinksPerMonth_1 DrinksPerMonth_2 DrinksPerMonth_3 DrinksPerMonth_4
          DrinksPerMonth_5 DrinksPerMonth_6 DrinksPerMonth_7 DrinksPerMonth_8
          DrinksPerMonth_9 DrinksPerMonth_10
          Glucose_1 Glucose_2 Glucose_3 Glucose_4 Glucose_5 Glucose_6 Glucose_7
          Glucose_8 Glucose_9 Glucose_10
          chronicpi1 chronicpi2 chronicpi3 chronicpi4 chronicpi5 chronicpi6 chronicpi7
          chronicpi8 chronicpi9 chronicpi10
          Pdever
          Cvd cisum;
        MISSING = ALL(-9999);
               USEVAR are time1 time2 time3 time4 time5 time6 time7 time8 !time9
                          p1 p2 p3 p4 p5 p6 p7 p8 !p9
                         c1 c2 c3 c4 c5 c6 c7 c8 !c9
                         Bage educ height; !Diab SmokHist Cardio; !DepSymp;
               TSCORES =   time1 time2 time3 time4 time5 time6 time7 time8; !time9;
              USEOBSERVATIONS are DemEver EQ 0 and sex EQ 0;
  DEFINE:

  p1=Velocity_1; p2=Velocity_2; p3=Velocity_3; p4=Velocity_4; p5=Velocity_5;
  p6=Velocity_6; p7=Velocity_7; p8=Velocity_8;
  c1=Blockraw_1; c2=Blockraw_2; c3=Blockraw_3; c4=Blockraw_4; c5=Blockraw_5;
  c6=Blockraw_6; c7=Blockraw_7; c8=Blockraw_8;
                Bage=AgeAtWaveOne-70;
                Bagesq=(AgeatWaveOne-70)**2;
                Dage=deathage;
                Educ=Educyrs-7;
                SEP=DEMO23;
                time1=wave_1;
                time2=wave_2;
                time3=wave_3;
                time4=wave_4;
                time5=wave_5;
                time6=wave_6;
                time7=wave_7;
                time8=wave_8;
                time9=wave_9;
                time10=wave_10;
               Height=Ht_1-160;
                SmokHist=SmokEver_1;
                DepSymp = GDSScore_1;
                Cardio = cvd;
                Diab=DMever;
                AgeAtWave_1Educyrs=Bage*Educ;
  ANALYSIS:
   TYPE = RANDOM;
         ESTIMATOR=MLF;
         miterations=1000;
     h1convergence = 0.00001;
         COVERAGE = .001;
  OUTPUT:
   sampstat
  MODEL:
       ip sp | p1-p8 AT time1-time8;
       ic sc  | c1 - c8 AT time1-time8;
       ip(v_ip);
       sp(v_sp);
       ic(v_ic);
       sc(v_sc);
       ip WITH sp(c_ipsp);
       ip WITH ic(c_ipic);
       ip WITH sc (c_ipsc);
       sp WITH ic (c_spic);
       sp WITH sc (c_spsc);
       ic WITH SC (C_ICSC);

       ip sp  ic sc  ON Bage educ height; !smokhist cardio diab; !DepSymp;
        c1-c8 (res_c);
         p1-p8 (res_p);
          p1-p8 pwith c1-c8(res_cov);

    MODEL CONSTRAINT:

            NEW r_ipic; !assigns labels to new parameters;
            NEW r_spsc;
            NEW r_res_pc;

            r_ipic = c_ipic/((v_ip**0.5)*(v_ic**0.5));
            r_spsc = c_spsc/((v_sp**0.5)*(v_sc**0.5));
            r_res_pc = res_cov/((res_p**0.5)*(res_c**0.5));

    OUTPUT: sampstat Cinterval;





*** WARNING
  Data set contains cases with missing on x-variables.
  These cases were not included in the analysis.
  Number of cases with missing on x-variables:  312
   1 WARNING(S) FOUND IN THE INPUT INSTRUCTIONS




B1, block, Gait, , aeh, Fully Conditional, male

SUMMARY OF ANALYSIS

Number of groups                                                 1
Number of observations                                          72

Number of dependent variables                                   16
Number of independent variables                                  3
Number of continuous latent variables                            4

Observed dependent variables

  Continuous
   P1          P2          P3          P4          P5          P6
   P7          P8          C1          C2          C3          C4
   C5          C6          C7          C8

Observed independent variables
   BAGE        EDUC        HEIGHT

Continuous latent variables
   IP          SP          IC          SC

Variables with special functions

  Time scores
   TIME1       TIME2       TIME3       TIME4       TIME5       TIME6
   TIME7       TIME8


Estimator                                                      MLF
Information matrix                                        OBSERVED
Maximum number of iterations                                   100
Convergence criterion                                    0.100D-05
Maximum number of EM iterations                               1000
Convergence criteria for the EM algorithm
  Loglikelihood change                                   0.100D-02
  Relative loglikelihood change                          0.100D-05
  Derivative                                             0.100D-03
Minimum variance                                         0.100D-03
Maximum number of steepest descent iterations                   20
Maximum number of iterations for H1                           2000
Convergence criterion for H1                             0.100D-04
Optimization algorithm                                         EMA

Input data file(s)
  C:\Users\Andrea Zammit\Desktop\EASMaster.csv
Input data format  FREE


SUMMARY OF DATA

     Number of missing data patterns            40


COVARIANCE COVERAGE OF DATA

Minimum covariance coverage value   0.001


     PROPORTION OF DATA PRESENT


           Covariance Coverage
              P1            P2            P3            P4            P5
              ________      ________      ________      ________      ________
 P1             0.847
 P2             0.583         0.694
 P3             0.403         0.417         0.486
 P4             0.347         0.347         0.292         0.403
 P5             0.153         0.153         0.153         0.167         0.181
 P6             0.139         0.111         0.111         0.139         0.083
 P7             0.111         0.097         0.083         0.097         0.083
 P8             0.028         0.014         0.028         0.028         0.014
 C1             0.847         0.694         0.486         0.403         0.181
 C2             0.833         0.667         0.472         0.403         0.181
 C3             0.667         0.681         0.472         0.403         0.181
 C4             0.569         0.556         0.486         0.403         0.181
 C5             0.458         0.444         0.375         0.403         0.181
 C6             0.333         0.319         0.264         0.306         0.181
 C7             0.250         0.222         0.194         0.250         0.167
 C8             0.139         0.125         0.125         0.139         0.111
 BAGE           0.847         0.694         0.486         0.403         0.181
 EDUC           0.847         0.694         0.486         0.403         0.181
 HEIGHT         0.847         0.694         0.486         0.403         0.181


           Covariance Coverage
              P6            P7            P8            C1            C2
              ________      ________      ________      ________      ________
 P6             0.153
 P7             0.069         0.111
 P8             0.014         0.028         0.028
 C1             0.153         0.111         0.028         1.000
 C2             0.153         0.111         0.028         0.972         0.972
 C3             0.153         0.111         0.028         0.819         0.806
 C4             0.153         0.111         0.028         0.653         0.639
 C5             0.153         0.111         0.028         0.514         0.500
 C6             0.125         0.111         0.028         0.375         0.375
 C7             0.153         0.111         0.028         0.278         0.278
 C8             0.083         0.111         0.028         0.153         0.153
 BAGE           0.153         0.111         0.028         1.000         0.972
 EDUC           0.153         0.111         0.028         1.000         0.972
 HEIGHT         0.153         0.111         0.028         1.000         0.972


           Covariance Coverage
              C3            C4            C5            C6            C7
              ________      ________      ________      ________      ________
 C3             0.819
 C4             0.639         0.653
 C5             0.500         0.514         0.514
 C6             0.375         0.375         0.375         0.375
 C7             0.278         0.278         0.278         0.250         0.278
 C8             0.153         0.153         0.153         0.153         0.153
 BAGE           0.819         0.653         0.514         0.375         0.278
 EDUC           0.819         0.653         0.514         0.375         0.278
 HEIGHT         0.819         0.653         0.514         0.375         0.278


           Covariance Coverage
              C8            BAGE          EDUC          HEIGHT
              ________      ________      ________      ________
 C8             0.153
 BAGE           0.153         1.000
 EDUC           0.153         1.000         1.000
 HEIGHT         0.153         1.000         1.000         1.000


SAMPLE STATISTICS


     ESTIMATED SAMPLE STATISTICS


           Means
              P1            P2            P3            P4            P5
              ________      ________      ________      ________      ________
 1            102.361        99.648        94.828        84.741        93.061


           Means
              P6            P7            P8            C1            C2
              ________      ________      ________      ________      ________
 1             88.962        84.316       117.268        27.181        27.623


           Means
              C3            C4            C5            C6            C7
              ________      ________      ________      ________      ________
 1             27.835        28.845        28.871        25.994        24.679


           Means
              C8            BAGE          EDUC          HEIGHT
              ________      ________      ________      ________
 1             26.370         7.964         7.875        12.667


           Covariances
              P1            P2            P3            P4            P5
              ________      ________      ________      ________      ________
 P1           303.537
 P2           222.762       290.938
 P3           276.635       256.482       453.677
 P4           291.802       248.002       387.550       499.641
 P5           144.369       155.572       218.647       247.565       273.111
 P6           178.313       179.879       162.369       185.562        73.630
 P7           202.087       206.183       264.357       265.813       247.935
 P8             9.830        -5.403        -0.851        -0.782        12.908
 C1            12.323         0.674         9.626        -1.482        11.203
 C2            38.778        36.941        44.306        77.664        41.470
 C3            41.049        23.462        55.238        92.157        57.856
 C4            54.037        34.721        50.803        72.719        40.115
 C5            45.431        33.849        20.182        64.187        25.196
 C6            74.056        36.059        60.546       100.544        31.260
 C7            63.300        33.545        86.446       103.657        46.996
 C8            13.569        31.354        58.286        43.231        16.633
 BAGE         -14.239       -16.856        -5.625       -34.444        24.013
 EDUC           3.129         0.823         5.144         4.457         4.364
 HEIGHT         0.142        19.715        21.884         2.279       -17.197


           Covariances
              P6            P7            P8            C1            C2
              ________      ________      ________      ________      ________
 P6           250.959
 P7           174.284       359.634
 P8            -8.748        35.753        32.984
 C1            52.933        16.938       -26.347        73.648
 C2            70.371        38.621       -34.484        48.865        79.585
 C3            47.321        24.591       -25.446        42.619        54.359
 C4            86.717        54.547       -26.892        54.376        53.106
 C5            52.499        25.136       -16.717        40.885        44.968
 C6           104.797        53.901        -8.129        41.576        57.777
 C7            54.390        49.135       -14.465        42.306        42.559
 C8            36.209        18.525       -32.666        40.538        45.956
 BAGE         -17.338         0.007        -0.372         8.962         1.031
 EDUC         -11.042        -3.525       -10.134         5.814         8.346
 HEIGHT       -16.396       -45.130       -16.887        -0.398        -0.607


           Covariances
              C3            C4            C5            C6            C7
              ________      ________      ________      ________      ________
 C3            72.587
 C4            54.784        84.743
 C5            35.822        40.731        56.190
 C6            57.891        43.294        43.713       102.695
 C7            44.243        48.237        43.679        40.154        59.594
 C8            34.609        41.771        24.489        19.173        34.354
 BAGE           5.754        -2.486        -5.253         4.018        -6.544
 EDUC           6.446         3.533        -0.868        -3.107        -1.392
 HEIGHT       -13.880        -7.108         5.571       -33.137         8.578


           Covariances
              C8            BAGE          EDUC          HEIGHT
              ________      ________      ________      ________
 C8            49.435
 BAGE          -2.991        26.558
 EDUC           9.612         1.205        11.498
 HEIGHT        13.081        -5.409         0.986        52.583


           Correlations
              P1            P2            P3            P4            P5
              ________      ________      ________      ________      ________
 P1             1.000
 P2             0.750         1.000
 P3             0.745         0.706         1.000
 P4             0.749         0.650         0.814         1.000
 P5             0.501         0.552         0.621         0.670         1.000
 P6             0.646         0.666         0.481         0.524         0.281
 P7             0.612         0.637         0.654         0.627         0.791
 P8             0.098        -0.055        -0.007        -0.006         0.136
 C1             0.082         0.005         0.053        -0.008         0.079
 C2             0.249         0.243         0.233         0.389         0.281
 C3             0.277         0.161         0.304         0.484         0.411
 C4             0.337         0.221         0.259         0.353         0.264
 C5             0.348         0.265         0.126         0.383         0.203
 C6             0.419         0.209         0.281         0.444         0.187
 C7             0.471         0.255         0.526         0.601         0.368
 C8             0.111         0.261         0.389         0.275         0.143
 BAGE          -0.159        -0.192        -0.051        -0.299         0.282
 EDUC           0.053         0.014         0.071         0.059         0.078
 HEIGHT         0.001         0.159         0.142         0.014        -0.144


           Correlations
              P6            P7            P8            C1            C2
              ________      ________      ________      ________      ________
 P6             1.000
 P7             0.580         1.000
 P8            -0.096         0.328         1.000
 C1             0.389         0.104        -0.535         1.000
 C2             0.498         0.228        -0.673         0.638         1.000
 C3             0.351         0.152        -0.520         0.583         0.715
 C4             0.595         0.312        -0.509         0.688         0.647
 C5             0.442         0.177        -0.388         0.636         0.672
 C6             0.653         0.280        -0.140         0.478         0.639
 C7             0.445         0.336        -0.326         0.639         0.618
 C8             0.325         0.139        -0.809         0.672         0.733
 BAGE          -0.212         0.000        -0.013         0.203         0.022
 EDUC          -0.206        -0.055        -0.520         0.200         0.276
 HEIGHT        -0.143        -0.328        -0.405        -0.006        -0.009


           Correlations
              C3            C4            C5            C6            C7
              ________      ________      ________      ________      ________
 C3             1.000
 C4             0.699         1.000
 C5             0.561         0.590         1.000
 C6             0.671         0.464         0.575         1.000
 C7             0.673         0.679         0.755         0.513         1.000
 C8             0.578         0.645         0.465         0.269         0.633
 BAGE           0.131        -0.052        -0.136         0.077        -0.164
 EDUC           0.223         0.113        -0.034        -0.090        -0.053
 HEIGHT        -0.225        -0.106         0.102        -0.451         0.153


           Correlations
              C8            BAGE          EDUC          HEIGHT
              ________      ________      ________      ________
 C8             1.000
 BAGE          -0.083         1.000
 EDUC           0.403         0.069         1.000
 HEIGHT         0.257        -0.145         0.040         1.000


     MAXIMUM LOG-LIKELIHOOD VALUE FOR THE UNRESTRICTED (H1) MODEL IS -2101.972


UNIVARIATE HIGHER-ORDER MOMENT DESCRIPTIVE STATISTICS


     UNIVARIATE HIGHER-ORDER MOMENT DESCRIPTIVE STATISTICS

         Variable/         Mean/     Skewness/   Minimum/ % with                Percentiles
        Sample Size      Variance    Kurtosis    Maximum  Min/Max      20%/60%    40%/80%    Median

     P1                  102.762      -0.035      68.000    1.64%      84.800     97.300    102.000
              61.000     319.968      -0.825     141.300    1.64%     110.300    118.000
     P2                  100.780      -0.161      57.400    2.00%      87.400     98.000    102.550
              50.000     269.638       0.444     142.600    2.00%     105.700    112.600
     P3                   95.649       0.453      62.300    2.86%      78.200     86.800     93.600
              35.000     338.670      -0.273     137.800    2.86%      97.100    107.900
     P4                   89.079       0.295      60.300    3.45%      70.800     81.400     85.800
              29.000     376.556      -0.931     132.600    3.45%      86.900    109.400
     P5                   95.723       0.390      69.000    7.69%      82.300     89.400     94.300
              13.000     244.854      -0.554     125.300    7.69%      96.500    101.700
     P6                   86.164      -0.663      49.000    9.09%      71.800     79.300     81.900
              11.000     283.253      -0.354     104.600    9.09%      98.500    103.000
     P7                   91.087       0.337      62.400   12.50%      75.800     79.300     93.850
               8.000     319.996      -0.219     126.200   12.50%      93.900     97.700
     P8                  118.250       0.000     108.400   50.00%     108.400    108.400    118.250
               2.000      97.022      -2.000     128.100   50.00%     108.400    128.100
     C1                   27.181       0.553      12.000    5.56%      20.000     24.000     25.000
              72.000      73.648       0.020      51.000    1.39%      28.000     34.000
     C2                   27.586       0.111      12.000   10.00%      20.000     25.000     28.000
              70.000      80.643      -0.367      48.000    1.43%      30.000     34.000
     C3                   27.729       0.123      10.000    1.69%      20.000     26.000     28.000
              59.000      70.977      -0.140      49.000    1.69%      29.000     34.000
     C4                   29.149       0.715      12.000    4.26%      21.000     24.000     28.000
              47.000      89.914       0.550      59.000    2.13%      29.000     39.000
     C5                   28.811      -0.081      12.000    8.11%      23.000     28.000     29.000
              37.000      66.207       0.258      48.000    2.70%      30.000     34.000
     C6                   26.074       0.537      12.000   11.11%      16.000     24.000     28.000
              27.000      72.439       1.386      52.000    3.70%      29.000     31.000
     C7                   25.100      -0.051      12.000   10.00%      16.000     24.000     25.000
              20.000      63.790      -1.041      39.000    5.00%      28.000     32.000
     C8                   26.182       0.035      14.000    9.09%      16.000     23.000     24.000
              11.000      59.240      -1.005      40.000    9.09%      31.000     32.000
     BAGE                  7.964       0.220      -0.379    1.39%       2.605      6.211      7.394
              72.000      26.558      -1.147      18.821    1.39%       9.154     14.101
     EDUC                  7.875      -0.365      -1.000    2.78%       5.000      7.000      8.000
              72.000      11.498      -0.281      13.000   11.11%       9.000     11.000
     HEIGHT               12.667      -0.151      -9.000    1.39%       6.000     11.000     12.000
              72.000      52.583       0.043      30.000    1.39%      15.000     20.000


THE MODEL ESTIMATION TERMINATED NORMALLY



MODEL FIT INFORMATION

Number of Free Parameters                       29

Loglikelihood

          H0 Value                       -1933.727

Information Criteria

          Akaike (AIC)                    3925.454
          Bayesian (BIC)                  3991.477
          Sample-Size Adjusted BIC        3900.108
            (n* = (n + 2) / 24)



MODEL RESULTS

                                                    Two-Tailed
                    Estimate       S.E.  Est./S.E.    P-Value

 IP         ON
    BAGE              -0.418      0.479     -0.872      0.383
    EDUC               0.693      0.721      0.961      0.336
    HEIGHT             0.038      0.348      0.108      0.914

 SP         ON
    BAGE              -0.143      0.164     -0.871      0.384
    EDUC              -0.269      0.194     -1.389      0.165
    HEIGHT             0.035      0.138      0.256      0.798

 IC         ON
    BAGE               0.322      0.374      0.859      0.390
    EDUC               0.713      0.485      1.470      0.142
    HEIGHT             0.004      0.170      0.021      0.983

 SC         ON
    BAGE              -0.087      0.057     -1.525      0.127
    EDUC              -0.087      0.084     -1.044      0.296
    HEIGHT            -0.033      0.043     -0.760      0.447

 IP       WITH
    SP                 1.586     18.652      0.085      0.932
    IC                28.145     30.774      0.915      0.360
    SC                 3.001      5.605      0.535      0.592

 SP       WITH
    IC                -3.288      4.726     -0.696      0.487
    SC                 0.073      1.196      0.061      0.951

 IC       WITH
    SC                -0.026      2.505     -0.010      0.992

 P1       WITH
    C1                 0.613      5.356      0.114      0.909

 P2       WITH
    C2                 0.613      5.356      0.114      0.909

 P3       WITH
    C3                 0.613      5.356      0.114      0.909

 P4       WITH
    C4                 0.613      5.356      0.114      0.909

 P5       WITH
    C5                 0.613      5.356      0.114      0.909

 P6       WITH
    C6                 0.613      5.356      0.114      0.909

 P7       WITH
    C7                 0.613      5.356      0.114      0.909

 P8       WITH
    C8                 0.613      5.356      0.114      0.909

 Intercepts
    P1                 0.000      0.000    999.000    999.000
    P2                 0.000      0.000    999.000    999.000
    P3                 0.000      0.000    999.000    999.000
    P4                 0.000      0.000    999.000    999.000
    P5                 0.000      0.000    999.000    999.000
    P6                 0.000      0.000    999.000    999.000
    P7                 0.000      0.000    999.000    999.000
    P8                 0.000      0.000    999.000    999.000
    C1                 0.000      0.000    999.000    999.000
    C2                 0.000      0.000    999.000    999.000
    C3                 0.000      0.000    999.000    999.000
    C4                 0.000      0.000    999.000    999.000
    C5                 0.000      0.000    999.000    999.000
    C6                 0.000      0.000    999.000    999.000
    C7                 0.000      0.000    999.000    999.000
    C8                 0.000      0.000    999.000    999.000
    IP               102.873      9.908     10.383      0.000
    SP                -0.476      3.045     -0.156      0.876
    IC                19.415      6.068      3.200      0.001
    SC                 1.837      1.100      1.670      0.095

 Residual Variances
    P1                73.335     14.710      4.985      0.000
    P2                73.335     14.710      4.985      0.000
    P3                73.335     14.710      4.985      0.000
    P4                73.335     14.710      4.985      0.000
    P5                73.335     14.710      4.985      0.000
    P6                73.335     14.710      4.985      0.000
    P7                73.335     14.710      4.985      0.000
    P8                73.335     14.710      4.985      0.000
    C1                23.603      2.295     10.284      0.000
    C2                23.603      2.295     10.284      0.000
    C3                23.603      2.295     10.284      0.000
    C4                23.603      2.295     10.284      0.000
    C5                23.603      2.295     10.284      0.000
    C6                23.603      2.295     10.284      0.000
    C7                23.603      2.295     10.284      0.000
    C8                23.603      2.295     10.284      0.000
    IP               211.978     81.572      2.599      0.009
    SP                 1.686      4.417      0.382      0.703
    IC                46.490     18.732      2.482      0.013
    SC                 0.067      0.466      0.144      0.886

New/Additional Parameters
    R_IPIC             0.284      0.297      0.955      0.339
    R_SPSC             0.218      3.384      0.064      0.949
    R_RES_PC           0.015      0.129      0.115      0.909


QUALITY OF NUMERICAL RESULTS

     Condition Number for the Information Matrix              0.216E-06
       (ratio of smallest to largest eigenvalue)


CONFIDENCE INTERVALS OF MODEL RESULTS

                  Lower .5%  Lower 2.5%    Lower 5%    Estimate    Upper 5%  Upper 2.5%   Upper .5%

 IP       ON
    BAGE            -1.653      -1.358      -1.207      -0.418       0.370       0.521       0.816
    EDUC            -1.163      -0.720      -0.493       0.693       1.878       2.105       2.549
    HEIGHT          -0.860      -0.645      -0.535       0.038       0.611       0.721       0.935

 SP       ON
    BAGE            -0.565      -0.464      -0.412      -0.143       0.127       0.178       0.279
    EDUC            -0.769      -0.649      -0.588      -0.269       0.050       0.111       0.230
    HEIGHT          -0.320      -0.235      -0.191       0.035       0.262       0.305       0.390

 IC       ON
    BAGE            -0.643      -0.412      -0.294       0.322       0.938       1.056       1.286
    EDUC            -0.537      -0.238      -0.085       0.713       1.511       1.663       1.962
    HEIGHT          -0.434      -0.329      -0.276       0.004       0.283       0.336       0.441

 SC       ON
    BAGE            -0.233      -0.198      -0.180      -0.087       0.007       0.025       0.060
    EDUC            -0.303      -0.251      -0.225      -0.087       0.050       0.077       0.128
    HEIGHT          -0.145      -0.118      -0.104      -0.033       0.038       0.052       0.079

 IP       WITH
    SP             -46.458     -34.972     -29.097       1.586      32.268      38.143      49.629
    IC             -51.124     -32.173     -22.479      28.145      78.769      88.463     107.414
    SC             -11.436      -7.985      -6.219       3.001      12.221      13.986      17.437

 SP       WITH
    IC             -15.460     -12.550     -11.061      -3.288       4.486       5.974       8.884
    SC              -3.009      -2.272      -1.895       0.073       2.041       2.418       3.155

 IC       WITH
    SC              -6.479      -4.936      -4.147      -0.026       4.096       4.885       6.428

 P1       WITH
    C1             -13.184      -9.885      -8.198       0.613       9.424      11.111      14.409

 P2       WITH
    C2             -13.184      -9.885      -8.198       0.613       9.424      11.111      14.409

 P3       WITH
    C3             -13.184      -9.885      -8.198       0.613       9.424      11.111      14.409

 P4       WITH
    C4             -13.184      -9.885      -8.198       0.613       9.424      11.111      14.409

 P5       WITH
    C5             -13.184      -9.885      -8.198       0.613       9.424      11.111      14.409

 P6       WITH
    C6             -13.184      -9.885      -8.198       0.613       9.424      11.111      14.409

 P7       WITH
    C7             -13.184      -9.885      -8.198       0.613       9.424      11.111      14.409

 P8       WITH
    C8             -13.184      -9.885      -8.198       0.613       9.424      11.111      14.409

 Intercepts
    P1               0.000       0.000       0.000       0.000       0.000       0.000       0.000
    P2               0.000       0.000       0.000       0.000       0.000       0.000       0.000
    P3               0.000       0.000       0.000       0.000       0.000       0.000       0.000
    P4               0.000       0.000       0.000       0.000       0.000       0.000       0.000
    P5               0.000       0.000       0.000       0.000       0.000       0.000       0.000
    P6               0.000       0.000       0.000       0.000       0.000       0.000       0.000
    P7               0.000       0.000       0.000       0.000       0.000       0.000       0.000
    P8               0.000       0.000       0.000       0.000       0.000       0.000       0.000
    C1               0.000       0.000       0.000       0.000       0.000       0.000       0.000
    C2               0.000       0.000       0.000       0.000       0.000       0.000       0.000
    C3               0.000       0.000       0.000       0.000       0.000       0.000       0.000
    C4               0.000       0.000       0.000       0.000       0.000       0.000       0.000
    C5               0.000       0.000       0.000       0.000       0.000       0.000       0.000
    C6               0.000       0.000       0.000       0.000       0.000       0.000       0.000
    C7               0.000       0.000       0.000       0.000       0.000       0.000       0.000
    C8               0.000       0.000       0.000       0.000       0.000       0.000       0.000
    IP              77.351      83.453      86.574     102.873     119.172     122.293     128.394
    SP              -8.320      -6.445      -5.485      -0.476       4.534       5.494       7.369
    IC               3.786       7.522       9.434      19.415      29.397      31.308      35.045
    SC              -0.996      -0.319       0.028       1.837       3.647       3.993       4.671

 Residual Variances
    P1              35.445      44.504      49.137      73.335      97.534     102.167     111.226
    P2              35.445      44.504      49.137      73.335      97.534     102.167     111.226
    P3              35.445      44.504      49.137      73.335      97.534     102.167     111.226
    P4              35.445      44.504      49.137      73.335      97.534     102.167     111.226
    P5              35.445      44.504      49.137      73.335      97.534     102.167     111.226
    P6              35.445      44.504      49.137      73.335      97.534     102.167     111.226
    P7              35.445      44.504      49.137      73.335      97.534     102.167     111.226
    P8              35.445      44.504      49.137      73.335      97.534     102.167     111.226
    C1              17.691      19.105      19.828      23.603      27.379      28.102      29.516
    C2              17.691      19.105      19.828      23.603      27.379      28.102      29.516
    C3              17.691      19.105      19.828      23.603      27.379      28.102      29.516
    C4              17.691      19.105      19.828      23.603      27.379      28.102      29.516
    C5              17.691      19.105      19.828      23.603      27.379      28.102      29.516
    C6              17.691      19.105      19.828      23.603      27.379      28.102      29.516
    C7              17.691      19.105      19.828      23.603      27.379      28.102      29.516
    C8              17.691      19.105      19.828      23.603      27.379      28.102      29.516
    IP               1.864      52.096      77.792     211.978     346.165     371.860     422.092
    SP              -9.692      -6.972      -5.580       1.686       8.953      10.344      13.064
    IC              -1.760       9.776      15.676      46.490      77.304      83.204      94.739
    SC              -1.133      -0.846      -0.700       0.067       0.834       0.980       1.267

New/Additional Parameters
    R_IPIC          -0.481      -0.298      -0.205       0.284       0.772       0.865       1.048
    R_SPSC          -8.498      -6.414      -5.349       0.218       5.784       6.850       8.934
    R_RES_PC        -0.316      -0.237      -0.197       0.015       0.226       0.267       0.346


DIAGRAM INFORMATION

  Use View Diagram under the Diagram menu in the Mplus Editor to view the diagram.
  If running Mplus from the Mplus Diagrammer, the diagram opens automatically.

  Diagram output
    c:\users\andrea zammit\documents\github\ialsa-2015-portland\studies\eas\gait\b1_male_aeh_walking

     Beginning Time:  10:45:13
        Ending Time:  10:45:18
       Elapsed Time:  00:00:05



MUTHEN & MUTHEN
3463 Stoner Ave.
Los Angeles, CA  90066

Tel: (310) 391-9971
Fax: (310) 391-8971
Web: www.StatModel.com
Support: Support@StatModel.com

Copyright (c) 1998-2014 Muthen & Muthen
