Mplus VERSION 5.21
MUTHEN & MUTHEN
03/03/2015  10:56 AM

INPUT INSTRUCTIONS


     TITLE: pek, psif,  model 1: age, male

                DATA:  File = C:\Users\novalis\Desktop\IALSA\octomult_12aug2010.dat;


                              VARIABLE: Names are
       Case PairID TwinID Zygosity Female Educyrs Educcat SESgrp Resgrp Smoke
    SESChild SESChOth  HlthLif CogPrev LonelyE
    Dead DeadAge YTDead TotDem DemEver DemType DemAge YTDem
    time1 time2 time3 time4 time5
    dedtime1 dedtime2 dedtime3 dedtime4 dedtime5 tvdead1 tvdead2 tvdead3 tvdead4 tvdead
    demtime1 demtime2 demtime3 demtime4 demtime5 tvdem1 tvdem2 tvdem3 tvdem4 tvdem5
    CompAge1-CompAge5 Marital1-Marital5 weight1-weight5 height1-height5 bmi1-bmi5
    SRhlth1-SRhlth5 living1-living5
    SR2hlth1-SR2hlth5 SROhlth1-SROhlth5 HlthPrv1-HlthPrv5 HlthTra1-HlthTra5
    CogPres1-CogPres5 AGames1-AGames5 ACross1-ACross5
    ALiter1-ALiter5 AWrite1-AWrite5 AStudy1-AStudy5 AOther1-AOther5
    LonelyP1-LonelyP5 FrTalk1-FrTalk5 FrPart1-FrPart5
    LackCo1-LackCo5 Abandon1-Abandon5 NumFr1-NumFr5 NumPref1-NumPref5 SeeChGr1-SeeChGr5
    pek1-pek5 gripp1-gripp5 chr5tim1-chr5tim5 padl1-padl5 iadl1-iadl5
    digspf1-digspf5 digspb1-digspb5 prose1-prose5 block1-block5 info1-info5
    synnum1-synnum5 figure1-figure5 digsym1-digsym5 psif1-psif5
    mirnam1-mirnam5 mirrcl1-mirrcl5 mirrcg1-mirrcg5 mircor1-mircor5 clock1-clock5
    mmse1-mmse5 mismmse1-mismmse5 fmmse1-fmmse5
    highBP1-highBP5 sbp1-sbp5 dbp1-dbp5 diab1-diab5;

              MISSING are .; !specification of missing observations coded in data file
             USEVAR are  time1 time2 time3 time4
                         p1 p2 p3 p4
                         c1 c2 c3 c4
                         Bage;
             TSCORES =   time1 time2 time3 time4;

             CLUSTER = PairID;      !(when cluster: see subpopulation and Analysis)

             SUBPOPULATION are DemEver EQ 0 and female EQ 0; ! (use USEOBSERVATIONS when no

      Define: p1=pek1; p2=pek2; p3=pek3; p4=pek4;
              c1=psif1; c2=psif2; c3=psif3; c4=psif4;
              Bage=compage1-80;   !Centered at Age 80
              Sex=female;         !0=Male
              Educ=Educyrs-7;     ! Centered at 7 years
              SEP=SESgrp;
              Height=Height1-172; !(Centered as: women = 160, men = 172)
              SmokHist=Smoke;
              Diabetes=diab1;


      ANALYSIS: TYPE = RANDOM COMPLEX; !Type of analysis requested, when cluster=complex, ot

      MODEL:  ip sp | p1-p4 AT time1-time4;
              ic sc | c1-c4 AT time1-time4;

              ip sp ic sc ON Bage;

              p1-p4 (res_p);
              c1-c4 (res_c);

              p1-p4 pwith c1-c4(res_cov); !Paired covariances constrained to be equal across

      OUTPUT: sampstat;



*** WARNING
  Input line exceeded 90 characters. Some input may be truncated.
             SUBPOPULATION are DemEver EQ 0 and female EQ 0; ! (use USEOBSERVATIONS when n
*** WARNING
  Input line exceeded 90 characters. Some input may be truncated.
      ANALYSIS: TYPE = RANDOM COMPLEX; !Type of analysis requested, when cluster=complex,
*** WARNING
  Data set contains cases with missing on all variables except
  x-variables.  These cases were not included in the analysis.
  Number of cases with missing on all variables except x-variables:  168
   3 WARNING(S) FOUND IN THE INPUT INSTRUCTIONS



pek, psif,  model 1: age, male

SUMMARY OF ANALYSIS

Number of groups                                                 1
Number of observations                                         135

Number of dependent variables                                    8
Number of independent variables                                  1
Number of continuous latent variables                            4

Observed dependent variables

  Continuous
   P1          P2          P3          P4          C1          C2
   C3          C4

Observed independent variables
   BAGE

Continuous latent variables
   IP          SP          IC          SC

Variables with special functions

  Cluster variable      PAIRID
  Weight variable       _WEIGHT
  Time scores
   TIME1       TIME2       TIME3       TIME4


Estimator                                                      MLR
Information matrix                                        OBSERVED
Maximum number of iterations                                   100
Convergence criterion                                    0.100D-05
Maximum number of EM iterations                                500
Convergence criteria for the EM algorithm
  Loglikelihood change                                   0.100D-02
  Relative loglikelihood change                          0.100D-05
  Derivative                                             0.100D-03
Minimum variance                                         0.100D-03
Maximum number of steepest descent iterations                   20
Maximum number of iterations for H1                           2000
Convergence criterion for H1                             0.100D-03
Optimization algorithm                                         EMA

Input data file(s)
  C:\Users\novalis\Desktop\IALSA\octomult_12aug2010.dat
Input data format  FREE



SAMPLE STATISTICS


     ESTIMATED SAMPLE STATISTICS


           Means
              P1            P2            P3            P4            C1
              ________      ________      ________      ________      ________
 1            388.590       394.467       368.575       354.040        10.511


           Means
              C2            C3            C4            BAGE
              ________      ________      ________      ________
 1              9.331         9.566         8.910         2.810


           Covariances
              P1            P2            P3            P4            C1
              ________      ________      ________      ________      ________
 P1         13396.667
 P2         10795.596     13530.169
 P3          9913.668      9068.096     11416.002
 P4          8551.180      9061.623      7429.841     11245.635
 C1           153.426        88.570       142.821        67.541        14.107
 C2           165.028       128.996       159.227       158.731         9.369
 C3           140.188       157.099       148.610       115.722         7.297
 C4            -6.394        11.917        36.795        10.324         7.782
 BAGE         -73.833       -91.371       -92.435       -57.315        -2.388


           Covariances
              C2            C3            C4            BAGE
              ________      ________      ________      ________
 C2            13.571
 C3             9.709        12.707
 C4            10.169        11.634        16.593
 BAGE          -2.137        -2.336         0.156         6.903


           Correlations
              P1            P2            P3            P4            C1
              ________      ________      ________      ________      ________
 P1             1.000
 P2             0.802         1.000
 P3             0.802         0.730         1.000
 P4             0.697         0.735         0.656         1.000
 C1             0.353         0.203         0.356         0.170         1.000
 C2             0.387         0.301         0.405         0.406         0.677
 C3             0.340         0.379         0.390         0.306         0.545
 C4            -0.014         0.025         0.085         0.024         0.509
 BAGE          -0.243        -0.299        -0.329        -0.206        -0.242


           Correlations
              C2            C3            C4            BAGE
              ________      ________      ________      ________
 C2             1.000
 C3             0.739         1.000
 C4             0.678         0.801         1.000
 BAGE          -0.221        -0.249         0.015         1.000


     MAXIMUM LOG-LIKELIHOOD VALUE FOR THE UNRESTRICTED (H1) MODEL IS -11051.427


THE MODEL ESTIMATION TERMINATED NORMALLY



TESTS OF MODEL FIT

Loglikelihood

          H0 Value                       -2496.145
          H0 Scaling Correction Factor       1.025
            for MLR

Information Criteria

          Number of Free Parameters             21
          Akaike (AIC)                    5034.290
          Bayesian (BIC)                  5095.301
          Sample-Size Adjusted BIC        5028.871
            (n* = (n + 2) / 24)



MODEL RESULTS

                                                    Two-Tailed
                    Estimate       S.E.  Est./S.E.    P-Value

 IP         ON
    BAGE             -11.755      4.300     -2.733      0.006

 SP         ON
    BAGE               0.242      0.948      0.256      0.798

 IC         ON
    BAGE              -0.379      0.138     -2.750      0.006

 SC         ON
    BAGE               0.026      0.046      0.571      0.568

 SP       WITH
    IP              -401.202    175.214     -2.290      0.022

 IC       WITH
    IP               130.623     42.900      3.045      0.002
    SP                -7.929      5.912     -1.341      0.180

 SC       WITH
    IP                -8.338     11.812     -0.706      0.480
    SP                 1.909      0.960      1.989      0.047
    IC                -0.259      0.427     -0.606      0.545

 P1       WITH
    C1               -12.082     11.449     -1.055      0.291

 P2       WITH
    C2               -12.082     11.449     -1.055      0.291

 P3       WITH
    C3               -12.082     11.449     -1.055      0.291

 P4       WITH
    C4               -12.082     11.449     -1.055      0.291

 Intercepts
    P1                 0.000      0.000    999.000    999.000
    P2                 0.000      0.000    999.000    999.000
    P3                 0.000      0.000    999.000    999.000
    P4                 0.000      0.000    999.000    999.000
    C1                 0.000      0.000    999.000    999.000
    C2                 0.000      0.000    999.000    999.000
    C3                 0.000      0.000    999.000    999.000
    C4                 0.000      0.000    999.000    999.000
    IP               427.734     16.229     26.356      0.000
    SP                -6.705      2.467     -2.718      0.007
    IC                11.419      0.568     20.098      0.000
    SC                -0.349      0.142     -2.460      0.014

 Residual Variances
    P1              3022.373    526.265      5.743      0.000
    P2              3022.373    526.265      5.743      0.000
    P3              3022.373    526.265      5.743      0.000
    P4              3022.373    526.265      5.743      0.000
    C1                 3.700      0.596      6.206      0.000
    C2                 3.700      0.596      6.206      0.000
    C3                 3.700      0.596      6.206      0.000
    C4                 3.700      0.596      6.206      0.000
    IP             10163.155   1488.638      6.827      0.000
    SP                38.469     23.582      1.631      0.103
    IC                 8.549      1.934      4.421      0.000
    SC                 0.190      0.111      1.716      0.086


QUALITY OF NUMERICAL RESULTS

     Condition Number for the Information Matrix              0.703E-04
       (ratio of smallest to largest eigenvalue)


     Beginning Time:  10:56:13
        Ending Time:  10:58:19
       Elapsed Time:  00:02:06



MUTHEN & MUTHEN
3463 Stoner Ave.
Los Angeles, CA  90066

Tel: (310) 391-9971
Fax: (310) 391-8971
Web: www.StatModel.com
Support: Support@StatModel.com

Copyright (c) 1998-2009 Muthen & Muthen
