Mplus VERSION 7.4 (Mac)
MUTHEN & MUTHEN
02/08/2017   9:32 PM

INPUT INSTRUCTIONS

  TITLE:
  Script produced from the prototype in ./sandbox/syntax-creator/
  DATA:
  File = wide-dataset.dat ;
  VARIABLE:
  NAMES are
   id male age_c70 edu_c7 htm_c smoke cardio diabetes dementia_ever
      dementia_baseline bnt_00 bnt_01 bnt_02 bnt_03 bnt_04 bnt_05 bnt_06 bnt_07
      bnt_08 bnt_09 bnt_10 bnt_11 bnt_12 bnt_13 bnt_14 bnt_15 bnt_16 bnt_17
      bnt_18 bostordel_00 bostordel_01 bostordel_02 bostordel_03 bostordel_04
      bostordel_05 bostordel_06 bostordel_07 bostordel_08 bostordel_09 bostordel_10
      bostordel_11 bostordel_12 bostordel_13 bostordel_14 bostordel_15 bostordel_16
      bostordel_17 bostordel_18 bostorim_00 bostorim_01 bostorim_02 bostorim_03
      bostorim_04 bostorim_05 bostorim_06 bostorim_07 bostorim_08 bostorim_09
      bostorim_10 bostorim_11 bostorim_12 bostorim_13 bostorim_14 bostorim_15
      bostorim_16 bostorim_17 bostorim_18 catfluency_00 catfluency_01 catfluency_02
      catfluency_03 catfluency_04 catfluency_05 catfluency_06 catfluency_07
      catfluency_08 catfluency_09 catfluency_10 catfluency_11 catfluency_12
      catfluency_13 catfluency_14 catfluency_15 catfluency_16 catfluency_17
      catfluency_18 complexideas_00 complexideas_01 complexideas_02 complexideas_03
      complexideas_04 complexideas_05 complexideas_06 complexideas_07 complexideas_08
      complexideas_09 complexideas_10 complexideas_11 complexideas_12 complexideas_13
      complexideas_14 complexideas_15 complexideas_16 complexideas_17 complexideas_18
      digitbackward_00 digitbackward_01 digitbackward_02 digitbackward_03
      digitbackward_04 digitbackward_05 digitbackward_06 digitbackward_07
      digitbackward_08 digitbackward_09 digitbackward_10 digitbackward_11
      digitbackward_12 digitbackward_13 digitbackward_14 digitbackward_15
      digitbackward_16 digitbackward_17 digitbackward_18 digitforward_00
      digitforward_01 digitforward_02 digitforward_03 digitforward_04 digitforward_05
      digitforward_06 digitforward_07 digitforward_08 digitforward_09 digitforward_10
      digitforward_11 digitforward_12 digitforward_13 digitforward_14 digitforward_15
      digitforward_16 digitforward_17 digitforward_18 digitorder_00 digitorder_01
      digitorder_02 digitorder_03 digitorder_04 digitorder_05 digitorder_06
      digitorder_07 digitorder_08 digitorder_09 digitorder_10 digitorder_11
      digitorder_12 digitorder_13 digitorder_14 digitorder_15 digitorder_16
      digitorder_17 digitorder_18 fev_00 fev_01 fev_02 fev_03 fev_04 fev_05 fev_06
      fev_07 fev_08 fev_09 fev_10 fev_11 fev_12 fev_13 fev_14 fev_15 fev_16 fev_17
      fev_18 fev100_00 fev100_01 fev100_02 fev100_03 fev100_04 fev100_05 fev100_06
      fev100_07 fev100_08 fev100_09 fev100_10 fev100_11 fev100_12 fev100_13 fev100_14
      fev100_15 fev100_16 fev100_17 fev100_18 gait_00 gait_01 gait_02 gait_03 gait_04
      gait_05 gait_06 gait_07 gait_08 gait_09 gait_10 gait_11 gait_12 gait_13 gait_14
      gait_15 gait_16 gait_17 gait_18 grip_00 grip_01 grip_02 grip_03 grip_04 grip_05
      grip_06 grip_07 grip_08 grip_09 grip_10 grip_11 grip_12 grip_13 grip_14 grip_15
      grip_16 grip_17 grip_18 lineorientation_00 lineorientation_01 lineorientation_02
      lineorientation_03 lineorientation_04 lineorientation_05 lineorientation_06
      lineorientation_07 lineorientation_08 lineorientation_09 lineorientation_10
      lineorientation_11 lineorientation_12 lineorientation_13 lineorientation_14
      lineorientation_15 lineorientation_16 lineorientation_17 lineorientation_18
      logimemdel_00 logimemdel_01 logimemdel_02 logimemdel_03 logimemdel_04
      logimemdel_05 logimemdel_06 logimemdel_07 logimemdel_08 logimemdel_09
      logimemdel_10 logimemdel_11 logimemdel_12 logimemdel_13 logimemdel_14
      logimemdel_15 logimemdel_16 logimemdel_17 logimemdel_18 logimemim_00
      logimemim_01 logimemim_02 logimemim_03 logimemim_04 logimemim_05 logimemim_06
      logimemim_07 logimemim_08 logimemim_09 logimemim_10 logimemim_11 logimemim_12
      logimemim_13 logimemim_14 logimemim_15 logimemim_16 logimemim_17 logimemim_18
      matrices_00 matrices_01 matrices_02 matrices_03 matrices_04 matrices_05
      matrices_06 matrices_07 matrices_08 matrices_09 matrices_10 matrices_11
      matrices_12 matrices_13 matrices_14 matrices_15 matrices_16 matrices_17
      matrices_18 mmse_00 mmse_01 mmse_02 mmse_03 mmse_04 mmse_05 mmse_06 mmse_07
      mmse_08 mmse_09 mmse_10 mmse_11 mmse_12 mmse_13 mmse_14 mmse_15 mmse_16 mmse_17
      mmse_18 nart_00 nart_01 nart_02 nart_03 nart_04 nart_05 nart_06 nart_07 nart_08
      nart_09 nart_10 nart_11 nart_12 nart_13 nart_14 nart_15 nart_16 nart_17 nart_18
      numbercomparison_00 numbercomparison_01 numbercomparison_02 numbercomparison_03
      numbercomparison_04 numbercomparison_05 numbercomparison_06 numbercomparison_07
      numbercomparison_08 numbercomparison_09 numbercomparison_10 numbercomparison_11
      numbercomparison_12 numbercomparison_13 numbercomparison_14 numbercomparison_15
      numbercomparison_16 numbercomparison_17 numbercomparison_18 symbol_00
      symbol_01 symbol_02 symbol_03 symbol_04 symbol_05 symbol_06 symbol_07 symbol_08
      symbol_09 symbol_10 symbol_11 symbol_12 symbol_13 symbol_14 symbol_15 symbol_16
      symbol_17 symbol_18 wordlistdel_00 wordlistdel_01 wordlistdel_02 wordlistdel_03
      wordlistdel_04 wordlistdel_05 wordlistdel_06 wordlistdel_07 wordlistdel_08
      wordlistdel_09 wordlistdel_10 wordlistdel_11 wordlistdel_12 wordlistdel_13
      wordlistdel_14 wordlistdel_15 wordlistdel_16 wordlistdel_17 wordlistdel_18
      wordlistim_00 wordlistim_01 wordlistim_02 wordlistim_03 wordlistim_04
      wordlistim_05 wordlistim_06 wordlistim_07 wordlistim_08 wordlistim_09
      wordlistim_10 wordlistim_11 wordlistim_12 wordlistim_13 wordlistim_14
      wordlistim_15 wordlistim_16 wordlistim_17 wordlistim_18 wordlistrecog_00
      wordlistrecog_01 wordlistrecog_02 wordlistrecog_03 wordlistrecog_04
      wordlistrecog_05 wordlistrecog_06 wordlistrecog_07 wordlistrecog_08
      wordlistrecog_09 wordlistrecog_10 wordlistrecog_11 wordlistrecog_12
      wordlistrecog_13 wordlistrecog_14 wordlistrecog_15 wordlistrecog_16
      wordlistrecog_17 wordlistrecog_18 years_since_bl_00 years_since_bl_01
      years_since_bl_02 years_since_bl_03 years_since_bl_04 years_since_bl_05
      years_since_bl_06 years_since_bl_07 years_since_bl_08 years_since_bl_09
      years_since_bl_10 years_since_bl_11 years_since_bl_12 years_since_bl_13
      years_since_bl_14 years_since_bl_15 years_since_bl_16 years_since_bl_17
      years_since_bl_18
  	;
  Missing are all (-9999);
  USEVARIABLES are
  	!define the variables used in the analysis
  	! covariates used in the model
  age_c70
  edu_c7
  htm_c	
  	!estimated time points
  time_00
  time_01
  time_02
  time_03
  time_04
  	!modelled time points of process (A)
  a_00
  a_01
  a_02
  a_03
  a_04
  	!modelled time points of process (B)
  b_00
  b_01
  b_02
  b_03
  b_04
  ;
  TSCORES are
  	!estimated time points
  time_00
  time_01
  time_02
  time_03
  time_04;
  USEOBSERVATIONS are
  	!select a subset of observations
  male EQ 1
  and
  id NE 0
  ;
  DEFINE:
  	! assign variables to the process (A)
  a_00=fev_00;
  a_01=fev_01;
  a_02=fev_02;
  a_03=fev_03;
  a_04=fev_04;
  	! assign variables to the process (B)
  b_00=mmse_00;
  b_01=mmse_01;
  b_02=mmse_02;
  b_03=mmse_03;
  b_04=mmse_04;
  	!assign variables to time points
  time_00=years_since_bl_00;
  time_01=years_since_bl_01;
  time_02=years_since_bl_02;
  time_03=years_since_bl_03;
  time_04=years_since_bl_04;
  	
  ANALYSIS:
  TYPE = RANDOM;
  COVERAGE=.00;
  MODEL:
  	!first-level equation
  	! assign process (A) to time points
  ia sa | a_00 AT time_00 ;
  ia sa | a_01 AT time_01 ;
  ia sa | a_02 AT time_02 ;
  ia sa | a_03 AT time_03 ;
  ia sa | a_04 AT time_04 ;
  	! assign process (B) to time points
  ib sb | b_00 AT time_00 ;
  ib sb | b_01 AT time_01 ;
  ib sb | b_02 AT time_02 ;
  ib sb | b_03 AT time_03 ;
  ib sb | b_04 AT time_04 ;
  	!variance of the first-level terms
  ia (v_ia);
  sa (v_sa);
  ib (v_ib);
  sb (v_sb);
  	!covariance among first-level terms
  ia WITH sa (c_iasa);
  ia WITH ib (c_iaib);
  ia WITH sb (c_iasb);
  sa WITH ib (c_saib);
  sa WITH sb (c_sasb);
  ib WITH sb (c_ibsb);
  	!second-level equation
  ia sa ib sb ON age_c70
  edu_c7
  htm_c;
  	!residual covariance of process (A)
  a_00 (res_a);
  a_01 (res_a);
  a_02 (res_a);
  a_03 (res_a);
  a_04 (res_a);	
  	!residual covariance of process (B)
  b_00 (res_b);
  b_01 (res_b);
  b_02 (res_b);
  b_03 (res_b);
  b_04 (res_b);	
  	!Paired covariances constrained to be equal across t
  a_00 pwith b_00 (res_cov);
  a_01 pwith b_01 (res_cov);
  a_02 pwith b_02 (res_cov);
  a_03 pwith b_03 (res_cov);
  a_04 pwith b_04 (res_cov);	
  MODEL CONSTRAINT:
  	!assigns labels to new parameters;
  NEW r_iaib;
  NEW r_sasb;
  NEW r_res_ab;
  	!compute confidence intervals for correlation coefficients;
  r_iaib = c_iaib/((v_ia**0.5)*(v_ib**0.5));
  r_sasb = c_sasb/((v_sa**0.5)*(v_sb**0.5));
  r_res_ab = res_cov/((res_a**0.5)*(res_b**0.5));
  SAVEDATA:
  FILE is   b1_male_aeh_fev_mmse_fscores.dat;
  SAVE = FSCORES;
  RESULTS are   b1_male_aeh_fev_mmse_results.dat;
  	
  OUTPUT: sampstat cinterval;
  PLOT: Type is Plot1 Plot2 Plot3;



*** WARNING
  Data set contains cases with missing on x-variables.
  These cases were not included in the analysis.
  Number of cases with missing on x-variables:  7
   1 WARNING(S) FOUND IN THE INPUT INSTRUCTIONS




Script produced from the prototype in ./sandbox/syntax-creator/

SUMMARY OF ANALYSIS

Number of groups                                                 1
Number of observations                                         478

Number of dependent variables                                   10
Number of independent variables                                  3
Number of continuous latent variables                            4

Observed dependent variables

  Continuous
   A_00        A_01        A_02        A_03        A_04        B_00
   B_01        B_02        B_03        B_04

Observed independent variables
   AGE_C70     EDU_C7      HTM_C

Continuous latent variables
   IA          SA          IB          SB

Variables with special functions

  Time scores
   TIME_00     TIME_01     TIME_02     TIME_03     TIME_04


Estimator                                                      MLR
Information matrix                                        OBSERVED
Maximum number of iterations                                   100
Convergence criterion                                    0.100D-05
Maximum number of EM iterations                                500
Convergence criteria for the EM algorithm
  Loglikelihood change                                   0.100D-02
  Relative loglikelihood change                          0.100D-05
  Derivative                                             0.100D-03
Minimum variance                                         0.100D-03
Maximum number of steepest descent iterations                   20
Maximum number of iterations for H1                           2000
Convergence criterion for H1                             0.100D-03
Optimization algorithm                                         EMA

Input data file(s)
  wide-dataset.dat
Input data format  FREE


SUMMARY OF DATA

     Number of missing data patterns            69


COVARIANCE COVERAGE OF DATA

Minimum covariance coverage value   0.000


     PROPORTION OF DATA PRESENT


           Covariance Coverage
              A_00          A_01          A_02          A_03          A_04
              ________      ________      ________      ________      ________
 A_00           0.833
 A_01           0.603         0.607
 A_02           0.492         0.452         0.504
 A_03           0.370         0.328         0.337         0.381
 A_04           0.247         0.209         0.220         0.222         0.333
 B_00           0.833         0.607         0.504         0.381         0.333
 B_01           0.728         0.603         0.498         0.372         0.322
 B_02           0.626         0.542         0.504         0.368         0.322
 B_03           0.542         0.462         0.446         0.377         0.324
 B_04           0.460         0.395         0.377         0.339         0.326
 AGE_C70        0.833         0.607         0.504         0.381         0.333
 EDU_C7         0.833         0.607         0.504         0.381         0.333
 HTM_C          0.833         0.607         0.504         0.381         0.333


           Covariance Coverage
              B_00          B_01          B_02          B_03          B_04
              ________      ________      ________      ________      ________
 B_00           1.000
 B_01           0.862         0.862
 B_02           0.745         0.728         0.745
 B_03           0.644         0.630         0.617         0.644
 B_04           0.550         0.533         0.523         0.529         0.550
 AGE_C70        1.000         0.862         0.745         0.644         0.550
 EDU_C7         1.000         0.862         0.745         0.644         0.550
 HTM_C          1.000         0.862         0.745         0.644         0.550


           Covariance Coverage
              AGE_C70       EDU_C7        HTM_C
              ________      ________      ________
 AGE_C70        1.000
 EDU_C7         1.000         1.000
 HTM_C          1.000         1.000         1.000


SAMPLE STATISTICS


     ESTIMATED SAMPLE STATISTICS


           Means
              A_00          A_01          A_02          A_03          A_04
              ________      ________      ________      ________      ________
 1              2.110         2.067         1.968         1.947         1.893


           Means
              B_00          B_01          B_02          B_03          B_04
              ________      ________      ________      ________      ________
 1             26.637        26.329        25.607        24.995        24.427


           Means
              AGE_C70       EDU_C7        HTM_C
              ________      ________      ________
 1             10.561         8.479         0.015


           Covariances
              A_00          A_01          A_02          A_03          A_04
              ________      ________      ________      ________      ________
 A_00           0.389
 A_01           0.332         0.347
 A_02           0.340         0.325         0.402
 A_03           0.337         0.324         0.343         0.387
 A_04           0.342         0.336         0.340         0.358         0.397
 B_00           0.474         0.610         0.526         0.450         0.749
 B_01           0.433         0.568         0.556         0.503         0.869
 B_02           0.546         0.669         0.672         0.567         0.805
 B_03           0.669         0.808         0.784         0.774         1.258
 B_04           0.643         0.741         0.637         0.645         1.135
 AGE_C70       -1.375        -1.313        -1.351        -1.658        -1.729
 EDU_C7         0.478         0.495         0.498         0.346         0.468
 HTM_C          0.013         0.013         0.013         0.015         0.012


           Covariances
              B_00          B_01          B_02          B_03          B_04
              ________      ________      ________      ________      ________
 B_00          17.160
 B_01          16.898        22.854
 B_02          17.930        22.704        31.261
 B_03          21.120        26.908        32.072        42.159
 B_04          22.410        28.835        35.633        43.506        50.977
 AGE_C70       -7.564        -7.797        -9.186       -12.883       -12.991
 EDU_C7         2.657         1.964         1.796         2.531         1.727
 HTM_C          0.033         0.019         0.041         0.034         0.031


           Covariances
              AGE_C70       EDU_C7        HTM_C
              ________      ________      ________
 AGE_C70       49.462
 EDU_C7         0.813        13.308
 HTM_C         -0.068         0.071         0.006


           Correlations
              A_00          A_01          A_02          A_03          A_04
              ________      ________      ________      ________      ________
 A_00           1.000
 A_01           0.905         1.000
 A_02           0.858         0.871         1.000
 A_03           0.867         0.883         0.869         1.000
 A_04           0.872         0.905         0.851         0.915         1.000
 B_00           0.184         0.250         0.200         0.175         0.287
 B_01           0.145         0.202         0.183         0.169         0.289
 B_02           0.157         0.203         0.190         0.163         0.229
 B_03           0.165         0.211         0.190         0.192         0.308
 B_04           0.144         0.176         0.141         0.145         0.252
 AGE_C70       -0.313        -0.317        -0.303        -0.379        -0.390
 EDU_C7         0.210         0.231         0.215         0.153         0.204
 HTM_C          0.271         0.303         0.284         0.319         0.253


           Correlations
              B_00          B_01          B_02          B_03          B_04
              ________      ________      ________      ________      ________
 B_00           1.000
 B_01           0.853         1.000
 B_02           0.774         0.849         1.000
 B_03           0.785         0.867         0.883         1.000
 B_04           0.758         0.845         0.893         0.938         1.000
 AGE_C70       -0.260        -0.232        -0.234        -0.282        -0.259
 EDU_C7         0.176         0.113         0.088         0.107         0.066
 HTM_C          0.105         0.054         0.098         0.070         0.057


           Correlations
              AGE_C70       EDU_C7        HTM_C
              ________      ________      ________
 AGE_C70        1.000
 EDU_C7         0.032         1.000
 HTM_C         -0.129         0.259         1.000


     MAXIMUM LOG-LIKELIHOOD VALUE FOR THE UNRESTRICTED (H1) MODEL IS -7218.678


UNIVARIATE SAMPLE STATISTICS


     UNIVARIATE HIGHER-ORDER MOMENT DESCRIPTIVE STATISTICS

         Variable/         Mean/     Skewness/   Minimum/ % with                Percentiles
        Sample Size      Variance    Kurtosis    Maximum  Min/Max      20%/60%    40%/80%    Median

     A_00                  2.114      -0.121       0.420    0.25%       1.570      1.950      2.123
             398.000       0.402      -0.305       3.930    0.25%       2.295      2.665
     A_01                  2.126      -0.170       0.705    0.34%       1.600      2.015      2.160
             290.000       0.315      -0.380       3.605    0.34%       2.265      2.620
     A_02                  2.044      -0.032       0.585    0.41%       1.550      1.860      2.045
             241.000       0.364      -0.440       3.630    0.41%       2.235      2.575
     A_03                  2.022      -0.149       0.715    0.55%       1.565      1.925      2.047
             182.000       0.311      -0.183       3.490    0.55%       2.150      2.450
     A_04                  1.996      -0.149       0.435    0.63%       1.425      1.890      2.005
             159.000       0.299      -0.348       3.285    0.63%       2.145      2.495
     B_00                 26.637      -2.892       1.000    0.21%      25.000     27.000     28.000
             478.000      17.160      10.961      30.000   15.69%      28.000     29.000
     B_01                 26.491      -3.027       0.000    0.73%      25.000     27.000     28.000
             412.000      20.948      11.622      30.000   17.23%      28.000     29.000
     B_02                 26.270      -2.801       0.000    0.56%      25.000     27.000     28.000
             356.000      23.947       9.186      30.000   13.20%      28.000     29.000
     B_03                 26.193      -2.751       0.000    0.97%      25.000     27.000     28.000
             308.000      26.360       8.747      30.000   17.86%      28.000     29.000
     B_04                 26.164      -2.488       2.000    0.38%      25.000     27.000     28.000
             263.000      23.878       7.067      30.000   14.07%      28.000     29.000
     AGE_C70              10.561      -0.498     -12.094    0.21%       5.069      9.562     11.589
             478.000      49.462       0.194      28.508    0.21%      12.979     16.204
     EDU_C7                8.479      -0.324      -7.000    0.21%       5.000      8.000      9.000
             478.000      13.308       1.567      21.000    0.42%       9.000     11.000
     HTM_C                 0.015      -0.448      -0.298    0.21%      -0.044      0.007      0.020
             478.000       0.006       0.574       0.185    0.84%       0.033      0.083


THE MODEL ESTIMATION TERMINATED NORMALLY



MODEL FIT INFORMATION

Number of Free Parameters                       29

Loglikelihood

          H0 Value                       -4964.563
          H0 Scaling Correction Factor      1.6809
            for MLR

Information Criteria

          Akaike (AIC)                    9987.125
          Bayesian (BIC)                 10108.044
          Sample-Size Adjusted BIC       10016.002
            (n* = (n + 2) / 24)



MODEL RESULTS

                                                    Two-Tailed
                    Estimate       S.E.  Est./S.E.    P-Value

 IA         ON
    AGE_C70           -0.025      0.003     -7.160      0.000
    EDU_C7             0.030      0.007      4.090      0.000
    HTM_C              1.613      0.354      4.559      0.000

 SA         ON
    AGE_C70           -0.002      0.001     -2.031      0.042
    EDU_C7            -0.001      0.002     -0.550      0.582
    HTM_C              0.029      0.100      0.287      0.774

 IB         ON
    AGE_C70           -0.145      0.024     -6.085      0.000
    EDU_C7             0.187      0.070      2.684      0.007
    HTM_C              1.147      2.199      0.521      0.602

 SB         ON
    AGE_C70           -0.031      0.009     -3.663      0.000
    EDU_C7            -0.012      0.020     -0.602      0.547
    HTM_C             -0.056      0.905     -0.062      0.951

 IA       WITH
    SA                -0.003      0.003     -1.034      0.301
    IB                 0.158      0.125      1.263      0.207
    SB                 0.011      0.044      0.242      0.809

 SA       WITH
    IB                 0.044      0.032      1.340      0.180
    SB                 0.013      0.010      1.380      0.168

 IB       WITH
    SB                 1.966      0.536      3.671      0.000

 A_00     WITH
    B_00               0.010      0.016      0.638      0.523

 A_01     WITH
    B_01               0.010      0.016      0.638      0.523

 A_02     WITH
    B_02               0.010      0.016      0.638      0.523

 A_03     WITH
    B_03               0.010      0.016      0.638      0.523

 A_04     WITH
    B_04               0.010      0.016      0.638      0.523

 Intercepts
    A_00               0.000      0.000    999.000    999.000
    A_01               0.000      0.000    999.000    999.000
    A_02               0.000      0.000    999.000    999.000
    A_03               0.000      0.000    999.000    999.000
    A_04               0.000      0.000    999.000    999.000
    B_00               0.000      0.000    999.000    999.000
    B_01               0.000      0.000    999.000    999.000
    B_02               0.000      0.000    999.000    999.000
    B_03               0.000      0.000    999.000    999.000
    B_04               0.000      0.000    999.000    999.000
    IA                 2.099      0.074     28.288      0.000
    SA                -0.033      0.015     -2.225      0.026
    IB                26.653      0.618     43.124      0.000
    SB                -0.140      0.174     -0.804      0.422

 Residual Variances
    A_00               0.042      0.004      9.902      0.000
    A_01               0.042      0.004      9.902      0.000
    A_02               0.042      0.004      9.902      0.000
    A_03               0.042      0.004      9.902      0.000
    A_04               0.042      0.004      9.902      0.000
    B_00               3.149      0.300     10.485      0.000
    B_01               3.149      0.300     10.485      0.000
    B_02               3.149      0.300     10.485      0.000
    B_03               3.149      0.300     10.485      0.000
    B_04               3.149      0.300     10.485      0.000
    IA                 0.269      0.021     12.767      0.000
    SA                 0.002      0.001      1.701      0.089
    IB                12.830      2.747      4.670      0.000
    SB                 1.188      0.305      3.901      0.000

New/Additional Parameters
    R_IAIB             0.085      0.067      1.271      0.204
    R_SASB             0.298      0.210      1.418      0.156
    R_RES_AB           0.028      0.044      0.642      0.521


QUALITY OF NUMERICAL RESULTS

     Condition Number for the Information Matrix              0.176E-06
       (ratio of smallest to largest eigenvalue)


CONFIDENCE INTERVALS OF MODEL RESULTS

                  Lower .5%  Lower 2.5%    Lower 5%    Estimate    Upper 5%  Upper 2.5%   Upper .5%

 IA       ON
    AGE_C70         -0.034      -0.032      -0.031      -0.025      -0.019      -0.018      -0.016
    EDU_C7           0.011       0.015       0.018       0.030       0.042       0.044       0.048
    HTM_C            0.702       0.920       1.031       1.613       2.195       2.306       2.524

 SA       ON
    AGE_C70         -0.004      -0.003      -0.003      -0.002       0.000       0.000       0.000
    EDU_C7          -0.005      -0.004      -0.004      -0.001       0.002       0.002       0.003
    HTM_C           -0.230      -0.168      -0.136       0.029       0.194       0.225       0.287

 IB       ON
    AGE_C70         -0.206      -0.191      -0.184      -0.145      -0.106      -0.098      -0.084
    EDU_C7           0.008       0.051       0.073       0.187       0.302       0.324       0.367
    HTM_C           -4.518      -3.163      -2.471       1.147       4.764       5.457       6.811

 SB       ON
    AGE_C70         -0.053      -0.048      -0.045      -0.031      -0.017      -0.015      -0.009
    EDU_C7          -0.063      -0.050      -0.044      -0.012       0.021       0.027       0.039
    HTM_C           -2.386      -1.829      -1.544      -0.056       1.432       1.717       2.274

 IA       WITH
    SA              -0.012      -0.010      -0.009      -0.003       0.002       0.003       0.005
    IB              -0.165      -0.087      -0.048       0.158       0.365       0.404       0.482
    SB              -0.102      -0.075      -0.062       0.011       0.083       0.097       0.124

 SA       WITH
    IB              -0.040      -0.020      -0.010       0.044       0.097       0.107       0.127
    SB              -0.012      -0.006      -0.003       0.013       0.029       0.032       0.038

 IB       WITH
    SB               0.586       0.916       1.085       1.966       2.847       3.016       3.345

 A_00     WITH
    B_00            -0.031      -0.021      -0.016       0.010       0.037       0.042       0.052

 A_01     WITH
    B_01            -0.031      -0.021      -0.016       0.010       0.037       0.042       0.052

 A_02     WITH
    B_02            -0.031      -0.021      -0.016       0.010       0.037       0.042       0.052

 A_03     WITH
    B_03            -0.031      -0.021      -0.016       0.010       0.037       0.042       0.052

 A_04     WITH
    B_04            -0.031      -0.021      -0.016       0.010       0.037       0.042       0.052

 Intercepts
    A_00             0.000       0.000       0.000       0.000       0.000       0.000       0.000
    A_01             0.000       0.000       0.000       0.000       0.000       0.000       0.000
    A_02             0.000       0.000       0.000       0.000       0.000       0.000       0.000
    A_03             0.000       0.000       0.000       0.000       0.000       0.000       0.000
    A_04             0.000       0.000       0.000       0.000       0.000       0.000       0.000
    B_00             0.000       0.000       0.000       0.000       0.000       0.000       0.000
    B_01             0.000       0.000       0.000       0.000       0.000       0.000       0.000
    B_02             0.000       0.000       0.000       0.000       0.000       0.000       0.000
    B_03             0.000       0.000       0.000       0.000       0.000       0.000       0.000
    B_04             0.000       0.000       0.000       0.000       0.000       0.000       0.000
    IA               1.908       1.954       1.977       2.099       2.222       2.245       2.291
    SA              -0.072      -0.062      -0.058      -0.033      -0.009      -0.004       0.005
    IB              25.061      25.442      25.637      26.653      27.670      27.865      28.245
    SB              -0.589      -0.482      -0.427      -0.140       0.147       0.202       0.309

 Residual Variances
    A_00             0.031       0.034       0.035       0.042       0.050       0.051       0.054
    A_01             0.031       0.034       0.035       0.042       0.050       0.051       0.054
    A_02             0.031       0.034       0.035       0.042       0.050       0.051       0.054
    A_03             0.031       0.034       0.035       0.042       0.050       0.051       0.054
    A_04             0.031       0.034       0.035       0.042       0.050       0.051       0.054
    B_00             2.375       2.560       2.655       3.149       3.643       3.737       3.922
    B_01             2.375       2.560       2.655       3.149       3.643       3.737       3.922
    B_02             2.375       2.560       2.655       3.149       3.643       3.737       3.922
    B_03             2.375       2.560       2.655       3.149       3.643       3.737       3.922
    B_04             2.375       2.560       2.655       3.149       3.643       3.737       3.922
    IA               0.215       0.228       0.234       0.269       0.304       0.310       0.323
    SA              -0.001       0.000       0.000       0.002       0.003       0.004       0.004
    IB               5.753       7.445       8.311      12.830      17.350      18.215      19.907
    SB               0.404       0.591       0.687       1.188       1.689       1.785       1.973

New/Additional Parameters
    R_IAIB          -0.088      -0.046      -0.025       0.085       0.196       0.217       0.258
    R_SASB          -0.244      -0.114      -0.048       0.298       0.644       0.710       0.840
    R_RES_AB        -0.085      -0.058      -0.044       0.028       0.101       0.115       0.142


SAMPLE STATISTICS FOR ESTIMATED FACTOR SCORES


     SAMPLE STATISTICS


           Means
              IA            IA_SE         SA            SA_SE         IB
              ________      ________      ________      ________      ________
 1              2.111         0.174        -0.059         0.037        26.730


           Means
              IB_SE         SB            SB_SE
              ________      ________      ________
 1              1.157        -0.572         0.581


           Covariances
              IA            IA_SE         SA            SA_SE         IB
              ________      ________      ________      ________      ________
 IA             0.295
 IA_SE         -0.004         0.011
 SA             0.001         0.000         0.001
 SA_SE          0.000         0.000         0.000         0.000
 IB             0.450        -0.066         0.053        -0.002        12.985
 IB_SE         -0.014         0.006         0.000         0.000        -0.095
 SB             0.048        -0.007         0.014         0.000         2.388
 SB_SE         -0.022         0.009        -0.001         0.000        -0.202


           Covariances
              IB_SE         SB            SB_SE
              ________      ________      ________
 IB_SE          0.026
 SB            -0.014         0.863
 SB_SE          0.025        -0.036         0.038


           Correlations
              IA            IA_SE         SA            SA_SE         IB
              ________      ________      ________      ________      ________
 IA             1.000
 IA_SE         -0.074         1.000
 SA             0.067        -0.102         1.000
 SA_SE         -0.144         0.554        -0.140         1.000
 IB             0.230        -0.172         0.652        -0.234         1.000
 IB_SE         -0.160         0.371        -0.062         0.491        -0.161
 SB             0.095        -0.066         0.667        -0.157         0.713
 SB_SE         -0.209         0.412        -0.178         0.661        -0.287


           Correlations
              IB_SE         SB            SB_SE
              ________      ________      ________
 IB_SE          1.000
 SB            -0.093         1.000
 SB_SE          0.798        -0.196         1.000


RESULTS SAVING INFORMATION

  Order of data

    Parameter estimates
     (saved in order shown in Technical 1 output)
    Standard errors
     (saved in order shown in Technical 1 output)
    H0 Loglikelihood
    H0 Scaling Correction Factor for MLR
    Number of Free Parameters
    Akaike (AIC)
    Bayesian (BIC)
    Sample-Size Adjusted BIC
    Condition Number

  Save file
    b1_male_aeh_fev_mmse_results.dat

  Save file format           Free


PLOT INFORMATION

The following plots are available:

  Histograms (sample values, estimated factor scores)
  Scatterplots (sample values, estimated factor scores)
  Latent variable distribution plots

SAVEDATA INFORMATION


  Save file
    b1_male_aeh_fev_mmse_fscores.dat

  Order and format of variables

    A_00           F10.3
    A_01           F10.3
    A_02           F10.3
    A_03           F10.3
    A_04           F10.3
    B_00           F10.3
    B_01           F10.3
    B_02           F10.3
    B_03           F10.3
    B_04           F10.3
    AGE_C70        F10.3
    EDU_C7         F10.3
    HTM_C          F10.3
    TIME_00        F10.3
    TIME_01        F10.3
    TIME_02        F10.3
    TIME_03        F10.3
    TIME_04        F10.3
    IA             F10.3
    IA_SE          F10.3
    SA             F10.3
    SA_SE          F10.3
    IB             F10.3
    IB_SE          F10.3
    SB             F10.3
    SB_SE          F10.3

  Save file format
    26F10.3

  Save file record length    10000


     Beginning Time:  21:32:20
        Ending Time:  21:32:23
       Elapsed Time:  00:00:03



MUTHEN & MUTHEN
3463 Stoner Ave.
Los Angeles, CA  90066

Tel: (310) 391-9971
Fax: (310) 391-8971
Web: www.StatModel.com
Support: Support@StatModel.com

Copyright (c) 1998-2015 Muthen & Muthen
