Mplus VERSION 7.4 (Mac)
MUTHEN & MUTHEN
02/08/2017  10:50 PM

INPUT INSTRUCTIONS

  TITLE:
  Script produced from the prototype in ./sandbox/syntax-creator/
  DATA:
  File = wide-dataset.dat ;
  VARIABLE:
  NAMES are
   id male age_c70 edu_c7 htm_c smoke cardio diabetes dementia_ever
      dementia_baseline bnt_00 bnt_01 bnt_02 bnt_03 bnt_04 bnt_05 bnt_06 bnt_07
      bnt_08 bnt_09 bnt_10 bnt_11 bnt_12 bnt_13 bnt_14 bnt_15 bnt_16 bnt_17
      bnt_18 bostordel_00 bostordel_01 bostordel_02 bostordel_03 bostordel_04
      bostordel_05 bostordel_06 bostordel_07 bostordel_08 bostordel_09 bostordel_10
      bostordel_11 bostordel_12 bostordel_13 bostordel_14 bostordel_15 bostordel_16
      bostordel_17 bostordel_18 bostorim_00 bostorim_01 bostorim_02 bostorim_03
      bostorim_04 bostorim_05 bostorim_06 bostorim_07 bostorim_08 bostorim_09
      bostorim_10 bostorim_11 bostorim_12 bostorim_13 bostorim_14 bostorim_15
      bostorim_16 bostorim_17 bostorim_18 catfluency_00 catfluency_01 catfluency_02
      catfluency_03 catfluency_04 catfluency_05 catfluency_06 catfluency_07
      catfluency_08 catfluency_09 catfluency_10 catfluency_11 catfluency_12
      catfluency_13 catfluency_14 catfluency_15 catfluency_16 catfluency_17
      catfluency_18 complexideas_00 complexideas_01 complexideas_02 complexideas_03
      complexideas_04 complexideas_05 complexideas_06 complexideas_07 complexideas_08
      complexideas_09 complexideas_10 complexideas_11 complexideas_12 complexideas_13
      complexideas_14 complexideas_15 complexideas_16 complexideas_17 complexideas_18
      digitbackward_00 digitbackward_01 digitbackward_02 digitbackward_03
      digitbackward_04 digitbackward_05 digitbackward_06 digitbackward_07
      digitbackward_08 digitbackward_09 digitbackward_10 digitbackward_11
      digitbackward_12 digitbackward_13 digitbackward_14 digitbackward_15
      digitbackward_16 digitbackward_17 digitbackward_18 digitforward_00
      digitforward_01 digitforward_02 digitforward_03 digitforward_04 digitforward_05
      digitforward_06 digitforward_07 digitforward_08 digitforward_09 digitforward_10
      digitforward_11 digitforward_12 digitforward_13 digitforward_14 digitforward_15
      digitforward_16 digitforward_17 digitforward_18 digitorder_00 digitorder_01
      digitorder_02 digitorder_03 digitorder_04 digitorder_05 digitorder_06
      digitorder_07 digitorder_08 digitorder_09 digitorder_10 digitorder_11
      digitorder_12 digitorder_13 digitorder_14 digitorder_15 digitorder_16
      digitorder_17 digitorder_18 fev_00 fev_01 fev_02 fev_03 fev_04 fev_05 fev_06
      fev_07 fev_08 fev_09 fev_10 fev_11 fev_12 fev_13 fev_14 fev_15 fev_16 fev_17
      fev_18 fev100_00 fev100_01 fev100_02 fev100_03 fev100_04 fev100_05 fev100_06
      fev100_07 fev100_08 fev100_09 fev100_10 fev100_11 fev100_12 fev100_13 fev100_14
      fev100_15 fev100_16 fev100_17 fev100_18 gait_00 gait_01 gait_02 gait_03 gait_04
      gait_05 gait_06 gait_07 gait_08 gait_09 gait_10 gait_11 gait_12 gait_13 gait_14
      gait_15 gait_16 gait_17 gait_18 grip_00 grip_01 grip_02 grip_03 grip_04 grip_05
      grip_06 grip_07 grip_08 grip_09 grip_10 grip_11 grip_12 grip_13 grip_14 grip_15
      grip_16 grip_17 grip_18 lineorientation_00 lineorientation_01 lineorientation_02
      lineorientation_03 lineorientation_04 lineorientation_05 lineorientation_06
      lineorientation_07 lineorientation_08 lineorientation_09 lineorientation_10
      lineorientation_11 lineorientation_12 lineorientation_13 lineorientation_14
      lineorientation_15 lineorientation_16 lineorientation_17 lineorientation_18
      logimemdel_00 logimemdel_01 logimemdel_02 logimemdel_03 logimemdel_04
      logimemdel_05 logimemdel_06 logimemdel_07 logimemdel_08 logimemdel_09
      logimemdel_10 logimemdel_11 logimemdel_12 logimemdel_13 logimemdel_14
      logimemdel_15 logimemdel_16 logimemdel_17 logimemdel_18 logimemim_00
      logimemim_01 logimemim_02 logimemim_03 logimemim_04 logimemim_05 logimemim_06
      logimemim_07 logimemim_08 logimemim_09 logimemim_10 logimemim_11 logimemim_12
      logimemim_13 logimemim_14 logimemim_15 logimemim_16 logimemim_17 logimemim_18
      matrices_00 matrices_01 matrices_02 matrices_03 matrices_04 matrices_05
      matrices_06 matrices_07 matrices_08 matrices_09 matrices_10 matrices_11
      matrices_12 matrices_13 matrices_14 matrices_15 matrices_16 matrices_17
      matrices_18 mmse_00 mmse_01 mmse_02 mmse_03 mmse_04 mmse_05 mmse_06 mmse_07
      mmse_08 mmse_09 mmse_10 mmse_11 mmse_12 mmse_13 mmse_14 mmse_15 mmse_16 mmse_17
      mmse_18 nart_00 nart_01 nart_02 nart_03 nart_04 nart_05 nart_06 nart_07 nart_08
      nart_09 nart_10 nart_11 nart_12 nart_13 nart_14 nart_15 nart_16 nart_17 nart_18
      numbercomparison_00 numbercomparison_01 numbercomparison_02 numbercomparison_03
      numbercomparison_04 numbercomparison_05 numbercomparison_06 numbercomparison_07
      numbercomparison_08 numbercomparison_09 numbercomparison_10 numbercomparison_11
      numbercomparison_12 numbercomparison_13 numbercomparison_14 numbercomparison_15
      numbercomparison_16 numbercomparison_17 numbercomparison_18 symbol_00
      symbol_01 symbol_02 symbol_03 symbol_04 symbol_05 symbol_06 symbol_07 symbol_08
      symbol_09 symbol_10 symbol_11 symbol_12 symbol_13 symbol_14 symbol_15 symbol_16
      symbol_17 symbol_18 wordlistdel_00 wordlistdel_01 wordlistdel_02 wordlistdel_03
      wordlistdel_04 wordlistdel_05 wordlistdel_06 wordlistdel_07 wordlistdel_08
      wordlistdel_09 wordlistdel_10 wordlistdel_11 wordlistdel_12 wordlistdel_13
      wordlistdel_14 wordlistdel_15 wordlistdel_16 wordlistdel_17 wordlistdel_18
      wordlistim_00 wordlistim_01 wordlistim_02 wordlistim_03 wordlistim_04
      wordlistim_05 wordlistim_06 wordlistim_07 wordlistim_08 wordlistim_09
      wordlistim_10 wordlistim_11 wordlistim_12 wordlistim_13 wordlistim_14
      wordlistim_15 wordlistim_16 wordlistim_17 wordlistim_18 wordlistrecog_00
      wordlistrecog_01 wordlistrecog_02 wordlistrecog_03 wordlistrecog_04
      wordlistrecog_05 wordlistrecog_06 wordlistrecog_07 wordlistrecog_08
      wordlistrecog_09 wordlistrecog_10 wordlistrecog_11 wordlistrecog_12
      wordlistrecog_13 wordlistrecog_14 wordlistrecog_15 wordlistrecog_16
      wordlistrecog_17 wordlistrecog_18 years_since_bl_00 years_since_bl_01
      years_since_bl_02 years_since_bl_03 years_since_bl_04 years_since_bl_05
      years_since_bl_06 years_since_bl_07 years_since_bl_08 years_since_bl_09
      years_since_bl_10 years_since_bl_11 years_since_bl_12 years_since_bl_13
      years_since_bl_14 years_since_bl_15 years_since_bl_16 years_since_bl_17
      years_since_bl_18
  	;
  Missing are all (-9999);
  USEVARIABLES are
  	!define the variables used in the analysis
  	! covariates used in the model
  age_c70
  edu_c7	
  	!estimated time points
  time_00
  time_01
  time_02
  time_03
  time_04
  	!modelled time points of process (A)
  a_00
  a_01
  a_02
  a_03
  a_04
  	!modelled time points of process (B)
  b_00
  b_01
  b_02
  b_03
  b_04
  ;
  TSCORES are
  	!estimated time points
  time_00
  time_01
  time_02
  time_03
  time_04;
  USEOBSERVATIONS are
  	!select a subset of observations
  male EQ 0
  and
  dementia_baseline NE 1
  ;
  DEFINE:
  	! assign variables to the process (A)
  a_00=grip_00;
  a_01=grip_01;
  a_02=grip_02;
  a_03=grip_03;
  a_04=grip_04;
  	! assign variables to the process (B)
  b_00=nart_00;
  b_01=nart_01;
  b_02=nart_02;
  b_03=nart_03;
  b_04=nart_04;
  	!assign variables to time points
  time_00=years_since_bl_00;
  time_01=years_since_bl_01;
  time_02=years_since_bl_02;
  time_03=years_since_bl_03;
  time_04=years_since_bl_04;
  	
  ANALYSIS:
  TYPE = RANDOM;
  COVERAGE=.00;
  MODEL:
  	!first-level equation
  	! assign process (A) to time points
  ia sa | a_00 AT time_00 ;
  ia sa | a_01 AT time_01 ;
  ia sa | a_02 AT time_02 ;
  ia sa | a_03 AT time_03 ;
  ia sa | a_04 AT time_04 ;
  	! assign process (B) to time points
  ib sb | b_00 AT time_00 ;
  ib sb | b_01 AT time_01 ;
  ib sb | b_02 AT time_02 ;
  ib sb | b_03 AT time_03 ;
  ib sb | b_04 AT time_04 ;
  	!variance of the first-level terms
  ia (v_ia);
  sa (v_sa);
  ib (v_ib);
  sb (v_sb);
  	!covariance among first-level terms
  ia WITH sa (c_iasa);
  ia WITH ib (c_iaib);
  ia WITH sb (c_iasb);
  sa WITH ib (c_saib);
  sa WITH sb (c_sasb);
  ib WITH sb (c_ibsb);
  	!second-level equation
  ia sa ib sb ON age_c70
  edu_c7;
  	!residual covariance of process (A)
  a_00 (res_a);
  a_01 (res_a);
  a_02 (res_a);
  a_03 (res_a);
  a_04 (res_a);	
  	!residual covariance of process (B)
  b_00 (res_b);
  b_01 (res_b);
  b_02 (res_b);
  b_03 (res_b);
  b_04 (res_b);	
  	!Paired covariances constrained to be equal across t
  a_00 pwith b_00 (res_cov);
  a_01 pwith b_01 (res_cov);
  a_02 pwith b_02 (res_cov);
  a_03 pwith b_03 (res_cov);
  a_04 pwith b_04 (res_cov);	
  MODEL CONSTRAINT:
  	!assigns labels to new parameters;
  NEW r_iaib;
  NEW r_sasb;
  NEW r_res_ab;
  	!compute confidence intervals for correlation coefficients;
  r_iaib = c_iaib/((v_ia**0.5)*(v_ib**0.5));
  r_sasb = c_sasb/((v_sa**0.5)*(v_sb**0.5));
  r_res_ab = res_cov/((res_a**0.5)*(res_b**0.5));
  SAVEDATA:
  FILE is   b1_female_ae_grip_nart_fscores.dat;
  SAVE = FSCORES;
  RESULTS are   b1_female_ae_grip_nart_results.dat;
  	
  OUTPUT: sampstat cinterval;
  PLOT: Type is Plot1 Plot2 Plot3;



*** WARNING
  Data set contains cases with missing on all variables except
  x-variables.  These cases were not included in the analysis.
  Number of cases with missing on all variables except x-variables:  3
   1 WARNING(S) FOUND IN THE INPUT INSTRUCTIONS




Script produced from the prototype in ./sandbox/syntax-creator/

SUMMARY OF ANALYSIS

Number of groups                                                 1
Number of observations                                        1306

Number of dependent variables                                   10
Number of independent variables                                  2
Number of continuous latent variables                            4

Observed dependent variables

  Continuous
   A_00        A_01        A_02        A_03        A_04        B_00
   B_01        B_02        B_03        B_04

Observed independent variables
   AGE_C70     EDU_C7

Continuous latent variables
   IA          SA          IB          SB

Variables with special functions

  Time scores
   TIME_00     TIME_01     TIME_02     TIME_03     TIME_04


Estimator                                                      MLR
Information matrix                                        OBSERVED
Maximum number of iterations                                   100
Convergence criterion                                    0.100D-05
Maximum number of EM iterations                                500
Convergence criteria for the EM algorithm
  Loglikelihood change                                   0.100D-02
  Relative loglikelihood change                          0.100D-05
  Derivative                                             0.100D-03
Minimum variance                                         0.100D-03
Maximum number of steepest descent iterations                   20
Maximum number of iterations for H1                           2000
Convergence criterion for H1                             0.100D-03
Optimization algorithm                                         EMA

Input data file(s)
  wide-dataset.dat
Input data format  FREE


SUMMARY OF DATA

     Number of missing data patterns           140


COVARIANCE COVERAGE OF DATA

Minimum covariance coverage value   0.000


     PROPORTION OF DATA PRESENT


           Covariance Coverage
              A_00          A_01          A_02          A_03          A_04
              ________      ________      ________      ________      ________
 A_00           0.869
 A_01           0.639         0.646
 A_02           0.536         0.488         0.554
 A_03           0.397         0.351         0.368         0.485
 A_04           0.273         0.234         0.239         0.302         0.353
 B_00           0.851         0.632         0.540         0.475         0.347
 B_01           0.746         0.623         0.526         0.459         0.335
 B_02           0.663         0.567         0.529         0.457         0.332
 B_03           0.572         0.485         0.468         0.456         0.325
 B_04           0.482         0.411         0.391         0.394         0.330
 AGE_C70        0.869         0.646         0.554         0.485         0.353
 EDU_C7         0.869         0.646         0.554         0.485         0.353


           Covariance Coverage
              B_00          B_01          B_02          B_03          B_04
              ________      ________      ________      ________      ________
 B_00           0.981
 B_01           0.837         0.842
 B_02           0.753         0.730         0.757
 B_03           0.658         0.639         0.628         0.660
 B_04           0.560         0.542         0.528         0.526         0.560
 AGE_C70        0.981         0.842         0.757         0.660         0.560
 EDU_C7         0.981         0.842         0.757         0.660         0.560


           Covariance Coverage
              AGE_C70       EDU_C7
              ________      ________
 AGE_C70        1.000
 EDU_C7         1.000         1.000


SAMPLE STATISTICS


     ESTIMATED SAMPLE STATISTICS


           Means
              A_00          A_01          A_02          A_03          A_04
              ________      ________      ________      ________      ________
 1             40.780        39.438        38.431        37.034        35.487


           Means
              B_00          B_01          B_02          B_03          B_04
              ________      ________      ________      ________      ________
 1              7.863         7.851         7.838         7.739         7.745


           Means
              AGE_C70       EDU_C7
              ________      ________
 1              9.463         7.347


           Covariances
              A_00          A_01          A_02          A_03          A_04
              ________      ________      ________      ________      ________
 A_00         150.750
 A_01         130.939       152.774
 A_02         129.951       134.337       156.441
 A_03         126.914       130.328       138.528       154.998
 A_04         130.242       134.017       138.063       143.459       166.850
 B_00           0.409         1.267         0.917        -0.152        -0.977
 B_01           0.451         1.158         0.678        -0.250        -1.548
 B_02           1.118         2.153         2.076         1.318         0.216
 B_03           0.702         1.488         1.705         0.944         0.159
 B_04           1.835         3.100         2.817         2.527         1.555
 AGE_C70      -42.226       -41.809       -46.483       -48.186       -46.412
 EDU_C7         4.970         5.495         4.779         3.757         3.100


           Covariances
              B_00          B_01          B_02          B_03          B_04
              ________      ________      ________      ________      ________
 B_00           5.460
 B_01           4.857         5.809
 B_02           4.824         4.961         5.912
 B_03           4.874         5.110         5.212         6.401
 B_04           4.640         4.893         5.083         5.373         6.120
 AGE_C70        2.061         2.191         1.424         1.227         0.992
 EDU_C7         3.145         3.242         3.204         3.109         3.191


           Covariances
              AGE_C70       EDU_C7
              ________      ________
 AGE_C70       60.127
 EDU_C7        -1.236         9.400


           Correlations
              A_00          A_01          A_02          A_03          A_04
              ________      ________      ________      ________      ________
 A_00           1.000
 A_01           0.863         1.000
 A_02           0.846         0.869         1.000
 A_03           0.830         0.847         0.890         1.000
 A_04           0.821         0.839         0.855         0.892         1.000
 B_00           0.014         0.044         0.031        -0.005        -0.032
 B_01           0.015         0.039         0.022        -0.008        -0.050
 B_02           0.037         0.072         0.068         0.044         0.007
 B_03           0.023         0.048         0.054         0.030         0.005
 B_04           0.060         0.101         0.091         0.082         0.049
 AGE_C70       -0.444        -0.436        -0.479        -0.499        -0.463
 EDU_C7         0.132         0.145         0.125         0.098         0.078


           Correlations
              B_00          B_01          B_02          B_03          B_04
              ________      ________      ________      ________      ________
 B_00           1.000
 B_01           0.862         1.000
 B_02           0.849         0.846         1.000
 B_03           0.824         0.838         0.847         1.000
 B_04           0.803         0.821         0.845         0.858         1.000
 AGE_C70        0.114         0.117         0.076         0.063         0.052
 EDU_C7         0.439         0.439         0.430         0.401         0.421


           Correlations
              AGE_C70       EDU_C7
              ________      ________
 AGE_C70        1.000
 EDU_C7        -0.052         1.000


     MAXIMUM LOG-LIKELIHOOD VALUE FOR THE UNRESTRICTED (H1) MODEL IS -29237.380


UNIVARIATE SAMPLE STATISTICS


     UNIVARIATE HIGHER-ORDER MOMENT DESCRIPTIVE STATISTICS

         Variable/         Mean/     Skewness/   Minimum/ % with                Percentiles
        Sample Size      Variance    Kurtosis    Maximum  Min/Max      20%/60%    40%/80%    Median

     A_00                 40.427       0.271       4.000    0.09%      30.000     37.000     40.000
            1135.000     151.767       0.385      97.750    0.09%      43.000     50.250
     A_01                 38.974       0.154       0.000    0.12%      29.250     36.000     39.000
             844.000     141.250       0.306      85.000    0.12%      41.750     48.750
     A_02                 38.122       0.042       0.000    0.14%      27.250     35.250     38.000
             723.000     144.395      -0.157      72.500    0.14%      40.750     48.500
     A_03                 36.743       0.196       0.000    0.16%      27.250     33.000     36.250
             634.000     136.252       0.106      73.750    0.16%      39.250     46.500
     A_04                 35.930       0.297       0.000    0.22%      25.750     32.500     35.500
             461.000     148.875       0.406      76.250    0.22%      38.250     45.750
     B_00                  7.877      -1.209       0.000    0.31%       6.000      8.000      9.000
            1281.000       5.416       0.735      10.000   30.99%       9.000     10.000
     B_01                  7.970      -1.250       0.000    0.64%       6.000      8.000      9.000
            1100.000       5.425       0.781      10.000   34.27%       9.000     10.000
     B_02                  8.038      -1.385       0.000    0.81%       6.000      8.000      9.000
             989.000       5.232       1.316      10.000   33.57%       9.000     10.000
     B_03                  8.041      -1.406       0.000    0.93%       6.000      8.000      9.000
             862.000       5.401       1.326      10.000   34.45%       9.000     10.000
     B_04                  8.019      -1.312       0.000    0.14%       6.000      8.000      9.000
             732.000       5.358       1.047      10.000   35.79%       9.000     10.000
     AGE_C70               9.463      -0.498     -16.653    0.08%       3.363      8.456     10.212
            1306.000      60.127       0.145      30.471    0.08%      12.163     16.075
     EDU_C7                7.347      -0.148      -7.000    0.08%       5.000      6.000      7.000
            1306.000       9.400       1.174      18.000    0.08%       8.000     10.000


THE MODEL ESTIMATION TERMINATED NORMALLY



MODEL FIT INFORMATION

Number of Free Parameters                       25

Loglikelihood

          H0 Value                      -21431.158
          H0 Scaling Correction Factor      1.5000
            for MLR

Information Criteria

          Akaike (AIC)                   42912.316
          Bayesian (BIC)                 43041.684
          Sample-Size Adjusted BIC       42962.271
            (n* = (n + 2) / 24)



MODEL RESULTS

                                                    Two-Tailed
                    Estimate       S.E.  Est./S.E.    P-Value

 IA         ON
    AGE_C70           -0.691      0.043    -16.059      0.000
    EDU_C7             0.473      0.110      4.288      0.000

 SA         ON
    AGE_C70           -0.028      0.010     -2.890      0.004
    EDU_C7            -0.055      0.028     -1.997      0.046

 IB         ON
    AGE_C70            0.043      0.008      5.705      0.000
    EDU_C7             0.342      0.020     17.232      0.000

 SB         ON
    AGE_C70           -0.005      0.002     -3.017      0.003
    EDU_C7             0.000      0.004     -0.079      0.937

 IA       WITH
    SA                -1.554      0.903     -1.721      0.085
    IB                 0.757      0.646      1.172      0.241
    SB                 0.070      0.135      0.516      0.606

 SA       WITH
    IB                -0.124      0.167     -0.738      0.461
    SB                 0.087      0.045      1.949      0.051

 IB       WITH
    SB                 0.016      0.032      0.496      0.620

 A_00     WITH
    B_00              -0.023      0.106     -0.220      0.826

 A_01     WITH
    B_01              -0.023      0.106     -0.220      0.826

 A_02     WITH
    B_02              -0.023      0.106     -0.220      0.826

 A_03     WITH
    B_03              -0.023      0.106     -0.220      0.826

 A_04     WITH
    B_04              -0.023      0.106     -0.220      0.826

 Intercepts
    A_00               0.000      0.000    999.000    999.000
    A_01               0.000      0.000    999.000    999.000
    A_02               0.000      0.000    999.000    999.000
    A_03               0.000      0.000    999.000    999.000
    A_04               0.000      0.000    999.000    999.000
    B_00               0.000      0.000    999.000    999.000
    B_01               0.000      0.000    999.000    999.000
    B_02               0.000      0.000    999.000    999.000
    B_03               0.000      0.000    999.000    999.000
    B_04               0.000      0.000    999.000    999.000
    IA                43.863      1.019     43.055      0.000
    SA                -0.623      0.254     -2.453      0.014
    IB                 4.957      0.190     26.113      0.000
    SB                 0.015      0.040      0.367      0.714

 Residual Variances
    A_00              19.397      0.883     21.967      0.000
    A_01              19.397      0.883     21.967      0.000
    A_02              19.397      0.883     21.967      0.000
    A_03              19.397      0.883     21.967      0.000
    A_04              19.397      0.883     21.967      0.000
    B_00               0.830      0.053     15.779      0.000
    B_01               0.830      0.053     15.779      0.000
    B_02               0.830      0.053     15.779      0.000
    B_03               0.830      0.053     15.779      0.000
    B_04               0.830      0.053     15.779      0.000
    IA               100.274      5.320     18.847      0.000
    SA                 1.289      0.289      4.455      0.000
    IB                 3.609      0.192     18.812      0.000
    SB                 0.048      0.015      3.222      0.001

New/Additional Parameters
    R_IAIB             0.040      0.034      1.172      0.241
    R_SASB             0.352      0.157      2.242      0.025
    R_RES_AB          -0.006      0.026     -0.219      0.826


QUALITY OF NUMERICAL RESULTS

     Condition Number for the Information Matrix              0.200E-07
       (ratio of smallest to largest eigenvalue)


CONFIDENCE INTERVALS OF MODEL RESULTS

                  Lower .5%  Lower 2.5%    Lower 5%    Estimate    Upper 5%  Upper 2.5%   Upper .5%

 IA       ON
    AGE_C70         -0.802      -0.775      -0.762      -0.691      -0.620      -0.607      -0.580
    EDU_C7           0.189       0.257       0.291       0.473       0.654       0.689       0.757

 SA       ON
    AGE_C70         -0.054      -0.048      -0.044      -0.028      -0.012      -0.009      -0.003
    EDU_C7          -0.126      -0.109      -0.100      -0.055      -0.010      -0.001       0.016

 IB       ON
    AGE_C70          0.024       0.028       0.031       0.043       0.055       0.058       0.062
    EDU_C7           0.291       0.303       0.310       0.342       0.375       0.381       0.394

 SB       ON
    AGE_C70         -0.009      -0.008      -0.008      -0.005      -0.002      -0.002      -0.001
    EDU_C7          -0.011      -0.008      -0.007       0.000       0.006       0.008       0.010

 IA       WITH
    SA              -3.879      -3.323      -3.039      -1.554      -0.068       0.216       0.772
    IB              -0.906      -0.509      -0.305       0.757       1.819       2.022       2.420
    SB              -0.278      -0.195      -0.152       0.070       0.291       0.334       0.417

 SA       WITH
    IB              -0.555      -0.452      -0.399      -0.124       0.152       0.205       0.308
    SB              -0.028       0.000       0.014       0.087       0.160       0.174       0.202

 IB       WITH
    SB              -0.067      -0.047      -0.037       0.016       0.069       0.079       0.099

 A_00     WITH
    B_00            -0.295      -0.230      -0.197      -0.023       0.150       0.184       0.249

 A_01     WITH
    B_01            -0.295      -0.230      -0.197      -0.023       0.150       0.184       0.249

 A_02     WITH
    B_02            -0.295      -0.230      -0.197      -0.023       0.150       0.184       0.249

 A_03     WITH
    B_03            -0.295      -0.230      -0.197      -0.023       0.150       0.184       0.249

 A_04     WITH
    B_04            -0.295      -0.230      -0.197      -0.023       0.150       0.184       0.249

 Intercepts
    A_00             0.000       0.000       0.000       0.000       0.000       0.000       0.000
    A_01             0.000       0.000       0.000       0.000       0.000       0.000       0.000
    A_02             0.000       0.000       0.000       0.000       0.000       0.000       0.000
    A_03             0.000       0.000       0.000       0.000       0.000       0.000       0.000
    A_04             0.000       0.000       0.000       0.000       0.000       0.000       0.000
    B_00             0.000       0.000       0.000       0.000       0.000       0.000       0.000
    B_01             0.000       0.000       0.000       0.000       0.000       0.000       0.000
    B_02             0.000       0.000       0.000       0.000       0.000       0.000       0.000
    B_03             0.000       0.000       0.000       0.000       0.000       0.000       0.000
    B_04             0.000       0.000       0.000       0.000       0.000       0.000       0.000
    IA              41.239      41.867      42.188      43.863      45.539      45.860      46.488
    SA              -1.276      -1.120      -1.040      -0.623      -0.205      -0.125       0.031
    IB               4.468       4.585       4.644       4.957       5.269       5.329       5.445
    SB              -0.088      -0.063      -0.051       0.015       0.080       0.092       0.117

 Residual Variances
    A_00            17.123      17.666      17.944      19.397      20.850      21.128      21.672
    A_01            17.123      17.666      17.944      19.397      20.850      21.128      21.672
    A_02            17.123      17.666      17.944      19.397      20.850      21.128      21.672
    A_03            17.123      17.666      17.944      19.397      20.850      21.128      21.672
    A_04            17.123      17.666      17.944      19.397      20.850      21.128      21.672
    B_00             0.694       0.727       0.743       0.830       0.916       0.933       0.965
    B_01             0.694       0.727       0.743       0.830       0.916       0.933       0.965
    B_02             0.694       0.727       0.743       0.830       0.916       0.933       0.965
    B_03             0.694       0.727       0.743       0.830       0.916       0.933       0.965
    B_04             0.694       0.727       0.743       0.830       0.916       0.933       0.965
    IA              86.570      89.846      91.522     100.274     109.026     110.702     113.978
    SA               0.544       0.722       0.813       1.289       1.765       1.856       2.035
    IB               3.115       3.233       3.294       3.609       3.925       3.985       4.104
    SB               0.010       0.019       0.023       0.048       0.072       0.076       0.086

New/Additional Parameters
    R_IAIB          -0.048      -0.027      -0.016       0.040       0.096       0.106       0.127
    R_SASB          -0.052       0.044       0.094       0.352       0.609       0.659       0.755
    R_RES_AB        -0.074      -0.057      -0.049      -0.006       0.038       0.046       0.062


SAMPLE STATISTICS FOR ESTIMATED FACTOR SCORES


     SAMPLE STATISTICS


           Means
              IA            IA_SE         SA            SA_SE         IB
              ________      ________      ________      ________      ________
 1             40.800         3.368        -1.295         1.010         7.879


           Means
              IB_SE         SB            SB_SE
              ________      ________      ________
 1              0.579        -0.036         0.184


           Covariances
              IA            IA_SE         SA            SA_SE         IB
              ________      ________      ________      ________      ________
 IA           118.341
 IA_SE          0.430         2.199
 SA             0.669         0.024         0.333
 SA_SE          0.011         0.069         0.001         0.009
 IB             0.666        -0.143        -0.286        -0.017         4.419
 IB_SE         -0.175         0.068        -0.006         0.005        -0.035
 SB             0.331         0.003         0.040         0.000         0.045
 SB_SE         -0.029         0.012        -0.001         0.001        -0.006


           Covariances
              IB_SE         SB            SB_SE
              ________      ________      ________
 IB_SE          0.032
 SB            -0.001         0.015
 SB_SE          0.002         0.000         0.000


           Correlations
              IA            IA_SE         SA            SA_SE         IB
              ________      ________      ________      ________      ________
 IA             1.000
 IA_SE          0.027         1.000
 SA             0.107         0.028         1.000
 SA_SE          0.010         0.484         0.024         1.000
 IB             0.029        -0.046        -0.235        -0.086         1.000
 IB_SE         -0.090         0.258        -0.062         0.298        -0.094
 SB             0.250         0.019         0.569         0.017         0.176
 SB_SE         -0.136         0.399        -0.064         0.688        -0.134


           Correlations
              IB_SE         SB            SB_SE
              ________      ________      ________
 IB_SE          1.000
 SB            -0.068         1.000
 SB_SE          0.565        -0.086         1.000


RESULTS SAVING INFORMATION

  Order of data

    Parameter estimates
     (saved in order shown in Technical 1 output)
    Standard errors
     (saved in order shown in Technical 1 output)
    H0 Loglikelihood
    H0 Scaling Correction Factor for MLR
    Number of Free Parameters
    Akaike (AIC)
    Bayesian (BIC)
    Sample-Size Adjusted BIC
    Condition Number

  Save file
    b1_female_ae_grip_nart_results.dat

  Save file format           Free


PLOT INFORMATION

The following plots are available:

  Histograms (sample values, estimated factor scores)
  Scatterplots (sample values, estimated factor scores)
  Latent variable distribution plots

SAVEDATA INFORMATION


  Save file
    b1_female_ae_grip_nart_fscores.dat

  Order and format of variables

    A_00           F10.3
    A_01           F10.3
    A_02           F10.3
    A_03           F10.3
    A_04           F10.3
    B_00           F10.3
    B_01           F10.3
    B_02           F10.3
    B_03           F10.3
    B_04           F10.3
    AGE_C70        F10.3
    EDU_C7         F10.3
    TIME_00        F10.3
    TIME_01        F10.3
    TIME_02        F10.3
    TIME_03        F10.3
    TIME_04        F10.3
    IA             F10.3
    IA_SE          F10.3
    SA             F10.3
    SA_SE          F10.3
    IB             F10.3
    IB_SE          F10.3
    SB             F10.3
    SB_SE          F10.3

  Save file format
    25F10.3

  Save file record length    10000


     Beginning Time:  22:50:23
        Ending Time:  22:50:29
       Elapsed Time:  00:00:06



MUTHEN & MUTHEN
3463 Stoner Ave.
Los Angeles, CA  90066

Tel: (310) 391-9971
Fax: (310) 391-8971
Web: www.StatModel.com
Support: Support@StatModel.com

Copyright (c) 1998-2015 Muthen & Muthen
