Mplus VERSION 7.4 (Mac)
MUTHEN & MUTHEN
02/08/2017  10:50 PM

INPUT INSTRUCTIONS

  TITLE:
  Script produced from the prototype in ./sandbox/syntax-creator/
  DATA:
  File = wide-dataset.dat ;
  VARIABLE:
  NAMES are
   id male age_c70 edu_c7 htm_c smoke cardio diabetes dementia_ever
      dementia_baseline bnt_00 bnt_01 bnt_02 bnt_03 bnt_04 bnt_05 bnt_06 bnt_07
      bnt_08 bnt_09 bnt_10 bnt_11 bnt_12 bnt_13 bnt_14 bnt_15 bnt_16 bnt_17
      bnt_18 bostordel_00 bostordel_01 bostordel_02 bostordel_03 bostordel_04
      bostordel_05 bostordel_06 bostordel_07 bostordel_08 bostordel_09 bostordel_10
      bostordel_11 bostordel_12 bostordel_13 bostordel_14 bostordel_15 bostordel_16
      bostordel_17 bostordel_18 bostorim_00 bostorim_01 bostorim_02 bostorim_03
      bostorim_04 bostorim_05 bostorim_06 bostorim_07 bostorim_08 bostorim_09
      bostorim_10 bostorim_11 bostorim_12 bostorim_13 bostorim_14 bostorim_15
      bostorim_16 bostorim_17 bostorim_18 catfluency_00 catfluency_01 catfluency_02
      catfluency_03 catfluency_04 catfluency_05 catfluency_06 catfluency_07
      catfluency_08 catfluency_09 catfluency_10 catfluency_11 catfluency_12
      catfluency_13 catfluency_14 catfluency_15 catfluency_16 catfluency_17
      catfluency_18 complexideas_00 complexideas_01 complexideas_02 complexideas_03
      complexideas_04 complexideas_05 complexideas_06 complexideas_07 complexideas_08
      complexideas_09 complexideas_10 complexideas_11 complexideas_12 complexideas_13
      complexideas_14 complexideas_15 complexideas_16 complexideas_17 complexideas_18
      digitbackward_00 digitbackward_01 digitbackward_02 digitbackward_03
      digitbackward_04 digitbackward_05 digitbackward_06 digitbackward_07
      digitbackward_08 digitbackward_09 digitbackward_10 digitbackward_11
      digitbackward_12 digitbackward_13 digitbackward_14 digitbackward_15
      digitbackward_16 digitbackward_17 digitbackward_18 digitforward_00
      digitforward_01 digitforward_02 digitforward_03 digitforward_04 digitforward_05
      digitforward_06 digitforward_07 digitforward_08 digitforward_09 digitforward_10
      digitforward_11 digitforward_12 digitforward_13 digitforward_14 digitforward_15
      digitforward_16 digitforward_17 digitforward_18 digitorder_00 digitorder_01
      digitorder_02 digitorder_03 digitorder_04 digitorder_05 digitorder_06
      digitorder_07 digitorder_08 digitorder_09 digitorder_10 digitorder_11
      digitorder_12 digitorder_13 digitorder_14 digitorder_15 digitorder_16
      digitorder_17 digitorder_18 fev_00 fev_01 fev_02 fev_03 fev_04 fev_05 fev_06
      fev_07 fev_08 fev_09 fev_10 fev_11 fev_12 fev_13 fev_14 fev_15 fev_16 fev_17
      fev_18 fev100_00 fev100_01 fev100_02 fev100_03 fev100_04 fev100_05 fev100_06
      fev100_07 fev100_08 fev100_09 fev100_10 fev100_11 fev100_12 fev100_13 fev100_14
      fev100_15 fev100_16 fev100_17 fev100_18 gait_00 gait_01 gait_02 gait_03 gait_04
      gait_05 gait_06 gait_07 gait_08 gait_09 gait_10 gait_11 gait_12 gait_13 gait_14
      gait_15 gait_16 gait_17 gait_18 grip_00 grip_01 grip_02 grip_03 grip_04 grip_05
      grip_06 grip_07 grip_08 grip_09 grip_10 grip_11 grip_12 grip_13 grip_14 grip_15
      grip_16 grip_17 grip_18 lineorientation_00 lineorientation_01 lineorientation_02
      lineorientation_03 lineorientation_04 lineorientation_05 lineorientation_06
      lineorientation_07 lineorientation_08 lineorientation_09 lineorientation_10
      lineorientation_11 lineorientation_12 lineorientation_13 lineorientation_14
      lineorientation_15 lineorientation_16 lineorientation_17 lineorientation_18
      logimemdel_00 logimemdel_01 logimemdel_02 logimemdel_03 logimemdel_04
      logimemdel_05 logimemdel_06 logimemdel_07 logimemdel_08 logimemdel_09
      logimemdel_10 logimemdel_11 logimemdel_12 logimemdel_13 logimemdel_14
      logimemdel_15 logimemdel_16 logimemdel_17 logimemdel_18 logimemim_00
      logimemim_01 logimemim_02 logimemim_03 logimemim_04 logimemim_05 logimemim_06
      logimemim_07 logimemim_08 logimemim_09 logimemim_10 logimemim_11 logimemim_12
      logimemim_13 logimemim_14 logimemim_15 logimemim_16 logimemim_17 logimemim_18
      matrices_00 matrices_01 matrices_02 matrices_03 matrices_04 matrices_05
      matrices_06 matrices_07 matrices_08 matrices_09 matrices_10 matrices_11
      matrices_12 matrices_13 matrices_14 matrices_15 matrices_16 matrices_17
      matrices_18 mmse_00 mmse_01 mmse_02 mmse_03 mmse_04 mmse_05 mmse_06 mmse_07
      mmse_08 mmse_09 mmse_10 mmse_11 mmse_12 mmse_13 mmse_14 mmse_15 mmse_16 mmse_17
      mmse_18 nart_00 nart_01 nart_02 nart_03 nart_04 nart_05 nart_06 nart_07 nart_08
      nart_09 nart_10 nart_11 nart_12 nart_13 nart_14 nart_15 nart_16 nart_17 nart_18
      numbercomparison_00 numbercomparison_01 numbercomparison_02 numbercomparison_03
      numbercomparison_04 numbercomparison_05 numbercomparison_06 numbercomparison_07
      numbercomparison_08 numbercomparison_09 numbercomparison_10 numbercomparison_11
      numbercomparison_12 numbercomparison_13 numbercomparison_14 numbercomparison_15
      numbercomparison_16 numbercomparison_17 numbercomparison_18 symbol_00
      symbol_01 symbol_02 symbol_03 symbol_04 symbol_05 symbol_06 symbol_07 symbol_08
      symbol_09 symbol_10 symbol_11 symbol_12 symbol_13 symbol_14 symbol_15 symbol_16
      symbol_17 symbol_18 wordlistdel_00 wordlistdel_01 wordlistdel_02 wordlistdel_03
      wordlistdel_04 wordlistdel_05 wordlistdel_06 wordlistdel_07 wordlistdel_08
      wordlistdel_09 wordlistdel_10 wordlistdel_11 wordlistdel_12 wordlistdel_13
      wordlistdel_14 wordlistdel_15 wordlistdel_16 wordlistdel_17 wordlistdel_18
      wordlistim_00 wordlistim_01 wordlistim_02 wordlistim_03 wordlistim_04
      wordlistim_05 wordlistim_06 wordlistim_07 wordlistim_08 wordlistim_09
      wordlistim_10 wordlistim_11 wordlistim_12 wordlistim_13 wordlistim_14
      wordlistim_15 wordlistim_16 wordlistim_17 wordlistim_18 wordlistrecog_00
      wordlistrecog_01 wordlistrecog_02 wordlistrecog_03 wordlistrecog_04
      wordlistrecog_05 wordlistrecog_06 wordlistrecog_07 wordlistrecog_08
      wordlistrecog_09 wordlistrecog_10 wordlistrecog_11 wordlistrecog_12
      wordlistrecog_13 wordlistrecog_14 wordlistrecog_15 wordlistrecog_16
      wordlistrecog_17 wordlistrecog_18 years_since_bl_00 years_since_bl_01
      years_since_bl_02 years_since_bl_03 years_since_bl_04 years_since_bl_05
      years_since_bl_06 years_since_bl_07 years_since_bl_08 years_since_bl_09
      years_since_bl_10 years_since_bl_11 years_since_bl_12 years_since_bl_13
      years_since_bl_14 years_since_bl_15 years_since_bl_16 years_since_bl_17
      years_since_bl_18
  	;
  Missing are all (-9999);
  USEVARIABLES are
  	!define the variables used in the analysis
  	! covariates used in the model
  age_c70
  edu_c7
  htm_c	
  	!estimated time points
  time_00
  time_01
  time_02
  time_03
  time_04
  	!modelled time points of process (A)
  a_00
  a_01
  a_02
  a_03
  a_04
  	!modelled time points of process (B)
  b_00
  b_01
  b_02
  b_03
  b_04
  ;
  TSCORES are
  	!estimated time points
  time_00
  time_01
  time_02
  time_03
  time_04;
  USEOBSERVATIONS are
  	!select a subset of observations
  male EQ 1
  and
  dementia_baseline NE 1
  ;
  DEFINE:
  	! assign variables to the process (A)
  a_00=grip_00;
  a_01=grip_01;
  a_02=grip_02;
  a_03=grip_03;
  a_04=grip_04;
  	! assign variables to the process (B)
  b_00=nart_00;
  b_01=nart_01;
  b_02=nart_02;
  b_03=nart_03;
  b_04=nart_04;
  	!assign variables to time points
  time_00=years_since_bl_00;
  time_01=years_since_bl_01;
  time_02=years_since_bl_02;
  time_03=years_since_bl_03;
  time_04=years_since_bl_04;
  	
  ANALYSIS:
  TYPE = RANDOM;
  COVERAGE=.00;
  MODEL:
  	!first-level equation
  	! assign process (A) to time points
  ia sa | a_00 AT time_00 ;
  ia sa | a_01 AT time_01 ;
  ia sa | a_02 AT time_02 ;
  ia sa | a_03 AT time_03 ;
  ia sa | a_04 AT time_04 ;
  	! assign process (B) to time points
  ib sb | b_00 AT time_00 ;
  ib sb | b_01 AT time_01 ;
  ib sb | b_02 AT time_02 ;
  ib sb | b_03 AT time_03 ;
  ib sb | b_04 AT time_04 ;
  	!variance of the first-level terms
  ia (v_ia);
  sa (v_sa);
  ib (v_ib);
  sb (v_sb);
  	!covariance among first-level terms
  ia WITH sa (c_iasa);
  ia WITH ib (c_iaib);
  ia WITH sb (c_iasb);
  sa WITH ib (c_saib);
  sa WITH sb (c_sasb);
  ib WITH sb (c_ibsb);
  	!second-level equation
  ia sa ib sb ON age_c70
  edu_c7
  htm_c;
  	!residual covariance of process (A)
  a_00 (res_a);
  a_01 (res_a);
  a_02 (res_a);
  a_03 (res_a);
  a_04 (res_a);	
  	!residual covariance of process (B)
  b_00 (res_b);
  b_01 (res_b);
  b_02 (res_b);
  b_03 (res_b);
  b_04 (res_b);	
  	!Paired covariances constrained to be equal across t
  a_00 pwith b_00 (res_cov);
  a_01 pwith b_01 (res_cov);
  a_02 pwith b_02 (res_cov);
  a_03 pwith b_03 (res_cov);
  a_04 pwith b_04 (res_cov);	
  MODEL CONSTRAINT:
  	!assigns labels to new parameters;
  NEW r_iaib;
  NEW r_sasb;
  NEW r_res_ab;
  	!compute confidence intervals for correlation coefficients;
  r_iaib = c_iaib/((v_ia**0.5)*(v_ib**0.5));
  r_sasb = c_sasb/((v_sa**0.5)*(v_sb**0.5));
  r_res_ab = res_cov/((res_a**0.5)*(res_b**0.5));
  SAVEDATA:
  FILE is   b1_male_aeh_grip_nart_fscores.dat;
  SAVE = FSCORES;
  RESULTS are   b1_male_aeh_grip_nart_results.dat;
  	
  OUTPUT: sampstat cinterval;
  PLOT: Type is Plot1 Plot2 Plot3;



*** WARNING
  Data set contains cases with missing on x-variables.
  These cases were not included in the analysis.
  Number of cases with missing on x-variables:  6
   1 WARNING(S) FOUND IN THE INPUT INSTRUCTIONS




Script produced from the prototype in ./sandbox/syntax-creator/

SUMMARY OF ANALYSIS

Number of groups                                                 1
Number of observations                                         436

Number of dependent variables                                   10
Number of independent variables                                  3
Number of continuous latent variables                            4

Observed dependent variables

  Continuous
   A_00        A_01        A_02        A_03        A_04        B_00
   B_01        B_02        B_03        B_04

Observed independent variables
   AGE_C70     EDU_C7      HTM_C

Continuous latent variables
   IA          SA          IB          SB

Variables with special functions

  Time scores
   TIME_00     TIME_01     TIME_02     TIME_03     TIME_04


Estimator                                                      MLR
Information matrix                                        OBSERVED
Maximum number of iterations                                   100
Convergence criterion                                    0.100D-05
Maximum number of EM iterations                                500
Convergence criteria for the EM algorithm
  Loglikelihood change                                   0.100D-02
  Relative loglikelihood change                          0.100D-05
  Derivative                                             0.100D-03
Minimum variance                                         0.100D-03
Maximum number of steepest descent iterations                   20
Maximum number of iterations for H1                           2000
Convergence criterion for H1                             0.100D-03
Optimization algorithm                                         EMA

Input data file(s)
  wide-dataset.dat
Input data format  FREE


SUMMARY OF DATA

     Number of missing data patterns            73


COVARIANCE COVERAGE OF DATA

Minimum covariance coverage value   0.000


     PROPORTION OF DATA PRESENT


           Covariance Coverage
              A_00          A_01          A_02          A_03          A_04
              ________      ________      ________      ________      ________
 A_00           0.851
 A_01           0.626         0.635
 A_02           0.521         0.486         0.530
 A_03           0.415         0.376         0.378         0.509
 A_04           0.266         0.232         0.239         0.321         0.353
 B_00           0.846         0.633         0.530         0.509         0.353
 B_01           0.739         0.622         0.518         0.495         0.342
 B_02           0.642         0.567         0.516         0.486         0.342
 B_03           0.567         0.493         0.466         0.489         0.335
 B_04           0.475         0.413         0.399         0.440         0.337
 AGE_C70        0.851         0.635         0.530         0.509         0.353
 EDU_C7         0.851         0.635         0.530         0.509         0.353
 HTM_C          0.851         0.635         0.530         0.509         0.353


           Covariance Coverage
              B_00          B_01          B_02          B_03          B_04
              ________      ________      ________      ________      ________
 B_00           0.995
 B_01           0.862         0.862
 B_02           0.752         0.729         0.752
 B_03           0.658         0.640         0.628         0.658
 B_04           0.562         0.544         0.541         0.541         0.562
 AGE_C70        0.995         0.862         0.752         0.658         0.562
 EDU_C7         0.995         0.862         0.752         0.658         0.562
 HTM_C          0.995         0.862         0.752         0.658         0.562


           Covariance Coverage
              AGE_C70       EDU_C7        HTM_C
              ________      ________      ________
 AGE_C70        1.000
 EDU_C7         1.000         1.000
 HTM_C          1.000         1.000         1.000


SAMPLE STATISTICS


     ESTIMATED SAMPLE STATISTICS


           Means
              A_00          A_01          A_02          A_03          A_04
              ________      ________      ________      ________      ________
 1             68.044        66.282        64.449        62.834        59.531


           Means
              B_00          B_01          B_02          B_03          B_04
              ________      ________      ________      ________      ________
 1              7.768         7.869         7.869         7.759         7.789


           Means
              AGE_C70       EDU_C7        HTM_C
              ________      ________      ________
 1             10.171         8.486         0.016


           Covariances
              A_00          A_01          A_02          A_03          A_04
              ________      ________      ________      ________      ________
 A_00         347.688
 A_01         315.289       347.771
 A_02         329.493       335.140       406.458
 A_03         301.217       315.776       355.490       370.946
 A_04         286.959       297.112       333.768       330.585       336.337
 B_00           5.054         6.311         7.181         4.272         5.764
 B_01           4.960         6.621         6.212         3.903         5.870
 B_02           6.630         7.828         8.666         6.570         8.925
 B_03           7.409         8.192         8.491         3.954         6.795
 B_04           6.850         8.227         9.747         7.497         9.265
 AGE_C70      -54.498       -57.674       -61.319       -60.632       -58.545
 EDU_C7         5.393         7.985         8.037         4.399         4.926
 HTM_C          0.488         0.519         0.541         0.445         0.404


           Covariances
              B_00          B_01          B_02          B_03          B_04
              ________      ________      ________      ________      ________
 B_00           6.298
 B_01           5.149         5.838
 B_02           5.271         4.917         5.816
 B_03           5.122         5.076         4.996         5.806
 B_04           5.210         4.737         5.007         4.945         5.942
 AGE_C70        0.551         0.214         0.011        -0.357        -0.941
 EDU_C7         4.428         4.487         4.328         4.617         4.290
 HTM_C          0.038         0.036         0.036         0.040         0.037


           Covariances
              AGE_C70       EDU_C7        HTM_C
              ________      ________      ________
 AGE_C70       49.582
 EDU_C7         0.951        12.901
 HTM_C         -0.060         0.069         0.006


           Correlations
              A_00          A_01          A_02          A_03          A_04
              ________      ________      ________      ________      ________
 A_00           1.000
 A_01           0.907         1.000
 A_02           0.876         0.891         1.000
 A_03           0.839         0.879         0.916         1.000
 A_04           0.839         0.869         0.903         0.936         1.000
 B_00           0.108         0.135         0.142         0.088         0.125
 B_01           0.110         0.147         0.128         0.084         0.132
 B_02           0.147         0.174         0.178         0.141         0.202
 B_03           0.165         0.182         0.175         0.085         0.154
 B_04           0.151         0.181         0.198         0.160         0.207
 AGE_C70       -0.415        -0.439        -0.432        -0.447        -0.453
 EDU_C7         0.081         0.119         0.111         0.064         0.075
 HTM_C          0.351         0.373         0.360         0.310         0.295


           Correlations
              B_00          B_01          B_02          B_03          B_04
              ________      ________      ________      ________      ________
 B_00           1.000
 B_01           0.849         1.000
 B_02           0.871         0.844         1.000
 B_03           0.847         0.872         0.860         1.000
 B_04           0.852         0.804         0.852         0.842         1.000
 AGE_C70        0.031         0.013         0.001        -0.021        -0.055
 EDU_C7         0.491         0.517         0.500         0.533         0.490
 HTM_C          0.202         0.198         0.199         0.222         0.205


           Correlations
              AGE_C70       EDU_C7        HTM_C
              ________      ________      ________
 AGE_C70        1.000
 EDU_C7         0.038         1.000
 HTM_C         -0.114         0.259         1.000


     MAXIMUM LOG-LIKELIHOOD VALUE FOR THE UNRESTRICTED (H1) MODEL IS -9560.918


UNIVARIATE SAMPLE STATISTICS


     UNIVARIATE HIGHER-ORDER MOMENT DESCRIPTIVE STATISTICS

         Variable/         Mean/     Skewness/   Minimum/ % with                Percentiles
        Sample Size      Variance    Kurtosis    Maximum  Min/Max      20%/60%    40%/80%    Median

     A_00                 67.835      -0.058       0.000    0.27%      52.750     63.250     67.250
             371.000     354.745       0.386     124.250    0.27%      73.250     83.250
     A_01                 67.118      -0.024      12.000    0.36%      52.500     62.750     67.250
             277.000     307.767       0.402     130.250    0.36%      73.000     80.250
     A_02                 66.301      -0.079       0.000    0.43%      50.000     62.250     67.500
             231.000     368.887       0.546     127.500    0.43%      72.500     79.750
     A_03                 64.162       0.040       0.000    0.45%      47.500     59.750     65.125
             222.000     349.989       0.512     125.000    0.45%      70.250     78.000
     A_04                 62.771       0.108      16.500    0.65%      47.000     59.000     62.375
             154.000     292.232      -0.150     111.500    0.65%      66.500     76.500
     B_00                  7.774      -1.225       0.000    0.92%       6.000      8.000      9.000
             434.000       6.290       0.723      10.000   32.95%       9.000     10.000
     B_01                  7.931      -1.198       0.000    0.53%       6.000      8.000      9.000
             376.000       5.607       0.636      10.000   34.84%       9.000     10.000
     B_02                  8.067      -1.322       0.000    0.30%       6.000      8.000      9.000
             328.000       5.185       1.108      10.000   35.98%       9.000     10.000
     B_03                  8.010      -1.378       0.000    1.05%       6.000      8.000      9.000
             287.000       4.958       1.570      10.000   31.36%       9.000     10.000
     B_04                  8.078      -1.294       1.000    1.63%       6.000      8.000      9.000
             245.000       5.182       0.827      10.000   35.10%       9.000     10.000
     AGE_C70              10.171      -0.498     -12.094    0.23%       4.637      9.050     11.002
             436.000      49.582       0.132      28.508    0.23%      12.628     16.026
     EDU_C7                8.486      -0.338      -7.000    0.23%       5.000      8.000      9.000
             436.000      12.901       1.813      21.000    0.46%       9.000     11.000
     HTM_C                 0.016      -0.488      -0.298    0.23%      -0.044      0.007      0.026
             436.000       0.006       0.623       0.185    0.92%       0.033      0.083


THE MODEL ESTIMATION TERMINATED NORMALLY



MODEL FIT INFORMATION

Number of Free Parameters                       29

Loglikelihood

          H0 Value                       -7498.849
          H0 Scaling Correction Factor      1.3254
            for MLR

Information Criteria

          Akaike (AIC)                   15055.698
          Bayesian (BIC)                 15173.950
          Sample-Size Adjusted BIC       15081.919
            (n* = (n + 2) / 24)



MODEL RESULTS

                                                    Two-Tailed
                    Estimate       S.E.  Est./S.E.    P-Value

 IA         ON
    AGE_C70           -1.016      0.116     -8.786      0.000
    EDU_C7             0.135      0.232      0.581      0.561
    HTM_C             77.820     10.495      7.415      0.000

 SA         ON
    AGE_C70           -0.050      0.032     -1.588      0.112
    EDU_C7             0.015      0.059      0.245      0.807
    HTM_C             -2.448      2.448     -1.000      0.317

 IB         ON
    AGE_C70            0.008      0.016      0.526      0.599
    EDU_C7             0.330      0.029     11.408      0.000
    HTM_C              2.558      1.504      1.701      0.089

 SB         ON
    AGE_C70           -0.006      0.003     -2.118      0.034
    EDU_C7             0.000      0.006     -0.047      0.963
    HTM_C             -0.011      0.239     -0.048      0.962

 IA       WITH
    SA                -4.503      3.590     -1.254      0.210
    IB                 2.859      1.649      1.734      0.083
    SB                 0.066      0.310      0.212      0.832

 SA       WITH
    IB                -0.066      0.395     -0.167      0.867
    SB                 0.080      0.073      1.101      0.271

 IB       WITH
    SB                -0.069      0.054     -1.273      0.203

 A_00     WITH
    B_00              -0.201      0.225     -0.893      0.372

 A_01     WITH
    B_01              -0.201      0.225     -0.893      0.372

 A_02     WITH
    B_02              -0.201      0.225     -0.893      0.372

 A_03     WITH
    B_03              -0.201      0.225     -0.893      0.372

 A_04     WITH
    B_04              -0.201      0.225     -0.893      0.372

 Intercepts
    A_00               0.000      0.000    999.000    999.000
    A_01               0.000      0.000    999.000    999.000
    A_02               0.000      0.000    999.000    999.000
    A_03               0.000      0.000    999.000    999.000
    A_04               0.000      0.000    999.000    999.000
    B_00               0.000      0.000    999.000    999.000
    B_01               0.000      0.000    999.000    999.000
    B_02               0.000      0.000    999.000    999.000
    B_03               0.000      0.000    999.000    999.000
    B_04               0.000      0.000    999.000    999.000
    IA                76.131      2.421     31.450      0.000
    SA                -1.598      0.555     -2.877      0.004
    IB                 4.884      0.314     15.562      0.000
    SB                 0.063      0.064      0.994      0.320

 Residual Variances
    A_00              31.704      2.368     13.388      0.000
    A_01              31.704      2.368     13.388      0.000
    A_02              31.704      2.368     13.388      0.000
    A_03              31.704      2.368     13.388      0.000
    A_04              31.704      2.368     13.388      0.000
    B_00               0.861      0.087      9.878      0.000
    B_01               0.861      0.087      9.878      0.000
    B_02               0.861      0.087      9.878      0.000
    B_03               0.861      0.087      9.878      0.000
    B_04               0.861      0.087      9.878      0.000
    IA               224.231     21.040     10.657      0.000
    SA                 4.336      1.381      3.140      0.002
    IB                 3.728      0.333     11.198      0.000
    SB                 0.011      0.013      0.871      0.384

New/Additional Parameters
    R_IAIB             0.099      0.056      1.774      0.076
    R_SASB             0.361      0.344      1.049      0.294
    R_RES_AB          -0.038      0.043     -0.897      0.370


QUALITY OF NUMERICAL RESULTS

     Condition Number for the Information Matrix              0.421E-05
       (ratio of smallest to largest eigenvalue)


CONFIDENCE INTERVALS OF MODEL RESULTS

                  Lower .5%  Lower 2.5%    Lower 5%    Estimate    Upper 5%  Upper 2.5%   Upper .5%

 IA       ON
    AGE_C70         -1.313      -1.242      -1.206      -1.016      -0.826      -0.789      -0.718
    EDU_C7          -0.463      -0.320      -0.247       0.135       0.517       0.590       0.733
    HTM_C           50.787      57.250      60.556      77.820      95.084      98.390     104.853

 SA       ON
    AGE_C70         -0.131      -0.112      -0.102      -0.050       0.002       0.012       0.031
    EDU_C7          -0.139      -0.102      -0.083       0.015       0.112       0.131       0.168
    HTM_C           -8.752      -7.245      -6.474      -2.448       1.578       2.349       3.857

 IB       ON
    AGE_C70         -0.032      -0.023      -0.018       0.008       0.034       0.039       0.049
    EDU_C7           0.256       0.274       0.283       0.330       0.378       0.387       0.405
    HTM_C           -1.316      -0.390       0.084       2.558       5.032       5.505       6.431

 SB       ON
    AGE_C70         -0.014      -0.012      -0.011      -0.006      -0.001       0.000       0.001
    EDU_C7          -0.015      -0.011      -0.010       0.000       0.009       0.011       0.014
    HTM_C           -0.627      -0.480      -0.404      -0.011       0.382       0.457       0.604

 IA       WITH
    SA             -13.751     -11.540     -10.409      -4.503       1.403       2.534       4.745
    IB              -1.388      -0.372       0.147       2.859       5.572       6.091       7.106
    SB              -0.734      -0.542      -0.445       0.066       0.576       0.674       0.865

 SA       WITH
    IB              -1.084      -0.840      -0.716      -0.066       0.584       0.708       0.952
    SB              -0.108      -0.063      -0.040       0.080       0.201       0.224       0.269

 IB       WITH
    SB              -0.208      -0.175      -0.158      -0.069       0.020       0.037       0.070

 A_00     WITH
    B_00            -0.780      -0.641      -0.571      -0.201       0.169       0.240       0.378

 A_01     WITH
    B_01            -0.780      -0.641      -0.571      -0.201       0.169       0.240       0.378

 A_02     WITH
    B_02            -0.780      -0.641      -0.571      -0.201       0.169       0.240       0.378

 A_03     WITH
    B_03            -0.780      -0.641      -0.571      -0.201       0.169       0.240       0.378

 A_04     WITH
    B_04            -0.780      -0.641      -0.571      -0.201       0.169       0.240       0.378

 Intercepts
    A_00             0.000       0.000       0.000       0.000       0.000       0.000       0.000
    A_01             0.000       0.000       0.000       0.000       0.000       0.000       0.000
    A_02             0.000       0.000       0.000       0.000       0.000       0.000       0.000
    A_03             0.000       0.000       0.000       0.000       0.000       0.000       0.000
    A_04             0.000       0.000       0.000       0.000       0.000       0.000       0.000
    B_00             0.000       0.000       0.000       0.000       0.000       0.000       0.000
    B_01             0.000       0.000       0.000       0.000       0.000       0.000       0.000
    B_02             0.000       0.000       0.000       0.000       0.000       0.000       0.000
    B_03             0.000       0.000       0.000       0.000       0.000       0.000       0.000
    B_04             0.000       0.000       0.000       0.000       0.000       0.000       0.000
    IA              69.896      71.386      72.149      76.131      80.113      80.876      82.366
    SA              -3.028      -2.686      -2.511      -1.598      -0.684      -0.509      -0.167
    IB               4.075       4.269       4.368       4.884       5.400       5.499       5.692
    SB              -0.101      -0.061      -0.041       0.063       0.168       0.188       0.227

 Residual Variances
    A_00            25.604      27.062      27.808      31.704      35.599      36.345      37.803
    A_01            25.604      27.062      27.808      31.704      35.599      36.345      37.803
    A_02            25.604      27.062      27.808      31.704      35.599      36.345      37.803
    A_03            25.604      27.062      27.808      31.704      35.599      36.345      37.803
    A_04            25.604      27.062      27.808      31.704      35.599      36.345      37.803
    B_00             0.637       0.690       0.718       0.861       1.004       1.032       1.086
    B_01             0.637       0.690       0.718       0.861       1.004       1.032       1.086
    B_02             0.637       0.690       0.718       0.861       1.004       1.032       1.086
    B_03             0.637       0.690       0.718       0.861       1.004       1.032       1.086
    B_04             0.637       0.690       0.718       0.861       1.004       1.032       1.086
    IA             170.036     182.992     189.620     224.231     258.843     265.470     278.427
    SA               0.779       1.630       2.065       4.336       6.607       7.042       7.892
    IB               2.871       3.076       3.180       3.728       4.276       4.381       4.586
    SB              -0.022      -0.014      -0.010       0.011       0.033       0.037       0.045

New/Additional Parameters
    R_IAIB          -0.045      -0.010       0.007       0.099       0.191       0.208       0.242
    R_SASB          -0.526      -0.314      -0.205       0.361       0.928       1.037       1.249
    R_RES_AB        -0.149      -0.122      -0.109      -0.038       0.032       0.046       0.072


SAMPLE STATISTICS FOR ESTIMATED FACTOR SCORES


     SAMPLE STATISTICS


           Means
              IA            IA_SE         SA            SA_SE         IB
              ________      ________      ________      ________      ________
 1             68.210         4.892        -2.023         1.741         7.814


           Means
              IB_SE         SB            SB_SE
              ________      ________      ________
 1              0.536        -0.003         0.097


           Covariances
              IA            IA_SE         SA            SA_SE         IB
              ________      ________      ________      ________      ________
 IA           289.435
 IA_SE         -1.099         6.622
 SA             0.876         0.007         1.368
 SA_SE         -0.681         0.330         0.012         0.076
 IB             5.665         0.000        -0.055        -0.068         4.986
 IB_SE         -0.480         0.115        -0.007         0.022        -0.045
 SB             0.442        -0.005         0.041         0.000        -0.056
 SB_SE         -0.012         0.003         0.000         0.001        -0.001


           Covariances
              IB_SE         SB            SB_SE
              ________      ________      ________
 IB_SE          0.023
 SB             0.000         0.004
 SB_SE          0.000         0.000         0.000


           Correlations
              IA            IA_SE         SA            SA_SE         IB
              ________      ________      ________      ________      ________
 IA             1.000
 IA_SE         -0.025         1.000
 SA             0.044         0.002         1.000
 SA_SE         -0.145         0.464         0.036         1.000
 IB             0.149         0.000        -0.021        -0.110         1.000
 IB_SE         -0.186         0.294        -0.040         0.516        -0.133
 SB             0.415        -0.032         0.560         0.017        -0.402
 SB_SE         -0.216         0.411        -0.012         0.884        -0.136


           Correlations
              IB_SE         SB            SB_SE
              ________      ________      ________
 IB_SE          1.000
 SB            -0.044         1.000
 SB_SE          0.720        -0.032         1.000


RESULTS SAVING INFORMATION

  Order of data

    Parameter estimates
     (saved in order shown in Technical 1 output)
    Standard errors
     (saved in order shown in Technical 1 output)
    H0 Loglikelihood
    H0 Scaling Correction Factor for MLR
    Number of Free Parameters
    Akaike (AIC)
    Bayesian (BIC)
    Sample-Size Adjusted BIC
    Condition Number

  Save file
    b1_male_aeh_grip_nart_results.dat

  Save file format           Free


PLOT INFORMATION

The following plots are available:

  Histograms (sample values, estimated factor scores)
  Scatterplots (sample values, estimated factor scores)
  Latent variable distribution plots

SAVEDATA INFORMATION


  Save file
    b1_male_aeh_grip_nart_fscores.dat

  Order and format of variables

    A_00           F10.3
    A_01           F10.3
    A_02           F10.3
    A_03           F10.3
    A_04           F10.3
    B_00           F10.3
    B_01           F10.3
    B_02           F10.3
    B_03           F10.3
    B_04           F10.3
    AGE_C70        F10.3
    EDU_C7         F10.3
    HTM_C          F10.3
    TIME_00        F10.3
    TIME_01        F10.3
    TIME_02        F10.3
    TIME_03        F10.3
    TIME_04        F10.3
    IA             F10.3
    IA_SE          F10.3
    SA             F10.3
    SA_SE          F10.3
    IB             F10.3
    IB_SE          F10.3
    SB             F10.3
    SB_SE          F10.3

  Save file format
    26F10.3

  Save file record length    10000


     Beginning Time:  22:50:11
        Ending Time:  22:50:14
       Elapsed Time:  00:00:03



MUTHEN & MUTHEN
3463 Stoner Ave.
Los Angeles, CA  90066

Tel: (310) 391-9971
Fax: (310) 391-8971
Web: www.StatModel.com
Support: Support@StatModel.com

Copyright (c) 1998-2015 Muthen & Muthen
