Mplus VERSION 7.4 (Mac)
MUTHEN & MUTHEN
02/08/2017  10:47 PM

INPUT INSTRUCTIONS

  TITLE:
  Script produced from the prototype in ./sandbox/syntax-creator/
  DATA:
  File = wide-dataset.dat ;
  VARIABLE:
  NAMES are
   id male age_c70 edu_c7 htm_c smoke cardio diabetes dementia_ever
      dementia_baseline bnt_00 bnt_01 bnt_02 bnt_03 bnt_04 bnt_05 bnt_06 bnt_07
      bnt_08 bnt_09 bnt_10 bnt_11 bnt_12 bnt_13 bnt_14 bnt_15 bnt_16 bnt_17
      bnt_18 bostordel_00 bostordel_01 bostordel_02 bostordel_03 bostordel_04
      bostordel_05 bostordel_06 bostordel_07 bostordel_08 bostordel_09 bostordel_10
      bostordel_11 bostordel_12 bostordel_13 bostordel_14 bostordel_15 bostordel_16
      bostordel_17 bostordel_18 bostorim_00 bostorim_01 bostorim_02 bostorim_03
      bostorim_04 bostorim_05 bostorim_06 bostorim_07 bostorim_08 bostorim_09
      bostorim_10 bostorim_11 bostorim_12 bostorim_13 bostorim_14 bostorim_15
      bostorim_16 bostorim_17 bostorim_18 catfluency_00 catfluency_01 catfluency_02
      catfluency_03 catfluency_04 catfluency_05 catfluency_06 catfluency_07
      catfluency_08 catfluency_09 catfluency_10 catfluency_11 catfluency_12
      catfluency_13 catfluency_14 catfluency_15 catfluency_16 catfluency_17
      catfluency_18 complexideas_00 complexideas_01 complexideas_02 complexideas_03
      complexideas_04 complexideas_05 complexideas_06 complexideas_07 complexideas_08
      complexideas_09 complexideas_10 complexideas_11 complexideas_12 complexideas_13
      complexideas_14 complexideas_15 complexideas_16 complexideas_17 complexideas_18
      digitbackward_00 digitbackward_01 digitbackward_02 digitbackward_03
      digitbackward_04 digitbackward_05 digitbackward_06 digitbackward_07
      digitbackward_08 digitbackward_09 digitbackward_10 digitbackward_11
      digitbackward_12 digitbackward_13 digitbackward_14 digitbackward_15
      digitbackward_16 digitbackward_17 digitbackward_18 digitforward_00
      digitforward_01 digitforward_02 digitforward_03 digitforward_04 digitforward_05
      digitforward_06 digitforward_07 digitforward_08 digitforward_09 digitforward_10
      digitforward_11 digitforward_12 digitforward_13 digitforward_14 digitforward_15
      digitforward_16 digitforward_17 digitforward_18 digitorder_00 digitorder_01
      digitorder_02 digitorder_03 digitorder_04 digitorder_05 digitorder_06
      digitorder_07 digitorder_08 digitorder_09 digitorder_10 digitorder_11
      digitorder_12 digitorder_13 digitorder_14 digitorder_15 digitorder_16
      digitorder_17 digitorder_18 fev_00 fev_01 fev_02 fev_03 fev_04 fev_05 fev_06
      fev_07 fev_08 fev_09 fev_10 fev_11 fev_12 fev_13 fev_14 fev_15 fev_16 fev_17
      fev_18 fev100_00 fev100_01 fev100_02 fev100_03 fev100_04 fev100_05 fev100_06
      fev100_07 fev100_08 fev100_09 fev100_10 fev100_11 fev100_12 fev100_13 fev100_14
      fev100_15 fev100_16 fev100_17 fev100_18 gait_00 gait_01 gait_02 gait_03 gait_04
      gait_05 gait_06 gait_07 gait_08 gait_09 gait_10 gait_11 gait_12 gait_13 gait_14
      gait_15 gait_16 gait_17 gait_18 grip_00 grip_01 grip_02 grip_03 grip_04 grip_05
      grip_06 grip_07 grip_08 grip_09 grip_10 grip_11 grip_12 grip_13 grip_14 grip_15
      grip_16 grip_17 grip_18 lineorientation_00 lineorientation_01 lineorientation_02
      lineorientation_03 lineorientation_04 lineorientation_05 lineorientation_06
      lineorientation_07 lineorientation_08 lineorientation_09 lineorientation_10
      lineorientation_11 lineorientation_12 lineorientation_13 lineorientation_14
      lineorientation_15 lineorientation_16 lineorientation_17 lineorientation_18
      logimemdel_00 logimemdel_01 logimemdel_02 logimemdel_03 logimemdel_04
      logimemdel_05 logimemdel_06 logimemdel_07 logimemdel_08 logimemdel_09
      logimemdel_10 logimemdel_11 logimemdel_12 logimemdel_13 logimemdel_14
      logimemdel_15 logimemdel_16 logimemdel_17 logimemdel_18 logimemim_00
      logimemim_01 logimemim_02 logimemim_03 logimemim_04 logimemim_05 logimemim_06
      logimemim_07 logimemim_08 logimemim_09 logimemim_10 logimemim_11 logimemim_12
      logimemim_13 logimemim_14 logimemim_15 logimemim_16 logimemim_17 logimemim_18
      matrices_00 matrices_01 matrices_02 matrices_03 matrices_04 matrices_05
      matrices_06 matrices_07 matrices_08 matrices_09 matrices_10 matrices_11
      matrices_12 matrices_13 matrices_14 matrices_15 matrices_16 matrices_17
      matrices_18 mmse_00 mmse_01 mmse_02 mmse_03 mmse_04 mmse_05 mmse_06 mmse_07
      mmse_08 mmse_09 mmse_10 mmse_11 mmse_12 mmse_13 mmse_14 mmse_15 mmse_16 mmse_17
      mmse_18 nart_00 nart_01 nart_02 nart_03 nart_04 nart_05 nart_06 nart_07 nart_08
      nart_09 nart_10 nart_11 nart_12 nart_13 nart_14 nart_15 nart_16 nart_17 nart_18
      numbercomparison_00 numbercomparison_01 numbercomparison_02 numbercomparison_03
      numbercomparison_04 numbercomparison_05 numbercomparison_06 numbercomparison_07
      numbercomparison_08 numbercomparison_09 numbercomparison_10 numbercomparison_11
      numbercomparison_12 numbercomparison_13 numbercomparison_14 numbercomparison_15
      numbercomparison_16 numbercomparison_17 numbercomparison_18 symbol_00
      symbol_01 symbol_02 symbol_03 symbol_04 symbol_05 symbol_06 symbol_07 symbol_08
      symbol_09 symbol_10 symbol_11 symbol_12 symbol_13 symbol_14 symbol_15 symbol_16
      symbol_17 symbol_18 wordlistdel_00 wordlistdel_01 wordlistdel_02 wordlistdel_03
      wordlistdel_04 wordlistdel_05 wordlistdel_06 wordlistdel_07 wordlistdel_08
      wordlistdel_09 wordlistdel_10 wordlistdel_11 wordlistdel_12 wordlistdel_13
      wordlistdel_14 wordlistdel_15 wordlistdel_16 wordlistdel_17 wordlistdel_18
      wordlistim_00 wordlistim_01 wordlistim_02 wordlistim_03 wordlistim_04
      wordlistim_05 wordlistim_06 wordlistim_07 wordlistim_08 wordlistim_09
      wordlistim_10 wordlistim_11 wordlistim_12 wordlistim_13 wordlistim_14
      wordlistim_15 wordlistim_16 wordlistim_17 wordlistim_18 wordlistrecog_00
      wordlistrecog_01 wordlistrecog_02 wordlistrecog_03 wordlistrecog_04
      wordlistrecog_05 wordlistrecog_06 wordlistrecog_07 wordlistrecog_08
      wordlistrecog_09 wordlistrecog_10 wordlistrecog_11 wordlistrecog_12
      wordlistrecog_13 wordlistrecog_14 wordlistrecog_15 wordlistrecog_16
      wordlistrecog_17 wordlistrecog_18 years_since_bl_00 years_since_bl_01
      years_since_bl_02 years_since_bl_03 years_since_bl_04 years_since_bl_05
      years_since_bl_06 years_since_bl_07 years_since_bl_08 years_since_bl_09
      years_since_bl_10 years_since_bl_11 years_since_bl_12 years_since_bl_13
      years_since_bl_14 years_since_bl_15 years_since_bl_16 years_since_bl_17
      years_since_bl_18
  	;
  Missing are all (-9999);
  USEVARIABLES are
  	!define the variables used in the analysis
  	! covariates used in the model
  age_c70
  edu_c7	
  	!estimated time points
  time_00
  time_01
  time_02
  time_03
  time_04
  	!modelled time points of process (A)
  a_00
  a_01
  a_02
  a_03
  a_04
  	!modelled time points of process (B)
  b_00
  b_01
  b_02
  b_03
  b_04
  ;
  TSCORES are
  	!estimated time points
  time_00
  time_01
  time_02
  time_03
  time_04;
  USEOBSERVATIONS are
  	!select a subset of observations
  male EQ 0
  and
  dementia_baseline NE 1
  ;
  DEFINE:
  	! assign variables to the process (A)
  a_00=grip_00;
  a_01=grip_01;
  a_02=grip_02;
  a_03=grip_03;
  a_04=grip_04;
  	! assign variables to the process (B)
  b_00=lineorientation_00;
  b_01=lineorientation_01;
  b_02=lineorientation_02;
  b_03=lineorientation_03;
  b_04=lineorientation_04;
  	!assign variables to time points
  time_00=years_since_bl_00;
  time_01=years_since_bl_01;
  time_02=years_since_bl_02;
  time_03=years_since_bl_03;
  time_04=years_since_bl_04;
  	
  ANALYSIS:
  TYPE = RANDOM;
  COVERAGE=.00;
  MODEL:
  	!first-level equation
  	! assign process (A) to time points
  ia sa | a_00 AT time_00 ;
  ia sa | a_01 AT time_01 ;
  ia sa | a_02 AT time_02 ;
  ia sa | a_03 AT time_03 ;
  ia sa | a_04 AT time_04 ;
  	! assign process (B) to time points
  ib sb | b_00 AT time_00 ;
  ib sb | b_01 AT time_01 ;
  ib sb | b_02 AT time_02 ;
  ib sb | b_03 AT time_03 ;
  ib sb | b_04 AT time_04 ;
  	!variance of the first-level terms
  ia (v_ia);
  sa (v_sa);
  ib (v_ib);
  sb (v_sb);
  	!covariance among first-level terms
  ia WITH sa (c_iasa);
  ia WITH ib (c_iaib);
  ia WITH sb (c_iasb);
  sa WITH ib (c_saib);
  sa WITH sb (c_sasb);
  ib WITH sb (c_ibsb);
  	!second-level equation
  ia sa ib sb ON age_c70
  edu_c7;
  	!residual covariance of process (A)
  a_00 (res_a);
  a_01 (res_a);
  a_02 (res_a);
  a_03 (res_a);
  a_04 (res_a);	
  	!residual covariance of process (B)
  b_00 (res_b);
  b_01 (res_b);
  b_02 (res_b);
  b_03 (res_b);
  b_04 (res_b);	
  	!Paired covariances constrained to be equal across t
  a_00 pwith b_00 (res_cov);
  a_01 pwith b_01 (res_cov);
  a_02 pwith b_02 (res_cov);
  a_03 pwith b_03 (res_cov);
  a_04 pwith b_04 (res_cov);	
  MODEL CONSTRAINT:
  	!assigns labels to new parameters;
  NEW r_iaib;
  NEW r_sasb;
  NEW r_res_ab;
  	!compute confidence intervals for correlation coefficients;
  r_iaib = c_iaib/((v_ia**0.5)*(v_ib**0.5));
  r_sasb = c_sasb/((v_sa**0.5)*(v_sb**0.5));
  r_res_ab = res_cov/((res_a**0.5)*(res_b**0.5));
  SAVEDATA:
  FILE is   b1_female_ae_grip_lineorientation_fscores.dat;
  SAVE = FSCORES;
  RESULTS are   b1_female_ae_grip_lineorientation_results.dat;
  	
  OUTPUT: sampstat cinterval;
  PLOT: Type is Plot1 Plot2 Plot3;



*** WARNING
  Data set contains cases with missing on all variables except
  x-variables.  These cases were not included in the analysis.
  Number of cases with missing on all variables except x-variables:  1
   1 WARNING(S) FOUND IN THE INPUT INSTRUCTIONS




Script produced from the prototype in ./sandbox/syntax-creator/

SUMMARY OF ANALYSIS

Number of groups                                                 1
Number of observations                                        1308

Number of dependent variables                                   10
Number of independent variables                                  2
Number of continuous latent variables                            4

Observed dependent variables

  Continuous
   A_00        A_01        A_02        A_03        A_04        B_00
   B_01        B_02        B_03        B_04

Observed independent variables
   AGE_C70     EDU_C7

Continuous latent variables
   IA          SA          IB          SB

Variables with special functions

  Time scores
   TIME_00     TIME_01     TIME_02     TIME_03     TIME_04


Estimator                                                      MLR
Information matrix                                        OBSERVED
Maximum number of iterations                                   100
Convergence criterion                                    0.100D-05
Maximum number of EM iterations                                500
Convergence criteria for the EM algorithm
  Loglikelihood change                                   0.100D-02
  Relative loglikelihood change                          0.100D-05
  Derivative                                             0.100D-03
Minimum variance                                         0.100D-03
Maximum number of steepest descent iterations                   20
Maximum number of iterations for H1                           2000
Convergence criterion for H1                             0.100D-03
Optimization algorithm                                         EMA

Input data file(s)
  wide-dataset.dat
Input data format  FREE


SUMMARY OF DATA

     Number of missing data patterns           137


COVARIANCE COVERAGE OF DATA

Minimum covariance coverage value   0.000


     PROPORTION OF DATA PRESENT


           Covariance Coverage
              A_00          A_01          A_02          A_03          A_04
              ________      ________      ________      ________      ________
 A_00           0.868
 A_01           0.638         0.645
 A_02           0.535         0.487         0.553
 A_03           0.397         0.350         0.367         0.485
 A_04           0.272         0.233         0.239         0.302         0.352
 B_00           0.849         0.630         0.538         0.472         0.348
 B_01           0.742         0.622         0.522         0.456         0.332
 B_02           0.668         0.572         0.533         0.459         0.332
 B_03           0.571         0.485         0.469         0.457         0.326
 B_04           0.479         0.406         0.386         0.389         0.328
 AGE_C70        0.868         0.645         0.553         0.485         0.352
 EDU_C7         0.868         0.645         0.553         0.485         0.352


           Covariance Coverage
              B_00          B_01          B_02          B_03          B_04
              ________      ________      ________      ________      ________
 B_00           0.981
 B_01           0.837         0.841
 B_02           0.758         0.734         0.764
 B_03           0.657         0.635         0.633         0.660
 B_04           0.558         0.537         0.528         0.522         0.558
 AGE_C70        0.981         0.841         0.764         0.660         0.558
 EDU_C7         0.981         0.841         0.764         0.660         0.558


           Covariance Coverage
              AGE_C70       EDU_C7
              ________      ________
 AGE_C70        1.000
 EDU_C7         1.000         1.000


SAMPLE STATISTICS


     ESTIMATED SAMPLE STATISTICS


           Means
              A_00          A_01          A_02          A_03          A_04
              ________      ________      ________      ________      ________
 1             40.766        39.417        38.453        37.001        35.454


           Means
              B_00          B_01          B_02          B_03          B_04
              ________      ________      ________      ________      ________
 1              9.407         9.516         9.411         9.449         9.153


           Means
              AGE_C70       EDU_C7
              ________      ________
 1              9.466         7.347


           Covariances
              A_00          A_01          A_02          A_03          A_04
              ________      ________      ________      ________      ________
 A_00         150.582
 A_01         130.714       152.489
 A_02         129.856       134.266       156.508
 A_03         127.105       130.450       138.769       155.320
 A_04         130.937       134.151       138.540       144.053       167.648
 B_00           4.529         5.487         5.383         4.226         2.710
 B_01           4.378         5.484         5.487         4.875         3.680
 B_02           5.417         6.591         8.229         7.291         5.759
 B_03           6.825         7.510         8.348         8.246         7.441
 B_04           7.474         8.491         9.790         9.397         8.921
 AGE_C70      -42.108       -41.598       -46.270       -48.021       -46.669
 EDU_C7         4.977         5.573         4.790         3.802         3.335


           Covariances
              B_00          B_01          B_02          B_03          B_04
              ________      ________      ________      ________      ________
 B_00           9.023
 B_01           5.497         9.913
 B_02           5.625         6.414        10.515
 B_03           5.323         6.417         6.478        10.144
 B_04           5.219         5.996         6.873         6.432        11.044
 AGE_C70       -1.327        -2.285        -2.495        -2.113        -3.470
 EDU_C7         2.648         2.822         2.843         3.001         2.461


           Covariances
              AGE_C70       EDU_C7
              ________      ________
 AGE_C70       60.042
 EDU_C7        -1.234         9.389


           Correlations
              A_00          A_01          A_02          A_03          A_04
              ________      ________      ________      ________      ________
 A_00           1.000
 A_01           0.863         1.000
 A_02           0.846         0.869         1.000
 A_03           0.831         0.848         0.890         1.000
 A_04           0.824         0.839         0.855         0.893         1.000
 B_00           0.123         0.148         0.143         0.113         0.070
 B_01           0.113         0.141         0.139         0.124         0.090
 B_02           0.136         0.165         0.203         0.180         0.137
 B_03           0.175         0.191         0.210         0.208         0.180
 B_04           0.183         0.207         0.235         0.227         0.207
 AGE_C70       -0.443        -0.435        -0.477        -0.497        -0.465
 EDU_C7         0.132         0.147         0.125         0.100         0.084


           Correlations
              B_00          B_01          B_02          B_03          B_04
              ________      ________      ________      ________      ________
 B_00           1.000
 B_01           0.581         1.000
 B_02           0.577         0.628         1.000
 B_03           0.556         0.640         0.627         1.000
 B_04           0.523         0.573         0.638         0.608         1.000
 AGE_C70       -0.057        -0.094        -0.099        -0.086        -0.135
 EDU_C7         0.288         0.293         0.286         0.308         0.242


           Correlations
              AGE_C70       EDU_C7
              ________      ________
 AGE_C70        1.000
 EDU_C7        -0.052         1.000


     MAXIMUM LOG-LIKELIHOOD VALUE FOR THE UNRESTRICTED (H1) MODEL IS -32263.959


UNIVARIATE SAMPLE STATISTICS


     UNIVARIATE HIGHER-ORDER MOMENT DESCRIPTIVE STATISTICS

         Variable/         Mean/     Skewness/   Minimum/ % with                Percentiles
        Sample Size      Variance    Kurtosis    Maximum  Min/Max      20%/60%    40%/80%    Median

     A_00                 40.427       0.271       4.000    0.09%      30.000     37.000     40.000
            1135.000     151.767       0.385      97.750    0.09%      43.000     50.250
     A_01                 38.974       0.154       0.000    0.12%      29.250     36.000     39.000
             844.000     141.250       0.306      85.000    0.12%      41.750     48.750
     A_02                 38.122       0.042       0.000    0.14%      27.250     35.250     38.000
             723.000     144.395      -0.157      72.500    0.14%      40.750     48.500
     A_03                 36.743       0.196       0.000    0.16%      27.250     33.000     36.250
             634.000     136.252       0.106      73.750    0.16%      39.250     46.500
     A_04                 35.930       0.297       0.000    0.22%      25.750     32.500     35.500
             461.000     148.875       0.406      76.250    0.22%      38.250     45.750
     B_00                  9.412      -0.451       0.000    0.31%       7.000      9.000     10.000
            1283.000       9.036      -0.135      15.000    1.79%      10.000     12.000
     B_01                  9.625      -0.419       0.000    0.36%       7.000      9.000     10.000
            1100.000       9.751      -0.229      15.000    3.55%      11.000     12.000
     B_02                  9.569      -0.476       0.000    0.70%       7.000      9.000     10.000
             999.000      10.297      -0.116      15.000    3.80%      11.000     12.000
     B_03                  9.696      -0.423       0.000    0.12%       7.000      9.000     10.000
             863.000       9.778      -0.216      15.000    4.87%      11.000     13.000
     B_04                  9.484      -0.483       0.000    0.68%       7.000      9.000     10.000
             730.000      10.614      -0.266      15.000    2.88%      11.000     12.000
     AGE_C70               9.466      -0.499     -16.653    0.08%       3.372      8.461     10.230
            1308.000      60.042       0.150      30.471    0.08%      12.155     16.048
     EDU_C7                7.347      -0.148      -7.000    0.08%       5.000      6.000      7.000
            1308.000       9.389       1.177      18.000    0.08%       8.000     10.000


THE MODEL ESTIMATION TERMINATED NORMALLY



MODEL FIT INFORMATION

Number of Free Parameters                       25

Loglikelihood

          H0 Value                      -24455.152
          H0 Scaling Correction Factor      1.1337
            for MLR

Information Criteria

          Akaike (AIC)                   48960.303
          Bayesian (BIC)                 49089.710
          Sample-Size Adjusted BIC       49010.297
            (n* = (n + 2) / 24)



MODEL RESULTS

                                                    Two-Tailed
                    Estimate       S.E.  Est./S.E.    P-Value

 IA         ON
    AGE_C70           -0.690      0.043    -16.049      0.000
    EDU_C7             0.473      0.110      4.292      0.000

 SA         ON
    AGE_C70           -0.028      0.010     -2.850      0.004
    EDU_C7            -0.052      0.027     -1.912      0.056

 IB         ON
    AGE_C70           -0.019      0.010     -1.979      0.048
    EDU_C7             0.291      0.025     11.422      0.000

 SB         ON
    AGE_C70           -0.007      0.003     -2.228      0.026
    EDU_C7            -0.001      0.007     -0.115      0.908

 IA       WITH
    SA                -1.420      0.903     -1.571      0.116
    IB                 2.149      0.911      2.358      0.018
    SB                 0.521      0.274      1.899      0.058

 SA       WITH
    IB                -0.063      0.213     -0.298      0.766
    SB                 0.137      0.065      2.097      0.036

 IB       WITH
    SB                 0.047      0.071      0.659      0.510

 A_00     WITH
    B_00               0.342      0.192      1.784      0.074

 A_01     WITH
    B_01               0.342      0.192      1.784      0.074

 A_02     WITH
    B_02               0.342      0.192      1.784      0.074

 A_03     WITH
    B_03               0.342      0.192      1.784      0.074

 A_04     WITH
    B_04               0.342      0.192      1.784      0.074

 Intercepts
    A_00               0.000      0.000    999.000    999.000
    A_01               0.000      0.000    999.000    999.000
    A_02               0.000      0.000    999.000    999.000
    A_03               0.000      0.000    999.000    999.000
    A_04               0.000      0.000    999.000    999.000
    B_00               0.000      0.000    999.000    999.000
    B_01               0.000      0.000    999.000    999.000
    B_02               0.000      0.000    999.000    999.000
    B_03               0.000      0.000    999.000    999.000
    B_04               0.000      0.000    999.000    999.000
    IA                43.848      1.018     43.071      0.000
    SA                -0.650      0.251     -2.592      0.010
    IB                 7.533      0.247     30.471      0.000
    SB                 0.018      0.068      0.265      0.791

 Residual Variances
    A_00              19.415      0.886     21.924      0.000
    A_01              19.415      0.886     21.924      0.000
    A_02              19.415      0.886     21.924      0.000
    A_03              19.415      0.886     21.924      0.000
    A_04              19.415      0.886     21.924      0.000
    B_00               3.876      0.133     29.060      0.000
    B_01               3.876      0.133     29.060      0.000
    B_02               3.876      0.133     29.060      0.000
    B_03               3.876      0.133     29.060      0.000
    B_04               3.876      0.133     29.060      0.000
    IA               100.159      5.319     18.832      0.000
    SA                 1.264      0.286      4.417      0.000
    IB                 4.679      0.291     16.073      0.000
    SB                 0.087      0.034      2.569      0.010

New/Additional Parameters
    R_IAIB             0.099      0.042      2.372      0.018
    R_SASB             0.413      0.184      2.243      0.025
    R_RES_AB           0.039      0.022      1.793      0.073


QUALITY OF NUMERICAL RESULTS

     Condition Number for the Information Matrix              0.229E-04
       (ratio of smallest to largest eigenvalue)


CONFIDENCE INTERVALS OF MODEL RESULTS

                  Lower .5%  Lower 2.5%    Lower 5%    Estimate    Upper 5%  Upper 2.5%   Upper .5%

 IA       ON
    AGE_C70         -0.800      -0.774      -0.760      -0.690      -0.619      -0.606      -0.579
    EDU_C7           0.189       0.257       0.292       0.473       0.654       0.689       0.757

 SA       ON
    AGE_C70         -0.053      -0.047      -0.044      -0.028      -0.012      -0.009      -0.003
    EDU_C7          -0.122      -0.105      -0.097      -0.052      -0.007       0.001       0.018

 IB       ON
    AGE_C70         -0.045      -0.039      -0.036      -0.019      -0.003       0.000       0.006
    EDU_C7           0.225       0.241       0.249       0.291       0.333       0.341       0.357

 SB       ON
    AGE_C70         -0.014      -0.012      -0.012      -0.007      -0.002      -0.001       0.001
    EDU_C7          -0.020      -0.015      -0.013      -0.001       0.011       0.013       0.018

 IA       WITH
    SA              -3.747      -3.191      -2.906      -1.420       0.067       0.351       0.908
    IB              -0.199       0.363       0.650       2.149       3.649       3.936       4.497
    SB              -0.185      -0.017       0.070       0.521       0.972       1.058       1.227

 SA       WITH
    IB              -0.612      -0.481      -0.414      -0.063       0.287       0.354       0.485
    SB              -0.031       0.009       0.029       0.137       0.244       0.265       0.305

 IB       WITH
    SB              -0.136      -0.092      -0.070       0.047       0.163       0.185       0.229

 A_00     WITH
    B_00            -0.152      -0.034       0.027       0.342       0.658       0.719       0.837

 A_01     WITH
    B_01            -0.152      -0.034       0.027       0.342       0.658       0.719       0.837

 A_02     WITH
    B_02            -0.152      -0.034       0.027       0.342       0.658       0.719       0.837

 A_03     WITH
    B_03            -0.152      -0.034       0.027       0.342       0.658       0.719       0.837

 A_04     WITH
    B_04            -0.152      -0.034       0.027       0.342       0.658       0.719       0.837

 Intercepts
    A_00             0.000       0.000       0.000       0.000       0.000       0.000       0.000
    A_01             0.000       0.000       0.000       0.000       0.000       0.000       0.000
    A_02             0.000       0.000       0.000       0.000       0.000       0.000       0.000
    A_03             0.000       0.000       0.000       0.000       0.000       0.000       0.000
    A_04             0.000       0.000       0.000       0.000       0.000       0.000       0.000
    B_00             0.000       0.000       0.000       0.000       0.000       0.000       0.000
    B_01             0.000       0.000       0.000       0.000       0.000       0.000       0.000
    B_02             0.000       0.000       0.000       0.000       0.000       0.000       0.000
    B_03             0.000       0.000       0.000       0.000       0.000       0.000       0.000
    B_04             0.000       0.000       0.000       0.000       0.000       0.000       0.000
    IA              41.226      41.853      42.174      43.848      45.523      45.844      46.471
    SA              -1.296      -1.142      -1.063      -0.650      -0.238      -0.159      -0.004
    IB               6.896       7.048       7.126       7.533       7.939       8.017       8.169
    SB              -0.158      -0.116      -0.094       0.018       0.130       0.152       0.194

 Residual Variances
    A_00            17.134      17.679      17.958      19.415      20.871      21.150      21.696
    A_01            17.134      17.679      17.958      19.415      20.871      21.150      21.696
    A_02            17.134      17.679      17.958      19.415      20.871      21.150      21.696
    A_03            17.134      17.679      17.958      19.415      20.871      21.150      21.696
    A_04            17.134      17.679      17.958      19.415      20.871      21.150      21.696
    B_00             3.532       3.615       3.657       3.876       4.095       4.137       4.220
    B_01             3.532       3.615       3.657       3.876       4.095       4.137       4.220
    B_02             3.532       3.615       3.657       3.876       4.095       4.137       4.220
    B_03             3.532       3.615       3.657       3.876       4.095       4.137       4.220
    B_04             3.532       3.615       3.657       3.876       4.095       4.137       4.220
    IA              86.459      89.734      91.410     100.159     108.908     110.583     113.858
    SA               0.527       0.703       0.793       1.264       1.735       1.825       2.001
    IB               3.929       4.109       4.200       4.679       5.158       5.250       5.429
    SB               0.000       0.021       0.031       0.087       0.143       0.153       0.174

New/Additional Parameters
    R_IAIB          -0.009       0.017       0.030       0.099       0.168       0.181       0.207
    R_SASB          -0.061       0.052       0.110       0.413       0.715       0.773       0.887
    R_RES_AB        -0.017      -0.004       0.003       0.039       0.076       0.083       0.096


SAMPLE STATISTICS FOR ESTIMATED FACTOR SCORES


     SAMPLE STATISTICS


           Means
              IA            IA_SE         SA            SA_SE         IB
              ________      ________      ________      ________      ________
 1             40.794         3.375        -1.298         1.007         9.486


           Means
              IB_SE         SB            SB_SE
              ________      ________      ________
 1              1.032        -0.051         0.261


           Covariances
              IA            IA_SE         SA            SA_SE         IB
              ________      ________      ________      ________      ________
 IA           118.001
 IA_SE          0.378         2.240
 SA             0.795         0.015         0.311
 SA_SE          0.013         0.067         0.001         0.009
 IB             4.236        -0.112        -0.045        -0.012         4.400
 IB_SE         -0.270         0.127        -0.011         0.009        -0.057
 SB             0.846         0.003         0.049         0.000         0.125
 SB_SE         -0.024         0.012        -0.001         0.001        -0.005


           Covariances
              IB_SE         SB            SB_SE
              ________      ________      ________
 IB_SE          0.046
 SB            -0.004         0.021
 SB_SE          0.003         0.000         0.000


           Correlations
              IA            IA_SE         SA            SA_SE         IB
              ________      ________      ________      ________      ________
 IA             1.000
 IA_SE          0.023         1.000
 SA             0.131         0.018         1.000
 SA_SE          0.012         0.481         0.018         1.000
 IB             0.186        -0.036        -0.038        -0.062         1.000
 IB_SE         -0.116         0.396        -0.088         0.452        -0.127
 SB             0.534         0.012         0.603         0.026         0.408
 SB_SE         -0.124         0.448        -0.072         0.742        -0.123


           Correlations
              IB_SE         SB            SB_SE
              ________      ________      ________
 IB_SE          1.000
 SB            -0.113         1.000
 SB_SE          0.753        -0.101         1.000


RESULTS SAVING INFORMATION

  Order of data

    Parameter estimates
     (saved in order shown in Technical 1 output)
    Standard errors
     (saved in order shown in Technical 1 output)
    H0 Loglikelihood
    H0 Scaling Correction Factor for MLR
    Number of Free Parameters
    Akaike (AIC)
    Bayesian (BIC)
    Sample-Size Adjusted BIC
    Condition Number

  Save file
    b1_female_ae_grip_lineorientation_results.dat

  Save file format           Free


PLOT INFORMATION

The following plots are available:

  Histograms (sample values, estimated factor scores)
  Scatterplots (sample values, estimated factor scores)
  Latent variable distribution plots

SAVEDATA INFORMATION


  Save file
    b1_female_ae_grip_lineorientation_fscores.dat

  Order and format of variables

    A_00           F10.3
    A_01           F10.3
    A_02           F10.3
    A_03           F10.3
    A_04           F10.3
    B_00           F10.3
    B_01           F10.3
    B_02           F10.3
    B_03           F10.3
    B_04           F10.3
    AGE_C70        F10.3
    EDU_C7         F10.3
    TIME_00        F10.3
    TIME_01        F10.3
    TIME_02        F10.3
    TIME_03        F10.3
    TIME_04        F10.3
    IA             F10.3
    IA_SE          F10.3
    SA             F10.3
    SA_SE          F10.3
    IB             F10.3
    IB_SE          F10.3
    SB             F10.3
    SB_SE          F10.3

  Save file format
    25F10.3

  Save file record length    10000


     Beginning Time:  22:47:13
        Ending Time:  22:47:21
       Elapsed Time:  00:00:08



MUTHEN & MUTHEN
3463 Stoner Ave.
Los Angeles, CA  90066

Tel: (310) 391-9971
Fax: (310) 391-8971
Web: www.StatModel.com
Support: Support@StatModel.com

Copyright (c) 1998-2015 Muthen & Muthen
