Mplus VERSION 7.11
MUTHEN & MUTHEN
11/12/2015  10:38 AM

INPUT INSTRUCTIONS

  TITLE: B1 Hand strength, Delayed Recall, AEHPLUS, Male

  DATA:  File = "C:\Users\wuche\Dropbox\Research\IALSA\Mplus\Data\grip.dat";

  Variable:
    Names are
       hhid pn JAGE JALIVE JINSAMP JIWWAVE KAGE KALIVE KINSAMP KIWWAVE LAGE
       LALIVE LINSAMP LIWWAVE MAGE MALIVE MINSAMP MIWWAVE NAGE NALIVE NINSAMP
       NIWWAVE WHITE MALE educ04 smoke04 height04 bmi04 diabetes04 cvd04
       walk04 walk06 walk10 peak04 peak06 peak10 grip04 grip06 grip10 recall04i
       recall06i recall08i recall10i recall12i recall04d recall06d recall08d
       recall10d recall12d serial06 serial04 serial08 serial10 serial12 vocabulary04
       vocabulary06 vocabulary08 vocabulary10 vocabulary12 tisc04 tisc06
       tisc08 tisc10 tisc12 cesd04 cesd06 cesd08 cesd10 cesd12 t1 t2 t3 t4
       t5;

    MISSING are all(-9999);
    USEVAR  are diabetes04 cvd04 smoke04 time1 time2 time3 time4 time5
                Educ Height
                Bage p1 p2 p4 c1 c2 c3 c4 c5;
    TSCORES =   time1 time2 time3 time4 time5;
    CLUSTER =   hhid;
    SUBPOPULATION are MALE EQ 1;

  DEFINE: p1=grip04; p2 = grip06; p4 = grip10;
          c1=recall04d; c2=recall06d; c3=recall08d; c4=recall10d; c5=recall12d;
          time1 = t1; time2 = t2; time3 = t3; time4 = t4; time5 = t5;
          Bage = JAGE-70;
          Educ   = educ04-7;
          Height = height04-1.60;

  ANALYSIS: TYPE = RANDOM COMPLEX;

  MODEL: ip sp | p1 p2 p4 AT time1 time2       time4;
         ic sc | c1-c5    AT time1 time2 time3 time4 time5;

         ip sp ic sc ON Bage Educ Height diabetes04 cvd04 smoke04;

         p1 p2 p4 (res_p);
         c1-c5 (res_c);
         p1  with c1  (res_cov);
         p2  with c2  (res_cov);
         p4  with c4  (res_cov);

  OUTPUT: sampstat Cinterval;



*** WARNING in VARIABLE command
  Note that only the first 8 characters of variable names are used in the output.
  Shorten variable names to avoid any confusion.
   1 WARNING(S) FOUND IN THE INPUT INSTRUCTIONS



B1 Hand strength, Delayed Recall, AEHPLUS, Male

SUMMARY OF ANALYSIS

Number of groups                                                 1
Number of observations                                         507

Number of dependent variables                                    8
Number of independent variables                                  6
Number of continuous latent variables                            4

Observed dependent variables

  Continuous
   P1          P2          P4          C1          C2          C3
   C4          C5

Observed independent variables
   DIABETES    CVD04       SMOKE04     EDUC        HEIGHT      BAGE

Continuous latent variables
   IP          SP          IC          SC

Variables with special functions

  Cluster variable      HHID
  Weight variable       _WEIGHT

  Time scores
   TIME1       TIME2       TIME3       TIME4       TIME5


Estimator                                                      MLR
Information matrix                                        OBSERVED
Maximum number of iterations                                   100
Convergence criterion                                    0.100D-05
Maximum number of EM iterations                                500
Convergence criteria for the EM algorithm
  Loglikelihood change                                   0.100D-02
  Relative loglikelihood change                          0.100D-05
  Derivative                                             0.100D-03
Minimum variance                                         0.100D-03
Maximum number of steepest descent iterations                   20
Maximum number of iterations for H1                           2000
Convergence criterion for H1                             0.100D-03
Optimization algorithm                                         EMA

Input data file(s)
  C:\Users\wuche\Dropbox\Research\IALSA\Mplus\Data\grip.dat
Input data format  FREE



SAMPLE STATISTICS


     ESTIMATED SAMPLE STATISTICS


           Means
              P1            P2            P4            C1            C2
              ________      ________      ________      ________      ________
 1             40.165        37.839        34.120         4.074         3.933


           Means
              C3            C4            C5            DIABETES      CVD04
              ________      ________      ________      ________      ________
 1              3.738         3.487         3.314         0.178         0.312


           Means
              SMOKE04       EDUC          HEIGHT        BAGE
              ________      ________      ________      ________
 1              0.179         5.895         0.167        -0.976


           Covariances
              P1            P2            P4            C1            C2
              ________      ________      ________      ________      ________
 P1           422.459
 P2            80.873        97.742
 P4            82.082        82.295       112.521
 C1             1.344         5.129         5.214         3.184
 C2             8.026         5.521         5.379         1.857         3.451
 C3             4.580         6.018         6.570         1.817         1.773
 C4             6.573         7.339         8.126         1.967         2.158
 C5             7.214         6.854         7.954         2.135         2.152
 DIABETES      -0.739        -0.502        -0.836        -0.074        -0.095
 CVD04         -0.698        -0.638        -0.793        -0.123        -0.124
 SMOKE04        1.304         0.647         0.850         0.048         0.024
 EDUC           2.121         3.552         2.702         2.050         2.124
 HEIGHT         0.239         0.214         0.216         0.021         0.023
 BAGE         -69.900       -67.427       -73.285        -7.079        -7.545


           Covariances
              C3            C4            C5            DIABETES      CVD04
              ________      ________      ________      ________      ________
 C3             3.776
 C4             2.210         3.863
 C5             2.170         2.460         4.140
 DIABETES      -0.062        -0.066        -0.076         0.146
 CVD04         -0.128        -0.117        -0.168         0.012         0.215
 SMOKE04        0.068         0.003         0.097        -0.016        -0.011
 EDUC           1.822         1.932         1.966         0.019        -0.133
 HEIGHT         0.027         0.023         0.024        -0.003        -0.002
 BAGE          -8.367       -10.280       -10.717         0.489         1.239


           Covariances
              SMOKE04       EDUC          HEIGHT        BAGE
              ________      ________      ________      ________
 SMOKE04        0.147
 EDUC          -0.139        10.650
 HEIGHT         0.000         0.026         0.006
 BAGE          -1.760        -4.406        -0.163       121.258


           Correlations
              P1            P2            P4            C1            C2
              ________      ________      ________      ________      ________
 P1             1.000
 P2             0.398         1.000
 P4             0.376         0.785         1.000
 C1             0.037         0.291         0.275         1.000
 C2             0.210         0.301         0.273         0.560         1.000
 C3             0.115         0.313         0.319         0.524         0.491
 C4             0.163         0.378         0.390         0.561         0.591
 C5             0.172         0.341         0.368         0.588         0.569
 DIABETES      -0.094        -0.133        -0.206        -0.109        -0.133
 CVD04         -0.073        -0.139        -0.162        -0.148        -0.144
 SMOKE04        0.165         0.171         0.209         0.070         0.033
 EDUC           0.032         0.110         0.078         0.352         0.350
 HEIGHT         0.156         0.290         0.274         0.161         0.164
 BAGE          -0.309        -0.619        -0.627        -0.360        -0.369


           Correlations
              C3            C4            C5            DIABETES      CVD04
              ________      ________      ________      ________      ________
 C3             1.000
 C4             0.579         1.000
 C5             0.549         0.615         1.000
 DIABETES      -0.084        -0.088        -0.098         1.000
 CVD04         -0.143        -0.128        -0.179         0.066         1.000
 SMOKE04        0.092         0.004         0.124        -0.110        -0.059
 EDUC           0.287         0.301         0.296         0.015        -0.088
 HEIGHT         0.189         0.157         0.156        -0.089        -0.049
 BAGE          -0.391        -0.475        -0.478         0.116         0.243


           Correlations
              SMOKE04       EDUC          HEIGHT        BAGE
              ________      ________      ________      ________
 SMOKE04        1.000
 EDUC          -0.111         1.000
 HEIGHT         0.010         0.105         1.000
 BAGE          -0.416        -0.123        -0.199         1.000


     MAXIMUM LOG-LIKELIHOOD VALUE FOR THE UNRESTRICTED (H1) MODEL IS -27948.621


THE MODEL ESTIMATION TERMINATED NORMALLY



MODEL FIT INFORMATION

Number of Free Parameters                       41

Loglikelihood

          H0 Value                       -9286.801
          H0 Scaling Correction Factor      8.8519
            for MLR

Information Criteria

          Akaike (AIC)                   18655.602
          Bayesian (BIC)                 18828.971
          Sample-Size Adjusted BIC       18698.832
            (n* = (n + 2) / 24)



MODEL RESULTS

                                                    Two-Tailed
                    Estimate       S.E.  Est./S.E.    P-Value

 IP         ON
    BAGE              -0.507      0.046    -10.947      0.000
    EDUC               0.010      0.141      0.070      0.944
    HEIGHT            25.586      4.941      5.178      0.000
    DIABETES04        -2.035      0.802     -2.536      0.011
    CVD04              0.217      0.896      0.242      0.809
    SMOKE04            1.099      2.885      0.381      0.703

 SP         ON
    BAGE              -0.016      0.010     -1.626      0.104
    EDUC              -0.018      0.026     -0.694      0.488
    HEIGHT            -0.826      1.022     -0.808      0.419
    DIABETES04        -0.209      0.186     -1.125      0.261
    CVD04             -0.031      0.182     -0.169      0.866
    SMOKE04           -0.635      0.581     -1.092      0.275

 IC         ON
    BAGE              -0.049      0.007     -7.362      0.000
    EDUC               0.165      0.020      8.417      0.000
    HEIGHT             1.654      0.826      2.003      0.045
    DIABETES04        -0.402      0.184     -2.183      0.029
    CVD04             -0.138      0.135     -1.021      0.307
    SMOKE04           -0.252      0.188     -1.340      0.180

 SC         ON
    BAGE              -0.005      0.001     -4.409      0.000
    EDUC              -0.004      0.003     -1.478      0.139
    HEIGHT            -0.056      0.149     -0.376      0.707
    DIABETES04         0.021      0.029      0.723      0.470
    CVD04              0.003      0.023      0.153      0.878
    SMOKE04           -0.038      0.030     -1.268      0.205

 SP       WITH
    IP               -25.272     25.551     -0.989      0.323

 IC       WITH
    IP                 0.535      0.904      0.592      0.554
    SP                 0.060      0.218      0.274      0.784

 SC       WITH
    IP                 0.055      0.197      0.277      0.781
    SP                -0.004      0.043     -0.103      0.918
    IC                 0.020      0.018      1.130      0.259

 P1       WITH
    C1                -1.422      1.025     -1.388      0.165

 P2       WITH
    C2                -1.422      1.025     -1.388      0.165

 P4       WITH
    C4                -1.422      1.025     -1.388      0.165

 Intercepts
    P1                 0.000      0.000    999.000    999.000
    P2                 0.000      0.000    999.000    999.000
    P4                 0.000      0.000    999.000    999.000
    C1                 0.000      0.000    999.000    999.000
    C2                 0.000      0.000    999.000    999.000
    C3                 0.000      0.000    999.000    999.000
    C4                 0.000      0.000    999.000    999.000
    C5                 0.000      0.000    999.000    999.000
    IP                35.214      1.118     31.507      0.000
    SP                -0.508      0.226     -2.246      0.025
    IC                 2.966      0.198     14.991      0.000
    SC                -0.067      0.031     -2.127      0.033

 Residual Variances
    P1                95.784     66.434      1.442      0.149
    P2                95.784     66.434      1.442      0.149
    P4                95.784     66.434      1.442      0.149
    C1                 1.575      0.073     21.693      0.000
    C2                 1.575      0.073     21.693      0.000
    C3                 1.575      0.073     21.693      0.000
    C4                 1.575      0.073     21.693      0.000
    C5                 1.575      0.073     21.693      0.000
    IP               151.308    119.719      1.264      0.206
    SP                 4.262      3.983      1.070      0.285
    IC                 0.949      0.135      7.021      0.000
    SC                 0.001      0.004      0.345      0.730


QUALITY OF NUMERICAL RESULTS

     Condition Number for the Information Matrix              0.130E-05
       (ratio of smallest to largest eigenvalue)


CONFIDENCE INTERVALS OF MODEL RESULTS

                  Lower .5%  Lower 2.5%    Lower 5%    Estimate    Upper 5%  Upper 2.5%   Upper .5%

 IP       ON
    BAGE            -0.626      -0.598      -0.583      -0.507      -0.431      -0.416      -0.388
    EDUC            -0.352      -0.266      -0.221       0.010       0.241       0.285       0.372
    HEIGHT          12.859      15.902      17.458      25.586      33.714      35.271      38.313
    DIABETES04      -4.102      -3.608      -3.355      -2.035      -0.715      -0.462       0.032
    CVD04           -2.092      -1.540      -1.258       0.217       1.691       1.973       2.525
    SMOKE04         -6.334      -4.557      -3.648       1.099       5.845       6.754       8.531

 SP       ON
    BAGE            -0.042      -0.036      -0.033      -0.016       0.000       0.003       0.010
    EDUC            -0.086      -0.070      -0.062      -0.018       0.025       0.033       0.049
    HEIGHT          -3.459      -2.829      -2.507      -0.826       0.856       1.178       1.808
    DIABETES04      -0.689      -0.575      -0.516      -0.209       0.097       0.156       0.270
    CVD04           -0.500      -0.388      -0.331      -0.031       0.269       0.326       0.439
    SMOKE04         -2.132      -1.774      -1.591      -0.635       0.321       0.504       0.862

 IC       ON
    BAGE            -0.066      -0.061      -0.059      -0.049      -0.038      -0.036      -0.032
    EDUC             0.114       0.126       0.133       0.165       0.197       0.203       0.215
    HEIGHT          -0.473       0.035       0.295       1.654       3.012       3.272       3.781
    DIABETES04      -0.876      -0.763      -0.705      -0.402      -0.099      -0.041       0.072
    CVD04           -0.487      -0.403      -0.361      -0.138       0.084       0.127       0.210
    SMOKE04         -0.736      -0.620      -0.561      -0.252       0.057       0.117       0.232

 SC       ON
    BAGE            -0.008      -0.007      -0.007      -0.005      -0.003      -0.003      -0.002
    EDUC            -0.012      -0.010      -0.009      -0.004       0.000       0.001       0.003
    HEIGHT          -0.441      -0.349      -0.302      -0.056       0.190       0.237       0.329
    DIABETES04      -0.054      -0.036      -0.027       0.021       0.069       0.078       0.096
    CVD04           -0.055      -0.041      -0.034       0.003       0.041       0.048       0.062
    SMOKE04         -0.114      -0.096      -0.086      -0.038       0.011       0.021       0.039

 SP       WITH
    IP             -91.086     -75.352     -67.303     -25.272      16.759      24.808      40.542

 IC       WITH
    IP              -1.794      -1.237      -0.952       0.535       2.022       2.307       2.864
    SP              -0.501      -0.367      -0.299       0.060       0.418       0.487       0.621

 SC       WITH
    IP              -0.454      -0.332      -0.270       0.055       0.380       0.442       0.563
    SP              -0.114      -0.088      -0.075      -0.004       0.066       0.079       0.105
    IC              -0.025      -0.015      -0.009       0.020       0.049       0.054       0.065

 P1       WITH
    C1              -4.062      -3.431      -3.108      -1.422       0.264       0.587       1.218

 P2       WITH
    C2              -4.062      -3.431      -3.108      -1.422       0.264       0.587       1.218

 P4       WITH
    C4              -4.062      -3.431      -3.108      -1.422       0.264       0.587       1.218

 Intercepts
    P1               0.000       0.000       0.000       0.000       0.000       0.000       0.000
    P2               0.000       0.000       0.000       0.000       0.000       0.000       0.000
    P4               0.000       0.000       0.000       0.000       0.000       0.000       0.000
    C1               0.000       0.000       0.000       0.000       0.000       0.000       0.000
    C2               0.000       0.000       0.000       0.000       0.000       0.000       0.000
    C3               0.000       0.000       0.000       0.000       0.000       0.000       0.000
    C4               0.000       0.000       0.000       0.000       0.000       0.000       0.000
    C5               0.000       0.000       0.000       0.000       0.000       0.000       0.000
    IP              32.336      33.024      33.376      35.214      37.053      37.405      38.093
    SP              -1.090      -0.951      -0.880      -0.508      -0.136      -0.065       0.075
    IC               2.457       2.578       2.641       2.966       3.292       3.354       3.476
    SC              -0.148      -0.129      -0.119      -0.067      -0.015      -0.005       0.014

 Residual Variances
    P1             -75.338     -34.428     -13.501      95.784     205.068     225.995     266.906
    P2             -75.338     -34.428     -13.501      95.784     205.068     225.995     266.906
    P4             -75.338     -34.428     -13.501      95.784     205.068     225.995     266.906
    C1               1.388       1.432       1.455       1.575       1.694       1.717       1.762
    C2               1.388       1.432       1.455       1.575       1.694       1.717       1.762
    C3               1.388       1.432       1.455       1.575       1.694       1.717       1.762
    C4               1.388       1.432       1.455       1.575       1.694       1.717       1.762
    C5               1.388       1.432       1.455       1.575       1.694       1.717       1.762
    IP            -157.065     -83.342     -45.630     151.308     348.246     385.957     459.680
    SP              -5.998      -3.545      -2.291       4.262      10.814      12.068      14.521
    IC               0.601       0.684       0.727       0.949       1.172       1.214       1.297
    SC              -0.009      -0.006      -0.005       0.001       0.008       0.009       0.011


DIAGRAM INFORMATION

  Use View Diagram under the Diagram menu in the Mplus Editor to view the diagram.
  If running Mplus from the Mplus Diagrammer, the diagram opens automatically.

  Diagram output
    c:\users\wuche\dropbox\research\ialsa\mplus\aehplus\b1_male_aehplus_muscle_memory_hand_delayedre

     Beginning Time:  10:38:22
        Ending Time:  10:38:35
       Elapsed Time:  00:00:13



MUTHEN & MUTHEN
3463 Stoner Ave.
Los Angeles, CA  90066

Tel: (310) 391-9971
Fax: (310) 391-8971
Web: www.StatModel.com
Support: Support@StatModel.com

Copyright (c) 1998-2013 Muthen & Muthen
