Mplus VERSION 5.1
MUTHEN & MUTHEN
11/11/2016  11:52 AM

INPUT INSTRUCTIONS

    TITLE: B1, Handgrip, 3MS, Linear LGM, Aehplus Conditional, Female
      DATA: FILE IS f:\NOV2016\IALSA_retour.dat;
    FORMAT IS FREE;
    VARIABLE: NAMES ARE sujetno
  sex
  age
  age_t2
  age_t3
  age_t4
  scolart1
  revfamt1
  reveokt1
  scodmst1
  scotmst1
  taimest1
  poimest1
  imct1
  walkf4m1
  tugt1
  leve1xt1
  leve5xt1
  tlev5xt1
  unipont1
  unipodt1
  march1t1
  march2t1
  marrapt1
  maxvd0t1
  maxvg0t1
  maxbd0t1
  maxbg0t1
  maxqd0t1
  maxqg0t1
  paset1
  exclut1
  pcst1
  mcst1
  reveokt2
  scodmst2
  scotmst2
  poimest2
  taimest2
  imct2
  tugt2
  walkf4m2
  leve1xt2
  leve5xt2
  tlev5xt2
  unipont2
  unipodt2
  march1t2
  march2t2
  marrapt2
  maxbd0t2
  maxbg0t2
  maxqd0t2
  maxqg0t2
  maxvd0t2
  maxvg0t2
  paset2
  pcst2
  mcst2
  revacct3
  revfamt3
  reveokt3
  scodmst3
  scotmst3
  poimest3
  imct3
  tugt3
  walkf4m3
  leve1xt3
  leve5xt3
  tlev5xt3
  unipont3
  unipodt3
  march1t3
  march2t3
  marrapt3
  maxbd0t3
  maxbg0t3
  maxqd0t3
  maxqg0t3
  maxvd0t3
  maxvg0t3
  paset3
  pcst3
  mcst3
  revacct4
  revfamt4
  reveokt4
  scodmst4
  scotmst4
  tugt4
  walkf4m4
  leve1xt4
  leve5xt4
  tlev5xt4
  unipont4
  unipodt4
  march1t4
  march2t4
  marrapt4
  maxbd0t4
  maxbg0t4
  maxqd0t4
  maxqg0t4
  maxvd0t4
  maxvg0t4
  paset4
  pcst4
  mcst4
  gdst1
  gdst2
  gdst3
  gdst4
  walkn4m1
  walkn4m2
  walkn4m3
  walkn4m4
  marital1
  marital2
  marital3
  marital4
  seslow
  packyears
  smokert1
  chronic1
  chronic2
  chronic3
  chronic4
  hypertt1
  hypertt2
  hypertt3
  hypertt4
  diabet1
  diabet2
  diabet3
  diabet4
  heartat1
  heartat2
  heartat3
  heartat4
  dead
  alcohot1
  alcohot2
  alcohot3
  alcohot4
  smokert2
  smokert3
  smokert4
  daydeath
  monthdeath
  yeardeath
  time1
  time2
  time3
  time4
  gript1
  gript2
  gript3
  gript4
  ;
  MISSING are ALL (-9999);

         USEVAR are  time1 time2 time3 time4
                     p1 p2 p3 p4
                     c1 c2 c3 c4
                     Bage Educ Height SmokHist Cardio Diab;

         TSCORES =   time1 time2 time3 time4;


  USEOBSERVATIONS are sex EQ 0; !female=0

  Define: p1=gript1; p2=gript2; p3=gript3; p4=gript4;
         c1=scotmst1; c2=scotmst2; c3=scotmst3; c4=scotmst4;
          Bage=age-70;   !Centered at Age 70
          Bagesq=(age)**2;
          !Dage=YTDead;
          !Sex=sex;         !0=Male
           Educ=scolart1-7;   ! Centered at 7 years
         ! SEP=seslow;
          !Marstat;
          Height=taimest1-1.60; ! Centered at 1.72 meters for men and 1.60 for women
          !Weight
   SmokHist=Smokert1;
          !MorbInd=chronic;     ! Chronic disease load
          !Alcohol;
          !CompExp;
          !PhysAct;
          !BP=hypertt1;
          !DepSymp;
          Cardio=heartat1;
          Diab=diabet1;
          !MorbInd;

          !BageSex=Bage*Sex;
          !BageEduc=Bage*Educ;
          !SexEduc=Sex*Educ;

  ANALYSIS: TYPE = RANDOM;

    MODEL:  ip sp | p1-p4 AT time1-time4;
            ic sc | c1-c4 AT time1-time4;

                    ip (v_ip); ! v - variance
            sp (v_sp);
            ic (v_ic);
            sc (v_sc);
            ip WITH sp (c_ipsp); ! c - covariance
            ip WITH ic (c_ipic);
            ip WITH sc (c_ipsc);
            sp WITH ic (c_spic);
            sp WITH sc (c_spsc);
            ic WITH sc (c_icsc);

            ip sp ic sc ON Bage Educ Height SmokHist Cardio Diab ;

            p1-p4 (res_p);
            c1-c4 (res_c);

            p1-p4 pwith c1-c4(res_cov); !Paired covariances constrained to be equal across t

      MODEL CONSTRAINT:

              NEW r_ipic;
              NEW r_spsc;
              NEW r_res_pc;

              r_ipic = c_ipic/((v_ip**0.5)*(v_ic**0.5));
              r_spsc = c_spsc/((v_sp**0.5)*(v_sc**0.5));
              r_res_pc = res_cov/((res_p**0.5)*(res_c**0.5));


    SAVEDATA:

    FILE IS   NuAge_gripmmms_female_Slopes;     ! and NuAge_gripmmms_Slopes;

    SAVE = FSCORES;



    PLOT:

     TYPE IS PLOT3;



      OUTPUT: sampstat Cinterval;



*** WARNING
  Input line exceeded 90 characters. Some input may be truncated.
            p1-p4 pwith c1-c4(res_cov); !Paired covariances constrained to be equal across
*** WARNING
  Variable name contains more than 8 characters.
  Only the first 8 characters will be printed in the output.
  Variable: PACKYEARS
*** WARNING
  Variable name contains more than 8 characters.
  Only the first 8 characters will be printed in the output.
  Variable: MONTHDEATH
*** WARNING
  Variable name contains more than 8 characters.
  Only the first 8 characters will be printed in the output.
  Variable: YEARDEATH
*** WARNING
  Data set contains cases with missing on x-variables.
  These cases were not included in the analysis.
  Number of cases with missing on x-variables:  6
   5 WARNING(S) FOUND IN THE INPUT INSTRUCTIONS



B1, Handgrip, 3MS, Linear LGM, Aehplus Conditional, Female

SUMMARY OF ANALYSIS

Number of groups                                                 1
Number of observations                                         934

Number of dependent variables                                    8
Number of independent variables                                  6
Number of continuous latent variables                            4

Observed dependent variables

  Continuous
   P1          P2          P3          P4          C1          C2
   C3          C4

Observed independent variables
   BAGE        EDUC        HEIGHT      SMOKHIST    CARDIO      DIAB

Continuous latent variables
   IP          SP          IC          SC

Variables with special functions

  Time scores
   TIME1       TIME2       TIME3       TIME4


Estimator                                                      MLR
Information matrix                                        OBSERVED
Maximum number of iterations                                   100
Convergence criterion                                    0.100D-05
Maximum number of EM iterations                                500
Convergence criteria for the EM algorithm
  Loglikelihood change                                   0.100D-02
  Relative loglikelihood change                          0.100D-05
  Derivative                                             0.100D-03
Minimum variance                                         0.100D-03
Maximum number of steepest descent iterations                   20
Maximum number of iterations for H1                           2000
Convergence criterion for H1                             0.100D-03
Optimization algorithm                                         EMA

Input data file(s)
  f:\NOV2016\IALSA_retour.dat
Input data format  FREE


SUMMARY OF DATA

     Number of missing data patterns            25


COVARIANCE COVERAGE OF DATA

Minimum covariance coverage value   0.100


     PROPORTION OF DATA PRESENT


           Covariance Coverage
              P1            P2            P3            P4            C1
              ________      ________      ________      ________      ________
 P1             0.998
 P2             0.854         0.855
 P3             0.845         0.807         0.846
 P4             0.779         0.751         0.763         0.779
 C1             0.997         0.854         0.845         0.778         0.999
 C2             0.862         0.853         0.813         0.754         0.862
 C3             0.852         0.814         0.846         0.768         0.852
 C4             0.793         0.761         0.776         0.775         0.792
 BAGE           0.998         0.855         0.846         0.779         0.999
 EDUC           0.998         0.855         0.846         0.779         0.999
 HEIGHT         0.998         0.855         0.846         0.779         0.999
 SMOKHIST       0.998         0.855         0.846         0.779         0.999
 CARDIO         0.998         0.855         0.846         0.779         0.999
 DIAB           0.998         0.855         0.846         0.779         0.999


           Covariance Coverage
              C2            C3            C4            BAGE          EDUC
              ________      ________      ________      ________      ________
 C2             0.863
 C3             0.820         0.853
 C4             0.764         0.782         0.793
 BAGE           0.863         0.853         0.793         1.000
 EDUC           0.863         0.853         0.793         1.000         1.000
 HEIGHT         0.863         0.853         0.793         1.000         1.000
 SMOKHIST       0.863         0.853         0.793         1.000         1.000
 CARDIO         0.863         0.853         0.793         1.000         1.000
 DIAB           0.863         0.853         0.793         1.000         1.000


           Covariance Coverage
              HEIGHT        SMOKHIST      CARDIO        DIAB
              ________      ________      ________      ________
 HEIGHT         1.000
 SMOKHIST       1.000         1.000
 CARDIO         1.000         1.000         1.000
 DIAB           1.000         1.000         1.000         1.000


SAMPLE STATISTICS


     ESTIMATED SAMPLE STATISTICS


           Means
              P1            P2            P3            P4            C1
              ________      ________      ________      ________      ________
 1             56.755        54.620        53.630        50.317        94.382


           Means
              C2            C3            C4            BAGE          EDUC
              ________      ________      ________      ________      ________
 1             93.228        93.315        92.483         4.540         4.360


           Means
              HEIGHT        SMOKHIST      CARDIO        DIAB
              ________      ________      ________      ________
 1             -0.046         0.313         0.185         0.088


           Covariances
              P1            P2            P3            P4            C1
              ________      ________      ________      ________      ________
 P1           229.248
 P2           188.945       238.861
 P3           182.532       204.745       236.884
 P4           178.968       193.735       198.592       227.522
 C1             5.957         6.253         6.336         6.915        17.692
 C2             6.531         6.339         7.028         8.901        14.789
 C3             7.399         7.295         9.488        11.731        16.846
 C4             5.982         6.784         7.467        11.652        17.266
 BAGE         -17.637       -13.983       -16.257       -16.350        -4.746
 EDUC           0.887         0.844         1.271        -0.263         5.982
 HEIGHT         0.016        -0.024         0.013        -0.007         0.040
 SMOKHIST       0.419         0.417         0.538         0.684         0.065
 CARDIO         0.171         0.245         0.151        -0.040        -0.074
 DIAB          -0.042        -0.027        -0.111        -0.138        -0.109


           Covariances
              C2            C3            C4            BAGE          EDUC
              ________      ________      ________      ________      ________
 C2            29.391
 C3            21.972        33.098
 C4            25.442        27.787        42.003
 BAGE          -6.002        -6.869        -8.237        18.039
 EDUC           6.807         7.224         6.236        -1.254        15.318
 HEIGHT         0.059         0.043         0.046        -0.043         0.037
 SMOKHIST       0.165         0.190         0.162        -0.138         0.042
 CARDIO        -0.157        -0.097        -0.182         0.197        -0.041
 DIAB          -0.136        -0.143        -0.105         0.032        -0.105


           Covariances
              HEIGHT        SMOKHIST      CARDIO        DIAB
              ________      ________      ________      ________
 HEIGHT         0.003
 SMOKHIST       0.002         0.215
 CARDIO        -0.002         0.011         0.151
 DIAB           0.000         0.004         0.009         0.080


           Correlations
              P1            P2            P3            P4            C1
              ________      ________      ________      ________      ________
 P1             1.000
 P2             0.807         1.000
 P3             0.783         0.861         1.000
 P4             0.784         0.831         0.855         1.000
 C1             0.094         0.096         0.098         0.109         1.000
 C2             0.080         0.076         0.084         0.109         0.649
 C3             0.085         0.082         0.107         0.135         0.696
 C4             0.061         0.068         0.075         0.119         0.633
 BAGE          -0.274        -0.213        -0.249        -0.255        -0.266
 EDUC           0.015         0.014         0.021        -0.004         0.363
 HEIGHT         0.018        -0.027         0.014        -0.008         0.161
 SMOKHIST       0.060         0.058         0.075         0.098         0.034
 CARDIO         0.029         0.041         0.025        -0.007        -0.045
 DIAB          -0.010        -0.006        -0.025        -0.032        -0.091


           Correlations
              C2            C3            C4            BAGE          EDUC
              ________      ________      ________      ________      ________
 C2             1.000
 C3             0.704         1.000
 C4             0.724         0.745         1.000
 BAGE          -0.261        -0.281        -0.299         1.000
 EDUC           0.321         0.321         0.246        -0.075         1.000
 HEIGHT         0.184         0.127         0.121        -0.171         0.159
 SMOKHIST       0.066         0.071         0.054        -0.070         0.023
 CARDIO        -0.074        -0.043        -0.072         0.119        -0.027
 DIAB          -0.089        -0.088        -0.057         0.027        -0.095


           Correlations
              HEIGHT        SMOKHIST      CARDIO        DIAB
              ________      ________      ________      ________
 HEIGHT         1.000
 SMOKHIST       0.059         1.000
 CARDIO        -0.087         0.059         1.000
 DIAB          -0.017         0.027         0.086         1.000


     MAXIMUM LOG-LIKELIHOOD VALUE FOR THE UNRESTRICTED (H1) MODEL IS -26026.647


THE MODEL ESTIMATION TERMINATED NORMALLY



TESTS OF MODEL FIT

Loglikelihood

          H0 Value                      -21013.161
          H0 Scaling Correction Factor       1.363
            for MLR

Information Criteria

          Number of Free Parameters             41
          Akaike (AIC)                   42108.321
          Bayesian (BIC)                 42306.740
          Sample-Size Adjusted BIC       42176.527
            (n* = (n + 2) / 24)



MODEL RESULTS

                                                    Two-Tailed
                    Estimate       S.E.  Est./S.E.    P-Value

 IP         ON
    BAGE              -0.955      0.113     -8.429      0.000
    EDUC               0.019      0.132      0.148      0.883
    HEIGHT            -9.316      7.955     -1.171      0.242
    SMOKHIST           1.096      0.999      1.097      0.273
    CARDIO             2.611      1.263      2.067      0.039
    DIAB              -0.339      1.865     -0.182      0.856

 SP         ON
    BAGE               0.020      0.028      0.711      0.477
    EDUC              -0.020      0.034     -0.598      0.550
    HEIGHT            -1.161      1.975     -0.588      0.557
    SMOKHIST           0.489      0.246      1.983      0.047
    CARDIO            -0.510      0.307     -1.660      0.097
    DIAB              -0.449      0.488     -0.920      0.357

 IC         ON
    BAGE              -0.219      0.030     -7.203      0.000
    EDUC               0.372      0.033     11.173      0.000
    HEIGHT             6.477      1.990      3.255      0.001
    SMOKHIST           0.205      0.250      0.821      0.412
    CARDIO            -0.053      0.312     -0.171      0.865
    DIAB              -0.922      0.485     -1.900      0.057

 SC         ON
    BAGE              -0.063      0.014     -4.369      0.000
    EDUC               0.006      0.015      0.377      0.706
    HEIGHT            -0.788      1.083     -0.727      0.467
    SMOKHIST           0.123      0.115      1.075      0.282
    CARDIO            -0.108      0.150     -0.722      0.470
    DIAB               0.012      0.200      0.058      0.954

 IP       WITH
    SP                -2.428      2.035     -1.193      0.233
    IC                 1.643      1.870      0.878      0.380
    SC                -0.958      0.728     -1.315      0.188

 SP       WITH
    IC                 0.551      0.508      1.084      0.279
    SC                 0.397      0.279      1.422      0.155

 IC       WITH
    SC                 2.138      0.375      5.708      0.000

 P1       WITH
    C1                 0.389      0.408      0.952      0.341

 P2       WITH
    C2                 0.389      0.408      0.952      0.341

 P3       WITH
    C3                 0.389      0.408      0.952      0.341

 P4       WITH
    C4                 0.389      0.408      0.952      0.341

 Intercepts
    P1                 0.000      0.000    999.000    999.000
    P2                 0.000      0.000    999.000    999.000
    P3                 0.000      0.000    999.000    999.000
    P4                 0.000      0.000    999.000    999.000
    C1                 0.000      0.000    999.000    999.000
    C2                 0.000      0.000    999.000    999.000
    C3                 0.000      0.000    999.000    999.000
    C4                 0.000      0.000    999.000    999.000
    IP                59.866      1.062     56.352      0.000
    SP                -2.083      0.277     -7.518      0.000
    IC                93.918      0.283    331.358      0.000
    SC                -0.362      0.127     -2.849      0.004

 Residual Variances
    P1                37.876      2.671     14.180      0.000
    P2                37.876      2.671     14.180      0.000
    P3                37.876      2.671     14.180      0.000
    P4                37.876      2.671     14.180      0.000
    C1                 8.540      0.409     20.898      0.000
    C2                 8.540      0.409     20.898      0.000
    C3                 8.540      0.409     20.898      0.000
    C4                 8.540      0.409     20.898      0.000
    IP               176.907     10.910     16.215      0.000
    SP                 2.691      0.884      3.045      0.002
    IC                 7.741      0.737     10.507      0.000
    SC                 0.761      0.333      2.289      0.022

 New/Additional Parameters
    R_IPIC             0.044      0.050      0.879      0.379
    R_SPSC             0.277      0.162      1.712      0.087
    R_RES_PC           0.022      0.023      0.953      0.341


QUALITY OF NUMERICAL RESULTS

     Condition Number for the Information Matrix              0.126E-05
       (ratio of smallest to largest eigenvalue)


CONFIDENCE INTERVALS OF MODEL RESULTS

                   Lower .5%  Lower 2.5%   Estimate  Upper 2.5%  Upper .5%

 IP       ON
    BAGE             -1.247      -1.177     -0.955      -0.733     -0.663
    EDUC             -0.320      -0.239      0.019       0.278      0.359
    HEIGHT          -29.806     -24.907     -9.316       6.275     11.174
    SMOKHIST         -1.477      -0.862      1.096       3.054      3.669
    CARDIO           -0.643       0.135      2.611       5.087      5.865
    DIAB             -5.144      -3.995     -0.339       3.317      4.465

 SP       ON
    BAGE             -0.053      -0.035      0.020       0.076      0.093
    EDUC             -0.107      -0.086     -0.020       0.046      0.067
    HEIGHT           -6.247      -5.031     -1.161       2.709      3.925
    SMOKHIST         -0.146       0.006      0.489       0.972      1.123
    CARDIO           -1.302      -1.113     -0.510       0.092      0.282
    DIAB             -1.707      -1.406     -0.449       0.508      0.808

 IC       ON
    BAGE             -0.297      -0.278     -0.219      -0.159     -0.140
    EDUC              0.286       0.307      0.372       0.437      0.458
    HEIGHT            1.351       2.576      6.477      10.377     11.602
    SMOKHIST         -0.439      -0.285      0.205       0.696      0.850
    CARDIO           -0.856      -0.664     -0.053       0.558      0.750
    DIAB             -2.172      -1.873     -0.922       0.029      0.328

 SC       ON
    BAGE             -0.100      -0.091     -0.063      -0.035     -0.026
    EDUC             -0.033      -0.023      0.006       0.035      0.044
    HEIGHT           -3.578      -2.911     -0.788       1.335      2.002
    SMOKHIST         -0.172      -0.101      0.123       0.348      0.418
    CARDIO           -0.494      -0.402     -0.108       0.185      0.278
    DIAB             -0.504      -0.381      0.012       0.404      0.527

 IP       WITH
    SP               -7.671      -6.418     -2.428       1.561      2.815
    IC               -3.175      -2.023      1.643       5.309      6.460
    SC               -2.834      -2.385     -0.958       0.469      0.918

 SP       WITH
    IC               -0.758      -0.445      0.551       1.547      1.860
    SC               -0.322      -0.150      0.397       0.944      1.116

 IC       WITH
    SC                1.173       1.404      2.138       2.872      3.102

 P1       WITH
    C1               -0.663      -0.412      0.389       1.189      1.440

 P2       WITH
    C2               -0.663      -0.412      0.389       1.189      1.440

 P3       WITH
    C3               -0.663      -0.412      0.389       1.189      1.440

 P4       WITH
    C4               -0.663      -0.412      0.389       1.189      1.440

 Intercepts
    P1                0.000       0.000      0.000       0.000      0.000
    P2                0.000       0.000      0.000       0.000      0.000
    P3                0.000       0.000      0.000       0.000      0.000
    P4                0.000       0.000      0.000       0.000      0.000
    C1                0.000       0.000      0.000       0.000      0.000
    C2                0.000       0.000      0.000       0.000      0.000
    C3                0.000       0.000      0.000       0.000      0.000
    C4                0.000       0.000      0.000       0.000      0.000
    IP               57.130      57.784     59.866      61.948     62.603
    SP               -2.796      -2.626     -2.083      -1.540     -1.369
    IC               93.188      93.362     93.918      94.473     94.648
    SC               -0.690      -0.611     -0.362      -0.113     -0.035

 Residual Variances
    P1               30.996      32.641     37.876      43.112     44.757
    P2               30.996      32.641     37.876      43.112     44.757
    P3               30.996      32.641     37.876      43.112     44.757
    P4               30.996      32.641     37.876      43.112     44.757
    C1                7.487       7.739      8.540       9.341      9.592
    C2                7.487       7.739      8.540       9.341      9.592
    C3                7.487       7.739      8.540       9.341      9.592
    C4                7.487       7.739      8.540       9.341      9.592
    IP              148.805     155.523    176.907     198.291    205.009
    SP                0.415       0.959      2.691       4.422      4.966
    IC                5.843       6.297      7.741       9.185      9.638
    SC               -0.096       0.109      0.761       1.414      1.618

 New/Additional Parameters
    R_IPIC           -0.086      -0.055      0.044       0.143      0.174
    R_SPSC           -0.140      -0.040      0.277       0.595      0.695
    R_RES_PC         -0.037      -0.023      0.022       0.066      0.080


PLOT INFORMATION

The following plots are available:

  Histograms (sample values, estimated factor scores)
  Scatterplots (sample values, estimated factor scores)

SAVEDATA INFORMATION

  Order and format of variables

    P1         F10.3
    P2         F10.3
    P3         F10.3
    P4         F10.3
    C1         F10.3
    C2         F10.3
    C3         F10.3
    C4         F10.3
    BAGE       F10.3
    EDUC       F10.3
    HEIGHT     F10.3
    SMOKHIST   F10.3
    CARDIO     F10.3
    DIAB       F10.3
    TIME1      F10.3
    TIME2      F10.3
    TIME3      F10.3
    TIME4      F10.3
    IP         F10.3
    SP         F10.3
    IC         F10.3
    SC         F10.3

  Save file
    NuAge_gripmmms_female_Slopes

  Save file format
    22F10.3

  Save file record length    5000


     Beginning Time:  11:52:29
        Ending Time:  11:53:00
       Elapsed Time:  00:00:31



MUTHEN & MUTHEN
3463 Stoner Ave.
Los Angeles, CA  90066

Tel: (310) 391-9971
Fax: (310) 391-8971
Web: www.StatModel.com
Support: Support@StatModel.com

Copyright (c) 1998-2008 Muthen & Muthen
