Mplus VERSION 7.2
MUTHEN & MUTHEN
06/11/2015   8:22 AM

INPUT INSTRUCTIONS

  TITLE: bivariate linear,female,age education,Pulmonary,memory,fvc,immediate recall

  DATA:  File = ELSA_Portland_New.dat;

          DATA LONGTOWIDE:
        LONG = cflisen | htfvc | years;
        WIDE = c1-c6 | p1-p6 | time1-time6;
        IDVARIABLE = idauniq;
        REPETITION = years (0 2 4 6 8 10);


  VARIABLE: Names are
   idauniq dimar hedia01 hedia02 hedia03 hedia04
   hedia05 hedia06 hedia07 hedia08
      hedia09 hedia10 heage hedib01 hedib02 hedib03
      hedib04 hedib05 hedib06 hedib07 hedib08 hedib09
      hedib10 hesmk heala heacta heactb heactc mmwlka
      mmwlkb cflisen cfani cfmem cfpascr cflisd cfmscr
      cfpbscr cfptscr cfwhz1 cfwhz2 cfwhz3 cfwhz4 psceda
       pscedb pscedc pscedd pscede pscedf pscedg pscedh
      edqual scfamm scsca scscc intdatm intdaty iintdtm
       iintdty indobyr indager aethnicr wave heagcr
      heagcry hedbwlu hedbwas hedbwar hedbwos hedbwca
       hedbwpd hedbwps hedbwad hedbwde herosmd hemobcs
      hehsm86 hehsm96 hedcc heaidcr iintdatm iintdaty
       chesmk cfmersp cfprmem cfspeed cfanig cfexind
      cfaccur cfrecal hedimbp hediman hedimmi hedimhf
      hedimhm hedimar hedimdi hedbts hedimst hedimch
      hediblu hedibas hedibar hedibos hedibca hedibpd
       hedibps hedibad hedibde cfmeind cfind hedizm51
      hedizm52 hediagbp hediagan hediagmi hediaghf
      hediaghm hediagar hediagdh hediagdi hediagst hediaghc
      hebdialu hebdiaas hebdiaar hebdiaos hebdiaca
      hebdiapd hebdiaps hebdiaad hebdiade hepdiagl hepdiadi
      hepdiamd hepdiaca cvd7dibt sex sysval diaval
      pulval mapval mmgsd1 mmgsn1 mmgsd2 mmgsn2 mmgsd3
      mmgsn3 chol trig fglu htval wtval bmival bmiobe
       fvc1 fev1 pf1 fvc2 fev2 pf2 fvc3 fev3 pf3 htfvc
      htfev htpf mmssre mmssti mmssna mmstre mmstti
       mmftre2 mmftti mmlore mmloti mmlsre mmlsti mmcrre
      mmrrre mmrrfti mmrrtti mmrroc vitd mmftre prfvc
       pcfvc prfev pcfev htpef prpef pcpef nurmer bagey
      years diab cardio;

         MISSING is all(-99999, -8, -9, -1);

         USEVAR are time2 time4 time6 p2 p4 p6
         c2 c4 c6 Bage
         educn educsec educDE educHE educF educO;


         TSCORES = time2 time4 time6;

         USEOBSERVATIONS are sex EQ 2
         and hedib01 NE 8
         and hedib01 NE 9
         and hedib02 NE 8
         and hedib02 NE 9
         and hedib03 NE 8
         and hedib03 NE 9
         and hedib04 NE 8
         and hedib04 NE 9
         and hedib05 NE 8
         and hedib05 NE 9
         and hedib06 NE 8
         and hedib06 NE 9
         and hedib07 NE 8
         and hedib07 NE 9
         and hedib08 NE 8
         and hedib08 NE 9
         and hedib09 NE 8
         and hedib09 NE 9
         and hedib10 NE 8
         and hedib10 NE 9;



  Define:

         Bage=bagey-80;   !Centered at Age 80
          !Height=htval-1.60;

          if (edqual eq 7) then Educn=1;
          if (edqual NE 7) then Educn=0;

          if (edqual eq 4) then Educsec=1;
          if (edqual NE 4) then Educsec=0;

          if(edqual eq 3) then Educpri=1;
          if(edqual NE 3) then Educpri=0;

          if(edqual eq 2) then EducHE=1;
          if(edqual NE 2) then EducHE=0;

          if(edqual eq 1) then EducDE=1;
          if(edqual NE 1) then EducDE=0;

          if(edqual eq 6) then EducF=1;
          if(edqual NE 6) then EducF=0;

          if(edqual eq 5) then EducO=1;
          if(edqual NE 5) then EducO=0;



  ANALYSIS: TYPE = RANDOM;

  MODEL:  ip sp | p2 p4 p6 AT time2 time4 time6;

          ic sc | c2 c4 c6 AT time2 time4 time6;

          ip sp ic sc ON Bage educn educsec educDE educHE educF educO;
          p2 p4 p6 pwith c2 c4 c6(res_cov);
          p2 p4 p6(res_p);
          c2 c4 c6(res_c);

  OUTPUT: sampstat;



*** WARNING
  Data set contains cases with missing on all variables.
  These cases were not included in the analysis.
  Number of cases with missing on all variables:  64
*** WARNING
  Data set contains cases with missing on x-variables.
  These cases were not included in the analysis.
  Number of cases with missing on x-variables:  11
*** WARNING
  Data set contains cases with missing on or unknown values for the
  repetition variable.  These cases were not included in the analysis.
  Number of such cases:  2845
   3 WARNING(S) FOUND IN THE INPUT INSTRUCTIONS



bivariate linear,female,age education,Pulmonary,memory,fvc,immediate recall

SUMMARY OF ANALYSIS

Number of groups                                                 1
Number of observations                                        6106

Number of dependent variables                                    6
Number of independent variables                                  7
Number of continuous latent variables                            4

Observed dependent variables

  Continuous
   P2          P4          P6          C2          C4          C6

Observed independent variables
   BAGE        EDUCN       EDUCSEC     EDUCDE      EDUCHE      EDUCF
   EDUCO

Continuous latent variables
   IP          SP          IC          SC

Variables with special functions

  ID variable           IDAUNIQ

  Time scores
   TIME2       TIME4       TIME6


Estimator                                                      MLR
Information matrix                                        OBSERVED
Maximum number of iterations                                   100
Convergence criterion                                    0.100D-05
Maximum number of EM iterations                                500
Convergence criteria for the EM algorithm
  Loglikelihood change                                   0.100D-02
  Relative loglikelihood change                          0.100D-05
  Derivative                                             0.100D-03
Minimum variance                                         0.100D-03
Maximum number of steepest descent iterations                   20
Maximum number of iterations for H1                           2000
Convergence criterion for H1                             0.100D-03
Optimization algorithm                                         EMA

Input data file(s)
  ELSA_Portland_New.dat
Input data format  FREE


SUMMARY OF DATA

     Number of missing data patterns            31


COVARIANCE COVERAGE OF DATA

Minimum covariance coverage value   0.100


     PROPORTION OF DATA PRESENT


           Covariance Coverage
              P2            P4            P6            C2            C4
              ________      ________      ________      ________      ________
 P2             0.438
 P4             0.228         0.320
 P6             0.191         0.193         0.271
 C2             0.437         0.244         0.201         0.481
 C4             0.275         0.320         0.219         0.299         0.410
 C6             0.220         0.221         0.271         0.233         0.257
 BAGE           0.438         0.320         0.271         0.481         0.410
 EDUCN          0.438         0.320         0.271         0.481         0.410
 EDUCSEC        0.438         0.320         0.271         0.481         0.410
 EDUCDE         0.438         0.320         0.271         0.481         0.410
 EDUCHE         0.438         0.320         0.271         0.481         0.410
 EDUCF          0.438         0.320         0.271         0.481         0.410
 EDUCO          0.438         0.320         0.271         0.481         0.410


           Covariance Coverage
              C6            BAGE          EDUCN         EDUCSEC       EDUCDE
              ________      ________      ________      ________      ________
 C6             0.319
 BAGE           0.319         1.000
 EDUCN          0.319         1.000         1.000
 EDUCSEC        0.319         1.000         1.000         1.000
 EDUCDE         0.319         1.000         1.000         1.000         1.000
 EDUCHE         0.319         1.000         1.000         1.000         1.000
 EDUCF          0.319         1.000         1.000         1.000         1.000
 EDUCO          0.319         1.000         1.000         1.000         1.000


           Covariance Coverage
              EDUCHE        EDUCF         EDUCO
              ________      ________      ________
 EDUCHE         1.000
 EDUCF          1.000         1.000
 EDUCO          1.000         1.000         1.000


SAMPLE STATISTICS


     ESTIMATED SAMPLE STATISTICS


           Means
              P2            P4            P6            C2            C4
              ________      ________      ________      ________      ________
 1              2.562         2.454         2.342         5.679         5.536


           Means
              C6            BAGE          EDUCN         EDUCSEC       EDUCDE
              ________      ________      ________      ________      ________
 1              5.424       -14.814         0.475         0.168         0.078


           Means
              EDUCHE        EDUCF         EDUCO
              ________      ________      ________
 1              0.096         0.115         0.020


           Covariances
              P2            P4            P6            C2            C4
              ________      ________      ________      ________      ________
 P2             0.621
 P4             0.407         0.690
 P6             0.427         0.445         0.608
 C2             0.367         0.429         0.449         3.196
 C4             0.531         0.575         0.583         1.652         3.689
 C6             0.596         0.634         0.680         1.811         2.173
 BAGE          -4.238        -4.583        -4.690        -7.367        -9.426
 EDUCN         -0.099        -0.105        -0.106        -0.263        -0.323
 EDUCSEC        0.045         0.048         0.042         0.088         0.105
 EDUCDE         0.030         0.033         0.030         0.078         0.096
 EDUCHE         0.014         0.018         0.019         0.069         0.070
 EDUCF          0.001        -0.005         0.004        -0.006         0.017
 EDUCO          0.001         0.004         0.004        -0.002         0.000


           Covariances
              C6            BAGE          EDUCN         EDUCSEC       EDUCDE
              ________      ________      ________      ________      ________
 C6             3.985
 BAGE         -10.540       103.923
 EDUCN         -0.324         1.391         0.249
 EDUCSEC        0.134        -0.642        -0.080         0.140
 EDUCDE         0.100        -0.363        -0.037        -0.013         0.072
 EDUCHE         0.066        -0.181        -0.046        -0.016        -0.007
 EDUCF         -0.019         0.036        -0.054        -0.019        -0.009
 EDUCO         -0.004        -0.052        -0.009        -0.003        -0.002


           Covariances
              EDUCHE        EDUCF         EDUCO
              ________      ________      ________
 EDUCHE         0.087
 EDUCF         -0.011         0.102
 EDUCO         -0.002        -0.002         0.019


           Correlations
              P2            P4            P6            C2            C4
              ________      ________      ________      ________      ________
 P2             1.000
 P4             0.622         1.000
 P6             0.694         0.686         1.000
 C2             0.261         0.289         0.322         1.000
 C4             0.351         0.361         0.389         0.481         1.000
 C6             0.379         0.382         0.437         0.508         0.567
 BAGE          -0.528        -0.541        -0.590        -0.404        -0.481
 EDUCN         -0.251        -0.253        -0.272        -0.294        -0.337
 EDUCSEC        0.154         0.154         0.142         0.132         0.147
 EDUCDE         0.143         0.150         0.143         0.162         0.186
 EDUCHE         0.059         0.073         0.081         0.132         0.123
 EDUCF          0.005        -0.021         0.015        -0.010         0.027
 EDUCO          0.013         0.033         0.037        -0.007         0.001


           Correlations
              C6            BAGE          EDUCN         EDUCSEC       EDUCDE
              ________      ________      ________      ________      ________
 C6             1.000
 BAGE          -0.518         1.000
 EDUCN         -0.325         0.273         1.000
 EDUCSEC        0.180        -0.168        -0.428         1.000
 EDUCDE         0.186        -0.133        -0.276        -0.131         1.000
 EDUCHE         0.112        -0.060        -0.310        -0.147        -0.095
 EDUCF         -0.030         0.011        -0.342        -0.162        -0.105
 EDUCO         -0.014        -0.036        -0.135        -0.064        -0.041


           Correlations
              EDUCHE        EDUCF         EDUCO
              ________      ________      ________
 EDUCHE         1.000
 EDUCF         -0.117         1.000
 EDUCO         -0.046        -0.051         1.000


     MAXIMUM LOG-LIKELIHOOD VALUE FOR THE UNRESTRICTED (H1) MODEL IS -43578.110


THE MODEL ESTIMATION TERMINATED NORMALLY



MODEL FIT INFORMATION

Number of Free Parameters                       45

Loglikelihood

          H0 Value                      -19562.370
          H0 Scaling Correction Factor      1.3869
            for MLR

Information Criteria

          Akaike (AIC)                   39214.740
          Bayesian (BIC)                 39517.006
          Sample-Size Adjusted BIC       39374.009
            (n* = (n + 2) / 24)



MODEL RESULTS

                                                    Two-Tailed
                    Estimate       S.E.  Est./S.E.    P-Value

 IP         ON
    BAGE              -0.037      0.002    -22.205      0.000
    EDUCN             -0.079      0.058     -1.376      0.169
    EDUCSEC            0.155      0.063      2.447      0.014
    EDUCDE             0.241      0.075      3.233      0.001
    EDUCHE             0.085      0.066      1.281      0.200
    EDUCF              0.016      0.069      0.232      0.817
    EDUCO             -0.026      0.104     -0.252      0.801

 SP         ON
    BAGE              -0.001      0.000     -2.237      0.025
    EDUCN             -0.003      0.007     -0.398      0.691
    EDUCSEC           -0.007      0.008     -0.883      0.377
    EDUCDE            -0.005      0.009     -0.526      0.599
    EDUCHE             0.003      0.008      0.330      0.741
    EDUCF             -0.001      0.009     -0.059      0.953
    EDUCO              0.013      0.011      1.175      0.240

 IC         ON
    BAGE              -0.053      0.004    -13.366      0.000
    EDUCN             -0.808      0.156     -5.194      0.000
    EDUCSEC           -0.190      0.163     -1.161      0.246
    EDUCDE             0.272      0.185      1.472      0.141
    EDUCHE             0.201      0.182      1.106      0.269
    EDUCF             -0.367      0.174     -2.104      0.035
    EDUCO             -0.593      0.243     -2.435      0.015

 SC         ON
    BAGE              -0.004      0.001     -5.621      0.000
    EDUCN             -0.020      0.021     -0.940      0.347
    EDUCSEC            0.007      0.022      0.320      0.749
    EDUCDE             0.006      0.026      0.242      0.809
    EDUCHE            -0.023      0.025     -0.936      0.349
    EDUCF             -0.023      0.024     -0.927      0.354
    EDUCO             -0.033      0.038     -0.862      0.389

 SP       WITH
    IP                -0.002      0.006     -0.326      0.744

 IC       WITH
    IP                 0.012      0.035      0.336      0.737
    SP                 0.004      0.005      0.929      0.353

 SC       WITH
    IP                 0.011      0.005      2.199      0.028
    SP                 0.000      0.001     -0.035      0.972
    IC                -0.002      0.022     -0.107      0.915

 P2       WITH
    C2                 0.000      0.014      0.001      0.999

 P4       WITH
    C4                 0.000      0.014      0.001      0.999

 P6       WITH
    C6                 0.000      0.014      0.001      0.999

 Intercepts
    P2                 0.000      0.000    999.000    999.000
    P4                 0.000      0.000    999.000    999.000
    P6                 0.000      0.000    999.000    999.000
    C2                 0.000      0.000    999.000    999.000
    C4                 0.000      0.000    999.000    999.000
    C6                 0.000      0.000    999.000    999.000
    IP                 2.051      0.061     33.384      0.000
    SP                -0.033      0.008     -4.070      0.000
    IC                 5.390      0.164     32.967      0.000
    SC                -0.076      0.024     -3.157      0.002

 Residual Variances
    P2                 0.215      0.023      9.312      0.000
    P4                 0.215      0.023      9.312      0.000
    P6                 0.215      0.023      9.312      0.000
    C2                 1.678      0.071     23.782      0.000
    C4                 1.678      0.071     23.782      0.000
    C6                 1.678      0.071     23.782      0.000
    IP                 0.237      0.046      5.140      0.000
    SP                 0.000      0.001      0.140      0.888
    IC                 0.835      0.164      5.084      0.000
    SC                 0.003      0.004      0.844      0.398


QUALITY OF NUMERICAL RESULTS

     Condition Number for the Information Matrix              0.358E-06
       (ratio of smallest to largest eigenvalue)


DIAGRAM INFORMATION

  Use View Diagram under the Diagram menu in the Mplus Editor to view the diagram.
  If running Mplus from the Mplus Diagrammer, the diagram opens automatically.

  Diagram output
    c:\users\annie robitaille\dropbox\elsa_portland\biv immediate recall and fvc\b1_female_ae_pulmon

     Beginning Time:  08:22:55
        Ending Time:  08:30:07
       Elapsed Time:  00:07:12



MUTHEN & MUTHEN
3463 Stoner Ave.
Los Angeles, CA  90066

Tel: (310) 391-9971
Fax: (310) 391-8971
Web: www.StatModel.com
Support: Support@StatModel.com

Copyright (c) 1998-2014 Muthen & Muthen
