Mplus VERSION 7.2
MUTHEN & MUTHEN
06/10/2015  11:35 PM

INPUT INSTRUCTIONS

  TITLE: Bivariate linear,female,all covariates,Pulmonary,Memory,fev,delayed recall

  DATA:  File = ELSA_Portland_New.dat;

      DATA LONGTOWIDE:
      LONG = cflisd | htfev|Height|years|SmokHist|diab|cardio;
      WIDE = c1-c6 | p1-p6|hei1-hei6|time1-time6|
      smoke1-smoke6|diab1-diab6|cardio1-cardio6; !had to remove time 6 because no cfani
      IDVARIABLE = idauniq;
      REPETITION = years (0 2 4 6 8 10);


  VARIABLE: Names are
   idauniq dimar hedia01 hedia02 hedia03 hedia04
   hedia05 hedia06 hedia07 hedia08
      hedia09 hedia10 heage hedib01 hedib02 hedib03
      hedib04 hedib05 hedib06 hedib07 hedib08 hedib09
      hedib10 hesmk heala heacta heactb heactc mmwlka
      mmwlkb cflisen cfani cfmem cfpascr cflisd cfmscr
      cfpbscr cfptscr cfwhz1 cfwhz2 cfwhz3 cfwhz4 psceda
       pscedb pscedc pscedd pscede pscedf pscedg pscedh
      edqual scfamm scsca scscc intdatm intdaty iintdtm
       iintdty indobyr indager aethnicr wave heagcr
      heagcry hedbwlu hedbwas hedbwar hedbwos hedbwca
       hedbwpd hedbwps hedbwad hedbwde herosmd hemobcs
      hehsm86 hehsm96 hedcc heaidcr iintdatm iintdaty
       chesmk cfmersp cfprmem cfspeed cfanig cfexind
      cfaccur cfrecal hedimbp hediman hedimmi hedimhf
      hedimhm hedimar hedimdi hedbts hedimst hedimch
      hediblu hedibas hedibar hedibos hedibca hedibpd
       hedibps hedibad hedibde cfmeind cfind hedizm51
      hedizm52 hediagbp hediagan hediagmi hediaghf
      hediaghm hediagar hediagdh hediagdi hediagst hediaghc
      hebdialu hebdiaas hebdiaar hebdiaos hebdiaca
      hebdiapd hebdiaps hebdiaad hebdiade hepdiagl hepdiadi
      hepdiamd hepdiaca cvd7dibt sex sysval diaval
      pulval mapval mmgsd1 mmgsn1 mmgsd2 mmgsn2 mmgsd3
      mmgsn3 chol trig fglu htval wtval bmival bmiobe
       fvc1 fev1 pf1 fvc2 fev2 pf2 fvc3 fev3 pf3 htfvc
      htfev htpf mmssre mmssti mmssna mmstre mmstti
       mmftre2 mmftti mmlore mmloti mmlsre mmlsti mmcrre
      mmrrre mmrrfti mmrrtti mmrroc vitd mmftre prfvc
       pcfvc prfev pcfev htpef prpef pcpef nurmer bagey
      years diab cardio;

         MISSING is all(-99999, -8, -9, -1);

         USEVAR are time2 time4 time6 p2 p4 p6
         c2 c4 c6 Bage
         educn educsec educDE educHE educF
          educO hei2 smoke1 diab1 cardio1;


         TSCORES = time2 time4 time6;

         USEOBSERVATIONS are sex EQ 2
         and hedib01 NE 8
         and hedib01 NE 9
         and hedib02 NE 8
         and hedib02 NE 9
         and hedib03 NE 8
         and hedib03 NE 9
         and hedib04 NE 8
         and hedib04 NE 9
         and hedib05 NE 8
         and hedib05 NE 9
         and hedib06 NE 8
         and hedib06 NE 9
         and hedib07 NE 8
         and hedib07 NE 9
         and hedib08 NE 8
         and hedib08 NE 9
         and hedib09 NE 8
         and hedib09 NE 9
         and hedib10 NE 8
         and hedib10 NE 9;



  Define:

         Bage=bagey-80;   !Centered at Age 80
          Height=htval-1.60;
          SmokHist=hesmk-1;

          if (edqual eq 7) then Educn=1;
          if (edqual NE 7) then Educn=0;

          if (edqual eq 4) then Educsec=1;
          if (edqual NE 4) then Educsec=0;

          if(edqual eq 3) then Educpri=1;
          if(edqual NE 3) then Educpri=0;

          if(edqual eq 2) then EducHE=1;
          if(edqual NE 2) then EducHE=0;

          if(edqual eq 1) then EducDE=1;
          if(edqual NE 1) then EducDE=0;


          if(edqual eq 6) then EducF=1;
          if(edqual NE 6) then EducF=0;

          if(edqual eq 5) then EducO=1;
          if(edqual NE 5) then EducO=0;



  ANALYSIS: TYPE = RANDOM;

  MODEL:  ip sp | p2 p4 p6 AT time2 time4 time6;

          ic sc | c2 c4 c6 AT time2 time4 time6;

          ip sp  ic sc ON Bage hei2 educn educsec educDE
          educHE educF educO smoke1 diab1 cardio1;

          p2 p4 p6 pwith c2 c4 c6(res_cov);
          p2 p4 p6(res_p);
          c2 c4 c6(res_c);


  OUTPUT: sampstat;



*** WARNING
  Data set contains cases with missing on all variables.
  These cases were not included in the analysis.
  Number of cases with missing on all variables:  64
*** WARNING
  Data set contains cases with missing on x-variables.
  These cases were not included in the analysis.
  Number of cases with missing on x-variables:  3335
*** WARNING
  Data set contains cases with missing on or unknown values for the
  repetition variable.  These cases were not included in the analysis.
  Number of such cases:  2845
   3 WARNING(S) FOUND IN THE INPUT INSTRUCTIONS



Bivariate linear,female,all covariates,Pulmonary,Memory,fev,delayed recall

SUMMARY OF ANALYSIS

Number of groups                                                 1
Number of observations                                        2782

Number of dependent variables                                    6
Number of independent variables                                 11
Number of continuous latent variables                            4

Observed dependent variables

  Continuous
   P2          P4          P6          C2          C4          C6

Observed independent variables
   BAGE        EDUCN       EDUCSEC     EDUCDE      EDUCHE      EDUCF
   EDUCO       HEI2        SMOKE1      DIAB1       CARDIO1

Continuous latent variables
   IP          SP          IC          SC

Variables with special functions

  ID variable           IDAUNIQ

  Time scores
   TIME2       TIME4       TIME6


Estimator                                                      MLR
Information matrix                                        OBSERVED
Maximum number of iterations                                   100
Convergence criterion                                    0.100D-05
Maximum number of EM iterations                                500
Convergence criteria for the EM algorithm
  Loglikelihood change                                   0.100D-02
  Relative loglikelihood change                          0.100D-05
  Derivative                                             0.100D-03
Minimum variance                                         0.100D-03
Maximum number of steepest descent iterations                   20
Maximum number of iterations for H1                           2000
Convergence criterion for H1                             0.100D-03
Optimization algorithm                                         EMA

Input data file(s)
  ELSA_Portland_New.dat
Input data format  FREE


SUMMARY OF DATA

     Number of missing data patterns            21


COVARIANCE COVERAGE OF DATA

Minimum covariance coverage value   0.100


     PROPORTION OF DATA PRESENT


           Covariance Coverage
              P2            P4            P6            C2            C4
              ________      ________      ________      ________      ________
 P2             0.923
 P4             0.487         0.517
 P6             0.410         0.336         0.431
 C2             0.922         0.517         0.430         0.999
 C4             0.586         0.517         0.375         0.629         0.630
 C6             0.471         0.378         0.431         0.497         0.432
 BAGE           0.923         0.517         0.431         0.999         0.630
 EDUCN          0.923         0.517         0.431         0.999         0.630
 EDUCSEC        0.923         0.517         0.431         0.999         0.630
 EDUCDE         0.923         0.517         0.431         0.999         0.630
 EDUCHE         0.923         0.517         0.431         0.999         0.630
 EDUCF          0.923         0.517         0.431         0.999         0.630
 EDUCO          0.923         0.517         0.431         0.999         0.630
 HEI2           0.923         0.517         0.431         0.999         0.630
 SMOKE1         0.923         0.517         0.431         0.999         0.630
 DIAB1          0.923         0.517         0.431         0.999         0.630
 CARDIO1        0.923         0.517         0.431         0.999         0.630


           Covariance Coverage
              C6            BAGE          EDUCN         EDUCSEC       EDUCDE
              ________      ________      ________      ________      ________
 C6             0.499
 BAGE           0.499         1.000
 EDUCN          0.499         1.000         1.000
 EDUCSEC        0.499         1.000         1.000         1.000
 EDUCDE         0.499         1.000         1.000         1.000         1.000
 EDUCHE         0.499         1.000         1.000         1.000         1.000
 EDUCF          0.499         1.000         1.000         1.000         1.000
 EDUCO          0.499         1.000         1.000         1.000         1.000
 HEI2           0.499         1.000         1.000         1.000         1.000
 SMOKE1         0.499         1.000         1.000         1.000         1.000
 DIAB1          0.499         1.000         1.000         1.000         1.000
 CARDIO1        0.499         1.000         1.000         1.000         1.000


           Covariance Coverage
              EDUCHE        EDUCF         EDUCO         HEI2          SMOKE1
              ________      ________      ________      ________      ________
 EDUCHE         1.000
 EDUCF          1.000         1.000
 EDUCO          1.000         1.000         1.000
 HEI2           1.000         1.000         1.000         1.000
 SMOKE1         1.000         1.000         1.000         1.000         1.000
 DIAB1          1.000         1.000         1.000         1.000         1.000
 CARDIO1        1.000         1.000         1.000         1.000         1.000


           Covariance Coverage
              DIAB1         CARDIO1
              ________      ________
 DIAB1          1.000
 CARDIO1        1.000         1.000


SAMPLE STATISTICS


     ESTIMATED SAMPLE STATISTICS


           Means
              P2            P4            P6            C2            C4
              ________      ________      ________      ________      ________
 1              1.915         1.829         1.708         4.495         4.389


           Means
              C6            BAGE          EDUCN         EDUCSEC       EDUCDE
              ________      ________      ________      ________      ________
 1              4.315       -15.670         0.424         0.192         0.091


           Means
              EDUCHE        EDUCF         EDUCO         HEI2          SMOKE1
              ________      ________      ________      ________      ________
 1              0.102         0.114         0.022       157.643         0.441


           Means
              DIAB1         CARDIO1
              ________      ________
 1              0.049         0.090


           Covariances
              P2            P4            P6            C2            C4
              ________      ________      ________      ________      ________
 P2             0.397
 P4             0.275         0.378
 P6             0.290         0.286         0.377
 C2             0.366         0.391         0.407         4.306
 C4             0.484         0.499         0.513         2.696         4.966
 C6             0.528         0.536         0.572         2.798         3.228
 BAGE          -3.173        -3.194        -3.338        -8.531       -10.756
 EDUCN         -0.075        -0.079        -0.074        -0.325        -0.354
 EDUCSEC        0.036         0.035         0.027         0.113         0.127
 EDUCDE         0.025         0.026         0.024         0.112         0.123
 EDUCHE         0.012         0.015         0.016         0.091         0.092
 EDUCF         -0.006        -0.003         0.000        -0.025        -0.016
 EDUCO          0.003         0.002         0.004        -0.006        -0.001
 HEI2           1.898         1.842         1.685         3.308         3.671
 SMOKE1         0.025         0.026         0.028         0.052         0.036
 DIAB1         -0.011        -0.009        -0.011        -0.034        -0.031
 CARDIO1       -0.034        -0.030        -0.036        -0.067        -0.092


           Covariances
              C6            BAGE          EDUCN         EDUCSEC       EDUCDE
              ________      ________      ________      ________      ________
 C6             5.347
 BAGE         -12.409        92.353
 EDUCN         -0.349         1.250         0.244
 EDUCSEC        0.149        -0.640        -0.081         0.155
 EDUCDE         0.117        -0.388        -0.039        -0.017         0.083
 EDUCHE         0.071        -0.123        -0.043        -0.020        -0.009
 EDUCF         -0.020         0.085        -0.048        -0.022        -0.010
 EDUCO         -0.009        -0.022        -0.009        -0.004        -0.002
 HEI2           4.490       -22.683        -0.725         0.290         0.252
 SMOKE1         0.015         0.026        -0.015         0.002         0.006
 DIAB1         -0.042         0.150         0.004        -0.002        -0.002
 CARDIO1       -0.097         0.571         0.013        -0.007        -0.004


           Covariances
              EDUCHE        EDUCF         EDUCO         HEI2          SMOKE1
              ________      ________      ________      ________      ________
 EDUCHE         0.092
 EDUCF         -0.012         0.101
 EDUCO         -0.002        -0.003         0.022
 HEI2           0.161         0.000        -0.007        45.294
 SMOKE1         0.007         0.003         0.000        -0.082         0.247
 DIAB1         -0.002         0.002         0.001        -0.011         0.000
 CARDIO1       -0.002         0.001         0.000        -0.242        -0.008


           Covariances
              DIAB1         CARDIO1
              ________      ________
 DIAB1          0.047
 CARDIO1        0.008         0.082


           Correlations
              P2            P4            P6            C2            C4
              ________      ________      ________      ________      ________
 P2             1.000
 P4             0.710         1.000
 P6             0.749         0.757         1.000
 C2             0.280         0.306         0.320         1.000
 C4             0.345         0.364         0.375         0.583         1.000
 C6             0.362         0.377         0.403         0.583         0.626
 BAGE          -0.524        -0.540        -0.566        -0.428        -0.502
 EDUCN         -0.240        -0.259        -0.243        -0.317        -0.322
 EDUCSEC        0.146         0.146         0.113         0.138         0.145
 EDUCDE         0.138         0.148         0.138         0.187         0.192
 EDUCHE         0.065         0.079         0.085         0.145         0.136
 EDUCF         -0.028        -0.016         0.002        -0.037        -0.022
 EDUCO          0.030         0.023         0.039        -0.018        -0.003
 HEI2           0.448         0.445         0.408         0.237         0.245
 SMOKE1         0.081         0.084         0.091         0.051         0.032
 DIAB1         -0.079        -0.067        -0.082        -0.075        -0.064
 CARDIO1       -0.186        -0.167        -0.205        -0.113        -0.144


           Correlations
              C6            BAGE          EDUCN         EDUCSEC       EDUCDE
              ________      ________      ________      ________      ________
 C6             1.000
 BAGE          -0.558         1.000
 EDUCN         -0.306         0.263         1.000
 EDUCSEC        0.164        -0.169        -0.418         1.000
 EDUCDE         0.176        -0.141        -0.271        -0.154         1.000
 EDUCHE         0.101        -0.042        -0.290        -0.165        -0.107
 EDUCF         -0.027         0.028        -0.308        -0.175        -0.113
 EDUCO         -0.025        -0.016        -0.129        -0.074        -0.048
 HEI2           0.289        -0.351        -0.218         0.109         0.130
 SMOKE1         0.013         0.005        -0.062         0.008         0.039
 DIAB1         -0.084         0.072         0.037        -0.027        -0.026
 CARDIO1       -0.146         0.207         0.093        -0.061        -0.052


           Correlations
              EDUCHE        EDUCF         EDUCO         HEI2          SMOKE1
              ________      ________      ________      ________      ________
 EDUCHE         1.000
 EDUCF         -0.121         1.000
 EDUCO         -0.051        -0.054         1.000
 HEI2           0.079         0.000        -0.007         1.000
 SMOKE1         0.046         0.018        -0.007        -0.025         1.000
 DIAB1         -0.028         0.033         0.022        -0.008        -0.002
 CARDIO1       -0.028         0.009        -0.005        -0.125        -0.058


           Correlations
              DIAB1         CARDIO1
              ________      ________
 DIAB1          1.000
 CARDIO1        0.125         1.000


     MAXIMUM LOG-LIKELIHOOD VALUE FOR THE UNRESTRICTED (H1) MODEL IS -37183.085


THE MODEL ESTIMATION TERMINATED NORMALLY



MODEL FIT INFORMATION

Number of Free Parameters                       61

Loglikelihood

          H0 Value                      -14679.694
          H0 Scaling Correction Factor      1.2321
            for MLR

Information Criteria

          Akaike (AIC)                   29481.389
          Bayesian (BIC)                 29843.175
          Sample-Size Adjusted BIC       29649.358
            (n* = (n + 2) / 24)



MODEL RESULTS

                                                    Two-Tailed
                    Estimate       S.E.  Est./S.E.    P-Value

 IP         ON
    BAGE              -0.024      0.001    -19.500      0.000
    HEI2               0.029      0.002     15.173      0.000
    EDUCN             -0.039      0.048     -0.813      0.416
    EDUCSEC            0.083      0.052      1.594      0.111
    EDUCDE             0.091      0.058      1.580      0.114
    EDUCHE             0.039      0.057      0.688      0.492
    EDUCF             -0.035      0.057     -0.621      0.535
    EDUCO              0.110      0.075      1.471      0.141
    SMOKE1             0.103      0.022      4.622      0.000
    DIAB1             -0.112      0.050     -2.233      0.026
    CARDIO1           -0.104      0.040     -2.627      0.009

 SP         ON
    BAGE               0.000      0.000     -2.133      0.033
    HEI2              -0.001      0.000     -2.929      0.003
    EDUCN              0.004      0.006      0.769      0.442
    EDUCSEC           -0.001      0.006     -0.216      0.829
    EDUCDE             0.004      0.007      0.618      0.537
    EDUCHE             0.009      0.007      1.355      0.175
    EDUCF              0.011      0.007      1.602      0.109
    EDUCO              0.006      0.008      0.779      0.436
    SMOKE1             0.001      0.003      0.311      0.756
    DIAB1              0.002      0.009      0.255      0.799
    CARDIO1            0.000      0.007     -0.019      0.985

 IC         ON
    BAGE              -0.062      0.005    -13.051      0.000
    HEI2               0.016      0.006      2.462      0.014
    EDUCN             -1.022      0.180     -5.693      0.000
    EDUCSEC           -0.192      0.189     -1.017      0.309
    EDUCDE             0.413      0.207      1.989      0.047
    EDUCHE             0.349      0.211      1.651      0.099
    EDUCF             -0.660      0.200     -3.294      0.001
    EDUCO             -0.717      0.259     -2.768      0.006
    SMOKE1             0.187      0.081      2.320      0.020
    DIAB1             -0.305      0.190     -1.604      0.109
    CARDIO1           -0.025      0.155     -0.161      0.872

 SC         ON
    BAGE              -0.005      0.001     -6.970      0.000
    HEI2               0.001      0.001      0.653      0.514
    EDUCN              0.026      0.027      0.954      0.340
    EDUCSEC            0.022      0.028      0.791      0.429
    EDUCDE             0.003      0.031      0.092      0.927
    EDUCHE            -0.011      0.030     -0.353      0.724
    EDUCF              0.029      0.030      0.975      0.329
    EDUCO              0.006      0.039      0.150      0.881
    SMOKE1            -0.018      0.012     -1.465      0.143
    DIAB1              0.000      0.028      0.007      0.994
    CARDIO1           -0.016      0.024     -0.681      0.496

 SP       WITH
    IP                -0.001      0.003     -0.473      0.636

 IC       WITH
    IP                 0.004      0.029      0.134      0.894
    SP                 0.004      0.004      0.966      0.334

 SC       WITH
    IP                 0.004      0.004      0.912      0.362
    SP                 0.000      0.001     -0.031      0.976
    IC                -0.002      0.023     -0.105      0.917

 P2       WITH
    C2                -0.001      0.012     -0.081      0.935

 P4       WITH
    C4                -0.001      0.012     -0.081      0.935

 P6       WITH
    C6                -0.001      0.012     -0.081      0.935

 Intercepts
    P2                 0.000      0.000    999.000    999.000
    P4                 0.000      0.000    999.000    999.000
    P6                 0.000      0.000    999.000    999.000
    C2                 0.000      0.000    999.000    999.000
    C4                 0.000      0.000    999.000    999.000
    C6                 0.000      0.000    999.000    999.000
    IP                -3.010      0.300    -10.038      0.000
    SP                 0.084      0.041      2.019      0.044
    IC                 1.509      1.011      1.493      0.135
    SC                -0.218      0.156     -1.396      0.163

 Residual Variances
    P2                 0.100      0.012      8.562      0.000
    P4                 0.100      0.012      8.562      0.000
    P6                 0.100      0.012      8.562      0.000
    C2                 1.871      0.076     24.589      0.000
    C4                 1.871      0.076     24.589      0.000
    C6                 1.871      0.076     24.589      0.000
    IP                 0.149      0.021      7.134      0.000
    SP                 0.000      0.000      0.235      0.814
    IC                 1.375      0.173      7.950      0.000
    SC                 0.003      0.004      0.836      0.403


QUALITY OF NUMERICAL RESULTS

     Condition Number for the Information Matrix              0.163E-08
       (ratio of smallest to largest eigenvalue)


DIAGRAM INFORMATION

  Use View Diagram under the Diagram menu in the Mplus Editor to view the diagram.
  If running Mplus from the Mplus Diagrammer, the diagram opens automatically.

  Diagram output
    c:\users\annie robitaille\dropbox\elsa_portland\biv delayed recall and fev\b1_female_aehplus_pul

     Beginning Time:  23:35:35
        Ending Time:  23:38:29
       Elapsed Time:  00:02:54



MUTHEN & MUTHEN
3463 Stoner Ave.
Los Angeles, CA  90066

Tel: (310) 391-9971
Fax: (310) 391-8971
Web: www.StatModel.com
Support: Support@StatModel.com

Copyright (c) 1998-2014 Muthen & Muthen
