Mplus VERSION 7.2
MUTHEN & MUTHEN
06/11/2015   1:30 AM

INPUT INSTRUCTIONS

  TITLE: Bivariate linear,female,Empty,Pulmonary,Memory,fvc,delayed recall

  DATA:  File = ELSA_Portland_New.dat;

      DATA LONGTOWIDE:
      LONG = cflisd | htfvc | years;
      WIDE = c1-c6 | p1-p6  | time1-time6;
      IDVARIABLE = idauniq;
      REPETITION = years (0 2 4 6 8 10);


  VARIABLE: Names are
    idauniq dimar hedia01 hedia02 hedia03 hedia04
   hedia05 hedia06 hedia07 hedia08
      hedia09 hedia10 heage hedib01 hedib02 hedib03
      hedib04 hedib05 hedib06 hedib07 hedib08 hedib09
      hedib10 hesmk heala heacta heactb heactc mmwlka
      mmwlkb cflisen cfani cfmem cfpascr cflisd cfmscr
      cfpbscr cfptscr cfwhz1 cfwhz2 cfwhz3 cfwhz4 psceda
       pscedb pscedc pscedd pscede pscedf pscedg pscedh
      edqual scfamm scsca scscc intdatm intdaty iintdtm
       iintdty indobyr indager aethnicr wave heagcr
      heagcry hedbwlu hedbwas hedbwar hedbwos hedbwca
       hedbwpd hedbwps hedbwad hedbwde herosmd hemobcs
      hehsm86 hehsm96 hedcc heaidcr iintdatm iintdaty
       chesmk cfmersp cfprmem cfspeed cfanig cfexind
      cfaccur cfrecal hedimbp hediman hedimmi hedimhf
      hedimhm hedimar hedimdi hedbts hedimst hedimch
      hediblu hedibas hedibar hedibos hedibca hedibpd
       hedibps hedibad hedibde cfmeind cfind hedizm51
      hedizm52 hediagbp hediagan hediagmi hediaghf
      hediaghm hediagar hediagdh hediagdi hediagst hediaghc
      hebdialu hebdiaas hebdiaar hebdiaos hebdiaca
      hebdiapd hebdiaps hebdiaad hebdiade hepdiagl hepdiadi
      hepdiamd hepdiaca cvd7dibt sex sysval diaval
      pulval mapval mmgsd1 mmgsn1 mmgsd2 mmgsn2 mmgsd3
      mmgsn3 chol trig fglu htval wtval bmival bmiobe
       fvc1 fev1 pf1 fvc2 fev2 pf2 fvc3 fev3 pf3 htfvc
      htfev htpf mmssre mmssti mmssna mmstre mmstti
       mmftre2 mmftti mmlore mmloti mmlsre mmlsti mmcrre
      mmrrre mmrrfti mmrrtti mmrroc vitd mmftre prfvc
       pcfvc prfev pcfev htpef prpef pcpef nurmer bagey
      years diab cardio;

         MISSING is all(-99999, -8, -9, -1);

         USEVAR are time2 time4 time6 p2 p4 p6
         c2 c4 c6 ;

         TSCORES = time2 time4 time6;

         USEOBSERVATIONS are sex EQ 2
         and hedib01 NE 8
         and hedib01 NE 9
         and hedib02 NE 8
         and hedib02 NE 9
         and hedib03 NE 8
         and hedib03 NE 9
         and hedib04 NE 8
         and hedib04 NE 9
         and hedib05 NE 8
         and hedib05 NE 9
         and hedib06 NE 8
         and hedib06 NE 9
         and hedib07 NE 8
         and hedib07 NE 9
         and hedib08 NE 8
         and hedib08 NE 9
         and hedib09 NE 8
         and hedib09 NE 9
         and hedib10 NE 8
         and hedib10 NE 9;



  Define:

         Bage=bagey-80;   !Centered at Age 80


  ANALYSIS: TYPE = RANDOM;

  MODEL:  ip sp | p2 p4 p6 AT time2 time4 time6;
          ic sc | c2 c4 c6 AT time2 time4 time6;

          p2 p4 p6 pwith c2 c4 c6(res_cov);
          p2 p4 p6(res_p);
          c2 c4 c6(res_c);


  OUTPUT: sampstat;






*** WARNING
  Data set contains cases with missing on all variables.
  These cases were not included in the analysis.
  Number of cases with missing on all variables:  2370
*** WARNING
  Data set contains cases with missing on or unknown values for the
  repetition variable.  These cases were not included in the analysis.
  Number of such cases:  2845
   2 WARNING(S) FOUND IN THE INPUT INSTRUCTIONS



Bivariate linear,female,Empty,Pulmonary,Memory,fvc,delayed recall

SUMMARY OF ANALYSIS

Number of groups                                                 1
Number of observations                                        3811

Number of dependent variables                                    6
Number of independent variables                                  0
Number of continuous latent variables                            4

Observed dependent variables

  Continuous
   P2          P4          P6          C2          C4          C6

Continuous latent variables
   IP          SP          IC          SC

Variables with special functions

  ID variable           IDAUNIQ

  Time scores
   TIME2       TIME4       TIME6


Estimator                                                      MLR
Information matrix                                        OBSERVED
Maximum number of iterations                                   100
Convergence criterion                                    0.100D-05
Maximum number of EM iterations                                500
Convergence criteria for the EM algorithm
  Loglikelihood change                                   0.100D-02
  Relative loglikelihood change                          0.100D-05
  Derivative                                             0.100D-03
Minimum variance                                         0.100D-03
Maximum number of steepest descent iterations                   20
Maximum number of iterations for H1                           2000
Convergence criterion for H1                             0.100D-03
Optimization algorithm                                         EMA

Input data file(s)
  ELSA_Portland_New.dat
Input data format  FREE


SUMMARY OF DATA

     Number of missing data patterns            29


COVARIANCE COVERAGE OF DATA

Minimum covariance coverage value   0.100


     PROPORTION OF DATA PRESENT


           Covariance Coverage
              P2            P4            P6            C2            C4
              ________      ________      ________      ________      ________
 P2             0.702
 P4             0.366         0.512
 P6             0.306         0.309         0.435
 C2             0.701         0.391         0.322         0.772
 C4             0.442         0.512         0.351         0.480         0.658
 C6             0.352         0.353         0.435         0.373         0.412


           Covariance Coverage
              C6
              ________
 C6             0.511


SAMPLE STATISTICS


     ESTIMATED SAMPLE STATISTICS


           Means
              P2            P4            P6            C2            C4
              ________      ________      ________      ________      ________
 1              2.606         2.521         2.438         4.424         4.353


           Means
              C6
              ________
 1              4.372


           Covariances
              P2            P4            P6            C2            C4
              ________      ________      ________      ________      ________
 P2             0.602
 P4             0.375         0.654
 P6             0.379         0.388         0.536
 C2             0.456         0.492         0.467         4.511
 C4             0.577         0.623         0.573         2.810         5.075
 C6             0.579         0.565         0.619         2.787         3.076


           Covariances
              C6
              ________
 C6             5.146


           Correlations
              P2            P4            P6            C2            C4
              ________      ________      ________      ________      ________
 P2             1.000
 P4             0.598         1.000
 P6             0.667         0.655         1.000
 C2             0.277         0.286         0.301         1.000
 C4             0.330         0.342         0.348         0.587         1.000
 C6             0.329         0.308         0.373         0.578         0.602


           Correlations
              C6
              ________
 C6             1.000


     MAXIMUM LOG-LIKELIHOOD VALUE FOR THE UNRESTRICTED (H1) MODEL IS -21696.072


THE MODEL ESTIMATION TERMINATED NORMALLY



MODEL FIT INFORMATION

Number of Free Parameters                       17

Loglikelihood

          H0 Value                      -21731.122
          H0 Scaling Correction Factor      1.9749
            for MLR

Information Criteria

          Akaike (AIC)                   43496.243
          Bayesian (BIC)                 43602.419
          Sample-Size Adjusted BIC       43548.401
            (n* = (n + 2) / 24)



MODEL RESULTS

                                                    Two-Tailed
                    Estimate       S.E.  Est./S.E.    P-Value

 SP       WITH
    IP                -0.003      0.007     -0.414      0.679

 IC       WITH
    IP                 0.424      0.051      8.353      0.000
    SP                 0.003      0.007      0.413      0.679

 SC       WITH
    IP                 0.017      0.006      2.659      0.008
    SP                 0.000      0.001     -0.087      0.930
    IC                 0.022      0.024      0.908      0.364

 P2       WITH
    C2                 0.022      0.016      1.382      0.167

 P4       WITH
    C4                 0.022      0.016      1.382      0.167

 P6       WITH
    C6                 0.022      0.016      1.382      0.167

 Means
    IP                 2.646      0.016    166.746      0.000
    SP                -0.021      0.002    -10.137      0.000
    IC                 4.432      0.043    102.719      0.000
    SC                -0.009      0.006     -1.416      0.157

 Intercepts
    P2                 0.000      0.000    999.000    999.000
    P4                 0.000      0.000    999.000    999.000
    P6                 0.000      0.000    999.000    999.000
    C2                 0.000      0.000    999.000    999.000
    C4                 0.000      0.000    999.000    999.000
    C6                 0.000      0.000    999.000    999.000

 Variances
    IP                 0.405      0.047      8.541      0.000
    SP                 0.000      0.001      0.110      0.912
    IC                 2.524      0.195     12.912      0.000
    SC                 0.004      0.004      0.928      0.354

 Residual Variances
    P2                 0.219      0.024      9.228      0.000
    P4                 0.219      0.024      9.228      0.000
    P6                 0.219      0.024      9.228      0.000
    C2                 1.963      0.076     25.959      0.000
    C4                 1.963      0.076     25.959      0.000
    C6                 1.963      0.076     25.959      0.000


QUALITY OF NUMERICAL RESULTS

     Condition Number for the Information Matrix              0.642E-04
       (ratio of smallest to largest eigenvalue)


DIAGRAM INFORMATION

  Use View Diagram under the Diagram menu in the Mplus Editor to view the diagram.
  If running Mplus from the Mplus Diagrammer, the diagram opens automatically.

  Diagram output
    c:\users\annie robitaille\dropbox\elsa_portland\biv delayed recall and fvc\b1_female_empty_pulmo

     Beginning Time:  01:30:20
        Ending Time:  01:33:28
       Elapsed Time:  00:03:08



MUTHEN & MUTHEN
3463 Stoner Ave.
Los Angeles, CA  90066

Tel: (310) 391-9971
Fax: (310) 391-8971
Web: www.StatModel.com
Support: Support@StatModel.com

Copyright (c) 1998-2014 Muthen & Muthen
