Mplus VERSION 7.2
MUTHEN & MUTHEN
06/11/2015   8:31 AM

INPUT INSTRUCTIONS

  TITLE: Bivariate linear,female,age education height,Pulmonary,Memory,fvc,immediate recall

  DATA:  File = ELSA_Portland_New.dat;

      DATA LONGTOWIDE:
      LONG = cflisen | htfvc | Height| years;
      WIDE = c1-c6 | p1-p6 |hei1-hei6| time1-time6;
      IDVARIABLE = idauniq;
      REPETITION = years (0 2 4 6 8 10);


  VARIABLE: Names are
     idauniq dimar hedia01 hedia02 hedia03 hedia04
   hedia05 hedia06 hedia07 hedia08
      hedia09 hedia10 heage hedib01 hedib02 hedib03
      hedib04 hedib05 hedib06 hedib07 hedib08 hedib09
      hedib10 hesmk heala heacta heactb heactc mmwlka
      mmwlkb cflisen cfani cfmem cfpascr cflisd cfmscr
      cfpbscr cfptscr cfwhz1 cfwhz2 cfwhz3 cfwhz4 psceda
       pscedb pscedc pscedd pscede pscedf pscedg pscedh
      edqual scfamm scsca scscc intdatm intdaty iintdtm
       iintdty indobyr indager aethnicr wave heagcr
      heagcry hedbwlu hedbwas hedbwar hedbwos hedbwca
       hedbwpd hedbwps hedbwad hedbwde herosmd hemobcs
      hehsm86 hehsm96 hedcc heaidcr iintdatm iintdaty
       chesmk cfmersp cfprmem cfspeed cfanig cfexind
      cfaccur cfrecal hedimbp hediman hedimmi hedimhf
      hedimhm hedimar hedimdi hedbts hedimst hedimch
      hediblu hedibas hedibar hedibos hedibca hedibpd
       hedibps hedibad hedibde cfmeind cfind hedizm51
      hedizm52 hediagbp hediagan hediagmi hediaghf
      hediaghm hediagar hediagdh hediagdi hediagst hediaghc
      hebdialu hebdiaas hebdiaar hebdiaos hebdiaca
      hebdiapd hebdiaps hebdiaad hebdiade hepdiagl hepdiadi
      hepdiamd hepdiaca cvd7dibt sex sysval diaval
      pulval mapval mmgsd1 mmgsn1 mmgsd2 mmgsn2 mmgsd3
      mmgsn3 chol trig fglu htval wtval bmival bmiobe
       fvc1 fev1 pf1 fvc2 fev2 pf2 fvc3 fev3 pf3 htfvc
      htfev htpf mmssre mmssti mmssna mmstre mmstti
       mmftre2 mmftti mmlore mmloti mmlsre mmlsti mmcrre
      mmrrre mmrrfti mmrrtti mmrroc vitd mmftre prfvc
       pcfvc prfev pcfev htpef prpef pcpef nurmer bagey
      years diab cardio;

         MISSING is all(-99999, -8, -9, -1);

         USEVAR are time2 time4 time6 p2 p4 p6
         c2 c4 c6 Bage
         educn educsec educDE educHE educF educO hei2;


         TSCORES = time2 time4 time6;

         USEOBSERVATIONS are sex EQ 2
         and hedib01 NE 8
         and hedib01 NE 9
         and hedib02 NE 8
         and hedib02 NE 9
         and hedib03 NE 8
         and hedib03 NE 9
         and hedib04 NE 8
         and hedib04 NE 9
         and hedib05 NE 8
         and hedib05 NE 9
         and hedib06 NE 8
         and hedib06 NE 9
         and hedib07 NE 8
         and hedib07 NE 9
         and hedib08 NE 8
         and hedib08 NE 9
         and hedib09 NE 8
         and hedib09 NE 9
         and hedib10 NE 8
         and hedib10 NE 9;



  Define:

         Bage=bagey-80;   !Centered at Age 80
          Height=htval-1.60;

          if (edqual eq 7) then Educn=1;
          if (edqual NE 7) then Educn=0;

          if (edqual eq 4) then Educsec=1;
          if (edqual NE 4) then Educsec=0;

          if(edqual eq 3) then Educpri=1;
          if(edqual NE 3) then Educpri=0;

          if(edqual eq 2) then EducHE=1;
          if(edqual NE 2) then EducHE=0;

          if(edqual eq 1) then EducDE=1;
          if(edqual NE 1) then EducDE=0;


          if(edqual eq 6) then EducF=1;
          if(edqual NE 6) then EducF=0;

          if(edqual eq 5) then EducO=1;
          if(edqual NE 5) then EducO=0;


  ANALYSIS: TYPE = RANDOM;

  MODEL:  ip sp | p2 p4 p6 AT time2 time4 time6;

          ic sc | c2 c4 c6 AT time2 time4 time6;

          ip sp ic sc ON Bage hei2 educn educsec educDE educHE educF educO;

          p2 p4 p6 pwith c2 c4 c6(res_cov);
          p2 p4 p6(res_p);
          c2 c4 c6(res_c);

  OUTPUT: sampstat;



*** WARNING
  Data set contains cases with missing on all variables.
  These cases were not included in the analysis.
  Number of cases with missing on all variables:  64
*** WARNING
  Data set contains cases with missing on x-variables.
  These cases were not included in the analysis.
  Number of cases with missing on x-variables:  3322
*** WARNING
  Data set contains cases with missing on or unknown values for the
  repetition variable.  These cases were not included in the analysis.
  Number of such cases:  2845
   3 WARNING(S) FOUND IN THE INPUT INSTRUCTIONS



Bivariate linear,female,age education height,Pulmonary,Memory,fvc,immediate recall

SUMMARY OF ANALYSIS

Number of groups                                                 1
Number of observations                                        2795

Number of dependent variables                                    6
Number of independent variables                                  8
Number of continuous latent variables                            4

Observed dependent variables

  Continuous
   P2          P4          P6          C2          C4          C6

Observed independent variables
   BAGE        EDUCN       EDUCSEC     EDUCDE      EDUCHE      EDUCF
   EDUCO       HEI2

Continuous latent variables
   IP          SP          IC          SC

Variables with special functions

  ID variable           IDAUNIQ

  Time scores
   TIME2       TIME4       TIME6


Estimator                                                      MLR
Information matrix                                        OBSERVED
Maximum number of iterations                                   100
Convergence criterion                                    0.100D-05
Maximum number of EM iterations                                500
Convergence criteria for the EM algorithm
  Loglikelihood change                                   0.100D-02
  Relative loglikelihood change                          0.100D-05
  Derivative                                             0.100D-03
Minimum variance                                         0.100D-03
Maximum number of steepest descent iterations                   20
Maximum number of iterations for H1                           2000
Convergence criterion for H1                             0.100D-03
Optimization algorithm                                         EMA

Input data file(s)
  ELSA_Portland_New.dat
Input data format  FREE


SUMMARY OF DATA

     Number of missing data patterns            22


COVARIANCE COVERAGE OF DATA

Minimum covariance coverage value   0.100


     PROPORTION OF DATA PRESENT


           Covariance Coverage
              P2            P4            P6            C2            C4
              ________      ________      ________      ________      ________
 P2             0.922
 P4             0.487         0.518
 P6             0.409         0.335         0.430
 C2             0.921         0.517         0.429         0.999
 C4             0.586         0.518         0.374         0.628         0.629
 C6             0.470         0.377         0.430         0.497         0.431
 BAGE           0.922         0.518         0.430         0.999         0.629
 EDUCN          0.922         0.518         0.430         0.999         0.629
 EDUCSEC        0.922         0.518         0.430         0.999         0.629
 EDUCDE         0.922         0.518         0.430         0.999         0.629
 EDUCHE         0.922         0.518         0.430         0.999         0.629
 EDUCF          0.922         0.518         0.430         0.999         0.629
 EDUCO          0.922         0.518         0.430         0.999         0.629
 HEI2           0.922         0.518         0.430         0.999         0.629


           Covariance Coverage
              C6            BAGE          EDUCN         EDUCSEC       EDUCDE
              ________      ________      ________      ________      ________
 C6             0.498
 BAGE           0.498         1.000
 EDUCN          0.498         1.000         1.000
 EDUCSEC        0.498         1.000         1.000         1.000
 EDUCDE         0.498         1.000         1.000         1.000         1.000
 EDUCHE         0.498         1.000         1.000         1.000         1.000
 EDUCF          0.498         1.000         1.000         1.000         1.000
 EDUCO          0.498         1.000         1.000         1.000         1.000
 HEI2           0.498         1.000         1.000         1.000         1.000


           Covariance Coverage
              EDUCHE        EDUCF         EDUCO         HEI2
              ________      ________      ________      ________
 EDUCHE         1.000
 EDUCF          1.000         1.000
 EDUCO          1.000         1.000         1.000
 HEI2           1.000         1.000         1.000         1.000


SAMPLE STATISTICS


     ESTIMATED SAMPLE STATISTICS


           Means
              P2            P4            P6            C2            C4
              ________      ________      ________      ________      ________
 1              2.611         2.518         2.390         5.792         5.687


           Means
              C6            BAGE          EDUCN         EDUCSEC       EDUCDE
              ________      ________      ________      ________      ________
 1              5.561       -15.681         0.425         0.192         0.091


           Means
              EDUCHE        EDUCF         EDUCO         HEI2
              ________      ________      ________      ________
 1              0.102         0.113         0.022       157.637


           Covariances
              P2            P4            P6            C2            C4
              ________      ________      ________      ________      ________
 P2             0.602
 P4             0.393         0.693
 P6             0.409         0.423         0.592
 C2             0.325         0.378         0.404         3.088
 C4             0.496         0.519         0.546         1.533         3.501
 C6             0.557         0.590         0.635         1.691         2.028
 BAGE          -3.794        -4.003        -4.236        -6.409        -8.468
 EDUCN         -0.092        -0.091        -0.094        -0.240        -0.304
 EDUCSEC        0.045         0.047         0.036         0.079         0.097
 EDUCDE         0.032         0.036         0.032         0.086         0.110
 EDUCHE         0.013         0.017         0.021         0.071         0.083
 EDUCF         -0.003        -0.016        -0.003        -0.020        -0.005
 EDUCO          0.000         0.002         0.003        -0.005        -0.004
 HEI2           2.412         2.511         2.284         2.236         2.797


           Covariances
              C6            BAGE          EDUCN         EDUCSEC       EDUCDE
              ________      ________      ________      ________      ________
 C6             3.820
 BAGE          -9.684        92.337
 EDUCN         -0.300         1.250         0.244
 EDUCSEC        0.121        -0.645        -0.082         0.155
 EDUCDE         0.108        -0.387        -0.039        -0.017         0.083
 EDUCHE         0.069        -0.122        -0.043        -0.020        -0.009
 EDUCF         -0.031         0.085        -0.048        -0.022        -0.010
 EDUCO         -0.009        -0.022        -0.009        -0.004        -0.002
 HEI2           3.431       -22.780        -0.729         0.290         0.255


           Covariances
              EDUCHE        EDUCF         EDUCO         HEI2
              ________      ________      ________      ________
 EDUCHE         0.092
 EDUCF         -0.012         0.101
 EDUCO         -0.002        -0.003         0.022
 HEI2           0.162         0.000        -0.007        45.412


           Correlations
              P2            P4            P6            C2            C4
              ________      ________      ________      ________      ________
 P2             1.000
 P4             0.608         1.000
 P6             0.684         0.661         1.000
 C2             0.238         0.258         0.299         1.000
 C4             0.342         0.333         0.379         0.466         1.000
 C6             0.368         0.363         0.422         0.492         0.555
 BAGE          -0.509        -0.501        -0.573        -0.380        -0.471
 EDUCN         -0.239        -0.220        -0.246        -0.276        -0.329
 EDUCSEC        0.146         0.144         0.120         0.114         0.132
 EDUCDE         0.146         0.150         0.143         0.171         0.205
 EDUCHE         0.056         0.065         0.088         0.133         0.146
 EDUCF         -0.010        -0.059        -0.012        -0.036        -0.008
 EDUCO          0.001         0.016         0.027        -0.021        -0.016
 HEI2           0.461         0.448         0.440         0.189         0.222


           Correlations
              C6            BAGE          EDUCN         EDUCSEC       EDUCDE
              ________      ________      ________      ________      ________
 C6             1.000
 BAGE          -0.516         1.000
 EDUCN         -0.310         0.263         1.000
 EDUCSEC        0.157        -0.170        -0.419         1.000
 EDUCDE         0.192        -0.140        -0.272        -0.154         1.000
 EDUCHE         0.117        -0.042        -0.290        -0.165        -0.107
 EDUCF         -0.050         0.028        -0.307        -0.174        -0.113
 EDUCO         -0.033        -0.016        -0.129        -0.073        -0.048
 HEI2           0.261        -0.352        -0.219         0.109         0.132


           Correlations
              EDUCHE        EDUCF         EDUCO         HEI2
              ________      ________      ________      ________
 EDUCHE         1.000
 EDUCF         -0.121         1.000
 EDUCO         -0.051        -0.054         1.000
 HEI2           0.079         0.000        -0.007         1.000


     MAXIMUM LOG-LIKELIHOOD VALUE FOR THE UNRESTRICTED (H1) MODEL IS -36143.385


THE MODEL ESTIMATION TERMINATED NORMALLY



MODEL FIT INFORMATION

Number of Free Parameters                       49

Loglikelihood

          H0 Value                      -15624.531
          H0 Scaling Correction Factor      1.3639
            for MLR

Information Criteria

          Akaike (AIC)                   31347.062
          Bayesian (BIC)                 31637.906
          Sample-Size Adjusted BIC       31482.216
            (n* = (n + 2) / 24)



MODEL RESULTS

                                                    Two-Tailed
                    Estimate       S.E.  Est./S.E.    P-Value

 IP         ON
    BAGE              -0.029      0.002    -16.231      0.000
    HEI2               0.037      0.002     16.999      0.000
    EDUCN             -0.033      0.059     -0.550      0.583
    EDUCSEC            0.129      0.065      1.991      0.046
    EDUCDE             0.171      0.076      2.241      0.025
    EDUCHE             0.052      0.069      0.760      0.447
    EDUCF              0.014      0.070      0.201      0.841
    EDUCO             -0.013      0.098     -0.136      0.892

 SP         ON
    BAGE              -0.001      0.000     -2.669      0.008
    HEI2              -0.001      0.000     -1.921      0.055
    EDUCN              0.001      0.008      0.091      0.928
    EDUCSEC           -0.007      0.008     -0.790      0.430
    EDUCDE            -0.002      0.010     -0.187      0.852
    EDUCHE             0.009      0.008      1.033      0.302
    EDUCF             -0.003      0.009     -0.296      0.767
    EDUCO              0.017      0.012      1.417      0.157

 IC         ON
    BAGE              -0.049      0.004    -11.302      0.000
    HEI2               0.004      0.006      0.723      0.469
    EDUCN             -0.696      0.164     -4.251      0.000
    EDUCSEC           -0.128      0.172     -0.743      0.457
    EDUCDE             0.388      0.195      1.995      0.046
    EDUCHE             0.341      0.192      1.776      0.076
    EDUCF             -0.397      0.184     -2.158      0.031
    EDUCO             -0.537      0.250     -2.147      0.032

 SC         ON
    BAGE              -0.004      0.001     -5.412      0.000
    HEI2               0.001      0.001      1.059      0.290
    EDUCN             -0.016      0.024     -0.698      0.485
    EDUCSEC            0.002      0.024      0.076      0.940
    EDUCDE             0.002      0.029      0.065      0.948
    EDUCHE            -0.015      0.027     -0.547      0.584
    EDUCF             -0.014      0.027     -0.521      0.602
    EDUCO             -0.032      0.040     -0.794      0.427

 SP       WITH
    IP                 0.000      0.007     -0.054      0.957

 IC       WITH
    IP                 0.009      0.035      0.272      0.786
    SP                 0.004      0.005      0.773      0.439

 SC       WITH
    IP                 0.009      0.005      1.872      0.061
    SP                 0.000      0.001      0.038      0.970
    IC                -0.006      0.023     -0.246      0.806

 P2       WITH
    C2                -0.009      0.015     -0.579      0.563

 P4       WITH
    C4                -0.009      0.015     -0.579      0.563

 P6       WITH
    C6                -0.009      0.015     -0.579      0.563

 Intercepts
    P2                 0.000      0.000    999.000    999.000
    P4                 0.000      0.000    999.000    999.000
    P6                 0.000      0.000    999.000    999.000
    C2                 0.000      0.000    999.000    999.000
    C4                 0.000      0.000    999.000    999.000
    C6                 0.000      0.000    999.000    999.000
    IP                -3.725      0.346    -10.754      0.000
    SP                 0.062      0.053      1.177      0.239
    IC                 4.750      0.885      5.365      0.000
    SC                -0.232      0.139     -1.666      0.096

 Residual Variances
    P2                 0.221      0.025      8.829      0.000
    P4                 0.221      0.025      8.829      0.000
    P6                 0.221      0.025      8.829      0.000
    C2                 1.658      0.076     21.757      0.000
    C4                 1.658      0.076     21.757      0.000
    C6                 1.658      0.076     21.757      0.000
    IP                 0.177      0.048      3.716      0.000
    SP                 0.000      0.001      0.084      0.933
    IC                 0.817      0.167      4.904      0.000
    SC                 0.003      0.004      0.749      0.454


QUALITY OF NUMERICAL RESULTS

     Condition Number for the Information Matrix              0.473E-08
       (ratio of smallest to largest eigenvalue)


DIAGRAM INFORMATION

  Use View Diagram under the Diagram menu in the Mplus Editor to view the diagram.
  If running Mplus from the Mplus Diagrammer, the diagram opens automatically.

  Diagram output
    c:\users\annie robitaille\dropbox\elsa_portland\biv immediate recall and fvc\b1_female_aeh_pulmo

     Beginning Time:  08:31:47
        Ending Time:  08:34:34
       Elapsed Time:  00:02:47



MUTHEN & MUTHEN
3463 Stoner Ave.
Los Angeles, CA  90066

Tel: (310) 391-9971
Fax: (310) 391-8971
Web: www.StatModel.com
Support: Support@StatModel.com

Copyright (c) 1998-2014 Muthen & Muthen
