Mplus VERSION 7.2
MUTHEN & MUTHEN
06/11/2015  11:11 AM

INPUT INSTRUCTIONS

  TITLE: Univariate linear,female,age education height,muscle,NoCog,grip, noCogSpec

  DATA:  File = ELSA_Portland_New.dat;

      DATA LONGTOWIDE:
      LONG = grip  | Height| years;
      WIDE = p1-p6 |hei1-hei6| time1-time6; !had to remove time 6 because no cfani
      IDVARIABLE = idauniq;
      REPETITION = years (0 2 4 6 8 10);


  VARIABLE: Names are
     idauniq dimar hedia01 hedia02 hedia03 hedia04
   hedia05 hedia06 hedia07 hedia08
      hedia09 hedia10 heage hedib01 hedib02 hedib03
      hedib04 hedib05 hedib06 hedib07 hedib08 hedib09
      hedib10 hesmk heala heacta heactb heactc mmwlka
      mmwlkb cflisen cfani cfmem cfpascr cflisd cfmscr
      cfpbscr cfptscr cfwhz1 cfwhz2 cfwhz3 cfwhz4 psceda
       pscedb pscedc pscedd pscede pscedf pscedg pscedh
      edqual scfamm scsca scscc intdatm intdaty iintdtm
       iintdty indobyr indager aethnicr wave heagcr
      heagcry hedbwlu hedbwas hedbwar hedbwos hedbwca
       hedbwpd hedbwps hedbwad hedbwde herosmd hemobcs
      hehsm86 hehsm96 hedcc heaidcr iintdatm iintdaty
       chesmk cfmersp cfprmem cfspeed cfanig cfexind
      cfaccur cfrecal hedimbp hediman hedimmi hedimhf
      hedimhm hedimar hedimdi hedbts hedimst hedimch
      hediblu hedibas hedibar hedibos hedibca hedibpd
       hedibps hedibad hedibde cfmeind cfind hedizm51
      hedizm52 hediagbp hediagan hediagmi hediaghf
      hediaghm hediagar hediagdh hediagdi hediagst hediaghc
      hebdialu hebdiaas hebdiaar hebdiaos hebdiaca
      hebdiapd hebdiaps hebdiaad hebdiade hepdiagl hepdiadi
      hepdiamd hepdiaca cvd7dibt sex sysval diaval
      pulval mapval mmgsd1 mmgsn1 mmgsd2 mmgsn2 mmgsd3
      mmgsn3 chol trig fglu htval wtval bmival bmiobe
       fvc1 fev1 pf1 fvc2 fev2 pf2 fvc3 fev3 pf3 htfvc
      htfev htpf mmssre mmssti mmssna mmstre mmstti
       mmftre2 mmftti mmlore mmloti mmlsre mmlsti mmcrre
      mmrrre mmrrfti mmrrtti mmrroc vitd mmftre prfvc
       pcfvc prfev pcfev htpef prpef pcpef nurmer bagey
      years diab cardio;

         MISSING is all(-99999, -8, -9, -1);

         USEVAR are time2 time4 time6 p2 p4 p6 Bage
         educn educsec educDE educHE educF educO hei2;


         TSCORES = time2 time4 time6;

         USEOBSERVATIONS are sex EQ 2
         and hedib01 NE 8
         and hedib01 NE 9
         and hedib02 NE 8
         and hedib02 NE 9
         and hedib03 NE 8
         and hedib03 NE 9
         and hedib04 NE 8
         and hedib04 NE 9
         and hedib05 NE 8
         and hedib05 NE 9
         and hedib06 NE 8
         and hedib06 NE 9
         and hedib07 NE 8
         and hedib07 NE 9
         and hedib08 NE 8
         and hedib08 NE 9
         and hedib09 NE 8
         and hedib09 NE 9
         and hedib10 NE 8
         and hedib10 NE 9;



  Define:

         Bage=bagey-80;   !Centered at Age 80
          Height=htval-1.60;
     grip = (mmgsd1 + mmgsd2 + mmgsd3 + mmgsn1 + mmgsn2 + mmgsn3)/6;

          if (edqual eq 7) then Educn=1;
          if (edqual NE 7) then Educn=0;

          if (edqual eq 4) then Educsec=1;
          if (edqual NE 4) then Educsec=0;

          if(edqual eq 3) then Educpri=1;
          if(edqual NE 3) then Educpri=0;

          if(edqual eq 2) then EducHE=1;
          if(edqual NE 2) then EducHE=0;

          if(edqual eq 1) then EducDE=1;
          if(edqual NE 1) then EducDE=0;


          if(edqual eq 6) then EducF=1;
          if(edqual NE 6) then EducF=0;

          if(edqual eq 5) then EducO=1;
          if(edqual NE 5) then EducO=0;


  ANALYSIS: TYPE = RANDOM;

  MODEL:  ip sp | p2 p4 p6 AT time2 time4 time6;

          ip sp ON Bage hei2 educn educsec educDE educHE educF educO;

          p2 p4 p6(res_p);

  OUTPUT: sampstat;



*** WARNING
  Data set contains cases with missing on all variables.
  These cases were not included in the analysis.
  Number of cases with missing on all variables:  64
*** WARNING
  Data set contains cases with missing on x-variables.
  These cases were not included in the analysis.
  Number of cases with missing on x-variables:  3322
*** WARNING
  Data set contains cases with missing on or unknown values for the
  repetition variable.  These cases were not included in the analysis.
  Number of such cases:  2845
   3 WARNING(S) FOUND IN THE INPUT INSTRUCTIONS



Univariate linear,female,age education height,muscle,NoCog,grip, noCogSpec

SUMMARY OF ANALYSIS

Number of groups                                                 1
Number of observations                                        2795

Number of dependent variables                                    3
Number of independent variables                                  8
Number of continuous latent variables                            2

Observed dependent variables

  Continuous
   P2          P4          P6

Observed independent variables
   BAGE        EDUCN       EDUCSEC     EDUCDE      EDUCHE      EDUCF
   EDUCO       HEI2

Continuous latent variables
   IP          SP

Variables with special functions

  ID variable           IDAUNIQ

  Time scores
   TIME2       TIME4       TIME6


Estimator                                                      MLR
Information matrix                                        OBSERVED
Maximum number of iterations                                   100
Convergence criterion                                    0.100D-05
Maximum number of EM iterations                                500
Convergence criteria for the EM algorithm
  Loglikelihood change                                   0.100D-02
  Relative loglikelihood change                          0.100D-05
  Derivative                                             0.100D-03
Minimum variance                                         0.100D-03
Maximum number of steepest descent iterations                   20
Maximum number of iterations for H1                           2000
Convergence criterion for H1                             0.100D-03
Optimization algorithm                                         EMA

Input data file(s)
  ELSA_Portland_New.dat
Input data format  FREE


SUMMARY OF DATA

     Number of missing data patterns             8


COVARIANCE COVERAGE OF DATA

Minimum covariance coverage value   0.100


     PROPORTION OF DATA PRESENT


           Covariance Coverage
              P2            P4            P6            BAGE          EDUCN
              ________      ________      ________      ________      ________
 P2             0.969
 P4             0.545         0.560
 P6             0.463         0.385         0.474
 BAGE           0.969         0.560         0.474         1.000
 EDUCN          0.969         0.560         0.474         1.000         1.000
 EDUCSEC        0.969         0.560         0.474         1.000         1.000
 EDUCDE         0.969         0.560         0.474         1.000         1.000
 EDUCHE         0.969         0.560         0.474         1.000         1.000
 EDUCF          0.969         0.560         0.474         1.000         1.000
 EDUCO          0.969         0.560         0.474         1.000         1.000
 HEI2           0.969         0.560         0.474         1.000         1.000


           Covariance Coverage
              EDUCSEC       EDUCDE        EDUCHE        EDUCF         EDUCO
              ________      ________      ________      ________      ________
 EDUCSEC        1.000
 EDUCDE         1.000         1.000
 EDUCHE         1.000         1.000         1.000
 EDUCF          1.000         1.000         1.000         1.000
 EDUCO          1.000         1.000         1.000         1.000         1.000
 HEI2           1.000         1.000         1.000         1.000         1.000


           Covariance Coverage
              HEI2
              ________
 HEI2           1.000


SAMPLE STATISTICS


     ESTIMATED SAMPLE STATISTICS


           Means
              P2            P4            P6            BAGE          EDUCN
              ________      ________      ________      ________      ________
 1             21.061        19.638        18.484       -15.681         0.425


           Means
              EDUCSEC       EDUCDE        EDUCHE        EDUCF         EDUCO
              ________      ________      ________      ________      ________
 1              0.192         0.091         0.102         0.113         0.022


           Means
              HEI2
              ________
 1            157.637


           Covariances
              P2            P4            P6            BAGE          EDUCN
              ________      ________      ________      ________      ________
 P2            38.188
 P4            31.857        43.156
 P6            29.281        32.816        39.529
 BAGE         -29.182       -35.937       -33.868        92.337
 EDUCN         -0.732        -0.729        -0.662         1.250         0.244
 EDUCSEC        0.272         0.269         0.245        -0.645        -0.082
 EDUCDE         0.261         0.272         0.297        -0.387        -0.039
 EDUCHE         0.142         0.159         0.172        -0.122        -0.043
 EDUCF          0.004        -0.069        -0.090         0.085        -0.048
 EDUCO          0.012         0.021         0.004        -0.022        -0.009
 HEI2          16.820        17.250        16.157       -22.780        -0.729


           Covariances
              EDUCSEC       EDUCDE        EDUCHE        EDUCF         EDUCO
              ________      ________      ________      ________      ________
 EDUCSEC        0.155
 EDUCDE        -0.017         0.083
 EDUCHE        -0.020        -0.009         0.092
 EDUCF         -0.022        -0.010        -0.012         0.101
 EDUCO         -0.004        -0.002        -0.002        -0.003         0.022
 HEI2           0.290         0.255         0.162         0.000        -0.007


           Covariances
              HEI2
              ________
 HEI2          45.412


           Correlations
              P2            P4            P6            BAGE          EDUCN
              ________      ________      ________      ________      ________
 P2             1.000
 P4             0.785         1.000
 P6             0.754         0.795         1.000
 BAGE          -0.491        -0.569        -0.561         1.000
 EDUCN         -0.240        -0.225        -0.213         0.263         1.000
 EDUCSEC        0.112         0.104         0.099        -0.170        -0.419
 EDUCDE         0.147         0.144         0.164        -0.140        -0.272
 EDUCHE         0.076         0.080         0.090        -0.042        -0.290
 EDUCF          0.002        -0.033        -0.045         0.028        -0.307
 EDUCO          0.014         0.021         0.004        -0.016        -0.129
 HEI2           0.404         0.390         0.381        -0.352        -0.219


           Correlations
              EDUCSEC       EDUCDE        EDUCHE        EDUCF         EDUCO
              ________      ________      ________      ________      ________
 EDUCSEC        1.000
 EDUCDE        -0.154         1.000
 EDUCHE        -0.165        -0.107         1.000
 EDUCF         -0.174        -0.113        -0.121         1.000
 EDUCO         -0.073        -0.048        -0.051        -0.054         1.000
 HEI2           0.109         0.132         0.079         0.000        -0.007


           Correlations
              HEI2
              ________
 HEI2           1.000


     MAXIMUM LOG-LIKELIHOOD VALUE FOR THE UNRESTRICTED (H1) MODEL IS -36724.294


THE MODEL ESTIMATION TERMINATED NORMALLY



MODEL FIT INFORMATION

Number of Free Parameters                       22

Loglikelihood

          H0 Value                      -16178.324
          H0 Scaling Correction Factor      1.1093
            for MLR

Information Criteria

          Akaike (AIC)                   32400.649
          Bayesian (BIC)                 32531.232
          Sample-Size Adjusted BIC       32461.330
            (n* = (n + 2) / 24)



MODEL RESULTS

                                                    Two-Tailed
                    Estimate       S.E.  Est./S.E.    P-Value

 IP         ON
    BAGE              -0.230      0.013    -18.045      0.000
    HEI2               0.236      0.018     12.793      0.000
    EDUCN             -0.757      0.518     -1.461      0.144
    EDUCSEC            0.241      0.541      0.446      0.655
    EDUCDE             1.022      0.579      1.766      0.077
    EDUCHE             0.566      0.598      0.946      0.344
    EDUCF              0.285      0.583      0.488      0.625
    EDUCO              0.482      0.792      0.609      0.542

 SP         ON
    BAGE              -0.011      0.002     -5.817      0.000
    HEI2              -0.005      0.002     -2.411      0.016
    EDUCN              0.066      0.060      1.095      0.274
    EDUCSEC           -0.013      0.062     -0.219      0.827
    EDUCDE             0.050      0.067      0.750      0.453
    EDUCHE             0.066      0.067      0.980      0.327
    EDUCF             -0.070      0.066     -1.059      0.290
    EDUCO             -0.015      0.098     -0.151      0.880

 SP       WITH
    IP                -0.214      0.142     -1.504      0.133

 Intercepts
    P2                 0.000      0.000    999.000    999.000
    P4                 0.000      0.000    999.000    999.000
    P6                 0.000      0.000    999.000    999.000
    IP               -19.044      2.908     -6.549      0.000
    SP                 0.311      0.350      0.888      0.375

 Residual Variances
    P2                 8.354      0.514     16.255      0.000
    P4                 8.354      0.514     16.255      0.000
    P6                 8.354      0.514     16.255      0.000
    IP                18.994      1.321     14.382      0.000
    SP                 0.030      0.022      1.404      0.160


QUALITY OF NUMERICAL RESULTS

     Condition Number for the Information Matrix              0.121E-06
       (ratio of smallest to largest eigenvalue)


DIAGRAM INFORMATION

  Use View Diagram under the Diagram menu in the Mplus Editor to view the diagram.
  If running Mplus from the Mplus Diagrammer, the diagram opens automatically.

  Diagram output
    c:\users\annie robitaille\dropbox\elsa_portland\grip\u1_female_aeh_muscle_nocog_grip_nocogspec.d

     Beginning Time:  11:11:03
        Ending Time:  11:11:36
       Elapsed Time:  00:00:33



MUTHEN & MUTHEN
3463 Stoner Ave.
Los Angeles, CA  90066

Tel: (310) 391-9971
Fax: (310) 391-8971
Web: www.StatModel.com
Support: Support@StatModel.com

Copyright (c) 1998-2014 Muthen & Muthen
