Mplus VERSION 7.3
MUTHEN & MUTHEN
11/29/2016   9:39 AM

INPUT INSTRUCTIONS

  TITLE:
   m3, b1, digit span, grip, LGM,aehplus Conditional, female

  DATA:
    File = C:\Users\Andrea Zammit\Desktop\EASMaster.csv;
  VARIABLE:
   Names are
          SubjectID Sex Ethnic Caus DemEver Bagesq deathage DEMO23 Educyrs Status
          Wave_1 Wave_2 Wave_3 Wave_4 Wave_5 Wave_6 Wave_7 Wave_8 Wave_9 Wave_10
          AgeAtWaveOne AgeAtWave_2 AgeAtWave_3 AgeAtWave_4 AgeAtWave_5 AgeAtWave_6
          AgeAtWave_7
          AgeAtWave_8 AgeAtWave_9 AgeAtWave_10
          YrsSinceBaseline_1 YrsSinceBaseline_2 YrsSinceBaseline_3 YrsSinceBaseline_4
          YrsSinceBaseline_5 YrsSinceBaseline_6 YrsSinceBaseline_7 YrsSinceBaseline_8
          YrsSinceBaseline_9 YrsSinceBaseline_10
          Blessd_1 Blessd_2 Blessd_3 Blessd_4 Blessd_5 Blessd_6 Blessd_7
          Blessd_8 Blessd_9 Blessd_10
          MMS_1 MMS_2 MMS_3 MMS_4 MMS_5 MMS_6 MMS_7 MMS_8 MMS_9 MMS_10
          GDSScore_1 GDSScore_2 GDSScore_3 GDSScore_4 GDSScore_5 GDSScore_6 GDSScore_7
          GDSScore_8 GDSScore_9 GDSScore_10
          FreeRecall_1 FreeRecall_2 FreeRecall_3 FreeRecall_4 FreeRecall_5
          FreeRecall_6 FreeRecall_7 FreeRecall_8 FreeRecall_9 FreeRecall_10
          TotRecall_1 TotRecall_2 TotRecall_3 TotRecall_4 TotRecall_5 TotRecall_6
          TotRecall_7
          TotRecall_8 TotRecall_9 TotRecall_10
          DelFreeRecall_1 DelFreeRecall_2 DelFreeRecall_3 DelFreeRecall_4 DelFreeRecall_5
          DelFreeRecall_6 DelFreeRecall_7 DelFreeRecall_8 DelFreeRecall_9 DelFreeRecall_10
          DelTotRecall_1 DelTotRecall_2 DelTotRecall_3 DelTotRecall_4 DelTotRecall_5
          DelTotRecall_6 DelTotRecall_7 DelTotRecall_8 DelTotRecall_9 DelTotRecall_10
          BostonFree_1 BostonFree_2 BostonFree_3 BostonFree_4 BostonFree_5
          BostonFree_6 BostonFree_7 BostonFree_8 BostonFree_9 BostonFree_10
          Infraw_1 Infraw_2 Infraw_3 Infraw_4 Infraw_5 Infraw_6 Infraw_7
          Infraw_8 Infraw_9 Infraw_10
          Vocraw_1 Vocraw_2 Vocraw_3 Vocraw_4 Vocraw_5 Vocraw_6 Vocraw_7
          Vocraw_8 Vocraw_9 Vocraw_10
          Spnraw_1 Spnraw_2 Spnraw_3 Spnraw_4 Spnraw_5 Spnraw_6 Spnraw_7
          Spnraw_8 Spnraw_9 Spnraw_10
          DSpnAgeScaledScore_1 DSpnAgeScaledScore_2 DSpnAgeScaledScore_3
          DSpnAgeScaledScore_4 DSpnAgeScaledScore_5 DSpnAgeScaledScore_6
          DSpnAgeScaledScore_7 DSpnAgeScaledScore_8 DSpnAgeScaledScore_9
          DSpnAgeScaledScore_10
          Symraw_1 Symraw_2 Symraw_3 Symraw_4 Symraw_5 Symraw_6
          Symraw_7 Symraw_8 Symraw_9 Symraw_10
          Blockraw_1 Blockraw_2 Blockraw_3 Blockraw_4 Blockraw_5 Blockraw_6
          Blockraw_7 Blockraw_8 Blockraw_9 Blockraw_10
          FAS_1 FAS_2 FAS_3 FAS_4 FAS_5 FAS_6 FAS_7 FAS_8 FAS_9 FAS_10
          CAT_1 CAT_2 CAT_3 CAT_4
          CAT_5 CAT_6 CAT_7 CAT_8 CAT_9 CAT_10
          Grade_1 Grade_2 Grade_3 Grade_4 Grade_5 Grade_6 Grade_7 Grade_8 Grade_9 Grade_10
          LM_1 LM_2 LM_3 LM_4 LM_5 LM_6 LM_7 LM_8 LM_9 LM_10
          CFCopy_1 CFCopy_2 CFCopy_3 CFCopy_4 CFCopy_5 CFCopy_6 CFCopy_7
          CFCopy_8 CFCopy_9 CFCopy_10
          CFRecall_1 CFRecall_2 CFRecall_3 CFRecall_4 CFRecall_5 CFRecall_6 CFRecall_7
          CFRecall_8 CFRecall_9 CFRecall_10
          TrA1_1 TrA1_2 TrA1_3 TrA1_4 TrA1_5 TrA1_6 TrA1_7 TrA1_8 TrA1_9 TrA1_10
          TrlAZScore_1 TrlAZScore_2 TrlAZScore_3 TrlAZScore_4 TrlAZScore_5
          TrlAZScore_6 TrlAZScore_7 TrlAZScore_8 TrlAZScore_9 TrlAZScore_10
          TMTARate_1 TMTARate_2 TMTARate_3 TMTARate_4 TMTARate_5 TMTARate_6 TMTARate_7
          TMTARate_8 TMTARate_9 TMTARate_10
          TrA2_1 TrA2_2 TrA2_3 TrA2_4 TrA2_5 TrA2_6 TrA2_7 TrA2_8 TrA2_9 TrA2_10
          TrB1_1 TrB1_2 TrB1_3 TrB1_4 TrB1_5 TrB1_6 TrB1_7 TrB1_8 TrB1_9 TrB1_10
          TrlBZScore_1 TrlBZScore_2 TrlBZScore_3 TrlBZScore_4 TrlBZScore_5
          TrlBZScore_6 TrlBZScore_7 TrlBZScore_8 TrlBZScore_9 TrlBZScore_10
          TMTBRate_1 TMTBRate_2 TMTBRate_3 TMTBRate_4 TMTBRate_5 TMTBRate_6 TMTBRate_7
          TMTBRate_8 TMTBRate_9 TMTBRate_10
          TrB2_1 TrB2_2 TrB2_3 TrB2_4 TrB2_5 TrB2_6
          TrB2_7 TrB2_8 TrB2_9 TrB2_10
          EpisodicMemory2FreeCatLM_1 EpisodicMemory2FreeCatLM_2
          EpisodicMemory2FreeCatLM_3
          EpisodicMemory2FreeCatLM_4 EpisodicMemory2FreeCatLM_5
          EpisodicMemory2FreeCatLM_6 EpisodicMemory2FreeCatLM_7
          EpisodicMemory2FreeCatLM_8 EpisodicMemory2FreeCatLM_9
          EpisodicMemory2FreeCatLM_10
          FrontalExecFunc_1 FrontalExecFunc_2 FrontalExecFunc_3 FrontalExecFunc_4
          FrontalExecFunc_5 FrontalExecFunc_6 FrontalExecFunc_7 FrontalExecFunc_8
          FrontalExecFunc_9 FrontalExecFunc_10
          Language2BostVoc_1 Language2BostVoc_2
          Language2BostVoc_3 Language2BostVoc_4 Language2BostVoc_5
          Language2BostVoc_6 Language2BostVoc_7 Language2BostVoc_8
          Language2BostVoc_9 Language2BostVoc_10
          DysExec_1 DysExec_2 DysExec_3 DysExec_4 DysExec_5 DysExec_6 DysExec_7
          DysExec_8 DysExec_9 DysExec_10
          aMCI1_1 aMCI1_2 aMCI1_3 aMCI1_4 aMCI1_5 aMCI1_6 aMCI1_7 aMCI1_8 aMCI1_9 aMCI1_10
          naMCI1_1 naMCI1_2 naMCI1_3 naMCI1_4 naMCI1_5 naMCI1_6 naMCI1_7
          naMCI1_8 naMCI1_9 naMCI1_10
          CumulMI_1 CumulMI_2 CumulMI_3 CumulMI_4
          CumulMI_5 CumulMI_6 CumulMI_7 CumulMI_8 CumulMI_9 CumulMI_10
          CumulStroke_1 CumulStroke_2 CumulStroke_3 CumulStroke_4 CumulStroke_5
          CumulStroke_6 CumulStroke_7 CumulStroke_8 CumulStroke_9 CumulStroke_10
          CumulDiab_1 CumulDiab_2 CumulDiab_3 CumulDiab_4 CumulDiab_5 CumulDiab_6
          CumulDiab_7 CumulDiab_8 CumulDiab_9 CumulDiab_10
          DMever
          CumulHyper_1 CumulHyper_2 CumulHyper_3 CumulHyper_4 CumulHyper_5
          CumulHyper_6 CumulHyper_7 CumulHyper_8 CumulHyper_9 CumulHyper_10
          CumulAngina_1 CumulAngina_2 CumulAngina_3 CumulAngina_4 CumulAngina_5
          CumulAngina_6 CumulAngina_7 CumulAngina_8 CumulAngina_9 CumulAngina_10
          CumulHrtFail_1 CumulHrtFail_2 CumulHrtFail_3 CumulHrtFail_4 CumulHrtFail_5
          CumulHrtFail_6 CumulHrtFail_7 CumulHrtFail_8 CumulHrtFail_9 CumulHrtFail_10
          CumulPD_1 CumulPD_2 CumulPD_3 CumulPD_4 CumulPD_5 CumulPD_6 CumulPD_7
          CumulPD_8 CumulPD_9 CumulPD_10
          CumulDep_1 CumulDep_2 CumulDep_3 CumulDep_4
          CumulDep_5 CumulDep_6 CumulDep_7 CumulDep_8 CumulDep_9 CumulDep_10
          CumulAnemia_1 CumulAnemia_2 CumulAnemia_3 CumulAnemia_4 CumulAnemia_5
          CumulAnemia_6 CumulAnemia_7 CumulAnemia_8 CumulAnemia_9 CumulAnemia_10
          CVIndexArWave_1 CVIndexArWave_2 CVIndexArWave_3 CVIndexArWave_4 CVIndexArWave_5
          CVIndexArWave_6 CVIndexArWave_7 CVIndexArWave_8 CVIndexArWave_9 CVIndexArWave_10
          CVIndexCumul_1 CVIndexCumul_2 CVIndexCumul_3 CVIndexCumul_4 CVIndexCumul_5
          CVIndexCumul_6 CVIndexCumul_7 CVIndexCumul_8 CVIndexCumul_9 CVIndexCumul_10
          BloodPres1stSys_1 BloodPres1stSys_2 BloodPres1stSys_3 BloodPres1stSys_4
          BloodPres1stSys_5 BloodPres1stSys_6 BloodPres1stSys_7 BloodPres1stSys_8
          BloodPres1stSys_9 BloodPres1stSys_10
          BloodPres1stDia_1 BloodPres1stDia_2 BloodPres1stDia_3 BloodPres1stDia_4
          BloodPres1stDia_5 BloodPres1stDia_6 BloodPres1stDia_7 BloodPres1stDia_8
          BloodPres1stDia_9 BloodPres1stDia_10
          Ht_1 Ht_2 Ht_3 Ht_4 Ht_5 Ht_6 Ht_7 Ht_8 Ht_9 Ht_10
          Wt_1 Wt_2 Wt_3 Wt_4 Wt_5 Wt_6 Wt_7 Wt_8 Wt_9 Wt_10
          BMI_1 BMI_2 BMI_3 BMI_4 BMI_5 BMI_6 BMI_7 BMI_8 BMI_9 BMI_10
          Waist_1 Waist_2 Waist_3 Waist_4 Waist_5 Waist_6 Waist_7 Waist_8 Waist_9 Waist_10
          Hip_1 Hip_2 Hip_3 Hip_4 Hip_5 Hip_6 Hip_7 Hip_8 Hip_9 Hip_10
          Velocity_1 Velocity_2 Velocity_3 Velocity_4 Velocity_5 Velocity_6 Velocity_7
          Velocity_8 Velocity_9 Velocity_10
          ChairRaiseTime_1 ChairRaiseTime_2 ChairRaiseTime_3 ChairRaiseTime_4
          ChairRaiseTime_5 ChairRaiseTime_6 ChairRaiseTime_7 ChairRaiseTime_8
          ChairRaiseTime_9 ChairRaiseTime_10
          FlamingoStandTime_1 FlamingoStandTime_2 FlamingoStandTime_3 FlamingoStandTime_4
          FlamingoStandTime_5 FlamingoStandTime_6 FlamingoStandTime_7 FlamingoStandTime_8
          FlamingoStandTime_9 FlamingoStandTime_10
          MaxEff_1 MaxEff_2 MaxEff_3 MaxEff_4 MaxEff_5 MaxEff_6 MaxEff_7
          MaxEff_8 MaxEff_9 MaxEff_10
          PeakFlowBestOf3_1 PeakFlowBestOf3_2 PeakFlowBestOf3_3 PeakFlowBestOf3_4
          PeakFlowBestOf3_5 PeakFlowBestOf3_6 PeakFlowBestOf3_7 PeakFlowBestOf3_8
          PeakFlowBestOf3_9 PeakFlowBestOf3_10
          UPDRS15_1 UPDRS15_2 UPDRS15_3 UPDRS15_4 UPDRS15_5 UPDRS15_6 UPDRS15_7
          UPDRS15_8 UPDRS15_9 UPDRS15_10
          UPDRS27_1 UPDRS27_2 UPDRS27_3 UPDRS27_4 UPDRS27_5 UPDRS27_6 UPDRS27_7
          UPDRS27_8 UPDRS27_9 UPDRS27_10
          UPDRS28_1 UPDRS28_2 UPDRS28_3 UPDRS28_4
          UPDRS28_5 UPDRS28_6 UPDRS28_7 UPDRS28_8 UPDRS28_9 UPDRS28_10
          UPDRS29_1 UPDRS29_2 UPDRS29_3 UPDRS29_4 UPDRS29_5 UPDRS29_6 UPDRS29_7
          UPDRS29_8 UPDRS29_9 UPDRS29_10
          EMail_1 EMail_2 EMail_3 EMail_4 EMail_5 EMail_6 EMail_7 EMail_8 EMail_9 EMail_10
          Aerobic_1 Aerobic_2 Aerobic_3 Aerobic_4 Aerobic_5 Aerobic_6 Aerobic_7
          Aerobic_8 Aerobic_9 Aerobic_10
          HrsFor2WeekLight_1 HrsFor2WeekLight_2 HrsFor2WeekLight_3 HrsFor2WeekLight_4
          HrsFor2WeekLight_5 HrsFor2WeekLight_6 HrsFor2WeekLight_7 HrsFor2WeekLight_8
          HrsFor2WeekLight_9 HrsFor2WeekLight_10
          HrsFor2WeekMedium_1 HrsFor2WeekMedium_2 HrsFor2WeekMedium_3 HrsFor2WeekMedium_4
          HrsFor2WeekMedium_5 HrsFor2WeekMedium_6 HrsFor2WeekMedium_7 HrsFor2WeekMedium_8
          HrsFor2WeekMedium_9 HrsFor2WeekMedium_10
          HrsFor2WeekHeavy_1 HrsFor2WeekHeavy_2 HrsFor2WeekHeavy_3 HrsFor2WeekHeavy_4
          HrsFor2WeekHeavy_5 HrsFor2WeekHeavy_6 HrsFor2WeekHeavy_7 HrsFor2WeekHeavy_8
          HrsFor2WeekHeavy_9 HrsFor2WeekHeavy_10
          DaysPerWeekLight_1 DaysPerWeekLight_2 DaysPerWeekLight_3 DaysPerWeekLight_4
          DaysPerWeekLight_5 DaysPerWeekLight_6 DaysPerWeekLight_7 DaysPerWeekLight_8
          DaysPerWeekLight_9 DaysPerWeekLight_10
          DaysPerWeekMedium_1 DaysPerWeekMedium_2 DaysPerWeekMedium_3 DaysPerWeekMedium_4
          DaysPerWeekMedium_5
          DaysPerWeekMedium_6 DaysPerWeekMedium_7 DaysPerWeekMedium_8 DaysPerWeekMedium_9
          DaysPerWeekMedium_10
          DaysPerWeekHeavy_1 DaysPerWeekHeavy_2 DaysPerWeekHeavy_3 DaysPerWeekHeavy_4
          DaysPerWeekHeavy_5 DaysPerWeekHeavy_6 DaysPerWeekHeavy_7 DaysPerWeekHeavy_8
          DaysPerWeekHeavy_9 DaysPerWeekHeavy_10
          CigsPerDay_1 CigsPerDay_2 CigsPerDay_3
          CigsPerDay_4 CigsPerDay_5 CigsPerDay_6 CigsPerDay_7 CigsPerDay_8
          CigsPerDay_9 CigsPerDay_10
          SmokNow_1 SmokNow_2 SmokNow_3 SmokNow_4
          SmokNow_5 SmokNow_6 SmokNow_7 SmokNow_8 SmokNow_9 SmokNow_10
          SmokEver_1 SmokEver_2 SmokEver_3 SmokEver_4 SmokEver_5 SmokEver_6 SmokEver_7
          SmokEver_8 SmokEver_9 SmokEver_10
          SmokNumYrs_1 SmokNumYrs_2 SmokNumYrs_3 SmokNumYrs_4 SmokNumYrs_5
          SmokNumYrs_6 SmokNumYrs_7 SmokNumYrs_8 SmokNumYrs_9 SmokNumYrs_10
          DrinksPerMonth_1 DrinksPerMonth_2 DrinksPerMonth_3 DrinksPerMonth_4
          DrinksPerMonth_5 DrinksPerMonth_6 DrinksPerMonth_7 DrinksPerMonth_8
          DrinksPerMonth_9 DrinksPerMonth_10
          Glucose_1 Glucose_2 Glucose_3 Glucose_4 Glucose_5 Glucose_6 Glucose_7
          Glucose_8 Glucose_9 Glucose_10
          chronicpi1 chronicpi2 chronicpi3 chronicpi4 chronicpi5 chronicpi6 chronicpi7
          chronicpi8 chronicpi9 chronicpi10
          Pdever
          Cvd cisum;
        MISSING = ALL(-9999);
               USEVAR are time1 time2 time3 time4 time5 !time6 time7
                          p1 p2 p3 p4 p5 !p6 p7
                         c1 c2 c3 c4 c5 !c6 c7
                         Bage educ height Diab SmokHist Cardio;
               TSCORES =   time1 time2 time3 time4 time5; !time6 time7;
              USEOBSERVATIONS are DemEver EQ 0 and sex EQ 1;
  DEFINE:
    p1=MaxEff_1; p2=MaxEff_2; p3=MaxEff_3;
       p4=MaxEff_4; p5=MaxEff_5; !p6=MaxEff_6;
       !p7=MaxEff_7;
  c1= Spnraw_1; c2=Spnraw_2; c3=Spnraw_3; c4=Spnraw_4; c5=Spnraw_5;

                Bage=AgeAtWaveOne-70;
                Bagesq=(AgeatWaveOne-70)**2;
                Dage=deathage;
                Educ=Educyrs-7;
                SEP=DEMO23;
                time1=wave_1;
                time2=wave_2;
                time3=wave_3;
                time4=wave_4;
                time5=wave_5;
                time6=wave_6;
                time7=wave_7;
                time8=wave_8;
                time9=wave_9;
                time10=wave_10;
               Height=Ht_1-160;
                SmokHist=SmokEver_1;
                DepSymp = GDSScore_1;
                Cardio = cvd;
                Diab=DMever;
                AgeAtWave_1Educyrs=Bage*Educ;
  ANALYSIS:
   TYPE = RANDOM;
         ESTIMATOR=MLF;
         miterations=10000;
     h1convergence = 0.00001;
         COVERAGE = .001;
  OUTPUT:
   sampstat
  MODEL:
       ip sp | p1-p5 AT time1-time5;
       ic sc  | c1 - c5 AT time1-time5;
            ip(v_ip);
       sp(v_sp);
       ic(v_ic);
       sc(v_sc);
       ip WITH sp(c_ipsp);
       ip WITH ic(c_ipic);
       ip WITH sc (c_ipsc);
       sp WITH ic (c_spic);
       sp WITH sc (c_spsc);
       ic WITH SC (C_ICSC);
        ip sp  ic sc WITH  ip sp  ic sc;
       ip sp  ic sc  ON Bage educ height smokhist cardio diab;
        c1-c5 (res_c)
         p1-p5 (res_p);
          p1-p5 pwith c1-c5(res_cov);

           height;



   MODEL CONSTRAINT:

              NEW r_ipic; !assigns labels to new parameters;
              NEW r_spsc;
              NEW r_res_pc;

              r_ipic = c_ipic/((v_ip**0.5)*(v_ic**0.5));
              r_spsc = c_spsc/((v_sp**0.5)*(v_sc**0.5));
              r_res_pc = res_cov/((res_p**0.5)*(res_c**0.5));

    SAVEDATA:
    FILE IS EAS_Grip_digitspan_Slopes_female; ! *rename for each specific variable combinati
    SAVE = FSCORES;

    PLOT:   TYPE IS PLOT3;
      OUTPUT: sampstat Cinterval;




*** WARNING
  Input line exceeded 90 characters. Some input may be truncated.
    FILE IS EAS_Grip_digitspan_Slopes_female; ! *rename for each specific variable combinatio
*** WARNING
  Data set contains cases with missing on x-variables.
  These cases were not included in the analysis.
  Number of cases with missing on x-variables:  237
   2 WARNING(S) FOUND IN THE INPUT INSTRUCTIONS




m3, b1, digit span, grip, LGM,aehplus Conditional, female

SUMMARY OF ANALYSIS

Number of groups                                                 1
Number of observations                                         363

Number of dependent variables                                   10
Number of independent variables                                  6
Number of continuous latent variables                            4

Observed dependent variables

  Continuous
   P1          P2          P3          P4          P5          C1
   C2          C3          C4          C5

Observed independent variables
   BAGE        EDUC        HEIGHT      DIAB        SMOKHIST    CARDIO

Continuous latent variables
   IP          SP          IC          SC

Variables with special functions

  Time scores
   TIME1       TIME2       TIME3       TIME4       TIME5


Estimator                                                      MLF
Information matrix                                        OBSERVED
Maximum number of iterations                                   100
Convergence criterion                                    0.100D-05
Maximum number of EM iterations                              10000
Convergence criteria for the EM algorithm
  Loglikelihood change                                   0.100D-02
  Relative loglikelihood change                          0.100D-05
  Derivative                                             0.100D-03
Minimum variance                                         0.100D-03
Maximum number of steepest descent iterations                   20
Maximum number of iterations for H1                           2000
Convergence criterion for H1                             0.100D-04
Optimization algorithm                                         EMA

Input data file(s)
  C:\Users\Andrea Zammit\Desktop\EASMaster.csv
Input data format  FREE


SUMMARY OF DATA

     Number of missing data patterns            52


COVARIANCE COVERAGE OF DATA

Minimum covariance coverage value   0.001


     PROPORTION OF DATA PRESENT


           Covariance Coverage
              P1            P2            P3            P4            P5
              ________      ________      ________      ________      ________
 P1             0.394
 P2             0.229         0.273
 P3             0.171         0.163         0.231
 P4             0.132         0.135         0.163         0.240
 P5             0.107         0.102         0.129         0.174         0.223
 C1             0.394         0.273         0.231         0.240         0.223
 C2             0.388         0.270         0.231         0.240         0.223
 C3             0.292         0.264         0.220         0.237         0.220
 C4             0.204         0.204         0.226         0.237         0.223
 C5             0.157         0.152         0.185         0.234         0.215
 HEIGHT         0.394         0.231         0.171         0.135         0.107
 BAGE           0.394         0.273         0.231         0.240         0.223
 EDUC           0.394         0.273         0.231         0.240         0.223
 DIAB           0.394         0.273         0.231         0.240         0.223
 SMOKHIST       0.394         0.273         0.231         0.240         0.223
 CARDIO         0.394         0.273         0.231         0.240         0.223


           Covariance Coverage
              C1            C2            C3            C4            C5
              ________      ________      ________      ________      ________
 C1             1.000
 C2             0.986         0.986
 C3             0.713         0.713         0.713
 C4             0.490         0.490         0.479         0.490
 C5             0.353         0.353         0.347         0.350         0.353
 HEIGHT         0.413         0.408         0.300         0.207         0.160
 BAGE           1.000         0.986         0.713         0.490         0.353
 EDUC           1.000         0.986         0.713         0.490         0.353
 DIAB           1.000         0.986         0.713         0.490         0.353
 SMOKHIST       1.000         0.986         0.713         0.490         0.353
 CARDIO         1.000         0.986         0.713         0.490         0.353


           Covariance Coverage
              HEIGHT        BAGE          EDUC          DIAB          SMOKHIST
              ________      ________      ________      ________      ________
 HEIGHT         0.413
 BAGE           0.413         1.000
 EDUC           0.413         1.000         1.000
 DIAB           0.413         1.000         1.000         1.000
 SMOKHIST       0.413         1.000         1.000         1.000         1.000
 CARDIO         0.413         1.000         1.000         1.000         1.000


           Covariance Coverage
              CARDIO
              ________
 CARDIO         1.000


SAMPLE STATISTICS


     ESTIMATED SAMPLE STATISTICS


           Means
              P1            P2            P3            P4            P5
              ________      ________      ________      ________      ________
 1             16.266        15.329        14.322        12.550        12.074


           Means
              C1            C2            C3            C4            C5
              ________      ________      ________      ________      ________
 1             13.661        13.641        14.054        14.210        14.560


           Means
              HEIGHT        BAGE          EDUC          DIAB          SMOKHIST
              ________      ________      ________      ________      ________
 1             -3.277         8.645         6.449         0.201         0.545


           Means
              CARDIO
              ________
 1              0.168


           Covariances
              P1            P2            P3            P4            P5
              ________      ________      ________      ________      ________
 P1            32.517
 P2            24.174        32.920
 P3            21.527        28.984        37.720
 P4            15.411        27.091        35.711        42.006
 P5             7.231        17.997        31.552        38.676        49.022
 C1            -0.387        -0.961        -3.562        -5.881        -6.033
 C2            -0.959        -0.683        -2.363        -4.964        -4.060
 C3            -2.318         1.025        -0.346        -0.317         0.594
 C4            -1.514         1.176         0.352        -0.655        -0.152
 C5            -4.180        -1.127        -0.856        -1.424        -0.764
 HEIGHT        12.137        10.602        12.935         7.971         0.423
 BAGE          -1.348        -4.946       -10.136        -8.617       -11.139
 EDUC          -0.650         0.572         0.332         0.266         0.020
 DIAB          -0.310        -0.333        -0.270        -0.070         0.006
 SMOKHIST       0.722         0.436         0.467         0.394         0.089
 CARDIO        -0.031         0.146        -0.049         0.007        -0.402


           Covariances
              C1            C2            C3            C4            C5
              ________      ________      ________      ________      ________
 C1            11.761
 C2             8.797        10.974
 C3             8.055         8.124        11.354
 C4             8.871         8.852         9.570        12.519
 C5             8.601         8.815         9.504         9.912        12.916
 HEIGHT         3.881         1.983         1.119        -1.961        -0.882
 BAGE          -1.381        -2.063        -1.750        -2.050        -2.135
 EDUC           3.510         3.186         2.650         2.998         2.882
 DIAB          -0.213        -0.148        -0.144        -0.187        -0.072
 SMOKHIST       0.188         0.083         0.164         0.207         0.128
 CARDIO        -0.202        -0.200        -0.174        -0.127        -0.225


           Covariances
              HEIGHT        BAGE          EDUC          DIAB          SMOKHIST
              ________      ________      ________      ________      ________
 HEIGHT        63.111
 BAGE         -16.281        28.344
 EDUC           2.339        -0.582        11.493
 DIAB           0.181        -0.218        -0.046         0.161
 SMOKHIST       0.360        -0.204        -0.036         0.001         0.645
 CARDIO        -0.444         0.077        -0.210         0.016         0.008


           Covariances
              CARDIO
              ________
 CARDIO         0.250


           Correlations
              P1            P2            P3            P4            P5
              ________      ________      ________      ________      ________
 P1             1.000
 P2             0.739         1.000
 P3             0.615         0.823         1.000
 P4             0.417         0.729         0.897         1.000
 P5             0.181         0.448         0.734         0.852         1.000
 C1            -0.020        -0.049        -0.169        -0.265        -0.251
 C2            -0.051        -0.036        -0.116        -0.231        -0.175
 C3            -0.121         0.053        -0.017        -0.015         0.025
 C4            -0.075         0.058         0.016        -0.029        -0.006
 C5            -0.204        -0.055        -0.039        -0.061        -0.030
 HEIGHT         0.268         0.233         0.265         0.155         0.008
 BAGE          -0.044        -0.162        -0.310        -0.250        -0.299
 EDUC          -0.034         0.029         0.016         0.012         0.001
 DIAB          -0.136        -0.145        -0.110        -0.027         0.002
 SMOKHIST       0.158         0.095         0.095         0.076         0.016
 CARDIO        -0.011         0.051        -0.016         0.002        -0.115


           Correlations
              C1            C2            C3            C4            C5
              ________      ________      ________      ________      ________
 C1             1.000
 C2             0.774         1.000
 C3             0.697         0.728         1.000
 C4             0.731         0.755         0.803         1.000
 C5             0.698         0.740         0.785         0.779         1.000
 HEIGHT         0.142         0.075         0.042        -0.070        -0.031
 BAGE          -0.076        -0.117        -0.098        -0.109        -0.112
 EDUC           0.302         0.284         0.232         0.250         0.237
 DIAB          -0.155        -0.112        -0.106        -0.132        -0.050
 SMOKHIST       0.068         0.031         0.061         0.073         0.044
 CARDIO        -0.118        -0.121        -0.103        -0.072        -0.125


           Correlations
              HEIGHT        BAGE          EDUC          DIAB          SMOKHIST
              ________      ________      ________      ________      ________
 HEIGHT         1.000
 BAGE          -0.385         1.000
 EDUC           0.087        -0.032         1.000
 DIAB           0.057        -0.102        -0.034         1.000
 SMOKHIST       0.056        -0.048        -0.013         0.002         1.000
 CARDIO        -0.112         0.029        -0.124         0.079         0.019


           Correlations
              CARDIO
              ________
 CARDIO         1.000


     MAXIMUM LOG-LIKELIHOOD VALUE FOR THE UNRESTRICTED (H1) MODEL IS -7733.494


UNIVARIATE HIGHER-ORDER MOMENT DESCRIPTIVE STATISTICS


     UNIVARIATE HIGHER-ORDER MOMENT DESCRIPTIVE STATISTICS

         Variable/         Mean/     Skewness/   Minimum/ % with                Percentiles
        Sample Size      Variance    Kurtosis    Maximum  Min/Max      20%/60%    40%/80%    Median

     P1                   15.615      -0.020       4.000    1.40%      10.000     14.000     16.000
             143.000      31.523      -0.352      32.000    0.70%      18.000     20.000
     P2                   14.919       0.251       4.000    1.01%      10.000     14.000     14.000
              99.000      28.862      -0.425      28.000    2.02%      16.000     20.000
     P3                   13.988       0.623       4.000    1.19%       8.000     12.000     14.000
              84.000      29.774       0.261      30.000    2.38%      14.000     18.000
     P4                   13.345       0.852       4.000    3.45%       8.000     10.000     12.000
              87.000      38.065       0.566      34.000    1.15%      14.000     18.000
     P5                   13.519       0.630       2.000    1.23%       8.000     10.000     13.000
              81.000      45.781      -0.039      34.000    1.23%      15.000     20.000
     C1                   13.661       0.375       6.000    1.10%      11.000     13.000     13.000
             363.000      11.761       0.192      25.000    0.28%      14.000     16.000
     C2                   13.637       0.612       5.000    0.28%      11.000     13.000     13.000
             358.000      10.762       0.873      28.000    0.28%      14.000     16.000
     C3                   14.097       0.582       5.000    0.39%      11.000     13.000     14.000
             259.000      11.516       1.275      29.000    0.39%      15.000     16.000
     C4                   14.399       0.970       8.000    0.56%      11.000     13.000     14.000
             178.000      12.285       1.623      29.000    0.56%      15.000     17.000
     C5                   14.867       0.624       7.000    0.78%      12.000     14.000     14.500
             128.000      13.318       0.778      29.000    0.78%      15.000     18.000
     HEIGHT               -2.673      -0.197     -24.000    0.67%      -9.000     -4.000     -3.000
             150.000      60.793      -0.142      15.000    0.67%      -1.000      4.000
     BAGE                  8.645       0.417      -3.799    0.28%       3.624      6.668      8.026
             363.000      28.344      -0.341      25.962    0.28%       9.691     13.967
     EDUC                  6.449       0.059      -4.000    0.28%       4.000      5.000      6.000
             363.000      11.493      -0.120      15.000    0.28%       7.000      9.000
     DIAB                  0.201       1.491       0.000   79.89%       0.000      0.000      0.000
             363.000       0.161       0.224       1.000   20.11%       0.000      0.000
     SMOKHIST              0.545       6.367       0.000   49.86%       0.000      0.000      1.000
             363.000       0.645      64.900       9.000    0.55%       1.000      1.000
     CARDIO                0.168       3.472       0.000   87.60%       0.000      0.000      0.000
             363.000       0.250      13.020       3.000    1.10%       0.000      0.000


THE MODEL ESTIMATION TERMINATED NORMALLY



MODEL FIT INFORMATION

Number of Free Parameters                       43

Loglikelihood

          H0 Value                       -4837.794

Information Criteria

          Akaike (AIC)                    9761.587
          Bayesian (BIC)                  9929.047
          Sample-Size Adjusted BIC        9792.627
            (n* = (n + 2) / 24)



MODEL RESULTS

                                                    Two-Tailed
                    Estimate       S.E.  Est./S.E.    P-Value

 IP         ON
    BAGE               0.140      0.119      1.172      0.241
    EDUC              -0.160      0.156     -1.027      0.304
    HEIGHT             0.261      0.072      3.638      0.000
    SMOKHIST           1.020      0.972      1.049      0.294
    CARDIO             1.416      2.162      0.655      0.513
    DIAB              -2.726      1.743     -1.564      0.118

 SP         ON
    BAGE              -0.109      0.037     -2.923      0.003
    EDUC               0.050      0.058      0.868      0.385
    HEIGHT            -0.041      0.032     -1.265      0.206
    SMOKHIST          -0.156      0.388     -0.402      0.688
    CARDIO            -0.380      0.732     -0.519      0.604
    DIAB               0.334      0.519      0.644      0.520

 IC         ON
    BAGE              -0.036      0.040     -0.912      0.362
    EDUC               0.291      0.061      4.750      0.000
    HEIGHT             0.053      0.049      1.066      0.286
    SMOKHIST           0.237      0.335      0.707      0.480
    CARDIO            -0.482      0.507     -0.949      0.343
    DIAB              -1.333      0.558     -2.386      0.017

 SC         ON
    BAGE              -0.012      0.011     -1.026      0.305
    EDUC              -0.014      0.016     -0.872      0.383
    HEIGHT            -0.021      0.012     -1.771      0.076
    SMOKHIST          -0.004      0.095     -0.041      0.967
    CARDIO             0.012      0.114      0.103      0.918
    DIAB               0.146      0.139      1.050      0.294

 IP       WITH
    SP                -4.253      1.716     -2.479      0.013
    IC                -0.454      2.246     -0.202      0.840
    SC                -0.220      0.609     -0.361      0.718

 SP       WITH
    IC                -1.652      0.736     -2.244      0.025
    SC                 0.464      0.168      2.758      0.006

 IC       WITH
    SC                -0.139      0.195     -0.715      0.475

 P1       WITH
    C1                -0.118      0.297     -0.397      0.692

 P2       WITH
    C2                -0.118      0.297     -0.397      0.692

 P3       WITH
    C3                -0.118      0.297     -0.397      0.692

 P4       WITH
    C4                -0.118      0.297     -0.397      0.692

 P5       WITH
    C5                -0.118      0.297     -0.397      0.692

 Means
    HEIGHT            -2.551      0.854     -2.985      0.003

 Intercepts
    P1                 0.000      0.000    999.000    999.000
    P2                 0.000      0.000    999.000    999.000
    P3                 0.000      0.000    999.000    999.000
    P4                 0.000      0.000    999.000    999.000
    P5                 0.000      0.000    999.000    999.000
    C1                 0.000      0.000    999.000    999.000
    C2                 0.000      0.000    999.000    999.000
    C3                 0.000      0.000    999.000    999.000
    C4                 0.000      0.000    999.000    999.000
    C5                 0.000      0.000    999.000    999.000
    IP                18.590      1.585     11.732      0.000
    SP                -0.853      0.587     -1.454      0.146
    IC                12.156      0.620     19.604      0.000
    SC                 0.309      0.158      1.951      0.051

 Variances
    HEIGHT            61.003      8.115      7.517      0.000

 Residual Variances
    P1                 5.032      0.351     14.332      0.000
    P2                 5.032      0.351     14.332      0.000
    P3                 5.032      0.351     14.332      0.000
    P4                 5.032      0.351     14.332      0.000
    P5                 5.032      0.351     14.332      0.000
    C1                 2.648      0.154     17.140      0.000
    C2                 2.648      0.154     17.140      0.000
    C3                 2.648      0.154     17.140      0.000
    C4                 2.648      0.154     17.140      0.000
    C5                 2.648      0.154     17.140      0.000
    IP                31.068      5.965      5.208      0.000
    SP                 2.421      0.641      3.777      0.000
    IC                 7.458      0.924      8.072      0.000
    SC                 0.130      0.061      2.134      0.033

New/Additional Parameters
    R_IPIC            -0.030      0.148     -0.202      0.840
    R_SPSC             0.829      0.266      3.121      0.002
    R_RES_PC          -0.032      0.082     -0.394      0.693


QUALITY OF NUMERICAL RESULTS

     Condition Number for the Information Matrix              0.178E-05
       (ratio of smallest to largest eigenvalue)


CONFIDENCE INTERVALS OF MODEL RESULTS

                  Lower .5%  Lower 2.5%    Lower 5%    Estimate    Upper 5%  Upper 2.5%   Upper .5%

 IP       ON
    BAGE            -0.167      -0.094      -0.056       0.140       0.336       0.373       0.447
    EDUC            -0.562      -0.466      -0.417      -0.160       0.096       0.146       0.242
    HEIGHT           0.076       0.120       0.143       0.261       0.378       0.401       0.445
    SMOKHIST        -1.483      -0.885      -0.579       1.020       2.619       2.925       3.523
    CARDIO          -4.153      -2.822      -2.141       1.416       4.972       5.653       6.984
    DIAB            -7.216      -6.143      -5.594      -2.726       0.142       0.691       1.764

 SP       ON
    BAGE            -0.205      -0.182      -0.171      -0.109      -0.048      -0.036      -0.013
    EDUC            -0.098      -0.063      -0.045       0.050       0.145       0.163       0.198
    HEIGHT          -0.123      -0.104      -0.094      -0.041       0.012       0.022       0.042
    SMOKHIST        -1.156      -0.917      -0.795      -0.156       0.483       0.605       0.844
    CARDIO          -2.266      -1.815      -1.584      -0.380       0.825       1.055       1.506
    DIAB            -1.003      -0.684      -0.520       0.334       1.189       1.353       1.672

 IC       ON
    BAGE            -0.139      -0.114      -0.102      -0.036       0.029       0.042       0.066
    EDUC             0.133       0.171       0.190       0.291       0.392       0.412       0.449
    HEIGHT          -0.074      -0.044      -0.029       0.053       0.134       0.149       0.179
    SMOKHIST        -0.626      -0.420      -0.314       0.237       0.788       0.894       1.100
    CARDIO          -1.789      -1.476      -1.316      -0.482       0.353       0.513       0.825
    DIAB            -2.771      -2.427      -2.251      -1.333      -0.414      -0.238       0.106

 SC       ON
    BAGE            -0.041      -0.034      -0.030      -0.012       0.007       0.011       0.017
    EDUC            -0.054      -0.044      -0.039      -0.014       0.012       0.017       0.027
    HEIGHT          -0.053      -0.045      -0.041      -0.021      -0.002       0.002       0.010
    SMOKHIST        -0.249      -0.190      -0.160      -0.004       0.153       0.183       0.241
    CARDIO          -0.282      -0.212      -0.176       0.012       0.199       0.235       0.305
    DIAB            -0.212      -0.126      -0.083       0.146       0.374       0.417       0.503

 IP       WITH
    SP              -8.673      -7.616      -7.076      -4.253      -1.430      -0.890       0.167
    IC              -6.239      -4.856      -4.148      -0.454       3.241       3.948       5.331
    SC              -1.787      -1.412      -1.221      -0.220       0.781       0.973       1.348

 SP       WITH
    IC              -3.549      -3.096      -2.864      -1.652      -0.441      -0.209       0.244
    SC               0.031       0.134       0.187       0.464       0.741       0.794       0.898

 IC       WITH
    SC              -0.641      -0.521      -0.460      -0.139       0.181       0.243       0.363

 P1       WITH
    C1              -0.883      -0.700      -0.606      -0.118       0.371       0.464       0.647

 P2       WITH
    C2              -0.883      -0.700      -0.606      -0.118       0.371       0.464       0.647

 P3       WITH
    C3              -0.883      -0.700      -0.606      -0.118       0.371       0.464       0.647

 P4       WITH
    C4              -0.883      -0.700      -0.606      -0.118       0.371       0.464       0.647

 P5       WITH
    C5              -0.883      -0.700      -0.606      -0.118       0.371       0.464       0.647

 Means
    HEIGHT          -4.751      -4.225      -3.956      -2.551      -1.145      -0.876      -0.350

 Intercepts
    P1               0.000       0.000       0.000       0.000       0.000       0.000       0.000
    P2               0.000       0.000       0.000       0.000       0.000       0.000       0.000
    P3               0.000       0.000       0.000       0.000       0.000       0.000       0.000
    P4               0.000       0.000       0.000       0.000       0.000       0.000       0.000
    P5               0.000       0.000       0.000       0.000       0.000       0.000       0.000
    C1               0.000       0.000       0.000       0.000       0.000       0.000       0.000
    C2               0.000       0.000       0.000       0.000       0.000       0.000       0.000
    C3               0.000       0.000       0.000       0.000       0.000       0.000       0.000
    C4               0.000       0.000       0.000       0.000       0.000       0.000       0.000
    C5               0.000       0.000       0.000       0.000       0.000       0.000       0.000
    IP              14.508      15.484      15.983      18.590      21.197      21.696      22.672
    SP              -2.364      -2.003      -1.818      -0.853       0.112       0.297       0.658
    IC              10.559      10.941      11.136      12.156      13.176      13.372      13.754
    SC              -0.099      -0.001       0.048       0.309       0.570       0.620       0.717

 Variances
    HEIGHT          40.100      45.098      47.654      61.003      74.353      76.909      81.906

 Residual Variances
    P1               4.128       4.344       4.455       5.032       5.610       5.720       5.936
    P2               4.128       4.344       4.455       5.032       5.610       5.720       5.936
    P3               4.128       4.344       4.455       5.032       5.610       5.720       5.936
    P4               4.128       4.344       4.455       5.032       5.610       5.720       5.936
    P5               4.128       4.344       4.455       5.032       5.610       5.720       5.936
    C1               2.250       2.345       2.394       2.648       2.902       2.950       3.046
    C2               2.250       2.345       2.394       2.648       2.902       2.950       3.046
    C3               2.250       2.345       2.394       2.648       2.902       2.950       3.046
    C4               2.250       2.345       2.394       2.648       2.902       2.950       3.046
    C5               2.250       2.345       2.394       2.648       2.902       2.950       3.046
    IP              15.702      19.376      21.255      31.068      40.881      42.760      46.433
    SP               0.770       1.164       1.366       2.421       3.475       3.677       4.071
    IC               5.078       5.647       5.938       7.458       8.978       9.269       9.838
    SC              -0.027       0.011       0.030       0.130       0.230       0.249       0.286

New/Additional Parameters
    R_IPIC          -0.410      -0.319      -0.273      -0.030       0.213       0.259       0.350
    R_SPSC           0.145       0.308       0.392       0.829       1.265       1.349       1.513
    R_RES_PC        -0.243      -0.193      -0.167      -0.032       0.102       0.128       0.178


SAMPLE STATISTICS FOR ESTIMATED FACTOR SCORES


     SAMPLE STATISTICS


           Means
              IP            IP_SE         SP            SP_SE         IC
              ________      ________      ________      ________      ________
 1             18.345         4.286        -1.453         1.274        13.368


           Means
              IC_SE         SC            SC_SE
              ________      ________      ________
 1              1.054         0.205         0.302


           Covariances
              IP            IP_SE         SP            SP_SE         IC
              ________      ________      ________      ________      ________
 IP            16.917
 IP_SE          0.604         2.610
 SP            -1.952         0.326         1.207
 SP_SE         -0.238         0.300         0.057         0.088
 IC            -0.812        -1.446        -0.724        -0.172         8.034
 IC_SE         -0.124         0.148         0.020         0.044        -0.079
 SC            -0.140         0.094         0.191         0.010        -0.101
 SC_SE         -0.058         0.083         0.010         0.024        -0.045


           Covariances
              IC_SE         SC            SC_SE
              ________      ________      ________
 IC_SE          0.024
 SC             0.004         0.067
 SC_SE          0.012         0.002         0.007


           Correlations
              IP            IP_SE         SP            SP_SE         IC
              ________      ________      ________      ________      ________
 IP             1.000
 IP_SE          0.091         1.000
 SP            -0.432         0.184         1.000
 SP_SE         -0.195         0.625         0.174         1.000
 IC            -0.070        -0.316        -0.233        -0.204         1.000
 IC_SE         -0.196         0.598         0.120         0.953        -0.181
 SC            -0.131         0.225         0.671         0.126        -0.137
 SC_SE         -0.171         0.627         0.115         0.977        -0.196


           Correlations
              IC_SE         SC            SC_SE
              ________      ________      ________
 IC_SE          1.000
 SC             0.089         1.000
 SC_SE          0.964         0.072         1.000


PLOT INFORMATION

The following plots are available:

  Histograms (sample values, estimated factor scores)
  Scatterplots (sample values, estimated factor scores)
  Latent variable distribution plots

SAVEDATA INFORMATION


  Save file
    EAS_Grip_digitspan_Slopes_female

  Order and format of variables

    P1             F10.3
    P2             F10.3
    P3             F10.3
    P4             F10.3
    P5             F10.3
    C1             F10.3
    C2             F10.3
    C3             F10.3
    C4             F10.3
    C5             F10.3
    HEIGHT         F10.3
    BAGE           F10.3
    EDUC           F10.3
    DIAB           F10.3
    SMOKHIST       F10.3
    CARDIO         F10.3
    TIME1          F10.3
    TIME2          F10.3
    TIME3          F10.3
    TIME4          F10.3
    TIME5          F10.3
    IP             F10.3
    IP_SE          F10.3
    SP             F10.3
    SP_SE          F10.3
    IC             F10.3
    IC_SE          F10.3
    SC             F10.3
    SC_SE          F10.3

  Save file format
    29F10.3

  Save file record length    10000


DIAGRAM INFORMATION

  Use View Diagram under the Diagram menu in the Mplus Editor to view the diagram.
  If running Mplus from the Mplus Diagrammer, the diagram opens automatically.

  Diagram output
    c:\users\andrea zammit\documents\github\ialsa-2015-portland\studies\eas\november29\b1_female_aeh

     Beginning Time:  09:39:36
        Ending Time:  09:39:39
       Elapsed Time:  00:00:03



MUTHEN & MUTHEN
3463 Stoner Ave.
Los Angeles, CA  90066

Tel: (310) 391-9971
Fax: (310) 391-8971
Web: www.StatModel.com
Support: Support@StatModel.com

Copyright (c) 1998-2014 Muthen & Muthen
