Mplus VERSION 7.4 (Mac)
MUTHEN & MUTHEN
02/08/2017   9:59 PM

INPUT INSTRUCTIONS

  TITLE:
  Script produced from the prototype in ./sandbox/syntax-creator/
  DATA:
  File = wide-dataset.dat ;
  VARIABLE:
  NAMES are
   id male age_c70 edu_c7 htm_c smoke cardio diabetes dementia_ever
      dementia_baseline bnt_00 bnt_01 bnt_02 bnt_03 bnt_04 bnt_05 bnt_06 bnt_07
      bnt_08 bnt_09 bnt_10 bnt_11 bnt_12 bnt_13 bnt_14 bnt_15 bnt_16 bnt_17
      bnt_18 bostordel_00 bostordel_01 bostordel_02 bostordel_03 bostordel_04
      bostordel_05 bostordel_06 bostordel_07 bostordel_08 bostordel_09 bostordel_10
      bostordel_11 bostordel_12 bostordel_13 bostordel_14 bostordel_15 bostordel_16
      bostordel_17 bostordel_18 bostorim_00 bostorim_01 bostorim_02 bostorim_03
      bostorim_04 bostorim_05 bostorim_06 bostorim_07 bostorim_08 bostorim_09
      bostorim_10 bostorim_11 bostorim_12 bostorim_13 bostorim_14 bostorim_15
      bostorim_16 bostorim_17 bostorim_18 catfluency_00 catfluency_01 catfluency_02
      catfluency_03 catfluency_04 catfluency_05 catfluency_06 catfluency_07
      catfluency_08 catfluency_09 catfluency_10 catfluency_11 catfluency_12
      catfluency_13 catfluency_14 catfluency_15 catfluency_16 catfluency_17
      catfluency_18 complexideas_00 complexideas_01 complexideas_02 complexideas_03
      complexideas_04 complexideas_05 complexideas_06 complexideas_07 complexideas_08
      complexideas_09 complexideas_10 complexideas_11 complexideas_12 complexideas_13
      complexideas_14 complexideas_15 complexideas_16 complexideas_17 complexideas_18
      digitbackward_00 digitbackward_01 digitbackward_02 digitbackward_03
      digitbackward_04 digitbackward_05 digitbackward_06 digitbackward_07
      digitbackward_08 digitbackward_09 digitbackward_10 digitbackward_11
      digitbackward_12 digitbackward_13 digitbackward_14 digitbackward_15
      digitbackward_16 digitbackward_17 digitbackward_18 digitforward_00
      digitforward_01 digitforward_02 digitforward_03 digitforward_04 digitforward_05
      digitforward_06 digitforward_07 digitforward_08 digitforward_09 digitforward_10
      digitforward_11 digitforward_12 digitforward_13 digitforward_14 digitforward_15
      digitforward_16 digitforward_17 digitforward_18 digitorder_00 digitorder_01
      digitorder_02 digitorder_03 digitorder_04 digitorder_05 digitorder_06
      digitorder_07 digitorder_08 digitorder_09 digitorder_10 digitorder_11
      digitorder_12 digitorder_13 digitorder_14 digitorder_15 digitorder_16
      digitorder_17 digitorder_18 fev_00 fev_01 fev_02 fev_03 fev_04 fev_05 fev_06
      fev_07 fev_08 fev_09 fev_10 fev_11 fev_12 fev_13 fev_14 fev_15 fev_16 fev_17
      fev_18 fev100_00 fev100_01 fev100_02 fev100_03 fev100_04 fev100_05 fev100_06
      fev100_07 fev100_08 fev100_09 fev100_10 fev100_11 fev100_12 fev100_13 fev100_14
      fev100_15 fev100_16 fev100_17 fev100_18 gait_00 gait_01 gait_02 gait_03 gait_04
      gait_05 gait_06 gait_07 gait_08 gait_09 gait_10 gait_11 gait_12 gait_13 gait_14
      gait_15 gait_16 gait_17 gait_18 grip_00 grip_01 grip_02 grip_03 grip_04 grip_05
      grip_06 grip_07 grip_08 grip_09 grip_10 grip_11 grip_12 grip_13 grip_14 grip_15
      grip_16 grip_17 grip_18 lineorientation_00 lineorientation_01 lineorientation_02
      lineorientation_03 lineorientation_04 lineorientation_05 lineorientation_06
      lineorientation_07 lineorientation_08 lineorientation_09 lineorientation_10
      lineorientation_11 lineorientation_12 lineorientation_13 lineorientation_14
      lineorientation_15 lineorientation_16 lineorientation_17 lineorientation_18
      logimemdel_00 logimemdel_01 logimemdel_02 logimemdel_03 logimemdel_04
      logimemdel_05 logimemdel_06 logimemdel_07 logimemdel_08 logimemdel_09
      logimemdel_10 logimemdel_11 logimemdel_12 logimemdel_13 logimemdel_14
      logimemdel_15 logimemdel_16 logimemdel_17 logimemdel_18 logimemim_00
      logimemim_01 logimemim_02 logimemim_03 logimemim_04 logimemim_05 logimemim_06
      logimemim_07 logimemim_08 logimemim_09 logimemim_10 logimemim_11 logimemim_12
      logimemim_13 logimemim_14 logimemim_15 logimemim_16 logimemim_17 logimemim_18
      matrices_00 matrices_01 matrices_02 matrices_03 matrices_04 matrices_05
      matrices_06 matrices_07 matrices_08 matrices_09 matrices_10 matrices_11
      matrices_12 matrices_13 matrices_14 matrices_15 matrices_16 matrices_17
      matrices_18 mmse_00 mmse_01 mmse_02 mmse_03 mmse_04 mmse_05 mmse_06 mmse_07
      mmse_08 mmse_09 mmse_10 mmse_11 mmse_12 mmse_13 mmse_14 mmse_15 mmse_16 mmse_17
      mmse_18 nart_00 nart_01 nart_02 nart_03 nart_04 nart_05 nart_06 nart_07 nart_08
      nart_09 nart_10 nart_11 nart_12 nart_13 nart_14 nart_15 nart_16 nart_17 nart_18
      numbercomparison_00 numbercomparison_01 numbercomparison_02 numbercomparison_03
      numbercomparison_04 numbercomparison_05 numbercomparison_06 numbercomparison_07
      numbercomparison_08 numbercomparison_09 numbercomparison_10 numbercomparison_11
      numbercomparison_12 numbercomparison_13 numbercomparison_14 numbercomparison_15
      numbercomparison_16 numbercomparison_17 numbercomparison_18 symbol_00
      symbol_01 symbol_02 symbol_03 symbol_04 symbol_05 symbol_06 symbol_07 symbol_08
      symbol_09 symbol_10 symbol_11 symbol_12 symbol_13 symbol_14 symbol_15 symbol_16
      symbol_17 symbol_18 wordlistdel_00 wordlistdel_01 wordlistdel_02 wordlistdel_03
      wordlistdel_04 wordlistdel_05 wordlistdel_06 wordlistdel_07 wordlistdel_08
      wordlistdel_09 wordlistdel_10 wordlistdel_11 wordlistdel_12 wordlistdel_13
      wordlistdel_14 wordlistdel_15 wordlistdel_16 wordlistdel_17 wordlistdel_18
      wordlistim_00 wordlistim_01 wordlistim_02 wordlistim_03 wordlistim_04
      wordlistim_05 wordlistim_06 wordlistim_07 wordlistim_08 wordlistim_09
      wordlistim_10 wordlistim_11 wordlistim_12 wordlistim_13 wordlistim_14
      wordlistim_15 wordlistim_16 wordlistim_17 wordlistim_18 wordlistrecog_00
      wordlistrecog_01 wordlistrecog_02 wordlistrecog_03 wordlistrecog_04
      wordlistrecog_05 wordlistrecog_06 wordlistrecog_07 wordlistrecog_08
      wordlistrecog_09 wordlistrecog_10 wordlistrecog_11 wordlistrecog_12
      wordlistrecog_13 wordlistrecog_14 wordlistrecog_15 wordlistrecog_16
      wordlistrecog_17 wordlistrecog_18 years_since_bl_00 years_since_bl_01
      years_since_bl_02 years_since_bl_03 years_since_bl_04 years_since_bl_05
      years_since_bl_06 years_since_bl_07 years_since_bl_08 years_since_bl_09
      years_since_bl_10 years_since_bl_11 years_since_bl_12 years_since_bl_13
      years_since_bl_14 years_since_bl_15 years_since_bl_16 years_since_bl_17
      years_since_bl_18
  	;
  Missing are all (-9999);
  USEVARIABLES are
  	!define the variables used in the analysis
  	! covariates used in the model
  age_c70
  edu_c7	
  	!estimated time points
  time_00
  time_01
  time_02
  time_03
  time_04
  	!modelled time points of process (A)
  a_00
  a_01
  a_02
  a_03
  a_04
  	!modelled time points of process (B)
  b_00
  b_01
  b_02
  b_03
  b_04
  ;
  TSCORES are
  	!estimated time points
  time_00
  time_01
  time_02
  time_03
  time_04;
  USEOBSERVATIONS are
  	!select a subset of observations
  male EQ 0
  and
  id NE 0
  ;
  DEFINE:
  	! assign variables to the process (A)
  a_00=grip_00;
  a_01=grip_01;
  a_02=grip_02;
  a_03=grip_03;
  a_04=grip_04;
  	! assign variables to the process (B)
  b_00=logimemdel_00;
  b_01=logimemdel_01;
  b_02=logimemdel_02;
  b_03=logimemdel_03;
  b_04=logimemdel_04;
  	!assign variables to time points
  time_00=years_since_bl_00;
  time_01=years_since_bl_01;
  time_02=years_since_bl_02;
  time_03=years_since_bl_03;
  time_04=years_since_bl_04;
  	
  ANALYSIS:
  TYPE = RANDOM;
  COVERAGE=.00;
  MODEL:
  	!first-level equation
  	! assign process (A) to time points
  ia sa | a_00 AT time_00 ;
  ia sa | a_01 AT time_01 ;
  ia sa | a_02 AT time_02 ;
  ia sa | a_03 AT time_03 ;
  ia sa | a_04 AT time_04 ;
  	! assign process (B) to time points
  ib sb | b_00 AT time_00 ;
  ib sb | b_01 AT time_01 ;
  ib sb | b_02 AT time_02 ;
  ib sb | b_03 AT time_03 ;
  ib sb | b_04 AT time_04 ;
  	!variance of the first-level terms
  ia (v_ia);
  sa (v_sa);
  ib (v_ib);
  sb (v_sb);
  	!covariance among first-level terms
  ia WITH sa (c_iasa);
  ia WITH ib (c_iaib);
  ia WITH sb (c_iasb);
  sa WITH ib (c_saib);
  sa WITH sb (c_sasb);
  ib WITH sb (c_ibsb);
  	!second-level equation
  ia sa ib sb ON age_c70
  edu_c7;
  	!residual covariance of process (A)
  a_00 (res_a);
  a_01 (res_a);
  a_02 (res_a);
  a_03 (res_a);
  a_04 (res_a);	
  	!residual covariance of process (B)
  b_00 (res_b);
  b_01 (res_b);
  b_02 (res_b);
  b_03 (res_b);
  b_04 (res_b);	
  	!Paired covariances constrained to be equal across t
  a_00 pwith b_00 (res_cov);
  a_01 pwith b_01 (res_cov);
  a_02 pwith b_02 (res_cov);
  a_03 pwith b_03 (res_cov);
  a_04 pwith b_04 (res_cov);	
  MODEL CONSTRAINT:
  	!assigns labels to new parameters;
  NEW r_iaib;
  NEW r_sasb;
  NEW r_res_ab;
  	!compute confidence intervals for correlation coefficients;
  r_iaib = c_iaib/((v_ia**0.5)*(v_ib**0.5));
  r_sasb = c_sasb/((v_sa**0.5)*(v_sb**0.5));
  r_res_ab = res_cov/((res_a**0.5)*(res_b**0.5));
  SAVEDATA:
  FILE is   b1_female_ae_grip_logimemdel_fscores.dat;
  SAVE = FSCORES;
  RESULTS are   b1_female_ae_grip_logimemdel_results.dat;
  	
  OUTPUT: sampstat cinterval;
  PLOT: Type is Plot1 Plot2 Plot3;



*** WARNING
  Data set contains cases with missing on x-variables.
  These cases were not included in the analysis.
  Number of cases with missing on x-variables:  1
*** WARNING
  Data set contains cases with missing on all variables except
  x-variables.  These cases were not included in the analysis.
  Number of cases with missing on all variables except x-variables:  4
   2 WARNING(S) FOUND IN THE INPUT INSTRUCTIONS




Script produced from the prototype in ./sandbox/syntax-creator/

SUMMARY OF ANALYSIS

Number of groups                                                 1
Number of observations                                        1361

Number of dependent variables                                   10
Number of independent variables                                  2
Number of continuous latent variables                            4

Observed dependent variables

  Continuous
   A_00        A_01        A_02        A_03        A_04        B_00
   B_01        B_02        B_03        B_04

Observed independent variables
   AGE_C70     EDU_C7

Continuous latent variables
   IA          SA          IB          SB

Variables with special functions

  Time scores
   TIME_00     TIME_01     TIME_02     TIME_03     TIME_04


Estimator                                                      MLR
Information matrix                                        OBSERVED
Maximum number of iterations                                   100
Convergence criterion                                    0.100D-05
Maximum number of EM iterations                                500
Convergence criteria for the EM algorithm
  Loglikelihood change                                   0.100D-02
  Relative loglikelihood change                          0.100D-05
  Derivative                                             0.100D-03
Minimum variance                                         0.100D-03
Maximum number of steepest descent iterations                   20
Maximum number of iterations for H1                           2000
Convergence criterion for H1                             0.100D-03
Optimization algorithm                                         EMA

Input data file(s)
  wide-dataset.dat
Input data format  FREE


SUMMARY OF DATA

     Number of missing data patterns           122


COVARIANCE COVERAGE OF DATA

Minimum covariance coverage value   0.000


     PROPORTION OF DATA PRESENT


           Covariance Coverage
              A_00          A_01          A_02          A_03          A_04
              ________      ________      ________      ________      ________
 A_00           0.866
 A_01           0.629         0.639
 A_02           0.525         0.481         0.546
 A_03           0.390         0.345         0.361         0.479
 A_04           0.266         0.229         0.234         0.298         0.347
 B_00           0.860         0.636         0.543         0.478         0.345
 B_01           0.749         0.630         0.528         0.464         0.334
 B_02           0.665         0.572         0.534         0.462         0.332
 B_03           0.580         0.493         0.477         0.470         0.331
 B_04           0.485         0.411         0.394         0.399         0.337
 AGE_C70        0.866         0.639         0.546         0.479         0.347
 EDU_C7         0.866         0.639         0.546         0.479         0.347


           Covariance Coverage
              B_00          B_01          B_02          B_03          B_04
              ________      ________      ________      ________      ________
 B_00           0.993
 B_01           0.847         0.849
 B_02           0.760         0.736         0.763
 B_03           0.668         0.649         0.639         0.670
 B_04           0.566         0.547         0.535         0.535         0.567
 AGE_C70        0.993         0.849         0.763         0.670         0.567
 EDU_C7         0.993         0.849         0.763         0.670         0.567


           Covariance Coverage
              AGE_C70       EDU_C7
              ________      ________
 AGE_C70        1.000
 EDU_C7         1.000         1.000


SAMPLE STATISTICS


     ESTIMATED SAMPLE STATISTICS


           Means
              A_00          A_01          A_02          A_03          A_04
              ________      ________      ________      ________      ________
 1             40.261        38.976        37.849        36.450        34.734


           Means
              B_00          B_01          B_02          B_03          B_04
              ________      ________      ________      ________      ________
 1              9.098         9.468         9.654         9.650         9.476


           Means
              AGE_C70       EDU_C7
              ________      ________
 1              9.697         7.317


           Covariances
              A_00          A_01          A_02          A_03          A_04
              ________      ________      ________      ________      ________
 A_00         157.529
 A_01         136.791       157.239
 A_02         137.428       140.544       165.410
 A_03         133.832       135.815       146.401       161.680
 A_04         136.743       139.268       144.212       148.985       174.551
 B_00          12.630        12.286        15.329        15.701        16.706
 B_01          14.011        13.993        16.523        17.721        19.272
 B_02          16.321        16.555        19.895        19.305        21.723
 B_03          17.847        17.785        22.039        23.407        23.755
 B_04          22.933        23.162        27.753        29.097        31.071
 AGE_C70      -43.903       -43.287       -48.649       -49.770       -48.821
 EDU_C7         5.438         5.926         5.286         3.868         3.374


           Covariances
              B_00          B_01          B_02          B_03          B_04
              ________      ________      ________      ________      ________
 B_00          21.617
 B_01          17.131        24.377
 B_02          18.127        20.577        28.478
 B_03          18.302        20.850        23.986        30.258
 B_04          19.339        22.522        25.206        27.204        34.239
 AGE_C70      -10.468       -10.824       -12.229       -13.981       -16.637
 EDU_C7         3.447         3.834         3.922         4.443         4.714


           Covariances
              AGE_C70       EDU_C7
              ________      ________
 AGE_C70       61.011
 EDU_C7        -1.365         9.532


           Correlations
              A_00          A_01          A_02          A_03          A_04
              ________      ________      ________      ________      ________
 A_00           1.000
 A_01           0.869         1.000
 A_02           0.851         0.871         1.000
 A_03           0.839         0.852         0.895         1.000
 A_04           0.825         0.841         0.849         0.887         1.000
 B_00           0.216         0.211         0.256         0.266         0.272
 B_01           0.226         0.226         0.260         0.282         0.295
 B_02           0.244         0.247         0.290         0.284         0.308
 B_03           0.258         0.258         0.312         0.335         0.327
 B_04           0.312         0.316         0.369         0.391         0.402
 AGE_C70       -0.448        -0.442        -0.484        -0.501        -0.473
 EDU_C7         0.140         0.153         0.133         0.099         0.083


           Correlations
              B_00          B_01          B_02          B_03          B_04
              ________      ________      ________      ________      ________
 B_00           1.000
 B_01           0.746         1.000
 B_02           0.731         0.781         1.000
 B_03           0.716         0.768         0.817         1.000
 B_04           0.711         0.780         0.807         0.845         1.000
 AGE_C70       -0.288        -0.281        -0.293        -0.325        -0.364
 EDU_C7         0.240         0.252         0.238         0.262         0.261


           Correlations
              AGE_C70       EDU_C7
              ________      ________
 AGE_C70        1.000
 EDU_C7        -0.057         1.000


     MAXIMUM LOG-LIKELIHOOD VALUE FOR THE UNRESTRICTED (H1) MODEL IS -35138.943


UNIVARIATE SAMPLE STATISTICS


     UNIVARIATE HIGHER-ORDER MOMENT DESCRIPTIVE STATISTICS

         Variable/         Mean/     Skewness/   Minimum/ % with                Percentiles
        Sample Size      Variance    Kurtosis    Maximum  Min/Max      20%/60%    40%/80%    Median

     A_00                 39.949       0.195       0.000    0.17%      29.500     36.500     39.750
            1178.000     157.736       0.463      97.750    0.08%      42.500     50.000
     A_01                 38.716       0.133       0.000    0.23%      28.750     35.500     38.500
             869.000     142.314       0.380      85.000    0.12%      41.500     48.500
     A_02                 37.785      -0.029       0.000    0.27%      27.000     35.000     37.750
             743.000     149.710      -0.024      72.500    0.13%      40.500     48.000
     A_03                 36.543       0.173       0.000    0.31%      26.667     32.750     35.750
             652.000     137.063       0.177      73.750    0.15%      39.250     46.500
     A_04                 35.658       0.232       0.000    0.64%      25.750     32.250     35.250
             472.000     152.475       0.502      76.250    0.21%      38.000     45.250
     B_00                  9.115      -0.059       0.000    3.70%       5.000      8.000      9.000
            1352.000      21.530      -0.591      23.000    0.07%      11.000     13.000
     B_01                  9.705      -0.166       0.000    4.15%       5.000      9.000     10.000
            1156.000      23.931      -0.661      21.000    0.17%      11.000     14.000
     B_02                 10.046      -0.217       0.000    5.39%       5.000      9.000     11.000
            1039.000      27.900      -0.757      22.000    0.10%      12.000     15.000
     B_03                 10.259      -0.264       0.000    5.59%       5.000      9.000     11.000
             912.000      28.214      -0.770      23.000    0.11%      12.000     15.000
     B_04                 10.220      -0.226       0.000    7.77%       5.000      9.000     11.000
             772.000      31.641      -0.735      23.000    0.39%      12.000     15.000
     AGE_C70               9.697      -0.469     -16.653    0.07%       3.467      8.680     10.463
            1361.000      61.011       0.183      30.471    0.07%      12.292     16.286
     EDU_C7                7.317      -0.170      -7.000    0.07%       5.000      6.000      7.000
            1361.000       9.532       1.184      18.000    0.07%       8.000     10.000


THE MODEL ESTIMATION TERMINATED NORMALLY



MODEL FIT INFORMATION

Number of Free Parameters                       25

Loglikelihood

          H0 Value                      -27001.874
          H0 Scaling Correction Factor      1.0855
            for MLR

Information Criteria

          Akaike (AIC)                   54053.749
          Bayesian (BIC)                 54184.148
          Sample-Size Adjusted BIC       54104.733
            (n* = (n + 2) / 24)



MODEL RESULTS

                                                    Two-Tailed
                    Estimate       S.E.  Est./S.E.    P-Value

 IA         ON
    AGE_C70           -0.706      0.043    -16.414      0.000
    EDU_C7             0.500      0.108      4.643      0.000

 SA         ON
    AGE_C70           -0.030      0.010     -3.132      0.002
    EDU_C7            -0.060      0.027     -2.187      0.029

 IB         ON
    AGE_C70           -0.156      0.014    -10.879      0.000
    EDU_C7             0.342      0.035      9.724      0.000

 SB         ON
    AGE_C70           -0.022      0.004     -5.670      0.000
    EDU_C7             0.029      0.011      2.733      0.006

 IA       WITH
    SA                -1.565      0.926     -1.691      0.091
    IB                 2.959      1.290      2.293      0.022
    SB                 1.194      0.367      3.255      0.001

 SA       WITH
    IB                 1.048      0.298      3.515      0.000
    SB                 0.175      0.087      2.016      0.044

 IB       WITH
    SB                 0.543      0.124      4.369      0.000

 A_00     WITH
    B_00               0.369      0.244      1.512      0.131

 A_01     WITH
    B_01               0.369      0.244      1.512      0.131

 A_02     WITH
    B_02               0.369      0.244      1.512      0.131

 A_03     WITH
    B_03               0.369      0.244      1.512      0.131

 A_04     WITH
    B_04               0.369      0.244      1.512      0.131

 Intercepts
    A_00               0.000      0.000    999.000    999.000
    A_01               0.000      0.000    999.000    999.000
    A_02               0.000      0.000    999.000    999.000
    A_03               0.000      0.000    999.000    999.000
    A_04               0.000      0.000    999.000    999.000
    B_00               0.000      0.000    999.000    999.000
    B_01               0.000      0.000    999.000    999.000
    B_02               0.000      0.000    999.000    999.000
    B_03               0.000      0.000    999.000    999.000
    B_04               0.000      0.000    999.000    999.000
    IA                43.499      1.017     42.779      0.000
    SA                -0.616      0.251     -2.452      0.014
    IB                 8.260      0.306     26.956      0.000
    SB                 0.118      0.092      1.281      0.200

 Residual Variances
    A_00              19.847      0.906     21.900      0.000
    A_01              19.847      0.906     21.900      0.000
    A_02              19.847      0.906     21.900      0.000
    A_03              19.847      0.906     21.900      0.000
    A_04              19.847      0.906     21.900      0.000
    B_00               5.522      0.172     32.056      0.000
    B_01               5.522      0.172     32.056      0.000
    B_02               5.522      0.172     32.056      0.000
    B_03               5.522      0.172     32.056      0.000
    B_04               5.522      0.172     32.056      0.000
    IA               104.264      5.653     18.445      0.000
    SA                 1.281      0.279      4.585      0.000
    IB                13.794      0.636     21.681      0.000
    SB                 0.365      0.051      7.204      0.000

New/Additional Parameters
    R_IAIB             0.078      0.034      2.307      0.021
    R_SASB             0.255      0.123      2.069      0.039
    R_RES_AB           0.035      0.023      1.513      0.130


QUALITY OF NUMERICAL RESULTS

     Condition Number for the Information Matrix              0.490E-05
       (ratio of smallest to largest eigenvalue)


CONFIDENCE INTERVALS OF MODEL RESULTS

                  Lower .5%  Lower 2.5%    Lower 5%    Estimate    Upper 5%  Upper 2.5%   Upper .5%

 IA       ON
    AGE_C70         -0.817      -0.790      -0.776      -0.706      -0.635      -0.621      -0.595
    EDU_C7           0.223       0.289       0.323       0.500       0.677       0.711       0.778

 SA       ON
    AGE_C70         -0.056      -0.050      -0.047      -0.030      -0.014      -0.011      -0.005
    EDU_C7          -0.130      -0.113      -0.105      -0.060      -0.015      -0.006       0.011

 IB       ON
    AGE_C70         -0.193      -0.184      -0.180      -0.156      -0.133      -0.128      -0.119
    EDU_C7           0.251       0.273       0.284       0.342       0.400       0.411       0.432

 SB       ON
    AGE_C70         -0.033      -0.030      -0.029      -0.022      -0.016      -0.015      -0.012
    EDU_C7           0.002       0.008       0.011       0.029       0.046       0.050       0.056

 IA       WITH
    SA              -3.950      -3.380      -3.088      -1.565      -0.042       0.249       0.820
    IB              -0.364       0.430       0.837       2.959       5.082       5.488       6.283
    SB               0.249       0.475       0.591       1.194       1.798       1.913       2.139

 SA       WITH
    IB               0.280       0.464       0.558       1.048       1.539       1.633       1.816
    SB              -0.049       0.005       0.032       0.175       0.317       0.344       0.398

 IB       WITH
    SB               0.223       0.299       0.339       0.543       0.748       0.787       0.863

 A_00     WITH
    B_00            -0.259      -0.109      -0.032       0.369       0.770       0.847       0.997

 A_01     WITH
    B_01            -0.259      -0.109      -0.032       0.369       0.770       0.847       0.997

 A_02     WITH
    B_02            -0.259      -0.109      -0.032       0.369       0.770       0.847       0.997

 A_03     WITH
    B_03            -0.259      -0.109      -0.032       0.369       0.770       0.847       0.997

 A_04     WITH
    B_04            -0.259      -0.109      -0.032       0.369       0.770       0.847       0.997

 Intercepts
    A_00             0.000       0.000       0.000       0.000       0.000       0.000       0.000
    A_01             0.000       0.000       0.000       0.000       0.000       0.000       0.000
    A_02             0.000       0.000       0.000       0.000       0.000       0.000       0.000
    A_03             0.000       0.000       0.000       0.000       0.000       0.000       0.000
    A_04             0.000       0.000       0.000       0.000       0.000       0.000       0.000
    B_00             0.000       0.000       0.000       0.000       0.000       0.000       0.000
    B_01             0.000       0.000       0.000       0.000       0.000       0.000       0.000
    B_02             0.000       0.000       0.000       0.000       0.000       0.000       0.000
    B_03             0.000       0.000       0.000       0.000       0.000       0.000       0.000
    B_04             0.000       0.000       0.000       0.000       0.000       0.000       0.000
    IA              40.880      41.506      41.826      43.499      45.172      45.492      46.118
    SA              -1.264      -1.109      -1.030      -0.616      -0.203      -0.124       0.031
    IB               7.471       7.659       7.756       8.260       8.764       8.860       9.049
    SB              -0.119      -0.063      -0.034       0.118       0.270       0.299       0.356

 Residual Variances
    A_00            17.513      18.071      18.356      19.847      21.338      21.624      22.182
    A_01            17.513      18.071      18.356      19.847      21.338      21.624      22.182
    A_02            17.513      18.071      18.356      19.847      21.338      21.624      22.182
    A_03            17.513      18.071      18.356      19.847      21.338      21.624      22.182
    A_04            17.513      18.071      18.356      19.847      21.338      21.624      22.182
    B_00             5.079       5.185       5.239       5.522       5.806       5.860       5.966
    B_01             5.079       5.185       5.239       5.522       5.806       5.860       5.966
    B_02             5.079       5.185       5.239       5.522       5.806       5.860       5.966
    B_03             5.079       5.185       5.239       5.522       5.806       5.860       5.966
    B_04             5.079       5.185       5.239       5.522       5.806       5.860       5.966
    IA              89.703      93.184      94.965     104.264     113.562     115.343     118.824
    SA               0.561       0.733       0.821       1.281       1.740       1.828       2.000
    IB              12.155      12.547      12.747      13.794      14.840      15.041      15.433
    SB               0.234       0.266       0.282       0.365       0.448       0.464       0.495

New/Additional Parameters
    R_IAIB          -0.009       0.012       0.022       0.078       0.134       0.144       0.165
    R_SASB          -0.063       0.013       0.052       0.255       0.459       0.497       0.573
    R_RES_AB        -0.025      -0.010      -0.003       0.035       0.074       0.081       0.095


SAMPLE STATISTICS FOR ESTIMATED FACTOR SCORES


     SAMPLE STATISTICS


           Means
              IA            IA_SE         SA            SA_SE         IB
              ________      ________      ________      ________      ________
 1             40.315         3.419        -1.350         0.990         9.245


           Means
              IB_SE         SB            SB_SE
              ________      ________      ________
 1              1.380         0.112         0.473


           Covariances
              IA            IA_SE         SA            SA_SE         IB
              ________      ________      ________      ________      ________
 IA           123.970
 IA_SE          0.140         2.342
 SA             0.727        -0.008         0.379
 SA_SE         -0.022         0.067        -0.002         0.008
 IB            11.662        -0.288         1.110        -0.035        14.563
 IB_SE         -0.542         0.193        -0.002         0.012        -0.154
 SB             2.300         0.004         0.126        -0.001         1.084
 SB_SE         -0.112         0.041        -0.004         0.004        -0.039


           Covariances
              IB_SE         SB            SB_SE
              ________      ________      ________
 IB_SE          0.076
 SB            -0.016         0.178
 SB_SE          0.013        -0.004         0.004


           Correlations
              IA            IA_SE         SA            SA_SE         IB
              ________      ________      ________      ________      ________
 IA             1.000
 IA_SE          0.008         1.000
 SA             0.106        -0.009         1.000
 SA_SE         -0.022         0.503        -0.034         1.000
 IB             0.274        -0.049         0.473        -0.104         1.000
 IB_SE         -0.177         0.458        -0.011         0.518        -0.147
 SB             0.489         0.007         0.486        -0.027         0.673
 SB_SE         -0.165         0.444        -0.094         0.687        -0.170


           Correlations
              IB_SE         SB            SB_SE
              ________      ________      ________
 IB_SE          1.000
 SB            -0.137         1.000
 SB_SE          0.748        -0.151         1.000


RESULTS SAVING INFORMATION

  Order of data

    Parameter estimates
     (saved in order shown in Technical 1 output)
    Standard errors
     (saved in order shown in Technical 1 output)
    H0 Loglikelihood
    H0 Scaling Correction Factor for MLR
    Number of Free Parameters
    Akaike (AIC)
    Bayesian (BIC)
    Sample-Size Adjusted BIC
    Condition Number

  Save file
    b1_female_ae_grip_logimemdel_results.dat

  Save file format           Free


PLOT INFORMATION

The following plots are available:

  Histograms (sample values, estimated factor scores)
  Scatterplots (sample values, estimated factor scores)
  Latent variable distribution plots

SAVEDATA INFORMATION


  Save file
    b1_female_ae_grip_logimemdel_fscores.dat

  Order and format of variables

    A_00           F10.3
    A_01           F10.3
    A_02           F10.3
    A_03           F10.3
    A_04           F10.3
    B_00           F10.3
    B_01           F10.3
    B_02           F10.3
    B_03           F10.3
    B_04           F10.3
    AGE_C70        F10.3
    EDU_C7         F10.3
    TIME_00        F10.3
    TIME_01        F10.3
    TIME_02        F10.3
    TIME_03        F10.3
    TIME_04        F10.3
    IA             F10.3
    IA_SE          F10.3
    SA             F10.3
    SA_SE          F10.3
    IB             F10.3
    IB_SE          F10.3
    SB             F10.3
    SB_SE          F10.3

  Save file format
    25F10.3

  Save file record length    10000


     Beginning Time:  21:59:48
        Ending Time:  22:00:00
       Elapsed Time:  00:00:12



MUTHEN & MUTHEN
3463 Stoner Ave.
Los Angeles, CA  90066

Tel: (310) 391-9971
Fax: (310) 391-8971
Web: www.StatModel.com
Support: Support@StatModel.com

Copyright (c) 1998-2015 Muthen & Muthen
