Mplus VERSION 7.31
MUTHEN & MUTHEN
12/01/2016  12:58 PM

INPUT INSTRUCTIONS

  TITLE: bivariate linear,age education,memory_reasoning_objectrecognition_block


  DATA:  File = octo_cambridge.dat;


  VARIABLE: Names are
     Case PairID TwinID Zygosity Female
     Educyrs EducCat SESgrp Resgrp Smoke
      SESChild SESChOth HlthLif CogPrev LonelyE Dead
      DeadAge YTDead TotDem DemEver DemType DemAge YTDem
      time1 time2 time3 time4 time5 dedtime1 dedtime2
      dedtime3 dedtime4 dedtime5 tvdead1 tvdead2 tvdead3
      tvdead4 tvdead5 demtime1 demtime2 demtime3
      demtime4 demtime5 tvdem1 tvdem2 tvdem3 tvdem4 tvdem5
      CompAge1 CompAge2 CompAge3 CompAge4 CompAge5
      Marital1 Marital2 Marital3 Marital4 Marital5 weight1
      weight2 weight3 weight4 weight5 height1 height2
      height3 height4 height5 bmi1 bmi2 bmi3 bmi4 bmi5
      SRhlth1 SRhlth2 SRhlth3 SRhlth4 SRhlth5 living1
      living2 living3 living4 living5 SR2hlth1 SR2hlth2
      SR2hlth3 SR2hlth4 SR2hlth5 SROhlth1 SROhlth2
      SROhlth3 SROhlth4 SROhlth5 HlthPrv1 HlthPrv2 HlthPrv3
      HlthPrv4 HlthPrv5 HlthTra1 HlthTra2 HlthTra3
      HlthTra4 HlthTra5 CogPres1 CogPres2 CogPres3 CogPres4
      CogPres5 AGames1 AGames2 AGames3 AGames4 AGames5
       ACross1 ACross2 ACross3 ACross4 ACross5 ALiter1
      ALiter2 ALiter3 ALiter4 ALiter5 AWrite1 AWrite2
      AWrite3 AWrite4 AWrite5 AStudy1 AStudy2 AStudy3
      AStudy4 AStudy5 AOther1 AOther2 AOther3 AOther4
      AOther5 LonelyP1 LonelyP2 LonelyP3 LonelyP4
      LonelyP5 FrTalk1 FrTalk2 FrTalk3 FrTalk4 FrTalk5
      FrPart1 FrPart2 FrPart3 FrPart4 FrPart5 LackCo1
      LackCo2 LackCo3 LackCo4 LackCo5 Abandon1 Abandon2
      Abandon3 Abandon4 Abandon5 NumFr1 NumFr2 NumFr3
      NumFr4 NumFr5 NumPref1 NumPref2 NumPref3 NumPref4
      NumPref5 SeeChGr1 SeeChGr2 SeeChGr3 SeeChGr4
      SeeChGr5 pek1 pek2 pek3 pek4 pek5 gripp1 gripp2
      gripp3 gripp4 gripp5 chr5tim1 chr5tim2 chr5tim3
      chr5tim4 chr5tim5 padl1 padl2 padl3 padl4 padl5
      iadl1 iadl2 iadl3 iadl4 iadl5 digspf1 digspf2
      digspf3 digspf4 digspf5 digspb1 digspb2 digspb3
      digspb4 digspb5 prose1 prose2 prose3 prose4 prose5
      block1 block2 block3 block4 block5 info1 info2
      info3 info4 info5 synnum1 synnum2 synnum3 synnum4
      synnum5 figure1 figure2 figure3 figure4 figure5
       digsym1 digsym2 digsym3 digsym4 digsym5 psif1 psif2
      psif3 psif4 psif5 mirnam1 mirnam2 mirnam3 mirnam4
      mirnam5 mirrcl1 mirrcl2 mirrcl3 mirrcl4 mirrcl5
      mirrcg1 mirrcg2 mirrcg3 mirrcg4 mirrcg5 mircor1
      mircor2 mircor3 mircor4 mircor5 clock1 clock2
      clock3 clock4 clock5 mmse1 mmse2 mmse3 mmse4 mmse5
       mismmse1 mismmse2 mismmse3 mismmse4 mismmse5
      filtmmse1 filtmmse2 filtmmse3 filtmmse4 filtmmse5
      highBP1 highBP2 highBP3 highBP4 highBP5 sbp1 sbp2
      sbp3 sbp4 sbp5 dbp1 dbp2 dbp3 dbp4 dbp5 diab1
      diab2 diab3 diab4 diab5;


         MISSING is all(99999);

         USEVAR are female time1-time5 c1-c5 Bage educ cc1-cc5;

         TSCORES = time1-time5;

          CLUSTER = PairID;

         SUBPOPULATION are demever==0;

  Define:

      c1=mirrcg1; c2=mirrcg2; c3=mirrcg3; c4=mirrcg4; c5=mirrcg5;
  	cc1=block1; cc2=block2;cc3=block3;cc4=block4;cc5=block5;
         Bage=CompAge1-80;
         Educ=Educyrs-7;

  ANALYSIS: TYPE = RANDOM COMPLEX;

  MODEL:  ic sc | c1-c5 AT time1-time5;
          icc scc | cc1-cc5 AT time1-time5;

          ic (v_ic);
          sc (v_sc);
          icc (v_icc);
          scc (v_scc);
          ic WITH sc (c_icsc);
          ic WITH icc (c_icicc);
          ic WITH scc (c_icscc);
          sc WITH icc (c_scicc);
          sc WITH scc (c_scscc);
          icc WITH scc (c_iccscc);

          ic sc icc scc ON Bage educ female;

          cc1-cc5 (res_cc);
          c1-c5(res_c);
          c1 c2 c3 c4 c5 pwith cc1 cc2 cc3 cc4 cc5(res_cov);

  MODEL CONSTRAINT:

  !        NEW r_icsc;
          NEW r_icicc;
  !        NEW r_icscc;
  !        NEW r_scicc;
          NEW r_scscc;
  !        NEW r_iccscc;

          NEW r_res_ccc;

  !        r_ipsp = c_ipsp/((v_ip**0.5)*(v_sp**0.5));
          r_icicc = c_icicc/((v_ic**0.5)*(v_icc**0.5));
  !        r_ipsc = c_ipsc/((v_ip**0.5)*(v_sc**0.5));
  !        r_spic = c_spic/((v_sp**0.5)*(v_ic**0.5));
          r_scscc = c_scscc/((v_sc**0.5)*(v_scc**0.5));
  !        r_icsc = c_icsc/((v_ic**0.5)*(v_sc**0.5));

          r_res_ccc = res_cov/((res_c**0.5)*(res_cc**0.5));

  SAVEDATA:
  FILE IS OCTOfSlopes_ae_block_objectrecog;
  SAVE = FSCORES;
  PLOT:
   TYPE IS PLOT3;



  OUTPUT: sampstat Cinterval;




*** WARNING
  Data set contains cases with missing on x-variables.
  These cases were not included in the analysis.
  Number of cases with missing on x-variables:  46
*** WARNING
  Data set contains cases with missing on all variables except
  x-variables.  These cases were not included in the analysis.
  Number of cases with missing on all variables except x-variables:  38
   2 WARNING(S) FOUND IN THE INPUT INSTRUCTIONS



bivariate linear,age education,memory_reasoning_objectrecognition_block

SUMMARY OF ANALYSIS

Number of groups                                                 1
Number of observations                                         443

Number of dependent variables                                   10
Number of independent variables                                  3
Number of continuous latent variables                            4

Observed dependent variables

  Continuous
   C1          C2          C3          C4          C5          CC1
   CC2         CC3         CC4         CC5

Observed independent variables
   FEMALE      BAGE        EDUC

Continuous latent variables
   IC          SC          ICC         SCC

Variables with special functions

  Cluster variable      PAIRID

  Time scores
   TIME1       TIME2       TIME3       TIME4       TIME5


Estimator                                                      MLR
Information matrix                                        OBSERVED
Maximum number of iterations                                   100
Convergence criterion                                    0.100D-05
Maximum number of EM iterations                                500
Convergence criteria for the EM algorithm
  Loglikelihood change                                   0.100D-02
  Relative loglikelihood change                          0.100D-05
  Derivative                                             0.100D-03
Minimum variance                                         0.100D-03
Maximum number of steepest descent iterations                   20
Maximum number of iterations for H1                           2000
Convergence criterion for H1                             0.100D-03
Optimization algorithm                                         EMA

Input data file(s)
  octo_cambridge.dat
Input data format  FREE


SUMMARY OF DATA

     Number of missing data patterns            59
     Number of clusters         288



SAMPLE STATISTICS


     ESTIMATED SAMPLE STATISTICS


           Means
              C1            C2            C3            C4            C5
              ________      ________      ________      ________      ________
 1              9.626         9.685         9.575         9.388         9.279


           Means
              CC1           CC2           CC3           CC4           CC5
              ________      ________      ________      ________      ________
 1             11.903        11.778        11.375        10.333         9.251


           Means
              FEMALE        BAGE          EDUC
              ________      ________      ________
 1              0.655         3.244         0.300


           Covariances
              C1            C2            C3            C4            C5
              ________      ________      ________      ________      ________
 C1             1.761
 C2             0.678         1.944
 C3             1.038         0.892         1.838
 C4             1.563         1.154         2.076         3.005
 C5             1.159         1.021         1.416         1.879         2.087
 CC1            2.431         1.994         2.837         4.130         2.749
 CC2            2.581         3.108         3.221         4.638         3.488
 CC3            2.649         2.880         3.283         4.709         3.762
 CC4            2.475         3.176         3.227         4.972         3.666
 CC5            0.815         2.266         2.044         3.008         2.791
 FEMALE         0.075         0.028         0.104         0.192         0.165
 BAGE          -0.477        -0.835        -0.677        -0.745        -0.799
 EDUC           0.250         0.574         0.277         0.411        -0.074


           Covariances
              CC1           CC2           CC3           CC4           CC5
              ________      ________      ________      ________      ________
 CC1           51.177
 CC2           38.069        46.985
 CC3           36.987        39.236        46.418
 CC4           36.785        38.066        39.221        51.379
 CC5           35.243        35.400        35.108        37.980        49.424
 FEMALE         0.144         0.169         0.285         0.287         0.266
 BAGE          -4.318        -4.190        -4.038        -5.262        -3.226
 EDUC           4.033         5.110         4.182         4.694         2.689


           Covariances
              FEMALE        BAGE          EDUC
              ________      ________      ________
 FEMALE         0.226
 BAGE           0.107         8.104
 EDUC          -0.120        -0.763         6.075


           Correlations
              C1            C2            C3            C4            C5
              ________      ________      ________      ________      ________
 C1             1.000
 C2             0.367         1.000
 C3             0.577         0.472         1.000
 C4             0.680         0.478         0.883         1.000
 C5             0.605         0.507         0.723         0.750         1.000
 CC1            0.256         0.200         0.293         0.333         0.266
 CC2            0.284         0.325         0.347         0.390         0.352
 CC3            0.293         0.303         0.355         0.399         0.382
 CC4            0.260         0.318         0.332         0.400         0.354
 CC5            0.087         0.231         0.214         0.247         0.275
 FEMALE         0.119         0.042         0.161         0.233         0.240
 BAGE          -0.126        -0.210        -0.176        -0.151        -0.194
 EDUC           0.076         0.167         0.083         0.096        -0.021


           Correlations
              CC1           CC2           CC3           CC4           CC5
              ________      ________      ________      ________      ________
 CC1            1.000
 CC2            0.776         1.000
 CC3            0.759         0.840         1.000
 CC4            0.717         0.775         0.803         1.000
 CC5            0.701         0.735         0.733         0.754         1.000
 FEMALE         0.042         0.052         0.088         0.084         0.080
 BAGE          -0.212        -0.215        -0.208        -0.258        -0.161
 EDUC           0.229         0.302         0.249         0.266         0.155


           Correlations
              FEMALE        BAGE          EDUC
              ________      ________      ________
 FEMALE         1.000
 BAGE           0.079         1.000
 EDUC          -0.102        -0.109         1.000


     MAXIMUM LOG-LIKELIHOOD VALUE FOR THE UNRESTRICTED (H1) MODEL IS -8136.116


UNIVARIATE SAMPLE STATISTICS


     UNIVARIATE HIGHER-ORDER MOMENT DESCRIPTIVE STATISTICS

         Variable/         Mean/     Skewness/   Minimum/ % with                Percentiles
        Sample Size      Variance    Kurtosis    Maximum  Min/Max      20%/60%    40%/80%    Median

     C1                    9.651      -4.682       0.000    0.49%      10.000     10.000     10.000
             410.000       1.700      23.894      10.000   89.27%      10.000     10.000
     C2                    9.759      -2.669       0.000    0.31%      10.000     10.000     10.000
             324.000       1.800      30.921      20.000    0.31%      10.000     10.000
     C3                    9.728      -5.632       0.000    0.78%      10.000     10.000     10.000
             257.000       1.521      35.018      11.000    0.39%      10.000     10.000
     C4                    9.663      -5.384       0.000    1.60%      10.000     10.000     10.000
             187.000       2.116      30.437      10.000   91.44%      10.000     10.000
     C5                    9.674      -5.323       0.000    0.76%      10.000     10.000     10.000
             132.000       1.401      34.587      10.000   88.64%      10.000     10.000
     CC1                  12.141       0.147       0.000    8.91%       6.000     10.000     12.000
             404.000      50.270      -0.482      33.000    0.25%      14.000     18.000
     CC2                  12.704       0.042       0.000    5.26%       6.000     10.000     13.000
             304.000      45.123      -0.543      30.000    0.66%      15.000     18.000
     CC3                  12.741       0.233       0.000    4.45%       6.000     11.000     12.000
             247.000      42.864      -0.205      31.000    0.81%      15.000     18.000
     CC4                  12.150       0.018       0.000    6.42%       6.000     10.000     12.000
             187.000      45.325      -0.742      27.000    0.53%      15.000     18.000
     CC5                  11.381       0.105       0.000    8.96%       6.000      9.000     10.000
             134.000      46.878      -0.885      25.000    2.24%      13.000     18.000
     FEMALE                0.655      -0.650       0.000   34.54%       0.000      1.000      1.000
             443.000       0.226      -1.577       1.000   65.46%       1.000      1.000
     BAGE                  3.244       1.071      -0.581    0.23%       0.874      1.711      2.329
             443.000       8.104       0.534      13.016    0.23%       3.168      5.784
     EDUC                  0.300       2.171      -7.000    0.23%      -1.000     -1.000      0.000
             443.000       6.075       7.276      16.000    0.23%       0.000      1.000


THE MODEL ESTIMATION TERMINATED NORMALLY



MODEL FIT INFORMATION

Number of Free Parameters                       29

Loglikelihood

          H0 Value                       -5832.346
          H0 Scaling Correction Factor      2.7984
            for MLR

Information Criteria

          Akaike (AIC)                   11722.692
          Bayesian (BIC)                 11841.405
          Sample-Size Adjusted BIC       11749.372
            (n* = (n + 2) / 24)



MODEL RESULTS

                                                    Two-Tailed
                    Estimate       S.E.  Est./S.E.    P-Value

 IC         ON
    BAGE              -0.072      0.031     -2.336      0.019
    EDUC               0.059      0.020      2.930      0.003
    FEMALE             0.292      0.161      1.811      0.070

 SC         ON
    BAGE              -0.004      0.007     -0.640      0.522
    EDUC              -0.002      0.005     -0.405      0.686
    FEMALE             0.062      0.037      1.667      0.095

 ICC        ON
    BAGE              -0.507      0.125     -4.058      0.000
    EDUC               0.679      0.148      4.576      0.000
    FEMALE             1.286      0.744      1.728      0.084

 SCC        ON
    BAGE               0.009      0.018      0.469      0.639
    EDUC               0.001      0.026      0.029      0.977
    FEMALE             0.056      0.093      0.599      0.549

 IC       WITH
    SC                 0.040      0.082      0.488      0.626
    ICC                1.710      0.556      3.074      0.002
    SCC                0.025      0.073      0.351      0.726

 SC       WITH
    ICC                0.175      0.155      1.133      0.257
    SCC               -0.001      0.009     -0.149      0.882

 ICC      WITH
    SCC               -0.626      0.311     -2.014      0.044

 C1       WITH
    CC1                0.290      0.120      2.424      0.015

 C2       WITH
    CC2                0.290      0.120      2.424      0.015

 C3       WITH
    CC3                0.290      0.120      2.424      0.015

 C4       WITH
    CC4                0.290      0.120      2.424      0.015

 C5       WITH
    CC5                0.290      0.120      2.424      0.015

 Intercepts
    C1                 0.000      0.000    999.000    999.000
    C2                 0.000      0.000    999.000    999.000
    C3                 0.000      0.000    999.000    999.000
    C4                 0.000      0.000    999.000    999.000
    C5                 0.000      0.000    999.000    999.000
    CC1                0.000      0.000    999.000    999.000
    CC2                0.000      0.000    999.000    999.000
    CC3                0.000      0.000    999.000    999.000
    CC4                0.000      0.000    999.000    999.000
    CC5                0.000      0.000    999.000    999.000
    IC                 9.712      0.134     72.370      0.000
    SC                -0.069      0.034     -2.024      0.043
    ICC               12.724      0.726     17.538      0.000
    SCC               -0.357      0.082     -4.334      0.000

 Residual Variances
    C1                 0.829      0.201      4.116      0.000
    C2                 0.829      0.201      4.116      0.000
    C3                 0.829      0.201      4.116      0.000
    C4                 0.829      0.201      4.116      0.000
    C5                 0.829      0.201      4.116      0.000
    CC1               10.234      0.659     15.530      0.000
    CC2               10.234      0.659     15.530      0.000
    CC3               10.234      0.659     15.530      0.000
    CC4               10.234      0.659     15.530      0.000
    CC5               10.234      0.659     15.530      0.000
    IC                 0.768      0.360      2.135      0.033
    SC                 0.004      0.009      0.443      0.658
    ICC               35.161      2.957     11.892      0.000
    SCC                0.140      0.059      2.367      0.018

New/Additional Parameters
    R_ICICC            0.329      0.079      4.143      0.000
    R_SCSCC           -0.056      0.415     -0.136      0.892
    R_RES_CC           0.100      0.036      2.765      0.006


QUALITY OF NUMERICAL RESULTS

     Condition Number for the Information Matrix              0.567E-04
       (ratio of smallest to largest eigenvalue)


CONFIDENCE INTERVALS OF MODEL RESULTS

                  Lower .5%  Lower 2.5%    Lower 5%    Estimate    Upper 5%  Upper 2.5%   Upper .5%

 IC       ON
    BAGE            -0.152      -0.133      -0.123      -0.072      -0.021      -0.012       0.007
    EDUC             0.007       0.020       0.026       0.059       0.092       0.099       0.111
    FEMALE          -0.123      -0.024       0.027       0.292       0.558       0.608       0.708

 SC       ON
    BAGE            -0.021      -0.017      -0.015      -0.004       0.007       0.009       0.013
    EDUC            -0.015      -0.012      -0.010      -0.002       0.006       0.008       0.011
    FEMALE          -0.034      -0.011       0.001       0.062       0.124       0.136       0.159

 ICC      ON
    BAGE            -0.829      -0.752      -0.713      -0.507      -0.302      -0.262      -0.185
    EDUC             0.297       0.388       0.435       0.679       0.923       0.969       1.061
    FEMALE          -0.631      -0.172       0.062       1.286       2.510       2.744       3.202

 SCC      ON
    BAGE            -0.039      -0.028      -0.022       0.009       0.039       0.045       0.056
    EDUC            -0.065      -0.049      -0.041       0.001       0.043       0.051       0.067
    FEMALE          -0.184      -0.127      -0.097       0.056       0.209       0.238       0.295

 IC       WITH
    SC              -0.171      -0.121      -0.095       0.040       0.175       0.201       0.252
    ICC              0.277       0.620       0.795       1.710       2.625       2.800       3.143
    SCC             -0.162      -0.117      -0.094       0.025       0.145       0.168       0.213

 SC       WITH
    ICC             -0.223      -0.128      -0.079       0.175       0.429       0.478       0.573
    SCC             -0.025      -0.019      -0.016      -0.001       0.014       0.016       0.022

 ICC      WITH
    SCC             -1.425      -1.234      -1.136      -0.626      -0.115      -0.017       0.174

 C1       WITH
    CC1             -0.018       0.056       0.093       0.290       0.488       0.525       0.599

 C2       WITH
    CC2             -0.018       0.056       0.093       0.290       0.488       0.525       0.599

 C3       WITH
    CC3             -0.018       0.056       0.093       0.290       0.488       0.525       0.599

 C4       WITH
    CC4             -0.018       0.056       0.093       0.290       0.488       0.525       0.599

 C5       WITH
    CC5             -0.018       0.056       0.093       0.290       0.488       0.525       0.599

 Intercepts
    C1               0.000       0.000       0.000       0.000       0.000       0.000       0.000
    C2               0.000       0.000       0.000       0.000       0.000       0.000       0.000
    C3               0.000       0.000       0.000       0.000       0.000       0.000       0.000
    C4               0.000       0.000       0.000       0.000       0.000       0.000       0.000
    C5               0.000       0.000       0.000       0.000       0.000       0.000       0.000
    CC1              0.000       0.000       0.000       0.000       0.000       0.000       0.000
    CC2              0.000       0.000       0.000       0.000       0.000       0.000       0.000
    CC3              0.000       0.000       0.000       0.000       0.000       0.000       0.000
    CC4              0.000       0.000       0.000       0.000       0.000       0.000       0.000
    CC5              0.000       0.000       0.000       0.000       0.000       0.000       0.000
    IC               9.366       9.449       9.491       9.712       9.933       9.975      10.058
    SC              -0.158      -0.137      -0.126      -0.069      -0.013      -0.002       0.019
    ICC             10.855      11.302      11.530      12.724      13.917      14.146      14.593
    SCC             -0.569      -0.518      -0.492      -0.357      -0.221      -0.195      -0.145

 Residual Variances
    C1               0.310       0.434       0.498       0.829       1.160       1.224       1.348
    C2               0.310       0.434       0.498       0.829       1.160       1.224       1.348
    C3               0.310       0.434       0.498       0.829       1.160       1.224       1.348
    C4               0.310       0.434       0.498       0.829       1.160       1.224       1.348
    C5               0.310       0.434       0.498       0.829       1.160       1.224       1.348
    CC1              8.536       8.942       9.150      10.234      11.318      11.525      11.931
    CC2              8.536       8.942       9.150      10.234      11.318      11.525      11.931
    CC3              8.536       8.942       9.150      10.234      11.318      11.525      11.931
    CC4              8.536       8.942       9.150      10.234      11.318      11.525      11.931
    CC5              8.536       8.942       9.150      10.234      11.318      11.525      11.931
    IC              -0.159       0.063       0.176       0.768       1.360       1.473       1.695
    SC              -0.020      -0.014      -0.011       0.004       0.019       0.022       0.028
    ICC             27.545      29.366      30.297      35.161      40.025      40.956      42.777
    SCC             -0.012       0.024       0.043       0.140       0.237       0.256       0.292

New/Additional Parameters
    R_ICICC          0.124       0.173       0.198       0.329       0.460       0.485       0.534
    R_SCSCC         -1.126      -0.870      -0.739      -0.056       0.627       0.758       1.013
    R_RES_CC         0.007       0.029       0.040       0.100       0.159       0.170       0.193


SAMPLE STATISTICS FOR ESTIMATED FACTOR SCORES


     SAMPLE STATISTICS


           Means
              IC            IC_SE         SC            SC_SE         ICC
              ________      ________      ________      ________      ________
 1              9.678         0.473        -0.036         0.046        10.882


           Means
              ICC_SE        SCC           SCC_SE
              ________      ________      ________
 1              3.302        -0.257         0.348


           Covariances
              IC            IC_SE         SC            SC_SE         ICC
              ________      ________      ________      ________      ________
 IC             0.445
 IC_SE         -0.015         0.011
 SC             0.026        -0.001         0.002
 SC_SE         -0.001         0.001         0.000         0.000
 ICC            1.601        -0.200         0.102        -0.013        28.451
 ICC_SE        -0.126         0.067         0.010         0.006        -3.747
 SCC            0.006         0.003         0.001         0.000        -0.363
 SCC_SE        -0.004         0.002         0.000         0.000        -0.065


           Covariances
              ICC_SE        SCC           SCC_SE
              ________      ________      ________
 ICC_SE         2.794
 SCC            0.091         0.022
 SCC_SE         0.034         0.001         0.001


           Correlations
              IC            IC_SE         SC            SC_SE         ICC
              ________      ________      ________      ________      ________
 IC             1.000
 IC_SE         -0.206         1.000
 SC             0.817        -0.177         1.000
 SC_SE         -0.209         0.939        -0.112         1.000
 ICC            0.450        -0.355         0.395        -0.431         1.000
 ICC_SE        -0.113         0.380         0.127         0.633        -0.420
 SCC            0.060         0.161         0.085         0.233        -0.457
 SCC_SE        -0.201         0.721        -0.083         0.879        -0.435


           Correlations
              ICC_SE        SCC           SCC_SE
              ________      ________      ________
 ICC_SE         1.000
 SCC            0.366         1.000
 SCC_SE         0.730         0.242         1.000


PLOT INFORMATION

The following plots are available:

  Histograms (sample values, estimated factor scores)
  Scatterplots (sample values, estimated factor scores)
  Latent variable distribution plots

SAVEDATA INFORMATION


  Save file
    OCTOfSlopes_ae_block_objectrecog

  Order and format of variables

    C1             F10.3
    C2             F10.3
    C3             F10.3
    C4             F10.3
    C5             F10.3
    CC1            F10.3
    CC2            F10.3
    CC3            F10.3
    CC4            F10.3
    CC5            F10.3
    FEMALE         F10.3
    BAGE           F10.3
    EDUC           F10.3
    TIME1          F10.3
    TIME2          F10.3
    TIME3          F10.3
    TIME4          F10.3
    TIME5          F10.3
    IC             F10.3
    IC_SE          F10.3
    SC             F10.3
    SC_SE          F10.3
    ICC            F10.3
    ICC_SE         F10.3
    SCC            F10.3
    SCC_SE         F10.3
    PAIRID         I6

  Save file format
    26F10.3 I6

  Save file record length    10000


DIAGRAM INFORMATION

  Use View Diagram under the Diagram menu in the Mplus Editor to view the diagram.
  If running Mplus from the Mplus Diagrammer, the diagram opens automatically.

  Diagram output
    c:\users\annie\dropbox\ialsa_cambridge\octo\mirrcg and block\b1_ae_objectrecognition_block.dgm

     Beginning Time:  12:58:34
        Ending Time:  12:59:23
       Elapsed Time:  00:00:49



MUTHEN & MUTHEN
3463 Stoner Ave.
Los Angeles, CA  90066

Tel: (310) 391-9971
Fax: (310) 391-8971
Web: www.StatModel.com
Support: Support@StatModel.com

Copyright (c) 1998-2015 Muthen & Muthen
