Mplus VERSION 7.31
MUTHEN & MUTHEN
11/06/2015  12:37 AM

INPUT INSTRUCTIONS



  TITLE: b1 female aehplus pef codingtask

  DATA:  File = LASAPhysicalCognitiveDescriptives_samesample.dat;

  VARIABLE: Names are
         id diab01_1 mva147_1 mva148_1 mva24_2
           mva31_1 walk04_1 chair1_1 chair2_1
        chair3_1 chair4_1 chair5_1 chair6_1 chair7_1
        chair8_1 walk04_2 chair1_2 chair2_2 chair3_2 chair4_2
        chair5_2 chair6_2 chair7_2 chair8_2 tand2_2
        walk01_3 walk02_3 walk04_3 chair1_3 chair2_3 chair3_3
        chair4_3 chair5_3 chair6_3 chair7_3 chair8_3
        chair9_3 tand2_3 rmpf_3 walk01_4 walk02_4 walk04_4
        chair1_4 chair2_4 chair3_4 chair4_4 chair5_4
        chair6_4 chair7_4 chair8_4 chair9_4 tand2_4 rmpf_4
        walk01_5 walk02_5 walk03_5 walk04_5 chair1_5
        chair2_5 chair3_5 chair4_5 chair5_5 chair6_5 chair7_5
        chair8_5 chair9_5 tand2_5 rmpf_5 walk04_6
        chair7_6 chair8_6 mva124_1 mva125_1 mva126_1 mpeakm_1
        mva124_2 mva125_2 mva126_2 mpeakm_2 mpeak1_3
        mpeak2_3 mpeak3_3 mpeakm_3 mpeakf1_4 mpeakf2_4
        mpeakf3_4 mpeakm_4 med150_2 med616_2 med617_2
        med618_2 med619_2 med616_3 med617_3 med618_3 med619_3
        med150_4 med616_4 med617_4 med618_4 med619_4
        med616_5 med617_5 med618_5 med619_5 med150_6 med616_6
        med617_6 med618_6 med619_6 mpeakf1_6 mpeakf2_6
        mpeakf3_6 mpeakm_6 mmsesc_1 mmsesc_2 mmsesc_3
        mmsesc_4 mmsesc_5 mmsesc_6 craven_1 craven_2
        craven_3 craven_4 mcraven_5 mcraven_6 mvar47_1
        mvar48_1 mvar49_1 mvar47_2 mvar48_2 mvar49_2
        mvar47_3 mvar48_3 mvar49_3 mvar47_4 mvar48_4 mvar49_4
        mvar47_5 mvar48_5 mvar49_5 mvar47_6 mvar48_6 mvar49_6
        mvar51_1 mvar52_1 mvar53_1 mvar54_1 mvar55_1
        mvar56_1 mvar57_1 mvar58_1 mvar59_1 mvar60_1
        mvar61_1 mvar62_1 mvar63_1 mvar64_1 mvar65_1 mvar66_1
        mvar67_1 mvar68_1 mvar69_1 mvar70_1 mvar71_1 mvar72_1
        mvar73_1 mvar74_1 mvar75_1 mvar76_1 mvar77_1
        mvar78_1 mvar79_1 mvar80_1 mvar81_1 mvar82_1
        mvar83_1 mvar84_1 mvar85_1 mvar86_1 mvar87_1 mvar88_1
        mvar89_1 mvar90_1 mvar91_1 mvar92_1 mvar93_1
        mvar94_1 mvar95_1 mvar96_1 mvar97_1 mvar98_1 mvar99_1
        mva175_1 mva176_1 mva177_1 mva178_1 mva179_1
        mva180_1 mva181_1 mva182_1 mva183_1 mva184_1 mva185_1
        mva186_1 mva187_1 mva188_1 mva189_1 mwtdr_2
        mwtt1_3 mwtt2_3 mwtt3_3 mwtdr_3 mwtt1_4 mwtt2_4 mwtt3_4
        mwtdr_4 mwtt1_5 mwtt2_5 mwtt3_5 mwtdr_5 mwtt1_6
        mwtt2_6 mwtt3_6 m15wtr_6 mwtdr_6 mwtt1_1 mwtt2_1
        mwtt3_1 mwtdr_1 mtotal_1 mtmax_1 mdelta_1 mret1p_1
         mret2p_1 mwtt1_2 mwtt2_2 mwtt3_2 mtotal_2
        mtmax_2 mdelta_2 mret1p_2 mret2p_2 mtotal_3
         mtmax_3 mdelta_3 mret1p_3 mret2p_3 mtotal_4 mtmax_4
        mdelta_4 mret1p_4 mret2p_4 mtotal_5 mtmax_5
        mdelta_5 mret1p_5 mret2p_5 mtotal_6 mtmax_6 mdelta_6
        mret1p_6 mret2p_6 cohort sex byear aedu age_0
        days_0 age_1 days_1 mage_1 mdays_1 age_2 days_2
        mage_2 mdays_2 age_3 days_3 mage_3 mdays_3 age_4
        days_4 mage_4 mdays_4 age_5 days_5 mage_5 mdays_5
        age_6 days_6 mage_6 mdays_6 age_7 days_7 mage_7
        mdays_7 deceas lasadata dedate demen_2 demen_3
        demen_4 demen5 b_heart b_cvd c_heart c_cvd d_heart d_cvd
        Cardio time1 time2 time3 time4 time5 time6
        grip2 grip3 grip4 grip5 grip6 code1 code2 code3 code4 code5 code6;

         MISSING is all(-9999, -1, -2, -3, -4, -5);
         USEVAR are  cardio time1 time2 time3 time4 time6
                      p1 p2 p3 p4 p6
                      c1 c2 c3 c4 c6
                     Bage Educ SmokHist heightc
                       diabetes;
         TSCORES =   time1 time2 time3 time4 time6;

         USEOBSERVATIONS are demen_2 NE 1 and
          demen_3 NE 1 and demen_4 NE 1 and
          demen5 NE 1 and sex EQ 2;

  Define: c1=code1;
          c2=code2;
          c3=code3;
          c4=code4;
          !p5=grip5;
          c6=code6;
          p1=mpeakm_1;
          p2=mpeakm_2;
          p3=mpeakm_3;
          p4=mpeakm_4;
          !c5=mpeakf_5;
          p6=mpeakm_6;

         time1=age_1 - age_1;
          time2=age_2 - age_1;
          time3=age_3 - age_1;
          time4=age_4 - age_1;
          time5=age_5 - age_1;
          time6=age_6 - age_1;

          Bage=age_1-70;   !Centered at Age 80
          !Bagesq=(compage1-80)**2;
          !Dage=YTDead;
          female=sex;
          Educ=aedu-7;     ! Centered at 7 years
          !SEP=SESgrp;
          !Marstat;
          Heightc=mva148_1-160;
          !Weight
          !BMI
          SmokHist=mva31_1-1;
          !Alcohol;
          !CompExp;
          !PhysAct;
          !BP;
          !DepSymp;
          Cardio = cardio;
          Diabetes = diab01_1;
          !MorbInd;

          !BageEduc=Bage*Educ;

  ANALYSIS: TYPE = RANDOM;

  MODEL:  ip sp | p1 p2 p3 p4 p6 AT time1 time2 time3 time4 time6;
          ic sc | c1 c2 c3 c4 c6 AT time1 time2 time3 time4 time6;
          ip (v_ip);
          sp (v_sp);
          ic (v_ic);
          sc (v_sc);
          ip WITH sp (c_ipsp);
          ip WITH ic (c_ipic);
          ip WITH sc (c_ipsc);
          sp WITH ic (c_spic);
          sp WITH sc (c_spsc);
          ic WITH sc (c_icsc);

          ip sp ic sc ON Bage Educ heightc  SmokHist cardio diabetes;

          p2 p3 p4 p6 (res_p);
          c2 c3 c4 c6 (res_c);
          p2 p3 p4 p6 pwith c2 c3 c4 c6(res_cov); !Paired covariances constrained to be equa

  MODEL CONSTRAINT:

  !        NEW r_ipsp;
          NEW r_ipic;
  !        NEW r_ipsc;
  !        NEW r_spic;
          NEW r_spsc;
  !        NEW r_icsc;

          NEW r_res_pc;

  !        r_ipsp = c_ipsp/((v_ip**0.5)*(v_sp**0.5));
          r_ipic = c_ipic/((v_ip**0.5)*(v_ic**0.5));
  !        r_ipsc = c_ipsc/((v_ip**0.5)*(v_sc**0.5));
  !        r_spic = c_spic/((v_sp**0.5)*(v_ic**0.5));
          r_spsc = c_spsc/((v_sp**0.5)*(v_sc**0.5));
  !        r_icsc = c_icsc/((v_ic**0.5)*(v_sc**0.5));

          r_res_pc = res_cov/((res_p**0.5)*(res_c**0.5));

  SAVEDATA:
  FILE IS   LASAfSlopes_female_aehplus_pef_codingtask;
  SAVE = FSCORES;

  PLOT:
  TYPE IS PLOT3;

  OUTPUT: sampstat Cinterval;



*** WARNING
  Input line exceeded 90 characters. Some input may be truncated.
          p2 p3 p4 p6 pwith c2 c3 c4 c6(res_cov); !Paired covariances constrained to be equal
*** WARNING
  Data set contains cases with missing on x-variables.
  These cases were not included in the analysis.
  Number of cases with missing on x-variables:  563
   2 WARNING(S) FOUND IN THE INPUT INSTRUCTIONS



b1 female aehplus pef codingtask

SUMMARY OF ANALYSIS

Number of groups                                                 1
Number of observations                                         782

Number of dependent variables                                   10
Number of independent variables                                  6
Number of continuous latent variables                            4

Observed dependent variables

  Continuous
   P1          P2          P3          P4          P6          C1
   C2          C3          C4          C6

Observed independent variables
   CARDIO      BAGE        EDUC        SMOKHIST    HEIGHTC     DIABETES

Continuous latent variables
   IP          SP          IC          SC

Variables with special functions

  Time scores
   TIME1       TIME2       TIME3       TIME4       TIME6


Estimator                                                      MLR
Information matrix                                        OBSERVED
Maximum number of iterations                                   100
Convergence criterion                                    0.100D-05
Maximum number of EM iterations                                500
Convergence criteria for the EM algorithm
  Loglikelihood change                                   0.100D-02
  Relative loglikelihood change                          0.100D-05
  Derivative                                             0.100D-03
Minimum variance                                         0.100D-03
Maximum number of steepest descent iterations                   20
Maximum number of iterations for H1                           2000
Convergence criterion for H1                             0.100D-03
Optimization algorithm                                         EMA

Input data file(s)
  LASAPhysicalCognitiveDescriptives_samesample.dat
Input data format  FREE


SUMMARY OF DATA

     Number of missing data patterns            52


COVARIANCE COVERAGE OF DATA

Minimum covariance coverage value   0.100


     PROPORTION OF DATA PRESENT


           Covariance Coverage
              P1            P2            P3            P4            P6
              ________      ________      ________      ________      ________
 P1             0.996
 P2             0.650         0.652
 P3             0.689         0.533         0.693
 P4             0.723         0.422         0.535         0.723
 P6             0.467         0.242         0.327         0.437         0.467
 C1             0.986         0.643         0.683         0.715         0.465
 C2             0.645         0.638         0.532         0.419         0.243
 C3             0.678         0.522         0.678         0.528         0.325
 C4             0.703         0.404         0.518         0.701         0.435
 C6             0.446         0.225         0.312         0.421         0.440
 CARDIO         0.996         0.652         0.693         0.723         0.467
 BAGE           0.996         0.652         0.693         0.723         0.467
 EDUC           0.996         0.652         0.693         0.723         0.467
 SMOKHIST       0.996         0.652         0.693         0.723         0.467
 HEIGHTC        0.996         0.652         0.693         0.723         0.467
 DIABETES       0.996         0.652         0.693         0.723         0.467


           Covariance Coverage
              C1            C2            C3            C4            C6
              ________      ________      ________      ________      ________
 C1             0.987
 C2             0.639         0.646
 C3             0.674         0.524         0.680
 C4             0.699         0.404         0.517         0.703
 C6             0.445         0.226         0.312         0.422         0.446
 CARDIO         0.987         0.646         0.680         0.703         0.446
 BAGE           0.987         0.646         0.680         0.703         0.446
 EDUC           0.987         0.646         0.680         0.703         0.446
 SMOKHIST       0.987         0.646         0.680         0.703         0.446
 HEIGHTC        0.987         0.646         0.680         0.703         0.446
 DIABETES       0.987         0.646         0.680         0.703         0.446


           Covariance Coverage
              CARDIO        BAGE          EDUC          SMOKHIST      HEIGHTC
              ________      ________      ________      ________      ________
 CARDIO         1.000
 BAGE           1.000         1.000
 EDUC           1.000         1.000         1.000
 SMOKHIST       1.000         1.000         1.000         1.000
 HEIGHTC        1.000         1.000         1.000         1.000         1.000
 DIABETES       1.000         1.000         1.000         1.000         1.000


           Covariance Coverage
              DIABETES
              ________
 DIABETES       1.000


SAMPLE STATISTICS


     ESTIMATED SAMPLE STATISTICS


           Means
              P1            P2            P3            P4            P6
              ________      ________      ________      ________      ________
 1            372.887       355.603       353.964       345.113       297.848


           Means
              C1            C2            C3            C4            C6
              ________      ________      ________      ________      ________
 1             26.330        25.428        24.643        24.050        20.273


           Means
              CARDIO        BAGE          EDUC          SMOKHIST      HEIGHTC
              ________      ________      ________      ________      ________
 1              0.187        -2.322         1.528         0.182         6.116


           Means
              DIABETES
              ________
 1              0.055


           Covariances
              P1            P2            P3            P4            P6
              ________      ________      ________      ________      ________
 P1          7493.323
 P2          5921.930      8406.816
 P3          6332.543      6571.252      9288.578
 P4          6477.095      6358.307      7255.729      9113.694
 P6          7190.078      6839.186      7797.600      8125.915     11586.335
 C1           251.825       212.225       250.293       257.011       331.709
 C2           263.296       244.742       261.670       293.062       381.232
 C3           258.257       234.388       277.561       293.045       363.981
 C4           275.106       256.169       305.687       322.015       395.142
 C6           341.065       292.481       363.371       388.199       502.126
 CARDIO        -5.748        -5.846        -5.390        -7.023        -8.722
 BAGE        -296.753      -282.794      -347.439      -364.007      -476.556
 EDUC          54.661        35.108        40.342        41.357        53.395
 SMOKHIST      -2.206        -3.232        -4.142        -2.772        -2.919
 HEIGHTC      154.263       108.339       132.677       140.078       145.092
 DIABETES      -2.237        -1.172        -1.952        -2.643        -4.355


           Covariances
              C1            C2            C3            C4            C6
              ________      ________      ________      ________      ________
 C1            49.970
 C2            46.909        55.003
 C3            44.912        48.381        53.297
 C4            46.726        49.196        50.517        57.806
 C6            49.772        53.267        53.091        58.394        75.603
 CARDIO        -0.412        -0.606        -0.515        -0.495        -0.663
 BAGE         -23.752       -27.041       -27.369       -30.495       -41.513
 EDUC           9.203         9.383         8.337         8.601         9.337
 SMOKHIST       0.056         0.094         0.033         0.179         0.150
 HEIGHTC        6.870         8.009         8.779         8.963         7.249
 DIABETES      -0.139        -0.223        -0.241        -0.198        -0.335


           Covariances
              CARDIO        BAGE          EDUC          SMOKHIST      HEIGHTC
              ________      ________      ________      ________      ________
 CARDIO         0.152
 BAGE           0.734        61.464
 EDUC          -0.060        -2.747         9.313
 SMOKHIST       0.001        -0.463        -0.004         0.149
 HEIGHTC       -0.079        -6.298         2.504        -0.059        40.663
 DIABETES       0.011         0.262        -0.024         0.002        -0.046


           Covariances
              DIABETES
              ________
 DIABETES       0.052


           Correlations
              P1            P2            P3            P4            P6
              ________      ________      ________      ________      ________
 P1             1.000
 P2             0.746         1.000
 P3             0.759         0.744         1.000
 P4             0.784         0.726         0.789         1.000
 P6             0.772         0.693         0.752         0.791         1.000
 C1             0.412         0.327         0.367         0.381         0.436
 C2             0.410         0.360         0.366         0.414         0.478
 C3             0.409         0.350         0.394         0.420         0.463
 C4             0.418         0.367         0.417         0.444         0.483
 C6             0.453         0.367         0.434         0.468         0.537
 CARDIO        -0.170        -0.164        -0.144        -0.189        -0.208
 BAGE          -0.437        -0.393        -0.460        -0.486        -0.565
 EDUC           0.207         0.125         0.137         0.142         0.163
 SMOKHIST      -0.066        -0.091        -0.111        -0.075        -0.070
 HEIGHTC        0.279         0.185         0.216         0.230         0.211
 DIABETES      -0.113        -0.056        -0.089        -0.121        -0.178


           Correlations
              C1            C2            C3            C4            C6
              ________      ________      ________      ________      ________
 C1             1.000
 C2             0.895         1.000
 C3             0.870         0.894         1.000
 C4             0.869         0.872         0.910         1.000
 C6             0.810         0.826         0.836         0.883         1.000
 CARDIO        -0.150        -0.210        -0.181        -0.167        -0.196
 BAGE          -0.429        -0.465        -0.478        -0.512        -0.609
 EDUC           0.427         0.415         0.374         0.371         0.352
 SMOKHIST       0.020         0.033         0.012         0.061         0.045
 HEIGHTC        0.152         0.169         0.189         0.185         0.131
 DIABETES      -0.086        -0.132        -0.145        -0.114        -0.169


           Correlations
              CARDIO        BAGE          EDUC          SMOKHIST      HEIGHTC
              ________      ________      ________      ________      ________
 CARDIO         1.000
 BAGE           0.240         1.000
 EDUC          -0.051        -0.115         1.000
 SMOKHIST       0.004        -0.153        -0.003         1.000
 HEIGHTC       -0.032        -0.126         0.129        -0.024         1.000
 DIABETES       0.129         0.146        -0.034         0.017        -0.032


           Correlations
              DIABETES
              ________
 DIABETES       1.000


     MAXIMUM LOG-LIKELIHOOD VALUE FOR THE UNRESTRICTED (H1) MODEL IS -30528.477


UNIVARIATE SAMPLE STATISTICS


     UNIVARIATE HIGHER-ORDER MOMENT DESCRIPTIVE STATISTICS

         Variable/         Mean/     Skewness/   Minimum/ % with                Percentiles
        Sample Size      Variance    Kurtosis    Maximum  Min/Max      20%/60%    40%/80%    Median

     P1                  373.119      -0.735      80.000    0.26%     310.000    365.000    390.000
             779.000    7496.303       0.620     620.000    0.13%     400.000    440.000
     P2                  341.382      -0.431      60.000    0.39%     260.000    340.000    350.000
             510.000    8336.177       0.204     700.000    0.20%     370.000    420.000
     P3                  351.220      -0.647      30.000    0.37%     270.000    340.000    360.000
             542.000    8622.813       0.197     550.000    0.18%     390.000    430.000
     P4                  362.425      -0.728      60.000    0.18%     300.000    350.000    370.000
             565.000    7650.581       0.637     600.000    0.18%     390.000    440.000
     P6                  344.027      -0.319      60.000    0.27%     265.000    340.000    350.000
             365.000    7166.246       0.349     670.000    0.27%     370.000    420.000
     C1                   26.434      -0.067       5.333    0.13%      20.333     24.667     26.667
             772.000      49.380      -0.150      50.667    0.13%      28.333     32.667
     C2                   24.253      -0.080       7.333    0.59%      17.667     22.333     24.667
             505.000      52.549      -0.581      42.000    0.20%      26.667     30.333
     C3                   24.652      -0.222       4.667    0.19%      18.667     23.333     25.000
             532.000      47.579      -0.268      42.333    0.19%      26.667     30.667
     C4                   25.565      -0.009       7.000    0.18%      19.333     24.000     25.667
             550.000      48.628      -0.216      46.667    0.18%      27.667     31.667
     C6                   24.466       0.206       9.667    0.29%      17.667     22.333     24.667
             349.000      50.258      -0.496      43.333    0.29%      26.333     30.667
     CARDIO                0.187       1.608       0.000   81.33%       0.000      0.000      0.000
             782.000       0.152       0.586       1.000   18.67%       0.000      0.000
     BAGE                 -2.322       0.363     -15.210    0.13%     -10.020     -5.750     -3.090
             782.000      61.464      -0.866      15.330    0.13%      -0.970      5.460
     EDUC                  1.528       0.922      -2.000   10.49%      -1.000     -1.000      2.000
             782.000       9.313       0.450      11.000    1.66%       2.000      4.000
     SMOKHIST              0.182       1.652       0.000   81.84%       0.000      0.000      0.000
             782.000       0.149       0.729       1.000   18.16%       0.000      0.000
     HEIGHTC               6.116      -0.071     -12.000    0.13%       0.000      5.000      7.000
             782.000      40.663      -0.232      25.000    0.26%       8.000     12.000
     DIABETES              0.055       3.904       0.000   94.50%       0.000      0.000      0.000
             782.000       0.052      13.244       1.000    5.50%       0.000      0.000


THE MODEL ESTIMATION TERMINATED NORMALLY



MODEL FIT INFORMATION

Number of Free Parameters                       43

Loglikelihood

          H0 Value                      -22751.331
          H0 Scaling Correction Factor      1.1828
            for MLR

Information Criteria

          Akaike (AIC)                   45588.663
          Bayesian (BIC)                 45789.123
          Sample-Size Adjusted BIC       45652.576
            (n* = (n + 2) / 24)



MODEL RESULTS

                                                    Two-Tailed
                    Estimate       S.E.  Est./S.E.    P-Value

 IP         ON
    BAGE              -4.473      0.356    -12.549      0.000
    EDUC               3.258      0.862      3.780      0.000
    HEIGHTC            2.596      0.413      6.287      0.000
    SMOKHIST         -29.567      6.870     -4.303      0.000
    CARDIO           -11.906      7.204     -1.653      0.098
    DIABETES          -6.556     12.429     -0.528      0.598

 SP         ON
    BAGE              -0.135      0.030     -4.575      0.000
    EDUC              -0.109      0.062     -1.753      0.080
    HEIGHTC           -0.046      0.030     -1.541      0.123
    SMOKHIST          -0.866      0.473     -1.831      0.067
    CARDIO            -0.062      0.502     -0.124      0.902
    DIABETES          -0.604      1.103     -0.548      0.584

 IC         ON
    BAGE              -0.333      0.028    -12.017      0.000
    EDUC               0.857      0.068     12.640      0.000
    HEIGHTC            0.078      0.033      2.357      0.018
    SMOKHIST          -0.574      0.544     -1.054      0.292
    CARDIO            -0.973      0.544     -1.790      0.073
    DIABETES          -0.692      1.000     -0.692      0.489

 SC         ON
    BAGE              -0.012      0.002     -6.203      0.000
    EDUC              -0.008      0.004     -2.046      0.041
    HEIGHTC            0.000      0.002     -0.060      0.952
    SMOKHIST           0.009      0.033      0.286      0.775
    CARDIO            -0.001      0.038     -0.028      0.978
    DIABETES          -0.134      0.095     -1.405      0.160

 IP       WITH
    SP                 2.607     16.630      0.157      0.875
    IC                81.377     15.544      5.235      0.000
    SC                -0.493      1.034     -0.477      0.633

 SP       WITH
    IC                 0.704      1.110      0.634      0.526
    SC                 0.052      0.068      0.761      0.447

 IC       WITH
    SC                -0.168      0.086     -1.959      0.050

 P2       WITH
    C2                13.019      4.704      2.768      0.006

 P3       WITH
    C3                13.019      4.704      2.768      0.006

 P4       WITH
    C4                13.019      4.704      2.768      0.006

 P6       WITH
    C6                13.019      4.704      2.768      0.006

 Intercepts
    P1                 0.000      0.000    999.000    999.000
    P2                 0.000      0.000    999.000    999.000
    P3                 0.000      0.000    999.000    999.000
    P4                 0.000      0.000    999.000    999.000
    P6                 0.000      0.000    999.000    999.000
    C1                 0.000      0.000    999.000    999.000
    C2                 0.000      0.000    999.000    999.000
    C3                 0.000      0.000    999.000    999.000
    C4                 0.000      0.000    999.000    999.000
    C6                 0.000      0.000    999.000    999.000
    IP               350.582      4.457     78.662      0.000
    SP                -3.577      0.360     -9.949      0.000
    IC                24.215      0.352     68.808      0.000
    SC                -0.329      0.023    -14.597      0.000

 Residual Variances
    P1              1430.271    189.262      7.557      0.000
    P2              2320.454    188.220     12.328      0.000
    P3              2320.454    188.220     12.328      0.000
    P4              2320.454    188.220     12.328      0.000
    P6              2320.454    188.220     12.328      0.000
    C1                 4.777      0.584      8.180      0.000
    C2                 6.299      0.325     19.365      0.000
    C3                 6.299      0.325     19.365      0.000
    C4                 6.299      0.325     19.365      0.000
    C6                 6.299      0.325     19.365      0.000
    IP              4097.197    274.703     14.915      0.000
    SP                 1.914      1.518      1.261      0.207
    IC                29.256      1.542     18.977      0.000
    SC                 0.039      0.007      5.219      0.000

New/Additional Parameters
    R_IPIC             0.235      0.044      5.401      0.000
    R_SPSC             0.191      0.233      0.817      0.414
    R_RES_PC           0.108      0.038      2.835      0.005


QUALITY OF NUMERICAL RESULTS

     Condition Number for the Information Matrix              0.148E-07
       (ratio of smallest to largest eigenvalue)


CONFIDENCE INTERVALS OF MODEL RESULTS

                  Lower .5%  Lower 2.5%    Lower 5%    Estimate    Upper 5%  Upper 2.5%   Upper .5%

 IP       ON
    BAGE            -5.392      -5.172      -5.060      -4.473      -3.887      -3.775      -3.555
    EDUC             1.038       1.569       1.840       3.258       4.675       4.947       5.477
    HEIGHTC          1.532       1.786       1.916       2.596       3.275       3.405       3.659
    SMOKHIST       -47.263     -43.033     -40.868     -29.567     -18.265     -16.101     -11.870
    CARDIO         -30.463     -26.026     -23.757     -11.906      -0.055       2.214       6.650
    DIABETES       -38.570     -30.916     -27.001      -6.556      13.889      17.804      25.457

 SP       ON
    BAGE            -0.212      -0.193      -0.184      -0.135      -0.087      -0.077      -0.059
    EDUC            -0.269      -0.231      -0.211      -0.109      -0.007       0.013       0.051
    HEIGHTC         -0.123      -0.104      -0.095      -0.046       0.003       0.012       0.031
    SMOKHIST        -2.084      -1.793      -1.644      -0.866      -0.088       0.061       0.352
    CARDIO          -1.354      -1.045      -0.887      -0.062       0.763       0.921       1.230
    DIABETES        -3.446      -2.766      -2.419      -0.604       1.211       1.558       2.238

 IC       ON
    BAGE            -0.405      -0.387      -0.379      -0.333      -0.288      -0.279      -0.262
    EDUC             0.683       0.724       0.746       0.857       0.969       0.990       1.032
    HEIGHTC         -0.007       0.013       0.024       0.078       0.133       0.143       0.163
    SMOKHIST        -1.975      -1.640      -1.469      -0.574       0.321       0.493       0.828
    CARDIO          -2.374      -2.039      -1.868      -0.973      -0.079       0.093       0.427
    DIABETES        -3.269      -2.653      -2.338      -0.692       0.953       1.268       1.884

 SC       ON
    BAGE            -0.017      -0.016      -0.016      -0.012      -0.009      -0.008      -0.007
    EDUC            -0.019      -0.016      -0.015      -0.008      -0.002       0.000       0.002
    HEIGHTC         -0.006      -0.004      -0.004       0.000       0.003       0.004       0.005
    SMOKHIST        -0.075      -0.055      -0.044       0.009       0.063       0.073       0.093
    CARDIO          -0.100      -0.076      -0.064      -0.001       0.062       0.074       0.098
    DIABETES        -0.378      -0.320      -0.290      -0.134       0.023       0.053       0.111

 IP       WITH
    SP             -40.228     -29.987     -24.749       2.607      29.963      35.201      45.442
    IC              41.337      50.909      55.806      81.377     106.947     111.844     121.416
    SC              -3.156      -2.520      -2.194      -0.493       1.208       1.534       2.170

 SP       WITH
    IC              -2.155      -1.472      -1.122       0.704       2.531       2.880       3.564
    SC              -0.124      -0.082      -0.060       0.052       0.164       0.185       0.227

 IC       WITH
    SC              -0.389      -0.336      -0.309      -0.168      -0.027       0.000       0.053

 P2       WITH
    C2               0.902       3.799       5.281      13.019      20.757      22.239      25.135

 P3       WITH
    C3               0.902       3.799       5.281      13.019      20.757      22.239      25.135

 P4       WITH
    C4               0.902       3.799       5.281      13.019      20.757      22.239      25.135

 P6       WITH
    C6               0.902       3.799       5.281      13.019      20.757      22.239      25.135

 Intercepts
    P1               0.000       0.000       0.000       0.000       0.000       0.000       0.000
    P2               0.000       0.000       0.000       0.000       0.000       0.000       0.000
    P3               0.000       0.000       0.000       0.000       0.000       0.000       0.000
    P4               0.000       0.000       0.000       0.000       0.000       0.000       0.000
    P6               0.000       0.000       0.000       0.000       0.000       0.000       0.000
    C1               0.000       0.000       0.000       0.000       0.000       0.000       0.000
    C2               0.000       0.000       0.000       0.000       0.000       0.000       0.000
    C3               0.000       0.000       0.000       0.000       0.000       0.000       0.000
    C4               0.000       0.000       0.000       0.000       0.000       0.000       0.000
    C6               0.000       0.000       0.000       0.000       0.000       0.000       0.000
    IP             339.102     341.846     343.250     350.582     357.913     359.317     362.062
    SP              -4.504      -4.282      -4.169      -3.577      -2.986      -2.873      -2.651
    IC              23.309      23.525      23.636      24.215      24.794      24.905      25.121
    SC              -0.387      -0.373      -0.366      -0.329      -0.292      -0.285      -0.271

 Residual Variances
    P1             942.771    1059.319    1118.936    1430.271    1741.607    1801.224    1917.771
    P2            1835.637    1951.543    2010.832    2320.454    2630.077    2689.366    2805.272
    P3            1835.637    1951.543    2010.832    2320.454    2630.077    2689.366    2805.272
    P4            1835.637    1951.543    2010.832    2320.454    2630.077    2689.366    2805.272
    P6            1835.637    1951.543    2010.832    2320.454    2630.077    2689.366    2805.272
    C1               3.273       3.633       3.817       4.777       5.738       5.922       6.282
    C2               5.461       5.661       5.764       6.299       6.834       6.936       7.137
    C3               5.461       5.661       5.764       6.299       6.834       6.936       7.137
    C4               5.461       5.661       5.764       6.299       6.834       6.936       7.137
    C6               5.461       5.661       5.764       6.299       6.834       6.936       7.137
    IP            3389.618    3558.780    3645.311    4097.197    4549.083    4635.614    4804.775
    SP              -1.996      -1.061      -0.583       1.914       4.412       4.890       5.825
    IC              25.285      26.235      26.720      29.256      31.793      32.278      33.228
    SC               0.020       0.024       0.026       0.039       0.051       0.053       0.058

New/Additional Parameters
    R_IPIC           0.123       0.150       0.163       0.235       0.307       0.320       0.347
    R_SPSC          -0.411      -0.267      -0.193       0.191       0.575       0.648       0.792
    R_RES_PC         0.010       0.033       0.045       0.108       0.170       0.182       0.206


SAMPLE STATISTICS FOR ESTIMATED FACTOR SCORES


     SAMPLE STATISTICS


           Means
              IP            IP_SE         SP            SP_SE         IC
              ________      ________      ________      ________      ________
 1            373.871        23.249        -3.913         1.311        26.452


           Means
              IC_SE         SC            SC_SE
              ________      ________      ________
 1              1.523        -0.320         0.162


           Covariances
              IP            IP_SE         SP            SP_SE         IC
              ________      ________      ________      ________      ________
 IP          5571.921
 IP_SE        -22.067         5.804
 SP            40.887        -0.031         1.449
 SP_SE         -1.340         0.055        -0.022         0.002
 IC           240.158        -1.918         2.763        -0.111        43.830
 IC_SE         -0.136         0.299         0.018         0.001        -0.068
 SC             3.064         0.007         0.123        -0.002         0.188
 SC_SE         -0.681         0.027        -0.011         0.001        -0.058


           Covariances
              IC_SE         SC            SC_SE
              ________      ________      ________
 IC_SE          0.061
 SC             0.003         0.023
 SC_SE          0.001        -0.001         0.000


           Correlations
              IP            IP_SE         SP            SP_SE         IC
              ________      ________      ________      ________      ________
 IP             1.000
 IP_SE         -0.123         1.000
 SP             0.455        -0.011         1.000
 SP_SE         -0.426         0.545        -0.440         1.000
 IC             0.486        -0.120         0.347        -0.398         1.000
 IC_SE         -0.007         0.503         0.060         0.116        -0.041
 SC             0.270         0.020         0.670        -0.329         0.187
 SC_SE         -0.431         0.526        -0.450         0.951        -0.414


           Correlations
              IC_SE         SC            SC_SE
              ________      ________      ________
 IC_SE          1.000
 SC             0.088         1.000
 SC_SE          0.175        -0.328         1.000


PLOT INFORMATION

The following plots are available:

  Histograms (sample values, estimated factor scores)
  Scatterplots (sample values, estimated factor scores)
  Latent variable distribution plots

SAVEDATA INFORMATION


  Save file
    LASAfSlopes_female_aehplus_pef_codingtask

  Order and format of variables

    P1             F10.3
    P2             F10.3
    P3             F10.3
    P4             F10.3
    P6             F10.3
    C1             F10.3
    C2             F10.3
    C3             F10.3
    C4             F10.3
    C6             F10.3
    CARDIO         F10.3
    BAGE           F10.3
    EDUC           F10.3
    SMOKHIST       F10.3
    HEIGHTC        F10.3
    DIABETES       F10.3
    TIME1          F10.3
    TIME2          F10.3
    TIME3          F10.3
    TIME4          F10.3
    TIME6          F10.3
    IP             F10.3
    IP_SE          F10.3
    SP             F10.3
    SP_SE          F10.3
    IC             F10.3
    IC_SE          F10.3
    SC             F10.3
    SC_SE          F10.3

  Save file format
    29F10.3

  Save file record length    10000


DIAGRAM INFORMATION

  Use View Diagram under the Diagram menu in the Mplus Editor to view the diagram.
  If running Mplus from the Mplus Diagrammer, the diagram opens automatically.

  Diagram output
    c:\users\annie\dropbox\ialsa_cambridge\lasa phy-cog\b1_female_aehplus_pef_codingtask.dgm

     Beginning Time:  00:37:39
        Ending Time:  00:37:59
       Elapsed Time:  00:00:20



MUTHEN & MUTHEN
3463 Stoner Ave.
Los Angeles, CA  90066

Tel: (310) 391-9971
Fax: (310) 391-8971
Web: www.StatModel.com
Support: Support@StatModel.com

Copyright (c) 1998-2015 Muthen & Muthen
