Mplus VERSION 7.31
MUTHEN & MUTHEN
11/06/2015   1:11 AM

INPUT INSTRUCTIONS



  TITLE: b1 male aehplus grip raven

  DATA:  File = LASAPhysicalCognitiveDescriptives_samesample.dat;

  VARIABLE: Names are
        id diab01_1 mva147_1 mva148_1 mva24_2
           mva31_1 walk04_1 chair1_1 chair2_1
        chair3_1 chair4_1 chair5_1 chair6_1 chair7_1
        chair8_1 walk04_2 chair1_2 chair2_2 chair3_2 chair4_2
        chair5_2 chair6_2 chair7_2 chair8_2 tand2_2
        walk01_3 walk02_3 walk04_3 chair1_3 chair2_3 chair3_3
        chair4_3 chair5_3 chair6_3 chair7_3 chair8_3
        chair9_3 tand2_3 rmpf_3 walk01_4 walk02_4 walk04_4
        chair1_4 chair2_4 chair3_4 chair4_4 chair5_4
        chair6_4 chair7_4 chair8_4 chair9_4 tand2_4 rmpf_4
        walk01_5 walk02_5 walk03_5 walk04_5 chair1_5
        chair2_5 chair3_5 chair4_5 chair5_5 chair6_5 chair7_5
        chair8_5 chair9_5 tand2_5 rmpf_5 walk04_6
        chair7_6 chair8_6 mva124_1 mva125_1 mva126_1 mpeakm_1
        mva124_2 mva125_2 mva126_2 mpeakm_2 mpeak1_3
        mpeak2_3 mpeak3_3 mpeakm_3 mpeakf1_4 mpeakf2_4
        mpeakf3_4 mpeakm_4 med150_2 med616_2 med617_2
        med618_2 med619_2 med616_3 med617_3 med618_3 med619_3
        med150_4 med616_4 med617_4 med618_4 med619_4
        med616_5 med617_5 med618_5 med619_5 med150_6 med616_6
        med617_6 med618_6 med619_6 mpeakf1_6 mpeakf2_6
        mpeakf3_6 mpeakm_6 mmsesc_1 mmsesc_2 mmsesc_3
        mmsesc_4 mmsesc_5 mmsesc_6 craven_1 craven_2
        craven_3 craven_4 mcraven_5 mcraven_6 mvar47_1
        mvar48_1 mvar49_1 mvar47_2 mvar48_2 mvar49_2
        mvar47_3 mvar48_3 mvar49_3 mvar47_4 mvar48_4 mvar49_4
        mvar47_5 mvar48_5 mvar49_5 mvar47_6 mvar48_6 mvar49_6
        mvar51_1 mvar52_1 mvar53_1 mvar54_1 mvar55_1
        mvar56_1 mvar57_1 mvar58_1 mvar59_1 mvar60_1
        mvar61_1 mvar62_1 mvar63_1 mvar64_1 mvar65_1 mvar66_1
        mvar67_1 mvar68_1 mvar69_1 mvar70_1 mvar71_1 mvar72_1
        mvar73_1 mvar74_1 mvar75_1 mvar76_1 mvar77_1
        mvar78_1 mvar79_1 mvar80_1 mvar81_1 mvar82_1
        mvar83_1 mvar84_1 mvar85_1 mvar86_1 mvar87_1 mvar88_1
        mvar89_1 mvar90_1 mvar91_1 mvar92_1 mvar93_1
        mvar94_1 mvar95_1 mvar96_1 mvar97_1 mvar98_1 mvar99_1
        mva175_1 mva176_1 mva177_1 mva178_1 mva179_1
        mva180_1 mva181_1 mva182_1 mva183_1 mva184_1 mva185_1
        mva186_1 mva187_1 mva188_1 mva189_1 mwtdr_2
        mwtt1_3 mwtt2_3 mwtt3_3 mwtdr_3 mwtt1_4 mwtt2_4 mwtt3_4
        mwtdr_4 mwtt1_5 mwtt2_5 mwtt3_5 mwtdr_5 mwtt1_6
        mwtt2_6 mwtt3_6 m15wtr_6 mwtdr_6 mwtt1_1 mwtt2_1
        mwtt3_1 mwtdr_1 mtotal_1 mtmax_1 mdelta_1 mret1p_1
         mret2p_1 mwtt1_2 mwtt2_2 mwtt3_2 mtotal_2
        mtmax_2 mdelta_2 mret1p_2 mret2p_2 mtotal_3
         mtmax_3 mdelta_3 mret1p_3 mret2p_3 mtotal_4 mtmax_4
        mdelta_4 mret1p_4 mret2p_4 mtotal_5 mtmax_5
        mdelta_5 mret1p_5 mret2p_5 mtotal_6 mtmax_6 mdelta_6
        mret1p_6 mret2p_6 cohort sex byear aedu age_0
        days_0 age_1 days_1 mage_1 mdays_1 age_2 days_2
        mage_2 mdays_2 age_3 days_3 mage_3 mdays_3 age_4
        days_4 mage_4 mdays_4 age_5 days_5 mage_5 mdays_5
        age_6 days_6 mage_6 mdays_6 age_7 days_7 mage_7
        mdays_7 deceas lasadata dedate demen_2 demen_3
        demen_4 demen5 b_heart b_cvd c_heart c_cvd d_heart d_cvd
        Cardio time1 time2 time3 time4 time5 time6
        grip2 grip3 grip4 grip5 grip6 code1 code2 code3 code4 code5 code6;

         MISSING is all(-9999, -1, -2, -3, -4, -5);
         USEVAR are  cardio time2 time3 time4 time5 time6
                      p2 p3 p4 p5 p6
                      c2 c3 c4 c5 c6
                     Bage Educ SmokHist heightc
                       diabetes;
         TSCORES =   time2 time3 time4 time5 time6;

         USEOBSERVATIONS are demen_2 NE 1 and
          demen_3 NE 1 and demen_4 NE 1 and
          demen5 NE 1 and sex EQ 1;

  Define:
          p2=grip2;
          p3=grip3;
          p4=grip4;
          p5=grip5;
          p6=grip6;
          !c1=walk04_1;
          c1=craven_1;
          c2=craven_2;
          c3=craven_3;
          c4=craven_4;
          c5=mcraven_5;
          c6=mcraven_6;

          time1=age_1 - age_1;
          time2=age_2 - age_1;
          time3=age_3 - age_1;
          time4=age_4 - age_1;
          time5=age_5 - age_1;
          time6=age_6 - age_1;

          Bage=age_1-70;   !Centered at Age 80
          !Bagesq=(compage1-80)**2;
          !Dage=YTDead;
          female=sex;
          Educ=aedu-7;     ! Centered at 7 years
          !SEP=SESgrp;
          !Marstat;
          Heightc=mva148_1-172;
          !Weight
          !BMI
          SmokHist=mva31_1-1;
          !Alcohol;
          !CompExp;
          !PhysAct;
          !BP;
          !DepSymp;
          Cardio = cardio;
          Diabetes = diab01_1;
          !MorbInd;

          !BageEduc=Bage*Educ;

  ANALYSIS: TYPE = RANDOM;

  MODEL:  ip sp | p2 p3 p4 p5 p6 AT time2 time3 time4 time5 time6;
          ic sc | c2 c3 c4 c5 c6 AT time2 time3 time4 time5 time6;
          ip (v_ip);
          sp (v_sp);
          ic (v_ic);
          sc (v_sc);
          ip WITH sp (c_ipsp);
          ip WITH ic (c_ipic);
          ip WITH sc (c_ipsc);
          sp WITH ic (c_spic);
          sp WITH sc (c_spsc);
          ic WITH sc (c_icsc);

          ip sp ic sc ON Bage Educ heightc  SmokHist cardio diabetes;

          p2 p3 p4 p5 p6 (res_p);
          c2 c3 c4 c5 c6 (res_c);
          p2 p3 p4 p5 p6 pwith c2 c3 c4 c5 c6(res_cov); !Paired covariances constrained to b

  MODEL CONSTRAINT:

  !        NEW r_ipsp;
          NEW r_ipic;
  !        NEW r_ipsc;
  !        NEW r_spic;
          NEW r_spsc;
  !        NEW r_icsc;

          NEW r_res_pc;

  !        r_ipsp = c_ipsp/((v_ip**0.5)*(v_sp**0.5));
          r_ipic = c_ipic/((v_ip**0.5)*(v_ic**0.5));
  !        r_ipsc = c_ipsc/((v_ip**0.5)*(v_sc**0.5));
  !        r_spic = c_spic/((v_sp**0.5)*(v_ic**0.5));
          r_spsc = c_spsc/((v_sp**0.5)*(v_sc**0.5));
  !        r_icsc = c_icsc/((v_ic**0.5)*(v_sc**0.5));

          r_res_pc = res_cov/((res_p**0.5)*(res_c**0.5));

  SAVEDATA:
  FILE IS LASAfSlopes_male_aehplus_grip_raven;
  SAVE = FSCORES;
  PLOT:
   TYPE IS PLOT3;

  OUTPUT: sampstat Cinterval;



*** WARNING
  Input line exceeded 90 characters. Some input may be truncated.
          p2 p3 p4 p5 p6 pwith c2 c3 c4 c5 c6(res_cov); !Paired covariances constrained to be
*** WARNING
  Data set contains cases with missing on x-variables.
  These cases were not included in the analysis.
  Number of cases with missing on x-variables:  434
   2 WARNING(S) FOUND IN THE INPUT INSTRUCTIONS



b1 male aehplus grip raven

SUMMARY OF ANALYSIS

Number of groups                                                 1
Number of observations                                         800

Number of dependent variables                                   10
Number of independent variables                                  6
Number of continuous latent variables                            4

Observed dependent variables

  Continuous
   P2          P3          P4          P5          P6          C2
   C3          C4          C5          C6

Observed independent variables
   CARDIO      BAGE        EDUC        SMOKHIST    HEIGHTC     DIABETES

Continuous latent variables
   IP          SP          IC          SC

Variables with special functions

  Time scores
   TIME2       TIME3       TIME4       TIME5       TIME6


Estimator                                                      MLR
Information matrix                                        OBSERVED
Maximum number of iterations                                   100
Convergence criterion                                    0.100D-05
Maximum number of EM iterations                                500
Convergence criteria for the EM algorithm
  Loglikelihood change                                   0.100D-02
  Relative loglikelihood change                          0.100D-05
  Derivative                                             0.100D-03
Minimum variance                                         0.100D-03
Maximum number of steepest descent iterations                   20
Maximum number of iterations for H1                           2000
Convergence criterion for H1                             0.100D-03
Optimization algorithm                                         EMA

Input data file(s)
  LASAPhysicalCognitiveDescriptives_samesample.dat
Input data format  FREE


SUMMARY OF DATA

     Number of missing data patterns            68


COVARIANCE COVERAGE OF DATA

Minimum covariance coverage value   0.100


     PROPORTION OF DATA PRESENT


           Covariance Coverage
              P2            P3            P4            P5            P6
              ________      ________      ________      ________      ________
 P2             0.708
 P3             0.517         0.623
 P4             0.370         0.441         0.625
 P5             0.239         0.300         0.427         0.455
 P6             0.171         0.229         0.336         0.341         0.356
 C2             0.693         0.604         0.613         0.453         0.354
 C3             0.524         0.601         0.610         0.450         0.354
 C4             0.371         0.445         0.620         0.436         0.341
 C5             0.234         0.295         0.424         0.438         0.341
 C6             0.170         0.228         0.334         0.341         0.341
 CARDIO         0.708         0.623         0.625         0.455         0.356
 BAGE           0.708         0.623         0.625         0.455         0.356
 EDUC           0.708         0.623         0.625         0.455         0.356
 SMOKHIST       0.708         0.623         0.625         0.455         0.356
 HEIGHTC        0.708         0.623         0.625         0.455         0.356
 DIABETES       0.708         0.623         0.625         0.455         0.356


           Covariance Coverage
              C2            C3            C4            C5            C6
              ________      ________      ________      ________      ________
 C2             0.975
 C3             0.795         0.806
 C4             0.621         0.619         0.632
 C5             0.450         0.448         0.432         0.450
 C6             0.351         0.351         0.339         0.345         0.354
 CARDIO         0.975         0.806         0.632         0.450         0.354
 BAGE           0.975         0.806         0.632         0.450         0.354
 EDUC           0.975         0.806         0.632         0.450         0.354
 SMOKHIST       0.975         0.806         0.632         0.450         0.354
 HEIGHTC        0.975         0.806         0.632         0.450         0.354
 DIABETES       0.975         0.806         0.632         0.450         0.354


           Covariance Coverage
              CARDIO        BAGE          EDUC          SMOKHIST      HEIGHTC
              ________      ________      ________      ________      ________
 CARDIO         1.000
 BAGE           1.000         1.000
 EDUC           1.000         1.000         1.000
 SMOKHIST       1.000         1.000         1.000         1.000
 HEIGHTC        1.000         1.000         1.000         1.000         1.000
 DIABETES       1.000         1.000         1.000         1.000         1.000


           Covariance Coverage
              DIABETES
              ________
 DIABETES       1.000


SAMPLE STATISTICS


     ESTIMATED SAMPLE STATISTICS


           Means
              P2            P3            P4            P5            P6
              ________      ________      ________      ________      ________
 1             36.423        32.280        31.691        30.111        28.195


           Means
              C2            C3            C4            C5            C6
              ________      ________      ________      ________      ________
 1             18.592        17.953        17.698        16.998        16.458


           Means
              CARDIO        BAGE          EDUC          SMOKHIST      HEIGHTC
              ________      ________      ________      ________      ________
 1              0.302        -1.357         3.066         0.311         4.445


           Means
              DIABETES
              ________
 1              0.051


           Covariances
              P2            P3            P4            P5            P6
              ________      ________      ________      ________      ________
 P2            71.444
 P3            64.620       101.074
 P4            64.037        77.777       101.042
 P5            59.143        71.360        74.342        96.481
 P6            58.657        73.602        74.219        86.525        94.021
 C2            10.977        12.090        12.132        15.221        13.003
 C3            12.405        14.242        13.001        15.669        14.299
 C4            11.206        12.254        11.967        15.104        12.965
 C5             9.418         9.747        11.376        17.377        14.058
 C6             9.380        10.715        11.576        17.792        15.831
 CARDIO        -0.322        -0.300        -0.485        -0.548        -0.573
 BAGE         -37.122       -42.228       -45.886       -55.577       -54.764
 EDUC           1.805         3.419         1.026         4.411         4.047
 SMOKHIST       0.278         0.053         0.012         0.173         0.011
 HEIGHTC       15.758        17.039        13.882        16.472        17.245
 DIABETES      -0.240        -0.288        -0.329        -0.402        -0.457


           Covariances
              C2            C3            C4            C5            C6
              ________      ________      ________      ________      ________
 C2            15.369
 C3            11.580        16.626
 C4            11.588        12.766        16.258
 C5            11.536        13.308        13.123        18.603
 C6            10.971        12.014        12.343        14.256        17.511
 CARDIO        -0.280        -0.281        -0.305        -0.374        -0.201
 BAGE         -14.280       -16.808       -15.381       -18.059       -15.931
 EDUC           5.163         5.133         5.487         5.389         4.511
 SMOKHIST       0.038         0.012         0.018        -0.001        -0.012
 HEIGHTC        6.443         4.645         5.203         5.821         7.454
 DIABETES      -0.118        -0.080        -0.095        -0.134        -0.148


           Covariances
              CARDIO        BAGE          EDUC          SMOKHIST      HEIGHTC
              ________      ________      ________      ________      ________
 CARDIO         0.211
 BAGE           0.610        68.214
 EDUC          -0.141        -3.747        11.797
 SMOKHIST       0.005        -0.342        -0.032         0.214
 HEIGHTC       -0.086        -7.781         4.069        -0.030        52.014
 DIABETES       0.012         0.161        -0.006         0.000        -0.040


           Covariances
              DIABETES
              ________
 DIABETES       0.049


           Correlations
              P2            P3            P4            P5            P6
              ________      ________      ________      ________      ________
 P2             1.000
 P3             0.760         1.000
 P4             0.754         0.770         1.000
 P5             0.712         0.723         0.753         1.000
 P6             0.716         0.755         0.761         0.908         1.000
 C2             0.331         0.307         0.308         0.395         0.342
 C3             0.360         0.347         0.317         0.391         0.362
 C4             0.329         0.302         0.295         0.381         0.332
 C5             0.258         0.225         0.262         0.410         0.336
 C6             0.265         0.255         0.275         0.433         0.390
 CARDIO        -0.083        -0.065        -0.105        -0.121        -0.129
 BAGE          -0.532        -0.509        -0.553        -0.685        -0.684
 EDUC           0.062         0.099         0.030         0.131         0.122
 SMOKHIST       0.071         0.011         0.003         0.038         0.003
 HEIGHTC        0.258         0.235         0.191         0.233         0.247
 DIABETES      -0.129        -0.130        -0.148        -0.186        -0.214


           Correlations
              C2            C3            C4            C5            C6
              ________      ________      ________      ________      ________
 C2             1.000
 C3             0.724         1.000
 C4             0.733         0.776         1.000
 C5             0.682         0.757         0.755         1.000
 C6             0.669         0.704         0.731         0.790         1.000
 CARDIO        -0.155        -0.150        -0.165        -0.189        -0.104
 BAGE          -0.441        -0.499        -0.462        -0.507        -0.461
 EDUC           0.383         0.367         0.396         0.364         0.314
 SMOKHIST       0.021         0.006         0.010         0.000        -0.006
 HEIGHTC        0.228         0.158         0.179         0.187         0.247
 DIABETES      -0.136        -0.089        -0.107        -0.141        -0.161


           Correlations
              CARDIO        BAGE          EDUC          SMOKHIST      HEIGHTC
              ________      ________      ________      ________      ________
 CARDIO         1.000
 BAGE           0.161         1.000
 EDUC          -0.090        -0.132         1.000
 SMOKHIST       0.022        -0.090        -0.020         1.000
 HEIGHTC       -0.026        -0.131         0.164        -0.009         1.000
 DIABETES       0.118         0.088        -0.008         0.003        -0.025


           Correlations
              DIABETES
              ________
 DIABETES       1.000


     MAXIMUM LOG-LIKELIHOOD VALUE FOR THE UNRESTRICTED (H1) MODEL IS -21816.351


UNIVARIATE SAMPLE STATISTICS


     UNIVARIATE HIGHER-ORDER MOMENT DESCRIPTIVE STATISTICS

         Variable/         Mean/     Skewness/   Minimum/ % with                Percentiles
        Sample Size      Variance    Kurtosis    Maximum  Min/Max      20%/60%    40%/80%    Median

     P2                   34.581      -0.129       7.000    0.18%      27.500     33.250     35.000
             566.000      65.379       0.219      66.000    0.18%      37.000     41.000
     P3                   32.013      -0.244       6.000    0.40%      23.500     30.500     32.500
             498.000      93.483      -0.055      61.250    0.20%      35.000     40.000
     P4                   34.334      -0.392       4.875    0.20%      27.000     32.250     35.250
             500.000      84.698       0.114      58.750    0.20%      37.375     42.000
     P5                   34.547      -0.426       3.000    0.27%      28.000     32.750     34.875
             364.000      68.538       0.428      55.000    0.27%      37.500     41.750
     P6                   33.560      -0.178      11.250    0.35%      26.250     31.250     34.000
             285.000      59.612      -0.399      51.000    0.35%      36.250     40.250
     C2                   18.605      -0.646       4.000    0.13%      15.000     18.000     19.000
             780.000      15.429      -0.224      24.000    8.08%      20.000     22.000
     C3                   18.495      -0.698       5.000    0.31%      15.000     18.000     19.000
             645.000      14.988       0.009      24.000    4.81%      20.000     22.000
     C4                   18.686      -0.860       3.000    0.20%      16.000     18.000     19.000
             506.000      13.409       0.991      24.000    5.53%      20.000     22.000
     C5                   18.703      -0.806       5.000    0.28%      16.000     18.000     19.000
             360.000      13.376       0.314      24.000    4.44%      20.000     22.000
     C6                   18.251      -0.563       8.000    0.71%      15.000     18.000     19.000
             283.000      12.676      -0.154      24.000    3.18%      20.000     21.000
     CARDIO                0.302       0.860       0.000   69.75%       0.000      0.000      0.000
             800.000       0.211      -1.261       1.000   30.25%       0.000      1.000
     BAGE                 -1.357       0.197     -15.110    0.12%      -9.700     -4.790     -2.155
             800.000      68.214      -1.092      15.230    0.12%       0.570      7.290
     EDUC                  3.066       0.560      -2.000    4.50%      -1.000      2.000      3.000
             800.000      11.797      -0.333      11.000    4.75%       4.000      5.000
     SMOKHIST              0.311       0.815       0.000   68.88%       0.000      0.000      0.000
             800.000       0.214      -1.335       1.000   31.13%       0.000      1.000
     HEIGHTC               4.445       0.193     -22.000    0.12%      -1.000      2.000      4.000
             800.000      52.014       0.403      28.000    0.12%       6.000     10.000
     DIABETES              0.051       4.070       0.000   94.88%       0.000      0.000      0.000
             800.000       0.049      14.566       1.000    5.12%       0.000      0.000


THE MODEL ESTIMATION TERMINATED NORMALLY



MODEL FIT INFORMATION

Number of Free Parameters                       41

Loglikelihood

          H0 Value                      -13391.005
          H0 Scaling Correction Factor      1.1139
            for MLR

Information Criteria

          Akaike (AIC)                   26864.010
          Bayesian (BIC)                 27056.079
          Sample-Size Adjusted BIC       26925.881
            (n* = (n + 2) / 24)



MODEL RESULTS

                                                    Two-Tailed
                    Estimate       S.E.  Est./S.E.    P-Value

 IP         ON
    BAGE              -0.358      0.046     -7.855      0.000
    EDUC              -0.133      0.097     -1.374      0.169
    HEIGHTC            0.236      0.048      4.942      0.000
    SMOKHIST           0.621      0.720      0.863      0.388
    CARDIO             0.561      0.724      0.775      0.438
    DIABETES          -2.112      1.604     -1.317      0.188

 SP         ON
    BAGE              -0.033      0.004     -8.047      0.000
    EDUC               0.011      0.008      1.320      0.187
    HEIGHTC           -0.003      0.004     -0.906      0.365
    SMOKHIST          -0.117      0.059     -1.985      0.047
    CARDIO            -0.052      0.062     -0.832      0.405
    DIABETES          -0.287      0.121     -2.368      0.018

 IC         ON
    BAGE              -0.175      0.018     -9.910      0.000
    EDUC               0.367      0.036     10.212      0.000
    HEIGHTC            0.048      0.018      2.756      0.006
    SMOKHIST          -0.016      0.283     -0.058      0.954
    CARDIO            -0.486      0.294     -1.652      0.099
    DIABETES          -1.118      0.607     -1.842      0.065

 SC         ON
    BAGE              -0.003      0.002     -1.705      0.088
    EDUC              -0.002      0.003     -0.655      0.513
    HEIGHTC            0.000      0.002      0.217      0.829
    SMOKHIST          -0.020      0.027     -0.728      0.467
    CARDIO             0.003      0.028      0.112      0.911
    DIABETES          -0.048      0.051     -0.941      0.347

 IP       WITH
    SP                -0.385      0.379     -1.017      0.309
    IC                 4.018      1.195      3.361      0.001
    SC                -0.296      0.108     -2.750      0.006

 SP       WITH
    IC                -0.213      0.096     -2.221      0.026
    SC                 0.019      0.008      2.350      0.019

 IC       WITH
    SC                -0.076      0.057     -1.352      0.176

 P2       WITH
    C2                 0.692      0.312      2.223      0.026

 P3       WITH
    C3                 0.692      0.312      2.223      0.026

 P4       WITH
    C4                 0.692      0.312      2.223      0.026

 P5       WITH
    C5                 0.692      0.312      2.223      0.026

 P6       WITH
    C6                 0.692      0.312      2.223      0.026

 Intercepts
    P2                 0.000      0.000    999.000    999.000
    P3                 0.000      0.000    999.000    999.000
    P4                 0.000      0.000    999.000    999.000
    P5                 0.000      0.000    999.000    999.000
    P6                 0.000      0.000    999.000    999.000
    C2                 0.000      0.000    999.000    999.000
    C3                 0.000      0.000    999.000    999.000
    C4                 0.000      0.000    999.000    999.000
    C5                 0.000      0.000    999.000    999.000
    C6                 0.000      0.000    999.000    999.000
    IP                35.820      0.598     59.937      0.000
    SP                -0.597      0.059    -10.126      0.000
    IC                17.716      0.227     78.167      0.000
    SC                -0.159      0.025     -6.402      0.000

 Residual Variances
    P2                21.220      1.195     17.756      0.000
    P3                21.220      1.195     17.756      0.000
    P4                21.220      1.195     17.756      0.000
    P5                21.220      1.195     17.756      0.000
    P6                21.220      1.195     17.756      0.000
    C2                 4.032      0.217     18.543      0.000
    C3                 4.032      0.217     18.543      0.000
    C4                 4.032      0.217     18.543      0.000
    C5                 4.032      0.217     18.543      0.000
    C6                 4.032      0.217     18.543      0.000
    IP                40.893      5.213      7.845      0.000
    SP                 0.024      0.034      0.711      0.477
    IC                 6.761      0.654     10.337      0.000
    SC                 0.017      0.006      2.694      0.007

New/Additional Parameters
    R_IPIC             0.242      0.068      3.571      0.000
    R_SPSC             0.936      0.703      1.332      0.183
    R_RES_PC           0.075      0.033      2.248      0.025


QUALITY OF NUMERICAL RESULTS

     Condition Number for the Information Matrix              0.267E-05
       (ratio of smallest to largest eigenvalue)


CONFIDENCE INTERVALS OF MODEL RESULTS

                  Lower .5%  Lower 2.5%    Lower 5%    Estimate    Upper 5%  Upper 2.5%   Upper .5%

 IP       ON
    BAGE            -0.476      -0.448      -0.434      -0.358      -0.283      -0.269      -0.241
    EDUC            -0.383      -0.323      -0.292      -0.133       0.026       0.057       0.116
    HEIGHTC          0.113       0.142       0.157       0.236       0.314       0.330       0.359
    SMOKHIST        -1.234      -0.790      -0.563       0.621       1.805       2.032       2.476
    CARDIO          -1.303      -0.858      -0.630       0.561       1.752       1.980       2.426
    DIABETES        -6.243      -5.255      -4.750      -2.112       0.527       1.032       2.020

 SP       ON
    BAGE            -0.044      -0.041      -0.040      -0.033      -0.026      -0.025      -0.023
    EDUC            -0.010      -0.005      -0.003       0.011       0.024       0.027       0.032
    HEIGHTC         -0.013      -0.011      -0.010      -0.003       0.003       0.004       0.006
    SMOKHIST        -0.268      -0.232      -0.213      -0.117      -0.020      -0.001       0.035
    CARDIO          -0.212      -0.174      -0.154      -0.052       0.051       0.070       0.108
    DIABETES        -0.599      -0.524      -0.486      -0.287      -0.088      -0.049       0.025

 IC       ON
    BAGE            -0.221      -0.210      -0.204      -0.175      -0.146      -0.141      -0.130
    EDUC             0.274       0.296       0.308       0.367       0.426       0.437       0.459
    HEIGHTC          0.003       0.014       0.019       0.048       0.077       0.083       0.093
    SMOKHIST        -0.744      -0.570      -0.481      -0.016       0.449       0.538       0.712
    CARDIO          -1.243      -1.062      -0.969      -0.486      -0.002       0.091       0.272
    DIABETES        -2.681      -2.307      -2.116      -1.118      -0.120       0.071       0.445

 SC       ON
    BAGE            -0.009      -0.007      -0.007      -0.003       0.000       0.001       0.002
    EDUC            -0.010      -0.008      -0.007      -0.002       0.003       0.004       0.006
    HEIGHTC         -0.004      -0.003      -0.002       0.000       0.003       0.004       0.005
    SMOKHIST        -0.090      -0.073      -0.064      -0.020       0.025       0.033       0.050
    CARDIO          -0.069      -0.052      -0.043       0.003       0.049       0.058       0.075
    DIABETES        -0.181      -0.149      -0.133      -0.048       0.036       0.052       0.084

 IP       WITH
    SP              -1.361      -1.128      -1.009      -0.385       0.238       0.357       0.591
    IC               0.939       1.675       2.051       4.018       5.984       6.361       7.097
    SC              -0.573      -0.507      -0.473      -0.296      -0.119      -0.085      -0.019

 SP       WITH
    IC              -0.460      -0.401      -0.371      -0.213      -0.055      -0.025       0.034
    SC              -0.002       0.003       0.006       0.019       0.032       0.035       0.040

 IC       WITH
    SC              -0.222      -0.187      -0.170      -0.076       0.017       0.034       0.069

 P2       WITH
    C2              -0.110       0.082       0.180       0.692       1.205       1.303       1.495

 P3       WITH
    C3              -0.110       0.082       0.180       0.692       1.205       1.303       1.495

 P4       WITH
    C4              -0.110       0.082       0.180       0.692       1.205       1.303       1.495

 P5       WITH
    C5              -0.110       0.082       0.180       0.692       1.205       1.303       1.495

 P6       WITH
    C6              -0.110       0.082       0.180       0.692       1.205       1.303       1.495

 Intercepts
    P2               0.000       0.000       0.000       0.000       0.000       0.000       0.000
    P3               0.000       0.000       0.000       0.000       0.000       0.000       0.000
    P4               0.000       0.000       0.000       0.000       0.000       0.000       0.000
    P5               0.000       0.000       0.000       0.000       0.000       0.000       0.000
    P6               0.000       0.000       0.000       0.000       0.000       0.000       0.000
    C2               0.000       0.000       0.000       0.000       0.000       0.000       0.000
    C3               0.000       0.000       0.000       0.000       0.000       0.000       0.000
    C4               0.000       0.000       0.000       0.000       0.000       0.000       0.000
    C5               0.000       0.000       0.000       0.000       0.000       0.000       0.000
    C6               0.000       0.000       0.000       0.000       0.000       0.000       0.000
    IP              34.281      34.649      34.837      35.820      36.803      36.992      37.360
    SP              -0.749      -0.713      -0.694      -0.597      -0.500      -0.482      -0.445
    IC              17.132      17.272      17.343      17.716      18.089      18.160      18.300
    SC              -0.223      -0.208      -0.200      -0.159      -0.118      -0.110      -0.095

 Residual Variances
    P2              18.142      18.878      19.254      21.220      23.186      23.562      24.298
    P3              18.142      18.878      19.254      21.220      23.186      23.562      24.298
    P4              18.142      18.878      19.254      21.220      23.186      23.562      24.298
    P5              18.142      18.878      19.254      21.220      23.186      23.562      24.298
    P6              18.142      18.878      19.254      21.220      23.186      23.562      24.298
    C2               3.472       3.606       3.674       4.032       4.390       4.458       4.592
    C3               3.472       3.606       3.674       4.032       4.390       4.458       4.592
    C4               3.472       3.606       3.674       4.032       4.390       4.458       4.592
    C5               3.472       3.606       3.674       4.032       4.390       4.458       4.592
    C6               3.472       3.606       3.674       4.032       4.390       4.458       4.592
    IP              27.466      30.676      32.318      40.893      49.469      51.111      54.321
    SP              -0.064      -0.043      -0.032       0.024       0.081       0.091       0.112
    IC               5.077       5.479       5.685       6.761       7.837       8.044       8.446
    SC               0.001       0.005       0.007       0.017       0.027       0.029       0.033

New/Additional Parameters
    R_IPIC           0.067       0.109       0.130       0.242       0.353       0.374       0.416
    R_SPSC          -0.875      -0.442      -0.220       0.936       2.093       2.314       2.747
    R_RES_PC        -0.011       0.010       0.020       0.075       0.130       0.140       0.161


SAMPLE STATISTICS FOR ESTIMATED FACTOR SCORES


     SAMPLE STATISTICS


           Means
              IP            IP_SE         SP            SP_SE         IC
              ________      ________      ________      ________      ________
 1             37.202         2.998        -0.601         0.137        19.084


           Means
              IC_SE         SC            SC_SE
              ________      ________      ________
 1              1.353        -0.167         0.116


           Covariances
              IP            IP_SE         SP            SP_SE         IC
              ________      ________      ________      ________      ________
 IP            44.703
 IP_SE         -0.662         0.295
 SP             0.636        -0.026         0.094
 SP_SE         -0.018         0.003        -0.001         0.000
 IC             8.414        -0.429         0.455        -0.010         9.814
 IC_SE         -0.360         0.063        -0.021         0.001        -0.185
 SC            -0.059        -0.002         0.012         0.000         0.047
 SC_SE         -0.024         0.004        -0.002         0.000        -0.013


           Covariances
              IC_SE         SC            SC_SE
              ________      ________      ________
 IC_SE          0.035
 SC            -0.002         0.004
 SC_SE          0.001         0.000         0.000


           Correlations
              IP            IP_SE         SP            SP_SE         IC
              ________      ________      ________      ________      ________
 IP             1.000
 IP_SE         -0.182         1.000
 SP             0.310        -0.154         1.000
 SP_SE         -0.337         0.670        -0.457         1.000
 IC             0.402        -0.252         0.473        -0.392         1.000
 IC_SE         -0.289         0.620        -0.363         0.574        -0.316
 SC            -0.133        -0.063         0.590        -0.212         0.227
 SC_SE         -0.353         0.682        -0.513         0.988        -0.423


           Correlations
              IC_SE         SC            SC_SE
              ________      ________      ________
 IC_SE          1.000
 SC            -0.130         1.000
 SC_SE          0.577        -0.243         1.000


PLOT INFORMATION

The following plots are available:

  Histograms (sample values, estimated factor scores)
  Scatterplots (sample values, estimated factor scores)
  Latent variable distribution plots

SAVEDATA INFORMATION


  Save file
    LASAfSlopes_male_aehplus_grip_raven

  Order and format of variables

    P2             F10.3
    P3             F10.3
    P4             F10.3
    P5             F10.3
    P6             F10.3
    C2             F10.3
    C3             F10.3
    C4             F10.3
    C5             F10.3
    C6             F10.3
    CARDIO         F10.3
    BAGE           F10.3
    EDUC           F10.3
    SMOKHIST       F10.3
    HEIGHTC        F10.3
    DIABETES       F10.3
    TIME2          F10.3
    TIME3          F10.3
    TIME4          F10.3
    TIME5          F10.3
    TIME6          F10.3
    IP             F10.3
    IP_SE          F10.3
    SP             F10.3
    SP_SE          F10.3
    IC             F10.3
    IC_SE          F10.3
    SC             F10.3
    SC_SE          F10.3

  Save file format
    29F10.3

  Save file record length    10000


DIAGRAM INFORMATION

  Use View Diagram under the Diagram menu in the Mplus Editor to view the diagram.
  If running Mplus from the Mplus Diagrammer, the diagram opens automatically.

  Diagram output
    c:\users\annie\dropbox\ialsa_cambridge\lasa phy-cog\b1_male_aehplus_grip_raven.dgm

     Beginning Time:  01:11:19
        Ending Time:  01:11:27
       Elapsed Time:  00:00:08



MUTHEN & MUTHEN
3463 Stoner Ave.
Los Angeles, CA  90066

Tel: (310) 391-9971
Fax: (310) 391-8971
Web: www.StatModel.com
Support: Support@StatModel.com

Copyright (c) 1998-2015 Muthen & Muthen
