Mplus VERSION 7.4 (Mac)
MUTHEN & MUTHEN
02/08/2017  10:19 PM

INPUT INSTRUCTIONS

  TITLE:
  Script produced from the prototype in ./sandbox/syntax-creator/
  DATA:
  File = wide-dataset.dat ;
  VARIABLE:
  NAMES are
   id male age_c70 edu_c7 htm_c smoke cardio diabetes dementia_ever
      dementia_baseline bnt_00 bnt_01 bnt_02 bnt_03 bnt_04 bnt_05 bnt_06 bnt_07
      bnt_08 bnt_09 bnt_10 bnt_11 bnt_12 bnt_13 bnt_14 bnt_15 bnt_16 bnt_17
      bnt_18 bostordel_00 bostordel_01 bostordel_02 bostordel_03 bostordel_04
      bostordel_05 bostordel_06 bostordel_07 bostordel_08 bostordel_09 bostordel_10
      bostordel_11 bostordel_12 bostordel_13 bostordel_14 bostordel_15 bostordel_16
      bostordel_17 bostordel_18 bostorim_00 bostorim_01 bostorim_02 bostorim_03
      bostorim_04 bostorim_05 bostorim_06 bostorim_07 bostorim_08 bostorim_09
      bostorim_10 bostorim_11 bostorim_12 bostorim_13 bostorim_14 bostorim_15
      bostorim_16 bostorim_17 bostorim_18 catfluency_00 catfluency_01 catfluency_02
      catfluency_03 catfluency_04 catfluency_05 catfluency_06 catfluency_07
      catfluency_08 catfluency_09 catfluency_10 catfluency_11 catfluency_12
      catfluency_13 catfluency_14 catfluency_15 catfluency_16 catfluency_17
      catfluency_18 complexideas_00 complexideas_01 complexideas_02 complexideas_03
      complexideas_04 complexideas_05 complexideas_06 complexideas_07 complexideas_08
      complexideas_09 complexideas_10 complexideas_11 complexideas_12 complexideas_13
      complexideas_14 complexideas_15 complexideas_16 complexideas_17 complexideas_18
      digitbackward_00 digitbackward_01 digitbackward_02 digitbackward_03
      digitbackward_04 digitbackward_05 digitbackward_06 digitbackward_07
      digitbackward_08 digitbackward_09 digitbackward_10 digitbackward_11
      digitbackward_12 digitbackward_13 digitbackward_14 digitbackward_15
      digitbackward_16 digitbackward_17 digitbackward_18 digitforward_00
      digitforward_01 digitforward_02 digitforward_03 digitforward_04 digitforward_05
      digitforward_06 digitforward_07 digitforward_08 digitforward_09 digitforward_10
      digitforward_11 digitforward_12 digitforward_13 digitforward_14 digitforward_15
      digitforward_16 digitforward_17 digitforward_18 digitorder_00 digitorder_01
      digitorder_02 digitorder_03 digitorder_04 digitorder_05 digitorder_06
      digitorder_07 digitorder_08 digitorder_09 digitorder_10 digitorder_11
      digitorder_12 digitorder_13 digitorder_14 digitorder_15 digitorder_16
      digitorder_17 digitorder_18 fev_00 fev_01 fev_02 fev_03 fev_04 fev_05 fev_06
      fev_07 fev_08 fev_09 fev_10 fev_11 fev_12 fev_13 fev_14 fev_15 fev_16 fev_17
      fev_18 fev100_00 fev100_01 fev100_02 fev100_03 fev100_04 fev100_05 fev100_06
      fev100_07 fev100_08 fev100_09 fev100_10 fev100_11 fev100_12 fev100_13 fev100_14
      fev100_15 fev100_16 fev100_17 fev100_18 gait_00 gait_01 gait_02 gait_03 gait_04
      gait_05 gait_06 gait_07 gait_08 gait_09 gait_10 gait_11 gait_12 gait_13 gait_14
      gait_15 gait_16 gait_17 gait_18 grip_00 grip_01 grip_02 grip_03 grip_04 grip_05
      grip_06 grip_07 grip_08 grip_09 grip_10 grip_11 grip_12 grip_13 grip_14 grip_15
      grip_16 grip_17 grip_18 lineorientation_00 lineorientation_01 lineorientation_02
      lineorientation_03 lineorientation_04 lineorientation_05 lineorientation_06
      lineorientation_07 lineorientation_08 lineorientation_09 lineorientation_10
      lineorientation_11 lineorientation_12 lineorientation_13 lineorientation_14
      lineorientation_15 lineorientation_16 lineorientation_17 lineorientation_18
      logimemdel_00 logimemdel_01 logimemdel_02 logimemdel_03 logimemdel_04
      logimemdel_05 logimemdel_06 logimemdel_07 logimemdel_08 logimemdel_09
      logimemdel_10 logimemdel_11 logimemdel_12 logimemdel_13 logimemdel_14
      logimemdel_15 logimemdel_16 logimemdel_17 logimemdel_18 logimemim_00
      logimemim_01 logimemim_02 logimemim_03 logimemim_04 logimemim_05 logimemim_06
      logimemim_07 logimemim_08 logimemim_09 logimemim_10 logimemim_11 logimemim_12
      logimemim_13 logimemim_14 logimemim_15 logimemim_16 logimemim_17 logimemim_18
      matrices_00 matrices_01 matrices_02 matrices_03 matrices_04 matrices_05
      matrices_06 matrices_07 matrices_08 matrices_09 matrices_10 matrices_11
      matrices_12 matrices_13 matrices_14 matrices_15 matrices_16 matrices_17
      matrices_18 mmse_00 mmse_01 mmse_02 mmse_03 mmse_04 mmse_05 mmse_06 mmse_07
      mmse_08 mmse_09 mmse_10 mmse_11 mmse_12 mmse_13 mmse_14 mmse_15 mmse_16 mmse_17
      mmse_18 nart_00 nart_01 nart_02 nart_03 nart_04 nart_05 nart_06 nart_07 nart_08
      nart_09 nart_10 nart_11 nart_12 nart_13 nart_14 nart_15 nart_16 nart_17 nart_18
      numbercomparison_00 numbercomparison_01 numbercomparison_02 numbercomparison_03
      numbercomparison_04 numbercomparison_05 numbercomparison_06 numbercomparison_07
      numbercomparison_08 numbercomparison_09 numbercomparison_10 numbercomparison_11
      numbercomparison_12 numbercomparison_13 numbercomparison_14 numbercomparison_15
      numbercomparison_16 numbercomparison_17 numbercomparison_18 symbol_00
      symbol_01 symbol_02 symbol_03 symbol_04 symbol_05 symbol_06 symbol_07 symbol_08
      symbol_09 symbol_10 symbol_11 symbol_12 symbol_13 symbol_14 symbol_15 symbol_16
      symbol_17 symbol_18 wordlistdel_00 wordlistdel_01 wordlistdel_02 wordlistdel_03
      wordlistdel_04 wordlistdel_05 wordlistdel_06 wordlistdel_07 wordlistdel_08
      wordlistdel_09 wordlistdel_10 wordlistdel_11 wordlistdel_12 wordlistdel_13
      wordlistdel_14 wordlistdel_15 wordlistdel_16 wordlistdel_17 wordlistdel_18
      wordlistim_00 wordlistim_01 wordlistim_02 wordlistim_03 wordlistim_04
      wordlistim_05 wordlistim_06 wordlistim_07 wordlistim_08 wordlistim_09
      wordlistim_10 wordlistim_11 wordlistim_12 wordlistim_13 wordlistim_14
      wordlistim_15 wordlistim_16 wordlistim_17 wordlistim_18 wordlistrecog_00
      wordlistrecog_01 wordlistrecog_02 wordlistrecog_03 wordlistrecog_04
      wordlistrecog_05 wordlistrecog_06 wordlistrecog_07 wordlistrecog_08
      wordlistrecog_09 wordlistrecog_10 wordlistrecog_11 wordlistrecog_12
      wordlistrecog_13 wordlistrecog_14 wordlistrecog_15 wordlistrecog_16
      wordlistrecog_17 wordlistrecog_18 years_since_bl_00 years_since_bl_01
      years_since_bl_02 years_since_bl_03 years_since_bl_04 years_since_bl_05
      years_since_bl_06 years_since_bl_07 years_since_bl_08 years_since_bl_09
      years_since_bl_10 years_since_bl_11 years_since_bl_12 years_since_bl_13
      years_since_bl_14 years_since_bl_15 years_since_bl_16 years_since_bl_17
      years_since_bl_18
  	;
  Missing are all (-9999);
  USEVARIABLES are
  	!define the variables used in the analysis
  	! covariates used in the model
  age_c70
  edu_c7
  htm_c
  smoke
  cardio
  diabetes	
  	!estimated time points
  time_00
  time_01
  time_02
  time_03
  time_04
  	!modelled time points of process (A)
  a_00
  a_01
  a_02
  a_03
  a_04
  	!modelled time points of process (B)
  b_00
  b_01
  b_02
  b_03
  b_04
  ;
  TSCORES are
  	!estimated time points
  time_00
  time_01
  time_02
  time_03
  time_04;
  USEOBSERVATIONS are
  	!select a subset of observations
  male EQ 0
  and
  dementia_baseline NE 1
  ;
  DEFINE:
  	! assign variables to the process (A)
  a_00=fev_00;
  a_01=fev_01;
  a_02=fev_02;
  a_03=fev_03;
  a_04=fev_04;
  	! assign variables to the process (B)
  b_00=logimemdel_00;
  b_01=logimemdel_01;
  b_02=logimemdel_02;
  b_03=logimemdel_03;
  b_04=logimemdel_04;
  	!assign variables to time points
  time_00=years_since_bl_00;
  time_01=years_since_bl_01;
  time_02=years_since_bl_02;
  time_03=years_since_bl_03;
  time_04=years_since_bl_04;
  	
  ANALYSIS:
  TYPE = RANDOM;
  COVERAGE=.00;
  MODEL:
  	!first-level equation
  	! assign process (A) to time points
  ia sa | a_00 AT time_00 ;
  ia sa | a_01 AT time_01 ;
  ia sa | a_02 AT time_02 ;
  ia sa | a_03 AT time_03 ;
  ia sa | a_04 AT time_04 ;
  	! assign process (B) to time points
  ib sb | b_00 AT time_00 ;
  ib sb | b_01 AT time_01 ;
  ib sb | b_02 AT time_02 ;
  ib sb | b_03 AT time_03 ;
  ib sb | b_04 AT time_04 ;
  	!variance of the first-level terms
  ia (v_ia);
  sa (v_sa);
  ib (v_ib);
  sb (v_sb);
  	!covariance among first-level terms
  ia WITH sa (c_iasa);
  ia WITH ib (c_iaib);
  ia WITH sb (c_iasb);
  sa WITH ib (c_saib);
  sa WITH sb (c_sasb);
  ib WITH sb (c_ibsb);
  	!second-level equation
  ia sa ib sb ON age_c70
  edu_c7
  htm_c
  smoke
  cardio
  diabetes;
  	!residual covariance of process (A)
  a_00 (res_a);
  a_01 (res_a);
  a_02 (res_a);
  a_03 (res_a);
  a_04 (res_a);	
  	!residual covariance of process (B)
  b_00 (res_b);
  b_01 (res_b);
  b_02 (res_b);
  b_03 (res_b);
  b_04 (res_b);	
  	!Paired covariances constrained to be equal across t
  a_00 pwith b_00 (res_cov);
  a_01 pwith b_01 (res_cov);
  a_02 pwith b_02 (res_cov);
  a_03 pwith b_03 (res_cov);
  a_04 pwith b_04 (res_cov);	
  MODEL CONSTRAINT:
  	!assigns labels to new parameters;
  NEW r_iaib;
  NEW r_sasb;
  NEW r_res_ab;
  	!compute confidence intervals for correlation coefficients;
  r_iaib = c_iaib/((v_ia**0.5)*(v_ib**0.5));
  r_sasb = c_sasb/((v_sa**0.5)*(v_sb**0.5));
  r_res_ab = res_cov/((res_a**0.5)*(res_b**0.5));
  SAVEDATA:
  FILE is   b1_female_aehplus_fev_logimemdel_fscores.dat;
  SAVE = FSCORES;
  RESULTS are   b1_female_aehplus_fev_logimemdel_results.dat;
  	
  OUTPUT: sampstat cinterval;
  PLOT: Type is Plot1 Plot2 Plot3;



*** WARNING
  Data set contains cases with missing on x-variables.
  These cases were not included in the analysis.
  Number of cases with missing on x-variables:  149
   1 WARNING(S) FOUND IN THE INPUT INSTRUCTIONS




Script produced from the prototype in ./sandbox/syntax-creator/

SUMMARY OF ANALYSIS

Number of groups                                                 1
Number of observations                                        1160

Number of dependent variables                                   10
Number of independent variables                                  6
Number of continuous latent variables                            4

Observed dependent variables

  Continuous
   A_00        A_01        A_02        A_03        A_04        B_00
   B_01        B_02        B_03        B_04

Observed independent variables
   AGE_C70     EDU_C7      HTM_C       SMOKE       CARDIO      DIABETES

Continuous latent variables
   IA          SA          IB          SB

Variables with special functions

  Time scores
   TIME_00     TIME_01     TIME_02     TIME_03     TIME_04


Estimator                                                      MLR
Information matrix                                        OBSERVED
Maximum number of iterations                                   100
Convergence criterion                                    0.100D-05
Maximum number of EM iterations                                500
Convergence criteria for the EM algorithm
  Loglikelihood change                                   0.100D-02
  Relative loglikelihood change                          0.100D-05
  Derivative                                             0.100D-03
Minimum variance                                         0.100D-03
Maximum number of steepest descent iterations                   20
Maximum number of iterations for H1                           2000
Convergence criterion for H1                             0.100D-03
Optimization algorithm                                         EMA

Input data file(s)
  wide-dataset.dat
Input data format  FREE


SUMMARY OF DATA

     Number of missing data patterns            96


COVARIANCE COVERAGE OF DATA

Minimum covariance coverage value   0.000


     PROPORTION OF DATA PRESENT


           Covariance Coverage
              A_00          A_01          A_02          A_03          A_04
              ________      ________      ________      ________      ________
 A_00           0.859
 A_01           0.621         0.630
 A_02           0.517         0.473         0.532
 A_03           0.378         0.331         0.347         0.398
 A_04           0.260         0.217         0.222         0.227         0.334
 B_00           0.856         0.628         0.529         0.397         0.333
 B_01           0.757         0.629         0.522         0.391         0.326
 B_02           0.672         0.575         0.527         0.387         0.325
 B_03           0.578         0.491         0.476         0.397         0.326
 B_04           0.488         0.414         0.399         0.339         0.334
 AGE_C70        0.859         0.630         0.532         0.398         0.334
 EDU_C7         0.859         0.630         0.532         0.398         0.334
 HTM_C          0.859         0.630         0.532         0.398         0.334
 SMOKE          0.859         0.630         0.532         0.398         0.334
 CARDIO         0.859         0.630         0.532         0.398         0.334
 DIABETES       0.859         0.630         0.532         0.398         0.334


           Covariance Coverage
              B_00          B_01          B_02          B_03          B_04
              ________      ________      ________      ________      ________
 B_00           0.997
 B_01           0.860         0.863
 B_02           0.772         0.756         0.775
 B_03           0.672         0.660         0.653         0.675
 B_04           0.570         0.558         0.549         0.547         0.572
 AGE_C70        0.997         0.863         0.775         0.675         0.572
 EDU_C7         0.997         0.863         0.775         0.675         0.572
 HTM_C          0.997         0.863         0.775         0.675         0.572
 SMOKE          0.997         0.863         0.775         0.675         0.572
 CARDIO         0.997         0.863         0.775         0.675         0.572
 DIABETES       0.997         0.863         0.775         0.675         0.572


           Covariance Coverage
              AGE_C70       EDU_C7        HTM_C         SMOKE         CARDIO
              ________      ________      ________      ________      ________
 AGE_C70        1.000
 EDU_C7         1.000         1.000
 HTM_C          1.000         1.000         1.000
 SMOKE          1.000         1.000         1.000         1.000
 CARDIO         1.000         1.000         1.000         1.000         1.000
 DIABETES       1.000         1.000         1.000         1.000         1.000


           Covariance Coverage
              DIABETES
              ________
 DIABETES       1.000


SAMPLE STATISTICS


     ESTIMATED SAMPLE STATISTICS


           Means
              A_00          A_01          A_02          A_03          A_04
              ________      ________      ________      ________      ________
 1              1.520         1.482         1.464         1.409         1.362


           Means
              B_00          B_01          B_02          B_03          B_04
              ________      ________      ________      ________      ________
 1              9.483         9.931        10.124        10.111         9.992


           Means
              AGE_C70       EDU_C7        HTM_C         SMOKE         CARDIO
              ________      ________      ________      ________      ________
 1              9.449         7.389        -0.011         0.392         0.119


           Means
              DIABETES
              ________
 1              0.176


           Covariances
              A_00          A_01          A_02          A_03          A_04
              ________      ________      ________      ________      ________
 A_00           0.193
 A_01           0.161         0.185
 A_02           0.167         0.159         0.182
 A_03           0.161         0.161         0.157         0.205
 A_04           0.163         0.162         0.159         0.173         0.192
 B_00           0.347         0.314         0.338         0.298         0.353
 B_01           0.327         0.301         0.318         0.237         0.325
 B_02           0.402         0.350         0.376         0.307         0.430
 B_03           0.485         0.397         0.461         0.352         0.543
 B_04           0.595         0.500         0.536         0.418         0.577
 AGE_C70       -1.496        -1.545        -1.476        -1.379        -1.536
 EDU_C7         0.178         0.167         0.173         0.135         0.167
 HTM_C          0.011         0.011         0.012         0.010         0.010
 SMOKE         -0.014        -0.012        -0.015        -0.012        -0.018
 CARDIO        -0.011        -0.016        -0.012        -0.014        -0.013
 DIABETES       0.005         0.003         0.005         0.009         0.008


           Covariances
              B_00          B_01          B_02          B_03          B_04
              ________      ________      ________      ________      ________
 B_00          19.815
 B_01          15.398        22.796
 B_02          16.066        18.772        26.397
 B_03          16.238        19.020        21.973        28.537
 B_04          17.047        20.694        23.010        25.079        31.995
 AGE_C70       -9.154        -9.717       -11.719       -13.271       -15.598
 EDU_C7         3.520         4.002         4.105         4.358         4.432
 HTM_C          0.061         0.047         0.059         0.061         0.079
 SMOKE          0.115         0.041         0.064         0.029         0.053
 CARDIO        -0.045        -0.071        -0.065        -0.069        -0.039
 DIABETES       0.016        -0.023         0.009        -0.047         0.029


           Covariances
              AGE_C70       EDU_C7        HTM_C         SMOKE         CARDIO
              ________      ________      ________      ________      ________
 AGE_C70       60.336
 EDU_C7        -1.506         9.282
 HTM_C         -0.126         0.030         0.005
 SMOKE         -0.275         0.023         0.003         0.238
 CARDIO         0.244        -0.022        -0.001         0.002         0.105
 DIABETES      -0.242        -0.160         0.001        -0.007         0.006


           Covariances
              DIABETES
              ________
 DIABETES       0.145


           Correlations
              A_00          A_01          A_02          A_03          A_04
              ________      ________      ________      ________      ________
 A_00           1.000
 A_01           0.852         1.000
 A_02           0.890         0.864         1.000
 A_03           0.808         0.827         0.812         1.000
 A_04           0.845         0.856         0.848         0.871         1.000
 B_00           0.178         0.164         0.178         0.148         0.181
 B_01           0.156         0.146         0.156         0.110         0.155
 B_02           0.178         0.158         0.172         0.132         0.191
 B_03           0.207         0.173         0.202         0.146         0.232
 B_04           0.239         0.205         0.222         0.163         0.233
 AGE_C70       -0.439        -0.462        -0.446        -0.393        -0.451
 EDU_C7         0.133         0.127         0.133         0.098         0.125
 HTM_C          0.380         0.375         0.393         0.318         0.341
 SMOKE         -0.066        -0.059        -0.070        -0.056        -0.085
 CARDIO        -0.077        -0.118        -0.089        -0.094        -0.090
 DIABETES       0.031         0.020         0.028         0.051         0.049


           Correlations
              B_00          B_01          B_02          B_03          B_04
              ________      ________      ________      ________      ________
 B_00           1.000
 B_01           0.724         1.000
 B_02           0.702         0.765         1.000
 B_03           0.683         0.746         0.801         1.000
 B_04           0.677         0.766         0.792         0.830         1.000
 AGE_C70       -0.265        -0.262        -0.294        -0.320        -0.355
 EDU_C7         0.260         0.275         0.262         0.268         0.257
 HTM_C          0.200         0.143         0.168         0.167         0.203
 SMOKE          0.053         0.018         0.026         0.011         0.019
 CARDIO        -0.032        -0.046        -0.039        -0.040        -0.021
 DIABETES       0.009        -0.012         0.005        -0.023         0.014


           Correlations
              AGE_C70       EDU_C7        HTM_C         SMOKE         CARDIO
              ________      ________      ________      ________      ________
 AGE_C70        1.000
 EDU_C7        -0.064         1.000
 HTM_C         -0.236         0.144         1.000
 SMOKE         -0.072         0.016         0.077         1.000
 CARDIO         0.097        -0.022        -0.063         0.016         1.000
 DIABETES      -0.082        -0.138         0.022        -0.037         0.047


           Correlations
              DIABETES
              ________
 DIABETES       1.000


     MAXIMUM LOG-LIKELIHOOD VALUE FOR THE UNRESTRICTED (H1) MODEL IS -18932.611


UNIVARIATE SAMPLE STATISTICS


     UNIVARIATE HIGHER-ORDER MOMENT DESCRIPTIVE STATISTICS

         Variable/         Mean/     Skewness/   Minimum/ % with                Percentiles
        Sample Size      Variance    Kurtosis    Maximum  Min/Max      20%/60%    40%/80%    Median

     A_00                  1.517       0.137       0.210    0.10%       1.145      1.390      1.510
             996.000       0.198       0.141       3.135    0.10%       1.625      1.875
     A_01                  1.473       0.253       0.365    0.14%       1.110      1.340      1.450
             731.000       0.188       0.029       3.075    0.14%       1.565      1.840
     A_02                  1.470       0.203       0.350    0.16%       1.130      1.350      1.455
             617.000       0.176       0.258       3.035    0.16%       1.565      1.820
     A_03                  1.404       0.770       0.345    0.22%       1.035      1.280      1.395
             462.000       0.195       4.273       4.430    0.22%       1.510      1.715
     A_04                  1.384       0.030       0.210    0.26%       1.050      1.290      1.400
             388.000       0.166       0.186       2.710    0.26%       1.500      1.705
     B_00                  9.489      -0.038       0.000    1.90%       5.000      8.000     10.000
            1157.000      19.756      -0.568      22.000    0.09%      11.000     13.000
     B_01                 10.050      -0.172       0.000    2.80%       6.000      9.000     10.000
            1001.000      22.843      -0.613      21.000    0.20%      12.000     14.000
     B_02                 10.407      -0.267       0.000    3.89%       6.000      9.000     11.000
             899.000      26.448      -0.694      22.000    0.11%      12.000     15.000
     B_03                 10.577      -0.301       0.000    4.60%       6.000     10.000     11.000
             783.000      27.314      -0.704      23.000    0.13%      13.000     15.000
     B_04                 10.606      -0.290       0.000    6.64%       6.000     10.000     11.000
             663.000      30.034      -0.602      23.000    0.45%      12.000     15.000
     AGE_C70               9.449      -0.469     -16.338    0.09%       3.238      8.352     10.137
            1160.000      60.336       0.075      28.708    0.09%      12.100     16.177
     EDU_C7                7.389      -0.136      -7.000    0.09%       5.000      6.000      7.000
            1160.000       9.282       1.234      18.000    0.09%       8.000     10.000
     HTM_C                -0.011      -0.173      -0.355    0.17%      -0.063     -0.025     -0.012
            1160.000       0.005       0.927       0.203    0.26%       0.000      0.051
     SMOKE                 0.392       0.441       0.000   60.78%       0.000      0.000      0.000
            1160.000       0.238      -1.805       1.000   39.22%       0.000      1.000
     CARDIO                0.119       2.354       0.000   88.10%       0.000      0.000      0.000
            1160.000       0.105       3.541       1.000   11.90%       0.000      0.000
     DIABETES              0.176       1.703       0.000   82.41%       0.000      0.000      0.000
            1160.000       0.145       0.900       1.000   17.59%       0.000      0.000

     THE STANDARD ERRORS OF THE MODEL PARAMETER ESTIMATES MAY NOT BE
     TRUSTWORTHY FOR SOME PARAMETERS DUE TO A NON-POSITIVE DEFINITE
     FIRST-ORDER DERIVATIVE PRODUCT MATRIX.  THIS MAY BE DUE TO THE STARTING
     VALUES BUT MAY ALSO BE AN INDICATION OF MODEL NONIDENTIFICATION.  THE
     CONDITION NUMBER IS       0.849D-10.  PROBLEM INVOLVING THE FOLLOWING PARAMETER:
     Parameter 42, R_IAIB


THE MODEL ESTIMATION TERMINATED NORMALLY



MODEL FIT INFORMATION

Number of Free Parameters                       41

Loglikelihood

          H0 Value                      -11922.346
          H0 Scaling Correction Factor      1.5662
            for MLR

Information Criteria

          Akaike (AIC)                   23926.691
          Bayesian (BIC)                 24133.995
          Sample-Size Adjusted BIC       24003.765
            (n* = (n + 2) / 24)



MODEL RESULTS

                                                    Two-Tailed
                    Estimate       S.E.  Est./S.E.    P-Value

 IA         ON
    AGE_C70           -0.021      0.002    -13.873      0.000
    EDU_C7             0.009      0.003      2.741      0.006
    HTM_C              1.857      0.166     11.216      0.000
    SMOKE             -0.102      0.023     -4.428      0.000
    CARDIO            -0.039      0.035     -1.117      0.264
    DIABETES          -0.009      0.028     -0.316      0.752

 SA         ON
    AGE_C70            0.000      0.000      0.338      0.735
    EDU_C7             0.000      0.001     -0.208      0.835
    HTM_C             -0.072      0.037     -1.945      0.052
    SMOKE              0.000      0.005      0.028      0.977
    CARDIO            -0.005      0.007     -0.693      0.488
    DIABETES           0.007      0.006      1.148      0.251

 IB         ON
    AGE_C70           -0.123      0.016     -7.927      0.000
    EDU_C7             0.356      0.038      9.375      0.000
    HTM_C              5.706      1.636      3.488      0.000
    SMOKE              0.160      0.240      0.666      0.505
    CARDIO            -0.115      0.374     -0.307      0.759
    DIABETES           0.184      0.295      0.623      0.533

 SB         ON
    AGE_C70           -0.026      0.005     -5.719      0.000
    EDU_C7             0.021      0.012      1.718      0.086
    HTM_C              0.062      0.532      0.117      0.907
    SMOKE             -0.107      0.072     -1.489      0.136
    CARDIO             0.060      0.103      0.580      0.562
    DIABETES          -0.041      0.092     -0.438      0.661

 IA       WITH
    SA                 0.000      0.001     -0.428      0.669
    IB                -0.005      0.046     -0.113      0.910
    SB                 0.010      0.013      0.741      0.459

 SA       WITH
    IB                 0.000      0.012      0.002      0.998
    SB                -0.003      0.003     -0.762      0.446

 IB       WITH
    SB                 0.482      0.131      3.672      0.000

 A_00     WITH
    B_00               0.001      0.010      0.115      0.909

 A_01     WITH
    B_01               0.001      0.010      0.115      0.909

 A_02     WITH
    B_02               0.001      0.010      0.115      0.909

 A_03     WITH
    B_03               0.001      0.010      0.115      0.909

 A_04     WITH
    B_04               0.001      0.010      0.115      0.909

 Intercepts
    A_00               0.000      0.000    999.000    999.000
    A_01               0.000      0.000    999.000    999.000
    A_02               0.000      0.000    999.000    999.000
    A_03               0.000      0.000    999.000    999.000
    A_04               0.000      0.000    999.000    999.000
    B_00               0.000      0.000    999.000    999.000
    B_01               0.000      0.000    999.000    999.000
    B_02               0.000      0.000    999.000    999.000
    B_03               0.000      0.000    999.000    999.000
    B_04               0.000      0.000    999.000    999.000
    IA                 1.719      0.033     51.548      0.000
    SA                -0.037      0.009     -4.268      0.000
    IB                 8.165      0.377     21.652      0.000
    SB                 0.271      0.114      2.371      0.018

 Residual Variances
    A_00               0.027      0.004      7.169      0.000
    A_01               0.027      0.004      7.169      0.000
    A_02               0.027      0.004      7.169      0.000
    A_03               0.027      0.004      7.169      0.000
    A_04               0.027      0.004      7.169      0.000
    B_00               5.574      0.184     30.362      0.000
    B_01               5.574      0.184     30.362      0.000
    B_02               5.574      0.184     30.362      0.000
    B_03               5.574      0.184     30.362      0.000
    B_04               5.574      0.184     30.362      0.000
    IA                 0.107      0.006     16.555      0.000
    SA                 0.001      0.001      1.415      0.157
    IB                12.099      0.630     19.220      0.000
    SB                 0.389      0.057      6.863      0.000

New/Additional Parameters
    R_IAIB            -0.005      0.040     -0.113      0.910
    R_SASB            -0.148      0.190     -0.780      0.435
    R_RES_AB           0.003      0.026      0.115      0.909


QUALITY OF NUMERICAL RESULTS

     Condition Number for the Information Matrix              0.849E-10
       (ratio of smallest to largest eigenvalue)


CONFIDENCE INTERVALS OF MODEL RESULTS

                  Lower .5%  Lower 2.5%    Lower 5%    Estimate    Upper 5%  Upper 2.5%   Upper .5%

 IA       ON
    AGE_C70         -0.025      -0.024      -0.024      -0.021      -0.019      -0.018      -0.017
    EDU_C7           0.001       0.003       0.004       0.009       0.015       0.016       0.018
    HTM_C            1.430       1.532       1.584       1.857       2.129       2.181       2.283
    SMOKE           -0.162      -0.148      -0.141      -0.102      -0.064      -0.057      -0.043
    CARDIO          -0.129      -0.107      -0.096      -0.039       0.018       0.029       0.051
    DIABETES        -0.082      -0.065      -0.056      -0.009       0.038       0.047       0.064

 SA       ON
    AGE_C70         -0.001      -0.001       0.000       0.000       0.001       0.001       0.001
    EDU_C7          -0.002      -0.002      -0.002       0.000       0.001       0.002       0.002
    HTM_C           -0.167      -0.144      -0.132      -0.072      -0.011       0.001       0.023
    SMOKE           -0.014      -0.010      -0.009       0.000       0.009       0.011       0.014
    CARDIO          -0.022      -0.018      -0.016      -0.005       0.006       0.008       0.013
    DIABETES        -0.009      -0.005      -0.003       0.007       0.018       0.020       0.024

 IB       ON
    AGE_C70         -0.163      -0.153      -0.148      -0.123      -0.097      -0.093      -0.083
    EDU_C7           0.258       0.281       0.293       0.356       0.418       0.430       0.453
    HTM_C            1.492       2.500       3.015       5.706       8.396       8.911       9.919
    SMOKE           -0.458      -0.310      -0.235       0.160       0.554       0.629       0.777
    CARDIO          -1.077      -0.847      -0.729      -0.115       0.500       0.618       0.848
    DIABETES        -0.577      -0.395      -0.302       0.184       0.670       0.763       0.945

 SB       ON
    AGE_C70         -0.038      -0.035      -0.033      -0.026      -0.018      -0.017      -0.014
    EDU_C7          -0.010      -0.003       0.001       0.021       0.041       0.045       0.052
    HTM_C           -1.307      -0.980      -0.812       0.062       0.937       1.104       1.431
    SMOKE           -0.293      -0.249      -0.226      -0.107       0.011       0.034       0.078
    CARDIO          -0.205      -0.142      -0.109       0.060       0.229       0.261       0.324
    DIABETES        -0.279      -0.222      -0.193      -0.041       0.112       0.141       0.198

 IA       WITH
    SA              -0.003      -0.003      -0.002       0.000       0.001       0.002       0.002
    IB              -0.122      -0.094      -0.080      -0.005       0.070       0.084       0.112
    SB              -0.024      -0.016      -0.012       0.010       0.032       0.036       0.044

 SA       WITH
    IB              -0.031      -0.024      -0.020       0.000       0.020       0.024       0.031
    SB              -0.011      -0.009      -0.008      -0.003       0.003       0.004       0.006

 IB       WITH
    SB               0.144       0.225       0.266       0.482       0.697       0.739       0.820

 A_00     WITH
    B_00            -0.025      -0.019      -0.015       0.001       0.018       0.021       0.027

 A_01     WITH
    B_01            -0.025      -0.019      -0.015       0.001       0.018       0.021       0.027

 A_02     WITH
    B_02            -0.025      -0.019      -0.015       0.001       0.018       0.021       0.027

 A_03     WITH
    B_03            -0.025      -0.019      -0.015       0.001       0.018       0.021       0.027

 A_04     WITH
    B_04            -0.025      -0.019      -0.015       0.001       0.018       0.021       0.027

 Intercepts
    A_00             0.000       0.000       0.000       0.000       0.000       0.000       0.000
    A_01             0.000       0.000       0.000       0.000       0.000       0.000       0.000
    A_02             0.000       0.000       0.000       0.000       0.000       0.000       0.000
    A_03             0.000       0.000       0.000       0.000       0.000       0.000       0.000
    A_04             0.000       0.000       0.000       0.000       0.000       0.000       0.000
    B_00             0.000       0.000       0.000       0.000       0.000       0.000       0.000
    B_01             0.000       0.000       0.000       0.000       0.000       0.000       0.000
    B_02             0.000       0.000       0.000       0.000       0.000       0.000       0.000
    B_03             0.000       0.000       0.000       0.000       0.000       0.000       0.000
    B_04             0.000       0.000       0.000       0.000       0.000       0.000       0.000
    IA               1.633       1.654       1.664       1.719       1.774       1.785       1.805
    SA              -0.060      -0.055      -0.052      -0.037      -0.023      -0.020      -0.015
    IB               7.194       7.426       7.545       8.165       8.785       8.904       9.136
    SB              -0.023       0.047       0.083       0.271       0.459       0.495       0.565

 Residual Variances
    A_00             0.017       0.020       0.021       0.027       0.033       0.035       0.037
    A_01             0.017       0.020       0.021       0.027       0.033       0.035       0.037
    A_02             0.017       0.020       0.021       0.027       0.033       0.035       0.037
    A_03             0.017       0.020       0.021       0.027       0.033       0.035       0.037
    A_04             0.017       0.020       0.021       0.027       0.033       0.035       0.037
    B_00             5.101       5.214       5.272       5.574       5.876       5.934       6.047
    B_01             5.101       5.214       5.272       5.574       5.876       5.934       6.047
    B_02             5.101       5.214       5.272       5.574       5.876       5.934       6.047
    B_03             5.101       5.214       5.272       5.574       5.876       5.934       6.047
    B_04             5.101       5.214       5.272       5.574       5.876       5.934       6.047
    IA               0.090       0.094       0.096       0.107       0.118       0.120       0.124
    SA              -0.001       0.000       0.000       0.001       0.002       0.002       0.002
    IB              10.478      10.866      11.064      12.099      13.135      13.333      13.721
    SB               0.243       0.278       0.295       0.389       0.482       0.500       0.534

New/Additional Parameters
    R_IAIB          -0.108      -0.083      -0.070      -0.005       0.061       0.074       0.099
    R_SASB          -0.637      -0.520      -0.461      -0.148       0.164       0.224       0.341
    R_RES_AB        -0.064      -0.048      -0.040       0.003       0.046       0.054       0.070


TECHNICAL 1 OUTPUT


     PARAMETER SPECIFICATION


           NU
              A_00          A_01          A_02          A_03          A_04
              ________      ________      ________      ________      ________
 1                  0             0             0             0             0


           NU
              B_00          B_01          B_02          B_03          B_04
              ________      ________      ________      ________      ________
 1                  0             0             0             0             0


           NU
              AGE_C70       EDU_C7        HTM_C         SMOKE         CARDIO
              ________      ________      ________      ________      ________
 1                  0             0             0             0             0


           NU
              DIABETES
              ________
 1                  0


           LAMBDA
              IA            SA            IB            SB            AGE_C70
              ________      ________      ________      ________      ________
 A_00               0             0             0             0             0
 A_01               0             0             0             0             0
 A_02               0             0             0             0             0
 A_03               0             0             0             0             0
 A_04               0             0             0             0             0
 B_00               0             0             0             0             0
 B_01               0             0             0             0             0
 B_02               0             0             0             0             0
 B_03               0             0             0             0             0
 B_04               0             0             0             0             0
 AGE_C70            0             0             0             0             0
 EDU_C7             0             0             0             0             0
 HTM_C              0             0             0             0             0
 SMOKE              0             0             0             0             0
 CARDIO             0             0             0             0             0
 DIABETES           0             0             0             0             0


           LAMBDA
              EDU_C7        HTM_C         SMOKE         CARDIO        DIABETES
              ________      ________      ________      ________      ________
 A_00               0             0             0             0             0
 A_01               0             0             0             0             0
 A_02               0             0             0             0             0
 A_03               0             0             0             0             0
 A_04               0             0             0             0             0
 B_00               0             0             0             0             0
 B_01               0             0             0             0             0
 B_02               0             0             0             0             0
 B_03               0             0             0             0             0
 B_04               0             0             0             0             0
 AGE_C70            0             0             0             0             0
 EDU_C7             0             0             0             0             0
 HTM_C              0             0             0             0             0
 SMOKE              0             0             0             0             0
 CARDIO             0             0             0             0             0
 DIABETES           0             0             0             0             0


           THETA
              A_00          A_01          A_02          A_03          A_04
              ________      ________      ________      ________      ________
 A_00               1
 A_01               0             1
 A_02               0             0             1
 A_03               0             0             0             1
 A_04               0             0             0             0             1
 B_00               2             0             0             0             0
 B_01               0             2             0             0             0
 B_02               0             0             2             0             0
 B_03               0             0             0             2             0
 B_04               0             0             0             0             2
 AGE_C70            0             0             0             0             0
 EDU_C7             0             0             0             0             0
 HTM_C              0             0             0             0             0
 SMOKE              0             0             0             0             0
 CARDIO             0             0             0             0             0
 DIABETES           0             0             0             0             0


           THETA
              B_00          B_01          B_02          B_03          B_04
              ________      ________      ________      ________      ________
 B_00               3
 B_01               0             3
 B_02               0             0             3
 B_03               0             0             0             3
 B_04               0             0             0             0             3
 AGE_C70            0             0             0             0             0
 EDU_C7             0             0             0             0             0
 HTM_C              0             0             0             0             0
 SMOKE              0             0             0             0             0
 CARDIO             0             0             0             0             0
 DIABETES           0             0             0             0             0


           THETA
              AGE_C70       EDU_C7        HTM_C         SMOKE         CARDIO
              ________      ________      ________      ________      ________
 AGE_C70            0
 EDU_C7             0             0
 HTM_C              0             0             0
 SMOKE              0             0             0             0
 CARDIO             0             0             0             0             0
 DIABETES           0             0             0             0             0


           THETA
              DIABETES
              ________
 DIABETES           0


           ALPHA
              IA            SA            IB            SB            AGE_C70
              ________      ________      ________      ________      ________
 1                  4             5             6             7             0


           ALPHA
              EDU_C7        HTM_C         SMOKE         CARDIO        DIABETES
              ________      ________      ________      ________      ________
 1                  0             0             0             0             0


           BETA
              IA            SA            IB            SB            AGE_C70
              ________      ________      ________      ________      ________
 IA                 0             0             0             0             8
 SA                 0             0             0             0            14
 IB                 0             0             0             0            20
 SB                 0             0             0             0            26
 AGE_C70            0             0             0             0             0
 EDU_C7             0             0             0             0             0
 HTM_C              0             0             0             0             0
 SMOKE              0             0             0             0             0
 CARDIO             0             0             0             0             0
 DIABETES           0             0             0             0             0


           BETA
              EDU_C7        HTM_C         SMOKE         CARDIO        DIABETES
              ________      ________      ________      ________      ________
 IA                 9            10            11            12            13
 SA                15            16            17            18            19
 IB                21            22            23            24            25
 SB                27            28            29            30            31
 AGE_C70            0             0             0             0             0
 EDU_C7             0             0             0             0             0
 HTM_C              0             0             0             0             0
 SMOKE              0             0             0             0             0
 CARDIO             0             0             0             0             0
 DIABETES           0             0             0             0             0


           PSI
              IA            SA            IB            SB            AGE_C70
              ________      ________      ________      ________      ________
 IA                32
 SA                33            34
 IB                35            36            37
 SB                38            39            40            41
 AGE_C70            0             0             0             0             0
 EDU_C7             0             0             0             0             0
 HTM_C              0             0             0             0             0
 SMOKE              0             0             0             0             0
 CARDIO             0             0             0             0             0
 DIABETES           0             0             0             0             0


           PSI
              EDU_C7        HTM_C         SMOKE         CARDIO        DIABETES
              ________      ________      ________      ________      ________
 EDU_C7             0
 HTM_C              0             0
 SMOKE              0             0             0
 CARDIO             0             0             0             0
 DIABETES           0             0             0             0             0


     PARAMETER SPECIFICATION FOR THE ADDITIONAL PARAMETERS


           NEW/ADDITIONAL PARAMETERS
              R_IAIB        R_SASB        R_RES_AB
              ________      ________      ________
 1                 42            43            44


     STARTING VALUES


           NU
              A_00          A_01          A_02          A_03          A_04
              ________      ________      ________      ________      ________
 1              0.000         0.000         0.000         0.000         0.000


           NU
              B_00          B_01          B_02          B_03          B_04
              ________      ________      ________      ________      ________
 1              0.000         0.000         0.000         0.000         0.000


           NU
              AGE_C70       EDU_C7        HTM_C         SMOKE         CARDIO
              ________      ________      ________      ________      ________
 1              0.000         0.000         0.000         0.000         0.000


           NU
              DIABETES
              ________
 1              0.000


           LAMBDA
              IA            SA            IB            SB            AGE_C70
              ________      ________      ________      ________      ________
 A_00           0.000         0.000         0.000         0.000         0.000
 A_01           0.000         0.000         0.000         0.000         0.000
 A_02           0.000         0.000         0.000         0.000         0.000
 A_03           0.000         0.000         0.000         0.000         0.000
 A_04           0.000         0.000         0.000         0.000         0.000
 B_00           0.000         0.000         0.000         0.000         0.000
 B_01           0.000         0.000         0.000         0.000         0.000
 B_02           0.000         0.000         0.000         0.000         0.000
 B_03           0.000         0.000         0.000         0.000         0.000
 B_04           0.000         0.000         0.000         0.000         0.000
 AGE_C70        0.000         0.000         0.000         0.000         1.000
 EDU_C7         0.000         0.000         0.000         0.000         0.000
 HTM_C          0.000         0.000         0.000         0.000         0.000
 SMOKE          0.000         0.000         0.000         0.000         0.000
 CARDIO         0.000         0.000         0.000         0.000         0.000
 DIABETES       0.000         0.000         0.000         0.000         0.000


           LAMBDA
              EDU_C7        HTM_C         SMOKE         CARDIO        DIABETES
              ________      ________      ________      ________      ________
 A_00           0.000         0.000         0.000         0.000         0.000
 A_01           0.000         0.000         0.000         0.000         0.000
 A_02           0.000         0.000         0.000         0.000         0.000
 A_03           0.000         0.000         0.000         0.000         0.000
 A_04           0.000         0.000         0.000         0.000         0.000
 B_00           0.000         0.000         0.000         0.000         0.000
 B_01           0.000         0.000         0.000         0.000         0.000
 B_02           0.000         0.000         0.000         0.000         0.000
 B_03           0.000         0.000         0.000         0.000         0.000
 B_04           0.000         0.000         0.000         0.000         0.000
 AGE_C70        0.000         0.000         0.000         0.000         0.000
 EDU_C7         1.000         0.000         0.000         0.000         0.000
 HTM_C          0.000         1.000         0.000         0.000         0.000
 SMOKE          0.000         0.000         1.000         0.000         0.000
 CARDIO         0.000         0.000         0.000         1.000         0.000
 DIABETES       0.000         0.000         0.000         0.000         1.000


           THETA
              A_00          A_01          A_02          A_03          A_04
              ________      ________      ________      ________      ________
 A_00           0.099
 A_01           0.000         0.094
 A_02           0.000         0.000         0.088
 A_03           0.000         0.000         0.000         0.097
 A_04           0.000         0.000         0.000         0.000         0.083
 B_00           0.000         0.000         0.000         0.000         0.000
 B_01           0.000         0.000         0.000         0.000         0.000
 B_02           0.000         0.000         0.000         0.000         0.000
 B_03           0.000         0.000         0.000         0.000         0.000
 B_04           0.000         0.000         0.000         0.000         0.000
 AGE_C70        0.000         0.000         0.000         0.000         0.000
 EDU_C7         0.000         0.000         0.000         0.000         0.000
 HTM_C          0.000         0.000         0.000         0.000         0.000
 SMOKE          0.000         0.000         0.000         0.000         0.000
 CARDIO         0.000         0.000         0.000         0.000         0.000
 DIABETES       0.000         0.000         0.000         0.000         0.000


           THETA
              B_00          B_01          B_02          B_03          B_04
              ________      ________      ________      ________      ________
 B_00           9.878
 B_01           0.000        11.421
 B_02           0.000         0.000        13.224
 B_03           0.000         0.000         0.000        13.657
 B_04           0.000         0.000         0.000         0.000        15.017
 AGE_C70        0.000         0.000         0.000         0.000         0.000
 EDU_C7         0.000         0.000         0.000         0.000         0.000
 HTM_C          0.000         0.000         0.000         0.000         0.000
 SMOKE          0.000         0.000         0.000         0.000         0.000
 CARDIO         0.000         0.000         0.000         0.000         0.000
 DIABETES       0.000         0.000         0.000         0.000         0.000


           THETA
              AGE_C70       EDU_C7        HTM_C         SMOKE         CARDIO
              ________      ________      ________      ________      ________
 AGE_C70        0.000
 EDU_C7         0.000         0.000
 HTM_C          0.000         0.000         0.000
 SMOKE          0.000         0.000         0.000         0.000
 CARDIO         0.000         0.000         0.000         0.000         0.000
 DIABETES       0.000         0.000         0.000         0.000         0.000


           THETA
              DIABETES
              ________
 DIABETES       0.000


           ALPHA
              IA            SA            IB            SB            AGE_C70
              ________      ________      ________      ________      ________
 1              1.530        -0.028         9.533         0.087         0.000


           ALPHA
              EDU_C7        HTM_C         SMOKE         CARDIO        DIABETES
              ________      ________      ________      ________      ________
 1              0.000         0.000         0.000         0.000         0.000


           BETA
              IA            SA            IB            SB            AGE_C70
              ________      ________      ________      ________      ________
 IA             0.000         0.000         0.000         0.000         0.000
 SA             0.000         0.000         0.000         0.000         0.000
 IB             0.000         0.000         0.000         0.000         0.000
 SB             0.000         0.000         0.000         0.000         0.000
 AGE_C70        0.000         0.000         0.000         0.000         0.000
 EDU_C7         0.000         0.000         0.000         0.000         0.000
 HTM_C          0.000         0.000         0.000         0.000         0.000
 SMOKE          0.000         0.000         0.000         0.000         0.000
 CARDIO         0.000         0.000         0.000         0.000         0.000
 DIABETES       0.000         0.000         0.000         0.000         0.000


           BETA
              EDU_C7        HTM_C         SMOKE         CARDIO        DIABETES
              ________      ________      ________      ________      ________
 IA             0.000         0.000         0.000         0.000         0.000
 SA             0.000         0.000         0.000         0.000         0.000
 IB             0.000         0.000         0.000         0.000         0.000
 SB             0.000         0.000         0.000         0.000         0.000
 AGE_C70        0.000         0.000         0.000         0.000         0.000
 EDU_C7         0.000         0.000         0.000         0.000         0.000
 HTM_C          0.000         0.000         0.000         0.000         0.000
 SMOKE          0.000         0.000         0.000         0.000         0.000
 CARDIO         0.000         0.000         0.000         0.000         0.000
 DIABETES       0.000         0.000         0.000         0.000         0.000


           PSI
              IA            SA            IB            SB            AGE_C70
              ________      ________      ________      ________      ________
 IA             0.202
 SA             0.000         0.028
 IB             0.000         0.000        18.951
 SB             0.000         0.000         0.000         3.726
 AGE_C70        0.000         0.000         0.000         0.000        30.168
 EDU_C7         0.000         0.000         0.000         0.000         0.000
 HTM_C          0.000         0.000         0.000         0.000         0.000
 SMOKE          0.000         0.000         0.000         0.000         0.000
 CARDIO         0.000         0.000         0.000         0.000         0.000
 DIABETES       0.000         0.000         0.000         0.000         0.000


           PSI
              EDU_C7        HTM_C         SMOKE         CARDIO        DIABETES
              ________      ________      ________      ________      ________
 EDU_C7         4.641
 HTM_C          0.000         0.002
 SMOKE          0.000         0.000         0.119
 CARDIO         0.000         0.000         0.000         0.052
 DIABETES       0.000         0.000         0.000         0.000         0.072


     STARTING VALUES FOR THE ADDITIONAL PARAMETERS


           NEW/ADDITIONAL PARAMETERS
              R_IAIB        R_SASB        R_RES_AB
              ________      ________      ________
 1              0.500         0.500         0.500


SAMPLE STATISTICS FOR ESTIMATED FACTOR SCORES


     SAMPLE STATISTICS


           Means
              IA            IA_SE         SA            SA_SE         IB
              ________      ________      ________      ________      ________
 1              1.520         0.121        -0.036         0.026         9.652


           Means
              IB_SE         SB            SB_SE
              ________      ________      ________
 1              1.369         0.138         0.490


           Covariances
              IA            IA_SE         SA            SA_SE         IB
              ________      ________      ________      ________      ________
 IA             0.146
 IA_SE          0.000         0.003
 SA            -0.001         0.000         0.000
 SA_SE          0.000         0.000         0.000         0.000
 IB             0.312        -0.007        -0.007         0.000        12.875
 IB_SE         -0.009         0.007         0.000         0.000        -0.094
 SB             0.051         0.001        -0.001         0.000         1.006
 SB_SE         -0.004         0.002         0.000         0.000        -0.034


           Covariances
              IB_SE         SB            SB_SE
              ________      ________      ________
 IB_SE          0.050
 SB            -0.008         0.191
 SB_SE          0.012        -0.003         0.004


           Correlations
              IA            IA_SE         SA            SA_SE         IB
              ________      ________      ________      ________      ________
 IA             1.000
 IA_SE         -0.005         1.000
 SA            -0.144        -0.021         1.000
 SA_SE         -0.031         0.509         0.043         1.000
 IB             0.227        -0.036        -0.188        -0.086         1.000
 IB_SE         -0.108         0.520         0.048         0.507        -0.116
 SB             0.306         0.027        -0.309        -0.018         0.642
 SB_SE         -0.144         0.440         0.046         0.681        -0.142


           Correlations
              IB_SE         SB            SB_SE
              ________      ________      ________
 IB_SE          1.000
 SB            -0.079         1.000
 SB_SE          0.798        -0.119         1.000


RESULTS SAVING INFORMATION

  Order of data

    Parameter estimates
     (saved in order shown in Technical 1 output)
    Standard errors
     (saved in order shown in Technical 1 output)
    H0 Loglikelihood
    H0 Scaling Correction Factor for MLR
    Number of Free Parameters
    Akaike (AIC)
    Bayesian (BIC)
    Sample-Size Adjusted BIC
    Condition Number

  Save file
    b1_female_aehplus_fev_logimemdel_results.dat

  Save file format           Free


PLOT INFORMATION

The following plots are available:

  Histograms (sample values, estimated factor scores)
  Scatterplots (sample values, estimated factor scores)
  Latent variable distribution plots

SAVEDATA INFORMATION


  Save file
    b1_female_aehplus_fev_logimemdel_fscores.dat

  Order and format of variables

    A_00           F10.3
    A_01           F10.3
    A_02           F10.3
    A_03           F10.3
    A_04           F10.3
    B_00           F10.3
    B_01           F10.3
    B_02           F10.3
    B_03           F10.3
    B_04           F10.3
    AGE_C70        F10.3
    EDU_C7         F10.3
    HTM_C          F10.3
    SMOKE          F10.3
    CARDIO         F10.3
    DIABETES       F10.3
    TIME_00        F10.3
    TIME_01        F10.3
    TIME_02        F10.3
    TIME_03        F10.3
    TIME_04        F10.3
    IA             F10.3
    IA_SE          F10.3
    SA             F10.3
    SA_SE          F10.3
    IB             F10.3
    IB_SE          F10.3
    SB             F10.3
    SB_SE          F10.3

  Save file format
    29F10.3

  Save file record length    10000


     Beginning Time:  22:19:30
        Ending Time:  22:19:38
       Elapsed Time:  00:00:08



MUTHEN & MUTHEN
3463 Stoner Ave.
Los Angeles, CA  90066

Tel: (310) 391-9971
Fax: (310) 391-8971
Web: www.StatModel.com
Support: Support@StatModel.com

Copyright (c) 1998-2015 Muthen & Muthen
