Mplus VERSION 7.4 (Mac)
MUTHEN & MUTHEN
02/08/2017  10:19 PM

INPUT INSTRUCTIONS

  TITLE:
  Script produced from the prototype in ./sandbox/syntax-creator/
  DATA:
  File = wide-dataset.dat ;
  VARIABLE:
  NAMES are
   id male age_c70 edu_c7 htm_c smoke cardio diabetes dementia_ever
      dementia_baseline bnt_00 bnt_01 bnt_02 bnt_03 bnt_04 bnt_05 bnt_06 bnt_07
      bnt_08 bnt_09 bnt_10 bnt_11 bnt_12 bnt_13 bnt_14 bnt_15 bnt_16 bnt_17
      bnt_18 bostordel_00 bostordel_01 bostordel_02 bostordel_03 bostordel_04
      bostordel_05 bostordel_06 bostordel_07 bostordel_08 bostordel_09 bostordel_10
      bostordel_11 bostordel_12 bostordel_13 bostordel_14 bostordel_15 bostordel_16
      bostordel_17 bostordel_18 bostorim_00 bostorim_01 bostorim_02 bostorim_03
      bostorim_04 bostorim_05 bostorim_06 bostorim_07 bostorim_08 bostorim_09
      bostorim_10 bostorim_11 bostorim_12 bostorim_13 bostorim_14 bostorim_15
      bostorim_16 bostorim_17 bostorim_18 catfluency_00 catfluency_01 catfluency_02
      catfluency_03 catfluency_04 catfluency_05 catfluency_06 catfluency_07
      catfluency_08 catfluency_09 catfluency_10 catfluency_11 catfluency_12
      catfluency_13 catfluency_14 catfluency_15 catfluency_16 catfluency_17
      catfluency_18 complexideas_00 complexideas_01 complexideas_02 complexideas_03
      complexideas_04 complexideas_05 complexideas_06 complexideas_07 complexideas_08
      complexideas_09 complexideas_10 complexideas_11 complexideas_12 complexideas_13
      complexideas_14 complexideas_15 complexideas_16 complexideas_17 complexideas_18
      digitbackward_00 digitbackward_01 digitbackward_02 digitbackward_03
      digitbackward_04 digitbackward_05 digitbackward_06 digitbackward_07
      digitbackward_08 digitbackward_09 digitbackward_10 digitbackward_11
      digitbackward_12 digitbackward_13 digitbackward_14 digitbackward_15
      digitbackward_16 digitbackward_17 digitbackward_18 digitforward_00
      digitforward_01 digitforward_02 digitforward_03 digitforward_04 digitforward_05
      digitforward_06 digitforward_07 digitforward_08 digitforward_09 digitforward_10
      digitforward_11 digitforward_12 digitforward_13 digitforward_14 digitforward_15
      digitforward_16 digitforward_17 digitforward_18 digitorder_00 digitorder_01
      digitorder_02 digitorder_03 digitorder_04 digitorder_05 digitorder_06
      digitorder_07 digitorder_08 digitorder_09 digitorder_10 digitorder_11
      digitorder_12 digitorder_13 digitorder_14 digitorder_15 digitorder_16
      digitorder_17 digitorder_18 fev_00 fev_01 fev_02 fev_03 fev_04 fev_05 fev_06
      fev_07 fev_08 fev_09 fev_10 fev_11 fev_12 fev_13 fev_14 fev_15 fev_16 fev_17
      fev_18 fev100_00 fev100_01 fev100_02 fev100_03 fev100_04 fev100_05 fev100_06
      fev100_07 fev100_08 fev100_09 fev100_10 fev100_11 fev100_12 fev100_13 fev100_14
      fev100_15 fev100_16 fev100_17 fev100_18 gait_00 gait_01 gait_02 gait_03 gait_04
      gait_05 gait_06 gait_07 gait_08 gait_09 gait_10 gait_11 gait_12 gait_13 gait_14
      gait_15 gait_16 gait_17 gait_18 grip_00 grip_01 grip_02 grip_03 grip_04 grip_05
      grip_06 grip_07 grip_08 grip_09 grip_10 grip_11 grip_12 grip_13 grip_14 grip_15
      grip_16 grip_17 grip_18 lineorientation_00 lineorientation_01 lineorientation_02
      lineorientation_03 lineorientation_04 lineorientation_05 lineorientation_06
      lineorientation_07 lineorientation_08 lineorientation_09 lineorientation_10
      lineorientation_11 lineorientation_12 lineorientation_13 lineorientation_14
      lineorientation_15 lineorientation_16 lineorientation_17 lineorientation_18
      logimemdel_00 logimemdel_01 logimemdel_02 logimemdel_03 logimemdel_04
      logimemdel_05 logimemdel_06 logimemdel_07 logimemdel_08 logimemdel_09
      logimemdel_10 logimemdel_11 logimemdel_12 logimemdel_13 logimemdel_14
      logimemdel_15 logimemdel_16 logimemdel_17 logimemdel_18 logimemim_00
      logimemim_01 logimemim_02 logimemim_03 logimemim_04 logimemim_05 logimemim_06
      logimemim_07 logimemim_08 logimemim_09 logimemim_10 logimemim_11 logimemim_12
      logimemim_13 logimemim_14 logimemim_15 logimemim_16 logimemim_17 logimemim_18
      matrices_00 matrices_01 matrices_02 matrices_03 matrices_04 matrices_05
      matrices_06 matrices_07 matrices_08 matrices_09 matrices_10 matrices_11
      matrices_12 matrices_13 matrices_14 matrices_15 matrices_16 matrices_17
      matrices_18 mmse_00 mmse_01 mmse_02 mmse_03 mmse_04 mmse_05 mmse_06 mmse_07
      mmse_08 mmse_09 mmse_10 mmse_11 mmse_12 mmse_13 mmse_14 mmse_15 mmse_16 mmse_17
      mmse_18 nart_00 nart_01 nart_02 nart_03 nart_04 nart_05 nart_06 nart_07 nart_08
      nart_09 nart_10 nart_11 nart_12 nart_13 nart_14 nart_15 nart_16 nart_17 nart_18
      numbercomparison_00 numbercomparison_01 numbercomparison_02 numbercomparison_03
      numbercomparison_04 numbercomparison_05 numbercomparison_06 numbercomparison_07
      numbercomparison_08 numbercomparison_09 numbercomparison_10 numbercomparison_11
      numbercomparison_12 numbercomparison_13 numbercomparison_14 numbercomparison_15
      numbercomparison_16 numbercomparison_17 numbercomparison_18 symbol_00
      symbol_01 symbol_02 symbol_03 symbol_04 symbol_05 symbol_06 symbol_07 symbol_08
      symbol_09 symbol_10 symbol_11 symbol_12 symbol_13 symbol_14 symbol_15 symbol_16
      symbol_17 symbol_18 wordlistdel_00 wordlistdel_01 wordlistdel_02 wordlistdel_03
      wordlistdel_04 wordlistdel_05 wordlistdel_06 wordlistdel_07 wordlistdel_08
      wordlistdel_09 wordlistdel_10 wordlistdel_11 wordlistdel_12 wordlistdel_13
      wordlistdel_14 wordlistdel_15 wordlistdel_16 wordlistdel_17 wordlistdel_18
      wordlistim_00 wordlistim_01 wordlistim_02 wordlistim_03 wordlistim_04
      wordlistim_05 wordlistim_06 wordlistim_07 wordlistim_08 wordlistim_09
      wordlistim_10 wordlistim_11 wordlistim_12 wordlistim_13 wordlistim_14
      wordlistim_15 wordlistim_16 wordlistim_17 wordlistim_18 wordlistrecog_00
      wordlistrecog_01 wordlistrecog_02 wordlistrecog_03 wordlistrecog_04
      wordlistrecog_05 wordlistrecog_06 wordlistrecog_07 wordlistrecog_08
      wordlistrecog_09 wordlistrecog_10 wordlistrecog_11 wordlistrecog_12
      wordlistrecog_13 wordlistrecog_14 wordlistrecog_15 wordlistrecog_16
      wordlistrecog_17 wordlistrecog_18 years_since_bl_00 years_since_bl_01
      years_since_bl_02 years_since_bl_03 years_since_bl_04 years_since_bl_05
      years_since_bl_06 years_since_bl_07 years_since_bl_08 years_since_bl_09
      years_since_bl_10 years_since_bl_11 years_since_bl_12 years_since_bl_13
      years_since_bl_14 years_since_bl_15 years_since_bl_16 years_since_bl_17
      years_since_bl_18
  	;
  Missing are all (-9999);
  USEVARIABLES are
  	!define the variables used in the analysis
  	! covariates used in the model
  age_c70
  edu_c7
  htm_c	
  	!estimated time points
  time_00
  time_01
  time_02
  time_03
  time_04
  	!modelled time points of process (A)
  a_00
  a_01
  a_02
  a_03
  a_04
  	!modelled time points of process (B)
  b_00
  b_01
  b_02
  b_03
  b_04
  ;
  TSCORES are
  	!estimated time points
  time_00
  time_01
  time_02
  time_03
  time_04;
  USEOBSERVATIONS are
  	!select a subset of observations
  male EQ 0
  and
  dementia_baseline NE 1
  ;
  DEFINE:
  	! assign variables to the process (A)
  a_00=fev_00;
  a_01=fev_01;
  a_02=fev_02;
  a_03=fev_03;
  a_04=fev_04;
  	! assign variables to the process (B)
  b_00=logimemdel_00;
  b_01=logimemdel_01;
  b_02=logimemdel_02;
  b_03=logimemdel_03;
  b_04=logimemdel_04;
  	!assign variables to time points
  time_00=years_since_bl_00;
  time_01=years_since_bl_01;
  time_02=years_since_bl_02;
  time_03=years_since_bl_03;
  time_04=years_since_bl_04;
  	
  ANALYSIS:
  TYPE = RANDOM;
  COVERAGE=.00;
  MODEL:
  	!first-level equation
  	! assign process (A) to time points
  ia sa | a_00 AT time_00 ;
  ia sa | a_01 AT time_01 ;
  ia sa | a_02 AT time_02 ;
  ia sa | a_03 AT time_03 ;
  ia sa | a_04 AT time_04 ;
  	! assign process (B) to time points
  ib sb | b_00 AT time_00 ;
  ib sb | b_01 AT time_01 ;
  ib sb | b_02 AT time_02 ;
  ib sb | b_03 AT time_03 ;
  ib sb | b_04 AT time_04 ;
  	!variance of the first-level terms
  ia (v_ia);
  sa (v_sa);
  ib (v_ib);
  sb (v_sb);
  	!covariance among first-level terms
  ia WITH sa (c_iasa);
  ia WITH ib (c_iaib);
  ia WITH sb (c_iasb);
  sa WITH ib (c_saib);
  sa WITH sb (c_sasb);
  ib WITH sb (c_ibsb);
  	!second-level equation
  ia sa ib sb ON age_c70
  edu_c7
  htm_c;
  	!residual covariance of process (A)
  a_00 (res_a);
  a_01 (res_a);
  a_02 (res_a);
  a_03 (res_a);
  a_04 (res_a);	
  	!residual covariance of process (B)
  b_00 (res_b);
  b_01 (res_b);
  b_02 (res_b);
  b_03 (res_b);
  b_04 (res_b);	
  	!Paired covariances constrained to be equal across t
  a_00 pwith b_00 (res_cov);
  a_01 pwith b_01 (res_cov);
  a_02 pwith b_02 (res_cov);
  a_03 pwith b_03 (res_cov);
  a_04 pwith b_04 (res_cov);	
  MODEL CONSTRAINT:
  	!assigns labels to new parameters;
  NEW r_iaib;
  NEW r_sasb;
  NEW r_res_ab;
  	!compute confidence intervals for correlation coefficients;
  r_iaib = c_iaib/((v_ia**0.5)*(v_ib**0.5));
  r_sasb = c_sasb/((v_sa**0.5)*(v_sb**0.5));
  r_res_ab = res_cov/((res_a**0.5)*(res_b**0.5));
  SAVEDATA:
  FILE is   b1_female_aeh_fev_logimemdel_fscores.dat;
  SAVE = FSCORES;
  RESULTS are   b1_female_aeh_fev_logimemdel_results.dat;
  	
  OUTPUT: sampstat cinterval;
  PLOT: Type is Plot1 Plot2 Plot3;



*** WARNING
  Data set contains cases with missing on x-variables.
  These cases were not included in the analysis.
  Number of cases with missing on x-variables:  6
   1 WARNING(S) FOUND IN THE INPUT INSTRUCTIONS




Script produced from the prototype in ./sandbox/syntax-creator/

SUMMARY OF ANALYSIS

Number of groups                                                 1
Number of observations                                        1303

Number of dependent variables                                   10
Number of independent variables                                  3
Number of continuous latent variables                            4

Observed dependent variables

  Continuous
   A_00        A_01        A_02        A_03        A_04        B_00
   B_01        B_02        B_03        B_04

Observed independent variables
   AGE_C70     EDU_C7      HTM_C

Continuous latent variables
   IA          SA          IB          SB

Variables with special functions

  Time scores
   TIME_00     TIME_01     TIME_02     TIME_03     TIME_04


Estimator                                                      MLR
Information matrix                                        OBSERVED
Maximum number of iterations                                   100
Convergence criterion                                    0.100D-05
Maximum number of EM iterations                                500
Convergence criteria for the EM algorithm
  Loglikelihood change                                   0.100D-02
  Relative loglikelihood change                          0.100D-05
  Derivative                                             0.100D-03
Minimum variance                                         0.100D-03
Maximum number of steepest descent iterations                   20
Maximum number of iterations for H1                           2000
Convergence criterion for H1                             0.100D-03
Optimization algorithm                                         EMA

Input data file(s)
  wide-dataset.dat
Input data format  FREE


SUMMARY OF DATA

     Number of missing data patterns           114


COVARIANCE COVERAGE OF DATA

Minimum covariance coverage value   0.000


     PROPORTION OF DATA PRESENT


           Covariance Coverage
              A_00          A_01          A_02          A_03          A_04
              ________      ________      ________      ________      ________
 A_00           0.856
 A_01           0.621         0.629
 A_02           0.524         0.474         0.539
 A_03           0.383         0.334         0.352         0.404
 A_04           0.265         0.219         0.223         0.229         0.345
 B_00           0.854         0.627         0.536         0.403         0.344
 B_01           0.752         0.625         0.523         0.393         0.335
 B_02           0.671         0.571         0.530         0.391         0.332
 B_03           0.584         0.493         0.478         0.401         0.332
 B_04           0.491         0.413         0.394         0.338         0.338
 AGE_C70        0.856         0.629         0.539         0.404         0.345
 EDU_C7         0.856         0.629         0.539         0.404         0.345
 HTM_C          0.856         0.629         0.539         0.404         0.345


           Covariance Coverage
              B_00          B_01          B_02          B_03          B_04
              ________      ________      ________      ________      ________
 B_00           0.998
 B_01           0.860         0.863
 B_02           0.777         0.754         0.779
 B_03           0.683         0.665         0.656         0.685
 B_04           0.579         0.562         0.550         0.550         0.580
 AGE_C70        0.998         0.863         0.779         0.685         0.580
 EDU_C7         0.998         0.863         0.779         0.685         0.580
 HTM_C          0.998         0.863         0.779         0.685         0.580


           Covariance Coverage
              AGE_C70       EDU_C7        HTM_C
              ________      ________      ________
 AGE_C70        1.000
 EDU_C7         1.000         1.000
 HTM_C          1.000         1.000         1.000


SAMPLE STATISTICS


     ESTIMATED SAMPLE STATISTICS


           Means
              A_00          A_01          A_02          A_03          A_04
              ________      ________      ________      ________      ________
 1              1.507         1.469         1.449         1.397         1.350


           Means
              B_00          B_01          B_02          B_03          B_04
              ________      ________      ________      ________      ________
 1              9.404         9.776         9.975         9.981         9.843


           Means
              AGE_C70       EDU_C7        HTM_C
              ________      ________      ________
 1              9.476         7.354        -0.012


           Covariances
              A_00          A_01          A_02          A_03          A_04
              ________      ________      ________      ________      ________
 A_00           0.191
 A_01           0.157         0.181
 A_02           0.164         0.155         0.179
 A_03           0.159         0.159         0.155         0.201
 A_04           0.160         0.158         0.157         0.172         0.189
 B_00           0.349         0.319         0.360         0.334         0.380
 B_01           0.333         0.318         0.343         0.279         0.356
 B_02           0.400         0.353         0.405         0.337         0.455
 B_03           0.461         0.387         0.464         0.379         0.546
 B_04           0.588         0.508         0.566         0.472         0.602
 AGE_C70       -1.490        -1.526        -1.494        -1.396        -1.554
 EDU_C7         0.162         0.159         0.163         0.134         0.158
 HTM_C          0.011         0.011         0.011         0.011         0.011


           Covariances
              B_00          B_01          B_02          B_03          B_04
              ________      ________      ________      ________      ________
 B_00          19.913
 B_01          15.359        22.671
 B_02          16.322        18.835        26.784
 B_03          16.413        19.021        22.150        28.448
 B_04          17.374        20.658        23.249        25.218        32.161
 AGE_C70       -9.033        -9.498       -10.946       -12.655       -15.147
 EDU_C7         3.422         3.877         3.963         4.460         4.715
 HTM_C          0.060         0.046         0.057         0.055         0.076


           Covariances
              AGE_C70       EDU_C7        HTM_C
              ________      ________      ________
 AGE_C70       59.863
 EDU_C7        -1.226         9.377
 HTM_C         -0.117         0.030         0.005


           Correlations
              A_00          A_01          A_02          A_03          A_04
              ________      ________      ________      ________      ________
 A_00           1.000
 A_01           0.847         1.000
 A_02           0.888         0.860         1.000
 A_03           0.812         0.835         0.818         1.000
 A_04           0.844         0.853         0.853         0.882         1.000
 B_00           0.179         0.168         0.191         0.167         0.196
 B_01           0.160         0.157         0.170         0.131         0.172
 B_02           0.177         0.160         0.185         0.146         0.202
 B_03           0.198         0.170         0.206         0.159         0.235
 B_04           0.237         0.210         0.236         0.186         0.244
 AGE_C70       -0.441        -0.463        -0.456        -0.403        -0.461
 EDU_C7         0.121         0.122         0.125         0.098         0.118
 HTM_C          0.374         0.384         0.393         0.342         0.357


           Correlations
              B_00          B_01          B_02          B_03          B_04
              ________      ________      ________      ________      ________
 B_00           1.000
 B_01           0.723         1.000
 B_02           0.707         0.764         1.000
 B_03           0.690         0.749         0.802         1.000
 B_04           0.687         0.765         0.792         0.834         1.000
 AGE_C70       -0.262        -0.258        -0.273        -0.307        -0.345
 EDU_C7         0.250         0.266         0.250         0.273         0.272
 HTM_C          0.195         0.139         0.158         0.150         0.193


           Correlations
              AGE_C70       EDU_C7        HTM_C
              ________      ________      ________
 AGE_C70        1.000
 EDU_C7        -0.052         1.000
 HTM_C         -0.218         0.141         1.000


     MAXIMUM LOG-LIKELIHOOD VALUE FOR THE UNRESTRICTED (H1) MODEL IS -19498.167


UNIVARIATE SAMPLE STATISTICS


     UNIVARIATE HIGHER-ORDER MOMENT DESCRIPTIVE STATISTICS

         Variable/         Mean/     Skewness/   Minimum/ % with                Percentiles
        Sample Size      Variance    Kurtosis    Maximum  Min/Max      20%/60%    40%/80%    Median

     A_00                  1.504       0.173       0.210    0.09%       1.135      1.375      1.488
            1116.000       0.195       0.084       3.135    0.09%       1.605      1.865
     A_01                  1.459       0.270       0.365    0.12%       1.105      1.330      1.440
             820.000       0.183       0.063       3.075    0.12%       1.540      1.815
     A_02                  1.452       0.221       0.350    0.14%       1.110      1.330      1.430
             702.000       0.175       0.205       3.035    0.14%       1.545      1.800
     A_03                  1.391       0.743       0.345    0.19%       1.030      1.260      1.365
             527.000       0.190       3.997       4.430    0.19%       1.495      1.705
     A_04                  1.365       0.057       0.200    0.22%       1.015      1.250      1.382
             450.000       0.166       0.140       2.710    0.22%       1.485      1.695
     B_00                  9.409      -0.034       0.000    2.15%       5.000      8.000     10.000
            1300.000      19.859      -0.522      23.000    0.08%      11.000     13.000
     B_01                  9.922      -0.158       0.000    2.85%       6.000      9.000     10.000
            1124.000      22.618      -0.614      21.000    0.18%      11.000     14.000
     B_02                 10.234      -0.232       0.000    4.73%       6.000      9.000     11.000
            1015.000      26.824      -0.695      22.000    0.10%      12.000     15.000
     B_03                 10.428      -0.280       0.000    5.04%       6.000      9.000     11.000
             893.000      27.259      -0.713      23.000    0.11%      12.000     15.000
     B_04                 10.398      -0.244       0.000    7.01%       5.000      9.000     11.000
             756.000      30.599      -0.669      23.000    0.40%      12.000     15.000
     AGE_C70               9.476      -0.502     -16.653    0.08%       3.372      8.461     10.233
            1303.000      59.863       0.163      30.471    0.08%      12.163     16.048
     EDU_C7                7.354      -0.148      -7.000    0.08%       5.000      6.000      7.000
            1303.000       9.377       1.190      18.000    0.08%       8.000     10.000
     HTM_C                -0.012      -0.223      -0.355    0.15%      -0.076     -0.025     -0.012
            1303.000       0.005       0.977       0.203    0.23%       0.000      0.051

     THE STANDARD ERRORS OF THE MODEL PARAMETER ESTIMATES MAY NOT BE
     TRUSTWORTHY FOR SOME PARAMETERS DUE TO A NON-POSITIVE DEFINITE
     FIRST-ORDER DERIVATIVE PRODUCT MATRIX.  THIS MAY BE DUE TO THE STARTING
     VALUES BUT MAY ALSO BE AN INDICATION OF MODEL NONIDENTIFICATION.  THE
     CONDITION NUMBER IS       0.776D-10.  PROBLEM INVOLVING THE FOLLOWING PARAMETER:
     Parameter 30, R_IAIB


THE MODEL ESTIMATION TERMINATED NORMALLY



MODEL FIT INFORMATION

Number of Free Parameters                       29

Loglikelihood

          H0 Value                      -13445.773
          H0 Scaling Correction Factor      1.7692
            for MLR

Information Criteria

          Akaike (AIC)                   26949.546
          Bayesian (BIC)                 27099.547
          Sample-Size Adjusted BIC       27007.428
            (n* = (n + 2) / 24)



MODEL RESULTS

                                                    Two-Tailed
                    Estimate       S.E.  Est./S.E.    P-Value

 IA         ON
    AGE_C70           -0.021      0.001    -15.057      0.000
    EDU_C7             0.009      0.003      2.711      0.007
    HTM_C              1.805      0.157     11.513      0.000

 SA         ON
    AGE_C70            0.000      0.000     -0.057      0.954
    EDU_C7             0.000      0.001     -0.282      0.778
    HTM_C             -0.032      0.035     -0.919      0.358

 IB         ON
    AGE_C70           -0.125      0.015     -8.594      0.000
    EDU_C7             0.335      0.035      9.652      0.000
    HTM_C              5.910      1.603      3.687      0.000

 SB         ON
    AGE_C70           -0.023      0.004     -5.647      0.000
    EDU_C7             0.031      0.011      2.820      0.005
    HTM_C             -0.138      0.489     -0.282      0.778

 IA       WITH
    SA                -0.001      0.001     -0.950      0.342
    IB                 0.002      0.043      0.035      0.972
    SB                 0.013      0.013      1.012      0.312

 SA       WITH
    IB                 0.007      0.011      0.636      0.525
    SB                -0.002      0.003     -0.759      0.448

 IB       WITH
    SB                 0.524      0.122      4.309      0.000

 A_00     WITH
    B_00               0.005      0.009      0.490      0.624

 A_01     WITH
    B_01               0.005      0.009      0.490      0.624

 A_02     WITH
    B_02               0.005      0.009      0.490      0.624

 A_03     WITH
    B_03               0.005      0.009      0.490      0.624

 A_04     WITH
    B_04               0.005      0.009      0.490      0.624

 Intercepts
    A_00               0.000      0.000    999.000    999.000
    A_01               0.000      0.000    999.000    999.000
    A_02               0.000      0.000    999.000    999.000
    A_03               0.000      0.000    999.000    999.000
    A_04               0.000      0.000    999.000    999.000
    B_00               0.000      0.000    999.000    999.000
    B_01               0.000      0.000    999.000    999.000
    B_02               0.000      0.000    999.000    999.000
    B_03               0.000      0.000    999.000    999.000
    B_04               0.000      0.000    999.000    999.000
    IA                 1.669      0.029     57.711      0.000
    SA                -0.035      0.007     -4.801      0.000
    IB                 8.346      0.305     27.375      0.000
    SB                 0.114      0.095      1.195      0.232

 Residual Variances
    A_00               0.027      0.003      7.875      0.000
    A_01               0.027      0.003      7.875      0.000
    A_02               0.027      0.003      7.875      0.000
    A_03               0.027      0.003      7.875      0.000
    A_04               0.027      0.003      7.875      0.000
    B_00               5.585      0.174     32.063      0.000
    B_01               5.585      0.174     32.063      0.000
    B_02               5.585      0.174     32.063      0.000
    B_03               5.585      0.174     32.063      0.000
    B_04               5.585      0.174     32.063      0.000
    IA                 0.107      0.006     17.728      0.000
    SA                 0.001      0.000      1.595      0.111
    IB                12.237      0.596     20.542      0.000
    SB                 0.368      0.052      7.110      0.000

New/Additional Parameters
    R_IAIB             0.001      0.038      0.035      0.972
    R_SASB            -0.142      0.183     -0.776      0.438
    R_RES_AB           0.012      0.024      0.490      0.624


QUALITY OF NUMERICAL RESULTS

     Condition Number for the Information Matrix              0.776E-10
       (ratio of smallest to largest eigenvalue)


CONFIDENCE INTERVALS OF MODEL RESULTS

                  Lower .5%  Lower 2.5%    Lower 5%    Estimate    Upper 5%  Upper 2.5%   Upper .5%

 IA       ON
    AGE_C70         -0.025      -0.024      -0.024      -0.021      -0.019      -0.019      -0.018
    EDU_C7           0.000       0.002       0.003       0.009       0.014       0.015       0.017
    HTM_C            1.401       1.497       1.547       1.805       2.063       2.112       2.208

 SA       ON
    AGE_C70         -0.001      -0.001      -0.001       0.000       0.001       0.001       0.001
    EDU_C7          -0.002      -0.002      -0.002       0.000       0.001       0.001       0.002
    HTM_C           -0.122      -0.101      -0.090      -0.032       0.025       0.036       0.058

 IB       ON
    AGE_C70         -0.163      -0.154      -0.149      -0.125      -0.101      -0.097      -0.088
    EDU_C7           0.245       0.267       0.278       0.335       0.392       0.403       0.424
    HTM_C            1.781       2.768       3.273       5.910       8.547       9.052      10.039

 SB       ON
    AGE_C70         -0.034      -0.031      -0.030      -0.023      -0.017      -0.015      -0.013
    EDU_C7           0.003       0.010       0.013       0.031       0.049       0.053       0.060
    HTM_C           -1.398      -1.096      -0.942      -0.138       0.667       0.821       1.122

 IA       WITH
    SA              -0.004      -0.003      -0.003      -0.001       0.001       0.001       0.002
    IB              -0.110      -0.083      -0.070       0.002       0.073       0.086       0.113
    SB              -0.020      -0.012      -0.008       0.013       0.033       0.037       0.045

 SA       WITH
    IB              -0.021      -0.015      -0.011       0.007       0.025       0.029       0.035
    SB              -0.011      -0.009      -0.008      -0.002       0.003       0.004       0.006

 IB       WITH
    SB               0.211       0.286       0.324       0.524       0.725       0.763       0.838

 A_00     WITH
    B_00            -0.020      -0.014      -0.011       0.005       0.020       0.023       0.029

 A_01     WITH
    B_01            -0.020      -0.014      -0.011       0.005       0.020       0.023       0.029

 A_02     WITH
    B_02            -0.020      -0.014      -0.011       0.005       0.020       0.023       0.029

 A_03     WITH
    B_03            -0.020      -0.014      -0.011       0.005       0.020       0.023       0.029

 A_04     WITH
    B_04            -0.020      -0.014      -0.011       0.005       0.020       0.023       0.029

 Intercepts
    A_00             0.000       0.000       0.000       0.000       0.000       0.000       0.000
    A_01             0.000       0.000       0.000       0.000       0.000       0.000       0.000
    A_02             0.000       0.000       0.000       0.000       0.000       0.000       0.000
    A_03             0.000       0.000       0.000       0.000       0.000       0.000       0.000
    A_04             0.000       0.000       0.000       0.000       0.000       0.000       0.000
    B_00             0.000       0.000       0.000       0.000       0.000       0.000       0.000
    B_01             0.000       0.000       0.000       0.000       0.000       0.000       0.000
    B_02             0.000       0.000       0.000       0.000       0.000       0.000       0.000
    B_03             0.000       0.000       0.000       0.000       0.000       0.000       0.000
    B_04             0.000       0.000       0.000       0.000       0.000       0.000       0.000
    IA               1.594       1.612       1.621       1.669       1.716       1.726       1.743
    SA              -0.054      -0.049      -0.047      -0.035      -0.023      -0.021      -0.016
    IB               7.561       7.749       7.845       8.346       8.848       8.944       9.131
    SB              -0.132      -0.073      -0.043       0.114       0.271       0.301       0.360

 Residual Variances
    A_00             0.018       0.020       0.021       0.027       0.032       0.033       0.035
    A_01             0.018       0.020       0.021       0.027       0.032       0.033       0.035
    A_02             0.018       0.020       0.021       0.027       0.032       0.033       0.035
    A_03             0.018       0.020       0.021       0.027       0.032       0.033       0.035
    A_04             0.018       0.020       0.021       0.027       0.032       0.033       0.035
    B_00             5.136       5.243       5.298       5.585       5.871       5.926       6.034
    B_01             5.136       5.243       5.298       5.585       5.871       5.926       6.034
    B_02             5.136       5.243       5.298       5.585       5.871       5.926       6.034
    B_03             5.136       5.243       5.298       5.585       5.871       5.926       6.034
    B_04             5.136       5.243       5.298       5.585       5.871       5.926       6.034
    IA               0.092       0.096       0.097       0.107       0.117       0.119       0.123
    SA               0.000       0.000       0.000       0.001       0.002       0.002       0.002
    IB              10.703      11.069      11.257      12.237      13.217      13.405      13.771
    SB               0.235       0.267       0.283       0.368       0.454       0.470       0.502

New/Additional Parameters
    R_IAIB          -0.096      -0.073      -0.061       0.001       0.063       0.075       0.098
    R_SASB          -0.613      -0.500      -0.443      -0.142       0.159       0.217       0.329
    R_RES_AB        -0.051      -0.036      -0.028       0.012       0.052       0.060       0.075


TECHNICAL 1 OUTPUT


     PARAMETER SPECIFICATION


           NU
              A_00          A_01          A_02          A_03          A_04
              ________      ________      ________      ________      ________
 1                  0             0             0             0             0


           NU
              B_00          B_01          B_02          B_03          B_04
              ________      ________      ________      ________      ________
 1                  0             0             0             0             0


           NU
              AGE_C70       EDU_C7        HTM_C
              ________      ________      ________
 1                  0             0             0


           LAMBDA
              IA            SA            IB            SB            AGE_C70
              ________      ________      ________      ________      ________
 A_00               0             0             0             0             0
 A_01               0             0             0             0             0
 A_02               0             0             0             0             0
 A_03               0             0             0             0             0
 A_04               0             0             0             0             0
 B_00               0             0             0             0             0
 B_01               0             0             0             0             0
 B_02               0             0             0             0             0
 B_03               0             0             0             0             0
 B_04               0             0             0             0             0
 AGE_C70            0             0             0             0             0
 EDU_C7             0             0             0             0             0
 HTM_C              0             0             0             0             0


           LAMBDA
              EDU_C7        HTM_C
              ________      ________
 A_00               0             0
 A_01               0             0
 A_02               0             0
 A_03               0             0
 A_04               0             0
 B_00               0             0
 B_01               0             0
 B_02               0             0
 B_03               0             0
 B_04               0             0
 AGE_C70            0             0
 EDU_C7             0             0
 HTM_C              0             0


           THETA
              A_00          A_01          A_02          A_03          A_04
              ________      ________      ________      ________      ________
 A_00               1
 A_01               0             1
 A_02               0             0             1
 A_03               0             0             0             1
 A_04               0             0             0             0             1
 B_00               2             0             0             0             0
 B_01               0             2             0             0             0
 B_02               0             0             2             0             0
 B_03               0             0             0             2             0
 B_04               0             0             0             0             2
 AGE_C70            0             0             0             0             0
 EDU_C7             0             0             0             0             0
 HTM_C              0             0             0             0             0


           THETA
              B_00          B_01          B_02          B_03          B_04
              ________      ________      ________      ________      ________
 B_00               3
 B_01               0             3
 B_02               0             0             3
 B_03               0             0             0             3
 B_04               0             0             0             0             3
 AGE_C70            0             0             0             0             0
 EDU_C7             0             0             0             0             0
 HTM_C              0             0             0             0             0


           THETA
              AGE_C70       EDU_C7        HTM_C
              ________      ________      ________
 AGE_C70            0
 EDU_C7             0             0
 HTM_C              0             0             0


           ALPHA
              IA            SA            IB            SB            AGE_C70
              ________      ________      ________      ________      ________
 1                  4             5             6             7             0


           ALPHA
              EDU_C7        HTM_C
              ________      ________
 1                  0             0


           BETA
              IA            SA            IB            SB            AGE_C70
              ________      ________      ________      ________      ________
 IA                 0             0             0             0             8
 SA                 0             0             0             0            11
 IB                 0             0             0             0            14
 SB                 0             0             0             0            17
 AGE_C70            0             0             0             0             0
 EDU_C7             0             0             0             0             0
 HTM_C              0             0             0             0             0


           BETA
              EDU_C7        HTM_C
              ________      ________
 IA                 9            10
 SA                12            13
 IB                15            16
 SB                18            19
 AGE_C70            0             0
 EDU_C7             0             0
 HTM_C              0             0


           PSI
              IA            SA            IB            SB            AGE_C70
              ________      ________      ________      ________      ________
 IA                20
 SA                21            22
 IB                23            24            25
 SB                26            27            28            29
 AGE_C70            0             0             0             0             0
 EDU_C7             0             0             0             0             0
 HTM_C              0             0             0             0             0


           PSI
              EDU_C7        HTM_C
              ________      ________
 EDU_C7             0
 HTM_C              0             0


     PARAMETER SPECIFICATION FOR THE ADDITIONAL PARAMETERS


           NEW/ADDITIONAL PARAMETERS
              R_IAIB        R_SASB        R_RES_AB
              ________      ________      ________
 1                 30            31            32


     STARTING VALUES


           NU
              A_00          A_01          A_02          A_03          A_04
              ________      ________      ________      ________      ________
 1              0.000         0.000         0.000         0.000         0.000


           NU
              B_00          B_01          B_02          B_03          B_04
              ________      ________      ________      ________      ________
 1              0.000         0.000         0.000         0.000         0.000


           NU
              AGE_C70       EDU_C7        HTM_C
              ________      ________      ________
 1              0.000         0.000         0.000


           LAMBDA
              IA            SA            IB            SB            AGE_C70
              ________      ________      ________      ________      ________
 A_00           0.000         0.000         0.000         0.000         0.000
 A_01           0.000         0.000         0.000         0.000         0.000
 A_02           0.000         0.000         0.000         0.000         0.000
 A_03           0.000         0.000         0.000         0.000         0.000
 A_04           0.000         0.000         0.000         0.000         0.000
 B_00           0.000         0.000         0.000         0.000         0.000
 B_01           0.000         0.000         0.000         0.000         0.000
 B_02           0.000         0.000         0.000         0.000         0.000
 B_03           0.000         0.000         0.000         0.000         0.000
 B_04           0.000         0.000         0.000         0.000         0.000
 AGE_C70        0.000         0.000         0.000         0.000         1.000
 EDU_C7         0.000         0.000         0.000         0.000         0.000
 HTM_C          0.000         0.000         0.000         0.000         0.000


           LAMBDA
              EDU_C7        HTM_C
              ________      ________
 A_00           0.000         0.000
 A_01           0.000         0.000
 A_02           0.000         0.000
 A_03           0.000         0.000
 A_04           0.000         0.000
 B_00           0.000         0.000
 B_01           0.000         0.000
 B_02           0.000         0.000
 B_03           0.000         0.000
 B_04           0.000         0.000
 AGE_C70        0.000         0.000
 EDU_C7         1.000         0.000
 HTM_C          0.000         1.000


           THETA
              A_00          A_01          A_02          A_03          A_04
              ________      ________      ________      ________      ________
 A_00           0.097
 A_01           0.000         0.092
 A_02           0.000         0.000         0.087
 A_03           0.000         0.000         0.000         0.095
 A_04           0.000         0.000         0.000         0.000         0.083
 B_00           0.000         0.000         0.000         0.000         0.000
 B_01           0.000         0.000         0.000         0.000         0.000
 B_02           0.000         0.000         0.000         0.000         0.000
 B_03           0.000         0.000         0.000         0.000         0.000
 B_04           0.000         0.000         0.000         0.000         0.000
 AGE_C70        0.000         0.000         0.000         0.000         0.000
 EDU_C7         0.000         0.000         0.000         0.000         0.000
 HTM_C          0.000         0.000         0.000         0.000         0.000


           THETA
              B_00          B_01          B_02          B_03          B_04
              ________      ________      ________      ________      ________
 B_00           9.929
 B_01           0.000        11.309
 B_02           0.000         0.000        13.412
 B_03           0.000         0.000         0.000        13.630
 B_04           0.000         0.000         0.000         0.000        15.300
 AGE_C70        0.000         0.000         0.000         0.000         0.000
 EDU_C7         0.000         0.000         0.000         0.000         0.000
 HTM_C          0.000         0.000         0.000         0.000         0.000


           THETA
              AGE_C70       EDU_C7        HTM_C
              ________      ________      ________
 AGE_C70        0.000
 EDU_C7         0.000         0.000
 HTM_C          0.000         0.000         0.000


           ALPHA
              IA            SA            IB            SB            AGE_C70
              ________      ________      ________      ________      ________
 1              1.517        -0.028         9.421         0.059         0.000


           ALPHA
              EDU_C7        HTM_C
              ________      ________
 1              0.000         0.000


           BETA
              IA            SA            IB            SB            AGE_C70
              ________      ________      ________      ________      ________
 IA             0.000         0.000         0.000         0.000         0.000
 SA             0.000         0.000         0.000         0.000         0.000
 IB             0.000         0.000         0.000         0.000         0.000
 SB             0.000         0.000         0.000         0.000         0.000
 AGE_C70        0.000         0.000         0.000         0.000         0.000
 EDU_C7         0.000         0.000         0.000         0.000         0.000
 HTM_C          0.000         0.000         0.000         0.000         0.000


           BETA
              EDU_C7        HTM_C
              ________      ________
 IA             0.000         0.000
 SA             0.000         0.000
 IB             0.000         0.000
 SB             0.000         0.000
 AGE_C70        0.000         0.000
 EDU_C7         0.000         0.000
 HTM_C          0.000         0.000


           PSI
              IA            SA            IB            SB            AGE_C70
              ________      ________      ________      ________      ________
 IA             0.199
 SA             0.000         0.028
 IB             0.000         0.000        18.965
 SB             0.000         0.000         0.000         3.755
 AGE_C70        0.000         0.000         0.000         0.000        29.932
 EDU_C7         0.000         0.000         0.000         0.000         0.000
 HTM_C          0.000         0.000         0.000         0.000         0.000


           PSI
              EDU_C7        HTM_C
              ________      ________
 EDU_C7         4.688
 HTM_C          0.000         0.002


     STARTING VALUES FOR THE ADDITIONAL PARAMETERS


           NEW/ADDITIONAL PARAMETERS
              R_IAIB        R_SASB        R_RES_AB
              ________      ________      ________
 1              0.500         0.500         0.500


SAMPLE STATISTICS FOR ESTIMATED FACTOR SCORES


     SAMPLE STATISTICS


           Means
              IA            IA_SE         SA            SA_SE         IB
              ________      ________      ________      ________      ________
 1              1.507         0.120        -0.036         0.026         9.550


           Means
              IB_SE         SB            SB_SE
              ________      ________      ________
 1              1.356         0.124         0.475


           Covariances
              IA            IA_SE         SA            SA_SE         IB
              ________      ________      ________      ________      ________
 IA             0.144
 IA_SE          0.000         0.003
 SA             0.000         0.000         0.000
 SA_SE          0.000         0.000         0.000         0.000
 IB             0.314        -0.007         0.002         0.000        12.895
 IB_SE         -0.009         0.006         0.000         0.000        -0.088
 SB             0.048         0.001        -0.001         0.000         1.044
 SB_SE         -0.003         0.001         0.000         0.000        -0.029


           Covariances
              IB_SE         SB            SB_SE
              ________      ________      ________
 IB_SE          0.050
 SB            -0.008         0.181
 SB_SE          0.011        -0.003         0.004


           Correlations
              IA            IA_SE         SA            SA_SE         IB
              ________      ________      ________      ________      ________
 IA             1.000
 IA_SE         -0.002         1.000
 SA            -0.118        -0.011         1.000
 SA_SE         -0.022         0.520         0.037         1.000
 IB             0.231        -0.037         0.049        -0.074         1.000
 IB_SE         -0.103         0.497         0.035         0.475        -0.109
 SB             0.296         0.022        -0.185        -0.014         0.683
 SB_SE         -0.145         0.418         0.011         0.627        -0.131


           Correlations
              IB_SE         SB            SB_SE
              ________      ________      ________
 IB_SE          1.000
 SB            -0.084         1.000
 SB_SE          0.800        -0.115         1.000


RESULTS SAVING INFORMATION

  Order of data

    Parameter estimates
     (saved in order shown in Technical 1 output)
    Standard errors
     (saved in order shown in Technical 1 output)
    H0 Loglikelihood
    H0 Scaling Correction Factor for MLR
    Number of Free Parameters
    Akaike (AIC)
    Bayesian (BIC)
    Sample-Size Adjusted BIC
    Condition Number

  Save file
    b1_female_aeh_fev_logimemdel_results.dat

  Save file format           Free


PLOT INFORMATION

The following plots are available:

  Histograms (sample values, estimated factor scores)
  Scatterplots (sample values, estimated factor scores)
  Latent variable distribution plots

SAVEDATA INFORMATION


  Save file
    b1_female_aeh_fev_logimemdel_fscores.dat

  Order and format of variables

    A_00           F10.3
    A_01           F10.3
    A_02           F10.3
    A_03           F10.3
    A_04           F10.3
    B_00           F10.3
    B_01           F10.3
    B_02           F10.3
    B_03           F10.3
    B_04           F10.3
    AGE_C70        F10.3
    EDU_C7         F10.3
    HTM_C          F10.3
    TIME_00        F10.3
    TIME_01        F10.3
    TIME_02        F10.3
    TIME_03        F10.3
    TIME_04        F10.3
    IA             F10.3
    IA_SE          F10.3
    SA             F10.3
    SA_SE          F10.3
    IB             F10.3
    IB_SE          F10.3
    SB             F10.3
    SB_SE          F10.3

  Save file format
    26F10.3

  Save file record length    10000


     Beginning Time:  22:19:17
        Ending Time:  22:19:30
       Elapsed Time:  00:00:13



MUTHEN & MUTHEN
3463 Stoner Ave.
Los Angeles, CA  90066

Tel: (310) 391-9971
Fax: (310) 391-8971
Web: www.StatModel.com
Support: Support@StatModel.com

Copyright (c) 1998-2015 Muthen & Muthen
