Mplus VERSION 7.4 (Mac)
MUTHEN & MUTHEN
02/08/2017  10:39 PM

INPUT INSTRUCTIONS

  TITLE:
  Script produced from the prototype in ./sandbox/syntax-creator/
  DATA:
  File = wide-dataset.dat ;
  VARIABLE:
  NAMES are
   id male age_c70 edu_c7 htm_c smoke cardio diabetes dementia_ever
      dementia_baseline bnt_00 bnt_01 bnt_02 bnt_03 bnt_04 bnt_05 bnt_06 bnt_07
      bnt_08 bnt_09 bnt_10 bnt_11 bnt_12 bnt_13 bnt_14 bnt_15 bnt_16 bnt_17
      bnt_18 bostordel_00 bostordel_01 bostordel_02 bostordel_03 bostordel_04
      bostordel_05 bostordel_06 bostordel_07 bostordel_08 bostordel_09 bostordel_10
      bostordel_11 bostordel_12 bostordel_13 bostordel_14 bostordel_15 bostordel_16
      bostordel_17 bostordel_18 bostorim_00 bostorim_01 bostorim_02 bostorim_03
      bostorim_04 bostorim_05 bostorim_06 bostorim_07 bostorim_08 bostorim_09
      bostorim_10 bostorim_11 bostorim_12 bostorim_13 bostorim_14 bostorim_15
      bostorim_16 bostorim_17 bostorim_18 catfluency_00 catfluency_01 catfluency_02
      catfluency_03 catfluency_04 catfluency_05 catfluency_06 catfluency_07
      catfluency_08 catfluency_09 catfluency_10 catfluency_11 catfluency_12
      catfluency_13 catfluency_14 catfluency_15 catfluency_16 catfluency_17
      catfluency_18 complexideas_00 complexideas_01 complexideas_02 complexideas_03
      complexideas_04 complexideas_05 complexideas_06 complexideas_07 complexideas_08
      complexideas_09 complexideas_10 complexideas_11 complexideas_12 complexideas_13
      complexideas_14 complexideas_15 complexideas_16 complexideas_17 complexideas_18
      digitbackward_00 digitbackward_01 digitbackward_02 digitbackward_03
      digitbackward_04 digitbackward_05 digitbackward_06 digitbackward_07
      digitbackward_08 digitbackward_09 digitbackward_10 digitbackward_11
      digitbackward_12 digitbackward_13 digitbackward_14 digitbackward_15
      digitbackward_16 digitbackward_17 digitbackward_18 digitforward_00
      digitforward_01 digitforward_02 digitforward_03 digitforward_04 digitforward_05
      digitforward_06 digitforward_07 digitforward_08 digitforward_09 digitforward_10
      digitforward_11 digitforward_12 digitforward_13 digitforward_14 digitforward_15
      digitforward_16 digitforward_17 digitforward_18 digitorder_00 digitorder_01
      digitorder_02 digitorder_03 digitorder_04 digitorder_05 digitorder_06
      digitorder_07 digitorder_08 digitorder_09 digitorder_10 digitorder_11
      digitorder_12 digitorder_13 digitorder_14 digitorder_15 digitorder_16
      digitorder_17 digitorder_18 fev_00 fev_01 fev_02 fev_03 fev_04 fev_05 fev_06
      fev_07 fev_08 fev_09 fev_10 fev_11 fev_12 fev_13 fev_14 fev_15 fev_16 fev_17
      fev_18 fev100_00 fev100_01 fev100_02 fev100_03 fev100_04 fev100_05 fev100_06
      fev100_07 fev100_08 fev100_09 fev100_10 fev100_11 fev100_12 fev100_13 fev100_14
      fev100_15 fev100_16 fev100_17 fev100_18 gait_00 gait_01 gait_02 gait_03 gait_04
      gait_05 gait_06 gait_07 gait_08 gait_09 gait_10 gait_11 gait_12 gait_13 gait_14
      gait_15 gait_16 gait_17 gait_18 grip_00 grip_01 grip_02 grip_03 grip_04 grip_05
      grip_06 grip_07 grip_08 grip_09 grip_10 grip_11 grip_12 grip_13 grip_14 grip_15
      grip_16 grip_17 grip_18 lineorientation_00 lineorientation_01 lineorientation_02
      lineorientation_03 lineorientation_04 lineorientation_05 lineorientation_06
      lineorientation_07 lineorientation_08 lineorientation_09 lineorientation_10
      lineorientation_11 lineorientation_12 lineorientation_13 lineorientation_14
      lineorientation_15 lineorientation_16 lineorientation_17 lineorientation_18
      logimemdel_00 logimemdel_01 logimemdel_02 logimemdel_03 logimemdel_04
      logimemdel_05 logimemdel_06 logimemdel_07 logimemdel_08 logimemdel_09
      logimemdel_10 logimemdel_11 logimemdel_12 logimemdel_13 logimemdel_14
      logimemdel_15 logimemdel_16 logimemdel_17 logimemdel_18 logimemim_00
      logimemim_01 logimemim_02 logimemim_03 logimemim_04 logimemim_05 logimemim_06
      logimemim_07 logimemim_08 logimemim_09 logimemim_10 logimemim_11 logimemim_12
      logimemim_13 logimemim_14 logimemim_15 logimemim_16 logimemim_17 logimemim_18
      matrices_00 matrices_01 matrices_02 matrices_03 matrices_04 matrices_05
      matrices_06 matrices_07 matrices_08 matrices_09 matrices_10 matrices_11
      matrices_12 matrices_13 matrices_14 matrices_15 matrices_16 matrices_17
      matrices_18 mmse_00 mmse_01 mmse_02 mmse_03 mmse_04 mmse_05 mmse_06 mmse_07
      mmse_08 mmse_09 mmse_10 mmse_11 mmse_12 mmse_13 mmse_14 mmse_15 mmse_16 mmse_17
      mmse_18 nart_00 nart_01 nart_02 nart_03 nart_04 nart_05 nart_06 nart_07 nart_08
      nart_09 nart_10 nart_11 nart_12 nart_13 nart_14 nart_15 nart_16 nart_17 nart_18
      numbercomparison_00 numbercomparison_01 numbercomparison_02 numbercomparison_03
      numbercomparison_04 numbercomparison_05 numbercomparison_06 numbercomparison_07
      numbercomparison_08 numbercomparison_09 numbercomparison_10 numbercomparison_11
      numbercomparison_12 numbercomparison_13 numbercomparison_14 numbercomparison_15
      numbercomparison_16 numbercomparison_17 numbercomparison_18 symbol_00
      symbol_01 symbol_02 symbol_03 symbol_04 symbol_05 symbol_06 symbol_07 symbol_08
      symbol_09 symbol_10 symbol_11 symbol_12 symbol_13 symbol_14 symbol_15 symbol_16
      symbol_17 symbol_18 wordlistdel_00 wordlistdel_01 wordlistdel_02 wordlistdel_03
      wordlistdel_04 wordlistdel_05 wordlistdel_06 wordlistdel_07 wordlistdel_08
      wordlistdel_09 wordlistdel_10 wordlistdel_11 wordlistdel_12 wordlistdel_13
      wordlistdel_14 wordlistdel_15 wordlistdel_16 wordlistdel_17 wordlistdel_18
      wordlistim_00 wordlistim_01 wordlistim_02 wordlistim_03 wordlistim_04
      wordlistim_05 wordlistim_06 wordlistim_07 wordlistim_08 wordlistim_09
      wordlistim_10 wordlistim_11 wordlistim_12 wordlistim_13 wordlistim_14
      wordlistim_15 wordlistim_16 wordlistim_17 wordlistim_18 wordlistrecog_00
      wordlistrecog_01 wordlistrecog_02 wordlistrecog_03 wordlistrecog_04
      wordlistrecog_05 wordlistrecog_06 wordlistrecog_07 wordlistrecog_08
      wordlistrecog_09 wordlistrecog_10 wordlistrecog_11 wordlistrecog_12
      wordlistrecog_13 wordlistrecog_14 wordlistrecog_15 wordlistrecog_16
      wordlistrecog_17 wordlistrecog_18 years_since_bl_00 years_since_bl_01
      years_since_bl_02 years_since_bl_03 years_since_bl_04 years_since_bl_05
      years_since_bl_06 years_since_bl_07 years_since_bl_08 years_since_bl_09
      years_since_bl_10 years_since_bl_11 years_since_bl_12 years_since_bl_13
      years_since_bl_14 years_since_bl_15 years_since_bl_16 years_since_bl_17
      years_since_bl_18
  	;
  Missing are all (-9999);
  USEVARIABLES are
  	!define the variables used in the analysis
  	! covariates used in the model
  age_c70
  edu_c7
  htm_c	
  	!estimated time points
  time_00
  time_01
  time_02
  time_03
  time_04
  	!modelled time points of process (A)
  a_00
  a_01
  a_02
  a_03
  a_04
  	!modelled time points of process (B)
  b_00
  b_01
  b_02
  b_03
  b_04
  ;
  TSCORES are
  	!estimated time points
  time_00
  time_01
  time_02
  time_03
  time_04;
  USEOBSERVATIONS are
  	!select a subset of observations
  male EQ 1
  and
  dementia_baseline NE 1
  ;
  DEFINE:
  	! assign variables to the process (A)
  a_00=gait_00;
  a_01=gait_01;
  a_02=gait_02;
  a_03=gait_03;
  a_04=gait_04;
  	! assign variables to the process (B)
  b_00=symbol_00;
  b_01=symbol_01;
  b_02=symbol_02;
  b_03=symbol_03;
  b_04=symbol_04;
  	!assign variables to time points
  time_00=years_since_bl_00;
  time_01=years_since_bl_01;
  time_02=years_since_bl_02;
  time_03=years_since_bl_03;
  time_04=years_since_bl_04;
  	
  ANALYSIS:
  TYPE = RANDOM;
  COVERAGE=.00;
  MODEL:
  	!first-level equation
  	! assign process (A) to time points
  ia sa | a_00 AT time_00 ;
  ia sa | a_01 AT time_01 ;
  ia sa | a_02 AT time_02 ;
  ia sa | a_03 AT time_03 ;
  ia sa | a_04 AT time_04 ;
  	! assign process (B) to time points
  ib sb | b_00 AT time_00 ;
  ib sb | b_01 AT time_01 ;
  ib sb | b_02 AT time_02 ;
  ib sb | b_03 AT time_03 ;
  ib sb | b_04 AT time_04 ;
  	!variance of the first-level terms
  ia (v_ia);
  sa (v_sa);
  ib (v_ib);
  sb (v_sb);
  	!covariance among first-level terms
  ia WITH sa (c_iasa);
  ia WITH ib (c_iaib);
  ia WITH sb (c_iasb);
  sa WITH ib (c_saib);
  sa WITH sb (c_sasb);
  ib WITH sb (c_ibsb);
  	!second-level equation
  ia sa ib sb ON age_c70
  edu_c7
  htm_c;
  	!residual covariance of process (A)
  a_00 (res_a);
  a_01 (res_a);
  a_02 (res_a);
  a_03 (res_a);
  a_04 (res_a);	
  	!residual covariance of process (B)
  b_00 (res_b);
  b_01 (res_b);
  b_02 (res_b);
  b_03 (res_b);
  b_04 (res_b);	
  	!Paired covariances constrained to be equal across t
  a_00 pwith b_00 (res_cov);
  a_01 pwith b_01 (res_cov);
  a_02 pwith b_02 (res_cov);
  a_03 pwith b_03 (res_cov);
  a_04 pwith b_04 (res_cov);	
  MODEL CONSTRAINT:
  	!assigns labels to new parameters;
  NEW r_iaib;
  NEW r_sasb;
  NEW r_res_ab;
  	!compute confidence intervals for correlation coefficients;
  r_iaib = c_iaib/((v_ia**0.5)*(v_ib**0.5));
  r_sasb = c_sasb/((v_sa**0.5)*(v_sb**0.5));
  r_res_ab = res_cov/((res_a**0.5)*(res_b**0.5));
  SAVEDATA:
  FILE is   b1_male_aeh_gait_symbol_fscores.dat;
  SAVE = FSCORES;
  RESULTS are   b1_male_aeh_gait_symbol_results.dat;
  	
  OUTPUT: sampstat cinterval;
  PLOT: Type is Plot1 Plot2 Plot3;



*** WARNING
  Data set contains cases with missing on x-variables.
  These cases were not included in the analysis.
  Number of cases with missing on x-variables:  6
   1 WARNING(S) FOUND IN THE INPUT INSTRUCTIONS




Script produced from the prototype in ./sandbox/syntax-creator/

SUMMARY OF ANALYSIS

Number of groups                                                 1
Number of observations                                         436

Number of dependent variables                                   10
Number of independent variables                                  3
Number of continuous latent variables                            4

Observed dependent variables

  Continuous
   A_00        A_01        A_02        A_03        A_04        B_00
   B_01        B_02        B_03        B_04

Observed independent variables
   AGE_C70     EDU_C7      HTM_C

Continuous latent variables
   IA          SA          IB          SB

Variables with special functions

  Time scores
   TIME_00     TIME_01     TIME_02     TIME_03     TIME_04


Estimator                                                      MLR
Information matrix                                        OBSERVED
Maximum number of iterations                                   100
Convergence criterion                                    0.100D-05
Maximum number of EM iterations                                500
Convergence criteria for the EM algorithm
  Loglikelihood change                                   0.100D-02
  Relative loglikelihood change                          0.100D-05
  Derivative                                             0.100D-03
Minimum variance                                         0.100D-03
Maximum number of steepest descent iterations                   20
Maximum number of iterations for H1                           2000
Convergence criterion for H1                             0.100D-03
Optimization algorithm                                         EMA

Input data file(s)
  wide-dataset.dat
Input data format  FREE


SUMMARY OF DATA

     Number of missing data patterns            55


COVARIANCE COVERAGE OF DATA

Minimum covariance coverage value   0.000


     PROPORTION OF DATA PRESENT


           Covariance Coverage
              A_00          A_01          A_02          A_03          A_04
              ________      ________      ________      ________      ________
 A_00           0.931
 A_01           0.734         0.759
 A_02           0.608         0.601         0.638
 A_03           0.518         0.505         0.482         0.546
 A_04           0.461         0.447         0.433         0.429         0.482
 B_00           0.927         0.759         0.638         0.546         0.482
 B_01           0.812         0.752         0.624         0.534         0.470
 B_02           0.709         0.670         0.633         0.525         0.468
 B_03           0.612         0.583         0.548         0.541         0.461
 B_04           0.523         0.493         0.475         0.468         0.475
 AGE_C70        0.931         0.759         0.638         0.546         0.482
 EDU_C7         0.931         0.759         0.638         0.546         0.482
 HTM_C          0.931         0.759         0.638         0.546         0.482


           Covariance Coverage
              B_00          B_01          B_02          B_03          B_04
              ________      ________      ________      ________      ________
 B_00           0.995
 B_01           0.860         0.860
 B_02           0.759         0.736         0.759
 B_03           0.663         0.644         0.638         0.663
 B_04           0.567         0.546         0.546         0.548         0.567
 AGE_C70        0.995         0.860         0.759         0.663         0.567
 EDU_C7         0.995         0.860         0.759         0.663         0.567
 HTM_C          0.995         0.860         0.759         0.663         0.567


           Covariance Coverage
              AGE_C70       EDU_C7        HTM_C
              ________      ________      ________
 AGE_C70        1.000
 EDU_C7         1.000         1.000
 HTM_C          1.000         1.000         1.000


SAMPLE STATISTICS


     ESTIMATED SAMPLE STATISTICS


           Means
              A_00          A_01          A_02          A_03          A_04
              ________      ________      ________      ________      ________
 1              0.658         0.627         0.602         0.572         0.557


           Means
              B_00          B_01          B_02          B_03          B_04
              ________      ________      ________      ________      ________
 1             37.012        35.920        34.669        34.155        33.091


           Means
              AGE_C70       EDU_C7        HTM_C
              ________      ________      ________
 1             10.171         8.486         0.016


           Covariances
              A_00          A_01          A_02          A_03          A_04
              ________      ________      ________      ________      ________
 A_00           0.046
 A_01           0.025         0.048
 A_02           0.023         0.025         0.048
 A_03           0.026         0.023         0.031         0.045
 A_04           0.025         0.025         0.029         0.032         0.048
 B_00           0.865         0.801         0.711         0.932         0.900
 B_01           0.969         1.062         0.915         1.180         1.056
 B_02           1.046         1.052         0.991         1.217         1.030
 B_03           1.049         1.130         1.092         1.301         1.242
 B_04           1.142         1.311         1.244         1.503         1.361
 AGE_C70       -0.329        -0.342        -0.334        -0.513        -0.458
 EDU_C7         0.166         0.110         0.090         0.070         0.090
 HTM_C          0.001         0.002         0.002         0.001         0.001


           Covariances
              B_00          B_01          B_02          B_03          B_04
              ________      ________      ________      ________      ________
 B_00         129.611
 B_01         112.041       143.430
 B_02         112.256       128.862       159.720
 B_03         123.861       141.492       147.731       181.940
 B_04         135.392       156.143       162.471       183.932       222.012
 AGE_C70      -22.562       -31.606       -35.203       -34.640       -43.428
 EDU_C7        11.029        12.093        12.144        13.146        13.932
 HTM_C          0.185         0.211         0.255         0.228         0.229


           Covariances
              AGE_C70       EDU_C7        HTM_C
              ________      ________      ________
 AGE_C70       49.582
 EDU_C7         0.951        12.901
 HTM_C         -0.060         0.069         0.006


           Correlations
              A_00          A_01          A_02          A_03          A_04
              ________      ________      ________      ________      ________
 A_00           1.000
 A_01           0.532         1.000
 A_02           0.488         0.519         1.000
 A_03           0.569         0.493         0.671         1.000
 A_04           0.540         0.524         0.598         0.686         1.000
 B_00           0.356         0.319         0.286         0.386         0.360
 B_01           0.379         0.403         0.350         0.464         0.402
 B_02           0.388         0.378         0.359         0.454         0.372
 B_03           0.365         0.381         0.370         0.455         0.420
 B_04           0.359         0.399         0.382         0.475         0.416
 AGE_C70       -0.219        -0.221        -0.217        -0.343        -0.297
 EDU_C7         0.217         0.140         0.114         0.092         0.114
 HTM_C          0.092         0.101         0.104         0.081         0.091


           Correlations
              B_00          B_01          B_02          B_03          B_04
              ________      ________      ________      ________      ________
 B_00           1.000
 B_01           0.822         1.000
 B_02           0.780         0.851         1.000
 B_03           0.807         0.876         0.867         1.000
 B_04           0.798         0.875         0.863         0.915         1.000
 AGE_C70       -0.281        -0.375        -0.396        -0.365        -0.414
 EDU_C7         0.270         0.281         0.268         0.271         0.260
 HTM_C          0.218         0.236         0.271         0.226         0.206


           Correlations
              AGE_C70       EDU_C7        HTM_C
              ________      ________      ________
 AGE_C70        1.000
 EDU_C7         0.038         1.000
 HTM_C         -0.114         0.259         1.000


     MAXIMUM LOG-LIKELIHOOD VALUE FOR THE UNRESTRICTED (H1) MODEL IS -7214.971


UNIVARIATE SAMPLE STATISTICS


     UNIVARIATE HIGHER-ORDER MOMENT DESCRIPTIVE STATISTICS

         Variable/         Mean/     Skewness/   Minimum/ % with                Percentiles
        Sample Size      Variance    Kurtosis    Maximum  Min/Max      20%/60%    40%/80%    Median

     A_00                  0.661       0.277       0.054    0.25%       0.488      0.610      0.642
             406.000       0.046       0.201       1.478    0.25%       0.707      0.827
     A_01                  0.645       0.655       0.118    0.30%       0.473      0.574      0.617
             331.000       0.047       0.978       1.524    0.30%       0.687      0.813
     A_02                  0.632       0.454       0.152    0.36%       0.443      0.574      0.633
             278.000       0.047       0.265       1.318    0.36%       0.697      0.799
     A_03                  0.625       0.508       0.232    0.42%       0.443      0.554      0.610
             238.000       0.040       0.568       1.434    0.42%       0.677      0.799
     A_04                  0.622       0.488       0.119    0.48%       0.469      0.561      0.610
             210.000       0.043       1.381       1.478    0.48%       0.659      0.813
     B_00                 37.053      -0.415       0.000    0.23%      28.000     35.000     39.000
             434.000     129.105       0.101      68.000    0.23%      40.000     47.000
     B_01                 36.469      -0.434       1.000    0.27%      27.000     34.000     37.000
             375.000     138.057      -0.217      60.000    0.27%      40.000     48.000
     B_02                 35.967      -0.431       2.000    0.30%      27.000     34.000     37.000
             331.000     144.836      -0.126      63.000    0.30%      40.000     47.000
     B_03                 36.464      -0.313       4.000    0.69%      27.000     34.000     37.000
             289.000     149.238      -0.261      65.000    0.35%      40.000     48.000
     B_04                 36.445      -0.450       0.000    0.81%      26.000     35.000     38.000
             247.000     163.170      -0.024      66.000    0.40%      40.000     48.000
     AGE_C70              10.171      -0.498     -12.094    0.23%       4.637      9.050     11.002
             436.000      49.582       0.132      28.508    0.23%      12.628     16.026
     EDU_C7                8.486      -0.338      -7.000    0.23%       5.000      8.000      9.000
             436.000      12.901       1.813      21.000    0.46%       9.000     11.000
     HTM_C                 0.016      -0.488      -0.298    0.23%      -0.044      0.007      0.026
             436.000       0.006       0.623       0.185    0.92%       0.033      0.083


THE MODEL ESTIMATION TERMINATED NORMALLY



MODEL FIT INFORMATION

Number of Free Parameters                       29

Loglikelihood

          H0 Value                       -5149.908
          H0 Scaling Correction Factor      1.0780
            for MLR

Information Criteria

          Akaike (AIC)                   10357.816
          Bayesian (BIC)                 10476.068
          Sample-Size Adjusted BIC       10384.037
            (n* = (n + 2) / 24)



MODEL RESULTS

                                                    Two-Tailed
                    Estimate       S.E.  Est./S.E.    P-Value

 IA         ON
    AGE_C70           -0.007      0.001     -4.920      0.000
    EDU_C7             0.012      0.003      3.955      0.000
    HTM_C              0.055      0.135      0.412      0.680

 SA         ON
    AGE_C70           -0.001      0.001     -1.720      0.085
    EDU_C7            -0.002      0.001     -1.771      0.077
    HTM_C              0.010      0.046      0.216      0.829

 IB         ON
    AGE_C70           -0.484      0.071     -6.833      0.000
    EDU_C7             0.789      0.143      5.505      0.000
    HTM_C             20.163      5.997      3.362      0.001

 SB         ON
    AGE_C70           -0.090      0.017     -5.291      0.000
    EDU_C7             0.052      0.035      1.503      0.133
    HTM_C              0.462      1.672      0.276      0.783

 IA       WITH
    SA                 0.000      0.001     -0.145      0.885
    IB                 0.535      0.085      6.308      0.000
    SB                 0.054      0.021      2.518      0.012

 SA       WITH
    IB                 0.012      0.030      0.407      0.684
    SB                 0.007      0.006      1.138      0.255

 IB       WITH
    SB                 4.517      1.269      3.560      0.000

 A_00     WITH
    B_00               0.026      0.025      1.027      0.305

 A_01     WITH
    B_01               0.026      0.025      1.027      0.305

 A_02     WITH
    B_02               0.026      0.025      1.027      0.305

 A_03     WITH
    B_03               0.026      0.025      1.027      0.305

 A_04     WITH
    B_04               0.026      0.025      1.027      0.305

 Intercepts
    A_00               0.000      0.000    999.000    999.000
    A_01               0.000      0.000    999.000    999.000
    A_02               0.000      0.000    999.000    999.000
    A_03               0.000      0.000    999.000    999.000
    A_04               0.000      0.000    999.000    999.000
    B_00               0.000      0.000    999.000    999.000
    B_01               0.000      0.000    999.000    999.000
    B_02               0.000      0.000    999.000    999.000
    B_03               0.000      0.000    999.000    999.000
    B_04               0.000      0.000    999.000    999.000
    IA                 0.622      0.027     22.694      0.000
    SA                -0.004      0.009     -0.437      0.662
    IB                34.813      1.516     22.964      0.000
    SB                -0.520      0.324     -1.605      0.109

 Residual Variances
    A_00               0.020      0.001     13.700      0.000
    A_01               0.020      0.001     13.700      0.000
    A_02               0.020      0.001     13.700      0.000
    A_03               0.020      0.001     13.700      0.000
    A_04               0.020      0.001     13.700      0.000
    B_00              22.078      1.439     15.340      0.000
    B_01              22.078      1.439     15.340      0.000
    B_02              22.078      1.439     15.340      0.000
    B_03              22.078      1.439     15.340      0.000
    B_04              22.078      1.439     15.340      0.000
    IA                 0.021      0.003      8.425      0.000
    SA                 0.000      0.000      1.458      0.145
    IB                79.246      6.846     11.575      0.000
    SB                 1.630      0.400      4.074      0.000

New/Additional Parameters
    R_IAIB             0.410      0.056      7.335      0.000
    R_SASB             0.270      0.233      1.159      0.247
    R_RES_AB           0.039      0.038      1.030      0.303


QUALITY OF NUMERICAL RESULTS

     Condition Number for the Information Matrix              0.112E-06
       (ratio of smallest to largest eigenvalue)


CONFIDENCE INTERVALS OF MODEL RESULTS

                  Lower .5%  Lower 2.5%    Lower 5%    Estimate    Upper 5%  Upper 2.5%   Upper .5%

 IA       ON
    AGE_C70         -0.010      -0.009      -0.009      -0.007      -0.004      -0.004      -0.003
    EDU_C7           0.004       0.006       0.007       0.012       0.016       0.017       0.019
    HTM_C           -0.291      -0.208      -0.166       0.055       0.277       0.319       0.402

 SA       ON
    AGE_C70         -0.002      -0.002      -0.002      -0.001       0.000       0.000       0.000
    EDU_C7          -0.004      -0.003      -0.003      -0.002       0.000       0.000       0.001
    HTM_C           -0.109      -0.081      -0.066       0.010       0.086       0.101       0.129

 IB       ON
    AGE_C70         -0.666      -0.622      -0.600      -0.484      -0.367      -0.345      -0.301
    EDU_C7           0.420       0.508       0.553       0.789       1.024       1.069       1.158
    HTM_C            4.716       8.409      10.298      20.163      30.028      31.917      35.610

 SB       ON
    AGE_C70         -0.134      -0.124      -0.118      -0.090      -0.062      -0.057      -0.046
    EDU_C7          -0.037      -0.016      -0.005       0.052       0.109       0.120       0.141
    HTM_C           -3.846      -2.816      -2.289       0.462       3.212       3.739       4.769

 IA       WITH
    SA              -0.002      -0.001      -0.001       0.000       0.001       0.001       0.002
    IB               0.316       0.368       0.395       0.535       0.674       0.701       0.753
    SB              -0.001       0.012       0.019       0.054       0.089       0.095       0.108

 SA       WITH
    IB              -0.064      -0.046      -0.037       0.012       0.061       0.070       0.088
    SB              -0.009      -0.005      -0.003       0.007       0.017       0.019       0.023

 IB       WITH
    SB               1.249       2.030       2.430       4.517       6.604       7.004       7.785

 A_00     WITH
    B_00            -0.039      -0.023      -0.015       0.026       0.067       0.074       0.090

 A_01     WITH
    B_01            -0.039      -0.023      -0.015       0.026       0.067       0.074       0.090

 A_02     WITH
    B_02            -0.039      -0.023      -0.015       0.026       0.067       0.074       0.090

 A_03     WITH
    B_03            -0.039      -0.023      -0.015       0.026       0.067       0.074       0.090

 A_04     WITH
    B_04            -0.039      -0.023      -0.015       0.026       0.067       0.074       0.090

 Intercepts
    A_00             0.000       0.000       0.000       0.000       0.000       0.000       0.000
    A_01             0.000       0.000       0.000       0.000       0.000       0.000       0.000
    A_02             0.000       0.000       0.000       0.000       0.000       0.000       0.000
    A_03             0.000       0.000       0.000       0.000       0.000       0.000       0.000
    A_04             0.000       0.000       0.000       0.000       0.000       0.000       0.000
    B_00             0.000       0.000       0.000       0.000       0.000       0.000       0.000
    B_01             0.000       0.000       0.000       0.000       0.000       0.000       0.000
    B_02             0.000       0.000       0.000       0.000       0.000       0.000       0.000
    B_03             0.000       0.000       0.000       0.000       0.000       0.000       0.000
    B_04             0.000       0.000       0.000       0.000       0.000       0.000       0.000
    IA               0.552       0.569       0.577       0.622       0.667       0.676       0.693
    SA              -0.027      -0.022      -0.019      -0.004       0.011       0.014       0.019
    IB              30.908      31.842      32.319      34.813      37.307      37.784      38.718
    SB              -1.354      -1.155      -1.053      -0.520       0.013       0.115       0.315

 Residual Variances
    A_00             0.016       0.017       0.017       0.020       0.022       0.023       0.024
    A_01             0.016       0.017       0.017       0.020       0.022       0.023       0.024
    A_02             0.016       0.017       0.017       0.020       0.022       0.023       0.024
    A_03             0.016       0.017       0.017       0.020       0.022       0.023       0.024
    A_04             0.016       0.017       0.017       0.020       0.022       0.023       0.024
    B_00            18.371      19.257      19.710      22.078      24.445      24.899      25.785
    B_01            18.371      19.257      19.710      22.078      24.445      24.899      25.785
    B_02            18.371      19.257      19.710      22.078      24.445      24.899      25.785
    B_03            18.371      19.257      19.710      22.078      24.445      24.899      25.785
    B_04            18.371      19.257      19.710      22.078      24.445      24.899      25.785
    IA               0.015       0.016       0.017       0.021       0.026       0.026       0.028
    SA               0.000       0.000       0.000       0.000       0.001       0.001       0.001
    IB              61.611      65.827      67.984      79.246      90.508      92.664      96.880
    SB               0.599       0.846       0.972       1.630       2.288       2.414       2.660

New/Additional Parameters
    R_IAIB           0.266       0.301       0.318       0.410       0.502       0.520       0.555
    R_SASB          -0.331      -0.187      -0.114       0.270       0.654       0.728       0.872
    R_RES_AB        -0.058      -0.035      -0.023       0.039       0.100       0.112       0.135


SAMPLE STATISTICS FOR ESTIMATED FACTOR SCORES


     SAMPLE STATISTICS


           Means
              IA            IA_SE         SA            SA_SE         IB
              ________      ________      ________      ________      ________
 1              0.655         0.076        -0.027         0.019        36.914


           Means
              IB_SE         SB            SB_SE
              ________      ________      ________
 1              2.786        -0.989         0.947


           Covariances
              IA            IA_SE         SA            SA_SE         IB
              ________      ________      ________      ________      ________
 IA             0.019
 IA_SE         -0.001         0.000
 SA             0.000         0.000         0.000
 SA_SE          0.000         0.000         0.000         0.000
 IB             0.810        -0.034         0.021        -0.003        95.606
 IB_SE         -0.022         0.006         0.000         0.000        -1.153
 SB             0.089        -0.003         0.006         0.000         8.164
 SB_SE         -0.006         0.001         0.000         0.000        -0.317


           Covariances
              IB_SE         SB            SB_SE
              ________      ________      ________
 IB_SE          0.413
 SB            -0.106         1.155
 SB_SE          0.062        -0.036         0.017


           Correlations
              IA            IA_SE         SA            SA_SE         IB
              ________      ________      ________      ________      ________
 IA             1.000
 IA_SE         -0.302         1.000
 SA             0.227         0.069         1.000
 SA_SE         -0.450         0.729        -0.073         1.000
 IB             0.598        -0.214         0.193        -0.293         1.000
 IB_SE         -0.249         0.607         0.010         0.573        -0.183
 SB             0.599        -0.154         0.501        -0.292         0.777
 SB_SE         -0.354         0.603        -0.094         0.851        -0.250


           Correlations
              IB_SE         SB            SB_SE
              ________      ________      ________
 IB_SE          1.000
 SB            -0.154         1.000
 SB_SE          0.741        -0.256         1.000


RESULTS SAVING INFORMATION

  Order of data

    Parameter estimates
     (saved in order shown in Technical 1 output)
    Standard errors
     (saved in order shown in Technical 1 output)
    H0 Loglikelihood
    H0 Scaling Correction Factor for MLR
    Number of Free Parameters
    Akaike (AIC)
    Bayesian (BIC)
    Sample-Size Adjusted BIC
    Condition Number

  Save file
    b1_male_aeh_gait_symbol_results.dat

  Save file format           Free


PLOT INFORMATION

The following plots are available:

  Histograms (sample values, estimated factor scores)
  Scatterplots (sample values, estimated factor scores)
  Latent variable distribution plots

SAVEDATA INFORMATION


  Save file
    b1_male_aeh_gait_symbol_fscores.dat

  Order and format of variables

    A_00           F10.3
    A_01           F10.3
    A_02           F10.3
    A_03           F10.3
    A_04           F10.3
    B_00           F10.3
    B_01           F10.3
    B_02           F10.3
    B_03           F10.3
    B_04           F10.3
    AGE_C70        F10.3
    EDU_C7         F10.3
    HTM_C          F10.3
    TIME_00        F10.3
    TIME_01        F10.3
    TIME_02        F10.3
    TIME_03        F10.3
    TIME_04        F10.3
    IA             F10.3
    IA_SE          F10.3
    SA             F10.3
    SA_SE          F10.3
    IB             F10.3
    IB_SE          F10.3
    SB             F10.3
    SB_SE          F10.3

  Save file format
    26F10.3

  Save file record length    10000


     Beginning Time:  22:39:07
        Ending Time:  22:39:10
       Elapsed Time:  00:00:03



MUTHEN & MUTHEN
3463 Stoner Ave.
Los Angeles, CA  90066

Tel: (310) 391-9971
Fax: (310) 391-8971
Web: www.StatModel.com
Support: Support@StatModel.com

Copyright (c) 1998-2015 Muthen & Muthen
