Mplus VERSION 7.31
MUTHEN & MUTHEN
11/06/2015   1:01 PM

INPUT INSTRUCTIONS

  TITLE: b1 male aehplus pulmonary muscle pef digitbackward

  DATA:  File = octomult_151015.dat;

  VARIABLE: Names are
  Case PairID TwinID Zygosity Female Educyrs EducCat SESgrp Resgrp Smoke
  SESChild SESChOth  HlthLif CogPrev LonelyE Dead DeadAge YTDead TotDem
  DemEver DemType DemAge YTDem dxAngina dxCHF dxMI
  dxStroke dxTIA dxHT dx225diab dx230diab dx235diab
  dxdemAD dxdemVA dxdemPD dxdemPos
  time1 time2 time3 time4 time5
  dedtime1 dedtime2 dedtime3 dedtime4 dedtime5 tvdead1 tvdead2 tvdead3 tvdead4 tvdead5
  demtime1 demtime2 demtime3 demtime4 demtime5 tvdem1 tvdem2 tvdem3 tvdem4 tvdem5
  CompAge1-CompAge5 Marital1-Marital5 weight1-weight5 height1-height5 bmi1-bmi5
  SRhlth1-SRhlth5 living1-living5
  SR2hlth1-SR2hlth5 SROhlth1-SROhlth5 HlthPrv1-HlthPrv5
  HlthTra1-HlthTra5  Vision1-Vision5 Hearing1-Hearing5
  CogPres1-CogPres5 AGames1-AGames5 ACross1-ACross5
  ALiter1-ALiter5 AWrite1-AWrite5 AStudy1-AStudy5 AOther1-AOther5
  LonelyP1-LonelyP5 FrTalk1-FrTalk5 FrPart1-FrPart5
  LackCo1-LackCo5 Abandon1-Abandon5 NumFr1-NumFr5
   NumPref1-NumPref5 SeeChGr1-SeeChGr5
  gait3m1-gait3m5 pek1-pek5 gripp1-gripp5 chr5tim1-chr5tim5
  padl1-padl5 iadl1-iadl5 digspf1-digspf5 digspb1-digspb5
  prose1-prose5 block1-block5 info1-info5 synnum1-synnum5
  figure1-figure5 digsym1-digsym5 psif1-psif5
  mirnam1-mirnam5 mirrcl1-mirrcl5 mirrcg1-mirrcg5 mircor1-mircor5 clock1-clock5
  mmse1-mmse5 mismmse1-mismmse5 filtmmse1-filtmmse5
  highBP1-highBP5 sbp1-sbp5 dbp1-dbp5 MIyn1-MIyn5
  HTyn1-HTyn5 angYN1-angYN5 strokeYN1-strokeYN5
  broncYN1-broncYN5 emphYN1-emphYN5 lung1-lung5 CVD1-CVD5 diabYN1-diabYN5
  p_cncr1-p_cncr5 b_cncr1-b_cncr5 cncr1-cncr5
  cogstat1-cogstat5 demsyn1-demsyn5 demsev1-demsev5
  cesd1-cesd5 miscesd1-miscesd5 filtcesd1-filtcesd5 cesdm1-cesdm5
  lsiz1-lsiz4 mislsiz1-mislsiz4 filtlsiz1-filtlsiz4 lsizm1-lsizm4
  loc1-loc4 misloc1-misloc4 filtloc1-filtloc4 locm1-locm4
  hloc_I1-hloc_I4 mhlocI1-mhlocI4 fhlocI1-fhlocI4 hlocIm1-hlocIm4
  hloc_C1-hloc_C4 mhlocC1-mhlocC4 fhlocC1-fhlocC4 hlocCm1-hlocCm4
  hloc_PO1-hloc_PO4 mhlocPO1-mhlocPO4 fhlocPO1-fhlocPO4 hlocPOm1-hlocPOm4
  epi_e1-epi_e4 miepie1-miepie4 filepie1-filepie4 epiem1-epiem4
  epi_n1-epi_n4 miepin1-miepin4 filepin1-filepin4 epinm1-epinm4
  BPEVER DIABEVER HRTEVER STRKEVER CNCREVER comorbid;


         MISSING are .; !specification of missing observations coded in data file
         USEVAR are  time1 time2 time3 time4 time5
                     p1 p2 p3 p4 p5
                     c1 c2 c3 c4 c5
                     Bage Educ SmokHist heightc
                     diabetes cardio;
         TSCORES =   time1 time2 time3 time4 time5;

         USEOBSERVATIONS are DemEver EQ 0 and female EQ 0;

  Define: c1=digspb1; c2=digspb2; c3=digspb3; c4=digspb4; c5=digspb5;

          p1=pek1; p2=pek2; p3=pek3; p4=pek4; p5=pek5;

          Bage=compage1-80;   !Centered at Age 80
          Bagesq=(compage1-80)**2;
          Dage=YTDead;
          Sex=female;         !0=Male
          Educ=Educyrs-7;     ! Centered at 7 years
          SEP=SESgrp;
          !Marstat;
          Heightc=height1-172;
          !Weight
          !BMI
          if (smoke eq 0) then smokhist=0;
          if (smoke NE 0) then smokhist=1;
          Cardio=CVD1;
          Diabetes = diabYN1;
          !MorbInd;

          BageEduc=Bage*Educ;

  ANALYSIS: TYPE = RANDOM;

  MODEL:  ip sp | p1-p5 AT time1-time5;
          ic sc | c1-c5 AT time1-time5;
          ip (v_ip);
          sp (v_sp);
          ic (v_ic);
          sc (v_sc);
          ip WITH sp (c_ipsp);
          ip WITH ic (c_ipic);
          ip WITH sc (c_ipsc);
          sp WITH ic (c_spic);
          sp WITH sc (c_spsc);
          ic WITH sc (c_icsc);

          ip sp ic sc ON Bage Educ heightc diabetes SmokHist cardio;

          p1-p5 (res_p);
          c1-c5 (res_c);
          p1-p5 pwith c1-c5(res_cov); !Paired covariances constrained to be equal

  MODEL CONSTRAINT:

  !        NEW r_ipsp;
          NEW r_ipic;
  !        NEW r_ipsc;
  !        NEW r_spic;
          NEW r_spsc;
  !        NEW r_icsc;

          NEW r_res_pc;

  !        r_ipsp = c_ipsp/((v_ip**0.5)*(v_sp**0.5));
          r_ipic = c_ipic/((v_ip**0.5)*(v_ic**0.5));
  !        r_ipsc = c_ipsc/((v_ip**0.5)*(v_sc**0.5));
  !        r_spic = c_spic/((v_sp**0.5)*(v_ic**0.5));
          r_spsc = c_spsc/((v_sp**0.5)*(v_sc**0.5));
  !        r_icsc = c_icsc/((v_ic**0.5)*(v_sc**0.5));

          r_res_pc = res_cov/((res_p**0.5)*(res_c**0.5));
  SAVEDATA:
  FILE IS   OCTOfSlopes_male_aehplus_pef_digitbackward;
  SAVE = FSCORES;
  PLOT:
   TYPE IS PLOT3;




  OUTPUT: sampstat Cinterval;





*** WARNING
  Data set contains cases with missing on x-variables.
  These cases were not included in the analysis.
  Number of cases with missing on x-variables:  26
*** WARNING
  Data set contains cases with missing on all variables except
  x-variables.  These cases were not included in the analysis.
  Number of cases with missing on all variables except x-variables:  2
   2 WARNING(S) FOUND IN THE INPUT INSTRUCTIONS



b1 male aehplus pulmonary muscle pef digitbackward

SUMMARY OF ANALYSIS

Number of groups                                                 1
Number of observations                                         138

Number of dependent variables                                   10
Number of independent variables                                  6
Number of continuous latent variables                            4

Observed dependent variables

  Continuous
   P1          P2          P3          P4          P5          C1
   C2          C3          C4          C5

Observed independent variables
   BAGE        EDUC        SMOKHIST    HEIGHTC     DIABETES    CARDIO

Continuous latent variables
   IP          SP          IC          SC

Variables with special functions

  Time scores
   TIME1       TIME2       TIME3       TIME4       TIME5


Estimator                                                      MLR
Information matrix                                        OBSERVED
Maximum number of iterations                                   100
Convergence criterion                                    0.100D-05
Maximum number of EM iterations                                500
Convergence criteria for the EM algorithm
  Loglikelihood change                                   0.100D-02
  Relative loglikelihood change                          0.100D-05
  Derivative                                             0.100D-03
Minimum variance                                         0.100D-03
Maximum number of steepest descent iterations                   20
Maximum number of iterations for H1                           2000
Convergence criterion for H1                             0.100D-03
Optimization algorithm                                         EMA

Input data file(s)
  octomult_151015.dat
Input data format  FREE


SUMMARY OF DATA

     Number of missing data patterns            37


COVARIANCE COVERAGE OF DATA

Minimum covariance coverage value   0.100


     PROPORTION OF DATA PRESENT


           Covariance Coverage
              P1            P2            P3            P4            P5
              ________      ________      ________      ________      ________
 P1             0.841
 P2             0.623         0.674
 P3             0.449         0.471         0.478
 P4             0.319         0.319         0.319         0.333
 P5             0.225         0.225         0.225         0.225         0.232
 C1             0.833         0.667         0.478         0.333         0.232
 C2             0.674         0.645         0.464         0.319         0.217
 C3             0.514         0.507         0.449         0.312         0.225
 C4             0.377         0.355         0.341         0.319         0.217
 C5             0.246         0.239         0.225         0.217         0.196
 BAGE           0.841         0.674         0.478         0.333         0.232
 EDUC           0.841         0.674         0.478         0.333         0.232
 SMOKHIST       0.841         0.674         0.478         0.333         0.232
 HEIGHTC        0.841         0.674         0.478         0.333         0.232
 DIABETES       0.841         0.674         0.478         0.333         0.232
 CARDIO         0.841         0.674         0.478         0.333         0.232


           Covariance Coverage
              C1            C2            C3            C4            C5
              ________      ________      ________      ________      ________
 C1             0.978
 C2             0.754         0.768
 C3             0.572         0.565         0.587
 C4             0.391         0.391         0.377         0.391
 C5             0.254         0.246         0.246         0.246         0.254
 BAGE           0.978         0.768         0.587         0.391         0.254
 EDUC           0.978         0.768         0.587         0.391         0.254
 SMOKHIST       0.978         0.768         0.587         0.391         0.254
 HEIGHTC        0.978         0.768         0.587         0.391         0.254
 DIABETES       0.978         0.768         0.587         0.391         0.254
 CARDIO         0.978         0.768         0.587         0.391         0.254


           Covariance Coverage
              BAGE          EDUC          SMOKHIST      HEIGHTC       DIABETES
              ________      ________      ________      ________      ________
 BAGE           1.000
 EDUC           1.000         1.000
 SMOKHIST       1.000         1.000         1.000
 HEIGHTC        1.000         1.000         1.000         1.000
 DIABETES       1.000         1.000         1.000         1.000         1.000
 CARDIO         1.000         1.000         1.000         1.000         1.000


           Covariance Coverage
              CARDIO
              ________
 CARDIO         1.000


SAMPLE STATISTICS


     ESTIMATED SAMPLE STATISTICS


           Means
              P1            P2            P3            P4            P5
              ________      ________      ________      ________      ________
 1            394.295       401.201       377.778       341.760       332.495


           Means
              C1            C2            C3            C4            C5
              ________      ________      ________      ________      ________
 1              3.353         3.343         3.158         2.980         2.842


           Means
              BAGE          EDUC          SMOKHIST      HEIGHTC       DIABETES
              ________      ________      ________      ________      ________
 1              2.886         0.609         0.725        -0.978         0.109


           Means
              CARDIO
              ________
 1              0.457


           Covariances
              P1            P2            P3            P4            P5
              ________      ________      ________      ________      ________
 P1         13463.296
 P2         10770.480     13296.853
 P3          9853.298      8861.276     11414.197
 P4          9033.532      9531.378      7886.970     13143.274
 P5          9158.936     12082.894      9931.052      8182.276     31368.116
 C1            55.075        36.680        53.908        13.651        55.330
 C2            43.137         2.173        32.118         8.430       -42.607
 C3            49.942        24.635        50.921        27.204        26.974
 C4            35.888        -2.563        28.972        14.578       -25.499
 C5            26.133        -9.694        43.036        11.974        62.685
 BAGE         -78.154       -94.451      -101.502      -113.896      -105.665
 EDUC         105.731        50.639        68.399        22.080       158.796
 SMOKHIST      -5.697        -7.203       -12.956       -14.355       -18.109
 HEIGHTC      137.426        74.197       157.575        92.980       329.117
 DIABETES       3.455         3.282         4.854        -8.242        22.971
 CARDIO        -6.194       -10.929       -13.109        -3.591       -11.726


           Covariances
              C1            C2            C3            C4            C5
              ________      ________      ________      ________      ________
 C1             2.261
 C2             1.267         2.293
 C3             0.920         1.034         1.827
 C4             0.560         1.133         1.100         2.142
 C5             1.134         1.315         0.735         0.977         2.486
 BAGE          -0.616        -0.682        -0.408        -0.059        -0.841
 EDUC           1.206         1.855         1.384         1.569        -0.160
 SMOKHIST      -0.055         0.009        -0.090         0.027        -0.248
 HEIGHTC        0.217         1.600         1.887         1.771         2.328
 DIABETES      -0.024        -0.091         0.000        -0.138        -0.042
 CARDIO        -0.184        -0.106        -0.124        -0.070        -0.024


           Covariances
              BAGE          EDUC          SMOKHIST      HEIGHTC       DIABETES
              ________      ________      ________      ________      ________
 BAGE           6.976
 EDUC          -0.931        10.441
 SMOKHIST      -0.050         0.175         0.200
 HEIGHTC       -0.411         3.951         0.086        40.949
 DIABETES       0.005        -0.052         0.001        -0.068         0.097
 CARDIO        -0.046        -0.242         0.024        -0.032         0.008


           Covariances
              CARDIO
              ________
 CARDIO         0.248


           Correlations
              P1            P2            P3            P4            P5
              ________      ________      ________      ________      ________
 P1             1.000
 P2             0.805         1.000
 P3             0.795         0.719         1.000
 P4             0.679         0.721         0.644         1.000
 P5             0.446         0.592         0.525         0.403         1.000
 C1             0.316         0.212         0.336         0.079         0.208
 C2             0.245         0.012         0.199         0.049        -0.159
 C3             0.318         0.158         0.353         0.176         0.113
 C4             0.211        -0.015         0.185         0.087        -0.098
 C5             0.143        -0.053         0.255         0.066         0.224
 BAGE          -0.255        -0.310        -0.360        -0.376        -0.226
 EDUC           0.282         0.136         0.198         0.060         0.277
 SMOKHIST      -0.110        -0.140        -0.271        -0.280        -0.229
 HEIGHTC        0.185         0.101         0.230         0.127         0.290
 DIABETES       0.096         0.091         0.146        -0.231         0.417
 CARDIO        -0.107        -0.190        -0.246        -0.063        -0.133


           Correlations
              C1            C2            C3            C4            C5
              ________      ________      ________      ________      ________
 C1             1.000
 C2             0.556         1.000
 C3             0.453         0.505         1.000
 C4             0.254         0.511         0.556         1.000
 C5             0.478         0.551         0.345         0.423         1.000
 BAGE          -0.155        -0.171        -0.114        -0.015        -0.202
 EDUC           0.248         0.379         0.317         0.332        -0.031
 SMOKHIST      -0.082         0.013        -0.149         0.042        -0.352
 HEIGHTC        0.023         0.165         0.218         0.189         0.231
 DIABETES      -0.051        -0.193        -0.001        -0.303        -0.085
 CARDIO        -0.245        -0.141        -0.185        -0.096        -0.030


           Correlations
              BAGE          EDUC          SMOKHIST      HEIGHTC       DIABETES
              ________      ________      ________      ________      ________
 BAGE           1.000
 EDUC          -0.109         1.000
 SMOKHIST      -0.043         0.121         1.000
 HEIGHTC       -0.024         0.191         0.030         1.000
 DIABETES       0.006        -0.051         0.007        -0.034         1.000
 CARDIO        -0.035        -0.150         0.109        -0.010         0.054


           Correlations
              CARDIO
              ________
 CARDIO         1.000


     MAXIMUM LOG-LIKELIHOOD VALUE FOR THE UNRESTRICTED (H1) MODEL IS -3997.615


UNIVARIATE SAMPLE STATISTICS


     UNIVARIATE HIGHER-ORDER MOMENT DESCRIPTIVE STATISTICS

         Variable/         Mean/     Skewness/   Minimum/ % with                Percentiles
        Sample Size      Variance    Kurtosis    Maximum  Min/Max      20%/60%    40%/80%    Median

     P1                  396.422      -0.577      90.000    0.86%     300.000    360.000    400.000
             116.000   13135.261      -0.082     620.000    0.86%     440.000    500.000
     P2                  411.720      -0.211     120.000    1.08%     310.000    400.000    420.000
              93.000   12280.911      -0.284     680.000    1.08%     440.000    500.000
     P3                  399.773      -0.478     190.000    1.52%     310.000    380.000    420.000
              66.000    9473.054      -0.379     600.000    1.52%     440.000    480.000
     P4                  375.652      -0.172     150.000    2.17%     270.000    320.000    385.000
              46.000   10915.879      -0.972     560.000    2.17%     420.000    470.000
     P5                  331.094       0.497     150.000    3.12%     210.000    250.000    290.000
              32.000   14927.710      -0.706     630.000    3.12%     350.000    470.000
     C1                    3.363      -0.971       0.000   12.59%       3.000      3.000      4.000
             135.000       2.261       0.801       6.000    5.19%       4.000      4.000
     C2                    3.443      -0.911       0.000   11.32%       3.000      3.000      4.000
             106.000       2.190       1.276       7.000    1.89%       4.000      4.000
     C3                    3.173      -1.280       0.000   12.35%       3.000      3.000      3.000
              81.000       1.822       1.149       5.000    9.88%       4.000      4.000
     C4                    3.037      -1.088       0.000   14.81%       3.000      3.000      3.000
              54.000       1.999       0.726       6.000    1.85%       3.000      4.000
     C5                    3.000      -1.248       0.000   14.29%       3.000      3.000      3.000
              35.000       1.829       0.828       5.000    5.71%       3.000      4.000
     BAGE                  2.886       1.147      -0.564    0.72%       0.847      1.432      1.989
             138.000       6.976       0.515      11.784    0.72%       2.542      4.946
     EDUC                  0.609       2.330      -4.000    2.90%      -1.000     -1.000      0.000
             138.000      10.441       5.875      16.000    0.72%       0.000      1.000
     SMOKHIST              0.725      -1.006       0.000   27.54%       0.000      1.000      1.000
             138.000       0.200      -0.988       1.000   72.46%       1.000      1.000
     HEIGHTC              -0.978       0.282     -17.000    0.72%      -6.000     -3.000     -2.000
             138.000      40.949       0.321      17.000    1.45%       0.000      4.000
     DIABETES              0.109       2.514       0.000   89.13%       0.000      0.000      0.000
             138.000       0.097       4.322       1.000   10.87%       0.000      0.000
     CARDIO                0.457       0.175       0.000   54.35%       0.000      0.000      0.000
             138.000       0.248      -1.970       1.000   45.65%       1.000      1.000


THE MODEL ESTIMATION TERMINATED NORMALLY



MODEL FIT INFORMATION

Number of Free Parameters                       41

Loglikelihood

          H0 Value                       -2723.522
          H0 Scaling Correction Factor      1.0329
            for MLR

Information Criteria

          Akaike (AIC)                    5529.045
          Bayesian (BIC)                  5649.062
          Sample-Size Adjusted BIC        5519.352
            (n* = (n + 2) / 24)



MODEL RESULTS

                                                    Two-Tailed
                    Estimate       S.E.  Est./S.E.    P-Value

 IP         ON
    BAGE             -11.580      4.093     -2.829      0.005
    EDUC               6.773      2.115      3.202      0.001
    HEIGHTC            2.035      1.479      1.376      0.169
    DIABETES          41.153     26.417      1.558      0.119
    SMOKHIST         -33.677     21.901     -1.538      0.124
    CARDIO           -22.008     19.619     -1.122      0.262

 SP         ON
    BAGE               0.019      0.954      0.020      0.984
    EDUC              -0.478      0.579     -0.825      0.410
    HEIGHTC            0.260      0.265      0.980      0.327
    DIABETES          -4.400      4.193     -1.049      0.294
    SMOKHIST          -5.162      3.567     -1.447      0.148
    CARDIO            -2.873      3.178     -0.904      0.366

 IC         ON
    BAGE              -0.077      0.043     -1.777      0.076
    EDUC               0.122      0.026      4.673      0.000
    HEIGHTC            0.002      0.017      0.128      0.898
    DIABETES          -0.297      0.427     -0.696      0.487
    SMOKHIST          -0.192      0.276     -0.697      0.486
    CARDIO            -0.567      0.242     -2.345      0.019

 SC         ON
    BAGE               0.002      0.013      0.115      0.909
    EDUC              -0.003      0.008     -0.361      0.718
    HEIGHTC            0.006      0.004      1.658      0.097
    DIABETES          -0.033      0.120     -0.273      0.785
    SMOKHIST          -0.037      0.080     -0.463      0.643
    CARDIO             0.088      0.055      1.583      0.113

 IP       WITH
    SP              -300.332    163.592     -1.836      0.066
    IC                28.913     13.022      2.220      0.026
    SC                -3.036      3.329     -0.912      0.362

 SP       WITH
    IC                -3.447      1.888     -1.826      0.068
    SC                 0.328      0.373      0.881      0.378

 IC       WITH
    SC                -0.092      0.049     -1.870      0.061

 P1       WITH
    C1                -5.135      4.877     -1.053      0.292

 P2       WITH
    C2                -5.135      4.877     -1.053      0.292

 P3       WITH
    C3                -5.135      4.877     -1.053      0.292

 P4       WITH
    C4                -5.135      4.877     -1.053      0.292

 P5       WITH
    C5                -5.135      4.877     -1.053      0.292

 Intercepts
    P1                 0.000      0.000    999.000    999.000
    P2                 0.000      0.000    999.000    999.000
    P3                 0.000      0.000    999.000    999.000
    P4                 0.000      0.000    999.000    999.000
    P5                 0.000      0.000    999.000    999.000
    C1                 0.000      0.000    999.000    999.000
    C2                 0.000      0.000    999.000    999.000
    C3                 0.000      0.000    999.000    999.000
    C4                 0.000      0.000    999.000    999.000
    C5                 0.000      0.000    999.000    999.000
    IP               466.550     23.552     19.810      0.000
    SP                -3.182      3.635     -0.875      0.381
    IC                 3.973      0.260     15.309      0.000
    SC                -0.064      0.089     -0.720      0.471

 Residual Variances
    P1              3327.418    416.101      7.997      0.000
    P2              3327.418    416.101      7.997      0.000
    P3              3327.418    416.101      7.997      0.000
    P4              3327.418    416.101      7.997      0.000
    P5              3327.418    416.101      7.997      0.000
    C1                 0.949      0.136      6.976      0.000
    C2                 0.949      0.136      6.976      0.000
    C3                 0.949      0.136      6.976      0.000
    C4                 0.949      0.136      6.976      0.000
    C5                 0.949      0.136      6.976      0.000
    IP              8379.631   1437.597      5.829      0.000
    SP                38.963     23.137      1.684      0.092
    IC                 1.069      0.265      4.035      0.000
    SC                 0.021      0.015      1.375      0.169

New/Additional Parameters
    R_IPIC             0.305      0.133      2.297      0.022
    R_SPSC             0.362      0.406      0.892      0.372
    R_RES_PC          -0.091      0.083     -1.096      0.273


QUALITY OF NUMERICAL RESULTS

     Condition Number for the Information Matrix              0.149E-06
       (ratio of smallest to largest eigenvalue)


CONFIDENCE INTERVALS OF MODEL RESULTS

                  Lower .5%  Lower 2.5%    Lower 5%    Estimate    Upper 5%  Upper 2.5%   Upper .5%

 IP       ON
    BAGE           -22.123     -19.603     -18.313     -11.580      -4.847      -3.558      -1.038
    EDUC             1.325       2.628       3.294       6.773      10.253      10.919      12.221
    HEIGHTC         -1.775      -0.864      -0.399       2.035       4.468       4.934       5.845
    DIABETES       -26.893     -10.625      -2.304      41.153      84.609      92.930     109.198
    SMOKHIST       -90.091     -76.604     -69.705     -33.677       2.351       9.250      22.737
    CARDIO         -72.542     -60.461     -54.281     -22.008      10.266      16.446      28.527

 SP       ON
    BAGE            -2.437      -1.850      -1.550       0.019       1.589       1.889       2.476
    EDUC            -1.969      -1.613      -1.430      -0.478       0.475       0.657       1.014
    HEIGHTC         -0.423      -0.260      -0.176       0.260       0.696       0.780       0.943
    DIABETES       -15.200     -12.618     -11.297      -4.400       2.497       3.818       6.400
    SMOKHIST       -14.349     -12.152     -11.029      -5.162       0.705       1.829       4.025
    CARDIO         -11.060      -9.102      -8.101      -2.873       2.355       3.356       5.313

 IC       ON
    BAGE            -0.188      -0.162      -0.148      -0.077      -0.006       0.008       0.035
    EDUC             0.055       0.071       0.079       0.122       0.164       0.173       0.189
    HEIGHTC         -0.040      -0.030      -0.025       0.002       0.029       0.034       0.045
    DIABETES        -1.398      -1.135      -1.000      -0.297       0.406       0.540       0.803
    SMOKHIST        -0.904      -0.734      -0.647      -0.192       0.262       0.349       0.519
    CARDIO          -1.189      -1.041      -0.965      -0.567      -0.169      -0.093       0.056

 SC       ON
    BAGE            -0.032      -0.024      -0.020       0.002       0.023       0.027       0.035
    EDUC            -0.024      -0.019      -0.016      -0.003       0.011       0.013       0.018
    HEIGHTC         -0.004      -0.001       0.000       0.006       0.013       0.014       0.016
    DIABETES        -0.341      -0.267      -0.230      -0.033       0.164       0.202       0.276
    SMOKHIST        -0.245      -0.195      -0.170      -0.037       0.095       0.120       0.170
    CARDIO          -0.055      -0.021      -0.003       0.088       0.178       0.196       0.230

 IP       WITH
    SP            -721.712    -620.972    -569.441    -300.332     -31.223      20.308     121.048
    IC              -4.629       3.390       7.492      28.913      50.334      54.436      62.455
    SC             -11.610      -9.561      -8.512      -3.036       2.439       3.488       5.538

 SP       WITH
    IC              -8.309      -7.146      -6.552      -3.447      -0.341       0.253       1.416
    SC              -0.632      -0.402      -0.285       0.328       0.941       1.059       1.288

 IC       WITH
    SC              -0.218      -0.188      -0.172      -0.092      -0.011       0.004       0.035

 P1       WITH
    C1             -17.697     -14.694     -13.158      -5.135       2.887       4.423       7.427

 P2       WITH
    C2             -17.697     -14.694     -13.158      -5.135       2.887       4.423       7.427

 P3       WITH
    C3             -17.697     -14.694     -13.158      -5.135       2.887       4.423       7.427

 P4       WITH
    C4             -17.697     -14.694     -13.158      -5.135       2.887       4.423       7.427

 P5       WITH
    C5             -17.697     -14.694     -13.158      -5.135       2.887       4.423       7.427

 Intercepts
    P1               0.000       0.000       0.000       0.000       0.000       0.000       0.000
    P2               0.000       0.000       0.000       0.000       0.000       0.000       0.000
    P3               0.000       0.000       0.000       0.000       0.000       0.000       0.000
    P4               0.000       0.000       0.000       0.000       0.000       0.000       0.000
    P5               0.000       0.000       0.000       0.000       0.000       0.000       0.000
    C1               0.000       0.000       0.000       0.000       0.000       0.000       0.000
    C2               0.000       0.000       0.000       0.000       0.000       0.000       0.000
    C3               0.000       0.000       0.000       0.000       0.000       0.000       0.000
    C4               0.000       0.000       0.000       0.000       0.000       0.000       0.000
    C5               0.000       0.000       0.000       0.000       0.000       0.000       0.000
    IP             405.885     420.388     427.807     466.550     505.292     512.711     527.214
    SP             -12.546     -10.307      -9.162      -3.182       2.797       3.942       6.181
    IC               3.304       3.464       3.546       3.973       4.400       4.481       4.641
    SC              -0.292      -0.237      -0.210      -0.064       0.082       0.110       0.164

 Residual Variances
    P1            2255.625    2511.860    2642.932    3327.418    4011.904    4142.976    4399.211
    P2            2255.625    2511.860    2642.932    3327.418    4011.904    4142.976    4399.211
    P3            2255.625    2511.860    2642.932    3327.418    4011.904    4142.976    4399.211
    P4            2255.625    2511.860    2642.932    3327.418    4011.904    4142.976    4399.211
    P5            2255.625    2511.860    2642.932    3327.418    4011.904    4142.976    4399.211
    C1               0.599       0.682       0.725       0.949       1.173       1.216       1.300
    C2               0.599       0.682       0.725       0.949       1.173       1.216       1.300
    C3               0.599       0.682       0.725       0.949       1.173       1.216       1.300
    C4               0.599       0.682       0.725       0.949       1.173       1.216       1.300
    C5               0.599       0.682       0.725       0.949       1.173       1.216       1.300
    IP            4676.667    5561.940    6014.783    8379.631   10744.479   11197.322   12082.594
    SP             -20.634      -6.386       0.902      38.963      77.024      84.312      98.560
    IC               0.387       0.550       0.633       1.069       1.505       1.589       1.752
    SC              -0.018      -0.009      -0.004       0.021       0.046       0.051       0.061

New/Additional Parameters
    R_IPIC          -0.037       0.045       0.087       0.305       0.524       0.566       0.648
    R_SPSC          -0.683      -0.433      -0.305       0.362       1.029       1.156       1.406
    R_RES_PC        -0.306      -0.255      -0.229      -0.091       0.046       0.072       0.123


SAMPLE STATISTICS FOR ESTIMATED FACTOR SCORES


     SAMPLE STATISTICS


           Means
              IP            IP_SE         SP            SP_SE         IC
              ________      ________      ________      ________      ________
 1            405.282        43.094        -9.204         5.084         3.392


           Means
              IC_SE         SC            SC_SE
              ________      ________      ________
 1              0.608        -0.058         0.121


           Covariances
              IP            IP_SE         SP            SP_SE         IC
              ________      ________      ________      ________      ________
 IP          8517.993
 IP_SE       -166.078       266.472
 SP          -185.297        11.410        27.306
 SP_SE         -5.024         4.268         0.250         0.096
 IC            47.145        -1.982        -2.200        -0.053         1.038
 IC_SE         -1.528         0.555         0.037         0.012        -0.011
 SC            -2.711         0.211         0.260         0.004        -0.063
 SC_SE         -0.234         0.089         0.010         0.003        -0.002


           Covariances
              IC_SE         SC            SC_SE
              ________      ________      ________
 IC_SE          0.004
 SC             0.001         0.010
 SC_SE          0.000         0.000         0.000


           Correlations
              IP            IP_SE         SP            SP_SE         IC
              ________      ________      ________      ________      ________
 IP             1.000
 IP_SE         -0.110         1.000
 SP            -0.384         0.134         1.000
 SP_SE         -0.175         0.843         0.154         1.000
 IC             0.501        -0.119        -0.413        -0.166         1.000
 IC_SE         -0.265         0.543         0.112         0.612        -0.176
 SC            -0.290         0.128         0.492         0.112        -0.611
 SC_SE         -0.232         0.500         0.172         0.761        -0.151


           Correlations
              IC_SE         SC            SC_SE
              ________      ________      ________
 IC_SE          1.000
 SC             0.094         1.000
 SC_SE          0.609         0.145         1.000


PLOT INFORMATION

The following plots are available:

  Histograms (sample values, estimated factor scores)
  Scatterplots (sample values, estimated factor scores)
  Latent variable distribution plots

SAVEDATA INFORMATION


  Save file
    OCTOfSlopes_male_aehplus_pef_digitbackward

  Order and format of variables

    P1             F10.3
    P2             F10.3
    P3             F10.3
    P4             F10.3
    P5             F10.3
    C1             F10.3
    C2             F10.3
    C3             F10.3
    C4             F10.3
    C5             F10.3
    BAGE           F10.3
    EDUC           F10.3
    SMOKHIST       F10.3
    HEIGHTC        F10.3
    DIABETES       F10.3
    CARDIO         F10.3
    TIME1          F10.3
    TIME2          F10.3
    TIME3          F10.3
    TIME4          F10.3
    TIME5          F10.3
    IP             F10.3
    IP_SE          F10.3
    SP             F10.3
    SP_SE          F10.3
    IC             F10.3
    IC_SE          F10.3
    SC             F10.3
    SC_SE          F10.3

  Save file format
    29F10.3

  Save file record length    10000


DIAGRAM INFORMATION

  Use View Diagram under the Diagram menu in the Mplus Editor to view the diagram.
  If running Mplus from the Mplus Diagrammer, the diagram opens automatically.

  Diagram output
    c:\users\annie\dropbox\ialsa_cambridge\octo phy cog\b1_male_aehplus_pef_digitbackward.dgm

     Beginning Time:  13:01:49
        Ending Time:  13:02:20
       Elapsed Time:  00:00:31



MUTHEN & MUTHEN
3463 Stoner Ave.
Los Angeles, CA  90066

Tel: (310) 391-9971
Fax: (310) 391-8971
Web: www.StatModel.com
Support: Support@StatModel.com

Copyright (c) 1998-2015 Muthen & Muthen
