Mplus VERSION 7.11 (Mac)
MUTHEN & MUTHEN
12/28/2016  12:11 PM

INPUT INSTRUCTIONS


    TITLE:
     m3, b1, vocab, PEK average, LGM,aehplus Conditional, female

    DATA:
      File = /Users/andreazammit/Desktop/PEKavgfile.csv;
    VARIABLE:
     Names are
            SubjectID	sex	DemEver	Educyrs	AgeAtWave_1	
            Wave_1	Wave_2	Wave_3	Wave_4	Wave_5	
            MMS_1	MMS_2	MMS_3	MMS_4	MMS_5	
            GDSScore_1	GDSScore_2	 GDSScore_3 GDSScore_4 GDSScore_5	
            FreeRecall_1 FreeRecall_2 FreeRecall_3	FreeRecall_4 FreeRecall_5	
            BostonFree_1 BostonFree_2 BostonFree_3 BostonFree_4	 BostonFree_5	
            Vocraw_1	Vocraw_2	Vocraw_3	Vocraw_4	Vocraw_5	
            Spnraw_1	Spnraw_2	Spnraw_3	Spnraw_4	Spnraw_5	
            Symraw_1	Symraw_2	Symraw_3	Symraw_4	Symraw_5	
            Blockraw_1	Blockraw_2	Blockraw_3	 Blockraw_4 Blockraw_5	
            FAS_1	FAS_2	FAS_3	FAS_4	FAS_5	
            CAT_1	CAT_2	CAT_3	CAT_4	CAT_5	
            LM_1	LM_2	LM_3	LM_4	LM_5	
            TrA1_1	TrA1_2	TrA1_3	TrA1_4	TrA1_5	
            TrB1_1	TrB1_2	TrB1_3	TrB1_4	TrB1_5	
            Ht_1	SmokEver_1	 cvd	DMever	
            pekavg1	pekavg2	pekavg3	pekavg4	pekavg5 pekpresent;
          MISSING = ALL(-9999);
                 USEVAR are time1 time2 time3 time4 time5 !time6 time7
                            p1 p2 p3 p4 p5 !p6 p7
                           c1 c2 c3 c4 c5 !c6 c7
                           Bage educ height Diab SmokHist Cardio;
                 TSCORES =   time1 time2 time3 time4 time5; !time6 time7;
                USEOBSERVATIONS are DemEver EQ 0 and sex EQ 1 and pekpresent EQ 1;
    DEFINE:
      p1=pekavg1; p2=pekavg2; p3=pekavg3;
         p4=pekavg4; p5=pekavg5;
    c1= Vocraw_1; c2= Vocraw_2; c3= Vocraw_3; c4= Vocraw_4; c5= Vocraw_5;
                  Bage=AgeAtWave_1-70;
                  Bagesq=(AgeatWave_1-70)**2;

                  Educ=Educyrs-7;

                  time1=wave_1;
                  time2=wave_2;
                  time3=wave_3;
                  time4=wave_4;
                  time5=wave_5;

                 Height=Ht_1-160;
                  SmokHist=SmokEver_1;
                  DepSymp = GDSScore_1;
                  Cardio = cvd;
                  Diab=DMever;
                  AgeAtWave_1Educyrs=Bage*Educ;
    ANALYSIS:
     TYPE = RANDOM;
           ESTIMATOR=MLF;
           miterations=700000;
       h1convergence = 0.00001;
           COVERAGE = .001;
    OUTPUT:
     sampstat
    MODEL:
         ip sp | p1-p5 AT time1-time5;
         ic sc  | c1 - c5 AT time1-time5;
              ip(v_ip);
         sp(v_sp);
         ic(v_ic);
         sc(v_sc);
         ip WITH sp(c_ipsp);
         ip WITH ic(c_ipic);
         ip WITH sc (c_ipsc);
         sp WITH ic (c_spic);
         sp WITH sc (c_spsc);
         ic WITH SC (C_ICSC);
          ip sp  ic sc WITH  ip sp  ic sc;
         ip sp  ic sc  ON Bage educ height smokhist cardio diab;
          c1-c5 (res_c)
           p1-p5 (res_p);
            p1-p5 pwith c1-c5(res_cov);
             height;



     MODEL CONSTRAINT:

                NEW r_ipic; !assigns labels to new parameters;
                NEW r_spsc;
                NEW r_res_pc;

                r_ipic = c_ipic/((v_ip**0.5)*(v_ic**0.5));
                r_spsc = c_spsc/((v_sp**0.5)*(v_sc**0.5));
                r_res_pc = res_cov/((res_p**0.5)*(res_c**0.5));

      SAVEDATA:
      FILE IS EAS_P_waisvocab_Slopes_f_pekavg;
      ! *rename for each specific variable combination*;
      SAVE = FSCORES;

      PLOT:   TYPE IS PLOT3;
        OUTPUT: sampstat Cinterval;



*** WARNING
  Data set contains cases with missing on x-variables.
  These cases were not included in the analysis.
  Number of cases with missing on x-variables:  2
   1 WARNING(S) FOUND IN THE INPUT INSTRUCTIONS




m3, b1, vocab, PEK average, LGM,aehplus Conditional, female

SUMMARY OF ANALYSIS

Number of groups                                                 1
Number of observations                                         545

Number of dependent variables                                   10
Number of independent variables                                  6
Number of continuous latent variables                            4

Observed dependent variables

  Continuous
   P1          P2          P3          P4          P5          C1
   C2          C3          C4          C5

Observed independent variables
   BAGE        EDUC        HEIGHT      DIAB        SMOKHIST    CARDIO

Continuous latent variables
   IP          SP          IC          SC

Variables with special functions

  Time scores
   TIME1       TIME2       TIME3       TIME4       TIME5


Estimator                                                      MLF
Information matrix                                        OBSERVED
Maximum number of iterations                                   100
Convergence criterion                                    0.100D-05
Maximum number of EM iterations                             700000
Convergence criteria for the EM algorithm
  Loglikelihood change                                   0.100D-02
  Relative loglikelihood change                          0.100D-05
  Derivative                                             0.100D-03
Minimum variance                                         0.100D-03
Maximum number of steepest descent iterations                   20
Maximum number of iterations for H1                           2000
Convergence criterion for H1                             0.100D-04
Optimization algorithm                                         EMA

Input data file(s)
  /Users/andreazammit/Desktop/PEKavgfile.csv
Input data format  FREE


SUMMARY OF DATA

     Number of missing data patterns            66


COVARIANCE COVERAGE OF DATA

Minimum covariance coverage value   0.001


     PROPORTION OF DATA PRESENT


           Covariance Coverage
              P1            P2            P3            P4            P5
              ________      ________      ________      ________      ________
 P1             0.798
 P2             0.453         0.512
 P3             0.306         0.317         0.372
 P4             0.220         0.235         0.224         0.319
 P5             0.165         0.185         0.183         0.215         0.306
 C1             0.796         0.510         0.371         0.317         0.305
 C2             0.539         0.506         0.365         0.316         0.303
 C3             0.389         0.385         0.365         0.310         0.303
 C4             0.268         0.281         0.277         0.316         0.305
 C5             0.198         0.217         0.211         0.259         0.301
 HEIGHT         0.794         0.473         0.327         0.229         0.180
 BAGE           0.798         0.512         0.372         0.319         0.306
 EDUC           0.798         0.512         0.372         0.319         0.306
 DIAB           0.798         0.512         0.372         0.319         0.306
 SMOKHIST       0.798         0.512         0.372         0.319         0.306
 CARDIO         0.798         0.512         0.372         0.319         0.306


           Covariance Coverage
              C1            C2            C3            C4            C5
              ________      ________      ________      ________      ________
 C1             0.998
 C2             0.741         0.741
 C3             0.578         0.574         0.578
 C4             0.444         0.442         0.437         0.446
 C5             0.356         0.354         0.352         0.356         0.358
 HEIGHT         0.818         0.563         0.411         0.283         0.213
 BAGE           0.998         0.741         0.578         0.446         0.358
 EDUC           0.998         0.741         0.578         0.446         0.358
 DIAB           0.998         0.741         0.578         0.446         0.358
 SMOKHIST       0.998         0.741         0.578         0.446         0.358
 CARDIO         0.998         0.741         0.578         0.446         0.358


           Covariance Coverage
              HEIGHT        BAGE          EDUC          DIAB          SMOKHIST
              ________      ________      ________      ________      ________
 HEIGHT         0.820
 BAGE           0.820         1.000
 EDUC           0.820         1.000         1.000
 DIAB           0.820         1.000         1.000         1.000
 SMOKHIST       0.820         1.000         1.000         1.000         1.000
 CARDIO         0.820         1.000         1.000         1.000         1.000


           Covariance Coverage
              CARDIO
              ________
 CARDIO         1.000


SAMPLE STATISTICS


     ESTIMATED SAMPLE STATISTICS


           Means
              P1            P2            P3            P4            P5
              ________      ________      ________      ________      ________
 1            252.334       242.985       230.302       215.728       199.158


           Means
              C1            C2            C3            C4            C5
              ________      ________      ________      ________      ________
 1             45.614        45.930        45.193        44.604        45.545


           Means
              HEIGHT        BAGE          EDUC          DIAB          SMOKHIST
              ________      ________      ________      ________      ________
 1             -0.685         8.098         7.211         0.198         0.519


           Means
              CARDIO
              ________
 1              0.103


           Covariances
              P1            P2            P3            P4            P5
              ________      ________      ________      ________      ________
 P1          5573.828
 P2          3663.226      5775.980
 P3          3008.121      4181.981      6211.555
 P4          3111.641      3948.379      4945.238      5548.774
 P5          3063.806      3520.721      4195.159      4816.867      5430.620
 C1            67.179        97.097       111.390        43.379        24.844
 C2           150.059       151.108       175.983       142.418       108.694
 C3           170.718       123.101       131.916       101.094        39.643
 C4           148.194       134.457       141.702        77.299        27.014
 C5           146.546       101.568       102.779        12.968        -9.233
 HEIGHT       120.420       110.106       110.392       155.861       216.675
 BAGE         -71.751       -95.688       -81.219      -100.407      -116.845
 EDUC          19.933        23.781        31.839         1.804        -1.575
 DIAB          -3.888        -2.164        -0.910        -0.635        -0.771
 SMOKHIST      -1.462        -0.503        -0.142        -0.508        -0.639
 CARDIO        -0.371        -1.853        -1.982        -2.275        -0.339


           Covariances
              C1            C2            C3            C4            C5
              ________      ________      ________      ________      ________
 C1           144.776
 C2           105.841       136.872
 C3           110.642       107.730       142.586
 C4           111.010       104.864       113.495       144.680
 C5           102.465        97.048       102.837       109.953       138.334
 HEIGHT         7.013         6.350         4.289         7.670         0.508
 BAGE           0.482        -5.081        -0.387        -4.068        -2.558
 EDUC          19.565        19.078        20.707        18.930        20.475
 DIAB          -0.881        -0.716        -0.975        -0.920        -1.026
 SMOKHIST       0.745         0.696         0.650         0.690         0.722
 CARDIO         0.221         0.046         0.067         0.026         0.116


           Covariances
              HEIGHT        BAGE          EDUC          DIAB          SMOKHIST
              ________      ________      ________      ________      ________
 HEIGHT        60.027
 BAGE          -7.911        25.272
 EDUC           1.994        -0.236        10.746
 DIAB           0.103        -0.185        -0.106         0.159
 SMOKHIST       0.196        -0.099        -0.007        -0.004         0.382
 CARDIO        -0.193         0.013        -0.009         0.007         0.002


           Covariances
              CARDIO
              ________
 CARDIO         0.092


           Correlations
              P1            P2            P3            P4            P5
              ________      ________      ________      ________      ________
 P1             1.000
 P2             0.646         1.000
 P3             0.511         0.698         1.000
 P4             0.560         0.697         0.842         1.000
 P5             0.557         0.629         0.722         0.877         1.000
 C1             0.075         0.106         0.117         0.048         0.028
 C2             0.172         0.170         0.191         0.163         0.126
 C3             0.191         0.136         0.140         0.114         0.045
 C4             0.165         0.147         0.149         0.086         0.030
 C5             0.167         0.114         0.111         0.015        -0.011
 HEIGHT         0.208         0.187         0.181         0.270         0.379
 BAGE          -0.191        -0.250        -0.205        -0.268        -0.315
 EDUC           0.081         0.095         0.123         0.007        -0.007
 DIAB          -0.131        -0.071        -0.029        -0.021        -0.026
 SMOKHIST      -0.032        -0.011        -0.003        -0.011        -0.014
 CARDIO        -0.016        -0.080        -0.083        -0.101        -0.015


           Correlations
              C1            C2            C3            C4            C5
              ________      ________      ________      ________      ________
 C1             1.000
 C2             0.752         1.000
 C3             0.770         0.771         1.000
 C4             0.767         0.745         0.790         1.000
 C5             0.724         0.705         0.732         0.777         1.000
 HEIGHT         0.075         0.070         0.046         0.082         0.006
 BAGE           0.008        -0.086        -0.006        -0.067        -0.043
 EDUC           0.496         0.497         0.529         0.480         0.531
 DIAB          -0.184        -0.153        -0.205        -0.192        -0.219
 SMOKHIST       0.100         0.096         0.088         0.093         0.099
 CARDIO         0.061         0.013         0.019         0.007         0.032


           Correlations
              HEIGHT        BAGE          EDUC          DIAB          SMOKHIST
              ________      ________      ________      ________      ________
 HEIGHT         1.000
 BAGE          -0.203         1.000
 EDUC           0.079        -0.014         1.000
 DIAB           0.033        -0.093        -0.081         1.000
 SMOKHIST       0.041        -0.032        -0.003        -0.016         1.000
 CARDIO        -0.082         0.009        -0.009         0.059         0.009


           Correlations
              CARDIO
              ________
 CARDIO         1.000


     MAXIMUM LOG-LIKELIHOOD VALUE FOR THE UNRESTRICTED (H1) MODEL IS -18266.417


THE MODEL ESTIMATION TERMINATED NORMALLY



MODEL FIT INFORMATION

Number of Free Parameters                       43

Loglikelihood

          H0 Value                      -14387.755

Information Criteria

          Akaike (AIC)                   28861.510
          Bayesian (BIC)                 29046.444
          Sample-Size Adjusted BIC       28909.945
            (n* = (n + 2) / 24)



MODEL RESULTS

                                                    Two-Tailed
                    Estimate       S.E.  Est./S.E.    P-Value

 IP         ON
    BAGE              -2.553      0.873     -2.925      0.003
    EDUC               2.247      1.273      1.765      0.078
    HEIGHT             1.356      0.627      2.163      0.031
    SMOKHIST          -3.835      8.180     -0.469      0.639
    CARDIO            -2.095     12.288     -0.170      0.865
    DIAB             -27.693     10.493     -2.639      0.008

 SP         ON
    BAGE              -0.278      0.282     -0.987      0.324
    EDUC              -0.443      0.405     -1.092      0.275
    HEIGHT             0.122      0.209      0.585      0.558
    SMOKHIST           0.079      2.676      0.030      0.976
    CARDIO            -1.618      4.296     -0.377      0.706
    DIAB               3.959      3.259      1.215      0.224

 IC         ON
    BAGE               0.006      0.106      0.053      0.958
    EDUC               1.752      0.168     10.433      0.000
    HEIGHT             0.062      0.075      0.823      0.410
    SMOKHIST           1.805      0.817      2.209      0.027
    CARDIO             2.790      1.674      1.667      0.096
    DIAB              -3.814      1.252     -3.046      0.002

 SC         ON
    BAGE              -0.032      0.031     -1.042      0.297
    EDUC               0.012      0.043      0.268      0.789
    HEIGHT            -0.009      0.024     -0.384      0.701
    SMOKHIST          -0.002      0.273     -0.009      0.993
    CARDIO            -0.383      0.502     -0.764      0.445
    DIAB              -0.295      0.360     -0.819      0.413

 IP       WITH
    SP              -330.849    148.043     -2.235      0.025
    IC                14.273     50.353      0.283      0.777
    SC                22.280     14.681      1.518      0.129

 SP       WITH
    IC                14.046     16.309      0.861      0.389
    SC                -7.352      3.768     -1.951      0.051

 IC       WITH
    SC                -2.720      1.616     -1.683      0.092

 P1       WITH
    C1                -8.945     10.782     -0.830      0.407

 P2       WITH
    C2                -8.945     10.782     -0.830      0.407

 P3       WITH
    C3                -8.945     10.782     -0.830      0.407

 P4       WITH
    C4                -8.945     10.782     -0.830      0.407

 P5       WITH
    C5                -8.945     10.782     -0.830      0.407

 Means
    HEIGHT            -0.792      0.378     -2.097      0.036

 Intercepts
    P1                 0.000      0.000    999.000    999.000
    P2                 0.000      0.000    999.000    999.000
    P3                 0.000      0.000    999.000    999.000
    P4                 0.000      0.000    999.000    999.000
    P5                 0.000      0.000    999.000    999.000
    C1                 0.000      0.000    999.000    999.000
    C2                 0.000      0.000    999.000    999.000
    C3                 0.000      0.000    999.000    999.000
    C4                 0.000      0.000    999.000    999.000
    C5                 0.000      0.000    999.000    999.000
    IP               278.938     13.230     21.084      0.000
    SP                -7.781      4.201     -1.852      0.064
    IC                32.879      1.669     19.698      0.000
    SC                 0.036      0.474      0.076      0.939

 Variances
    HEIGHT            59.606      3.916     15.220      0.000

 Residual Variances
    P1              1593.995     78.217     20.379      0.000
    P2              1593.995     78.217     20.379      0.000
    P3              1593.995     78.217     20.379      0.000
    P4              1593.995     78.217     20.379      0.000
    P5              1593.995     78.217     20.379      0.000
    C1                32.982      1.464     22.536      0.000
    C2                32.982      1.464     22.536      0.000
    C3                32.982      1.464     22.536      0.000
    C4                32.982      1.464     22.536      0.000
    C5                32.982      1.464     22.536      0.000
    IP              3937.788    499.154      7.889      0.000
    SP               148.591     49.173      3.022      0.003
    IC                75.567      8.391      9.006      0.000
    SC                 0.747      0.385      1.938      0.053

 New/Additional Parameters
    R_IPIC             0.026      0.092      0.284      0.777
    R_SPSC            -0.698      0.401     -1.739      0.082
    R_RES_PC          -0.039      0.047     -0.831      0.406


QUALITY OF NUMERICAL RESULTS

     Condition Number for the Information Matrix              0.485E-06
       (ratio of smallest to largest eigenvalue)


CONFIDENCE INTERVALS OF MODEL RESULTS

                  Lower .5%  Lower 2.5%    Lower 5%    Estimate    Upper 5%  Upper 2.5%   Upper .5%

 IP       ON
    BAGE            -4.802      -4.264      -3.989      -2.553      -1.117      -0.843      -0.305
    EDUC            -1.032      -0.248       0.153       2.247       4.341       4.742       5.525
    HEIGHT          -0.259       0.127       0.325       1.356       2.387       2.584       2.970
    SMOKHIST       -24.905     -19.868     -17.291      -3.835       9.621      12.198      17.235
    CARDIO         -33.747     -26.180     -22.309      -2.095      18.119      21.990      29.557
    DIAB           -54.720     -48.258     -44.953     -27.693     -10.432      -7.127      -0.666

 SP       ON
    BAGE            -1.005      -0.832      -0.743      -0.278       0.186       0.275       0.449
    EDUC            -1.487      -1.237      -1.109      -0.443       0.224       0.352       0.601
    HEIGHT          -0.416      -0.287      -0.221       0.122       0.466       0.531       0.660
    SMOKHIST        -6.814      -5.166      -4.323       0.079       4.482       5.325       6.973
    CARDIO         -12.684     -10.039      -8.685      -1.618       5.449       6.803       9.448
    DIAB            -4.435      -2.428      -1.402       3.959       9.319      10.346      12.352

 IC       ON
    BAGE            -0.266      -0.201      -0.168       0.006       0.179       0.212       0.277
    EDUC             1.320       1.423       1.476       1.752       2.029       2.082       2.185
    HEIGHT          -0.132      -0.086      -0.062       0.062       0.186       0.210       0.256
    SMOKHIST        -0.299       0.204       0.461       1.805       3.148       3.406       3.909
    CARDIO          -1.521      -0.490       0.037       2.790       5.543       6.070       7.101
    DIAB            -7.040      -6.269      -5.874      -3.814      -1.754      -1.360      -0.589

 SC       ON
    BAGE            -0.111      -0.092      -0.083      -0.032       0.019       0.028       0.047
    EDUC            -0.100      -0.073      -0.060       0.012       0.083       0.096       0.123
    HEIGHT          -0.071      -0.057      -0.049      -0.009       0.030       0.038       0.053
    SMOKHIST        -0.705      -0.537      -0.451      -0.002       0.446       0.532       0.700
    CARDIO          -1.675      -1.366      -1.208      -0.383       0.442       0.600       0.909
    DIAB            -1.222      -1.001      -0.887      -0.295       0.298       0.411       0.633

 IP       WITH
    SP            -712.178    -621.013    -574.380    -330.849     -87.318     -40.684      50.481
    IC            -115.426     -84.419     -68.558      14.273      97.103     112.964     143.971
    SC             -15.536      -6.496      -1.871      22.280      46.431      51.056      60.097

 SP       WITH
    IC             -27.962     -17.919     -12.782      14.046      40.874      46.011      56.054
    SC             -17.058     -14.737     -13.550      -7.352      -1.154       0.033       2.353

 IC       WITH
    SC              -6.883      -5.887      -5.378      -2.720      -0.061       0.448       1.443

 P1       WITH
    C1             -36.716     -30.077     -26.681      -8.945       8.791      12.188      18.827

 P2       WITH
    C2             -36.716     -30.077     -26.681      -8.945       8.791      12.188      18.827

 P3       WITH
    C3             -36.716     -30.077     -26.681      -8.945       8.791      12.188      18.827

 P4       WITH
    C4             -36.716     -30.077     -26.681      -8.945       8.791      12.188      18.827

 P5       WITH
    C5             -36.716     -30.077     -26.681      -8.945       8.791      12.188      18.827

 Means
    HEIGHT          -1.764      -1.532      -1.413      -0.792      -0.171      -0.052       0.181

 Intercepts
    P1               0.000       0.000       0.000       0.000       0.000       0.000       0.000
    P2               0.000       0.000       0.000       0.000       0.000       0.000       0.000
    P3               0.000       0.000       0.000       0.000       0.000       0.000       0.000
    P4               0.000       0.000       0.000       0.000       0.000       0.000       0.000
    P5               0.000       0.000       0.000       0.000       0.000       0.000       0.000
    C1               0.000       0.000       0.000       0.000       0.000       0.000       0.000
    C2               0.000       0.000       0.000       0.000       0.000       0.000       0.000
    C3               0.000       0.000       0.000       0.000       0.000       0.000       0.000
    C4               0.000       0.000       0.000       0.000       0.000       0.000       0.000
    C5               0.000       0.000       0.000       0.000       0.000       0.000       0.000
    IP             244.860     253.007     257.175     278.938     300.702     304.869     313.016
    SP             -18.601     -16.015     -14.691      -7.781      -0.871       0.452       3.039
    IC              28.580      29.608      30.133      32.879      35.625      36.151      37.179
    SC              -1.186      -0.894      -0.744       0.036       0.817       0.966       1.258

 Variances
    HEIGHT          49.519      51.931      53.164      59.606      66.049      67.282      69.694

 Residual Variances
    P1            1392.524    1440.690    1465.328    1593.995    1722.662    1747.301    1795.467
    P2            1392.524    1440.690    1465.328    1593.995    1722.662    1747.301    1795.467
    P3            1392.524    1440.690    1465.328    1593.995    1722.662    1747.301    1795.467
    P4            1392.524    1440.690    1465.328    1593.995    1722.662    1747.301    1795.467
    P5            1392.524    1440.690    1465.328    1593.995    1722.662    1747.301    1795.467
    C1              29.212      30.113      30.574      32.982      35.390      35.851      36.752
    C2              29.212      30.113      30.574      32.982      35.390      35.851      36.752
    C3              29.212      30.113      30.574      32.982      35.390      35.851      36.752
    C4              29.212      30.113      30.574      32.982      35.390      35.851      36.752
    C5              29.212      30.113      30.574      32.982      35.390      35.851      36.752
    IP            2652.066    2959.446    3116.679    3937.788    4758.896    4916.130    5223.509
    SP              21.932      52.212      67.702     148.591     229.480     244.970     275.250
    IC              53.954      59.121      61.764      75.567      89.370      92.013      97.180
    SC              -0.246      -0.008       0.113       0.747       1.381       1.502       1.740

 New/Additional Parameters
    R_IPIC          -0.211      -0.154      -0.125       0.026       0.178       0.207       0.264
    R_SPSC          -1.732      -1.485      -1.358      -0.698      -0.038       0.089       0.336
    R_RES_PC        -0.160      -0.131      -0.116      -0.039       0.038       0.053       0.082


SAMPLE STATISTICS FOR ESTIMATED FACTOR SCORES


     SAMPLE STATISTICS


           Means
              IP            IP_SE         SP            SP_SE         IC
              ________      ________      ________      ________      ________
 1            265.693        35.969       -12.666        10.819        45.980


           Means
              IC_SE         SC            SC_SE
              ________      ________      ________
 1              3.885        -0.231         0.777


           Covariances
              IP            IP_SE         SP            SP_SE         IC
              ________      ________      ________      ________      ________
 IP          3095.444
 IP_SE         16.803        42.516
 SP           -75.488         6.822        38.785
 SP_SE        -12.955         1.553         0.652         1.511
 IC           114.137        -2.700        -8.410        -0.786        99.084
 IC_SE         -4.570         0.053         0.213         0.568        -0.157
 SC            11.829        -0.251        -1.745        -0.042        -0.913
 SC_SE         -0.476         0.058         0.023         0.053        -0.034


           Covariances
              IC_SE         SC            SC_SE
              ________      ________      ________
 IC_SE          0.435
 SC            -0.013         0.195
 SC_SE          0.020        -0.002         0.002


           Correlations
              IP            IP_SE         SP            SP_SE         IC
              ________      ________      ________      ________      ________
 IP             1.000
 IP_SE          0.046         1.000
 SP            -0.218         0.168         1.000
 SP_SE         -0.189         0.194         0.085         1.000
 IC             0.206        -0.042        -0.136        -0.064         1.000
 IC_SE         -0.125         0.012         0.052         0.701        -0.024
 SC             0.482        -0.087        -0.635        -0.077        -0.208
 SC_SE         -0.197         0.205         0.086         0.989        -0.079


           Correlations
              IC_SE         SC            SC_SE
              ________      ________      ________
 IC_SE          1.000
 SC            -0.044         1.000
 SC_SE          0.686        -0.081         1.000


PLOT INFORMATION

The following plots are available:

  Histograms of sample values
  Scatterplots (sample values, estimated factor scores)
  Latent variable distribution plots

SAVEDATA INFORMATION


  Save file
    EAS_P_waisvocab_Slopes_f_pekavg

  Order and format of variables

    P1             F10.3
    P2             F10.3
    P3             F10.3
    P4             F10.3
    P5             F10.3
    C1             F10.3
    C2             F10.3
    C3             F10.3
    C4             F10.3
    C5             F10.3
    HEIGHT         F10.3
    BAGE           F10.3
    EDUC           F10.3
    DIAB           F10.3
    SMOKHIST       F10.3
    CARDIO         F10.3
    TIME1          F10.3
    TIME2          F10.3
    TIME3          F10.3
    TIME4          F10.3
    TIME5          F10.3
    IP             F10.3
    IP_SE          F10.3
    SP             F10.3
    SP_SE          F10.3
    IC             F10.3
    IC_SE          F10.3
    SC             F10.3
    SC_SE          F10.3

  Save file format
    29F10.3

  Save file record length    10000


     Beginning Time:  12:11:26
        Ending Time:  12:11:32
       Elapsed Time:  00:00:06



MUTHEN & MUTHEN
3463 Stoner Ave.
Los Angeles, CA  90066

Tel: (310) 391-9971
Fax: (310) 391-8971
Web: www.StatModel.com
Support: Support@StatModel.com

Copyright (c) 1998-2013 Muthen & Muthen
