Mplus VERSION 7.4 (Mac)
MUTHEN & MUTHEN
11/06/2015   2:25 PM

INPUT INSTRUCTIONS

  TITLE: fev - DSB - female - age & education & height & diab & smoke & cardio

  DATA:  File = satsa.dat;

  VARIABLE: Names are
  twinnr pairid sex01 przygup rear iage1-iage7 intakeage time1-time7 dem1-dem7
  s_demen_onset
  htcm wtkg qualc depr cv chd sumill eversmoke diabete
  marital msgroup sesobj educ edugr
  fev1_1-fev1_7 ht_1-ht_7 grip1-grip7 gait2-gait7
  stupt_2-stupt_7 stuprt_2-stuprt_7
  idigf_r1-idigf_r7 idigb_r1-idigb_r7 ibloc_r1-ibloc_r7 ithur_r1-ithur_r7
  isynm_r1-isynm_r7 iinfo_r1-iinfo_r7 ianal_r1-ianal_r7 irota_r1-irota_r7
  ifigi_r1-ifigi_r7 isymd_r1-isymd_r7 mmse7_1-mmse7_7
  tverb1-tverb7 tspat1-tspat7 tmemo1-tmemo7 tsped1-tsped7 tpcom1-tpcom7;

         MISSING are .;
         USEVAR are  diabete eversmoke chd time1 time2 time3  time5 time6 time7
                     p1 p2 p3  p5 p6 p7
                     c1 c2 c3  c5 c6 c7
                     Bage ceduc height;
         TSCORES =   time1 time2 time3   time5 time6 time7;

         USEOBSERVATIONS are  sex01 EQ 1;

  Define: p1=fev1_1; p2=fev1_2; p3=fev1_3; p5=fev1_5; p6=fev1_6; p7=fev1_7;
          c1=idigb_r1; c2=idigb_r2; c3=idigb_r3; c5=idigb_r5; c6=idigb_r6; c7=idigb_r7;

          Bage=intakeage-70;   !Centered at Age 70
          !Bagesq=(intakeage-70)**2;

          Sex=1;         !0=Male
          cEduc=educ-1;     ! center at 1 as most equivalent to 7 years
          !SEP=SESgrp;
          !Marstat;
          Height=htcm-160;  !center at 172 for males and 160 for females
          !Weight
          !BMI
          !SmokHist=Smoke;
          !Alcohol;
          !CompExp;
          !PhysAct;
          !BP;
          !DepSymp;
          !Cardio;
          !Diab;
          !MorbInd;

          !BageSex=Bage*Sex;
          !BageEduc=Bage*Educ;
          !SexEduc=Sex*Educ;

  ANALYSIS: TYPE = RANDOM;
  	estimator=mlf;

  MODEL:  ip sp | p1 p2 p3 p5 p6 p7 at time1 time2 time3 time5 time6 time7;
          ic sc | c1 c2 c3 c5 c6 c7 at time1 time2 time3 time5 time6 time7;

          ip sp ic sc ON Bage ceduc height diabete eversmoke chd;

          p1-p7 (res_p);
          c1-c7 (res_c);

          p1 p2 p3 p5 p6 p7 pwith c1 c2 c3 c5 c6 c7(res_cov);

          ip (v_ip); ! v - variance
          sp (v_sp);
          ic (v_ic);
          sc (v_sc);
          ip WITH sp (c_ipsp); ! c - covariance
          ip WITH ic (c_ipic);
          ip WITH sc (c_ipsc);
          sp WITH ic (c_spic);
          sp WITH sc (c_spsc);
          ic WITH sc (c_icsc);

  MODEL CONSTRAINT:

          NEW r_ipic;
          NEW r_spsc;
          NEW r_res_pc;

          r_ipic = c_ipic/((v_ip**0.5)*(v_ic**0.5));
          r_spsc = c_spsc/((v_sp**0.5)*(v_sc**0.5));
          r_res_pc = res_cov/((res_p**0.5)*(res_c**0.5));

  OUTPUT: sampstat Cinterval;

  PLOT: Type is Plot1 Plot2 Plot3;

  SAVEDATA:

          FILE IS   SATSASlopes_f_fev_dsb;
          SAVE = FSCORES;






*** WARNING in VARIABLE command
  Note that only the first 8 characters of variable names are used in the output.
  Shorten variable names to avoid any confusion.
*** WARNING in PLOT command
  Note that only the first 8 characters of variable names are used in plots.
  If variable names are not unique within the first 8 characters, problems
  may occur.
*** WARNING
  Data set contains cases with missing on x-variables.
  These cases were not included in the analysis.
  Number of cases with missing on x-variables:  100
*** WARNING
  Data set contains cases with missing on all variables except
  x-variables.  These cases were not included in the analysis.
  Number of cases with missing on all variables except x-variables:  2
   4 WARNING(S) FOUND IN THE INPUT INSTRUCTIONS



fev - DSB - female - age & education & height & diab & smoke & cardio

SUMMARY OF ANALYSIS

Number of groups                                                 1
Number of observations                                         409

Number of dependent variables                                   12
Number of independent variables                                  6
Number of continuous latent variables                            4

Observed dependent variables

  Continuous
   P1          P2          P3          P5          P6          P7
   C1          C2          C3          C5          C6          C7

Observed independent variables
   DIABETE     EVERSMOK    CHD         BAGE        CEDUC       HEIGHT

Continuous latent variables
   IP          SP          IC          SC

Variables with special functions

  Time scores
   TIME1       TIME2       TIME3       TIME5       TIME6       TIME7


Estimator                                                      MLF
Information matrix                                        OBSERVED
Maximum number of iterations                                   100
Convergence criterion                                    0.100D-05
Maximum number of EM iterations                                500
Convergence criteria for the EM algorithm
  Loglikelihood change                                   0.100D-02
  Relative loglikelihood change                          0.100D-05
  Derivative                                             0.100D-03
Minimum variance                                         0.100D-03
Maximum number of steepest descent iterations                   20
Maximum number of iterations for H1                           2000
Convergence criterion for H1                             0.100D-03
Optimization algorithm                                         EMA

Input data file(s)
  satsa.dat
Input data format  FREE


SUMMARY OF DATA

     Number of missing data patterns            84


COVARIANCE COVERAGE OF DATA

Minimum covariance coverage value   0.100


     PROPORTION OF DATA PRESENT


           Covariance Coverage
              P1            P2            P3            P5            P6
              ________      ________      ________      ________      ________
 P1             0.658
 P2             0.491         0.660
 P3             0.452         0.545         0.619
 P5             0.381         0.438         0.445         0.623
 P6             0.276         0.325         0.328         0.462         0.477
 P7             0.230         0.271         0.284         0.406         0.384
 C1             0.658         0.575         0.533         0.447         0.318
 C2             0.494         0.650         0.562         0.455         0.335
 C3             0.460         0.562         0.609         0.457         0.335
 C5             0.391         0.450         0.460         0.619         0.467
 C6             0.308         0.355         0.359         0.504         0.472
 C7             0.237         0.284         0.296         0.423         0.399
 DIABETE        0.658         0.660         0.619         0.623         0.477
 EVERSMOK       0.658         0.660         0.619         0.623         0.477
 CHD            0.658         0.660         0.619         0.623         0.477
 BAGE           0.658         0.660         0.619         0.623         0.477
 CEDUC          0.658         0.660         0.619         0.623         0.477
 HEIGHT         0.658         0.660         0.619         0.623         0.477


           Covariance Coverage
              P7            C1            C2            C3            C5
              ________      ________      ________      ________      ________
 P7             0.413
 C1             0.257         0.792
 C2             0.279         0.584         0.672
 C3             0.289         0.548         0.577         0.633
 C5             0.408         0.460         0.467         0.472         0.641
 C6             0.406         0.352         0.367         0.367         0.506
 C7             0.403         0.269         0.293         0.301         0.425
 DIABETE        0.413         0.792         0.672         0.633         0.641
 EVERSMOK       0.413         0.792         0.672         0.633         0.641
 CHD            0.413         0.792         0.672         0.633         0.641
 BAGE           0.413         0.792         0.672         0.633         0.641
 CEDUC          0.413         0.792         0.672         0.633         0.641
 HEIGHT         0.413         0.792         0.672         0.633         0.641


           Covariance Coverage
              C6            C7            DIABETE       EVERSMOK      CHD
              ________      ________      ________      ________      ________
 C6             0.521
 C7             0.423         0.430
 DIABETE        0.521         0.430         1.000
 EVERSMOK       0.521         0.430         1.000         1.000
 CHD            0.521         0.430         1.000         1.000         1.000
 BAGE           0.521         0.430         1.000         1.000         1.000
 CEDUC          0.521         0.430         1.000         1.000         1.000
 HEIGHT         0.521         0.430         1.000         1.000         1.000


           Covariance Coverage
              BAGE          CEDUC         HEIGHT
              ________      ________      ________
 BAGE           1.000
 CEDUC          1.000         1.000
 HEIGHT         1.000         1.000         1.000


SAMPLE STATISTICS


     ESTIMATED SAMPLE STATISTICS


           Means
              P1            P2            P3            P5            P6
              ________      ________      ________      ________      ________
 1              1.963         1.924         1.909         1.651         1.525


           Means
              P7            C1            C2            C3            C5
              ________      ________      ________      ________      ________
 1              1.418         4.017         4.087         4.107         3.562


           Means
              C6            C7            DIABETE       EVERSMOK      CHD
              ________      ________      ________      ________      ________
 1              3.431         3.595         0.032         0.318         0.112


           Means
              BAGE          CEDUC         HEIGHT
              ________      ________      ________
 1             -6.056         0.518         1.968


           Covariances
              P1            P2            P3            P5            P6
              ________      ________      ________      ________      ________
 P1             0.235
 P2             0.203         0.257
 P3             0.195         0.234         0.271
 P5             0.171         0.201         0.211         0.281
 P6             0.178         0.207         0.225         0.217         0.303
 P7             0.185         0.221         0.226         0.226         0.239
 C1             0.171         0.203         0.197         0.147         0.129
 C2             0.159         0.159         0.171         0.128         0.131
 C3             0.171         0.242         0.250         0.158         0.311
 C5             0.168         0.201         0.226         0.164         0.254
 C6             0.147         0.213         0.216         0.125         0.174
 C7             0.148         0.168         0.198         0.138         0.251
 DIABETE       -0.008        -0.012        -0.011        -0.010        -0.023
 EVERSMOK       0.023         0.008         0.009        -0.002         0.024
 CHD           -0.026        -0.032        -0.038        -0.032        -0.038
 BAGE          -2.707        -3.029        -3.078        -2.436        -3.001
 CEDUC          0.099         0.109         0.134         0.087         0.130
 HEIGHT         1.003         1.190         1.258         1.106         1.255


           Covariances
              P7            C1            C2            C3            C5
              ________      ________      ________      ________      ________
 P7             0.326
 C1             0.207         1.956
 C2             0.178         0.962         1.742
 C3             0.327         1.158         0.960         2.107
 C5             0.250         0.921         0.872         1.063         2.269
 C6             0.241         0.913         0.990         0.868         1.000
 C7             0.230         1.000         0.763         0.861         1.130
 DIABETE       -0.004        -0.005        -0.007        -0.011        -0.020
 EVERSMOK       0.006         0.090         0.108         0.043         0.114
 CHD           -0.032        -0.020         0.001        -0.033        -0.013
 BAGE          -3.027        -2.330        -2.429        -2.891        -3.971
 CEDUC          0.109         0.388         0.307         0.397         0.313
 HEIGHT         1.136         1.318         1.130         1.345         2.198


           Covariances
              C6            C7            DIABETE       EVERSMOK      CHD
              ________      ________      ________      ________      ________
 C6             2.425
 C7             1.440         2.398
 DIABETE        0.006        -0.009         0.031
 EVERSMOK       0.109         0.137        -0.005         0.217
 CHD            0.031        -0.001         0.001        -0.006         0.100
 BAGE          -3.993        -4.580         0.200        -0.681         0.533
 CEDUC          0.280         0.387        -0.012         0.028        -0.022
 HEIGHT         2.000         1.655         0.003         0.225        -0.128


           Covariances
              BAGE          CEDUC         HEIGHT
              ________      ________      ________
 BAGE          81.595
 CEDUC         -2.018         0.612
 HEIGHT       -15.756         1.092        36.481


           Correlations
              P1            P2            P3            P5            P6
              ________      ________      ________      ________      ________
 P1             1.000
 P2             0.825         1.000
 P3             0.772         0.885         1.000
 P5             0.665         0.747         0.764         1.000
 P6             0.665         0.741         0.784         0.745         1.000
 P7             0.670         0.764         0.759         0.747         0.760
 C1             0.251         0.286         0.270         0.198         0.168
 C2             0.249         0.238         0.249         0.184         0.180
 C3             0.242         0.329         0.331         0.205         0.390
 C5             0.231         0.263         0.288         0.206         0.306
 C6             0.195         0.270         0.266         0.152         0.203
 C7             0.197         0.215         0.245         0.169         0.295
 DIABETE       -0.099        -0.134        -0.125        -0.106        -0.238
 EVERSMOK       0.103         0.035         0.035        -0.006         0.094
 CHD           -0.173        -0.200        -0.234        -0.190        -0.218
 BAGE          -0.618        -0.661        -0.654        -0.509        -0.604
 CEDUC          0.260         0.275         0.329         0.211         0.302
 HEIGHT         0.342         0.389         0.400         0.346         0.378


           Correlations
              P7            C1            C2            C3            C5
              ________      ________      ________      ________      ________
 P7             1.000
 C1             0.259         1.000
 C2             0.237         0.521         1.000
 C3             0.395         0.571         0.501         1.000
 C5             0.291         0.437         0.439         0.486         1.000
 C6             0.271         0.419         0.482         0.384         0.426
 C7             0.260         0.462         0.373         0.383         0.485
 DIABETE       -0.043        -0.022        -0.032        -0.045        -0.077
 EVERSMOK       0.023         0.138         0.176         0.064         0.162
 CHD           -0.175        -0.046         0.002        -0.073        -0.028
 BAGE          -0.587        -0.184        -0.204        -0.220        -0.292
 CEDUC          0.244         0.355         0.297         0.349         0.265
 HEIGHT         0.329         0.156         0.142         0.153         0.242


           Correlations
              C6            C7            DIABETE       EVERSMOK      CHD
              ________      ________      ________      ________      ________
 C6             1.000
 C7             0.597         1.000
 DIABETE        0.022        -0.032         1.000
 EVERSMOK       0.150         0.189        -0.064         1.000
 CHD            0.063        -0.001         0.024        -0.044         1.000
 BAGE          -0.284        -0.327         0.126        -0.162         0.187
 CEDUC          0.230         0.320        -0.084         0.078        -0.088
 HEIGHT         0.213         0.177         0.003         0.080        -0.067


           Correlations
              BAGE          CEDUC         HEIGHT
              ________      ________      ________
 BAGE           1.000
 CEDUC         -0.286         1.000
 HEIGHT        -0.289         0.231         1.000


     MAXIMUM LOG-LIKELIHOOD VALUE FOR THE UNRESTRICTED (H1) MODEL IS -6186.139


UNIVARIATE SAMPLE STATISTICS


     UNIVARIATE HIGHER-ORDER MOMENT DESCRIPTIVE STATISTICS

         Variable/         Mean/     Skewness/   Minimum/ % with                Percentiles
        Sample Size      Variance    Kurtosis    Maximum  Min/Max      20%/60%    40%/80%    Median

     P1                    1.923      -0.145       0.500    0.37%       1.500      1.800      1.900
             269.000       0.216       0.010       3.400    0.37%       2.100      2.300
     P2                    1.913      -0.111       0.650    0.37%       1.500      1.780      1.900
             270.000       0.241      -0.352       3.100    0.74%       2.050      2.350
     P3                    1.890      -0.154       0.410    0.40%       1.450      1.780      1.890
             253.000       0.255      -0.165       3.200    0.40%       2.060      2.300
     P5                    1.782       0.009       0.000    0.39%       1.390      1.640      1.730
             255.000       0.241       0.200       3.040    0.39%       1.890      2.220
     P6                    1.739      -0.057       0.540    0.51%       1.300      1.620      1.740
             195.000       0.222      -0.306       2.980    0.51%       1.840      2.160
     P7                    1.660      -0.244       0.000    0.59%       1.230      1.500      1.700
             169.000       0.244      -0.088       2.830    0.59%       1.780      2.120
     C1                    3.904      -0.523       0.000    5.25%       3.000      4.000      4.000
             324.000       1.895       1.934       8.000    0.62%       4.000      5.000
     C2                    4.055      -0.680       0.000    4.00%       3.000      4.000      4.000
             275.000       1.702       1.982       7.000    2.55%       4.000      5.000
     C3                    4.073      -0.525       0.000    5.02%       3.000      4.000      4.000
             259.000       2.045       1.815       8.000    1.16%       4.000      5.000
     C5                    3.737      -1.035       0.000    9.16%       3.000      4.000      4.000
             262.000       2.217       1.269       7.000    0.38%       4.000      5.000
     C6                    3.714      -0.923       0.000    9.39%       3.000      4.000      4.000
             213.000       2.270       1.281       7.000    1.41%       4.000      5.000
     C7                    3.972      -0.631       0.000    6.82%       3.000      4.000      4.000
             176.000       2.244       1.771       8.000    1.14%       4.000      5.000
     DIABETE               0.032       5.338       0.000   96.82%       0.000      0.000      0.000
             409.000       0.031      26.494       1.000    3.18%       0.000      0.000
     EVERSMOKE             0.318       0.782       0.000   68.22%       0.000      0.000      0.000
             409.000       0.217      -1.388       1.000   31.78%       0.000      1.000
     CHD                   0.112       2.453       0.000   88.75%       0.000      0.000      0.000
             409.000       0.100       4.018       1.000   11.25%       0.000      0.000
     BAGE                 -6.056       0.052     -30.239    0.24%     -14.755     -9.239     -6.186
             409.000      81.595      -0.628      17.984    0.24%      -3.396      2.005
     CEDUC                 0.518       1.688       0.000   61.37%       0.000      0.000      0.000
             409.000       0.612       2.563       3.000    4.89%       0.000      1.000
     HEIGHT                1.968      -0.108     -16.000    0.24%      -3.000      1.000      2.000
             409.000      36.481      -0.215      19.000    0.24%       3.000      7.000


THE MODEL ESTIMATION TERMINATED NORMALLY



MODEL FIT INFORMATION

Number of Free Parameters                       41

Loglikelihood

          H0 Value                       -2839.234

Information Criteria

          Akaike (AIC)                    5760.467
          Bayesian (BIC)                  5925.030
          Sample-Size Adjusted BIC        5794.929
            (n* = (n + 2) / 24)



MODEL RESULTS

                                                    Two-Tailed
                    Estimate       S.E.  Est./S.E.    P-Value

 IP         ON
    BAGE              -0.032      0.003    -12.321      0.000
    CEDUC              0.040      0.033      1.209      0.227
    HEIGHT             0.016      0.003      4.740      0.000
    DIABETE           -0.109      0.097     -1.131      0.258
    EVERSMOKE         -0.054      0.045     -1.209      0.226
    CHD               -0.123      0.063     -1.967      0.049

 SP         ON
    BAGE               0.000      0.000      1.434      0.152
    CEDUC              0.000      0.002      0.097      0.922
    HEIGHT             0.000      0.000      0.718      0.473
    DIABETE           -0.005      0.013     -0.420      0.674
    EVERSMOKE         -0.003      0.004     -0.748      0.454
    CHD               -0.002      0.008     -0.224      0.823

 IC         ON
    BAGE              -0.012      0.008     -1.438      0.150
    CEDUC              0.510      0.107      4.765      0.000
    HEIGHT             0.011      0.013      0.899      0.369
    DIABETE            0.117      0.385      0.303      0.762
    EVERSMOKE          0.260      0.166      1.571      0.116
    CHD                0.020      0.208      0.098      0.922

 SC         ON
    BAGE              -0.001      0.001     -2.002      0.045
    CEDUC             -0.009      0.008     -1.096      0.273
    HEIGHT             0.001      0.001      0.894      0.372
    DIABETE           -0.010      0.034     -0.304      0.761
    EVERSMOKE          0.005      0.012      0.412      0.681
    CHD                0.022      0.020      1.085      0.278

 IP       WITH
    SP                -0.001      0.001     -1.244      0.213
    IC                 0.084      0.027      3.132      0.002
    SC                -0.005      0.002     -2.306      0.021

 SP       WITH
    IC                 0.000      0.002     -0.094      0.925
    SC                 0.000      0.000      1.312      0.190

 IC       WITH
    SC                -0.010      0.007     -1.415      0.157

 P1       WITH
    C1                -0.007      0.012     -0.538      0.591

 P2       WITH
    C2                -0.007      0.012     -0.538      0.591

 P3       WITH
    C3                -0.007      0.012     -0.538      0.591

 P5       WITH
    C5                -0.007      0.012     -0.538      0.591

 P6       WITH
    C6                -0.007      0.012     -0.538      0.591

 P7       WITH
    C7                -0.007      0.012     -0.538      0.591

 Intercepts
    P1                 0.000      0.000    999.000    999.000
    P2                 0.000      0.000    999.000    999.000
    P3                 0.000      0.000    999.000    999.000
    P5                 0.000      0.000    999.000    999.000
    P6                 0.000      0.000    999.000    999.000
    P7                 0.000      0.000    999.000    999.000
    C1                 0.000      0.000    999.000    999.000
    C2                 0.000      0.000    999.000    999.000
    C3                 0.000      0.000    999.000    999.000
    C5                 0.000      0.000    999.000    999.000
    C6                 0.000      0.000    999.000    999.000
    C7                 0.000      0.000    999.000    999.000
    IP                 1.800      0.035     50.771      0.000
    SP                -0.025      0.003     -7.857      0.000
    IC                 3.667      0.095     38.599      0.000
    SC                -0.043      0.010     -4.289      0.000

 Residual Variances
    P1                 0.057      0.001     38.311      0.000
    P2                 0.057      0.001     38.311      0.000
    P3                 0.057      0.001     38.311      0.000
    P5                 0.057      0.001     38.311      0.000
    P6                 0.057      0.001     38.311      0.000
    P7                 0.057      0.001     38.311      0.000
    C1                 1.042      0.039     26.689      0.000
    C2                 1.042      0.039     26.689      0.000
    C3                 1.042      0.039     26.689      0.000
    C5                 1.042      0.039     26.689      0.000
    C6                 1.042      0.039     26.689      0.000
    C7                 1.042      0.039     26.689      0.000
    IP                 0.087      0.010      8.443      0.000
    SP                 0.000      0.000      4.722      0.000
    IC                 0.742      0.102      7.282      0.000
    SC                 0.002      0.001      2.581      0.010

New/Additional Parameters
    R_IPIC             0.330      0.103      3.195      0.001
    R_SPSC             0.349      0.269      1.300      0.193
    R_RES_PC          -0.027      0.050     -0.538      0.591


QUALITY OF NUMERICAL RESULTS

     Condition Number for the Information Matrix              0.378E-06
       (ratio of smallest to largest eigenvalue)


CONFIDENCE INTERVALS OF MODEL RESULTS

                  Lower .5%  Lower 2.5%    Lower 5%    Estimate    Upper 5%  Upper 2.5%   Upper .5%

 IP       ON
    BAGE            -0.038      -0.037      -0.036      -0.032      -0.028      -0.027      -0.025
    CEDUC           -0.045      -0.025      -0.015       0.040       0.095       0.105       0.126
    HEIGHT           0.007       0.009       0.010       0.016       0.021       0.022       0.024
    DIABETE         -0.359      -0.299      -0.269      -0.109       0.050       0.080       0.140
    EVERSMOKE       -0.169      -0.141      -0.127      -0.054       0.019       0.033       0.061
    CHD             -0.284      -0.246      -0.226      -0.123      -0.020       0.000       0.038

 SP       ON
    BAGE             0.000       0.000       0.000       0.000       0.001       0.001       0.001
    CEDUC           -0.006      -0.004      -0.004       0.000       0.004       0.005       0.006
    HEIGHT           0.000       0.000       0.000       0.000       0.001       0.001       0.001
    DIABETE         -0.038      -0.030      -0.026      -0.005       0.015       0.019       0.027
    EVERSMOKE       -0.012      -0.010      -0.009      -0.003       0.003       0.004       0.007
    CHD             -0.022      -0.017      -0.015      -0.002       0.011       0.013       0.018

 IC       ON
    BAGE            -0.033      -0.028      -0.026      -0.012       0.002       0.004       0.009
    CEDUC            0.234       0.300       0.334       0.510       0.686       0.720       0.786
    HEIGHT          -0.021      -0.014      -0.009       0.011       0.032       0.036       0.044
    DIABETE         -0.875      -0.638      -0.517       0.117       0.750       0.871       1.109
    EVERSMOKE       -0.166      -0.064      -0.012       0.260       0.532       0.585       0.687
    CHD             -0.515      -0.387      -0.321       0.020       0.362       0.428       0.556

 SC       ON
    BAGE            -0.003      -0.003      -0.003      -0.001       0.000       0.000       0.000
    CEDUC           -0.030      -0.025      -0.023      -0.009       0.005       0.007       0.012
    HEIGHT          -0.002      -0.001      -0.001       0.001       0.003       0.003       0.003
    DIABETE         -0.098      -0.077      -0.066      -0.010       0.046       0.056       0.077
    EVERSMOKE       -0.027      -0.019      -0.015       0.005       0.025       0.029       0.037
    CHD             -0.030      -0.018      -0.011       0.022       0.055       0.061       0.074

 IP       WITH
    SP              -0.002      -0.002      -0.002      -0.001       0.000       0.000       0.001
    IC               0.015       0.031       0.040       0.084       0.128       0.136       0.153
    SC              -0.011      -0.010      -0.009      -0.005      -0.002      -0.001       0.001

 SP       WITH
    IC              -0.006      -0.005      -0.004       0.000       0.003       0.004       0.006
    SC               0.000       0.000       0.000       0.000       0.000       0.001       0.001

 IC       WITH
    SC              -0.027      -0.023      -0.021      -0.010       0.002       0.004       0.008

 P1       WITH
    C1              -0.038      -0.030      -0.027      -0.007       0.013       0.017       0.025

 P2       WITH
    C2              -0.038      -0.030      -0.027      -0.007       0.013       0.017       0.025

 P3       WITH
    C3              -0.038      -0.030      -0.027      -0.007       0.013       0.017       0.025

 P5       WITH
    C5              -0.038      -0.030      -0.027      -0.007       0.013       0.017       0.025

 P6       WITH
    C6              -0.038      -0.030      -0.027      -0.007       0.013       0.017       0.025

 P7       WITH
    C7              -0.038      -0.030      -0.027      -0.007       0.013       0.017       0.025

 Intercepts
    P1               0.000       0.000       0.000       0.000       0.000       0.000       0.000
    P2               0.000       0.000       0.000       0.000       0.000       0.000       0.000
    P3               0.000       0.000       0.000       0.000       0.000       0.000       0.000
    P5               0.000       0.000       0.000       0.000       0.000       0.000       0.000
    P6               0.000       0.000       0.000       0.000       0.000       0.000       0.000
    P7               0.000       0.000       0.000       0.000       0.000       0.000       0.000
    C1               0.000       0.000       0.000       0.000       0.000       0.000       0.000
    C2               0.000       0.000       0.000       0.000       0.000       0.000       0.000
    C3               0.000       0.000       0.000       0.000       0.000       0.000       0.000
    C5               0.000       0.000       0.000       0.000       0.000       0.000       0.000
    C6               0.000       0.000       0.000       0.000       0.000       0.000       0.000
    C7               0.000       0.000       0.000       0.000       0.000       0.000       0.000
    IP               1.708       1.730       1.741       1.800       1.858       1.869       1.891
    SP              -0.034      -0.032      -0.031      -0.025      -0.020      -0.019      -0.017
    IC               3.422       3.481       3.511       3.667       3.823       3.853       3.912
    SC              -0.069      -0.062      -0.059      -0.043      -0.026      -0.023      -0.017

 Residual Variances
    P1               0.053       0.054       0.055       0.057       0.060       0.060       0.061
    P2               0.053       0.054       0.055       0.057       0.060       0.060       0.061
    P3               0.053       0.054       0.055       0.057       0.060       0.060       0.061
    P5               0.053       0.054       0.055       0.057       0.060       0.060       0.061
    P6               0.053       0.054       0.055       0.057       0.060       0.060       0.061
    P7               0.053       0.054       0.055       0.057       0.060       0.060       0.061
    C1               0.941       0.965       0.977       1.042       1.106       1.118       1.142
    C2               0.941       0.965       0.977       1.042       1.106       1.118       1.142
    C3               0.941       0.965       0.977       1.042       1.106       1.118       1.142
    C5               0.941       0.965       0.977       1.042       1.106       1.118       1.142
    C6               0.941       0.965       0.977       1.042       1.106       1.118       1.142
    C7               0.941       0.965       0.977       1.042       1.106       1.118       1.142
    IP               0.060       0.067       0.070       0.087       0.104       0.107       0.113
    SP               0.000       0.000       0.000       0.000       0.000       0.000       0.000
    IC               0.480       0.543       0.575       0.742       0.910       0.942       1.005
    SC               0.000       0.000       0.001       0.002       0.003       0.003       0.003

New/Additional Parameters
    R_IPIC           0.064       0.128       0.160       0.330       0.500       0.532       0.596
    R_SPSC          -0.343      -0.177      -0.093       0.349       0.791       0.876       1.041
    R_RES_PC        -0.156      -0.125      -0.109      -0.027       0.055       0.071       0.102


SAMPLE STATISTICS FOR ESTIMATED FACTOR SCORES


     SAMPLE STATISTICS


           Means
              IP            IP_SE         SP            SP_SE         IC
              ________      ________      ________      ________      ________
 1              2.010         0.155        -0.028         0.012         4.115


           Means
              IC_SE         SC            SC_SE
              ________      ________      ________
 1              0.529        -0.033         0.036


           Covariances
              IP            IP_SE         SP            SP_SE         IC
              ________      ________      ________      ________      ________
 IP             0.182
 IP_SE          0.000         0.001
 SP             0.000         0.000         0.000
 SP_SE          0.000         0.000         0.000         0.000
 IC             0.172         0.000         0.000         0.000         0.699
 IC_SE          0.001         0.002         0.000         0.000         0.003
 SC             0.000         0.000         0.000         0.000         0.000
 SC_SE          0.000         0.000         0.000         0.000         0.000


           Covariances
              IC_SE         SC            SC_SE
              ________      ________      ________
 IC_SE          0.006
 SC             0.000         0.001
 SC_SE          0.000         0.000         0.000


           Correlations
              IP            IP_SE         SP            SP_SE         IC
              ________      ________      ________      ________      ________
 IP             1.000
 IP_SE          0.002         1.000
 SP            -0.136         0.125         1.000
 SP_SE         -0.432         0.447         0.219         1.000
 IC             0.483         0.016         0.001        -0.225         1.000
 IC_SE          0.029         0.851         0.143         0.539         0.048
 SC             0.035        -0.016         0.120        -0.136        -0.016
 SC_SE         -0.350         0.575         0.237         0.959        -0.177


           Correlations
              IC_SE         SC            SC_SE
              ________      ________      ________
 IC_SE          1.000
 SC             0.004         1.000
 SC_SE          0.661        -0.089         1.000


PLOT INFORMATION

The following plots are available:

  Histograms (sample values, estimated factor scores)
  Scatterplots (sample values, estimated factor scores)
  Latent variable distribution plots

SAVEDATA INFORMATION


  Save file
    SATSASlopes_f_fev_dsb

  Order and format of variables

    P1             F10.3
    P2             F10.3
    P3             F10.3
    P5             F10.3
    P6             F10.3
    P7             F10.3
    C1             F10.3
    C2             F10.3
    C3             F10.3
    C5             F10.3
    C6             F10.3
    C7             F10.3
    DIABETE        F10.3
    EVERSMOK       F10.3
    CHD            F10.3
    BAGE           F10.3
    CEDUC          F10.3
    HEIGHT         F10.3
    TIME1          F10.3
    TIME2          F10.3
    TIME3          F10.3
    TIME5          F10.3
    TIME6          F10.3
    TIME7          F10.3
    IP             F10.3
    IP_SE          F10.3
    SP             F10.3
    SP_SE          F10.3
    IC             F10.3
    IC_SE          F10.3
    SC             F10.3
    SC_SE          F10.3

  Save file format
    32F10.3

  Save file record length    10000


     Beginning Time:  14:25:38
        Ending Time:  14:25:41
       Elapsed Time:  00:00:03



MUTHEN & MUTHEN
3463 Stoner Ave.
Los Angeles, CA  90066

Tel: (310) 391-9971
Fax: (310) 391-8971
Web: www.StatModel.com
Support: Support@StatModel.com

Copyright (c) 1998-2015 Muthen & Muthen
