Mplus VERSION 7.4 (Mac)
MUTHEN & MUTHEN
11/06/2015   1:20 PM

INPUT INSTRUCTIONS

  TITLE: fev - block - female - age & education & height & diab & smoke & cardio

  DATA:  File = satsa.dat;

  VARIABLE: Names are
  twinnr pairid sex01 przygup rear iage1-iage7 intakeage time1-time7 dem1-dem7
  s_demen_onset
  htcm wtkg qualc depr cv chd sumill eversmoke diabete
  marital msgroup sesobj educ edugr
  fev1_1-fev1_7 ht_1-ht_7 grip1-grip7 gait2-gait7
  stupt_2-stupt_7 stuprt_2-stuprt_7
  idigf_r1-idigf_r7 idigb_r1-idigb_r7 ibloc_r1-ibloc_r7 ithur_r1-ithur_r7
  isynm_r1-isynm_r7 iinfo_r1-iinfo_r7 ianal_r1-ianal_r7 irota_r1-irota_r7
  ifigi_r1-ifigi_r7 isymd_r1-isymd_r7 mmse7_1-mmse7_7
  tverb1-tverb7 tspat1-tspat7 tmemo1-tmemo7 tsped1-tsped7 tpcom1-tpcom7;

         MISSING are .;
         USEVAR are  diabete eversmoke chd time1 time2 time3  time5 time6 time7
                     p1 p2 p3  p5 p6 p7
                     c1 c2 c3  c5 c6 c7
                     Bage ceduc height;
         TSCORES =   time1 time2 time3   time5 time6 time7;

         USEOBSERVATIONS are  sex01 EQ 1;

  Define: p1=fev1_1; p2=fev1_2; p3=fev1_3; p5=fev1_5; p6=fev1_6; p7=fev1_7;
          c1=ibloc_r1; c2=ibloc_r2; c3=ibloc_r3; c5=ibloc_r5; c6=ibloc_r6; c7=ibloc_r7;

          Bage=intakeage-70;   !Centered at Age 70
          !Bagesq=(intakeage-70)**2;

          Sex=1;         !0=Male
          cEduc=educ-1;     ! center at 1 as most equivalent to 7 years
          !SEP=SESgrp;
          !Marstat;
          Height=htcm-160;  !center at 172 for males and 160 for females
          !Weight
          !BMI
          !SmokHist=Smoke;
          !Alcohol;
          !CompExp;
          !PhysAct;
          !BP;
          !DepSymp;
          !Cardio;
          !Diab;
          !MorbInd;

          !BageSex=Bage*Sex;
          !BageEduc=Bage*Educ;
          !SexEduc=Sex*Educ;

  ANALYSIS: TYPE = RANDOM;
  	estimator=mlf;

  MODEL:  ip sp | p1 p2 p3 p5 p6 p7 at time1 time2 time3 time5 time6 time7;
          ic sc | c1 c2 c3 c5 c6 c7 at time1 time2 time3 time5 time6 time7;

          ip sp ic sc ON Bage ceduc height diabete eversmoke chd;

          p2-p7 (res_p);
          c2-c7 (res_c);

          p2 p3 p5 p6 p7 pwith c2 c3 c5 c6 c7(res_cov);

          ip (v_ip); ! v - variance
          sp (v_sp);
          ic (v_ic);
          sc (v_sc);
          ip WITH sp (c_ipsp); ! c - covariance
          ip WITH ic (c_ipic);
          ip WITH sc (c_ipsc);
          sp WITH ic (c_spic);
          sp WITH sc (c_spsc);
          ic WITH sc (c_icsc);

  MODEL CONSTRAINT:

          NEW r_ipic;
          NEW r_spsc;
          NEW r_res_pc;

          r_ipic = c_ipic/((v_ip**0.5)*(v_ic**0.5));
          r_spsc = c_spsc/((v_sp**0.5)*(v_sc**0.5));
          r_res_pc = res_cov/((res_p**0.5)*(res_c**0.5));

  OUTPUT: sampstat Cinterval;

  PLOT: Type is Plot1 Plot2 Plot3;

  SAVEDATA:

          FILE IS   SATSASlopes_f_fev_block;
          SAVE = FSCORES;






*** WARNING in VARIABLE command
  Note that only the first 8 characters of variable names are used in the output.
  Shorten variable names to avoid any confusion.
*** WARNING in PLOT command
  Note that only the first 8 characters of variable names are used in plots.
  If variable names are not unique within the first 8 characters, problems
  may occur.
*** WARNING
  Data set contains cases with missing on x-variables.
  These cases were not included in the analysis.
  Number of cases with missing on x-variables:  100
*** WARNING
  Data set contains cases with missing on all variables except
  x-variables.  These cases were not included in the analysis.
  Number of cases with missing on all variables except x-variables:  3
   4 WARNING(S) FOUND IN THE INPUT INSTRUCTIONS



fev - block - female - age & education & height & diab & smoke & cardio

SUMMARY OF ANALYSIS

Number of groups                                                 1
Number of observations                                         408

Number of dependent variables                                   12
Number of independent variables                                  6
Number of continuous latent variables                            4

Observed dependent variables

  Continuous
   P1          P2          P3          P5          P6          P7
   C1          C2          C3          C5          C6          C7

Observed independent variables
   DIABETE     EVERSMOK    CHD         BAGE        CEDUC       HEIGHT

Continuous latent variables
   IP          SP          IC          SC

Variables with special functions

  Time scores
   TIME1       TIME2       TIME3       TIME5       TIME6       TIME7


Estimator                                                      MLF
Information matrix                                        OBSERVED
Maximum number of iterations                                   100
Convergence criterion                                    0.100D-05
Maximum number of EM iterations                                500
Convergence criteria for the EM algorithm
  Loglikelihood change                                   0.100D-02
  Relative loglikelihood change                          0.100D-05
  Derivative                                             0.100D-03
Minimum variance                                         0.100D-03
Maximum number of steepest descent iterations                   20
Maximum number of iterations for H1                           2000
Convergence criterion for H1                             0.100D-03
Optimization algorithm                                         EMA

Input data file(s)
  satsa.dat
Input data format  FREE


SUMMARY OF DATA

     Number of missing data patterns            89


COVARIANCE COVERAGE OF DATA

Minimum covariance coverage value   0.100


     PROPORTION OF DATA PRESENT


           Covariance Coverage
              P1            P2            P3            P5            P6
              ________      ________      ________      ________      ________
 P1             0.659
 P2             0.493         0.662
 P3             0.453         0.547         0.620
 P5             0.382         0.439         0.446         0.625
 P6             0.277         0.326         0.328         0.463         0.478
 P7             0.230         0.272         0.284         0.407         0.385
 C1             0.657         0.576         0.534         0.449         0.319
 C2             0.488         0.630         0.549         0.451         0.331
 C3             0.456         0.559         0.605         0.456         0.336
 C5             0.368         0.426         0.431         0.591         0.461
 C6             0.297         0.343         0.353         0.485         0.466
 C7             0.245         0.289         0.304         0.429         0.409
 DIABETE        0.659         0.662         0.620         0.625         0.478
 EVERSMOK       0.659         0.662         0.620         0.625         0.478
 CHD            0.659         0.662         0.620         0.625         0.478
 BAGE           0.659         0.662         0.620         0.625         0.478
 CEDUC          0.659         0.662         0.620         0.625         0.478
 HEIGHT         0.659         0.662         0.620         0.625         0.478


           Covariance Coverage
              P7            C1            C2            C3            C5
              ________      ________      ________      ________      ________
 P7             0.414
 C1             0.257         0.789
 C2             0.279         0.569         0.654
 C3             0.289         0.547         0.564         0.630
 C5             0.404         0.422         0.434         0.441         0.603
 C6             0.404         0.336         0.350         0.358         0.488
 C7             0.404         0.275         0.299         0.309         0.429
 DIABETE        0.414         0.789         0.654         0.630         0.603
 EVERSMOK       0.414         0.789         0.654         0.630         0.603
 CHD            0.414         0.789         0.654         0.630         0.603
 BAGE           0.414         0.789         0.654         0.630         0.603
 CEDUC          0.414         0.789         0.654         0.630         0.603
 HEIGHT         0.414         0.789         0.654         0.630         0.603


           Covariance Coverage
              C6            C7            DIABETE       EVERSMOK      CHD
              ________      ________      ________      ________      ________
 C6             0.505
 C7             0.429         0.436
 DIABETE        0.505         0.436         1.000
 EVERSMOK       0.505         0.436         1.000         1.000
 CHD            0.505         0.436         1.000         1.000         1.000
 BAGE           0.505         0.436         1.000         1.000         1.000
 CEDUC          0.505         0.436         1.000         1.000         1.000
 HEIGHT         0.505         0.436         1.000         1.000         1.000


           Covariance Coverage
              BAGE          CEDUC         HEIGHT
              ________      ________      ________
 BAGE           1.000
 CEDUC          1.000         1.000
 HEIGHT         1.000         1.000         1.000


SAMPLE STATISTICS


     ESTIMATED SAMPLE STATISTICS


           Means
              P1            P2            P3            P5            P6
              ________      ________      ________      ________      ________
 1              1.962         1.922         1.906         1.642         1.522


           Means
              P7            C1            C2            C3            C5
              ________      ________      ________      ________      ________
 1              1.401        18.901        18.700        18.296        16.524


           Means
              C6            C7            DIABETE       EVERSMOK      CHD
              ________      ________      ________      ________      ________
 1             14.529        13.410         0.032         0.316         0.113


           Means
              BAGE          CEDUC         HEIGHT
              ________      ________      ________
 1             -6.060         0.520         1.971


           Covariances
              P1            P2            P3            P5            P6
              ________      ________      ________      ________      ________
 P1             0.233
 P2             0.202         0.258
 P3             0.194         0.235         0.273
 P5             0.171         0.204         0.214         0.285
 P6             0.174         0.206         0.224         0.217         0.294
 P7             0.174         0.221         0.226         0.228         0.234
 C1             1.472         1.707         1.717         1.642         1.772
 C2             1.615         1.867         1.923         1.776         1.926
 C3             1.641         1.974         2.134         1.531         2.269
 C5             1.963         2.285         2.362         2.014         2.393
 C6             2.154         2.794         2.842         2.394         2.859
 C7             2.237         2.680         2.795         2.509         2.792
 DIABETE       -0.008        -0.012        -0.011        -0.010        -0.022
 EVERSMOK       0.025         0.010         0.010        -0.001         0.023
 CHD           -0.026        -0.033        -0.039        -0.033        -0.037
 BAGE          -2.717        -3.064        -3.109        -2.544        -2.926
 CEDUC          0.095         0.108         0.135         0.089         0.129
 HEIGHT         1.012         1.186         1.256         1.127         1.242


           Covariances
              P7            C1            C2            C3            C5
              ________      ________      ________      ________      ________
 P7             0.325
 C1             2.273        59.053
 C2             2.124        47.834        58.334
 C3             2.248        48.404        51.455        66.089
 C5             2.538        48.537        52.002        54.103        68.312
 C6             3.107        49.457        54.982        61.068        63.498
 C7             3.286        49.789        56.954        58.867        66.610
 DIABETE       -0.007        -0.232        -0.249        -0.277        -0.180
 EVERSMOK       0.009         0.267         0.383         0.502         0.502
 CHD           -0.032        -0.207        -0.173        -0.329        -0.244
 BAGE          -3.100       -27.938       -33.485       -37.210       -43.355
 CEDUC          0.109         1.793         2.309         2.475         2.541
 HEIGHT         1.167         9.326        11.700        11.296         9.147


           Covariances
              C6            C7            DIABETE       EVERSMOK      CHD
              ________      ________      ________      ________      ________
 C6            82.866
 C7            73.978        88.093
 DIABETE       -0.322        -0.130         0.031
 EVERSMOK       0.456         0.421        -0.005         0.216
 CHD           -0.329        -0.307         0.001        -0.006         0.100
 BAGE         -55.308       -52.361         0.200        -0.686         0.535
 CEDUC          2.772         3.011        -0.012         0.029        -0.022
 HEIGHT        13.878        13.946         0.003         0.227        -0.129


           Covariances
              BAGE          CEDUC         HEIGHT
              ________      ________      ________
 BAGE          81.786
 CEDUC         -2.020         0.612
 HEIGHT       -15.790         1.094        36.568


           Correlations
              P1            P2            P3            P5            P6
              ________      ________      ________      ________      ________
 P1             1.000
 P2             0.822         1.000
 P3             0.768         0.886         1.000
 P5             0.665         0.751         0.767         1.000
 P6             0.663         0.749         0.790         0.751         1.000
 P7             0.633         0.762         0.757         0.748         0.757
 C1             0.396         0.437         0.427         0.401         0.425
 C2             0.438         0.481         0.481         0.436         0.465
 C3             0.418         0.478         0.502         0.353         0.515
 C5             0.492         0.544         0.547         0.457         0.534
 C6             0.490         0.604         0.597         0.493         0.579
 C7             0.493         0.562         0.569         0.501         0.549
 DIABETE       -0.095        -0.131        -0.124        -0.108        -0.228
 EVERSMOK       0.109         0.043         0.041        -0.002         0.092
 CHD           -0.168        -0.204        -0.237        -0.195        -0.215
 BAGE          -0.622        -0.667        -0.657        -0.527        -0.597
 CEDUC          0.252         0.273         0.330         0.213         0.303
 HEIGHT         0.347         0.386         0.397         0.349         0.379


           Correlations
              P7            C1            C2            C3            C5
              ________      ________      ________      ________      ________
 P7             1.000
 C1             0.519         1.000
 C2             0.488         0.815         1.000
 C3             0.485         0.775         0.829         1.000
 C5             0.539         0.764         0.824         0.805         1.000
 C6             0.599         0.707         0.791         0.825         0.844
 C7             0.614         0.690         0.795         0.772         0.859
 DIABETE       -0.066        -0.172        -0.186        -0.194        -0.124
 EVERSMOK       0.034         0.075         0.108         0.133         0.131
 CHD           -0.176        -0.085        -0.071        -0.128        -0.093
 BAGE          -0.601        -0.402        -0.485        -0.506        -0.580
 CEDUC          0.245         0.298         0.386         0.389         0.393
 HEIGHT         0.338         0.201         0.253         0.230         0.183


           Correlations
              C6            C7            DIABETE       EVERSMOK      CHD
              ________      ________      ________      ________      ________
 C6             1.000
 C7             0.866         1.000
 DIABETE       -0.202        -0.079         1.000
 EVERSMOK       0.108         0.096        -0.063         1.000
 CHD           -0.114        -0.104         0.024        -0.042         1.000
 BAGE          -0.672        -0.617         0.126        -0.163         0.187
 CEDUC          0.389         0.410        -0.085         0.081        -0.088
 HEIGHT         0.252         0.246         0.003         0.081        -0.067


           Correlations
              BAGE          CEDUC         HEIGHT
              ________      ________      ________
 BAGE           1.000
 CEDUC         -0.285         1.000
 HEIGHT        -0.289         0.231         1.000


     MAXIMUM LOG-LIKELIHOOD VALUE FOR THE UNRESTRICTED (H1) MODEL IS -8117.105


UNIVARIATE SAMPLE STATISTICS


     UNIVARIATE HIGHER-ORDER MOMENT DESCRIPTIVE STATISTICS

         Variable/         Mean/     Skewness/   Minimum/ % with                Percentiles
        Sample Size      Variance    Kurtosis    Maximum  Min/Max      20%/60%    40%/80%    Median

     P1                    1.923      -0.145       0.500    0.37%       1.500      1.800      1.900
             269.000       0.216       0.010       3.400    0.37%       2.100      2.300
     P2                    1.913      -0.111       0.650    0.37%       1.500      1.780      1.900
             270.000       0.241      -0.352       3.100    0.74%       2.050      2.350
     P3                    1.890      -0.154       0.410    0.40%       1.450      1.780      1.890
             253.000       0.255      -0.165       3.200    0.40%       2.060      2.300
     P5                    1.782       0.009       0.000    0.39%       1.390      1.640      1.730
             255.000       0.241       0.200       3.040    0.39%       1.890      2.220
     P6                    1.739      -0.057       0.540    0.51%       1.300      1.620      1.740
             195.000       0.222      -0.306       2.980    0.51%       1.840      2.160
     P7                    1.660      -0.244       0.000    0.59%       1.230      1.500      1.700
             169.000       0.244      -0.088       2.830    0.59%       1.780      2.120
     C1                   17.826      -0.102       0.000    1.55%      12.000     16.000     18.000
             322.000      55.578      -0.438      35.000    0.31%      20.000     24.000
     C2                   18.925      -0.070       0.000    0.75%      13.000     17.000     19.000
             267.000      51.350      -0.320      37.000    0.37%      20.000     25.000
     C3                   18.568       0.046       0.000    1.17%      12.000     16.000     18.000
             257.000      59.903      -0.327      41.000    0.39%      20.000     26.000
     C5                   19.455       0.002       3.000    1.22%      13.000     18.000     19.000
             246.000      53.516      -0.471      37.000    0.41%      21.000     26.000
     C6                   18.883      -0.092       0.000    1.46%      13.000     17.000     19.000
             206.000      57.763      -0.046      39.000    0.49%      21.000     25.000
     C7                   18.253       0.090       0.000    1.69%      12.000     16.000     18.000
             178.000      61.841      -0.327      38.000    0.56%      19.000     26.000
     DIABETE               0.032       5.331       0.000   96.81%       0.000      0.000      0.000
             408.000       0.031      26.418       1.000    3.19%       0.000      0.000
     EVERSMOKE             0.316       0.791       0.000   68.38%       0.000      0.000      0.000
             408.000       0.216      -1.375       1.000   31.62%       0.000      1.000
     CHD                   0.113       2.449       0.000   88.73%       0.000      0.000      0.000
             408.000       0.100       3.997       1.000   11.27%       0.000      0.000
     BAGE                 -6.060       0.053     -30.239    0.25%     -14.755     -9.333     -6.226
             408.000      81.786      -0.633      17.984    0.25%      -3.392      2.005
     CEDUC                 0.520       1.684       0.000   61.27%       0.000      0.000      0.000
             408.000       0.612       2.550       3.000    4.90%       0.000      1.000
     HEIGHT                1.971      -0.109     -16.000    0.25%      -3.000      1.000      2.000
             408.000      36.568      -0.221      19.000    0.25%       3.000      7.000


THE MODEL ESTIMATION TERMINATED NORMALLY



MODEL FIT INFORMATION

Number of Free Parameters                       43

Loglikelihood

          H0 Value                       -4778.423

Information Criteria

          Akaike (AIC)                    9642.846
          Bayesian (BIC)                  9815.330
          Sample-Size Adjusted BIC        9678.884
            (n* = (n + 2) / 24)



MODEL RESULTS

                                                    Two-Tailed
                    Estimate       S.E.  Est./S.E.    P-Value

 IP         ON
    BAGE              -0.032      0.003    -12.236      0.000
    CEDUC              0.043      0.033      1.308      0.191
    HEIGHT             0.016      0.003      4.549      0.000
    DIABETE           -0.101      0.106     -0.954      0.340
    EVERSMOKE         -0.052      0.045     -1.154      0.249
    CHD               -0.125      0.064     -1.932      0.053

 SP         ON
    BAGE               0.000      0.000      1.199      0.230
    CEDUC              0.000      0.002     -0.039      0.969
    HEIGHT             0.000      0.000      0.683      0.494
    DIABETE           -0.004      0.013     -0.330      0.741
    EVERSMOKE         -0.003      0.004     -0.741      0.459
    CHD               -0.001      0.009     -0.144      0.885

 IC         ON
    BAGE              -0.285      0.043     -6.575      0.000
    CEDUC              2.223      0.505      4.404      0.000
    HEIGHT             0.085      0.062      1.378      0.168
    DIABETE           -5.486      2.315     -2.370      0.018
    EVERSMOKE          0.181      0.799      0.227      0.821
    CHD                0.019      1.107      0.017      0.987

 SC         ON
    BAGE              -0.014      0.003     -5.003      0.000
    CEDUC              0.020      0.031      0.657      0.511
    HEIGHT            -0.003      0.004     -0.720      0.472
    DIABETE            0.101      0.183      0.553      0.580
    EVERSMOKE         -0.010      0.046     -0.212      0.832
    CHD                0.035      0.089      0.393      0.694

 IP       WITH
    SP                -0.001      0.001     -1.388      0.165
    IC                 0.415      0.153      2.705      0.007
    SC                -0.001      0.010     -0.083      0.934

 SP       WITH
    IC                 0.010      0.010      0.934      0.350
    SC                 0.000      0.001      0.779      0.436

 IC       WITH
    SC                -0.334      0.139     -2.406      0.016

 P2       WITH
    C2                 0.058      0.034      1.688      0.091

 P3       WITH
    C3                 0.058      0.034      1.688      0.091

 P5       WITH
    C5                 0.058      0.034      1.688      0.091

 P6       WITH
    C6                 0.058      0.034      1.688      0.091

 P7       WITH
    C7                 0.058      0.034      1.688      0.091

 Intercepts
    P1                 0.000      0.000    999.000    999.000
    P2                 0.000      0.000    999.000    999.000
    P3                 0.000      0.000    999.000    999.000
    P5                 0.000      0.000    999.000    999.000
    P6                 0.000      0.000    999.000    999.000
    P7                 0.000      0.000    999.000    999.000
    C1                 0.000      0.000    999.000    999.000
    C2                 0.000      0.000    999.000    999.000
    C3                 0.000      0.000    999.000    999.000
    C5                 0.000      0.000    999.000    999.000
    C6                 0.000      0.000    999.000    999.000
    C7                 0.000      0.000    999.000    999.000
    IP                 1.796      0.036     49.987      0.000
    SP                -0.026      0.003     -7.525      0.000
    IC                16.497      0.521     31.646      0.000
    SC                -0.363      0.035    -10.374      0.000

 Residual Variances
    P1                 0.053      0.005     10.203      0.000
    P2                 0.058      0.002     36.237      0.000
    P3                 0.058      0.002     36.237      0.000
    P5                 0.058      0.002     36.237      0.000
    P6                 0.058      0.002     36.237      0.000
    P7                 0.058      0.002     36.237      0.000
    C1                12.716      1.749      7.269      0.000
    C2                10.983      0.380     28.932      0.000
    C3                10.983      0.380     28.932      0.000
    C5                10.983      0.380     28.932      0.000
    C6                10.983      0.380     28.932      0.000
    C7                10.983      0.380     28.932      0.000
    IP                 0.088      0.010      8.739      0.000
    SP                 0.000      0.000      4.432      0.000
    IC                34.233      3.649      9.381      0.000
    SC                 0.031      0.007      4.723      0.000

New/Additional Parameters
    R_IPIC             0.239      0.086      2.786      0.005
    R_SPSC             0.188      0.236      0.796      0.426
    R_RES_PC           0.072      0.043      1.687      0.092


QUALITY OF NUMERICAL RESULTS

     Condition Number for the Information Matrix              0.300E-06
       (ratio of smallest to largest eigenvalue)


CONFIDENCE INTERVALS OF MODEL RESULTS

                  Lower .5%  Lower 2.5%    Lower 5%    Estimate    Upper 5%  Upper 2.5%   Upper .5%

 IP       ON
    BAGE            -0.039      -0.037      -0.036      -0.032      -0.028      -0.027      -0.025
    CEDUC           -0.042      -0.021      -0.011       0.043       0.097       0.107       0.128
    HEIGHT           0.007       0.009       0.010       0.016       0.021       0.022       0.025
    DIABETE         -0.374      -0.308      -0.275      -0.101       0.073       0.106       0.172
    EVERSMOKE       -0.169      -0.141      -0.127      -0.052       0.022       0.037       0.064
    CHD             -0.291      -0.251      -0.231      -0.125      -0.018       0.002       0.042

 SP       ON
    BAGE             0.000       0.000       0.000       0.000       0.001       0.001       0.001
    CEDUC           -0.006      -0.005      -0.004       0.000       0.004       0.005       0.006
    HEIGHT          -0.001       0.000       0.000       0.000       0.001       0.001       0.001
    DIABETE         -0.039      -0.031      -0.027      -0.004       0.018       0.022       0.030
    EVERSMOKE       -0.012      -0.010      -0.008      -0.003       0.003       0.004       0.007
    CHD             -0.023      -0.018      -0.015      -0.001       0.013       0.016       0.021

 IC       ON
    BAGE            -0.397      -0.370      -0.357      -0.285      -0.214      -0.200      -0.174
    CEDUC            0.923       1.233       1.392       2.223       3.053       3.212       3.522
    HEIGHT          -0.074      -0.036      -0.017       0.085       0.187       0.207       0.245
    DIABETE        -11.449     -10.023      -9.294      -5.486      -1.678      -0.949       0.477
    EVERSMOKE       -1.877      -1.385      -1.133       0.181       1.496       1.747       2.239
    CHD             -2.834      -2.152      -1.803       0.019       1.840       2.189       2.871

 SC       ON
    BAGE            -0.021      -0.019      -0.019      -0.014      -0.009      -0.008      -0.007
    CEDUC           -0.060      -0.041      -0.031       0.020       0.072       0.081       0.100
    HEIGHT          -0.013      -0.011      -0.010      -0.003       0.004       0.005       0.007
    DIABETE         -0.370      -0.257      -0.200       0.101       0.402       0.459       0.572
    EVERSMOKE       -0.128      -0.100      -0.085      -0.010       0.066       0.081       0.109
    CHD             -0.194      -0.139      -0.111       0.035       0.181       0.209       0.264

 IP       WITH
    SP              -0.002      -0.002      -0.002      -0.001       0.000       0.000       0.001
    IC               0.020       0.114       0.163       0.415       0.668       0.716       0.810
    SC              -0.026      -0.020      -0.017      -0.001       0.015       0.018       0.024

 SP       WITH
    IC              -0.017      -0.011      -0.007       0.010       0.027       0.030       0.037
    SC              -0.001      -0.001      -0.001       0.000       0.001       0.002       0.002

 IC       WITH
    SC              -0.691      -0.605      -0.562      -0.334      -0.105      -0.062       0.024

 P2       WITH
    C2              -0.030      -0.009       0.001       0.058       0.114       0.125       0.146

 P3       WITH
    C3              -0.030      -0.009       0.001       0.058       0.114       0.125       0.146

 P5       WITH
    C5              -0.030      -0.009       0.001       0.058       0.114       0.125       0.146

 P6       WITH
    C6              -0.030      -0.009       0.001       0.058       0.114       0.125       0.146

 P7       WITH
    C7              -0.030      -0.009       0.001       0.058       0.114       0.125       0.146

 Intercepts
    P1               0.000       0.000       0.000       0.000       0.000       0.000       0.000
    P2               0.000       0.000       0.000       0.000       0.000       0.000       0.000
    P3               0.000       0.000       0.000       0.000       0.000       0.000       0.000
    P5               0.000       0.000       0.000       0.000       0.000       0.000       0.000
    P6               0.000       0.000       0.000       0.000       0.000       0.000       0.000
    P7               0.000       0.000       0.000       0.000       0.000       0.000       0.000
    C1               0.000       0.000       0.000       0.000       0.000       0.000       0.000
    C2               0.000       0.000       0.000       0.000       0.000       0.000       0.000
    C3               0.000       0.000       0.000       0.000       0.000       0.000       0.000
    C5               0.000       0.000       0.000       0.000       0.000       0.000       0.000
    C6               0.000       0.000       0.000       0.000       0.000       0.000       0.000
    C7               0.000       0.000       0.000       0.000       0.000       0.000       0.000
    IP               1.703       1.725       1.737       1.796       1.855       1.866       1.888
    SP              -0.035      -0.033      -0.032      -0.026      -0.020      -0.019      -0.017
    IC              15.155      15.476      15.640      16.497      17.355      17.519      17.840
    SC              -0.453      -0.431      -0.420      -0.363      -0.305      -0.294      -0.273

 Residual Variances
    P1               0.040       0.043       0.045       0.053       0.062       0.064       0.067
    P2               0.054       0.055       0.055       0.058       0.060       0.061       0.062
    P3               0.054       0.055       0.055       0.058       0.060       0.061       0.062
    P5               0.054       0.055       0.055       0.058       0.060       0.061       0.062
    P6               0.054       0.055       0.055       0.058       0.060       0.061       0.062
    P7               0.054       0.055       0.055       0.058       0.060       0.061       0.062
    C1               8.210       9.287       9.838      12.716      15.593      16.144      17.221
    C2              10.005      10.239      10.358      10.983      11.607      11.727      11.961
    C3              10.005      10.239      10.358      10.983      11.607      11.727      11.961
    C5              10.005      10.239      10.358      10.983      11.607      11.727      11.961
    C6              10.005      10.239      10.358      10.983      11.607      11.727      11.961
    C7              10.005      10.239      10.358      10.983      11.607      11.727      11.961
    IP               0.062       0.068       0.072       0.088       0.105       0.108       0.114
    SP               0.000       0.000       0.000       0.000       0.000       0.000       0.000
    IC              24.833      27.080      28.230      34.233      40.236      41.386      43.633
    SC               0.014       0.018       0.020       0.031       0.042       0.044       0.048

New/Additional Parameters
    R_IPIC           0.018       0.071       0.098       0.239       0.380       0.407       0.460
    R_SPSC          -0.419      -0.274      -0.200       0.188       0.575       0.649       0.794
    R_RES_PC        -0.038      -0.012       0.002       0.072       0.143       0.157       0.183


SAMPLE STATISTICS FOR ESTIMATED FACTOR SCORES


     SAMPLE STATISTICS


           Means
              IP            IP_SE         SP            SP_SE         IC
              ________      ________      ________      ________      ________
 1              2.008         0.157        -0.028         0.012        19.434


           Means
              IC_SE         SC            SC_SE
              ________      ________      ________
 1              2.301        -0.269         0.155


           Covariances
              IP            IP_SE         SP            SP_SE         IC
              ________      ________      ________      ________      ________
 IP             0.184
 IP_SE          0.000         0.001
 SP             0.000         0.000         0.000
 SP_SE          0.000         0.000         0.000         0.000
 IC             1.632        -0.019         0.004        -0.004        44.294
 IC_SE          0.005         0.015         0.000         0.000        -0.079
 SC             0.039         0.000         0.000         0.000         0.251
 SC_SE         -0.002         0.000         0.000         0.000        -0.027


           Covariances
              IC_SE         SC            SC_SE
              ________      ________      ________
 IC_SE          0.287
 SC             0.004         0.022
 SC_SE          0.006        -0.001         0.000


           Correlations
              IP            IP_SE         SP            SP_SE         IC
              ________      ________      ________      ________      ________
 IP             1.000
 IP_SE          0.020         1.000
 SP            -0.126         0.068         1.000
 SP_SE         -0.420         0.445         0.172         1.000
 IC             0.572        -0.082         0.082        -0.372         1.000
 IC_SE          0.023         0.789         0.096         0.481        -0.022
 SC             0.606         0.056        -0.128        -0.347         0.252
 SC_SE         -0.273         0.540         0.222         0.912        -0.254


           Correlations
              IC_SE         SC            SC_SE
              ________      ________      ________
 IC_SE          1.000
 SC             0.046         1.000
 SC_SE          0.644        -0.239         1.000


PLOT INFORMATION

The following plots are available:

  Histograms (sample values, estimated factor scores)
  Scatterplots (sample values, estimated factor scores)
  Latent variable distribution plots

SAVEDATA INFORMATION


  Save file
    SATSASlopes_f_fev_block

  Order and format of variables

    P1             F10.3
    P2             F10.3
    P3             F10.3
    P5             F10.3
    P6             F10.3
    P7             F10.3
    C1             F10.3
    C2             F10.3
    C3             F10.3
    C5             F10.3
    C6             F10.3
    C7             F10.3
    DIABETE        F10.3
    EVERSMOK       F10.3
    CHD            F10.3
    BAGE           F10.3
    CEDUC          F10.3
    HEIGHT         F10.3
    TIME1          F10.3
    TIME2          F10.3
    TIME3          F10.3
    TIME5          F10.3
    TIME6          F10.3
    TIME7          F10.3
    IP             F10.3
    IP_SE          F10.3
    SP             F10.3
    SP_SE          F10.3
    IC             F10.3
    IC_SE          F10.3
    SC             F10.3
    SC_SE          F10.3

  Save file format
    32F10.3

  Save file record length    10000


     Beginning Time:  13:20:49
        Ending Time:  13:20:51
       Elapsed Time:  00:00:02



MUTHEN & MUTHEN
3463 Stoner Ave.
Los Angeles, CA  90066

Tel: (310) 391-9971
Fax: (310) 391-8971
Web: www.StatModel.com
Support: Support@StatModel.com

Copyright (c) 1998-2015 Muthen & Muthen
