Mplus VERSION 7.4 (Mac)
MUTHEN & MUTHEN
11/06/2015   1:03 PM

INPUT INSTRUCTIONS

  TITLE: grip - DSF - male - age & education & height & diab & smoke & cardio

  DATA:  File = satsa.dat;

  VARIABLE: Names are
  twinnr pairid sex01 przygup rear iage1-iage7 intakeage time1-time7 dem1-dem7
  s_demen_onset
  htcm wtkg qualc depr cv chd sumill eversmoke diabete
  marital msgroup sesobj educ edugr
  fev1_1-fev1_7 ht_1-ht_7 grip1-grip7 gait2-gait7
  stupt_2-stupt_7 stuprt_2-stuprt_7
  idigf_r1-idigf_r7 idigb_r1-idigb_r7 ibloc_r1-ibloc_r7 ithur_r1-ithur_r7
  isynm_r1-isynm_r7 iinfo_r1-iinfo_r7 ianal_r1-ianal_r7 irota_r1-irota_r7
  ifigi_r1-ifigi_r7 isymd_r1-isymd_r7 mmse7_1-mmse7_7
  tverb1-tverb7 tspat1-tspat7 tmemo1-tmemo7 tsped1-tsped7 tpcom1-tpcom7;

         MISSING are .;
         USEVAR are  diabete eversmoke chd time1 time2 time3  time5 time6 time7
                     p1 p2 p3  p5 p6 p7
                     c1 c2 c3  c5 c6 c7
                     Bage ceduc height;
         TSCORES =   time1 time2 time3   time5 time6 time7;

         USEOBSERVATIONS are  sex01 EQ 0;

  Define: p1=grip1; p2=grip2; p3=grip3; p5=grip5; p6=grip6; p7=grip7;
          c1=idigf_r1; c2=idigf_r2; c3=idigf_r3; c5=idigf_r5; c6=idigf_r6; c7=idigf_r7;

          Bage=intakeage-70;   !Centered at Age 70
          !Bagesq=(intakeage-70)**2;

          Sex=0;         !0=Male
          cEduc=educ-1;     ! center at 1 as most equivalent to 7 years
          !SEP=SESgrp;
          !Marstat;
          Height=htcm-172;  !center at 172 for males and 160 for females
          !Weight
          !BMI
          !SmokHist=Smoke;
          !Alcohol;
          !CompExp;
          !PhysAct;
          !BP;
          !DepSymp;
          !Cardio;
          !Diab;
          !MorbInd;

          !BageSex=Bage*Sex;
          !BageEduc=Bage*Educ;
          !SexEduc=Sex*Educ;

  ANALYSIS: TYPE = RANDOM;
  	estimator=mlf;

  MODEL:  ip sp | p1 p2 p3 p5 p6 p7 at time1 time2 time3 time5 time6 time7;
          ic sc | c1 c2 c3 c5 c6 c7 at time1 time2 time3 time5 time6 time7;

          ip sp ic sc ON Bage ceduc height diabete eversmoke chd;

          p2-p7 (res_p);
          c2-c7 (res_c);

          p2 p3 p5 p6 p7 pwith c2 c3 c5 c6 c7(res_cov);

          ip (v_ip); ! v - variance
          sp (v_sp);
          ic (v_ic);
          sc (v_sc);
          ip WITH sp (c_ipsp); ! c - covariance
          ip WITH ic (c_ipic);
          ip WITH sc (c_ipsc);
          sp WITH ic (c_spic);
          sp WITH sc (c_spsc);
          ic WITH sc (c_icsc);

  MODEL CONSTRAINT:

          NEW r_ipic;
          NEW r_spsc;
          NEW r_res_pc;

          r_ipic = c_ipic/((v_ip**0.5)*(v_ic**0.5));
          r_spsc = c_spsc/((v_sp**0.5)*(v_sc**0.5));
          r_res_pc = res_cov/((res_p**0.5)*(res_c**0.5));

  OUTPUT: sampstat Cinterval;

  PLOT: Type is Plot1 Plot2 Plot3;

  SAVEDATA:

          FILE IS   SATSASlopes_m_grip_dsf;
          SAVE = FSCORES;






*** WARNING in VARIABLE command
  Note that only the first 8 characters of variable names are used in the output.
  Shorten variable names to avoid any confusion.
*** WARNING in PLOT command
  Note that only the first 8 characters of variable names are used in plots.
  If variable names are not unique within the first 8 characters, problems
  may occur.
*** WARNING
  Data set contains cases with missing on x-variables.
  These cases were not included in the analysis.
  Number of cases with missing on x-variables:  47
   3 WARNING(S) FOUND IN THE INPUT INSTRUCTIONS



grip - DSF - male - age & education & height & diab & smoke & cardio

SUMMARY OF ANALYSIS

Number of groups                                                 1
Number of observations                                         299

Number of dependent variables                                   12
Number of independent variables                                  6
Number of continuous latent variables                            4

Observed dependent variables

  Continuous
   P1          P2          P3          P5          P6          P7
   C1          C2          C3          C5          C6          C7

Observed independent variables
   DIABETE     EVERSMOK    CHD         BAGE        CEDUC       HEIGHT

Continuous latent variables
   IP          SP          IC          SC

Variables with special functions

  Time scores
   TIME1       TIME2       TIME3       TIME5       TIME6       TIME7


Estimator                                                      MLF
Information matrix                                        OBSERVED
Maximum number of iterations                                   100
Convergence criterion                                    0.100D-05
Maximum number of EM iterations                                500
Convergence criteria for the EM algorithm
  Loglikelihood change                                   0.100D-02
  Relative loglikelihood change                          0.100D-05
  Derivative                                             0.100D-03
Minimum variance                                         0.100D-03
Maximum number of steepest descent iterations                   20
Maximum number of iterations for H1                           2000
Convergence criterion for H1                             0.100D-03
Optimization algorithm                                         EMA

Input data file(s)
  satsa.dat
Input data format  FREE


SUMMARY OF DATA

     Number of missing data patterns            47


COVARIANCE COVERAGE OF DATA

Minimum covariance coverage value   0.100


     PROPORTION OF DATA PRESENT


           Covariance Coverage
              P1            P2            P3            P5            P6
              ________      ________      ________      ________      ________
 P1             0.719
 P2             0.582         0.702
 P3             0.525         0.609         0.666
 P5             0.318         0.411         0.438         0.575
 P6             0.271         0.351         0.361         0.472         0.495
 P7             0.204         0.284         0.301         0.405         0.405
 C1             0.716         0.582         0.525         0.318         0.271
 C2             0.582         0.699         0.609         0.415         0.351
 C3             0.525         0.609         0.659         0.431         0.355
 C5             0.324         0.418         0.445         0.572         0.472
 C6             0.278         0.358         0.368         0.475         0.492
 C7             0.197         0.281         0.298         0.401         0.401
 DIABETE        0.719         0.702         0.666         0.575         0.495
 EVERSMOK       0.719         0.702         0.666         0.575         0.495
 CHD            0.719         0.702         0.666         0.575         0.495
 BAGE           0.719         0.702         0.666         0.575         0.495
 CEDUC          0.719         0.702         0.666         0.575         0.495
 HEIGHT         0.719         0.702         0.666         0.575         0.495


           Covariance Coverage
              P7            C1            C2            C3            C5
              ________      ________      ________      ________      ________
 P7             0.421
 C1             0.204         0.719
 C2             0.284         0.582         0.702
 C3             0.294         0.525         0.609         0.662
 C5             0.405         0.324         0.421         0.438         0.582
 C6             0.405         0.278         0.358         0.361         0.475
 C7             0.401         0.197         0.281         0.291         0.401
 DIABETE        0.421         0.719         0.702         0.662         0.582
 EVERSMOK       0.421         0.719         0.702         0.662         0.582
 CHD            0.421         0.719         0.702         0.662         0.582
 BAGE           0.421         0.719         0.702         0.662         0.582
 CEDUC          0.421         0.719         0.702         0.662         0.582
 HEIGHT         0.421         0.719         0.702         0.662         0.582


           Covariance Coverage
              C6            C7            DIABETE       EVERSMOK      CHD
              ________      ________      ________      ________      ________
 C6             0.498
 C7             0.401         0.418
 DIABETE        0.498         0.418         1.000
 EVERSMOK       0.498         0.418         1.000         1.000
 CHD            0.498         0.418         1.000         1.000         1.000
 BAGE           0.498         0.418         1.000         1.000         1.000
 CEDUC          0.498         0.418         1.000         1.000         1.000
 HEIGHT         0.498         0.418         1.000         1.000         1.000


           Covariance Coverage
              BAGE          CEDUC         HEIGHT
              ________      ________      ________
 BAGE           1.000
 CEDUC          1.000         1.000
 HEIGHT         1.000         1.000         1.000


SAMPLE STATISTICS


     ESTIMATED SAMPLE STATISTICS


           Means
              P1            P2            P3            P5            P6
              ________      ________      ________      ________      ________
 1             42.352        40.648        38.812        32.592        26.560


           Means
              P7            C1            C2            C3            C5
              ________      ________      ________      ________      ________
 1             29.975         5.716         5.736         5.704         5.407


           Means
              C6            C7            DIABETE       EVERSMOK      CHD
              ________      ________      ________      ________      ________
 1              5.339         5.607         0.030         0.642         0.154


           Means
              BAGE          CEDUC         HEIGHT
              ________      ________      ________
 1             -7.261         0.706         3.749


           Covariances
              P1            P2            P3            P5            P6
              ________      ________      ________      ________      ________
 P1           111.110
 P2            71.685        91.281
 P3            72.074        68.999        92.771
 P5            84.228        81.291        76.588       157.589
 P6            84.914        84.408        86.033       125.403       138.141
 P7           104.187        90.341        91.407       107.760       117.295
 C1             3.248         2.830         3.617         2.688         3.296
 C2             3.712         3.010         2.989         3.044         3.162
 C3             3.414         4.075         3.412         4.796         5.051
 C5             4.722         3.566         3.950         4.613         4.358
 C6             6.180         3.823         4.514         5.781         4.965
 C7             4.456         4.869         4.010         5.112         4.933
 DIABETE       -0.138        -0.115        -0.298        -0.200        -0.282
 EVERSMOK       0.713         1.086         1.011         1.180         0.969
 CHD           -0.298        -0.219        -0.376         0.079        -0.302
 BAGE         -41.750       -40.419       -45.000       -55.579       -60.724
 CEDUC          0.830         1.744         1.318         1.077         0.800
 HEIGHT        22.225        24.706        25.684        22.174        23.025


           Covariances
              P7            C1            C2            C3            C5
              ________      ________      ________      ________      ________
 P7           168.244
 C1             3.091         1.416
 C2             4.586         0.826         1.540
 C3             4.542         0.959         0.914         1.809
 C5             4.947         0.902         0.723         1.000         1.573
 C6             4.678         0.896         0.812         0.871         0.921
 C7             6.869         0.746         0.903         0.842         0.781
 DIABETE       -0.024        -0.015        -0.031        -0.019        -0.021
 EVERSMOK       1.040         0.018         0.040         0.069         0.019
 CHD           -0.297        -0.049        -0.040        -0.067        -0.002
 BAGE         -64.132        -1.897        -1.521        -3.403        -2.590
 CEDUC          1.144         0.309         0.248         0.399         0.309
 HEIGHT        32.216         2.391         2.062         3.045         2.105


           Covariances
              C6            C7            DIABETE       EVERSMOK      CHD
              ________      ________      ________      ________      ________
 C6             1.648
 C7             0.824         1.429
 DIABETE        0.000        -0.007         0.029
 EVERSMOK       0.061         0.052        -0.003         0.230
 CHD           -0.073        -0.077         0.012        -0.008         0.130
 BAGE          -2.718        -2.963         0.165        -0.762         0.246
 CEDUC          0.200         0.165         0.002         0.012        -0.045
 HEIGHT         1.402         2.741         0.054         0.181        -0.152


           Covariances
              BAGE          CEDUC         HEIGHT
              ________      ________      ________
 BAGE          66.838
 CEDUC         -0.953         0.964
 HEIGHT       -15.960         1.391        40.027


           Correlations
              P1            P2            P3            P5            P6
              ________      ________      ________      ________      ________
 P1             1.000
 P2             0.712         1.000
 P3             0.710         0.750         1.000
 P5             0.637         0.678         0.633         1.000
 P6             0.685         0.752         0.760         0.850         1.000
 P7             0.762         0.729         0.732         0.662         0.769
 C1             0.259         0.249         0.316         0.180         0.236
 C2             0.284         0.254         0.250         0.195         0.217
 C3             0.241         0.317         0.263         0.284         0.319
 C5             0.357         0.298         0.327         0.293         0.296
 C6             0.457         0.312         0.365         0.359         0.329
 C7             0.354         0.426         0.348         0.341         0.351
 DIABETE       -0.076        -0.071        -0.181        -0.093        -0.140
 EVERSMOK       0.141         0.237         0.219         0.196         0.172
 CHD           -0.078        -0.064        -0.108         0.017        -0.071
 BAGE          -0.484        -0.517        -0.571        -0.542        -0.632
 CEDUC          0.080         0.186         0.139         0.087         0.069
 HEIGHT         0.333         0.409         0.421         0.279         0.310


           Correlations
              P7            C1            C2            C3            C5
              ________      ________      ________      ________      ________
 P7             1.000
 C1             0.200         1.000
 C2             0.285         0.560         1.000
 C3             0.260         0.599         0.548         1.000
 C5             0.304         0.604         0.464         0.593         1.000
 C6             0.281         0.587         0.509         0.504         0.572
 C7             0.443         0.524         0.609         0.524         0.521
 DIABETE       -0.011        -0.073        -0.149        -0.085        -0.096
 EVERSMOK       0.167         0.032         0.067         0.106         0.032
 CHD           -0.063        -0.114        -0.089        -0.139        -0.004
 BAGE          -0.605        -0.195        -0.150        -0.309        -0.253
 CEDUC          0.090         0.264         0.204         0.303         0.251
 HEIGHT         0.393         0.318         0.263         0.358         0.265


           Correlations
              C6            C7            DIABETE       EVERSMOK      CHD
              ________      ________      ________      ________      ________
 C6             1.000
 C7             0.537         1.000
 DIABETE        0.000        -0.036         1.000
 EVERSMOK       0.099         0.091        -0.032         1.000
 CHD           -0.158        -0.179         0.196        -0.049         1.000
 BAGE          -0.259        -0.303         0.118        -0.195         0.083
 CEDUC          0.159         0.141         0.013         0.025        -0.127
 HEIGHT         0.173         0.362         0.050         0.060        -0.067


           Correlations
              BAGE          CEDUC         HEIGHT
              ________      ________      ________
 BAGE           1.000
 CEDUC         -0.119         1.000
 HEIGHT        -0.309         0.224         1.000


     MAXIMUM LOG-LIKELIHOOD VALUE FOR THE UNRESTRICTED (H1) MODEL IS -7684.247


UNIVARIATE SAMPLE STATISTICS


     UNIVARIATE HIGHER-ORDER MOMENT DESCRIPTIVE STATISTICS

         Variable/         Mean/     Skewness/   Minimum/ % with                Percentiles
        Sample Size      Variance    Kurtosis    Maximum  Min/Max      20%/60%    40%/80%    Median

     P1                   40.060      -0.308       8.000    0.47%      33.000     38.000     41.000
             215.000      98.857       0.810      68.000    0.47%      43.000     47.000
     P2                   40.357       0.225      20.000    0.48%      34.000     37.000     40.000
             210.000      77.211       0.134      68.000    0.48%      43.000     47.000
     P3                   39.085       0.326      15.000    0.50%      32.000     38.000     40.000
             199.000      76.349       1.542      70.000    0.50%      41.000     45.000
     P5                   36.378       0.320       7.000    0.58%      27.000     33.000     35.000
             172.000     130.526       0.089      70.000    0.58%      38.000     46.000
     P6                   31.405       0.360       6.000    0.68%      23.000     29.000     31.000
             148.000     102.876       0.690      70.000    0.68%      34.000     39.000
     P7                   35.016       0.164       1.000    0.79%      25.000     32.000     35.500
             126.000     130.508       0.646      70.000    0.79%      38.000     43.000
     C1                    5.651       0.498       3.000    1.40%       5.000      5.000      5.000
             215.000       1.409       0.025       9.000    1.40%       6.000      7.000
     C2                    5.724       0.323       3.000    2.38%       5.000      5.000      6.000
             210.000       1.524      -0.060       9.000    1.90%       6.000      7.000
     C3                    5.727       0.484       3.000    1.01%       5.000      5.000      6.000
             198.000       1.734      -0.361       9.000    2.53%       6.000      7.000
     C5                    5.638       0.358       3.000    0.57%       4.000      5.000      6.000
             174.000       1.576      -0.406       9.000    1.72%       6.000      7.000
     C6                    5.624       0.321       3.000    1.34%       4.000      5.000      6.000
             149.000       1.550      -0.184       9.000    2.01%       6.000      7.000
     C7                    5.928       0.203       3.000    0.80%       5.000      6.000      6.000
             125.000       1.331      -0.267       9.000    0.80%       6.000      7.000
     DIABETE               0.030       5.500       0.000   96.99%       0.000      0.000      0.000
             299.000       0.029      28.253       1.000    3.01%       0.000      0.000
     EVERSMOKE             0.642      -0.593       0.000   35.79%       0.000      1.000      1.000
             299.000       0.230      -1.648       1.000   64.21%       1.000      1.000
     CHD                   0.154       1.919       0.000   84.62%       0.000      0.000      0.000
             299.000       0.130       1.682       1.000   15.38%       0.000      0.000
     BAGE                 -7.261       0.145     -27.605    0.33%     -15.299     -8.997     -6.716
             299.000      66.838      -0.356      17.816    0.33%      -4.736     -0.339
     CEDUC                 0.706       1.188       0.000   58.19%       0.000      0.000      0.000
             299.000       0.964       0.176       3.000    9.03%       1.000      1.000
     HEIGHT                3.749       0.356     -10.000    0.33%      -2.000      1.000      2.000
             299.000      40.027      -0.295      22.000    0.33%       5.000     10.000


THE MODEL ESTIMATION TERMINATED NORMALLY



MODEL FIT INFORMATION

Number of Free Parameters                       43

Loglikelihood

          H0 Value                       -5198.342

Information Criteria

          Akaike (AIC)                   10482.685
          Bayesian (BIC)                 10641.804
          Sample-Size Adjusted BIC       10505.434
            (n* = (n + 2) / 24)



MODEL RESULTS

                                                    Two-Tailed
                    Estimate       S.E.  Est./S.E.    P-Value

 IP         ON
    BAGE              -0.464      0.060     -7.723      0.000
    CEDUC              0.093      0.564      0.166      0.868
    HEIGHT             0.372      0.087      4.268      0.000
    DIABETE           -2.441      4.022     -0.607      0.544
    EVERSMOKE          1.703      1.011      1.684      0.092
    CHD               -0.343      1.491     -0.230      0.818

 SP         ON
    BAGE              -0.020      0.006     -3.090      0.002
    CEDUC             -0.003      0.040     -0.076      0.940
    HEIGHT            -0.002      0.007     -0.323      0.746
    DIABETE           -0.209      0.498     -0.420      0.674
    EVERSMOKE          0.019      0.084      0.225      0.822
    CHD                0.049      0.107      0.455      0.649

 IC         ON
    BAGE              -0.012      0.009     -1.348      0.178
    CEDUC              0.247      0.071      3.508      0.000
    HEIGHT             0.047      0.013      3.645      0.000
    DIABETE           -0.678      0.551     -1.230      0.219
    EVERSMOKE         -0.008      0.136     -0.057      0.954
    CHD               -0.074      0.219     -0.336      0.737

 SC         ON
    BAGE              -0.001      0.001     -1.227      0.220
    CEDUC             -0.005      0.006     -0.909      0.364
    HEIGHT            -0.001      0.001     -0.835      0.403
    DIABETE            0.022      0.113      0.196      0.845
    EVERSMOKE          0.007      0.011      0.631      0.528
    CHD               -0.015      0.021     -0.729      0.466

 IP       WITH
    SP                 0.356      0.395      0.901      0.368
    IC                 0.919      0.622      1.479      0.139
    SC                 0.050      0.049      1.025      0.305

 SP       WITH
    IC                -0.006      0.049     -0.132      0.895
    SC                 0.001      0.002      0.516      0.606

 IC       WITH
    SC                -0.004      0.006     -0.589      0.556

 P2       WITH
    C2                 0.174      0.252      0.693      0.489

 P3       WITH
    C3                 0.174      0.252      0.693      0.489

 P5       WITH
    C5                 0.174      0.252      0.693      0.489

 P6       WITH
    C6                 0.174      0.252      0.693      0.489

 P7       WITH
    C7                 0.174      0.252      0.693      0.489

 Intercepts
    P1                 0.000      0.000    999.000    999.000
    P2                 0.000      0.000    999.000    999.000
    P3                 0.000      0.000    999.000    999.000
    P5                 0.000      0.000    999.000    999.000
    P6                 0.000      0.000    999.000    999.000
    P7                 0.000      0.000    999.000    999.000
    C1                 0.000      0.000    999.000    999.000
    C2                 0.000      0.000    999.000    999.000
    C3                 0.000      0.000    999.000    999.000
    C5                 0.000      0.000    999.000    999.000
    C6                 0.000      0.000    999.000    999.000
    C7                 0.000      0.000    999.000    999.000
    IP                36.849      0.842     43.778      0.000
    SP                -0.947      0.085    -11.199      0.000
    IC                 5.342      0.134     39.796      0.000
    SC                -0.023      0.012     -1.835      0.066

 Residual Variances
    P1                38.100      6.388      5.964      0.000
    P2                34.506      2.473     13.954      0.000
    P3                34.506      2.473     13.954      0.000
    P5                34.506      2.473     13.954      0.000
    P6                34.506      2.473     13.954      0.000
    P7                34.506      2.473     13.954      0.000
    C1                 0.505      0.096      5.258      0.000
    C2                 0.737      0.037     19.815      0.000
    C3                 0.737      0.037     19.815      0.000
    C5                 0.737      0.037     19.815      0.000
    C6                 0.737      0.037     19.815      0.000
    C7                 0.737      0.037     19.815      0.000
    IP                34.014      6.196      5.490      0.000
    SP                 0.040      0.035      1.132      0.258
    IC                 0.687      0.116      5.938      0.000
    SC                 0.000      0.000      0.541      0.588

New/Additional Parameters
    R_IPIC             0.190      0.121      1.568      0.117
    R_SPSC             0.402      0.772      0.521      0.602
    R_RES_PC           0.035      0.050      0.693      0.488


QUALITY OF NUMERICAL RESULTS

     Condition Number for the Information Matrix              0.530E-06
       (ratio of smallest to largest eigenvalue)


CONFIDENCE INTERVALS OF MODEL RESULTS

                  Lower .5%  Lower 2.5%    Lower 5%    Estimate    Upper 5%  Upper 2.5%   Upper .5%

 IP       ON
    BAGE            -0.619      -0.582      -0.563      -0.464      -0.365      -0.346      -0.309
    CEDUC           -1.360      -1.013      -0.835       0.093       1.022       1.200       1.547
    HEIGHT           0.148       0.201       0.229       0.372       0.516       0.543       0.597
    DIABETE        -12.802     -10.325      -9.058      -2.441       4.176       5.443       7.920
    EVERSMOKE       -0.901      -0.279       0.040       1.703       3.367       3.685       4.308
    CHD             -4.183      -3.265      -2.795      -0.343       2.110       2.579       3.498

 SP       ON
    BAGE            -0.037      -0.033      -0.031      -0.020      -0.009      -0.007      -0.003
    CEDUC           -0.107      -0.082      -0.070      -0.003       0.063       0.076       0.101
    HEIGHT          -0.020      -0.015      -0.013      -0.002       0.009       0.011       0.015
    DIABETE         -1.491      -1.184      -1.028      -0.209       0.610       0.766       1.073
    EVERSMOKE       -0.197      -0.145      -0.119       0.019       0.156       0.183       0.234
    CHD             -0.227      -0.161      -0.127       0.049       0.224       0.258       0.324

 IC       ON
    BAGE            -0.035      -0.029      -0.027      -0.012       0.003       0.005       0.011
    CEDUC            0.066       0.109       0.131       0.247       0.363       0.386       0.429
    HEIGHT           0.014       0.022       0.026       0.047       0.068       0.072       0.080
    DIABETE         -2.098      -1.759      -1.585      -0.678       0.229       0.402       0.742
    EVERSMOKE       -0.359      -0.275      -0.232      -0.008       0.216       0.259       0.343
    CHD             -0.639      -0.504      -0.435      -0.074       0.287       0.356       0.491

 SC       ON
    BAGE            -0.004      -0.003      -0.003      -0.001       0.000       0.001       0.001
    CEDUC           -0.020      -0.016      -0.014      -0.005       0.004       0.006       0.009
    HEIGHT          -0.003      -0.003      -0.002      -0.001       0.001       0.001       0.002
    DIABETE         -0.269      -0.199      -0.164       0.022       0.208       0.244       0.313
    EVERSMOKE       -0.021      -0.015      -0.011       0.007       0.025       0.028       0.035
    CHD             -0.069      -0.056      -0.049      -0.015       0.019       0.026       0.038

 IP       WITH
    SP              -0.662      -0.419      -0.294       0.356       1.006       1.131       1.374
    IC              -0.682      -0.299      -0.103       0.919       1.942       2.138       2.521
    SC              -0.075      -0.045      -0.030       0.050       0.130       0.145       0.175

 SP       WITH
    IC              -0.132      -0.102      -0.087      -0.006       0.074       0.089       0.119
    SC              -0.005      -0.004      -0.003       0.001       0.005       0.006       0.008

 IC       WITH
    SC              -0.020      -0.016      -0.014      -0.004       0.007       0.009       0.013

 P2       WITH
    C2              -0.474      -0.319      -0.240       0.174       0.588       0.667       0.822

 P3       WITH
    C3              -0.474      -0.319      -0.240       0.174       0.588       0.667       0.822

 P5       WITH
    C5              -0.474      -0.319      -0.240       0.174       0.588       0.667       0.822

 P6       WITH
    C6              -0.474      -0.319      -0.240       0.174       0.588       0.667       0.822

 P7       WITH
    C7              -0.474      -0.319      -0.240       0.174       0.588       0.667       0.822

 Intercepts
    P1               0.000       0.000       0.000       0.000       0.000       0.000       0.000
    P2               0.000       0.000       0.000       0.000       0.000       0.000       0.000
    P3               0.000       0.000       0.000       0.000       0.000       0.000       0.000
    P5               0.000       0.000       0.000       0.000       0.000       0.000       0.000
    P6               0.000       0.000       0.000       0.000       0.000       0.000       0.000
    P7               0.000       0.000       0.000       0.000       0.000       0.000       0.000
    C1               0.000       0.000       0.000       0.000       0.000       0.000       0.000
    C2               0.000       0.000       0.000       0.000       0.000       0.000       0.000
    C3               0.000       0.000       0.000       0.000       0.000       0.000       0.000
    C5               0.000       0.000       0.000       0.000       0.000       0.000       0.000
    C6               0.000       0.000       0.000       0.000       0.000       0.000       0.000
    C7               0.000       0.000       0.000       0.000       0.000       0.000       0.000
    IP              34.681      35.200      35.465      36.849      38.234      38.499      39.018
    SP              -1.165      -1.113      -1.086      -0.947      -0.808      -0.781      -0.729
    IC               4.996       5.079       5.121       5.342       5.563       5.605       5.688
    SC              -0.055      -0.047      -0.043      -0.023      -0.002       0.002       0.009

 Residual Variances
    P1              21.645      25.579      27.591      38.100      48.609      50.621      54.555
    P2              28.136      29.659      30.438      34.506      38.573      39.352      40.875
    P3              28.136      29.659      30.438      34.506      38.573      39.352      40.875
    P5              28.136      29.659      30.438      34.506      38.573      39.352      40.875
    P6              28.136      29.659      30.438      34.506      38.573      39.352      40.875
    P7              28.136      29.659      30.438      34.506      38.573      39.352      40.875
    C1               0.258       0.317       0.347       0.505       0.663       0.693       0.752
    C2               0.641       0.664       0.676       0.737       0.798       0.810       0.833
    C3               0.641       0.664       0.676       0.737       0.798       0.810       0.833
    C5               0.641       0.664       0.676       0.737       0.798       0.810       0.833
    C6               0.641       0.664       0.676       0.737       0.798       0.810       0.833
    C7               0.641       0.664       0.676       0.737       0.798       0.810       0.833
    IP              18.054      21.870      23.821      34.014      44.206      46.158      49.973
    SP              -0.051      -0.029      -0.018       0.040       0.098       0.109       0.131
    IC               0.389       0.460       0.496       0.687       0.877       0.913       0.984
    SC              -0.001      -0.001      -0.001       0.000       0.001       0.001       0.001

New/Additional Parameters
    R_IPIC          -0.122      -0.048      -0.009       0.190       0.390       0.428       0.503
    R_SPSC          -1.587      -1.111      -0.868       0.402       1.673       1.916       2.392
    R_RES_PC        -0.094      -0.063      -0.047       0.035       0.117       0.132       0.163


SAMPLE STATISTICS FOR ESTIMATED FACTOR SCORES


     SAMPLE STATISTICS


           Means
              IP            IP_SE         SP            SP_SE         IC
              ________      ________      ________      ________      ________
 1             42.650         3.004        -0.799         0.171         5.742


           Means
              IC_SE         SC            SC_SE
              ________      ________      ________
 1              0.424        -0.018         0.013


           Covariances
              IP            IP_SE         SP            SP_SE         IC
              ________      ________      ________      ________      ________
 IP            53.058
 IP_SE         -1.091         0.338
 SP             1.169        -0.027         0.039
 SP_SE         -0.054         0.007        -0.002         0.000
 IC             2.751        -0.077         0.033        -0.004         0.730
 IC_SE         -0.086         0.039        -0.002         0.001        -0.007
 SC             0.066        -0.002         0.002         0.000        -0.003
 SC_SE         -0.001         0.000         0.000         0.000         0.000


           Covariances
              IC_SE         SC            SC_SE
              ________      ________      ________
 IC_SE          0.005
 SC             0.000         0.000
 SC_SE          0.000         0.000         0.000


           Correlations
              IP            IP_SE         SP            SP_SE         IC
              ________      ________      ________      ________      ________
 IP             1.000
 IP_SE         -0.258         1.000
 SP             0.815        -0.235         1.000
 SP_SE         -0.453         0.717        -0.494         1.000
 IC             0.442        -0.154         0.196        -0.278         1.000
 IC_SE         -0.161         0.911        -0.123         0.569        -0.118
 SC             0.591        -0.192         0.679        -0.302        -0.209
 SC_SE         -0.272         0.986        -0.256         0.782        -0.181


           Correlations
              IC_SE         SC            SC_SE
              ________      ________      ________
 IC_SE          1.000
 SC            -0.125         1.000
 SC_SE          0.926        -0.194         1.000


PLOT INFORMATION

The following plots are available:

  Histograms (sample values, estimated factor scores)
  Scatterplots (sample values, estimated factor scores)
  Latent variable distribution plots

SAVEDATA INFORMATION


  Save file
    SATSASlopes_m_grip_dsf

  Order and format of variables

    P1             F10.3
    P2             F10.3
    P3             F10.3
    P5             F10.3
    P6             F10.3
    P7             F10.3
    C1             F10.3
    C2             F10.3
    C3             F10.3
    C5             F10.3
    C6             F10.3
    C7             F10.3
    DIABETE        F10.3
    EVERSMOK       F10.3
    CHD            F10.3
    BAGE           F10.3
    CEDUC          F10.3
    HEIGHT         F10.3
    TIME1          F10.3
    TIME2          F10.3
    TIME3          F10.3
    TIME5          F10.3
    TIME6          F10.3
    TIME7          F10.3
    IP             F10.3
    IP_SE          F10.3
    SP             F10.3
    SP_SE          F10.3
    IC             F10.3
    IC_SE          F10.3
    SC             F10.3
    SC_SE          F10.3

  Save file format
    32F10.3

  Save file record length    10000


     Beginning Time:  13:03:15
        Ending Time:  13:03:29
       Elapsed Time:  00:00:14



MUTHEN & MUTHEN
3463 Stoner Ave.
Los Angeles, CA  90066

Tel: (310) 391-9971
Fax: (310) 391-8971
Web: www.StatModel.com
Support: Support@StatModel.com

Copyright (c) 1998-2015 Muthen & Muthen
