Mplus VERSION 7.4 (Mac)
MUTHEN & MUTHEN
02/08/2017  10:43 PM

INPUT INSTRUCTIONS

  TITLE:
  Script produced from the prototype in ./sandbox/syntax-creator/
  DATA:
  File = wide-dataset.dat ;
  VARIABLE:
  NAMES are
   id male age_c70 edu_c7 htm_c smoke cardio diabetes dementia_ever
      dementia_baseline bnt_00 bnt_01 bnt_02 bnt_03 bnt_04 bnt_05 bnt_06 bnt_07
      bnt_08 bnt_09 bnt_10 bnt_11 bnt_12 bnt_13 bnt_14 bnt_15 bnt_16 bnt_17
      bnt_18 bostordel_00 bostordel_01 bostordel_02 bostordel_03 bostordel_04
      bostordel_05 bostordel_06 bostordel_07 bostordel_08 bostordel_09 bostordel_10
      bostordel_11 bostordel_12 bostordel_13 bostordel_14 bostordel_15 bostordel_16
      bostordel_17 bostordel_18 bostorim_00 bostorim_01 bostorim_02 bostorim_03
      bostorim_04 bostorim_05 bostorim_06 bostorim_07 bostorim_08 bostorim_09
      bostorim_10 bostorim_11 bostorim_12 bostorim_13 bostorim_14 bostorim_15
      bostorim_16 bostorim_17 bostorim_18 catfluency_00 catfluency_01 catfluency_02
      catfluency_03 catfluency_04 catfluency_05 catfluency_06 catfluency_07
      catfluency_08 catfluency_09 catfluency_10 catfluency_11 catfluency_12
      catfluency_13 catfluency_14 catfluency_15 catfluency_16 catfluency_17
      catfluency_18 complexideas_00 complexideas_01 complexideas_02 complexideas_03
      complexideas_04 complexideas_05 complexideas_06 complexideas_07 complexideas_08
      complexideas_09 complexideas_10 complexideas_11 complexideas_12 complexideas_13
      complexideas_14 complexideas_15 complexideas_16 complexideas_17 complexideas_18
      digitbackward_00 digitbackward_01 digitbackward_02 digitbackward_03
      digitbackward_04 digitbackward_05 digitbackward_06 digitbackward_07
      digitbackward_08 digitbackward_09 digitbackward_10 digitbackward_11
      digitbackward_12 digitbackward_13 digitbackward_14 digitbackward_15
      digitbackward_16 digitbackward_17 digitbackward_18 digitforward_00
      digitforward_01 digitforward_02 digitforward_03 digitforward_04 digitforward_05
      digitforward_06 digitforward_07 digitforward_08 digitforward_09 digitforward_10
      digitforward_11 digitforward_12 digitforward_13 digitforward_14 digitforward_15
      digitforward_16 digitforward_17 digitforward_18 digitorder_00 digitorder_01
      digitorder_02 digitorder_03 digitorder_04 digitorder_05 digitorder_06
      digitorder_07 digitorder_08 digitorder_09 digitorder_10 digitorder_11
      digitorder_12 digitorder_13 digitorder_14 digitorder_15 digitorder_16
      digitorder_17 digitorder_18 fev_00 fev_01 fev_02 fev_03 fev_04 fev_05 fev_06
      fev_07 fev_08 fev_09 fev_10 fev_11 fev_12 fev_13 fev_14 fev_15 fev_16 fev_17
      fev_18 fev100_00 fev100_01 fev100_02 fev100_03 fev100_04 fev100_05 fev100_06
      fev100_07 fev100_08 fev100_09 fev100_10 fev100_11 fev100_12 fev100_13 fev100_14
      fev100_15 fev100_16 fev100_17 fev100_18 gait_00 gait_01 gait_02 gait_03 gait_04
      gait_05 gait_06 gait_07 gait_08 gait_09 gait_10 gait_11 gait_12 gait_13 gait_14
      gait_15 gait_16 gait_17 gait_18 grip_00 grip_01 grip_02 grip_03 grip_04 grip_05
      grip_06 grip_07 grip_08 grip_09 grip_10 grip_11 grip_12 grip_13 grip_14 grip_15
      grip_16 grip_17 grip_18 lineorientation_00 lineorientation_01 lineorientation_02
      lineorientation_03 lineorientation_04 lineorientation_05 lineorientation_06
      lineorientation_07 lineorientation_08 lineorientation_09 lineorientation_10
      lineorientation_11 lineorientation_12 lineorientation_13 lineorientation_14
      lineorientation_15 lineorientation_16 lineorientation_17 lineorientation_18
      logimemdel_00 logimemdel_01 logimemdel_02 logimemdel_03 logimemdel_04
      logimemdel_05 logimemdel_06 logimemdel_07 logimemdel_08 logimemdel_09
      logimemdel_10 logimemdel_11 logimemdel_12 logimemdel_13 logimemdel_14
      logimemdel_15 logimemdel_16 logimemdel_17 logimemdel_18 logimemim_00
      logimemim_01 logimemim_02 logimemim_03 logimemim_04 logimemim_05 logimemim_06
      logimemim_07 logimemim_08 logimemim_09 logimemim_10 logimemim_11 logimemim_12
      logimemim_13 logimemim_14 logimemim_15 logimemim_16 logimemim_17 logimemim_18
      matrices_00 matrices_01 matrices_02 matrices_03 matrices_04 matrices_05
      matrices_06 matrices_07 matrices_08 matrices_09 matrices_10 matrices_11
      matrices_12 matrices_13 matrices_14 matrices_15 matrices_16 matrices_17
      matrices_18 mmse_00 mmse_01 mmse_02 mmse_03 mmse_04 mmse_05 mmse_06 mmse_07
      mmse_08 mmse_09 mmse_10 mmse_11 mmse_12 mmse_13 mmse_14 mmse_15 mmse_16 mmse_17
      mmse_18 nart_00 nart_01 nart_02 nart_03 nart_04 nart_05 nart_06 nart_07 nart_08
      nart_09 nart_10 nart_11 nart_12 nart_13 nart_14 nart_15 nart_16 nart_17 nart_18
      numbercomparison_00 numbercomparison_01 numbercomparison_02 numbercomparison_03
      numbercomparison_04 numbercomparison_05 numbercomparison_06 numbercomparison_07
      numbercomparison_08 numbercomparison_09 numbercomparison_10 numbercomparison_11
      numbercomparison_12 numbercomparison_13 numbercomparison_14 numbercomparison_15
      numbercomparison_16 numbercomparison_17 numbercomparison_18 symbol_00
      symbol_01 symbol_02 symbol_03 symbol_04 symbol_05 symbol_06 symbol_07 symbol_08
      symbol_09 symbol_10 symbol_11 symbol_12 symbol_13 symbol_14 symbol_15 symbol_16
      symbol_17 symbol_18 wordlistdel_00 wordlistdel_01 wordlistdel_02 wordlistdel_03
      wordlistdel_04 wordlistdel_05 wordlistdel_06 wordlistdel_07 wordlistdel_08
      wordlistdel_09 wordlistdel_10 wordlistdel_11 wordlistdel_12 wordlistdel_13
      wordlistdel_14 wordlistdel_15 wordlistdel_16 wordlistdel_17 wordlistdel_18
      wordlistim_00 wordlistim_01 wordlistim_02 wordlistim_03 wordlistim_04
      wordlistim_05 wordlistim_06 wordlistim_07 wordlistim_08 wordlistim_09
      wordlistim_10 wordlistim_11 wordlistim_12 wordlistim_13 wordlistim_14
      wordlistim_15 wordlistim_16 wordlistim_17 wordlistim_18 wordlistrecog_00
      wordlistrecog_01 wordlistrecog_02 wordlistrecog_03 wordlistrecog_04
      wordlistrecog_05 wordlistrecog_06 wordlistrecog_07 wordlistrecog_08
      wordlistrecog_09 wordlistrecog_10 wordlistrecog_11 wordlistrecog_12
      wordlistrecog_13 wordlistrecog_14 wordlistrecog_15 wordlistrecog_16
      wordlistrecog_17 wordlistrecog_18 years_since_bl_00 years_since_bl_01
      years_since_bl_02 years_since_bl_03 years_since_bl_04 years_since_bl_05
      years_since_bl_06 years_since_bl_07 years_since_bl_08 years_since_bl_09
      years_since_bl_10 years_since_bl_11 years_since_bl_12 years_since_bl_13
      years_since_bl_14 years_since_bl_15 years_since_bl_16 years_since_bl_17
      years_since_bl_18
  	;
  Missing are all (-9999);
  USEVARIABLES are
  	!define the variables used in the analysis
  	! covariates used in the model
  age_c70
  edu_c7
  htm_c
  smoke
  cardio
  diabetes	
  	!estimated time points
  time_00
  time_01
  time_02
  time_03
  time_04
  	!modelled time points of process (A)
  a_00
  a_01
  a_02
  a_03
  a_04
  	!modelled time points of process (B)
  b_00
  b_01
  b_02
  b_03
  b_04
  ;
  TSCORES are
  	!estimated time points
  time_00
  time_01
  time_02
  time_03
  time_04;
  USEOBSERVATIONS are
  	!select a subset of observations
  male EQ 0
  and
  dementia_baseline NE 1
  ;
  DEFINE:
  	! assign variables to the process (A)
  a_00=grip_00;
  a_01=grip_01;
  a_02=grip_02;
  a_03=grip_03;
  a_04=grip_04;
  	! assign variables to the process (B)
  b_00=bostorim_00;
  b_01=bostorim_01;
  b_02=bostorim_02;
  b_03=bostorim_03;
  b_04=bostorim_04;
  	!assign variables to time points
  time_00=years_since_bl_00;
  time_01=years_since_bl_01;
  time_02=years_since_bl_02;
  time_03=years_since_bl_03;
  time_04=years_since_bl_04;
  	
  ANALYSIS:
  TYPE = RANDOM;
  COVERAGE=.00;
  MODEL:
  	!first-level equation
  	! assign process (A) to time points
  ia sa | a_00 AT time_00 ;
  ia sa | a_01 AT time_01 ;
  ia sa | a_02 AT time_02 ;
  ia sa | a_03 AT time_03 ;
  ia sa | a_04 AT time_04 ;
  	! assign process (B) to time points
  ib sb | b_00 AT time_00 ;
  ib sb | b_01 AT time_01 ;
  ib sb | b_02 AT time_02 ;
  ib sb | b_03 AT time_03 ;
  ib sb | b_04 AT time_04 ;
  	!variance of the first-level terms
  ia (v_ia);
  sa (v_sa);
  ib (v_ib);
  sb (v_sb);
  	!covariance among first-level terms
  ia WITH sa (c_iasa);
  ia WITH ib (c_iaib);
  ia WITH sb (c_iasb);
  sa WITH ib (c_saib);
  sa WITH sb (c_sasb);
  ib WITH sb (c_ibsb);
  	!second-level equation
  ia sa ib sb ON age_c70
  edu_c7
  htm_c
  smoke
  cardio
  diabetes;
  	!residual covariance of process (A)
  a_00 (res_a);
  a_01 (res_a);
  a_02 (res_a);
  a_03 (res_a);
  a_04 (res_a);	
  	!residual covariance of process (B)
  b_00 (res_b);
  b_01 (res_b);
  b_02 (res_b);
  b_03 (res_b);
  b_04 (res_b);	
  	!Paired covariances constrained to be equal across t
  a_00 pwith b_00 (res_cov);
  a_01 pwith b_01 (res_cov);
  a_02 pwith b_02 (res_cov);
  a_03 pwith b_03 (res_cov);
  a_04 pwith b_04 (res_cov);	
  MODEL CONSTRAINT:
  	!assigns labels to new parameters;
  NEW r_iaib;
  NEW r_sasb;
  NEW r_res_ab;
  	!compute confidence intervals for correlation coefficients;
  r_iaib = c_iaib/((v_ia**0.5)*(v_ib**0.5));
  r_sasb = c_sasb/((v_sa**0.5)*(v_sb**0.5));
  r_res_ab = res_cov/((res_a**0.5)*(res_b**0.5));
  SAVEDATA:
  FILE is   b1_female_aehplus_grip_bostorim_fscores.dat;
  SAVE = FSCORES;
  RESULTS are   b1_female_aehplus_grip_bostorim_results.dat;
  	
  OUTPUT: sampstat cinterval;
  PLOT: Type is Plot1 Plot2 Plot3;



*** WARNING
  Data set contains cases with missing on x-variables.
  These cases were not included in the analysis.
  Number of cases with missing on x-variables:  149
   1 WARNING(S) FOUND IN THE INPUT INSTRUCTIONS




Script produced from the prototype in ./sandbox/syntax-creator/

SUMMARY OF ANALYSIS

Number of groups                                                 1
Number of observations                                        1160

Number of dependent variables                                   10
Number of independent variables                                  6
Number of continuous latent variables                            4

Observed dependent variables

  Continuous
   A_00        A_01        A_02        A_03        A_04        B_00
   B_01        B_02        B_03        B_04

Observed independent variables
   AGE_C70     EDU_C7      HTM_C       SMOKE       CARDIO      DIABETES

Continuous latent variables
   IA          SA          IB          SB

Variables with special functions

  Time scores
   TIME_00     TIME_01     TIME_02     TIME_03     TIME_04


Estimator                                                      MLR
Information matrix                                        OBSERVED
Maximum number of iterations                                   100
Convergence criterion                                    0.100D-05
Maximum number of EM iterations                                500
Convergence criteria for the EM algorithm
  Loglikelihood change                                   0.100D-02
  Relative loglikelihood change                          0.100D-05
  Derivative                                             0.100D-03
Minimum variance                                         0.100D-03
Maximum number of steepest descent iterations                   20
Maximum number of iterations for H1                           2000
Convergence criterion for H1                             0.100D-03
Optimization algorithm                                         EMA

Input data file(s)
  wide-dataset.dat
Input data format  FREE


SUMMARY OF DATA

     Number of missing data patterns            88


COVARIANCE COVERAGE OF DATA

Minimum covariance coverage value   0.000


     PROPORTION OF DATA PRESENT


           Covariance Coverage
              A_00          A_01          A_02          A_03          A_04
              ________      ________      ________      ________      ________
 A_00           0.871
 A_01           0.636         0.644
 A_02           0.530         0.484         0.547
 A_03           0.389         0.342         0.359         0.472
 A_04           0.267         0.229         0.235         0.292         0.341
 B_00           0.871         0.644         0.547         0.472         0.341
 B_01           0.770         0.642         0.538         0.463         0.332
 B_02           0.691         0.591         0.546         0.460         0.331
 B_03           0.597         0.505         0.487         0.470         0.332
 B_04           0.504         0.431         0.414         0.408         0.339
 AGE_C70        0.871         0.644         0.547         0.472         0.341
 EDU_C7         0.871         0.644         0.547         0.472         0.341
 HTM_C          0.871         0.644         0.547         0.472         0.341
 SMOKE          0.871         0.644         0.547         0.472         0.341
 CARDIO         0.871         0.644         0.547         0.472         0.341
 DIABETES       0.871         0.644         0.547         0.472         0.341


           Covariance Coverage
              B_00          B_01          B_02          B_03          B_04
              ________      ________      ________      ________      ________
 B_00           1.000
 B_01           0.865         0.865
 B_02           0.783         0.763         0.783
 B_03           0.684         0.669         0.662         0.684
 B_04           0.582         0.568         0.562         0.558         0.582
 AGE_C70        1.000         0.865         0.783         0.684         0.582
 EDU_C7         1.000         0.865         0.783         0.684         0.582
 HTM_C          1.000         0.865         0.783         0.684         0.582
 SMOKE          1.000         0.865         0.783         0.684         0.582
 CARDIO         1.000         0.865         0.783         0.684         0.582
 DIABETES       1.000         0.865         0.783         0.684         0.582


           Covariance Coverage
              AGE_C70       EDU_C7        HTM_C         SMOKE         CARDIO
              ________      ________      ________      ________      ________
 AGE_C70        1.000
 EDU_C7         1.000         1.000
 HTM_C          1.000         1.000         1.000
 SMOKE          1.000         1.000         1.000         1.000
 CARDIO         1.000         1.000         1.000         1.000         1.000
 DIABETES       1.000         1.000         1.000         1.000         1.000


           Covariance Coverage
              DIABETES
              ________
 DIABETES       1.000


SAMPLE STATISTICS


     ESTIMATED SAMPLE STATISTICS


           Means
              A_00          A_01          A_02          A_03          A_04
              ________      ________      ________      ________      ________
 1             40.886        39.570        38.706        37.275        35.745


           Means
              B_00          B_01          B_02          B_03          B_04
              ________      ________      ________      ________      ________
 1              9.628         9.493         9.401         9.233         8.975


           Means
              AGE_C70       EDU_C7        HTM_C         SMOKE         CARDIO
              ________      ________      ________      ________      ________
 1              9.449         7.389        -0.011         0.392         0.119


           Means
              DIABETES
              ________
 1              0.176


           Covariances
              A_00          A_01          A_02          A_03          A_04
              ________      ________      ________      ________      ________
 A_00         148.145
 A_01         128.561       151.471
 A_02         126.685       132.061       153.621
 A_03         125.449       129.919       137.493       155.795
 A_04         130.250       134.555       137.422       144.709       168.129
 B_00           1.735         2.052         2.464         2.822         2.114
 B_01           3.287         3.194         3.968         4.029         4.515
 B_02           4.220         4.381         5.616         6.408         6.143
 B_03           6.129         5.788         6.442         7.007         7.643
 B_04           4.653         5.511         6.598         7.453         8.903
 AGE_C70      -42.072       -41.471       -45.639       -47.677       -46.595
 EDU_C7         4.444         5.113         4.326         3.586         2.644
 HTM_C          0.275         0.262         0.287         0.263         0.269
 SMOKE          0.342         0.307         0.275         0.441         0.349
 CARDIO        -0.165        -0.116        -0.140        -0.143        -0.159
 DIABETES       0.106         0.142        -0.058         0.148         0.187


           Covariances
              B_00          B_01          B_02          B_03          B_04
              ________      ________      ________      ________      ________
 B_00           3.311
 B_01           1.326         3.682
 B_02           1.585         1.764         4.103
 B_03           1.574         2.038         2.525         5.174
 B_04           1.532         2.277         2.845         3.365         6.236
 AGE_C70       -1.768        -2.763        -3.663        -3.810        -4.367
 EDU_C7         0.864         0.992         1.057         1.099         1.218
 HTM_C          0.010         0.012         0.018         0.025         0.015
 SMOKE          0.041         0.081         0.054        -0.006         0.035
 CARDIO        -0.005        -0.018        -0.026        -0.025        -0.011
 DIABETES       0.022         0.011         0.008         0.030         0.068


           Covariances
              AGE_C70       EDU_C7        HTM_C         SMOKE         CARDIO
              ________      ________      ________      ________      ________
 AGE_C70       60.336
 EDU_C7        -1.506         9.282
 HTM_C         -0.126         0.030         0.005
 SMOKE         -0.275         0.023         0.003         0.238
 CARDIO         0.244        -0.022        -0.001         0.002         0.105
 DIABETES      -0.242        -0.160         0.001        -0.007         0.006


           Covariances
              DIABETES
              ________
 DIABETES       0.145


           Correlations
              A_00          A_01          A_02          A_03          A_04
              ________      ________      ________      ________      ________
 A_00           1.000
 A_01           0.858         1.000
 A_02           0.840         0.866         1.000
 A_03           0.826         0.846         0.889         1.000
 A_04           0.825         0.843         0.855         0.894         1.000
 B_00           0.078         0.092         0.109         0.124         0.090
 B_01           0.141         0.135         0.167         0.168         0.181
 B_02           0.171         0.176         0.224         0.253         0.234
 B_03           0.221         0.207         0.229         0.247         0.259
 B_04           0.153         0.179         0.213         0.239         0.275
 AGE_C70       -0.445        -0.434        -0.474        -0.492        -0.463
 EDU_C7         0.120         0.136         0.115         0.094         0.067
 HTM_C          0.328         0.309         0.337         0.307         0.302
 SMOKE          0.058         0.051         0.046         0.072         0.055
 CARDIO        -0.042        -0.029        -0.035        -0.035        -0.038
 DIABETES       0.023         0.030        -0.012         0.031         0.038


           Correlations
              B_00          B_01          B_02          B_03          B_04
              ________      ________      ________      ________      ________
 B_00           1.000
 B_01           0.380         1.000
 B_02           0.430         0.454         1.000
 B_03           0.380         0.467         0.548         1.000
 B_04           0.337         0.475         0.562         0.592         1.000
 AGE_C70       -0.125        -0.185        -0.233        -0.216        -0.225
 EDU_C7         0.156         0.170         0.171         0.159         0.160
 HTM_C          0.079         0.091         0.132         0.159         0.088
 SMOKE          0.047         0.086         0.054        -0.005         0.029
 CARDIO        -0.008        -0.029        -0.039        -0.034        -0.014
 DIABETES       0.032         0.015         0.010         0.034         0.071


           Correlations
              AGE_C70       EDU_C7        HTM_C         SMOKE         CARDIO
              ________      ________      ________      ________      ________
 AGE_C70        1.000
 EDU_C7        -0.064         1.000
 HTM_C         -0.236         0.144         1.000
 SMOKE         -0.072         0.016         0.077         1.000
 CARDIO         0.097        -0.022        -0.063         0.016         1.000
 DIABETES      -0.082        -0.138         0.022        -0.037         0.047


           Correlations
              DIABETES
              ________
 DIABETES       1.000


     MAXIMUM LOG-LIKELIHOOD VALUE FOR THE UNRESTRICTED (H1) MODEL IS -27324.552


UNIVARIATE SAMPLE STATISTICS


     UNIVARIATE HIGHER-ORDER MOMENT DESCRIPTIVE STATISTICS

         Variable/         Mean/     Skewness/   Minimum/ % with                Percentiles
        Sample Size      Variance    Kurtosis    Maximum  Min/Max      20%/60%    40%/80%    Median

     A_00                 40.488       0.250       4.000    0.10%      30.250     37.250     40.000
            1010.000     148.718       0.429      97.750    0.10%      43.000     50.250
     A_01                 39.138       0.090       0.000    0.13%      29.500     36.250     39.000
             747.000     138.150       0.144      77.000    0.13%      41.750     49.250
     A_02                 38.504      -0.013       0.000    0.16%      27.750     35.250     38.500
             635.000     136.310      -0.241      71.750    0.16%      41.250     48.750
     A_03                 37.214       0.174       0.000    0.18%      27.750     33.500     37.500
             547.000     133.752       0.023      73.750    0.18%      39.750     46.750
     A_04                 36.734       0.301       0.000    0.25%      26.750     33.250     36.500
             395.000     144.132       0.551      76.250    0.25%      39.000     46.000
     B_00                  9.628      -0.488       3.000    0.34%       8.000      9.000     10.000
            1160.000       3.311      -0.194      12.000   20.78%      10.000     12.000
     B_01                  9.520      -0.802       0.000    0.10%       8.000      9.000     10.000
            1003.000       3.663       1.131      12.000   18.64%      10.000     11.000
     B_02                  9.455      -0.794       0.000    0.33%       8.000      9.000     10.000
             908.000       4.008       1.159      12.000   19.49%      10.000     11.000
     B_03                  9.340      -1.005       0.000    0.50%       8.000      9.000     10.000
             793.000       4.976       1.524      12.000   21.06%      10.000     12.000
     B_04                  9.138      -1.194       0.000    1.19%       8.000      9.000     10.000
             675.000       5.879       2.036      12.000   19.11%      10.000     11.000
     AGE_C70               9.449      -0.469     -16.338    0.09%       3.238      8.352     10.137
            1160.000      60.336       0.075      28.708    0.09%      12.100     16.177
     EDU_C7                7.389      -0.136      -7.000    0.09%       5.000      6.000      7.000
            1160.000       9.282       1.234      18.000    0.09%       8.000     10.000
     HTM_C                -0.011      -0.173      -0.355    0.17%      -0.063     -0.025     -0.012
            1160.000       0.005       0.927       0.203    0.26%       0.000      0.051
     SMOKE                 0.392       0.441       0.000   60.78%       0.000      0.000      0.000
            1160.000       0.238      -1.805       1.000   39.22%       0.000      1.000
     CARDIO                0.119       2.354       0.000   88.10%       0.000      0.000      0.000
            1160.000       0.105       3.541       1.000   11.90%       0.000      0.000
     DIABETES              0.176       1.703       0.000   82.41%       0.000      0.000      0.000
            1160.000       0.145       0.900       1.000   17.59%       0.000      0.000


THE MODEL ESTIMATION TERMINATED NORMALLY



MODEL FIT INFORMATION

Number of Free Parameters                       41

Loglikelihood

          H0 Value                      -20267.510
          H0 Scaling Correction Factor      1.1044
            for MLR

Information Criteria

          Akaike (AIC)                   40617.020
          Bayesian (BIC)                 40824.323
          Sample-Size Adjusted BIC       40694.094
            (n* = (n + 2) / 24)



MODEL RESULTS

                                                    Two-Tailed
                    Estimate       S.E.  Est./S.E.    P-Value

 IA         ON
    AGE_C70           -0.607      0.045    -13.352      0.000
    EDU_C7             0.281      0.116      2.417      0.016
    HTM_C             39.696      4.567      8.691      0.000
    SMOKE              0.198      0.647      0.305      0.760
    CARDIO             0.675      0.934      0.722      0.470
    DIABETES          -0.208      0.840     -0.248      0.804

 SA         ON
    AGE_C70           -0.027      0.011     -2.559      0.010
    EDU_C7            -0.050      0.030     -1.658      0.097
    HTM_C             -0.527      1.245     -0.423      0.672
    SMOKE              0.026      0.164      0.155      0.876
    CARDIO             0.025      0.214      0.116      0.908
    DIABETES          -0.069      0.210     -0.330      0.741

 IB         ON
    AGE_C70           -0.027      0.006     -4.380      0.000
    EDU_C7             0.090      0.016      5.781      0.000
    HTM_C              0.866      0.734      1.180      0.238
    SMOKE              0.207      0.096      2.159      0.031
    CARDIO            -0.031      0.142     -0.216      0.829
    DIABETES           0.123      0.120      1.021      0.307

 SB         ON
    AGE_C70           -0.010      0.003     -3.899      0.000
    EDU_C7             0.007      0.007      1.015      0.310
    HTM_C              0.271      0.319      0.849      0.396
    SMOKE             -0.055      0.042     -1.309      0.191
    CARDIO             0.002      0.058      0.027      0.979
    DIABETES           0.052      0.050      1.045      0.296

 IA       WITH
    SA                -0.842      0.919     -0.916      0.360
    IB                 0.307      0.475      0.647      0.518
    SB                 0.366      0.226      1.618      0.106

 SA       WITH
    IB                 0.168      0.128      1.316      0.188
    SB                 0.148      0.057      2.588      0.010

 IB       WITH
    SB                 0.060      0.039      1.537      0.124

 A_00     WITH
    B_00              -0.032      0.172     -0.187      0.852

 A_01     WITH
    B_01              -0.032      0.172     -0.187      0.852

 A_02     WITH
    B_02              -0.032      0.172     -0.187      0.852

 A_03     WITH
    B_03              -0.032      0.172     -0.187      0.852

 A_04     WITH
    B_04              -0.032      0.172     -0.187      0.852

 Intercepts
    A_00               0.000      0.000    999.000    999.000
    A_01               0.000      0.000    999.000    999.000
    A_02               0.000      0.000    999.000    999.000
    A_03               0.000      0.000    999.000    999.000
    A_04               0.000      0.000    999.000    999.000
    B_00               0.000      0.000    999.000    999.000
    B_01               0.000      0.000    999.000    999.000
    B_02               0.000      0.000    999.000    999.000
    B_03               0.000      0.000    999.000    999.000
    B_04               0.000      0.000    999.000    999.000
    IA                44.851      1.155     38.830      0.000
    SA                -0.621      0.286     -2.172      0.030
    IB                 9.145      0.151     60.522      0.000
    SB                -0.091      0.064     -1.421      0.155

 Residual Variances
    A_00              19.812      0.971     20.402      0.000
    A_01              19.812      0.971     20.402      0.000
    A_02              19.812      0.971     20.402      0.000
    A_03              19.812      0.971     20.402      0.000
    A_04              19.812      0.971     20.402      0.000
    B_00               2.075      0.069     29.924      0.000
    B_01               2.075      0.069     29.924      0.000
    B_02               2.075      0.069     29.924      0.000
    B_03               2.075      0.069     29.924      0.000
    B_04               2.075      0.069     29.924      0.000
    IA                90.928      5.311     17.122      0.000
    SA                 1.198      0.299      4.013      0.000
    IB                 1.126      0.121      9.329      0.000
    SB                 0.123      0.022      5.475      0.000

New/Additional Parameters
    R_IAIB             0.030      0.047      0.650      0.516
    R_SASB             0.386      0.146      2.637      0.008
    R_RES_AB          -0.005      0.027     -0.187      0.852


QUALITY OF NUMERICAL RESULTS

     Condition Number for the Information Matrix              0.493E-08
       (ratio of smallest to largest eigenvalue)


CONFIDENCE INTERVALS OF MODEL RESULTS

                  Lower .5%  Lower 2.5%    Lower 5%    Estimate    Upper 5%  Upper 2.5%   Upper .5%

 IA       ON
    AGE_C70         -0.725      -0.697      -0.682      -0.607      -0.533      -0.518      -0.490
    EDU_C7          -0.018       0.053       0.090       0.281       0.473       0.509       0.581
    HTM_C           27.931      30.744      32.183      39.696      47.209      48.648      51.460
    SMOKE           -1.468      -1.070      -0.866       0.198       1.261       1.465       1.863
    CARDIO          -1.731      -1.156      -0.862       0.675       2.211       2.506       3.081
    DIABETES        -2.372      -1.855      -1.590      -0.208       1.174       1.438       1.956

 SA       ON
    AGE_C70         -0.054      -0.047      -0.044      -0.027      -0.010      -0.006       0.000
    EDU_C7          -0.127      -0.108      -0.099      -0.050       0.000       0.009       0.027
    HTM_C           -3.733      -2.967      -2.575      -0.527       1.521       1.913       2.679
    SMOKE           -0.398      -0.296      -0.245       0.026       0.296       0.347       0.449
    CARDIO          -0.526      -0.395      -0.327       0.025       0.377       0.444       0.576
    DIABETES        -0.609      -0.480      -0.414      -0.069       0.276       0.342       0.471

 IB       ON
    AGE_C70         -0.043      -0.039      -0.037      -0.027      -0.017      -0.015      -0.011
    EDU_C7           0.050       0.060       0.065       0.090       0.116       0.121       0.130
    HTM_C           -1.025      -0.573      -0.341       0.866       2.074       2.306       2.758
    SMOKE           -0.040       0.019       0.049       0.207       0.365       0.395       0.454
    CARDIO          -0.396      -0.308      -0.264      -0.031       0.203       0.247       0.334
    DIABETES        -0.187      -0.113      -0.075       0.123       0.320       0.358       0.432

 SB       ON
    AGE_C70         -0.017      -0.015      -0.014      -0.010      -0.006      -0.005      -0.003
    EDU_C7          -0.010      -0.006      -0.004       0.007       0.018       0.020       0.024
    HTM_C           -0.551      -0.354      -0.254       0.271       0.795       0.896       1.092
    SMOKE           -0.162      -0.136      -0.123      -0.055       0.014       0.027       0.053
    CARDIO          -0.147      -0.112      -0.093       0.002       0.096       0.115       0.150
    DIABETES        -0.077      -0.046      -0.030       0.052       0.135       0.151       0.182

 IA       WITH
    SA              -3.208      -2.642      -2.353      -0.842       0.669       0.959       1.524
    IB              -0.916      -0.624      -0.474       0.307       1.089       1.238       1.531
    SB              -0.217      -0.077      -0.006       0.366       0.739       0.810       0.950

 SA       WITH
    IB              -0.161      -0.082      -0.042       0.168       0.378       0.418       0.497
    SB               0.001       0.036       0.054       0.148       0.242       0.260       0.296

 IB       WITH
    SB              -0.040      -0.016      -0.004       0.060       0.124       0.136       0.160

 A_00     WITH
    B_00            -0.475      -0.369      -0.315      -0.032       0.251       0.305       0.411

 A_01     WITH
    B_01            -0.475      -0.369      -0.315      -0.032       0.251       0.305       0.411

 A_02     WITH
    B_02            -0.475      -0.369      -0.315      -0.032       0.251       0.305       0.411

 A_03     WITH
    B_03            -0.475      -0.369      -0.315      -0.032       0.251       0.305       0.411

 A_04     WITH
    B_04            -0.475      -0.369      -0.315      -0.032       0.251       0.305       0.411

 Intercepts
    A_00             0.000       0.000       0.000       0.000       0.000       0.000       0.000
    A_01             0.000       0.000       0.000       0.000       0.000       0.000       0.000
    A_02             0.000       0.000       0.000       0.000       0.000       0.000       0.000
    A_03             0.000       0.000       0.000       0.000       0.000       0.000       0.000
    A_04             0.000       0.000       0.000       0.000       0.000       0.000       0.000
    B_00             0.000       0.000       0.000       0.000       0.000       0.000       0.000
    B_01             0.000       0.000       0.000       0.000       0.000       0.000       0.000
    B_02             0.000       0.000       0.000       0.000       0.000       0.000       0.000
    B_03             0.000       0.000       0.000       0.000       0.000       0.000       0.000
    B_04             0.000       0.000       0.000       0.000       0.000       0.000       0.000
    IA              41.876      42.587      42.951      44.851      46.751      47.115      47.826
    SA              -1.357      -1.181      -1.091      -0.621      -0.151      -0.061       0.115
    IB               8.756       8.849       8.896       9.145       9.393       9.441       9.534
    SB              -0.257      -0.217      -0.197      -0.091       0.014       0.035       0.074

 Residual Variances
    A_00            17.310      17.908      18.214      19.812      21.409      21.715      22.313
    A_01            17.310      17.908      18.214      19.812      21.409      21.715      22.313
    A_02            17.310      17.908      18.214      19.812      21.409      21.715      22.313
    A_03            17.310      17.908      18.214      19.812      21.409      21.715      22.313
    A_04            17.310      17.908      18.214      19.812      21.409      21.715      22.313
    B_00             1.896       1.939       1.961       2.075       2.189       2.211       2.253
    B_01             1.896       1.939       1.961       2.075       2.189       2.211       2.253
    B_02             1.896       1.939       1.961       2.075       2.189       2.211       2.253
    B_03             1.896       1.939       1.961       2.075       2.189       2.211       2.253
    B_04             1.896       1.939       1.961       2.075       2.189       2.211       2.253
    IA              77.249      80.519      82.192      90.928      99.664     101.337     104.607
    SA               0.429       0.613       0.707       1.198       1.690       1.784       1.968
    IB               0.815       0.890       0.928       1.126       1.325       1.363       1.437
    SB               0.065       0.079       0.086       0.123       0.160       0.167       0.181

New/Additional Parameters
    R_IAIB          -0.090      -0.061      -0.046       0.030       0.107       0.122       0.151
    R_SASB           0.009       0.099       0.145       0.386       0.626       0.672       0.763
    R_RES_AB        -0.074      -0.058      -0.049      -0.005       0.039       0.048       0.064


SAMPLE STATISTICS FOR ESTIMATED FACTOR SCORES


     SAMPLE STATISTICS


           Means
              IA            IA_SE         SA            SA_SE         IB
              ________      ________      ________      ________      ________
 1             40.894         3.342        -1.234         0.964         9.646


           Means
              IB_SE         SB            SB_SE
              ________      ________      ________
 1              0.672        -0.151         0.271


           Covariances
              IA            IA_SE         SA            SA_SE         IB
              ________      ________      ________      ________      ________
 IA           115.208
 IA_SE          0.357         2.097
 SA             1.025         0.022         0.321
 SA_SE         -0.019         0.067         0.001         0.008
 IB             2.150        -0.017         0.184        -0.003         0.827
 IB_SE         -0.058         0.060         0.000         0.004        -0.006
 SB             0.907         0.012         0.086         0.000         0.137
 SB_SE         -0.052         0.029        -0.001         0.003        -0.004


           Covariances
              IB_SE         SB            SB_SE
              ________      ________      ________
 IB_SE          0.005
 SB            -0.001         0.057
 SB_SE          0.002        -0.001         0.002


           Correlations
              IA            IA_SE         SA            SA_SE         IB
              ________      ________      ________      ________      ________
 IA             1.000
 IA_SE          0.023         1.000
 SA             0.169         0.027         1.000
 SA_SE         -0.019         0.514         0.014         1.000
 IB             0.220        -0.013         0.356        -0.040         1.000
 IB_SE         -0.076         0.580        -0.003         0.641        -0.094
 SB             0.355         0.035         0.637        -0.002         0.633
 SB_SE         -0.117         0.482        -0.053         0.780        -0.105


           Correlations
              IB_SE         SB            SB_SE
              ________      ________      ________
 IB_SE          1.000
 SB            -0.053         1.000
 SB_SE          0.836        -0.093         1.000


RESULTS SAVING INFORMATION

  Order of data

    Parameter estimates
     (saved in order shown in Technical 1 output)
    Standard errors
     (saved in order shown in Technical 1 output)
    H0 Loglikelihood
    H0 Scaling Correction Factor for MLR
    Number of Free Parameters
    Akaike (AIC)
    Bayesian (BIC)
    Sample-Size Adjusted BIC
    Condition Number

  Save file
    b1_female_aehplus_grip_bostorim_results.dat

  Save file format           Free


PLOT INFORMATION

The following plots are available:

  Histograms (sample values, estimated factor scores)
  Scatterplots (sample values, estimated factor scores)
  Latent variable distribution plots

SAVEDATA INFORMATION


  Save file
    b1_female_aehplus_grip_bostorim_fscores.dat

  Order and format of variables

    A_00           F10.3
    A_01           F10.3
    A_02           F10.3
    A_03           F10.3
    A_04           F10.3
    B_00           F10.3
    B_01           F10.3
    B_02           F10.3
    B_03           F10.3
    B_04           F10.3
    AGE_C70        F10.3
    EDU_C7         F10.3
    HTM_C          F10.3
    SMOKE          F10.3
    CARDIO         F10.3
    DIABETES       F10.3
    TIME_00        F10.3
    TIME_01        F10.3
    TIME_02        F10.3
    TIME_03        F10.3
    TIME_04        F10.3
    IA             F10.3
    IA_SE          F10.3
    SA             F10.3
    SA_SE          F10.3
    IB             F10.3
    IB_SE          F10.3
    SB             F10.3
    SB_SE          F10.3

  Save file format
    29F10.3

  Save file record length    10000


     Beginning Time:  22:43:42
        Ending Time:  22:43:48
       Elapsed Time:  00:00:06



MUTHEN & MUTHEN
3463 Stoner Ave.
Los Angeles, CA  90066

Tel: (310) 391-9971
Fax: (310) 391-8971
Web: www.StatModel.com
Support: Support@StatModel.com

Copyright (c) 1998-2015 Muthen & Muthen
