Mplus VERSION 7.31
MUTHEN & MUTHEN
12/01/2016   5:21 AM

INPUT INSTRUCTIONS

  TITLE: b1 male aehplus grip fev

  DATA:  File = b1_male_aehplus_grip_fev_newdata.dat;

    VARIABLE: Names are P2 P4 P6 C2 C4
      C6 BAGE2 EDUC2 HEI2 SMOKE1
      DIAB1 CARDIO1 TIME2 TIME4 TIME6
      IDAUNIQ t2miss t4miss t6miss nomatch;



         MISSING is all (-99999);

        USEVAR are P2 P4 P6 C2 C4
      C6 BAGE2 EDUC2 HEI2 SMOKE1
      DIAB1 CARDIO1 TIME2 TIME4 TIME6;


         TSCORES = time2 time4 time6;

  USEOBSERVATIONS are nomatch NE 0 AND t2miss==0;
  Define:

      Time2=time2-time2; !to make time2 as the intercept
      time4=time4-time2;
      time6=time6-time2;
      c2=c2*100;
      c4=c4*100;
      c6=c6*100;



  ANALYSIS: TYPE = RANDOM;

  MODEL:  ip sp | p2 p4 p6 AT time2 time4 time6;
          ic sc | c2 c4 c6  AT time2 time4 time6;
          ip (v_ip);
          sp (v_sp);
          ic (v_ic);
          sc (v_sc);
          ip WITH sp (c_ipsp);
          ip WITH ic (c_ipic);
          ip WITH sc (c_ipsc);
          sp WITH ic (c_spic);
          sp WITH sc (c_spsc);
          ic WITH sc (c_icsc);

          ip sp ic sc ON Bage2
         educ2 hei2 smoke1 diab1 cardio1;

          p2 p4 p6  (res_p);
          c2 c4 c6 (res_c);
          p2 p4 p6 pwith c2 c4 c6(res_cov); !Paired covariances constrained to be equal

  MODEL CONSTRAINT:

  !        NEW r_ipsp;
          NEW r_ipic;
  !        NEW r_ipsc;
  !        NEW r_spic;
          NEW r_spsc;
  !        NEW r_icsc;

          NEW r_res_pc;

  !        r_ipsp = c_ipsp/((v_ip**0.5)*(v_sp**0.5));
          r_ipic = c_ipic/((v_ip**0.5)*(v_ic**0.5));
  !        r_ipsc = c_ipsc/((v_ip**0.5)*(v_sc**0.5));
  !        r_spic = c_spic/((v_sp**0.5)*(v_ic**0.5));
          r_spsc = c_spsc/((v_sp**0.5)*(v_sc**0.5));
  !        r_icsc = c_icsc/((v_ic**0.5)*(v_sc**0.5));

          r_res_pc = res_cov/((res_p**0.5)*(res_c**0.5));

     SAVEDATA:
  FILE IS   ELSAfSlopes_male_aehplus_grip_fev;
  SAVE = FSCORES;
  PLOT:
   TYPE IS PLOT3;



  OUTPUT: sampstat Cinterval;





INPUT READING TERMINATED NORMALLY



b1 male aehplus grip fev

SUMMARY OF ANALYSIS

Number of groups                                                 1
Number of observations                                        2872

Number of dependent variables                                    6
Number of independent variables                                  6
Number of continuous latent variables                            4

Observed dependent variables

  Continuous
   P2          P4          P6          C2          C4          C6

Observed independent variables
   BAGE2       EDUC2       HEI2        SMOKE1      DIAB1       CARDIO1

Continuous latent variables
   IP          SP          IC          SC

Variables with special functions

  Time scores
   TIME2       TIME4       TIME6


Estimator                                                      MLR
Information matrix                                        OBSERVED
Maximum number of iterations                                   100
Convergence criterion                                    0.100D-05
Maximum number of EM iterations                                500
Convergence criteria for the EM algorithm
  Loglikelihood change                                   0.100D-02
  Relative loglikelihood change                          0.100D-05
  Derivative                                             0.100D-03
Minimum variance                                         0.100D-03
Maximum number of steepest descent iterations                   20
Maximum number of iterations for H1                           2000
Convergence criterion for H1                             0.100D-03
Optimization algorithm                                         EMA

Input data file(s)
  b1_male_aehplus_grip_fev_newdata.dat
Input data format  FREE


SUMMARY OF DATA

     Number of missing data patterns            16


COVARIANCE COVERAGE OF DATA

Minimum covariance coverage value   0.100


     PROPORTION OF DATA PRESENT


           Covariance Coverage
              P2            P4            P6            C2            C4
              ________      ________      ________      ________      ________
 P2             1.000
 P4             0.669         0.669
 P6             0.552         0.499         0.552
 C2             1.000         0.669         0.552         1.000
 C4             0.623         0.614         0.472         0.623         0.623
 C6             0.503         0.453         0.494         0.503         0.432
 BAGE2          1.000         0.669         0.552         1.000         0.623
 EDUC2          1.000         0.669         0.552         1.000         0.623
 HEI2           1.000         0.669         0.552         1.000         0.623
 SMOKE1         1.000         0.669         0.552         1.000         0.623
 DIAB1          1.000         0.669         0.552         1.000         0.623
 CARDIO1        1.000         0.669         0.552         1.000         0.623


           Covariance Coverage
              C6            BAGE2         EDUC2         HEI2          SMOKE1
              ________      ________      ________      ________      ________
 C6             0.503
 BAGE2          0.503         1.000
 EDUC2          0.503         1.000         1.000
 HEI2           0.503         1.000         1.000         1.000
 SMOKE1         0.503         1.000         1.000         1.000         1.000
 DIAB1          0.503         1.000         1.000         1.000         1.000
 CARDIO1        0.503         1.000         1.000         1.000         1.000


           Covariance Coverage
              DIAB1         CARDIO1
              ________      ________
 DIAB1          1.000
 CARDIO1        1.000         1.000


SAMPLE STATISTICS


     ESTIMATED SAMPLE STATISTICS


           Means
              P2            P4            P6            C2            C4
              ________      ________      ________      ________      ________
 1             36.979        34.697        32.051       276.225       266.968


           Means
              C6            BAGE2         EDUC2         HEI2          SMOKE1
              ________      ________      ________      ________      ________
 1            247.611        -4.523         0.680         0.883         0.717


           Means
              DIAB1         CARDIO1
              ________      ________
 1              0.079         0.130


           Covariances
              P2            P4            P6            C2            C4
              ________      ________      ________      ________      ________
 P2            81.761
 P4            66.312        89.641
 P6            64.930        72.122        89.333
 C2           326.232       333.737       368.035      7738.688
 C4           300.598       321.928       347.635      5062.541      6937.499
 C6           328.676       366.439       398.187      5200.702      5368.007
 BAGE2        -43.400       -48.490       -53.053      -375.480      -357.598
 EDUC2          0.853         0.880         0.926        10.145         8.715
 HEI2          22.511        24.077        25.351       237.596       238.940
 SMOKE1        -0.297        -0.289        -0.385        -6.591        -5.688
 DIAB1         -0.285        -0.381        -0.430        -1.713        -2.198
 CARDIO1       -0.439        -0.577        -0.654        -5.858        -5.582


           Covariances
              C6            BAGE2         EDUC2         HEI2          SMOKE1
              ________      ________      ________      ________      ________
 C6          7200.909
 BAGE2       -413.703        80.885
 EDUC2          9.549        -0.909         0.217
 HEI2         239.680       -16.844         0.608        47.683
 SMOKE1        -6.298         0.392        -0.017        -0.066         0.203
 DIAB1         -2.945         0.222        -0.002        -0.066         0.004
 CARDIO1       -5.802         0.621        -0.010        -0.283         0.011


           Covariances
              DIAB1         CARDIO1
              ________      ________
 DIAB1          0.073
 CARDIO1        0.008         0.113


           Correlations
              P2            P4            P6            C2            C4
              ________      ________      ________      ________      ________
 P2             1.000
 P4             0.775         1.000
 P6             0.760         0.806         1.000
 C2             0.410         0.401         0.443         1.000
 C4             0.399         0.408         0.442         0.691         1.000
 C6             0.428         0.456         0.496         0.697         0.759
 BAGE2         -0.534        -0.569        -0.624        -0.475        -0.477
 EDUC2          0.202         0.199         0.210         0.247         0.224
 HEI2           0.361         0.368         0.388         0.391         0.415
 SMOKE1        -0.073        -0.068        -0.090        -0.166        -0.152
 DIAB1         -0.116        -0.149        -0.168        -0.072        -0.098
 CARDIO1       -0.145        -0.181        -0.206        -0.198        -0.199


           Correlations
              C6            BAGE2         EDUC2         HEI2          SMOKE1
              ________      ________      ________      ________      ________
 C6             1.000
 BAGE2         -0.542         1.000
 EDUC2          0.241        -0.217         1.000
 HEI2           0.409        -0.271         0.189         1.000
 SMOKE1        -0.165         0.097        -0.083        -0.021         1.000
 DIAB1         -0.128         0.091        -0.014        -0.035         0.030
 CARDIO1       -0.203         0.205        -0.066        -0.122         0.073


           Correlations
              DIAB1         CARDIO1
              ________      ________
 DIAB1          1.000
 CARDIO1        0.093         1.000


     MAXIMUM LOG-LIKELIHOOD VALUE FOR THE UNRESTRICTED (H1) MODEL IS -79061.459


UNIVARIATE SAMPLE STATISTICS


     UNIVARIATE HIGHER-ORDER MOMENT DESCRIPTIVE STATISTICS

         Variable/         Mean/     Skewness/   Minimum/ % with                Percentiles
        Sample Size      Variance    Kurtosis    Maximum  Min/Max      20%/60%    40%/80%    Median

     P2                   36.979      -0.223       1.000    0.07%      29.333     35.000     37.333
            2872.000      81.761       0.294      69.500    0.03%      39.333     44.667
     P4                   35.644      -0.185       0.000    0.10%      28.000     33.667     35.833
            1922.000      82.632       0.056      63.167    0.05%      38.167     43.500
     P6                   34.111      -0.154       4.833    0.06%      27.167     32.333     34.416
            1586.000      73.063       0.022      62.500    0.06%      36.500     41.333
     C2                  276.225      -0.287       0.000    0.24%     207.000    261.000    283.000
            2872.000    7738.688       0.340     759.000    0.03%     303.000    348.000
     C4                  275.731      -0.126       0.000    0.06%     211.000    259.000    280.000
            1790.000    6622.889       0.480     668.000    0.06%     298.000    343.000
     C6                  267.670      -0.503       0.000    1.45%     205.400    253.200    274.200
            1444.000    6300.104       0.885     489.000    0.07%     291.000    331.400
     BAGE2                -4.523       0.513     -18.000    0.97%     -13.000     -9.000     -6.000
            2872.000      80.885      -0.593      22.000    0.07%      -3.000      4.000
     EDUC2                 0.680      -0.774       0.000   31.96%       0.000      1.000      1.000
            2872.000       0.217      -1.402       1.000   68.04%       1.000      1.000
     HEI2                  0.883       0.045     -20.500    0.03%      -5.100     -0.800      0.800
            2872.000      47.683      -0.102      29.400    0.03%       2.500      6.800
     SMOKE1                0.717      -0.963       0.000   28.31%       0.000      1.000      1.000
            2872.000       0.203      -1.073       1.000   71.69%       1.000      1.000
     DIAB1                 0.079       3.112       0.000   92.06%       0.000      0.000      0.000
            2872.000       0.073       7.683       1.000    7.94%       0.000      0.000
     CARDIO1               0.130       2.202       0.000   87.01%       0.000      0.000      0.000
            2872.000       0.113       2.849       1.000   12.99%       0.000      0.000


THE MODEL ESTIMATION TERMINATED NORMALLY



MODEL FIT INFORMATION

Number of Free Parameters                       41

Loglikelihood

          H0 Value                      -54499.409
          H0 Scaling Correction Factor      1.3646
            for MLR

Information Criteria

          Akaike (AIC)                  109080.817
          Bayesian (BIC)                109325.291
          Sample-Size Adjusted BIC      109195.019
            (n* = (n + 2) / 24)



MODEL RESULTS

                                                    Two-Tailed
                    Estimate       S.E.  Est./S.E.    P-Value

 IP         ON
    BAGE2             -0.453      0.015    -29.245      0.000
    EDUC2              1.173      0.309      3.803      0.000
    HEI2               0.293      0.021     14.088      0.000
    SMOKE1            -0.291      0.302     -0.962      0.336
    DIAB1             -2.204      0.528     -4.178      0.000
    CARDIO1           -0.392      0.398     -0.985      0.325

 SP         ON
    BAGE2             -0.009      0.002     -5.039      0.000
    EDUC2             -0.028      0.034     -0.812      0.417
    HEI2               0.001      0.002      0.588      0.557
    SMOKE1            -0.010      0.031     -0.332      0.740
    DIAB1             -0.154      0.051     -3.019      0.003
    CARDIO1           -0.125      0.046     -2.706      0.007

 IC         ON
    BAGE2             -3.413      0.152    -22.471      0.000
    EDUC2             19.895      2.924      6.805      0.000
    HEI2               3.391      0.215     15.799      0.000
    SMOKE1           -21.598      2.848     -7.584      0.000
    DIAB1             -5.947      4.742     -1.254      0.210
    CARDIO1          -20.268      3.936     -5.150      0.000

 SC         ON
    BAGE2             -0.015      0.020     -0.750      0.453
    EDUC2             -0.616      0.367     -1.679      0.093
    HEI2              -0.003      0.025     -0.111      0.912
    SMOKE1             0.295      0.344      0.860      0.390
    DIAB1             -1.465      0.626     -2.340      0.019
    CARDIO1            0.337      0.500      0.674      0.500

 IP       WITH
    SP                -0.368      0.182     -2.023      0.043
    IC                62.126     10.869      5.716      0.000
    SC                -1.477      1.225     -1.205      0.228

 SP       WITH
    IC                -1.348      1.039     -1.297      0.195
    SC                 0.190      0.130      1.464      0.143

 IC       WITH
    SC               -78.186     26.146     -2.990      0.003

 P2       WITH
    C2                 3.714      5.098      0.729      0.466

 P4       WITH
    C4                 3.714      5.098      0.729      0.466

 P6       WITH
    C6                 3.714      5.098      0.729      0.466

 Intercepts
    P2                 0.000      0.000    999.000    999.000
    P4                 0.000      0.000    999.000    999.000
    P6                 0.000      0.000    999.000    999.000
    C2                 0.000      0.000    999.000    999.000
    C4                 0.000      0.000    999.000    999.000
    C6                 0.000      0.000    999.000    999.000
    IP                34.417      0.339    101.629      0.000
    SP                -0.448      0.040    -11.122      0.000
    IC               263.738      3.227     81.726      0.000
    SC                -2.199      0.446     -4.933      0.000

 Residual Variances
    P2                17.861      0.919     19.434      0.000
    P4                17.861      0.919     19.434      0.000
    P6                17.861      0.919     19.434      0.000
    C2              1879.571    179.057     10.497      0.000
    C4              1879.571    179.057     10.497      0.000
    C6              1879.571    179.057     10.497      0.000
    IP                36.624      1.949     18.794      0.000
    SP                 0.042      0.025      1.648      0.099
    IC              3252.849    228.558     14.232      0.000
    SC                 9.553      4.211      2.269      0.023

New/Additional Parameters
    R_IPIC             0.180      0.031      5.848      0.000
    R_SPSC             0.301      0.222      1.357      0.175
    R_RES_PC           0.020      0.028      0.734      0.463


QUALITY OF NUMERICAL RESULTS

     Condition Number for the Information Matrix              0.514E-05
       (ratio of smallest to largest eigenvalue)


CONFIDENCE INTERVALS OF MODEL RESULTS

                  Lower .5%  Lower 2.5%    Lower 5%    Estimate    Upper 5%  Upper 2.5%   Upper .5%

 IP       ON
    BAGE2           -0.493      -0.483      -0.478      -0.453      -0.427      -0.422      -0.413
    EDUC2            0.379       0.569       0.666       1.173       1.681       1.778       1.968
    HEI2             0.240       0.252       0.259       0.293       0.327       0.334       0.347
    SMOKE1          -1.070      -0.883      -0.788      -0.291       0.207       0.302       0.488
    DIAB1           -3.564      -3.239      -3.072      -2.204      -1.337      -1.170      -0.845
    CARDIO1         -1.418      -1.172      -1.047      -0.392       0.263       0.388       0.633

 SP       ON
    BAGE2           -0.014      -0.013      -0.012      -0.009      -0.006      -0.006      -0.004
    EDUC2           -0.116      -0.095      -0.084      -0.028       0.028       0.039       0.060
    HEI2            -0.004      -0.003      -0.002       0.001       0.005       0.006       0.007
    SMOKE1          -0.089      -0.070      -0.061      -0.010       0.040       0.050       0.069
    DIAB1           -0.286      -0.254      -0.238      -0.154      -0.070      -0.054      -0.023
    CARDIO1         -0.244      -0.216      -0.201      -0.125      -0.049      -0.034      -0.006

 IC       ON
    BAGE2           -3.805      -3.711      -3.663      -3.413      -3.164      -3.116      -3.022
    EDUC2           12.364      14.164      15.085      19.895      24.705      25.626      27.426
    HEI2             2.838       2.970       3.038       3.391       3.744       3.812       3.944
    SMOKE1         -28.933     -27.180     -26.282     -21.598     -16.913     -16.016     -14.262
    DIAB1          -18.160     -15.241     -13.747      -5.947       1.853       3.346       6.266
    CARDIO1        -30.406     -27.982     -26.743     -20.268     -13.794     -12.554     -10.130

 SC       ON
    BAGE2           -0.065      -0.053      -0.047      -0.015       0.017       0.024       0.036
    EDUC2           -1.560      -1.335      -1.219      -0.616      -0.012       0.103       0.329
    HEI2            -0.067      -0.051      -0.044      -0.003       0.038       0.046       0.061
    SMOKE1          -0.590      -0.378      -0.270       0.295       0.861       0.969       1.180
    DIAB1           -3.079      -2.693      -2.496      -1.465      -0.435      -0.238       0.148
    CARDIO1         -0.950      -0.643      -0.485       0.337       1.159       1.317       1.625

 IP       WITH
    SP              -0.837      -0.725      -0.668      -0.368      -0.069      -0.011       0.101
    IC              34.130      40.823      44.247      62.126      80.006      83.429      90.123
    SC              -4.633      -3.879      -3.493      -1.477       0.539       0.925       1.679

 SP       WITH
    IC              -4.026      -3.385      -3.058      -1.348       0.362       0.689       1.329
    SC              -0.144      -0.064      -0.023       0.190       0.404       0.444       0.524

 IC       WITH
    SC            -145.534    -129.433    -121.197     -78.186     -35.176     -26.940     -10.839

 P2       WITH
    C2              -9.418      -6.278      -4.672       3.714      12.101      13.707      16.846

 P4       WITH
    C4              -9.418      -6.278      -4.672       3.714      12.101      13.707      16.846

 P6       WITH
    C6              -9.418      -6.278      -4.672       3.714      12.101      13.707      16.846

 Intercepts
    P2               0.000       0.000       0.000       0.000       0.000       0.000       0.000
    P4               0.000       0.000       0.000       0.000       0.000       0.000       0.000
    P6               0.000       0.000       0.000       0.000       0.000       0.000       0.000
    C2               0.000       0.000       0.000       0.000       0.000       0.000       0.000
    C4               0.000       0.000       0.000       0.000       0.000       0.000       0.000
    C6               0.000       0.000       0.000       0.000       0.000       0.000       0.000
    IP              33.545      33.753      33.860      34.417      34.974      35.081      35.290
    SP              -0.551      -0.527      -0.514      -0.448      -0.382      -0.369      -0.344
    IC             255.425     257.413     258.429     263.738     269.046     270.063     272.050
    SC              -3.347      -3.073      -2.932      -2.199      -1.466      -1.325      -1.051

 Residual Variances
    P2              15.493      16.059      16.349      17.861      19.373      19.662      20.228
    P4              15.493      16.059      16.349      17.861      19.373      19.662      20.228
    P6              15.493      16.059      16.349      17.861      19.373      19.662      20.228
    C2            1418.356    1528.619    1585.022    1879.571    2174.120    2230.522    2340.786
    C4            1418.356    1528.619    1585.022    1879.571    2174.120    2230.522    2340.786
    C6            1418.356    1528.619    1585.022    1879.571    2174.120    2230.522    2340.786
    IP              31.605      32.805      33.419      36.624      39.830      40.444      41.644
    SP              -0.024      -0.008       0.000       0.042       0.083       0.091       0.107
    IC            2664.128    2804.875    2876.870    3252.849    3628.827    3700.823    3841.569
    SC              -1.293       1.300       2.626       9.553      16.480      17.807      20.400

New/Additional Parameters
    R_IPIC           0.101       0.120       0.129       0.180       0.231       0.240       0.259
    R_SPSC          -0.270      -0.134      -0.064       0.301       0.665       0.735       0.872
    R_RES_PC        -0.051      -0.034      -0.025       0.020       0.066       0.074       0.091


SAMPLE STATISTICS FOR ESTIMATED FACTOR SCORES


     SAMPLE STATISTICS


           Means
              IP            IP_SE         SP            SP_SE         IC
              ________      ________      ________      ________      ________
 1             37.088         2.841        -0.460         0.193       277.120


           Means
              IC_SE         SC            SC_SE
              ________      ________      ________
 1             30.237        -2.415         2.794


           Covariances
              IP            IP_SE         SP            SP_SE         IC
              ________      ________      ________      ________      ________
 IP            56.601
 IP_SE         -0.686         0.158
 SP             0.317        -0.008         0.017
 SP_SE         -0.007         0.001         0.000         0.000
 IC           314.003        -6.593         3.750        -0.067      4886.470
 IC_SE         -5.023         1.054        -0.057         0.008       -47.822
 SC            -0.687         0.038         0.063         0.000       -43.252
 SC_SE         -0.165         0.026        -0.002         0.000        -1.620


           Covariances
              IC_SE         SC            SC_SE
              ________      ________      ________
 IC_SE          8.398
 SC             0.277         2.007
 SC_SE          0.192         0.006         0.007


           Correlations
              IP            IP_SE         SP            SP_SE         IC
              ________      ________      ________      ________      ________
 IP             1.000
 IP_SE         -0.229         1.000
 SP             0.320        -0.149         1.000
 SP_SE         -0.259         0.858        -0.217         1.000
 IC             0.597        -0.237         0.408        -0.278         1.000
 IC_SE         -0.230         0.914        -0.149         0.781        -0.236
 SC            -0.064         0.068         0.336         0.055        -0.437
 SC_SE         -0.260         0.778        -0.222         0.931        -0.275


           Correlations
              IC_SE         SC            SC_SE
              ________      ________      ________
 IC_SE          1.000
 SC             0.067         1.000
 SC_SE          0.787         0.051         1.000


PLOT INFORMATION

The following plots are available:

  Histograms (sample values, estimated factor scores)
  Scatterplots (sample values, estimated factor scores)
  Latent variable distribution plots

SAVEDATA INFORMATION


  Save file
    ELSAfSlopes_male_aehplus_grip_fev

  Order and format of variables

    P2             F10.3
    P4             F10.3
    P6             F10.3
    C2             F10.3
    C4             F10.3
    C6             F10.3
    BAGE2          F10.3
    EDUC2          F10.3
    HEI2           F10.3
    SMOKE1         F10.3
    DIAB1          F10.3
    CARDIO1        F10.3
    TIME2          F10.3
    TIME4          F10.3
    TIME6          F10.3
    IP             F10.3
    IP_SE          F10.3
    SP             F10.3
    SP_SE          F10.3
    IC             F10.3
    IC_SE          F10.3
    SC             F10.3
    SC_SE          F10.3

  Save file format
    23F10.3

  Save file record length    10000


DIAGRAM INFORMATION

  Use View Diagram under the Diagram menu in the Mplus Editor to view the diagram.
  If running Mplus from the Mplus Diagrammer, the diagram opens automatically.

  Diagram output
    c:\users\annie\dropbox\ialsa_cambridge\elsa-phy-phy\elsa phy-phy covariates t2\b1_male_aehplus_g

     Beginning Time:  05:21:22
        Ending Time:  05:22:34
       Elapsed Time:  00:01:12



MUTHEN & MUTHEN
3463 Stoner Ave.
Los Angeles, CA  90066

Tel: (310) 391-9971
Fax: (310) 391-8971
Web: www.StatModel.com
Support: Support@StatModel.com

Copyright (c) 1998-2015 Muthen & Muthen
