Mplus VERSION 7.3
MUTHEN & MUTHEN
07/18/2015   2:53 PM

INPUT INSTRUCTIONS

    TITLE: Cognitive Function (Trails B), pulmonary, LGM, Age educ Conditional, Male

          DATA:  File = C:\Users\Andrea Zammit\Desktop\EASMaster.csv;

          VARIABLE: Names are
            ! demographics
            SubjectID	Sex	Ethnic	Caus	DemEver	Bagesq	deathage	DEMO23	Educyrs	Status	

            !wave (1-10)
            Wave_1	Wave_2	Wave_3	Wave_4	Wave_5	Wave_6	Wave_7	Wave_8	Wave_9	Wave_10

            !age at wave	(1-10)
            AgeAtWaveOne	AgeAtWave_2	AgeAtWave_3	AgeAtWave_4	AgeAtWave_5	AgeAtWave_6	
            AgeAtWave_7	
            AgeAtWave_8	AgeAtWave_9	AgeAtWave_10	

            !years since baseline (1-10)
            YrsSinceBaseline_1	YrsSinceBaseline_2	YrsSinceBaseline_3	YrsSinceBaseline_4	
            YrsSinceBaseline_5	YrsSinceBaseline_6	YrsSinceBaseline_7	YrsSinceBaseline_8	
            YrsSinceBaseline_9	YrsSinceBaseline_10	

            !Blessed (1-10)
            Blessd_1	Blessd_2	Blessd_3	Blessd_4	Blessd_5	Blessd_6	Blessd_7	
            Blessd_8	Blessd_9	Blessd_10	

            !MMSE (1-10)
            MMS_1	MMS_2	MMS_3	MMS_4	MMS_5	MMS_6	MMS_7	MMS_8	MMS_9	MMS_10	

            !GDS (1-10)
            GDSScore_1	GDSScore_2	GDSScore_3	GDSScore_4	GDSScore_5	GDSScore_6	GDSScore_7	
            GDSScore_8	GDSScore_9	GDSScore_10	

            !Free recall (1-10)
            FreeRecall_1	FreeRecall_2	FreeRecall_3	FreeRecall_4	FreeRecall_5	
            FreeRecall_6	FreeRecall_7	FreeRecall_8	FreeRecall_9	FreeRecall_10

            !Total recall (1-10)	
            TotRecall_1	TotRecall_2	TotRecall_3	TotRecall_4	TotRecall_5	TotRecall_6	
            TotRecall_7	
            TotRecall_8	TotRecall_9	TotRecall_10

           !Delayed free recall (1-10)
            DelFreeRecall_1	DelFreeRecall_2	DelFreeRecall_3	DelFreeRecall_4	DelFreeRecall_5	
            DelFreeRecall_6	DelFreeRecall_7	DelFreeRecall_8	DelFreeRecall_9	DelFreeRecall_10

            !Delayed total recall (1-10)	
            DelTotRecall_1	DelTotRecall_2	DelTotRecall_3	DelTotRecall_4	DelTotRecall_5	
            DelTotRecall_6	DelTotRecall_7	DelTotRecall_8	DelTotRecall_9	DelTotRecall_10	

            !Boston (1-10)
            BostonFree_1	BostonFree_2	BostonFree_3	BostonFree_4	BostonFree_5	
            BostonFree_6	BostonFree_7	BostonFree_8	BostonFree_9	BostonFree_10

            !Infraw (1-10)	
            Infraw_1	Infraw_2	Infraw_3	Infraw_4	Infraw_5	Infraw_6	Infraw_7	
            Infraw_8	Infraw_9	Infraw_10	

            !voc raw (1-10)	
            Vocraw_1	Vocraw_2	Vocraw_3	Vocraw_4	Vocraw_5	Vocraw_6	Vocraw_7	
            Vocraw_8	Vocraw_9	Vocraw_10	

          !span raw (1-10)
            Spnraw_1	Spnraw_2	Spnraw_3	Spnraw_4	Spnraw_5	Spnraw_6 Spnraw_7	
            Spnraw_8	Spnraw_9	Spnraw_10	

            !span age scaled (1-10)
            DSpnAgeScaledScore_1	DSpnAgeScaledScore_2	DSpnAgeScaledScore_3	
            DSpnAgeScaledScore_4	DSpnAgeScaledScore_5	DSpnAgeScaledScore_6	
            DSpnAgeScaledScore_7	DSpnAgeScaledScore_8	DSpnAgeScaledScore_9	
            DSpnAgeScaledScore_10	


            !symraw (1-10)
            Symraw_1	Symraw_2	Symraw_3	Symraw_4	Symraw_5	Symraw_6	
            Symraw_7	Symraw_8	Symraw_9	Symraw_10


            !Block (1-10)
            Blockraw_1	Blockraw_2	Blockraw_3	Blockraw_4	Blockraw_5	Blockraw_6	
            Blockraw_7	Blockraw_8	Blockraw_9	Blockraw_10	

            !FAS (1-10)
            FAS_1	FAS_2	FAS_3	FAS_4	FAS_5	FAS_6	FAS_7	FAS_8	FAS_9	FAS_10
            	

            CAT_1	CAT_2	CAT_3	CAT_4
            CAT_5	CAT_6	CAT_7	CAT_8	CAT_9	CAT_10	

            Grade_1	Grade_2	Grade_3	Grade_4	Grade_5	Grade_6	Grade_7	Grade_8	Grade_9	Grade_10

            LM_1	LM_2	LM_3	LM_4	LM_5	LM_6	LM_7	LM_8	LM_9	LM_10	

            CFCopy_1	CFCopy_2	CFCopy_3	CFCopy_4	CFCopy_5	CFCopy_6	CFCopy_7	
            CFCopy_8	CFCopy_9	CFCopy_10	

            CFRecall_1	CFRecall_2	CFRecall_3	CFRecall_4	CFRecall_5	CFRecall_6	CFRecall_7
            CFRecall_8	CFRecall_9	CFRecall_10	


            TrA1_1	TrA1_2	TrA1_3	TrA1_4	TrA1_5	TrA1_6	TrA1_7	TrA1_8	TrA1_9	TrA1_10	

            TrlAZScore_1	TrlAZScore_2	TrlAZScore_3	TrlAZScore_4	TrlAZScore_5	
            TrlAZScore_6	TrlAZScore_7	TrlAZScore_8	TrlAZScore_9	TrlAZScore_10	


            TMTARate_1	TMTARate_2	TMTARate_3	TMTARate_4	TMTARate_5	TMTARate_6	TMTARate_7	
            TMTARate_8	TMTARate_9	TMTARate_10	

            TrA2_1	TrA2_2	TrA2_3	TrA2_4	TrA2_5	TrA2_6	TrA2_7	TrA2_8	TrA2_9	TrA2_10	

            TrB1_1	TrB1_2	TrB1_3	TrB1_4	TrB1_5	TrB1_6	TrB1_7	TrB1_8	TrB1_9	TrB1_10	

            TrlBZScore_1	TrlBZScore_2	TrlBZScore_3	TrlBZScore_4	TrlBZScore_5	
            TrlBZScore_6	TrlBZScore_7	TrlBZScore_8	TrlBZScore_9	TrlBZScore_10	

            TMTBRate_1	TMTBRate_2	TMTBRate_3	TMTBRate_4	TMTBRate_5	TMTBRate_6	TMTBRate_7
            TMTBRate_8	TMTBRate_9	TMTBRate_10	

            TrB2_1	TrB2_2	TrB2_3	TrB2_4	TrB2_5	TrB2_6
            TrB2_7	TrB2_8	TrB2_9	TrB2_10	

            EpisodicMemory2FreeCatLM_1	EpisodicMemory2FreeCatLM_2	
            EpisodicMemory2FreeCatLM_3	
            EpisodicMemory2FreeCatLM_4	EpisodicMemory2FreeCatLM_5	
            EpisodicMemory2FreeCatLM_6	EpisodicMemory2FreeCatLM_7	
            EpisodicMemory2FreeCatLM_8	EpisodicMemory2FreeCatLM_9	
            EpisodicMemory2FreeCatLM_10	

            FrontalExecFunc_1	FrontalExecFunc_2	FrontalExecFunc_3	FrontalExecFunc_4	
            FrontalExecFunc_5	FrontalExecFunc_6	FrontalExecFunc_7	FrontalExecFunc_8	
            FrontalExecFunc_9	FrontalExecFunc_10	

            Language2BostVoc_1	Language2BostVoc_2	
            Language2BostVoc_3	Language2BostVoc_4	Language2BostVoc_5	
            Language2BostVoc_6	Language2BostVoc_7	Language2BostVoc_8	
            Language2BostVoc_9	Language2BostVoc_10	

            DysExec_1	DysExec_2	DysExec_3	DysExec_4	DysExec_5	DysExec_6	DysExec_7	
            DysExec_8	DysExec_9	DysExec_10	

            aMCI1_1	aMCI1_2	aMCI1_3	aMCI1_4	aMCI1_5	aMCI1_6	aMCI1_7	aMCI1_8	aMCI1_9	aMCI1_10

            naMCI1_1	naMCI1_2	naMCI1_3	naMCI1_4	naMCI1_5	naMCI1_6	naMCI1_7	
            naMCI1_8	naMCI1_9	naMCI1_10	

            CumulMI_1	CumulMI_2	CumulMI_3	CumulMI_4	
            CumulMI_5	CumulMI_6	CumulMI_7	CumulMI_8	CumulMI_9	CumulMI_10	

            CumulStroke_1	CumulStroke_2	CumulStroke_3	CumulStroke_4	CumulStroke_5	
            CumulStroke_6	CumulStroke_7	CumulStroke_8	CumulStroke_9	CumulStroke_10	

            CumulDiab_1	CumulDiab_2	CumulDiab_3	CumulDiab_4	CumulDiab_5	CumulDiab_6	
            CumulDiab_7	CumulDiab_8	CumulDiab_9	CumulDiab_10	

            DMever	

            CumulHyper_1	CumulHyper_2	CumulHyper_3	CumulHyper_4	CumulHyper_5	
            CumulHyper_6	CumulHyper_7	CumulHyper_8	CumulHyper_9	CumulHyper_10	

            CumulAngina_1	CumulAngina_2	CumulAngina_3	CumulAngina_4	CumulAngina_5	
            CumulAngina_6	CumulAngina_7	CumulAngina_8	CumulAngina_9	CumulAngina_10
            	
            CumulHrtFail_1	CumulHrtFail_2	CumulHrtFail_3	CumulHrtFail_4	CumulHrtFail_5	
            CumulHrtFail_6	CumulHrtFail_7	CumulHrtFail_8	CumulHrtFail_9	CumulHrtFail_10	

            CumulPD_1	CumulPD_2	CumulPD_3	CumulPD_4	CumulPD_5	CumulPD_6	CumulPD_7	
            CumulPD_8	CumulPD_9	CumulPD_10	

            CumulDep_1	CumulDep_2	CumulDep_3	CumulDep_4	
            CumulDep_5	CumulDep_6	CumulDep_7	CumulDep_8	CumulDep_9	CumulDep_10	

            CumulAnemia_1	CumulAnemia_2	CumulAnemia_3	CumulAnemia_4	CumulAnemia_5	
            CumulAnemia_6	CumulAnemia_7	CumulAnemia_8	CumulAnemia_9	CumulAnemia_10	

            CVIndexArWave_1 CVIndexArWave_2	CVIndexArWave_3	CVIndexArWave_4	CVIndexArWave_5	
            CVIndexArWave_6 CVIndexArWave_7	CVIndexArWave_8	CVIndexArWave_9	CVIndexArWave_10


            CVIndexCumul_1 CVIndexCumul_2	CVIndexCumul_3	CVIndexCumul_4	CVIndexCumul_5	
            CVIndexCumul_6 CVIndexCumul_7	CVIndexCumul_8	CVIndexCumul_9	CVIndexCumul_10	

            BloodPres1stSys_1	BloodPres1stSys_2	BloodPres1stSys_3	BloodPres1stSys_4	
            BloodPres1stSys_5	BloodPres1stSys_6	BloodPres1stSys_7	BloodPres1stSys_8	
            BloodPres1stSys_9	BloodPres1stSys_10	

            BloodPres1stDia_1	BloodPres1stDia_2	BloodPres1stDia_3	BloodPres1stDia_4	
            BloodPres1stDia_5	BloodPres1stDia_6	BloodPres1stDia_7	BloodPres1stDia_8	
            BloodPres1stDia_9	BloodPres1stDia_10	

            Ht_1	Ht_2	Ht_3	Ht_4	Ht_5	Ht_6	Ht_7	Ht_8	Ht_9	Ht_10	

            Wt_1	Wt_2	Wt_3	Wt_4	Wt_5	Wt_6	Wt_7	Wt_8	Wt_9	Wt_10	

            BMI_1	BMI_2	BMI_3	BMI_4	BMI_5	BMI_6	BMI_7	BMI_8	BMI_9	BMI_10	

            Waist_1	Waist_2	Waist_3	Waist_4	Waist_5	Waist_6	Waist_7	Waist_8	Waist_9	Waist_10

            Hip_1	Hip_2	Hip_3	Hip_4	Hip_5	Hip_6	Hip_7	Hip_8	Hip_9	Hip_10	

            Velocity_1	Velocity_2	Velocity_3	Velocity_4	Velocity_5	Velocity_6	Velocity_7	
            Velocity_8	Velocity_9	Velocity_10	

            ChairRaiseTime_1	ChairRaiseTime_2	ChairRaiseTime_3	ChairRaiseTime_4	
            ChairRaiseTime_5	ChairRaiseTime_6	ChairRaiseTime_7	ChairRaiseTime_8	
            ChairRaiseTime_9	ChairRaiseTime_10	

            FlamingoStandTime_1	FlamingoStandTime_2	FlamingoStandTime_3	FlamingoStandTime_4	
            FlamingoStandTime_5	FlamingoStandTime_6	FlamingoStandTime_7	FlamingoStandTime_8	
            FlamingoStandTime_9	FlamingoStandTime_10	

            MaxEff_1	MaxEff_2	MaxEff_3	MaxEff_4	MaxEff_5	MaxEff_6	MaxEff_7	
            MaxEff_8	MaxEff_9	MaxEff_10	

            PeakFlowBestOf3_1	PeakFlowBestOf3_2	PeakFlowBestOf3_3	PeakFlowBestOf3_4	
            PeakFlowBestOf3_5	PeakFlowBestOf3_6	PeakFlowBestOf3_7	PeakFlowBestOf3_8	
            PeakFlowBestOf3_9	PeakFlowBestOf3_10	

            UPDRS15_1	UPDRS15_2	UPDRS15_3	UPDRS15_4	UPDRS15_5	UPDRS15_6	UPDRS15_7	
            UPDRS15_8	UPDRS15_9	UPDRS15_10	

            UPDRS27_1	UPDRS27_2	UPDRS27_3	UPDRS27_4	UPDRS27_5	UPDRS27_6	UPDRS27_7	
            UPDRS27_8	UPDRS27_9	UPDRS27_10	

            UPDRS28_1	UPDRS28_2	UPDRS28_3	UPDRS28_4	
            UPDRS28_5	UPDRS28_6	UPDRS28_7	UPDRS28_8	UPDRS28_9	UPDRS28_10	

            UPDRS29_1	UPDRS29_2	UPDRS29_3	UPDRS29_4	UPDRS29_5	UPDRS29_6	UPDRS29_7	
            UPDRS29_8	UPDRS29_9	UPDRS29_10	

            EMail_1	EMail_2	EMail_3	EMail_4	EMail_5	EMail_6	EMail_7	EMail_8	EMail_9	EMail_10

            Aerobic_1	Aerobic_2	Aerobic_3	Aerobic_4	Aerobic_5	Aerobic_6	Aerobic_7	
            Aerobic_8	Aerobic_9	Aerobic_10	

            HrsFor2WeekLight_1	HrsFor2WeekLight_2	HrsFor2WeekLight_3	HrsFor2WeekLight_4	
            HrsFor2WeekLight_5	HrsFor2WeekLight_6	HrsFor2WeekLight_7	HrsFor2WeekLight_8	
            HrsFor2WeekLight_9	HrsFor2WeekLight_10	

            HrsFor2WeekMedium_1	HrsFor2WeekMedium_2	HrsFor2WeekMedium_3	HrsFor2WeekMedium_4	
            HrsFor2WeekMedium_5	HrsFor2WeekMedium_6	HrsFor2WeekMedium_7	HrsFor2WeekMedium_8	
            HrsFor2WeekMedium_9	HrsFor2WeekMedium_10	

            HrsFor2WeekHeavy_1	HrsFor2WeekHeavy_2	HrsFor2WeekHeavy_3	HrsFor2WeekHeavy_4	
            HrsFor2WeekHeavy_5	HrsFor2WeekHeavy_6	HrsFor2WeekHeavy_7	HrsFor2WeekHeavy_8	
            HrsFor2WeekHeavy_9	HrsFor2WeekHeavy_10	

            DaysPerWeekLight_1	DaysPerWeekLight_2	DaysPerWeekLight_3	DaysPerWeekLight_4	
            DaysPerWeekLight_5	DaysPerWeekLight_6	DaysPerWeekLight_7	DaysPerWeekLight_8	
            DaysPerWeekLight_9	DaysPerWeekLight_10	

            DaysPerWeekMedium_1 DaysPerWeekMedium_2	DaysPerWeekMedium_3	DaysPerWeekMedium_4	
            DaysPerWeekMedium_5	
            DaysPerWeekMedium_6	DaysPerWeekMedium_7	DaysPerWeekMedium_8	DaysPerWeekMedium_9	
            DaysPerWeekMedium_10	

            DaysPerWeekHeavy_1	DaysPerWeekHeavy_2	DaysPerWeekHeavy_3	DaysPerWeekHeavy_4	
            DaysPerWeekHeavy_5	DaysPerWeekHeavy_6	DaysPerWeekHeavy_7	DaysPerWeekHeavy_8	
            DaysPerWeekHeavy_9	DaysPerWeekHeavy_10	

            CigsPerDay_1	CigsPerDay_2	CigsPerDay_3	
            CigsPerDay_4	CigsPerDay_5	CigsPerDay_6	CigsPerDay_7	CigsPerDay_8	
            CigsPerDay_9	CigsPerDay_10	

            SmokNow_1	SmokNow_2	SmokNow_3	SmokNow_4	
            SmokNow_5	SmokNow_6	SmokNow_7	SmokNow_8	SmokNow_9	SmokNow_10	

            SmokEver_1	SmokEver_2	SmokEver_3	SmokEver_4	SmokEver_5	SmokEver_6	SmokEver_7	
            SmokEver_8	SmokEver_9	SmokEver_10	

            SmokNumYrs_1	SmokNumYrs_2	SmokNumYrs_3	SmokNumYrs_4 SmokNumYrs_5	
            SmokNumYrs_6	SmokNumYrs_7	SmokNumYrs_8	SmokNumYrs_9 SmokNumYrs_10	

            DrinksPerMonth_1	DrinksPerMonth_2	DrinksPerMonth_3 DrinksPerMonth_4	
            DrinksPerMonth_5	DrinksPerMonth_6	DrinksPerMonth_7	DrinksPerMonth_8	
            DrinksPerMonth_9	DrinksPerMonth_10	

            Glucose_1	Glucose_2	Glucose_3	Glucose_4	Glucose_5	Glucose_6	Glucose_7	
            Glucose_8	Glucose_9	Glucose_10	

            chronicpi1	chronicpi2	chronicpi3	chronicpi4	chronicpi5	chronicpi6	chronicpi7	
            chronicpi8	chronicpi9	chronicpi10	

            Pdever
            CIsum CIindex;
          MISSING = ALL(-9999); !specification of missing observations coded in data file

                 USEVAR are  time1 time2 time3 time4 time5 time6 time7 time8 !time9 	
                             p1 p2 p3 p4 p5 p6 p7 p8 !p9
                           c1 c2 c3 c4 c5 c6 c7 c8 !c9
                           Bage educ height;
                 TSCORES =   time1 time2 time3 time4 time5 time6 time7 time8; !time9;

                USEOBSERVATIONS are DemEver EQ 0 and sex EQ 0;

          Define: p1=PeakFlowBestOf3_1;	p2=PeakFlowBestOf3_2;	p3=PeakFlowBestOf3_3;
          p4=PeakFlowBestOf3_4; p5=PeakFlowBestOf3_5;	p6=PeakFlowBestOf3_6;	
          p7=PeakFlowBestOf3_7; p8=PeakFlowBestOf3_8;	!p9=PeakFlowBestOf3_9;	

                 c1= TrB1_1;	c2= TrB1_2;	c3= TrB1_3;	c4= TrB1_4;	c5= TrB1_5;	
                            c6= TrB1_6;	c7= TrB1_7;	c8= TrB1_8;	!c9= TrB1_9;	

                 Bage=AgeAtWaveOne-70;   !Centered at Age 70
                  Bagesq=(AgeatWaveOne-70)**2;
                  Dage=deathage;
                  !female=sex;         !0=Male
                  Educ=Educyrs-7;     ! Centered at 7 years
                  SEP=DEMO23;
                  time1=wave_1;
                        time2=wave_2;
                        time3=wave_3;
                        time4=wave_4;
                        time5=wave_5;
                        time6=wave_6;
                        time7=wave_7;
                        time8=wave_8;
                        time9=wave_9;
                  !Marstat;
                  Height=Ht_1-172;
                  !Weight
                  !BMI
                  !SmokHist=SmokNow;
                  !Alcohol;
                  !CompExp;
                  !PhysAct;
                  !BP;
                  !DepSymp;
                  !Cardio;
                  !Diab;
                  !MorbInd;

                  AgeAtWave_1Educyrs=Bage*Educ;

          ANALYSIS: TYPE = RANDOM;
           ESTIMATOR=MLF;

           COVERAGE = .001;


          MODEL:
          ip sp | p1-p8 AT time1-time8;
          ic sc | c1 - c8 AT time1-time8;
  	    ip sp ic sp WITH ip sp ic sc;
          ip sp ic sc ON Bage educ height;
          c1-c8 (res_c);
          p1-p8 (res_p);
          p1-p8 pwith c1-c8(res_cov);

          ! ic sc qc| c1-c9 AT time1-time9;
           !ic sc qc ON Bage educ;
           !c1-c9 (res_c);

                 ! ip sp ic sc ON Bage;



        !ip sp ON Bage;

                !p1-p9 (res_p);


                 ! p1-p5 pwith c1-c5(res_cov);
                  !Paired covariances constrained to be equal across time

          OUTPUT: sampstat
          !sampstat Cinterval;



*** WARNING
  Input line exceeded 90 characters. Some input may be truncated.
            Grade_1	Grade_2	Grade_3	Grade_4	Grade_5	Grade_6	Grade_7	Grade_8	Grade_9	Grade_10	
*** WARNING
  Input line exceeded 90 characters. Some input may be truncated.
            aMCI1_1	aMCI1_2	aMCI1_3	aMCI1_4	aMCI1_5	aMCI1_6	aMCI1_7	aMCI1_8	aMCI1_9	aMCI1_10	
*** WARNING
  Input line exceeded 90 characters. Some input may be truncated.
            CVIndexArWave_6 CVIndexArWave_7	CVIndexArWave_8	CVIndexArWave_9	CVIndexArWave_10	
*** WARNING
  Input line exceeded 90 characters. Some input may be truncated.
            Waist_1	Waist_2	Waist_3	Waist_4	Waist_5	Waist_6	Waist_7	Waist_8	Waist_9	Waist_10	
*** WARNING
  Input line exceeded 90 characters. Some input may be truncated.
            EMail_1	EMail_2	EMail_3	EMail_4	EMail_5	EMail_6	EMail_7	EMail_8	EMail_9	EMail_10	
*** WARNING
  Data set contains cases with missing on x-variables.
  These cases were not included in the analysis.
  Number of cases with missing on x-variables:  312
   6 WARNING(S) FOUND IN THE INPUT INSTRUCTIONS



Cognitive Function (Trails B), pulmonary, LGM, Age educ Conditional, Male

SUMMARY OF ANALYSIS

Number of groups                                                 1
Number of observations                                          72

Number of dependent variables                                   16
Number of independent variables                                  3
Number of continuous latent variables                            4

Observed dependent variables

  Continuous
   P1          P2          P3          P4          P5          P6
   P7          P8          C1          C2          C3          C4
   C5          C6          C7          C8

Observed independent variables
   BAGE        EDUC        HEIGHT

Continuous latent variables
   IP          SP          IC          SC

Variables with special functions

  Time scores
   TIME1       TIME2       TIME3       TIME4       TIME5       TIME6
   TIME7       TIME8


Estimator                                                      MLF
Information matrix                                        OBSERVED
Maximum number of iterations                                   100
Convergence criterion                                    0.100D-05
Maximum number of EM iterations                                500
Convergence criteria for the EM algorithm
  Loglikelihood change                                   0.100D-02
  Relative loglikelihood change                          0.100D-05
  Derivative                                             0.100D-03
Minimum variance                                         0.100D-03
Maximum number of steepest descent iterations                   20
Maximum number of iterations for H1                           2000
Convergence criterion for H1                             0.100D-03
Optimization algorithm                                         EMA

Input data file(s)
  C:\Users\Andrea Zammit\Desktop\EASMaster.csv
Input data format  FREE


SUMMARY OF DATA

     Number of missing data patterns            28


COVARIANCE COVERAGE OF DATA

Minimum covariance coverage value   0.001


     PROPORTION OF DATA PRESENT


           Covariance Coverage
              P1            P2            P3            P4            P5
              ________      ________      ________      ________      ________
 P1             1.000
 P2             0.736         0.736
 P3             0.556         0.500         0.556
 P4             0.444         0.389         0.403         0.444
 P5             0.236         0.222         0.194         0.236         0.236
 P6             0.208         0.208         0.181         0.194         0.167
 P7             0.139         0.125         0.125         0.125         0.125
 P8             0.028         0.014         0.028         0.014         0.014
 C1             1.000         0.736         0.556         0.444         0.236
 C2             0.986         0.722         0.542         0.444         0.236
 C3             0.833         0.736         0.556         0.444         0.236
 C4             0.667         0.597         0.556         0.444         0.236
 C5             0.528         0.458         0.458         0.444         0.236
 C6             0.389         0.347         0.333         0.361         0.236
 C7             0.278         0.250         0.236         0.236         0.194
 C8             0.153         0.139         0.139         0.139         0.111
 BAGE           1.000         0.736         0.556         0.444         0.236
 EDUC           1.000         0.736         0.556         0.444         0.236
 HEIGHT         1.000         0.736         0.556         0.444         0.236


           Covariance Coverage
              P6            P7            P8            C1            C2
              ________      ________      ________      ________      ________
 P6             0.208
 P7             0.125         0.139
 P8             0.014         0.028         0.028
 C1             0.208         0.139         0.028         1.000
 C2             0.208         0.139         0.028         0.986         0.986
 C3             0.208         0.139         0.028         0.833         0.819
 C4             0.208         0.139         0.028         0.667         0.653
 C5             0.208         0.139         0.028         0.528         0.514
 C6             0.194         0.139         0.028         0.389         0.389
 C7             0.208         0.139         0.028         0.278         0.278
 C8             0.125         0.125         0.028         0.153         0.153
 BAGE           0.208         0.139         0.028         1.000         0.986
 EDUC           0.208         0.139         0.028         1.000         0.986
 HEIGHT         0.208         0.139         0.028         1.000         0.986


           Covariance Coverage
              C3            C4            C5            C6            C7
              ________      ________      ________      ________      ________
 C3             0.833
 C4             0.667         0.667
 C5             0.528         0.528         0.528
 C6             0.389         0.389         0.389         0.389
 C7             0.278         0.278         0.278         0.250         0.278
 C8             0.153         0.153         0.153         0.153         0.139
 BAGE           0.833         0.667         0.528         0.389         0.278
 EDUC           0.833         0.667         0.528         0.389         0.278
 HEIGHT         0.833         0.667         0.528         0.389         0.278


           Covariance Coverage
              C8            BAGE          EDUC          HEIGHT
              ________      ________      ________      ________
 C8             0.153
 BAGE           0.153         1.000
 EDUC           0.153         1.000         1.000
 HEIGHT         0.153         1.000         1.000         1.000


SAMPLE STATISTICS


     ESTIMATED SAMPLE STATISTICS


           Means
              P1            P2            P3            P4            P5
              ________      ________      ________      ________      ________
 1            394.861       385.387       362.238       307.347       293.441


           Means
              P6            P7            P8            C1            C2
              ________      ________      ________      ________      ________
 1            291.393       265.034       310.823       122.222       129.433


           Means
              C3            C4            C5            C6            C7
              ________      ________      ________      ________      ________
 1            123.696       131.700       128.251       136.479       132.360


           Means
              C8            BAGE          EDUC          HEIGHT
              ________      ________      ________      ________
 1            151.343         7.964         7.875         0.667


           Covariances
              P1            P2            P3            P4            P5
              ________      ________      ________      ________      ________
 P1         15177.758
 P2         10345.229     15964.045
 P3         11725.229     11025.095     24120.893
 P4         11722.259      9664.674     16269.616     15811.679
 P5          9925.490      6712.413     15891.712     13928.220     14757.533
 P6          8465.426      6678.000     15304.490     12116.318     13194.614
 P7          2517.056      2303.272      9659.090      5305.139      9438.369
 P8           209.057      -741.887      1582.420      1084.923      2841.782
 C1          -599.969       871.454       771.046      -565.472     -1137.500
 C2          -438.679       810.577      1516.804       572.944      -284.427
 C3          -953.475      -317.937      -258.439      -452.234      -769.001
 C4          -553.047      -812.423      -200.925     -1492.891     -1855.067
 C5          -843.309      -342.626       -64.844      -286.700     -2131.724
 C6          -364.815      1125.340      -522.389     -1514.156     -2649.310
 C7          1755.978      3207.788      3208.511      3885.340     -1035.928
 C8         -3063.170     -3569.029     -4237.132     -3204.400     -4914.917
 BAGE         -84.651      -266.459       -52.366        16.036       -47.730
 EDUC          92.830         1.378        89.984        79.021        87.672
 HEIGHT       190.787       168.640       298.081        97.012        91.146


           Covariances
              P6            P7            P8            C1            C2
              ________      ________      ________      ________      ________
 P6         14703.664
 P7         11915.912     15825.120
 P8          4264.569      6660.515      4160.692
 C1         -1653.818     -2703.488     -2558.354      2740.367
 C2           195.870     -1800.383     -2074.526      2274.524      3820.543
 C3          -825.616     -1042.435     -1685.559      1418.802      1560.296
 C4          -242.299     -1119.516     -1413.139      1660.987      2128.452
 C5          -776.546     -3335.539     -1753.653       950.490      2442.938
 C6         -1615.015     -2973.668     -2180.280      1563.088      1299.853
 C7          1264.090     -6762.588     -2980.268      1331.674      3953.304
 C8         -5332.292     -7638.733     -3429.396      1804.090      2012.840
 BAGE         -84.928      -166.130       -43.102        13.392        24.768
 EDUC         109.816       116.869        85.112       -61.472       -77.203
 HEIGHT       350.810       299.397       165.625       -15.468        14.219


           Covariances
              C3            C4            C5            C6            C7
              ________      ________      ________      ________      ________
 C3          2815.802
 C4          1651.521      4309.374
 C5          1522.459      2504.759      4373.470
 C6          1181.217      2451.231      1988.891      2871.345
 C7           576.263      1881.330      6194.548      3702.103     18657.156
 C8          1200.272       973.969      2726.700      1953.215      6613.206
 BAGE          49.845        71.762       123.541        25.106       145.401
 EDUC         -50.928       -41.733       -96.075       -20.775        46.919
 HEIGHT       -47.098       100.710       126.195        59.623       315.749


           Covariances
              C8            BAGE          EDUC          HEIGHT
              ________      ________      ________      ________
 C8          5818.150
 BAGE         108.678        26.558
 EDUC         -33.171         1.205        11.498
 HEIGHT       -42.775        -5.409         0.986        52.583


           Correlations
              P1            P2            P3            P4            P5
              ________      ________      ________      ________      ________
 P1             1.000
 P2             0.665         1.000
 P3             0.613         0.562         1.000
 P4             0.757         0.608         0.833         1.000
 P5             0.663         0.437         0.842         0.912         1.000
 P6             0.567         0.436         0.813         0.795         0.896
 P7             0.162         0.145         0.494         0.335         0.618
 P8             0.026        -0.091         0.158         0.134         0.363
 C1            -0.093         0.132         0.095        -0.086        -0.179
 C2            -0.058         0.104         0.158         0.074        -0.038
 C3            -0.146        -0.047        -0.031        -0.068        -0.119
 C4            -0.068        -0.098        -0.020        -0.181        -0.233
 C5            -0.104        -0.041        -0.006        -0.034        -0.265
 C6            -0.055         0.166        -0.063        -0.225        -0.407
 C7             0.104         0.186         0.151         0.226        -0.062
 C8            -0.326        -0.370        -0.358        -0.334        -0.530
 BAGE          -0.133        -0.409        -0.065         0.025        -0.076
 EDUC           0.222         0.003         0.171         0.185         0.213
 HEIGHT         0.214         0.184         0.265         0.106         0.103


           Correlations
              P6            P7            P8            C1            C2
              ________      ________      ________      ________      ________
 P6             1.000
 P7             0.781         1.000
 P8             0.545         0.821         1.000
 C1            -0.261        -0.411        -0.758         1.000
 C2             0.026        -0.232        -0.520         0.703         1.000
 C3            -0.128        -0.156        -0.492         0.511         0.476
 C4            -0.030        -0.136        -0.334         0.483         0.525
 C5            -0.097        -0.401        -0.411         0.275         0.598
 C6            -0.249        -0.441        -0.631         0.557         0.392
 C7             0.076        -0.394        -0.338         0.186         0.468
 C8            -0.577        -0.796        -0.697         0.452         0.427
 BAGE          -0.136        -0.256        -0.130         0.050         0.078
 EDUC           0.267         0.274         0.389        -0.346        -0.368
 HEIGHT         0.399         0.328         0.354        -0.041         0.032


           Correlations
              C3            C4            C5            C6            C7
              ________      ________      ________      ________      ________
 C3             1.000
 C4             0.474         1.000
 C5             0.434         0.577         1.000
 C6             0.415         0.697         0.561         1.000
 C7             0.080         0.210         0.686         0.506         1.000
 C8             0.297         0.195         0.541         0.478         0.635
 BAGE           0.182         0.212         0.362         0.091         0.207
 EDUC          -0.283        -0.187        -0.428        -0.114         0.101
 HEIGHT        -0.122         0.212         0.263         0.153         0.319


           Correlations
              C8            BAGE          EDUC          HEIGHT
              ________      ________      ________      ________
 C8             1.000
 BAGE           0.276         1.000
 EDUC          -0.128         0.069         1.000
 HEIGHT        -0.077        -0.145         0.040         1.000


     MAXIMUM LOG-LIKELIHOOD VALUE FOR THE UNRESTRICTED (H1) MODEL IS -3411.559


UNIVARIATE HIGHER-ORDER MOMENT DESCRIPTIVE STATISTICS


     UNIVARIATE HIGHER-ORDER MOMENT DESCRIPTIVE STATISTICS

         Variable/         Mean/     Skewness/   Minimum/ % with                Percentiles
        Sample Size      Variance    Kurtosis    Maximum  Min/Max      20%/60%    40%/80%    Median

     P1                  394.861       0.737     160.000    1.39%     300.000    360.000    400.000
              72.000   15177.758       1.254     850.000    1.39%     410.000    500.000
     P2                  388.340       0.739     160.000    1.89%     260.000    340.000    360.000
              53.000   16994.677       1.120     850.000    1.89%     410.000    500.000
     P3                  382.750       0.815     150.000    2.50%     230.000    320.000    385.000
              40.000   22284.938       0.883     860.000    2.50%     410.000    500.000
     P4                  336.875       0.338     150.000    3.12%     200.000    280.000    315.000
              32.000   13677.734      -0.901     600.000    3.12%     360.000    450.000
     P5                  313.765       0.195     150.000    5.88%     164.000    240.000    300.000
              17.000   13998.533      -1.299     530.000    5.88%     310.000    440.000
     P6                  299.600       0.364     120.000    6.67%     210.000    254.000    300.000
              15.000    8767.573       0.039     510.000    6.67%     300.000    350.000
     P7                  269.000       0.572     110.000   10.00%     200.000    220.000    260.000
              10.000    9269.000      -0.200     460.000   10.00%     260.000    280.000
     P8                  300.000       0.000     200.000   50.00%     200.000    200.000    300.000
               2.000   10000.000      -2.000     400.000   50.00%     200.000    400.000
     C1                  122.222       1.621      50.000    1.39%      81.000    102.000    112.500
              72.000    2740.367       3.133     300.000    2.78%     125.000    148.000
     C2                  128.744       1.282      47.000    1.41%      79.000    101.000    108.000
              71.000    3825.363       0.959     300.000    4.23%     124.000    175.000
     C3                  122.788       1.159      54.000    1.67%      84.000    100.000    118.500
              60.000    2675.593       0.985     277.000    1.67%     126.000    141.000
     C4                  132.500       1.449      57.000    2.08%      86.000    101.000    107.000
              48.000    3900.917       1.632     300.000    8.33%     127.000    164.000
     C5                  134.237       1.498      69.000    5.26%      90.000     96.000    118.500
              38.000    3613.444       1.814     300.000    5.26%     133.000    166.000
     C6                  134.821       0.660      68.000    3.57%      96.000    110.000    131.500
              28.000    2009.361      -0.129     243.000    3.57%     143.000    157.000
     C7                  159.000       0.854      68.000    5.00%     100.000    117.000    138.000
              20.000    5037.100      -0.598     300.000   10.00%     148.000    233.000
     C8                  151.545       0.393      70.000    9.09%      93.000    104.000    148.000
              11.000    3263.521      -0.981     249.000    9.09%     156.000    202.000
     BAGE                  7.964       0.220      -0.379    1.39%       2.605      6.211      7.394
              72.000      26.558      -1.147      18.821    1.39%       9.154     14.101
     EDUC                  7.875      -0.365      -1.000    2.78%       5.000      7.000      8.000
              72.000      11.498      -0.281      13.000   11.11%       9.000     11.000
     HEIGHT                0.667      -0.151     -21.000    1.39%      -6.000     -1.000      0.000
              72.000      52.583       0.043      18.000    1.39%       3.000      8.000


THE MODEL ESTIMATION TERMINATED NORMALLY



MODEL FIT INFORMATION

Number of Free Parameters                       29

Loglikelihood

          H0 Value                       -3278.915

Information Criteria

          Akaike (AIC)                    6615.831
          Bayesian (BIC)                  6681.854
          Sample-Size Adjusted BIC        6590.485
            (n* = (n + 2) / 24)



MODEL RESULTS

                                                    Two-Tailed
                    Estimate       S.E.  Est./S.E.    P-Value

 IP         ON
    BAGE              -4.867      5.247     -0.928      0.354
    EDUC               5.803      6.352      0.914      0.361
    HEIGHT             3.090      3.192      0.968      0.333

 SP         ON
    BAGE               0.428      2.019      0.212      0.832
    EDUC               0.397      1.973      0.201      0.841
    HEIGHT            -0.122      1.033     -0.118      0.906

 IC         ON
    BAGE               1.110      2.268      0.490      0.624
    EDUC              -6.497      3.319     -1.957      0.050
    HEIGHT            -0.657      1.386     -0.474      0.635

 SC         ON
    BAGE               0.187      0.574      0.325      0.745
    EDUC               0.304      0.822      0.371      0.711
    HEIGHT             0.424      0.325      1.304      0.192

 IP       WITH
    SP              -812.638   1069.786     -0.760      0.447
    IC               956.145   1282.996      0.745      0.456
    SC              -300.946    326.658     -0.921      0.357

 SP       WITH
    IC               -94.939    403.800     -0.235      0.814
    SC                11.700     68.110      0.172      0.864

 IC       WITH
    SC              -106.156    171.634     -0.619      0.536

 P1       WITH
    C1              -267.658    634.006     -0.422      0.673

 P2       WITH
    C2              -267.658    634.006     -0.422      0.673

 P3       WITH
    C3              -267.658    634.006     -0.422      0.673

 P4       WITH
    C4              -267.658    634.006     -0.422      0.673

 P5       WITH
    C5              -267.658    634.006     -0.422      0.673

 P6       WITH
    C6              -267.658    634.006     -0.422      0.673

 P7       WITH
    C7              -267.658    634.006     -0.422      0.673

 P8       WITH
    C8              -267.658    634.006     -0.422      0.673

 Intercepts
    P1                 0.000      0.000    999.000    999.000
    P2                 0.000      0.000    999.000    999.000
    P3                 0.000      0.000    999.000    999.000
    P4                 0.000      0.000    999.000    999.000
    P5                 0.000      0.000    999.000    999.000
    P6                 0.000      0.000    999.000    999.000
    P7                 0.000      0.000    999.000    999.000
    P8                 0.000      0.000    999.000    999.000
    C1                 0.000      0.000    999.000    999.000
    C2                 0.000      0.000    999.000    999.000
    C3                 0.000      0.000    999.000    999.000
    C4                 0.000      0.000    999.000    999.000
    C5                 0.000      0.000    999.000    999.000
    C6                 0.000      0.000    999.000    999.000
    C7                 0.000      0.000    999.000    999.000
    C8                 0.000      0.000    999.000    999.000
    IP               413.574     61.667      6.707      0.000
    SP               -29.158     30.956     -0.942      0.346
    IC               159.642     30.558      5.224      0.000
    SC                -0.019      9.186     -0.002      0.998

 Residual Variances
    P1              4309.086    496.844      8.673      0.000
    P2              4309.086    496.844      8.673      0.000
    P3              4309.086    496.844      8.673      0.000
    P4              4309.086    496.844      8.673      0.000
    P5              4309.086    496.844      8.673      0.000
    P6              4309.086    496.844      8.673      0.000
    P7              4309.086    496.844      8.673      0.000
    P8              4309.086    496.844      8.673      0.000
    C1              1652.596    158.728     10.412      0.000
    C2              1652.596    158.728     10.412      0.000
    C3              1652.596    158.728     10.412      0.000
    C4              1652.596    158.728     10.412      0.000
    C5              1652.596    158.728     10.412      0.000
    C6              1652.596    158.728     10.412      0.000
    C7              1652.596    158.728     10.412      0.000
    C8              1652.596    158.728     10.412      0.000
    IP             12393.749   4933.394      2.512      0.012
    SP               244.432    352.122      0.694      0.488
    IC              1632.325    733.599      2.225      0.026
    SC                34.686     29.946      1.158      0.247


QUALITY OF NUMERICAL RESULTS

     Condition Number for the Information Matrix              0.127E-04
       (ratio of smallest to largest eigenvalue)


DIAGRAM INFORMATION

  Use View Diagram under the Diagram menu in the Mplus Editor to view the diagram.
  If running Mplus from the Mplus Diagrammer, the diagram opens automatically.

  Diagram output
    c:\users\andrea zammit\documents\github\ialsa-2015-portland\studies\eas\output files\new models

     Beginning Time:  14:53:15
        Ending Time:  14:53:16
       Elapsed Time:  00:00:01



MUTHEN & MUTHEN
3463 Stoner Ave.
Los Angeles, CA  90066

Tel: (310) 391-9971
Fax: (310) 391-8971
Web: www.StatModel.com
Support: Support@StatModel.com

Copyright (c) 1998-2014 Muthen & Muthen
