Mplus VERSION 7.4 (Mac)
MUTHEN & MUTHEN
02/08/2017  10:52 PM

INPUT INSTRUCTIONS

  TITLE:
  Script produced from the prototype in ./sandbox/syntax-creator/
  DATA:
  File = wide-dataset.dat ;
  VARIABLE:
  NAMES are
   id male age_c70 edu_c7 htm_c smoke cardio diabetes dementia_ever
      dementia_baseline bnt_00 bnt_01 bnt_02 bnt_03 bnt_04 bnt_05 bnt_06 bnt_07
      bnt_08 bnt_09 bnt_10 bnt_11 bnt_12 bnt_13 bnt_14 bnt_15 bnt_16 bnt_17
      bnt_18 bostordel_00 bostordel_01 bostordel_02 bostordel_03 bostordel_04
      bostordel_05 bostordel_06 bostordel_07 bostordel_08 bostordel_09 bostordel_10
      bostordel_11 bostordel_12 bostordel_13 bostordel_14 bostordel_15 bostordel_16
      bostordel_17 bostordel_18 bostorim_00 bostorim_01 bostorim_02 bostorim_03
      bostorim_04 bostorim_05 bostorim_06 bostorim_07 bostorim_08 bostorim_09
      bostorim_10 bostorim_11 bostorim_12 bostorim_13 bostorim_14 bostorim_15
      bostorim_16 bostorim_17 bostorim_18 catfluency_00 catfluency_01 catfluency_02
      catfluency_03 catfluency_04 catfluency_05 catfluency_06 catfluency_07
      catfluency_08 catfluency_09 catfluency_10 catfluency_11 catfluency_12
      catfluency_13 catfluency_14 catfluency_15 catfluency_16 catfluency_17
      catfluency_18 complexideas_00 complexideas_01 complexideas_02 complexideas_03
      complexideas_04 complexideas_05 complexideas_06 complexideas_07 complexideas_08
      complexideas_09 complexideas_10 complexideas_11 complexideas_12 complexideas_13
      complexideas_14 complexideas_15 complexideas_16 complexideas_17 complexideas_18
      digitbackward_00 digitbackward_01 digitbackward_02 digitbackward_03
      digitbackward_04 digitbackward_05 digitbackward_06 digitbackward_07
      digitbackward_08 digitbackward_09 digitbackward_10 digitbackward_11
      digitbackward_12 digitbackward_13 digitbackward_14 digitbackward_15
      digitbackward_16 digitbackward_17 digitbackward_18 digitforward_00
      digitforward_01 digitforward_02 digitforward_03 digitforward_04 digitforward_05
      digitforward_06 digitforward_07 digitforward_08 digitforward_09 digitforward_10
      digitforward_11 digitforward_12 digitforward_13 digitforward_14 digitforward_15
      digitforward_16 digitforward_17 digitforward_18 digitorder_00 digitorder_01
      digitorder_02 digitorder_03 digitorder_04 digitorder_05 digitorder_06
      digitorder_07 digitorder_08 digitorder_09 digitorder_10 digitorder_11
      digitorder_12 digitorder_13 digitorder_14 digitorder_15 digitorder_16
      digitorder_17 digitorder_18 fev_00 fev_01 fev_02 fev_03 fev_04 fev_05 fev_06
      fev_07 fev_08 fev_09 fev_10 fev_11 fev_12 fev_13 fev_14 fev_15 fev_16 fev_17
      fev_18 fev100_00 fev100_01 fev100_02 fev100_03 fev100_04 fev100_05 fev100_06
      fev100_07 fev100_08 fev100_09 fev100_10 fev100_11 fev100_12 fev100_13 fev100_14
      fev100_15 fev100_16 fev100_17 fev100_18 gait_00 gait_01 gait_02 gait_03 gait_04
      gait_05 gait_06 gait_07 gait_08 gait_09 gait_10 gait_11 gait_12 gait_13 gait_14
      gait_15 gait_16 gait_17 gait_18 grip_00 grip_01 grip_02 grip_03 grip_04 grip_05
      grip_06 grip_07 grip_08 grip_09 grip_10 grip_11 grip_12 grip_13 grip_14 grip_15
      grip_16 grip_17 grip_18 lineorientation_00 lineorientation_01 lineorientation_02
      lineorientation_03 lineorientation_04 lineorientation_05 lineorientation_06
      lineorientation_07 lineorientation_08 lineorientation_09 lineorientation_10
      lineorientation_11 lineorientation_12 lineorientation_13 lineorientation_14
      lineorientation_15 lineorientation_16 lineorientation_17 lineorientation_18
      logimemdel_00 logimemdel_01 logimemdel_02 logimemdel_03 logimemdel_04
      logimemdel_05 logimemdel_06 logimemdel_07 logimemdel_08 logimemdel_09
      logimemdel_10 logimemdel_11 logimemdel_12 logimemdel_13 logimemdel_14
      logimemdel_15 logimemdel_16 logimemdel_17 logimemdel_18 logimemim_00
      logimemim_01 logimemim_02 logimemim_03 logimemim_04 logimemim_05 logimemim_06
      logimemim_07 logimemim_08 logimemim_09 logimemim_10 logimemim_11 logimemim_12
      logimemim_13 logimemim_14 logimemim_15 logimemim_16 logimemim_17 logimemim_18
      matrices_00 matrices_01 matrices_02 matrices_03 matrices_04 matrices_05
      matrices_06 matrices_07 matrices_08 matrices_09 matrices_10 matrices_11
      matrices_12 matrices_13 matrices_14 matrices_15 matrices_16 matrices_17
      matrices_18 mmse_00 mmse_01 mmse_02 mmse_03 mmse_04 mmse_05 mmse_06 mmse_07
      mmse_08 mmse_09 mmse_10 mmse_11 mmse_12 mmse_13 mmse_14 mmse_15 mmse_16 mmse_17
      mmse_18 nart_00 nart_01 nart_02 nart_03 nart_04 nart_05 nart_06 nart_07 nart_08
      nart_09 nart_10 nart_11 nart_12 nart_13 nart_14 nart_15 nart_16 nart_17 nart_18
      numbercomparison_00 numbercomparison_01 numbercomparison_02 numbercomparison_03
      numbercomparison_04 numbercomparison_05 numbercomparison_06 numbercomparison_07
      numbercomparison_08 numbercomparison_09 numbercomparison_10 numbercomparison_11
      numbercomparison_12 numbercomparison_13 numbercomparison_14 numbercomparison_15
      numbercomparison_16 numbercomparison_17 numbercomparison_18 symbol_00
      symbol_01 symbol_02 symbol_03 symbol_04 symbol_05 symbol_06 symbol_07 symbol_08
      symbol_09 symbol_10 symbol_11 symbol_12 symbol_13 symbol_14 symbol_15 symbol_16
      symbol_17 symbol_18 wordlistdel_00 wordlistdel_01 wordlistdel_02 wordlistdel_03
      wordlistdel_04 wordlistdel_05 wordlistdel_06 wordlistdel_07 wordlistdel_08
      wordlistdel_09 wordlistdel_10 wordlistdel_11 wordlistdel_12 wordlistdel_13
      wordlistdel_14 wordlistdel_15 wordlistdel_16 wordlistdel_17 wordlistdel_18
      wordlistim_00 wordlistim_01 wordlistim_02 wordlistim_03 wordlistim_04
      wordlistim_05 wordlistim_06 wordlistim_07 wordlistim_08 wordlistim_09
      wordlistim_10 wordlistim_11 wordlistim_12 wordlistim_13 wordlistim_14
      wordlistim_15 wordlistim_16 wordlistim_17 wordlistim_18 wordlistrecog_00
      wordlistrecog_01 wordlistrecog_02 wordlistrecog_03 wordlistrecog_04
      wordlistrecog_05 wordlistrecog_06 wordlistrecog_07 wordlistrecog_08
      wordlistrecog_09 wordlistrecog_10 wordlistrecog_11 wordlistrecog_12
      wordlistrecog_13 wordlistrecog_14 wordlistrecog_15 wordlistrecog_16
      wordlistrecog_17 wordlistrecog_18 years_since_bl_00 years_since_bl_01
      years_since_bl_02 years_since_bl_03 years_since_bl_04 years_since_bl_05
      years_since_bl_06 years_since_bl_07 years_since_bl_08 years_since_bl_09
      years_since_bl_10 years_since_bl_11 years_since_bl_12 years_since_bl_13
      years_since_bl_14 years_since_bl_15 years_since_bl_16 years_since_bl_17
      years_since_bl_18
  	;
  Missing are all (-9999);
  USEVARIABLES are
  	!define the variables used in the analysis
  	! covariates used in the model
  age_c70
  edu_c7	
  	!estimated time points
  time_00
  time_01
  time_02
  time_03
  time_04
  	!modelled time points of process (A)
  a_00
  a_01
  a_02
  a_03
  a_04
  	!modelled time points of process (B)
  b_00
  b_01
  b_02
  b_03
  b_04
  ;
  TSCORES are
  	!estimated time points
  time_00
  time_01
  time_02
  time_03
  time_04;
  USEOBSERVATIONS are
  	!select a subset of observations
  male EQ 1
  and
  dementia_baseline NE 1
  ;
  DEFINE:
  	! assign variables to the process (A)
  a_00=grip_00;
  a_01=grip_01;
  a_02=grip_02;
  a_03=grip_03;
  a_04=grip_04;
  	! assign variables to the process (B)
  b_00=wordlistim_00;
  b_01=wordlistim_01;
  b_02=wordlistim_02;
  b_03=wordlistim_03;
  b_04=wordlistim_04;
  	!assign variables to time points
  time_00=years_since_bl_00;
  time_01=years_since_bl_01;
  time_02=years_since_bl_02;
  time_03=years_since_bl_03;
  time_04=years_since_bl_04;
  	
  ANALYSIS:
  TYPE = RANDOM;
  COVERAGE=.00;
  MODEL:
  	!first-level equation
  	! assign process (A) to time points
  ia sa | a_00 AT time_00 ;
  ia sa | a_01 AT time_01 ;
  ia sa | a_02 AT time_02 ;
  ia sa | a_03 AT time_03 ;
  ia sa | a_04 AT time_04 ;
  	! assign process (B) to time points
  ib sb | b_00 AT time_00 ;
  ib sb | b_01 AT time_01 ;
  ib sb | b_02 AT time_02 ;
  ib sb | b_03 AT time_03 ;
  ib sb | b_04 AT time_04 ;
  	!variance of the first-level terms
  ia (v_ia);
  sa (v_sa);
  ib (v_ib);
  sb (v_sb);
  	!covariance among first-level terms
  ia WITH sa (c_iasa);
  ia WITH ib (c_iaib);
  ia WITH sb (c_iasb);
  sa WITH ib (c_saib);
  sa WITH sb (c_sasb);
  ib WITH sb (c_ibsb);
  	!second-level equation
  ia sa ib sb ON age_c70
  edu_c7;
  	!residual covariance of process (A)
  a_00 (res_a);
  a_01 (res_a);
  a_02 (res_a);
  a_03 (res_a);
  a_04 (res_a);	
  	!residual covariance of process (B)
  b_00 (res_b);
  b_01 (res_b);
  b_02 (res_b);
  b_03 (res_b);
  b_04 (res_b);	
  	!Paired covariances constrained to be equal across t
  a_00 pwith b_00 (res_cov);
  a_01 pwith b_01 (res_cov);
  a_02 pwith b_02 (res_cov);
  a_03 pwith b_03 (res_cov);
  a_04 pwith b_04 (res_cov);	
  MODEL CONSTRAINT:
  	!assigns labels to new parameters;
  NEW r_iaib;
  NEW r_sasb;
  NEW r_res_ab;
  	!compute confidence intervals for correlation coefficients;
  r_iaib = c_iaib/((v_ia**0.5)*(v_ib**0.5));
  r_sasb = c_sasb/((v_sa**0.5)*(v_sb**0.5));
  r_res_ab = res_cov/((res_a**0.5)*(res_b**0.5));
  SAVEDATA:
  FILE is   b1_male_ae_grip_wordlistim_fscores.dat;
  SAVE = FSCORES;
  RESULTS are   b1_male_ae_grip_wordlistim_results.dat;
  	
  OUTPUT: sampstat cinterval;
  PLOT: Type is Plot1 Plot2 Plot3;



INPUT READING TERMINATED NORMALLY




Script produced from the prototype in ./sandbox/syntax-creator/

SUMMARY OF ANALYSIS

Number of groups                                                 1
Number of observations                                         442

Number of dependent variables                                   10
Number of independent variables                                  2
Number of continuous latent variables                            4

Observed dependent variables

  Continuous
   A_00        A_01        A_02        A_03        A_04        B_00
   B_01        B_02        B_03        B_04

Observed independent variables
   AGE_C70     EDU_C7

Continuous latent variables
   IA          SA          IB          SB

Variables with special functions

  Time scores
   TIME_00     TIME_01     TIME_02     TIME_03     TIME_04


Estimator                                                      MLR
Information matrix                                        OBSERVED
Maximum number of iterations                                   100
Convergence criterion                                    0.100D-05
Maximum number of EM iterations                                500
Convergence criteria for the EM algorithm
  Loglikelihood change                                   0.100D-02
  Relative loglikelihood change                          0.100D-05
  Derivative                                             0.100D-03
Minimum variance                                         0.100D-03
Maximum number of steepest descent iterations                   20
Maximum number of iterations for H1                           2000
Convergence criterion for H1                             0.100D-03
Optimization algorithm                                         EMA

Input data file(s)
  wide-dataset.dat
Input data format  FREE


SUMMARY OF DATA

     Number of missing data patterns            67


COVARIANCE COVERAGE OF DATA

Minimum covariance coverage value   0.000


     PROPORTION OF DATA PRESENT


           Covariance Coverage
              A_00          A_01          A_02          A_03          A_04
              ________      ________      ________      ________      ________
 A_00           0.853
 A_01           0.622         0.631
 A_02           0.516         0.482         0.525
 A_03           0.410         0.371         0.373         0.502
 A_04           0.262         0.229         0.235         0.317         0.348
 B_00           0.851         0.629         0.525         0.502         0.348
 B_01           0.731         0.618         0.511         0.489         0.337
 B_02           0.645         0.568         0.520         0.489         0.339
 B_03           0.566         0.489         0.466         0.489         0.335
 B_04           0.480         0.416         0.400         0.443         0.342
 AGE_C70        0.853         0.631         0.525         0.502         0.348
 EDU_C7         0.853         0.631         0.525         0.502         0.348


           Covariance Coverage
              B_00          B_01          B_02          B_03          B_04
              ________      ________      ________      ________      ________
 B_00           0.998
 B_01           0.851         0.853
 B_02           0.753         0.729         0.753
 B_03           0.658         0.638         0.633         0.658
 B_04           0.568         0.548         0.548         0.545         0.568
 AGE_C70        0.998         0.853         0.753         0.658         0.568
 EDU_C7         0.998         0.853         0.753         0.658         0.568


           Covariance Coverage
              AGE_C70       EDU_C7
              ________      ________
 AGE_C70        1.000
 EDU_C7         1.000         1.000


SAMPLE STATISTICS


     ESTIMATED SAMPLE STATISTICS


           Means
              A_00          A_01          A_02          A_03          A_04
              ________      ________      ________      ________      ________
 1             67.792        66.124        64.204        62.615        59.338


           Means
              B_00          B_01          B_02          B_03          B_04
              ________      ________      ________      ________      ________
 1             15.765        16.262        15.988        16.265        16.004


           Means
              AGE_C70       EDU_C7
              ________      ________
 1             10.200         8.462


           Covariances
              A_00          A_01          A_02          A_03          A_04
              ________      ________      ________      ________      ________
 A_00         346.633
 A_01         313.122       344.543
 A_02         327.316       331.448       402.444
 A_03         302.716       315.697       355.574       375.244
 A_04         290.288       299.686       335.361       336.616       343.095
 B_00          18.034        18.092        23.115        20.483        21.563
 B_01          16.511        17.828        20.819        18.751        19.609
 B_02          22.156        23.870        29.787        25.978        29.315
 B_03          24.641        25.391        30.262        28.907        27.757
 B_04          19.807        19.385        23.951        25.272        28.123
 AGE_C70      -54.118       -57.149       -60.909       -60.758       -58.798
 EDU_C7         5.886         8.269         8.243         4.859         5.524


           Covariances
              B_00          B_01          B_02          B_03          B_04
              ________      ________      ________      ________      ________
 B_00          16.700
 B_01          11.020        16.744
 B_02          11.877        12.639        20.288
 B_03          13.184        13.815        15.594        24.080
 B_04          13.912        14.161        16.249        18.696        24.875
 AGE_C70       -8.136        -8.620        -8.719        -9.654        -9.420
 EDU_C7         3.542         3.116         3.685         4.625         2.893


           Covariances
              AGE_C70       EDU_C7
              ________      ________
 AGE_C70       49.151
 EDU_C7         0.815        12.973


           Correlations
              A_00          A_01          A_02          A_03          A_04
              ________      ________      ________      ________      ________
 A_00           1.000
 A_01           0.906         1.000
 A_02           0.876         0.890         1.000
 A_03           0.839         0.878         0.915         1.000
 A_04           0.842         0.872         0.903         0.938         1.000
 B_00           0.237         0.239         0.282         0.259         0.285
 B_01           0.217         0.235         0.254         0.237         0.259
 B_02           0.264         0.286         0.330         0.298         0.351
 B_03           0.270         0.279         0.307         0.304         0.305
 B_04           0.213         0.209         0.239         0.262         0.304
 AGE_C70       -0.415        -0.439        -0.433        -0.447        -0.453
 EDU_C7         0.088         0.124         0.114         0.070         0.083


           Correlations
              B_00          B_01          B_02          B_03          B_04
              ________      ________      ________      ________      ________
 B_00           1.000
 B_01           0.659         1.000
 B_02           0.645         0.686         1.000
 B_03           0.657         0.688         0.706         1.000
 B_04           0.683         0.694         0.723         0.764         1.000
 AGE_C70       -0.284        -0.300        -0.276        -0.281        -0.269
 EDU_C7         0.241         0.211         0.227         0.262         0.161


           Correlations
              AGE_C70       EDU_C7
              ________      ________
 AGE_C70        1.000
 EDU_C7         0.032         1.000


     MAXIMUM LOG-LIKELIHOOD VALUE FOR THE UNRESTRICTED (H1) MODEL IS -11715.000


UNIVARIATE SAMPLE STATISTICS


     UNIVARIATE HIGHER-ORDER MOMENT DESCRIPTIVE STATISTICS

         Variable/         Mean/     Skewness/   Minimum/ % with                Percentiles
        Sample Size      Variance    Kurtosis    Maximum  Min/Max      20%/60%    40%/80%    Median

     A_00                 67.609      -0.051       0.000    0.27%      52.500     63.250     67.000
             377.000     355.446       0.372     124.250    0.27%      73.000     83.250
     A_01                 67.050      -0.019      12.000    0.36%      52.500     62.750     67.250
             279.000     307.256       0.397     130.250    0.36%      72.500     80.250
     A_02                 66.263      -0.073       0.000    0.43%      50.000     62.250     67.375
             232.000     367.629       0.555     127.500    0.43%      72.500     79.750
     A_03                 64.162       0.040       0.000    0.45%      47.500     59.750     65.125
             222.000     349.989       0.512     125.000    0.45%      70.250     78.000
     A_04                 62.771       0.108      16.500    0.65%      47.000     59.000     62.375
             154.000     292.232      -0.150     111.500    0.65%      66.500     76.500
     B_00                 15.769      -0.039       4.000    0.45%      12.000     15.000     16.000
             441.000      16.713      -0.087      29.000    0.23%      17.000     19.000
     B_01                 16.371      -0.120       4.000    0.53%      13.000     15.000     16.000
             377.000      16.536       0.056      30.000    0.27%      18.000     20.000
     B_02                 16.267      -0.266       2.000    0.30%      13.000     15.000     16.000
             333.000      19.805       0.245      30.000    0.30%      17.000     20.000
     B_03                 16.622      -0.223       3.000    0.34%      13.000     16.000     17.000
             291.000      22.359      -0.167      30.000    0.34%      18.000     21.000
     B_04                 16.618      -0.438       0.000    0.40%      13.000     16.000     17.000
             251.000      21.678       0.440      28.000    0.40%      18.000     21.000
     AGE_C70              10.200      -0.508     -12.094    0.23%       4.661      9.083     11.092
             442.000      49.151       0.154      28.508    0.23%      12.628     16.026
     EDU_C7                8.462      -0.333      -7.000    0.23%       5.000      8.000      9.000
             442.000      12.973       1.741      21.000    0.45%       9.000     11.000


THE MODEL ESTIMATION TERMINATED NORMALLY



MODEL FIT INFORMATION

Number of Free Parameters                       25

Loglikelihood

          H0 Value                       -9070.221
          H0 Scaling Correction Factor      1.1731
            for MLR

Information Criteria

          Akaike (AIC)                   18190.441
          Bayesian (BIC)                 18292.724
          Sample-Size Adjusted BIC       18213.385
            (n* = (n + 2) / 24)



MODEL RESULTS

                                                    Two-Tailed
                    Estimate       S.E.  Est./S.E.    P-Value

 IA         ON
    AGE_C70           -1.119      0.123     -9.096      0.000
    EDU_C7             0.581      0.251      2.317      0.020

 SA         ON
    AGE_C70           -0.046      0.032     -1.438      0.150
    EDU_C7            -0.001      0.056     -0.015      0.988

 IB         ON
    AGE_C70           -0.171      0.023     -7.325      0.000
    EDU_C7             0.278      0.047      5.959      0.000

 SB         ON
    AGE_C70           -0.008      0.007     -1.043      0.297
    EDU_C7             0.005      0.014      0.380      0.704

 IA       WITH
    SA                -5.604      3.959     -1.416      0.157
    IB                 6.394      3.004      2.128      0.033
    SB                 0.778      0.896      0.869      0.385

 SA       WITH
    IB                 0.981      0.713      1.376      0.169
    SB                 0.129      0.186      0.690      0.490

 IB       WITH
    SB                 0.693      0.208      3.333      0.001

 A_00     WITH
    B_00               1.028      0.579      1.775      0.076

 A_01     WITH
    B_01               1.028      0.579      1.775      0.076

 A_02     WITH
    B_02               1.028      0.579      1.775      0.076

 A_03     WITH
    B_03               1.028      0.579      1.775      0.076

 A_04     WITH
    B_04               1.028      0.579      1.775      0.076

 Intercepts
    A_00               0.000      0.000    999.000    999.000
    A_01               0.000      0.000    999.000    999.000
    A_02               0.000      0.000    999.000    999.000
    A_03               0.000      0.000    999.000    999.000
    A_04               0.000      0.000    999.000    999.000
    B_00               0.000      0.000    999.000    999.000
    B_01               0.000      0.000    999.000    999.000
    B_02               0.000      0.000    999.000    999.000
    B_03               0.000      0.000    999.000    999.000
    B_04               0.000      0.000    999.000    999.000
    IA                74.484      2.722     27.364      0.000
    SA                -1.543      0.546     -2.824      0.005
    IB                15.324      0.504     30.396      0.000
    SB                 0.097      0.137      0.706      0.480

 Residual Variances
    A_00              31.679      2.372     13.352      0.000
    A_01              31.679      2.372     13.352      0.000
    A_02              31.679      2.372     13.352      0.000
    A_03              31.679      2.372     13.352      0.000
    A_04              31.679      2.372     13.352      0.000
    B_00               5.962      0.302     19.734      0.000
    B_01               5.962      0.302     19.734      0.000
    B_02               5.962      0.302     19.734      0.000
    B_03               5.962      0.302     19.734      0.000
    B_04               5.962      0.302     19.734      0.000
    IA               255.824     23.211     11.022      0.000
    SA                 4.351      1.348      3.228      0.001
    IB                 7.997      0.886      9.027      0.000
    SB                 0.193      0.072      2.677      0.007

New/Additional Parameters
    R_IAIB             0.141      0.064      2.194      0.028
    R_SASB             0.140      0.197      0.711      0.477
    R_RES_AB           0.075      0.042      1.796      0.073


QUALITY OF NUMERICAL RESULTS

     Condition Number for the Information Matrix              0.520E-04
       (ratio of smallest to largest eigenvalue)


CONFIDENCE INTERVALS OF MODEL RESULTS

                  Lower .5%  Lower 2.5%    Lower 5%    Estimate    Upper 5%  Upper 2.5%   Upper .5%

 IA       ON
    AGE_C70         -1.436      -1.360      -1.321      -1.119      -0.917      -0.878      -0.802
    EDU_C7          -0.065       0.089       0.168       0.581       0.993       1.072       1.226

 SA       ON
    AGE_C70         -0.128      -0.108      -0.098      -0.046       0.007       0.017       0.036
    EDU_C7          -0.144      -0.110      -0.092      -0.001       0.091       0.108       0.142

 IB       ON
    AGE_C70         -0.231      -0.217      -0.209      -0.171      -0.133      -0.125      -0.111
    EDU_C7           0.158       0.187       0.201       0.278       0.355       0.369       0.398

 SB       ON
    AGE_C70         -0.026      -0.022      -0.020      -0.008       0.004       0.007       0.011
    EDU_C7          -0.031      -0.022      -0.018       0.005       0.028       0.033       0.041

 IA       WITH
    SA             -15.802     -13.364     -12.117      -5.604       0.908       2.155       4.593
    IB              -1.344       0.506       1.452       6.394      11.336      12.283      14.133
    SB              -1.528      -0.977      -0.695       0.778       2.252       2.534       3.085

 SA       WITH
    IB              -0.855      -0.416      -0.191       0.981       2.153       2.378       2.816
    SB              -0.351      -0.237      -0.178       0.129       0.435       0.494       0.608

 IB       WITH
    SB               0.157       0.285       0.351       0.693       1.035       1.100       1.228

 A_00     WITH
    B_00            -0.464      -0.107       0.075       1.028       1.981       2.164       2.520

 A_01     WITH
    B_01            -0.464      -0.107       0.075       1.028       1.981       2.164       2.520

 A_02     WITH
    B_02            -0.464      -0.107       0.075       1.028       1.981       2.164       2.520

 A_03     WITH
    B_03            -0.464      -0.107       0.075       1.028       1.981       2.164       2.520

 A_04     WITH
    B_04            -0.464      -0.107       0.075       1.028       1.981       2.164       2.520

 Intercepts
    A_00             0.000       0.000       0.000       0.000       0.000       0.000       0.000
    A_01             0.000       0.000       0.000       0.000       0.000       0.000       0.000
    A_02             0.000       0.000       0.000       0.000       0.000       0.000       0.000
    A_03             0.000       0.000       0.000       0.000       0.000       0.000       0.000
    A_04             0.000       0.000       0.000       0.000       0.000       0.000       0.000
    B_00             0.000       0.000       0.000       0.000       0.000       0.000       0.000
    B_01             0.000       0.000       0.000       0.000       0.000       0.000       0.000
    B_02             0.000       0.000       0.000       0.000       0.000       0.000       0.000
    B_03             0.000       0.000       0.000       0.000       0.000       0.000       0.000
    B_04             0.000       0.000       0.000       0.000       0.000       0.000       0.000
    IA              67.473      69.149      70.006      74.484      78.962      79.819      81.495
    SA              -2.950      -2.614      -2.442      -1.543      -0.644      -0.472      -0.136
    IB              14.025      14.335      14.494      15.324      16.153      16.312      16.622
    SB              -0.256      -0.172      -0.129       0.097       0.322       0.365       0.449

 Residual Variances
    A_00            25.568      27.029      27.776      31.679      35.581      36.329      37.790
    A_01            25.568      27.029      27.776      31.679      35.581      36.329      37.790
    A_02            25.568      27.029      27.776      31.679      35.581      36.329      37.790
    A_03            25.568      27.029      27.776      31.679      35.581      36.329      37.790
    A_04            25.568      27.029      27.776      31.679      35.581      36.329      37.790
    B_00             5.183       5.370       5.465       5.962       6.459       6.554       6.740
    B_01             5.183       5.370       5.465       5.962       6.459       6.554       6.740
    B_02             5.183       5.370       5.465       5.962       6.459       6.554       6.740
    B_03             5.183       5.370       5.465       5.962       6.459       6.554       6.740
    B_04             5.183       5.370       5.465       5.962       6.459       6.554       6.740
    IA             196.037     210.331     217.642     255.824     294.007     301.318     315.612
    SA               0.879       1.709       2.134       4.351       6.569       6.993       7.824
    IB               5.715       6.260       6.540       7.997       9.454       9.733      10.279
    SB               0.007       0.052       0.074       0.193       0.312       0.335       0.379

New/Additional Parameters
    R_IAIB          -0.025       0.015       0.035       0.141       0.247       0.268       0.307
    R_SASB          -0.367      -0.246      -0.184       0.140       0.464       0.526       0.648
    R_RES_AB        -0.033      -0.007       0.006       0.075       0.143       0.156       0.182


SAMPLE STATISTICS FOR ESTIMATED FACTOR SCORES


     SAMPLE STATISTICS


           Means
              IA            IA_SE         SA            SA_SE         IB
              ________      ________      ________      ________      ________
 1             67.983         4.969        -2.016         1.737        15.931


           Means
              IB_SE         SB            SB_SE
              ________      ________      ________
 1              1.201         0.064         0.324


           Covariances
              IA            IA_SE         SA            SA_SE         IB
              ________      ________      ________      ________      ________
 IA           288.395
 IA_SE         -1.418         7.598
 SA             0.777         0.002         1.363
 SA_SE         -0.676         0.346         0.010         0.072
 IB            17.253        -0.134         1.229        -0.040         8.846
 IB_SE         -0.982         0.271        -0.010         0.043        -0.114
 SB             1.209         0.022         0.112         0.001         0.775
 SB_SE         -0.155         0.038        -0.002         0.007        -0.019


           Covariances
              IB_SE         SB            SB_SE
              ________      ________      ________
 IB_SE          0.072
 SB            -0.009         0.090
 SB_SE          0.009        -0.001         0.001


           Correlations
              IA            IA_SE         SA            SA_SE         IB
              ________      ________      ________      ________      ________
 IA             1.000
 IA_SE         -0.030         1.000
 SA             0.039         0.001         1.000
 SA_SE         -0.148         0.468         0.031         1.000
 IB             0.342        -0.016         0.354        -0.050         1.000
 IB_SE         -0.216         0.367        -0.031         0.606        -0.143
 SB             0.237         0.026         0.318         0.017         0.868
 SB_SE         -0.245         0.365        -0.047         0.675        -0.167


           Correlations
              IB_SE         SB            SB_SE
              ________      ________      ________
 IB_SE          1.000
 SB            -0.114         1.000
 SB_SE          0.939        -0.130         1.000


RESULTS SAVING INFORMATION

  Order of data

    Parameter estimates
     (saved in order shown in Technical 1 output)
    Standard errors
     (saved in order shown in Technical 1 output)
    H0 Loglikelihood
    H0 Scaling Correction Factor for MLR
    Number of Free Parameters
    Akaike (AIC)
    Bayesian (BIC)
    Sample-Size Adjusted BIC
    Condition Number

  Save file
    b1_male_ae_grip_wordlistim_results.dat

  Save file format           Free


PLOT INFORMATION

The following plots are available:

  Histograms (sample values, estimated factor scores)
  Scatterplots (sample values, estimated factor scores)
  Latent variable distribution plots

SAVEDATA INFORMATION


  Save file
    b1_male_ae_grip_wordlistim_fscores.dat

  Order and format of variables

    A_00           F10.3
    A_01           F10.3
    A_02           F10.3
    A_03           F10.3
    A_04           F10.3
    B_00           F10.3
    B_01           F10.3
    B_02           F10.3
    B_03           F10.3
    B_04           F10.3
    AGE_C70        F10.3
    EDU_C7         F10.3
    TIME_00        F10.3
    TIME_01        F10.3
    TIME_02        F10.3
    TIME_03        F10.3
    TIME_04        F10.3
    IA             F10.3
    IA_SE          F10.3
    SA             F10.3
    SA_SE          F10.3
    IB             F10.3
    IB_SE          F10.3
    SB             F10.3
    SB_SE          F10.3

  Save file format
    25F10.3

  Save file record length    10000


     Beginning Time:  22:52:19
        Ending Time:  22:52:22
       Elapsed Time:  00:00:03



MUTHEN & MUTHEN
3463 Stoner Ave.
Los Angeles, CA  90066

Tel: (310) 391-9971
Fax: (310) 391-8971
Web: www.StatModel.com
Support: Support@StatModel.com

Copyright (c) 1998-2015 Muthen & Muthen
