Mplus VERSION 7.4 (Mac)
MUTHEN & MUTHEN
02/08/2017  10:48 PM

INPUT INSTRUCTIONS

  TITLE:
  Script produced from the prototype in ./sandbox/syntax-creator/
  DATA:
  File = wide-dataset.dat ;
  VARIABLE:
  NAMES are
   id male age_c70 edu_c7 htm_c smoke cardio diabetes dementia_ever
      dementia_baseline bnt_00 bnt_01 bnt_02 bnt_03 bnt_04 bnt_05 bnt_06 bnt_07
      bnt_08 bnt_09 bnt_10 bnt_11 bnt_12 bnt_13 bnt_14 bnt_15 bnt_16 bnt_17
      bnt_18 bostordel_00 bostordel_01 bostordel_02 bostordel_03 bostordel_04
      bostordel_05 bostordel_06 bostordel_07 bostordel_08 bostordel_09 bostordel_10
      bostordel_11 bostordel_12 bostordel_13 bostordel_14 bostordel_15 bostordel_16
      bostordel_17 bostordel_18 bostorim_00 bostorim_01 bostorim_02 bostorim_03
      bostorim_04 bostorim_05 bostorim_06 bostorim_07 bostorim_08 bostorim_09
      bostorim_10 bostorim_11 bostorim_12 bostorim_13 bostorim_14 bostorim_15
      bostorim_16 bostorim_17 bostorim_18 catfluency_00 catfluency_01 catfluency_02
      catfluency_03 catfluency_04 catfluency_05 catfluency_06 catfluency_07
      catfluency_08 catfluency_09 catfluency_10 catfluency_11 catfluency_12
      catfluency_13 catfluency_14 catfluency_15 catfluency_16 catfluency_17
      catfluency_18 complexideas_00 complexideas_01 complexideas_02 complexideas_03
      complexideas_04 complexideas_05 complexideas_06 complexideas_07 complexideas_08
      complexideas_09 complexideas_10 complexideas_11 complexideas_12 complexideas_13
      complexideas_14 complexideas_15 complexideas_16 complexideas_17 complexideas_18
      digitbackward_00 digitbackward_01 digitbackward_02 digitbackward_03
      digitbackward_04 digitbackward_05 digitbackward_06 digitbackward_07
      digitbackward_08 digitbackward_09 digitbackward_10 digitbackward_11
      digitbackward_12 digitbackward_13 digitbackward_14 digitbackward_15
      digitbackward_16 digitbackward_17 digitbackward_18 digitforward_00
      digitforward_01 digitforward_02 digitforward_03 digitforward_04 digitforward_05
      digitforward_06 digitforward_07 digitforward_08 digitforward_09 digitforward_10
      digitforward_11 digitforward_12 digitforward_13 digitforward_14 digitforward_15
      digitforward_16 digitforward_17 digitforward_18 digitorder_00 digitorder_01
      digitorder_02 digitorder_03 digitorder_04 digitorder_05 digitorder_06
      digitorder_07 digitorder_08 digitorder_09 digitorder_10 digitorder_11
      digitorder_12 digitorder_13 digitorder_14 digitorder_15 digitorder_16
      digitorder_17 digitorder_18 fev_00 fev_01 fev_02 fev_03 fev_04 fev_05 fev_06
      fev_07 fev_08 fev_09 fev_10 fev_11 fev_12 fev_13 fev_14 fev_15 fev_16 fev_17
      fev_18 fev100_00 fev100_01 fev100_02 fev100_03 fev100_04 fev100_05 fev100_06
      fev100_07 fev100_08 fev100_09 fev100_10 fev100_11 fev100_12 fev100_13 fev100_14
      fev100_15 fev100_16 fev100_17 fev100_18 gait_00 gait_01 gait_02 gait_03 gait_04
      gait_05 gait_06 gait_07 gait_08 gait_09 gait_10 gait_11 gait_12 gait_13 gait_14
      gait_15 gait_16 gait_17 gait_18 grip_00 grip_01 grip_02 grip_03 grip_04 grip_05
      grip_06 grip_07 grip_08 grip_09 grip_10 grip_11 grip_12 grip_13 grip_14 grip_15
      grip_16 grip_17 grip_18 lineorientation_00 lineorientation_01 lineorientation_02
      lineorientation_03 lineorientation_04 lineorientation_05 lineorientation_06
      lineorientation_07 lineorientation_08 lineorientation_09 lineorientation_10
      lineorientation_11 lineorientation_12 lineorientation_13 lineorientation_14
      lineorientation_15 lineorientation_16 lineorientation_17 lineorientation_18
      logimemdel_00 logimemdel_01 logimemdel_02 logimemdel_03 logimemdel_04
      logimemdel_05 logimemdel_06 logimemdel_07 logimemdel_08 logimemdel_09
      logimemdel_10 logimemdel_11 logimemdel_12 logimemdel_13 logimemdel_14
      logimemdel_15 logimemdel_16 logimemdel_17 logimemdel_18 logimemim_00
      logimemim_01 logimemim_02 logimemim_03 logimemim_04 logimemim_05 logimemim_06
      logimemim_07 logimemim_08 logimemim_09 logimemim_10 logimemim_11 logimemim_12
      logimemim_13 logimemim_14 logimemim_15 logimemim_16 logimemim_17 logimemim_18
      matrices_00 matrices_01 matrices_02 matrices_03 matrices_04 matrices_05
      matrices_06 matrices_07 matrices_08 matrices_09 matrices_10 matrices_11
      matrices_12 matrices_13 matrices_14 matrices_15 matrices_16 matrices_17
      matrices_18 mmse_00 mmse_01 mmse_02 mmse_03 mmse_04 mmse_05 mmse_06 mmse_07
      mmse_08 mmse_09 mmse_10 mmse_11 mmse_12 mmse_13 mmse_14 mmse_15 mmse_16 mmse_17
      mmse_18 nart_00 nart_01 nart_02 nart_03 nart_04 nart_05 nart_06 nart_07 nart_08
      nart_09 nart_10 nart_11 nart_12 nart_13 nart_14 nart_15 nart_16 nart_17 nart_18
      numbercomparison_00 numbercomparison_01 numbercomparison_02 numbercomparison_03
      numbercomparison_04 numbercomparison_05 numbercomparison_06 numbercomparison_07
      numbercomparison_08 numbercomparison_09 numbercomparison_10 numbercomparison_11
      numbercomparison_12 numbercomparison_13 numbercomparison_14 numbercomparison_15
      numbercomparison_16 numbercomparison_17 numbercomparison_18 symbol_00
      symbol_01 symbol_02 symbol_03 symbol_04 symbol_05 symbol_06 symbol_07 symbol_08
      symbol_09 symbol_10 symbol_11 symbol_12 symbol_13 symbol_14 symbol_15 symbol_16
      symbol_17 symbol_18 wordlistdel_00 wordlistdel_01 wordlistdel_02 wordlistdel_03
      wordlistdel_04 wordlistdel_05 wordlistdel_06 wordlistdel_07 wordlistdel_08
      wordlistdel_09 wordlistdel_10 wordlistdel_11 wordlistdel_12 wordlistdel_13
      wordlistdel_14 wordlistdel_15 wordlistdel_16 wordlistdel_17 wordlistdel_18
      wordlistim_00 wordlistim_01 wordlistim_02 wordlistim_03 wordlistim_04
      wordlistim_05 wordlistim_06 wordlistim_07 wordlistim_08 wordlistim_09
      wordlistim_10 wordlistim_11 wordlistim_12 wordlistim_13 wordlistim_14
      wordlistim_15 wordlistim_16 wordlistim_17 wordlistim_18 wordlistrecog_00
      wordlistrecog_01 wordlistrecog_02 wordlistrecog_03 wordlistrecog_04
      wordlistrecog_05 wordlistrecog_06 wordlistrecog_07 wordlistrecog_08
      wordlistrecog_09 wordlistrecog_10 wordlistrecog_11 wordlistrecog_12
      wordlistrecog_13 wordlistrecog_14 wordlistrecog_15 wordlistrecog_16
      wordlistrecog_17 wordlistrecog_18 years_since_bl_00 years_since_bl_01
      years_since_bl_02 years_since_bl_03 years_since_bl_04 years_since_bl_05
      years_since_bl_06 years_since_bl_07 years_since_bl_08 years_since_bl_09
      years_since_bl_10 years_since_bl_11 years_since_bl_12 years_since_bl_13
      years_since_bl_14 years_since_bl_15 years_since_bl_16 years_since_bl_17
      years_since_bl_18
  	;
  Missing are all (-9999);
  USEVARIABLES are
  	!define the variables used in the analysis
  	! covariates used in the model
  age_c70
  edu_c7
  htm_c	
  	!estimated time points
  time_00
  time_01
  time_02
  time_03
  time_04
  	!modelled time points of process (A)
  a_00
  a_01
  a_02
  a_03
  a_04
  	!modelled time points of process (B)
  b_00
  b_01
  b_02
  b_03
  b_04
  ;
  TSCORES are
  	!estimated time points
  time_00
  time_01
  time_02
  time_03
  time_04;
  USEOBSERVATIONS are
  	!select a subset of observations
  male EQ 1
  and
  dementia_baseline NE 1
  ;
  DEFINE:
  	! assign variables to the process (A)
  a_00=grip_00;
  a_01=grip_01;
  a_02=grip_02;
  a_03=grip_03;
  a_04=grip_04;
  	! assign variables to the process (B)
  b_00=logimemim_00;
  b_01=logimemim_01;
  b_02=logimemim_02;
  b_03=logimemim_03;
  b_04=logimemim_04;
  	!assign variables to time points
  time_00=years_since_bl_00;
  time_01=years_since_bl_01;
  time_02=years_since_bl_02;
  time_03=years_since_bl_03;
  time_04=years_since_bl_04;
  	
  ANALYSIS:
  TYPE = RANDOM;
  COVERAGE=.00;
  MODEL:
  	!first-level equation
  	! assign process (A) to time points
  ia sa | a_00 AT time_00 ;
  ia sa | a_01 AT time_01 ;
  ia sa | a_02 AT time_02 ;
  ia sa | a_03 AT time_03 ;
  ia sa | a_04 AT time_04 ;
  	! assign process (B) to time points
  ib sb | b_00 AT time_00 ;
  ib sb | b_01 AT time_01 ;
  ib sb | b_02 AT time_02 ;
  ib sb | b_03 AT time_03 ;
  ib sb | b_04 AT time_04 ;
  	!variance of the first-level terms
  ia (v_ia);
  sa (v_sa);
  ib (v_ib);
  sb (v_sb);
  	!covariance among first-level terms
  ia WITH sa (c_iasa);
  ia WITH ib (c_iaib);
  ia WITH sb (c_iasb);
  sa WITH ib (c_saib);
  sa WITH sb (c_sasb);
  ib WITH sb (c_ibsb);
  	!second-level equation
  ia sa ib sb ON age_c70
  edu_c7
  htm_c;
  	!residual covariance of process (A)
  a_00 (res_a);
  a_01 (res_a);
  a_02 (res_a);
  a_03 (res_a);
  a_04 (res_a);	
  	!residual covariance of process (B)
  b_00 (res_b);
  b_01 (res_b);
  b_02 (res_b);
  b_03 (res_b);
  b_04 (res_b);	
  	!Paired covariances constrained to be equal across t
  a_00 pwith b_00 (res_cov);
  a_01 pwith b_01 (res_cov);
  a_02 pwith b_02 (res_cov);
  a_03 pwith b_03 (res_cov);
  a_04 pwith b_04 (res_cov);	
  MODEL CONSTRAINT:
  	!assigns labels to new parameters;
  NEW r_iaib;
  NEW r_sasb;
  NEW r_res_ab;
  	!compute confidence intervals for correlation coefficients;
  r_iaib = c_iaib/((v_ia**0.5)*(v_ib**0.5));
  r_sasb = c_sasb/((v_sa**0.5)*(v_sb**0.5));
  r_res_ab = res_cov/((res_a**0.5)*(res_b**0.5));
  SAVEDATA:
  FILE is   b1_male_aeh_grip_logimemim_fscores.dat;
  SAVE = FSCORES;
  RESULTS are   b1_male_aeh_grip_logimemim_results.dat;
  	
  OUTPUT: sampstat cinterval;
  PLOT: Type is Plot1 Plot2 Plot3;



*** WARNING
  Data set contains cases with missing on x-variables.
  These cases were not included in the analysis.
  Number of cases with missing on x-variables:  6
   1 WARNING(S) FOUND IN THE INPUT INSTRUCTIONS




Script produced from the prototype in ./sandbox/syntax-creator/

SUMMARY OF ANALYSIS

Number of groups                                                 1
Number of observations                                         436

Number of dependent variables                                   10
Number of independent variables                                  3
Number of continuous latent variables                            4

Observed dependent variables

  Continuous
   A_00        A_01        A_02        A_03        A_04        B_00
   B_01        B_02        B_03        B_04

Observed independent variables
   AGE_C70     EDU_C7      HTM_C

Continuous latent variables
   IA          SA          IB          SB

Variables with special functions

  Time scores
   TIME_00     TIME_01     TIME_02     TIME_03     TIME_04


Estimator                                                      MLR
Information matrix                                        OBSERVED
Maximum number of iterations                                   100
Convergence criterion                                    0.100D-05
Maximum number of EM iterations                                500
Convergence criteria for the EM algorithm
  Loglikelihood change                                   0.100D-02
  Relative loglikelihood change                          0.100D-05
  Derivative                                             0.100D-03
Minimum variance                                         0.100D-03
Maximum number of steepest descent iterations                   20
Maximum number of iterations for H1                           2000
Convergence criterion for H1                             0.100D-03
Optimization algorithm                                         EMA

Input data file(s)
  wide-dataset.dat
Input data format  FREE


SUMMARY OF DATA

     Number of missing data patterns            62


COVARIANCE COVERAGE OF DATA

Minimum covariance coverage value   0.000


     PROPORTION OF DATA PRESENT


           Covariance Coverage
              A_00          A_01          A_02          A_03          A_04
              ________      ________      ________      ________      ________
 A_00           0.851
 A_01           0.626         0.635
 A_02           0.521         0.486         0.530
 A_03           0.415         0.376         0.378         0.509
 A_04           0.266         0.232         0.239         0.321         0.353
 B_00           0.851         0.635         0.530         0.509         0.353
 B_01           0.748         0.631         0.523         0.500         0.344
 B_02           0.651         0.573         0.525         0.495         0.344
 B_03           0.578         0.500         0.477         0.500         0.342
 B_04           0.486         0.422         0.406         0.447         0.344
 AGE_C70        0.851         0.635         0.530         0.509         0.353
 EDU_C7         0.851         0.635         0.530         0.509         0.353
 HTM_C          0.851         0.635         0.530         0.509         0.353


           Covariance Coverage
              B_00          B_01          B_02          B_03          B_04
              ________      ________      ________      ________      ________
 B_00           1.000
 B_01           0.872         0.872
 B_02           0.764         0.748         0.764
 B_03           0.670         0.656         0.644         0.670
 B_04           0.573         0.557         0.553         0.555         0.573
 AGE_C70        1.000         0.872         0.764         0.670         0.573
 EDU_C7         1.000         0.872         0.764         0.670         0.573
 HTM_C          1.000         0.872         0.764         0.670         0.573


           Covariance Coverage
              AGE_C70       EDU_C7        HTM_C
              ________      ________      ________
 AGE_C70        1.000
 EDU_C7         1.000         1.000
 HTM_C          1.000         1.000         1.000


SAMPLE STATISTICS


     ESTIMATED SAMPLE STATISTICS


           Means
              A_00          A_01          A_02          A_03          A_04
              ________      ________      ________      ________      ________
 1             68.050        66.320        64.440        62.715        59.640


           Means
              B_00          B_01          B_02          B_03          B_04
              ________      ________      ________      ________      ________
 1             10.067        10.269        10.324        10.210         9.907


           Means
              AGE_C70       EDU_C7        HTM_C
              ________      ________      ________
 1             10.171         8.486         0.016


           Covariances
              A_00          A_01          A_02          A_03          A_04
              ________      ________      ________      ________      ________
 A_00         347.257
 A_01         314.446       346.467
 A_02         328.533       333.778       404.679
 A_03         304.771       317.785       357.958       376.709
 A_04         288.560       299.412       334.913       335.865       340.772
 B_00           5.867         6.613         8.328         4.713         7.646
 B_01          12.006        14.018        17.608        14.808        15.302
 B_02          13.452        12.586        17.285        12.552        13.073
 B_03          22.432        21.587        23.808        19.296        19.547
 B_04          22.878        21.196        26.222        21.515        23.019
 AGE_C70      -54.676       -58.068       -62.440       -61.345       -59.205
 EDU_C7         5.143         7.777         7.497         4.821         4.774
 HTM_C          0.490         0.518         0.536         0.447         0.404


           Covariances
              B_00          B_01          B_02          B_03          B_04
              ________      ________      ________      ________      ________
 B_00          18.356
 B_01          12.347        19.147
 B_02          11.779        12.554        19.562
 B_03          13.259        14.500        15.739        24.178
 B_04          13.502        15.247        15.596        19.044        25.373
 AGE_C70       -6.932        -8.514        -7.019       -10.385        -9.877
 EDU_C7         3.339         3.622         2.639         3.300         3.432
 HTM_C          0.041         0.040         0.029         0.039         0.048


           Covariances
              AGE_C70       EDU_C7        HTM_C
              ________      ________      ________
 AGE_C70       49.582
 EDU_C7         0.951        12.901
 HTM_C         -0.060         0.069         0.006


           Correlations
              A_00          A_01          A_02          A_03          A_04
              ________      ________      ________      ________      ________
 A_00           1.000
 A_01           0.907         1.000
 A_02           0.876         0.891         1.000
 A_03           0.843         0.880         0.917         1.000
 A_04           0.839         0.871         0.902         0.937         1.000
 B_00           0.073         0.083         0.097         0.057         0.097
 B_01           0.147         0.172         0.200         0.174         0.189
 B_02           0.163         0.153         0.194         0.146         0.160
 B_03           0.245         0.236         0.241         0.202         0.215
 B_04           0.244         0.226         0.259         0.220         0.248
 AGE_C70       -0.417        -0.443        -0.441        -0.449        -0.455
 EDU_C7         0.077         0.116         0.104         0.069         0.072
 HTM_C          0.353         0.373         0.357         0.309         0.293


           Correlations
              B_00          B_01          B_02          B_03          B_04
              ________      ________      ________      ________      ________
 B_00           1.000
 B_01           0.659         1.000
 B_02           0.622         0.649         1.000
 B_03           0.629         0.674         0.724         1.000
 B_04           0.626         0.692         0.700         0.769         1.000
 AGE_C70       -0.230        -0.276        -0.225        -0.300        -0.278
 EDU_C7         0.217         0.230         0.166         0.187         0.190
 HTM_C          0.128         0.123         0.089         0.106         0.127


           Correlations
              AGE_C70       EDU_C7        HTM_C
              ________      ________      ________
 AGE_C70        1.000
 EDU_C7         0.038         1.000
 HTM_C         -0.114         0.259         1.000


     MAXIMUM LOG-LIKELIHOOD VALUE FOR THE UNRESTRICTED (H1) MODEL IS -11155.642


UNIVARIATE SAMPLE STATISTICS


     UNIVARIATE HIGHER-ORDER MOMENT DESCRIPTIVE STATISTICS

         Variable/         Mean/     Skewness/   Minimum/ % with                Percentiles
        Sample Size      Variance    Kurtosis    Maximum  Min/Max      20%/60%    40%/80%    Median

     A_00                 67.835      -0.058       0.000    0.27%      52.750     63.250     67.250
             371.000     354.745       0.386     124.250    0.27%      73.250     83.250
     A_01                 67.118      -0.024      12.000    0.36%      52.500     62.750     67.250
             277.000     307.767       0.402     130.250    0.36%      73.000     80.250
     A_02                 66.301      -0.079       0.000    0.43%      50.000     62.250     67.500
             231.000     368.887       0.546     127.500    0.43%      72.500     79.750
     A_03                 64.162       0.040       0.000    0.45%      47.500     59.750     65.125
             222.000     349.989       0.512     125.000    0.45%      70.250     78.000
     A_04                 62.771       0.108      16.500    0.65%      47.000     59.000     62.375
             154.000     292.232      -0.150     111.500    0.65%      66.500     76.500
     B_00                 10.067      -0.142       0.000    0.69%       6.000      9.000     11.000
             436.000      18.356      -0.346      22.000    0.23%      12.000     14.000
     B_01                 10.334      -0.220       0.000    1.84%       6.000      9.000     11.000
             380.000      19.238      -0.510      21.000    0.26%      12.000     14.000
     B_02                 10.529      -0.338       0.000    1.80%       7.000     10.000     11.000
             333.000      19.877      -0.389      23.000    0.30%      12.000     15.000
     B_03                 10.517      -0.286       0.000    1.71%       6.000     10.000     11.000
             292.000      23.777      -0.677      22.000    0.34%      12.000     15.000
     B_04                 10.532      -0.282       0.000    3.20%       6.000     10.000     11.000
             250.000      23.969      -0.541      21.000    0.80%      12.000     15.000
     AGE_C70              10.171      -0.498     -12.094    0.23%       4.637      9.050     11.002
             436.000      49.582       0.132      28.508    0.23%      12.628     16.026
     EDU_C7                8.486      -0.338      -7.000    0.23%       5.000      8.000      9.000
             436.000      12.901       1.813      21.000    0.46%       9.000     11.000
     HTM_C                 0.016      -0.488      -0.298    0.23%      -0.044      0.007      0.026
             436.000       0.006       0.623       0.185    0.92%       0.033      0.083


THE MODEL ESTIMATION TERMINATED NORMALLY



MODEL FIT INFORMATION

Number of Free Parameters                       29

Loglikelihood

          H0 Value                       -9076.398
          H0 Scaling Correction Factor      1.1315
            for MLR

Information Criteria

          Akaike (AIC)                   18210.796
          Bayesian (BIC)                 18329.048
          Sample-Size Adjusted BIC       18237.017
            (n* = (n + 2) / 24)



MODEL RESULTS

                                                    Two-Tailed
                    Estimate       S.E.  Est./S.E.    P-Value

 IA         ON
    AGE_C70           -1.016      0.116     -8.775      0.000
    EDU_C7             0.129      0.231      0.558      0.577
    HTM_C             77.745     10.533      7.381      0.000

 SA         ON
    AGE_C70           -0.052      0.032     -1.631      0.103
    EDU_C7             0.013      0.059      0.226      0.821
    HTM_C             -2.447      2.472     -0.990      0.322

 IB         ON
    AGE_C70           -0.146      0.027     -5.412      0.000
    EDU_C7             0.257      0.055      4.686      0.000
    HTM_C              2.227      2.662      0.837      0.403

 SB         ON
    AGE_C70           -0.014      0.008     -1.825      0.068
    EDU_C7            -0.001      0.016     -0.043      0.966
    HTM_C             -0.132      0.797     -0.165      0.869

 IA       WITH
    SA                -4.643      3.615     -1.284      0.199
    IB                -3.857      3.313     -1.164      0.244
    SB                 3.519      0.872      4.036      0.000

 SA       WITH
    IB                 0.565      0.644      0.878      0.380
    SB                -0.292      0.175     -1.673      0.094

 IB       WITH
    SB                 0.311      0.193      1.613      0.107

 A_00     WITH
    B_00               0.710      0.620      1.145      0.252

 A_01     WITH
    B_01               0.710      0.620      1.145      0.252

 A_02     WITH
    B_02               0.710      0.620      1.145      0.252

 A_03     WITH
    B_03               0.710      0.620      1.145      0.252

 A_04     WITH
    B_04               0.710      0.620      1.145      0.252

 Intercepts
    A_00               0.000      0.000    999.000    999.000
    A_01               0.000      0.000    999.000    999.000
    A_02               0.000      0.000    999.000    999.000
    A_03               0.000      0.000    999.000    999.000
    A_04               0.000      0.000    999.000    999.000
    B_00               0.000      0.000    999.000    999.000
    B_01               0.000      0.000    999.000    999.000
    B_02               0.000      0.000    999.000    999.000
    B_03               0.000      0.000    999.000    999.000
    B_04               0.000      0.000    999.000    999.000
    IA                76.226      2.414     31.572      0.000
    SA                -1.592      0.542     -2.937      0.003
    IB                 9.464      0.586     16.153      0.000
    SB                 0.124      0.154      0.808      0.419

 Residual Variances
    A_00              31.601      2.369     13.340      0.000
    A_01              31.601      2.369     13.340      0.000
    A_02              31.601      2.369     13.340      0.000
    A_03              31.601      2.369     13.340      0.000
    A_04              31.601      2.369     13.340      0.000
    B_00               6.279      0.307     20.464      0.000
    B_01               6.279      0.307     20.464      0.000
    B_02               6.279      0.307     20.464      0.000
    B_03               6.279      0.307     20.464      0.000
    B_04               6.279      0.307     20.464      0.000
    IA               224.381     21.105     10.631      0.000
    SA                 4.417      1.390      3.177      0.001
    IB                 9.734      0.896     10.859      0.000
    SB                 0.289      0.097      2.967      0.003

New/Additional Parameters
    R_IAIB            -0.083      0.071     -1.167      0.243
    R_SASB            -0.258      0.159     -1.621      0.105
    R_RES_AB           0.050      0.044      1.150      0.250


QUALITY OF NUMERICAL RESULTS

     Condition Number for the Information Matrix              0.228E-05
       (ratio of smallest to largest eigenvalue)


CONFIDENCE INTERVALS OF MODEL RESULTS

                  Lower .5%  Lower 2.5%    Lower 5%    Estimate    Upper 5%  Upper 2.5%   Upper .5%

 IA       ON
    AGE_C70         -1.314      -1.243      -1.207      -1.016      -0.826      -0.789      -0.718
    EDU_C7          -0.466      -0.324      -0.251       0.129       0.509       0.582       0.724
    HTM_C           50.614      57.100      60.418      77.745      95.071      98.389     104.875

 SA       ON
    AGE_C70         -0.133      -0.114      -0.104      -0.052       0.000       0.010       0.030
    EDU_C7          -0.139      -0.103      -0.084       0.013       0.111       0.130       0.166
    HTM_C           -8.814      -7.292      -6.513      -2.447       1.620       2.399       3.921

 IB       ON
    AGE_C70         -0.215      -0.199      -0.190      -0.146      -0.101      -0.093      -0.076
    EDU_C7           0.116       0.149       0.167       0.257       0.347       0.364       0.398
    HTM_C           -4.628      -2.989      -2.151       2.227       6.605       7.444       9.083

 SB       ON
    AGE_C70         -0.033      -0.028      -0.026      -0.014      -0.001       0.001       0.006
    EDU_C7          -0.041      -0.031      -0.026      -0.001       0.025       0.030       0.040
    HTM_C           -2.186      -1.695      -1.443      -0.132       1.180       1.431       1.922

 IA       WITH
    SA             -13.954     -11.728     -10.589      -4.643       1.304       2.443       4.669
    IB             -12.390     -10.350      -9.307      -3.857       1.593       2.637       4.677
    SB               1.273       1.810       2.085       3.519       4.953       5.228       5.764

 SA       WITH
    IB              -1.093      -0.697      -0.494       0.565       1.625       1.827       2.224
    SB              -0.742      -0.634      -0.579      -0.292      -0.005       0.050       0.158

 IB       WITH
    SB              -0.186      -0.067      -0.006       0.311       0.628       0.688       0.807

 A_00     WITH
    B_00            -0.887      -0.505      -0.310       0.710       1.730       1.926       2.308

 A_01     WITH
    B_01            -0.887      -0.505      -0.310       0.710       1.730       1.926       2.308

 A_02     WITH
    B_02            -0.887      -0.505      -0.310       0.710       1.730       1.926       2.308

 A_03     WITH
    B_03            -0.887      -0.505      -0.310       0.710       1.730       1.926       2.308

 A_04     WITH
    B_04            -0.887      -0.505      -0.310       0.710       1.730       1.926       2.308

 Intercepts
    A_00             0.000       0.000       0.000       0.000       0.000       0.000       0.000
    A_01             0.000       0.000       0.000       0.000       0.000       0.000       0.000
    A_02             0.000       0.000       0.000       0.000       0.000       0.000       0.000
    A_03             0.000       0.000       0.000       0.000       0.000       0.000       0.000
    A_04             0.000       0.000       0.000       0.000       0.000       0.000       0.000
    B_00             0.000       0.000       0.000       0.000       0.000       0.000       0.000
    B_01             0.000       0.000       0.000       0.000       0.000       0.000       0.000
    B_02             0.000       0.000       0.000       0.000       0.000       0.000       0.000
    B_03             0.000       0.000       0.000       0.000       0.000       0.000       0.000
    B_04             0.000       0.000       0.000       0.000       0.000       0.000       0.000
    IA              70.007      71.494      72.254      76.226      80.197      80.958      82.445
    SA              -2.988      -2.655      -2.484      -1.592      -0.700      -0.530      -0.196
    IB               7.955       8.316       8.500       9.464      10.428      10.612      10.973
    SB              -0.272      -0.177      -0.129       0.124       0.378       0.426       0.521

 Residual Variances
    A_00            25.499      26.958      27.704      31.601      35.497      36.244      37.702
    A_01            25.499      26.958      27.704      31.601      35.497      36.244      37.702
    A_02            25.499      26.958      27.704      31.601      35.497      36.244      37.702
    A_03            25.499      26.958      27.704      31.601      35.497      36.244      37.702
    A_04            25.499      26.958      27.704      31.601      35.497      36.244      37.702
    B_00             5.489       5.678       5.774       6.279       6.784       6.881       7.070
    B_01             5.489       5.678       5.774       6.279       6.784       6.881       7.070
    B_02             5.489       5.678       5.774       6.279       6.784       6.881       7.070
    B_03             5.489       5.678       5.774       6.279       6.784       6.881       7.070
    B_04             5.489       5.678       5.774       6.279       6.784       6.881       7.070
    IA             170.017     183.014     189.662     224.381     259.099     265.747     278.744
    SA               0.836       1.692       2.130       4.417       6.704       7.142       7.998
    IB               7.425       7.977       8.259       9.734      11.208      11.491      12.043
    SB               0.038       0.098       0.129       0.289       0.450       0.480       0.540

New/Additional Parameters
    R_IAIB          -0.265      -0.221      -0.199      -0.083       0.034       0.056       0.100
    R_SASB          -0.669      -0.571      -0.521      -0.258       0.004       0.054       0.152
    R_RES_AB        -0.062      -0.035      -0.022       0.050       0.123       0.136       0.163


SAMPLE STATISTICS FOR ESTIMATED FACTOR SCORES


     SAMPLE STATISTICS


           Means
              IA            IA_SE         SA            SA_SE         IB
              ________      ________      ________      ________      ________
 1             68.250         4.870        -2.044         1.744        10.198


           Means
              IB_SE         SB            SB_SE
              ________      ________      ________
 1              1.339        -0.023         0.413


           Covariances
              IA            IA_SE         SA            SA_SE         IB
              ________      ________      ________      ________      ________
 IA           289.694
 IA_SE         -1.083         6.627
 SA             0.777        -0.012         1.441
 SA_SE         -0.682         0.335         0.003         0.080
 IB             7.413        -0.139         0.596        -0.074         9.865
 IB_SE         -0.737         0.241        -0.004         0.041        -0.061
 SB             3.646         0.000        -0.074        -0.007         0.543
 SB_SE         -0.157         0.068        -0.002         0.010        -0.016


           Covariances
              IB_SE         SB            SB_SE
              ________      ________      ________
 IB_SE          0.056
 SB            -0.011         0.126
 SB_SE          0.009        -0.002         0.002


           Correlations
              IA            IA_SE         SA            SA_SE         IB
              ________      ________      ________      ________      ________
 IA             1.000
 IA_SE         -0.025         1.000
 SA             0.038        -0.004         1.000
 SA_SE         -0.142         0.459         0.009         1.000
 IB             0.139        -0.017         0.158        -0.084         1.000
 IB_SE         -0.183         0.396        -0.014         0.613        -0.082
 SB             0.604         0.000        -0.175        -0.072         0.488
 SB_SE         -0.206         0.588        -0.040         0.759        -0.116


           Correlations
              IB_SE         SB            SB_SE
              ________      ________      ________
 IB_SE          1.000
 SB            -0.127         1.000
 SB_SE          0.829        -0.146         1.000


RESULTS SAVING INFORMATION

  Order of data

    Parameter estimates
     (saved in order shown in Technical 1 output)
    Standard errors
     (saved in order shown in Technical 1 output)
    H0 Loglikelihood
    H0 Scaling Correction Factor for MLR
    Number of Free Parameters
    Akaike (AIC)
    Bayesian (BIC)
    Sample-Size Adjusted BIC
    Condition Number

  Save file
    b1_male_aeh_grip_logimemim_results.dat

  Save file format           Free


PLOT INFORMATION

The following plots are available:

  Histograms (sample values, estimated factor scores)
  Scatterplots (sample values, estimated factor scores)
  Latent variable distribution plots

SAVEDATA INFORMATION


  Save file
    b1_male_aeh_grip_logimemim_fscores.dat

  Order and format of variables

    A_00           F10.3
    A_01           F10.3
    A_02           F10.3
    A_03           F10.3
    A_04           F10.3
    B_00           F10.3
    B_01           F10.3
    B_02           F10.3
    B_03           F10.3
    B_04           F10.3
    AGE_C70        F10.3
    EDU_C7         F10.3
    HTM_C          F10.3
    TIME_00        F10.3
    TIME_01        F10.3
    TIME_02        F10.3
    TIME_03        F10.3
    TIME_04        F10.3
    IA             F10.3
    IA_SE          F10.3
    SA             F10.3
    SA_SE          F10.3
    IB             F10.3
    IB_SE          F10.3
    SB             F10.3
    SB_SE          F10.3

  Save file format
    26F10.3

  Save file record length    10000


     Beginning Time:  22:48:24
        Ending Time:  22:48:27
       Elapsed Time:  00:00:03



MUTHEN & MUTHEN
3463 Stoner Ave.
Los Angeles, CA  90066

Tel: (310) 391-9971
Fax: (310) 391-8971
Web: www.StatModel.com
Support: Support@StatModel.com

Copyright (c) 1998-2015 Muthen & Muthen
