Mplus VERSION 7.11
MUTHEN & MUTHEN
02/24/2015   9:58 AM
INPUT INSTRUCTIONS
  TITLE: M5 Timed Up and Go, Knowledge, Age Conditional, Male
  DATA:  File = unshared\ilse 23.02.dat;
  VARIABLE: Names are
     T1SD18 ID SEX t1dss t1bd t1hgl t1hgr t1fs t1fsb t1age
     center t1beer t1wine t1k t1pc t1vf t1sa
      t1spf t2dss t2bd t2hgl t2hgr t2fs t2fsb t2beer t2wine
      t2k t2pc t2vf t2sa t2spf t3dss t3bd t3k t3pc
      t3vf t3sa t3spf t2age t3age T1TUG t1height t1weight
      T2TUG t2height t2weight T3TUG t3hgl t3hgr
      t3height t3weight time1 time2r time3r time3 time2
      BMI1 BMI2 BMI3 no_sec Haupts Reals Secondary
      specials others;
         MISSING are ALL(-9999);
         USEVAR are  time1 time2 time3
                     p1 p2 p3
                     c1 c2 c3
                     Bage;
         TSCORES =   time1 time2 time3;
         USEOBSERVATIONS are sex EQ 0;
  Define: p1=T1TUG; p2=T2TUG; p3=T3TUG;
          c1=t1k; c2=t2k; c3=t3k;
          Bage=t1age-70;
          Bagesq=(t1age-70)**2;
  ANALYSIS: TYPE = RANDOM;
  Estimator = MLF;
  MODEL:  ip sp | p1-p3 AT time1-time3;
          ic sc | c1-c3 AT time1-time3;
          ip sp ic sc ON Bage;
          p1-p3 (res_p);
          c1-c3 (res_c);
          p1-p3 pwith c1-c3(res_cov);
          !Paired covariances constrained to be equal across time
  OUTPUT: sampstat Cinterval;
*** WARNING
  Data set contains cases with missing on x-variables.
  These cases were not included in the analysis.
  Number of cases with missing on x-variables:  7
   1 WARNING(S) FOUND IN THE INPUT INSTRUCTIONS
M5 Timed Up and Go, Knowledge, Age Conditional, Male
SUMMARY OF ANALYSIS
Number of groups                                                 1
Number of observations                                         279
Number of dependent variables                                    6
Number of independent variables                                  1
Number of continuous latent variables                            4
Observed dependent variables
  Continuous
   P1          P2          P3          C1          C2          C3
Observed independent variables
   BAGE
Continuous latent variables
   IP          SP          IC          SC
Variables with special functions
  Time scores
   TIME1       TIME2       TIME3
Estimator                                                      MLF
Information matrix                                        OBSERVED
Maximum number of iterations                                   100
Convergence criterion                                    0.100D-05
Maximum number of EM iterations                                500
Convergence criteria for the EM algorithm
  Loglikelihood change                                   0.100D-02
  Relative loglikelihood change                          0.100D-05
  Derivative                                             0.100D-03
Minimum variance                                         0.100D-03
Maximum number of steepest descent iterations                   20
Maximum number of iterations for H1                           2000
Convergence criterion for H1                             0.100D-03
Optimization algorithm                                         EMA
Input data file(s)
  unshared\ilse 23.02.dat
Input data format  FREE
SUMMARY OF DATA
     Number of missing data patterns            12
COVARIANCE COVERAGE OF DATA
Minimum covariance coverage value   0.100
     PROPORTION OF DATA PRESENT
           Covariance Coverage
              P1            P2            P3            C1            C2
              ________      ________      ________      ________      ________
 P1             0.437
 P2             0.387         0.853
 P3             0.194         0.405         0.412
 C1             0.437         0.853         0.412         1.000
 C2             0.398         0.853         0.412         0.896         0.896
 C3             0.244         0.541         0.405         0.548         0.548
 BAGE           0.437         0.853         0.412         1.000         0.896
           Covariance Coverage
              C3            BAGE
              ________      ________
 C3             0.548
 BAGE           0.548         1.000
SAMPLE STATISTICS
     ESTIMATED SAMPLE STATISTICS
           Means
              P1            P2            P3            C1            C2
              ________      ________      ________      ________      ________
 1              6.779         6.615         8.333        17.337        17.491
           Means
              C3            BAGE
              ________      ________
 1             17.003        -7.043
           Covariances
              P1            P2            P3            C1            C2
              ________      ________      ________      ________      ________
 P1           117.007
 P2           100.751       115.728
 P3            58.601        49.706        31.288
 C1            -4.730        -5.071        -3.017        17.076
 C2            -3.343        -4.494        -1.905        14.247        17.295
 C3           -19.645       -18.924       -10.207        14.680        14.854
 BAGE           1.139         1.044         0.426        -0.400        -0.325
           Covariances
              C3            BAGE
              ________      ________
 C3            20.231
 BAGE          -0.471         0.837
           Correlations
              P1            P2            P3            C1            C2
              ________      ________      ________      ________      ________
 P1             1.000
 P2             0.866         1.000
 P3             0.969         0.826         1.000
 C1            -0.106        -0.114        -0.131         1.000
 C2            -0.074        -0.100        -0.082         0.829         1.000
 C3            -0.404        -0.391        -0.406         0.790         0.794
 BAGE           0.115         0.106         0.083        -0.106        -0.085
           Correlations
              C3            BAGE
              ________      ________
 C3             1.000
 BAGE          -0.114         1.000
     MAXIMUM LOG-LIKELIHOOD VALUE FOR THE UNRESTRICTED (H1) MODEL IS -3592.697
THE MODEL ESTIMATION TERMINATED NORMALLY
MODEL FIT INFORMATION
Number of Free Parameters                       21
Loglikelihood
          H0 Value                       -3285.567
Information Criteria
          Akaike (AIC)                    6613.134
          Bayesian (BIC)                  6689.389
          Sample-Size Adjusted BIC        6622.800
            (n* = (n + 2) / 24)
MODEL RESULTS
                                                    Two-Tailed
                    Estimate       S.E.  Est./S.E.    P-Value
 IP         ON
    BAGE               1.282      3.309      0.387      0.699
 SP         ON
    BAGE              -0.018      0.157     -0.116      0.908
 IC         ON
    BAGE              -0.465      0.366     -1.271      0.204
 SC         ON
    BAGE               0.009      0.029      0.296      0.768
 SP       WITH
    IP                -0.098      1.604     -0.061      0.951
 IC       WITH
    IP                -4.375     19.144     -0.229      0.819
    SP                 0.014      0.651      0.021      0.983
 SC       WITH
    IP                 0.007      1.613      0.004      0.997
    SP                 0.000      0.034      0.000      1.000
    IC                 0.000      0.105     -0.002      0.999
 P1       WITH
    C1                -0.370      1.373     -0.269      0.788
 P2       WITH
    C2                -0.370      1.373     -0.269      0.788
 P3       WITH
    C3                -0.370      1.373     -0.269      0.788
 Intercepts
    P1                 0.000      0.000    999.000    999.000
    P2                 0.000      0.000    999.000    999.000
    P3                 0.000      0.000    999.000    999.000
    C1                 0.000      0.000    999.000    999.000
    C2                 0.000      0.000    999.000    999.000
    C3                 0.000      0.000    999.000    999.000
    IP                14.867     23.374      0.636      0.525
    SP                 0.113      1.170      0.097      0.923
    IC                14.143      2.624      5.391      0.000
    SC                 0.040      0.218      0.184      0.854
 Residual Variances
    P1                12.919      0.421     30.680      0.000
    P2                12.919      0.421     30.680      0.000
    P3                12.919      0.421     30.680      0.000
    C1                 2.993      0.228     13.107      0.000
    C2                 2.993      0.228     13.107      0.000
    C3                 2.993      0.228     13.107      0.000
    IP                85.166     20.571      4.140      0.000
    SP                 0.000      0.013      0.014      0.989
    IC                14.091      2.161      6.521      0.000
    SC                 0.000      0.007      0.011      0.991
QUALITY OF NUMERICAL RESULTS
     Condition Number for the Information Matrix              0.142E-07
       (ratio of smallest to largest eigenvalue)
