Mplus VERSION 5.1
MUTHEN & MUTHEN
02/24/2015   5:24 PM

INPUT INSTRUCTIONS

    TITLE: Chair stand, 3ms, Age conditional, Female
    DATA: FILE IS e:\IALSA\monday_dot_time.dat;
    FORMAT IS FREE;
    VARIABLE: NAMES ARE sujetno
  sex
  age
  age_t2
  age_t3
  age_t4
  scolart1
  revfamt1
  reveokt1
  scodmst1
  scotmst1
  taimest1
  poimest1
  imct1
  walkf4m1
  tugt1
  leve1xt1
  leve5xt1
  tlev5xt1
  unipont1
  unipodt1
  march1t1
  march2t1
  marrapt1
  maxvd0t1
  maxvg0t1
  maxbd0t1
  maxbg0t1
  maxqd0t1
  maxqg0t1
  paset1
  exclut1
  pcst1
  mcst1
  reveokt2
  scodmst2
  scotmst2
  poimest2
  taimest2
  imct2
  tugt2
  walkf4m2
  leve1xt2
  leve5xt2
  tlev5xt2
  unipont2
  unipodt2
  march1t2
  march2t2
  marrapt2
  maxbd0t2
  maxbg0t2
  maxqd0t2
  maxqg0t2
  maxvd0t2
  maxvg0t2
  paset2
  pcst2
  mcst2
  revacct3
  revfamt3
  reveokt3
  scodmst3
  scotmst3
  poimest3
  imct3
  tugt3
  walkf4m3
  leve1xt3
  leve5xt3
  tlev5xt3
  unipont3
  unipodt3
  march1t3
  march2t3
  marrapt3
  maxbd0t3
  maxbg0t3
  maxqd0t3
  maxqg0t3
  maxvd0t3
  maxvg0t3
  paset3
  pcst3
  mcst3
  revacct4
  revfamt4
  reveokt4
  scodmst4
  scotmst4
  tugt4
  walkf4m4
  leve1xt4
  leve5xt4
  tlev5xt4
  unipont4
  unipodt4
  march1t4
  march2t4
  marrapt4
  maxbd0t4
  maxbg0t4
  maxqd0t4
  maxqg0t4
  maxvd0t4
  maxvg0t4
  paset4
  pcst4
  mcst4
  gdst1
  gdst2
  gdst3
  gdst4
  walkn4m1
  walkn4m2
  walkn4m3
  walkn4m4
  marital1
  marital2
  marital3
  marital4
  seslow
  packyears
  smokert1
  chronic1
  chronic2
  chronic3
  chronic4
  hypertt1
  hypertt2
  hypertt3
  hypertt4
  diabet1
  diabet2
  diabet3
  diabet4
  heartat1
  heartat2
  heartat3
  heartat4
  dead
  alcohot1
  alcohot2
  alcohot3
  alcohot4
  smokert2
  smokert3
  smokert4
  daydeath
  monthdeath
  yeardeath
  time1
  time2
  time3
  time4
  ;
  MISSING are ALL (-9999);

         USEVAR are  time1 time2 time3 time4
                     p1 p2 p3 p4
                     c1 c2 c3 c4
                     Bage;

         TSCORES =   time1 time2 time3 time4;


  USEOBSERVATIONS are sex EQ 0; !female=0

  Define: p1=tlev5xt1; p2=tlev5xt2; p3=tlev5xt3; p4=tlev5xt4;
          c1=scotmst1; c2=scotmst2; c3=scotmst3; c4=scotmst4;
          Bage=age-70;   !Centered at Age 70
          !Bagesq=(age)**2;
          !Dage=YTDead;
          !Sex=sex;         !0=Male
          Educ=scolart1-7;     ! Centered at 7 years
         ! SEP=seslow;
          !Marstat;
          Height=taimest1-1.60; ! Centered at 1.60 meters for women
          !Weight
          !BMI
          SmokHist=Smokert1;
          !Alcohol;
          !CompExp;
          !PhysAct;
          BP=hypertt1;
          !DepSymp;
          Cardio=heartat1;
          Diab=diabet1;
          !MorbInd;

          !BageSex=Bage*Sex;
          !BageEduc=Bage*Educ;
          !SexEduc=Sex*Educ;

  ANALYSIS: TYPE = RANDOM;

  MODEL:  ip sp | p1-p4 AT time1-time4;
          ic sc | c1-c4 AT time1-time4;

          ip sp ic sc ON Bage;

          p1-p4 (res_p);
          c1-c4 (res_c);

          p1-p4 pwith c1-c4(res_cov); !Paired covariances constrained to be equal


  OUTPUT: sampstat Cinterval;



*** WARNING
  Variable name contains more than 8 characters.
  Only the first 8 characters will be printed in the output.
  Variable: PACKYEARS
*** WARNING
  Variable name contains more than 8 characters.
  Only the first 8 characters will be printed in the output.
  Variable: MONTHDEATH
*** WARNING
  Variable name contains more than 8 characters.
  Only the first 8 characters will be printed in the output.
  Variable: YEARDEATH
*** WARNING
  Data set contains cases with missing on all variables except
  x-variables.  These cases were not included in the analysis.
  Number of cases with missing on all variables except x-variables:  1
   4 WARNING(S) FOUND IN THE INPUT INSTRUCTIONS



Chair stand, 3ms, Age conditional, Female

SUMMARY OF ANALYSIS

Number of groups                                                 1
Number of observations                                         939

Number of dependent variables                                    8
Number of independent variables                                  1
Number of continuous latent variables                            4

Observed dependent variables

  Continuous
   P1          P2          P3          P4          C1          C2
   C3          C4

Observed independent variables
   BAGE

Continuous latent variables
   IP          SP          IC          SC

Variables with special functions

  Time scores
   TIME1       TIME2       TIME3       TIME4


Estimator                                                      MLR
Information matrix                                        OBSERVED
Maximum number of iterations                                   100
Convergence criterion                                    0.100D-05
Maximum number of EM iterations                                500
Convergence criteria for the EM algorithm
  Loglikelihood change                                   0.100D-02
  Relative loglikelihood change                          0.100D-05
  Derivative                                             0.100D-03
Minimum variance                                         0.100D-03
Maximum number of steepest descent iterations                   20
Maximum number of iterations for H1                           2000
Convergence criterion for H1                             0.100D-03
Optimization algorithm                                         EMA

Input data file(s)
  e:\IALSA\monday_dot_time.dat
Input data format  FREE


SUMMARY OF DATA

     Number of missing data patterns            39


COVARIANCE COVERAGE OF DATA

Minimum covariance coverage value   0.100


     PROPORTION OF DATA PRESENT


           Covariance Coverage
              P1            P2            P3            P4            C1
              ________      ________      ________      ________      ________
 P1             0.963
 P2             0.799         0.810
 P3             0.783         0.744         0.793
 P4             0.722         0.690         0.696         0.735
 C1             0.962         0.809         0.792         0.734         0.999
 C2             0.836         0.809         0.765         0.711         0.862
 C3             0.826         0.772         0.793         0.723         0.851
 C4             0.771         0.721         0.727         0.731         0.791
 BAGE           0.963         0.810         0.793         0.735         0.999


           Covariance Coverage
              C2            C3            C4            BAGE
              ________      ________      ________      ________
 C2             0.863
 C3             0.819         0.852
 C4             0.764         0.781         0.792
 BAGE           0.863         0.852         0.792         1.000


SAMPLE STATISTICS


     ESTIMATED SAMPLE STATISTICS


           Means
              P1            P2            P3            P4            C1
              ________      ________      ________      ________      ________
 1             11.792        12.517        13.494        13.332        94.362


           Means
              C2            C3            C4            BAGE
              ________      ________      ________      ________
 1             93.178        93.287        92.470         4.547


           Covariances
              P1            P2            P3            P4            C1
              ________      ________      ________      ________      ________
 P1            17.404
 P2            12.327        21.199
 P3            12.120        16.588        27.968
 P4            14.053        17.975        20.476        29.140
 C1            -2.696        -3.101        -2.874        -5.087        17.816
 C2            -3.945        -6.096        -7.248        -8.004        15.016
 C3            -4.059        -5.143        -6.293        -9.599        16.851
 C4            -3.842        -5.599        -6.702        -9.449        17.225
 BAGE           4.027         5.236         4.638         6.792        -4.662


           Covariances
              C2            C3            C4            BAGE
              ________      ________      ________      ________
 C2            29.781
 C3            22.182        33.099
 C4            25.541        27.672        41.926
 BAGE          -6.063        -6.913        -8.258        18.031


           Correlations
              P1            P2            P3            P4            C1
              ________      ________      ________      ________      ________
 P1             1.000
 P2             0.642         1.000
 P3             0.549         0.681         1.000
 P4             0.624         0.723         0.717         1.000
 C1            -0.153        -0.160        -0.129        -0.223         1.000
 C2            -0.173        -0.243        -0.251        -0.272         0.652
 C3            -0.169        -0.194        -0.207        -0.309         0.694
 C4            -0.142        -0.188        -0.196        -0.270         0.630
 BAGE           0.227         0.268         0.207         0.296        -0.260


           Correlations
              C2            C3            C4            BAGE
              ________      ________      ________      ________
 C2             1.000
 C3             0.707         1.000
 C4             0.723         0.743         1.000
 BAGE          -0.262        -0.283        -0.300         1.000


     MAXIMUM LOG-LIKELIHOOD VALUE FOR THE UNRESTRICTED (H1) MODEL IS -20264.338


THE MODEL ESTIMATION TERMINATED NORMALLY



TESTS OF MODEL FIT

Loglikelihood

          H0 Value                      -17665.546
          H0 Scaling Correction Factor       2.729
            for MLR

Information Criteria

          Number of Free Parameters             21
          Akaike (AIC)                   35373.091
          Bayesian (BIC)                 35474.832
          Sample-Size Adjusted BIC       35408.138
            (n* = (n + 2) / 24)



MODEL RESULTS

                                                    Two-Tailed
                    Estimate       S.E.  Est./S.E.    P-Value

 IP         ON
    BAGE               0.222      0.032      7.006      0.000

 SP         ON
    BAGE               0.042      0.014      2.974      0.003

 IC         ON
    BAGE              -0.260      0.032     -8.020      0.000

 SC         ON
    BAGE              -0.066      0.014     -4.598      0.000

 SP       WITH
    IP                 1.282      0.586      2.189      0.029

 IC       WITH
    IP                -1.677      0.530     -3.163      0.002
    SP                -0.729      0.327     -2.230      0.026

 SC       WITH
    IP                -0.210      0.213     -0.985      0.325
    SP                -0.257      0.140     -1.833      0.067
    IC                 2.187      0.389      5.618      0.000

 P1       WITH
    C1                -0.168      0.211     -0.796      0.426

 P2       WITH
    C2                -0.168      0.211     -0.796      0.426

 P3       WITH
    C3                -0.168      0.211     -0.796      0.426

 P4       WITH
    C4                -0.168      0.211     -0.796      0.426

 Intercepts
    P1                 0.000      0.000    999.000    999.000
    P2                 0.000      0.000    999.000    999.000
    P3                 0.000      0.000    999.000    999.000
    P4                 0.000      0.000    999.000    999.000
    C1                 0.000      0.000    999.000    999.000
    C2                 0.000      0.000    999.000    999.000
    C3                 0.000      0.000    999.000    999.000
    C4                 0.000      0.000    999.000    999.000
    IP                10.906      0.160     68.203      0.000
    SP                 0.382      0.056      6.811      0.000
    IC                95.378      0.177    538.966      0.000
    SC                -0.268      0.065     -4.097      0.000

 Residual Variances
    P1                 7.694      1.055      7.293      0.000
    P2                 7.694      1.055      7.293      0.000
    P3                 7.694      1.055      7.293      0.000
    P4                 7.694      1.055      7.293      0.000
    C1                 8.670      0.417     20.793      0.000
    C2                 8.670      0.417     20.793      0.000
    C3                 8.670      0.417     20.793      0.000
    C4                 8.670      0.417     20.793      0.000
    IP                 9.230      1.513      6.102      0.000
    SP                 0.430      0.353      1.217      0.224
    IC                10.311      0.882     11.690      0.000
    SC                 0.717      0.323      2.216      0.027


QUALITY OF NUMERICAL RESULTS

     Condition Number for the Information Matrix              0.184E-04
       (ratio of smallest to largest eigenvalue)


CONFIDENCE INTERVALS OF MODEL RESULTS

                   Lower .5%  Lower 2.5%   Estimate  Upper 2.5%  Upper .5%

 IP       ON
    BAGE              0.140       0.160      0.222       0.284      0.303

 SP       ON
    BAGE              0.006       0.014      0.042       0.070      0.078

 IC       ON
    BAGE             -0.343      -0.323     -0.260      -0.196     -0.176

 SC       ON
    BAGE             -0.102      -0.093     -0.066      -0.038     -0.029

 SP       WITH
    IP               -0.226       0.134      1.282       2.430      2.790

 IC       WITH
    IP               -3.043      -2.716     -1.677      -0.638     -0.311
    SP               -1.571      -1.369     -0.729      -0.088      0.113

 SC       WITH
    IP               -0.759      -0.628     -0.210       0.208      0.339
    SP               -0.618      -0.532     -0.257       0.018      0.104
    IC                1.184       1.424      2.187       2.950      3.190

 P1       WITH
    C1               -0.711      -0.582     -0.168       0.246      0.375

 P2       WITH
    C2               -0.711      -0.582     -0.168       0.246      0.375

 P3       WITH
    C3               -0.711      -0.582     -0.168       0.246      0.375

 P4       WITH
    C4               -0.711      -0.582     -0.168       0.246      0.375

 Intercepts
    P1                0.000       0.000      0.000       0.000      0.000
    P2                0.000       0.000      0.000       0.000      0.000
    P3                0.000       0.000      0.000       0.000      0.000
    P4                0.000       0.000      0.000       0.000      0.000
    C1                0.000       0.000      0.000       0.000      0.000
    C2                0.000       0.000      0.000       0.000      0.000
    C3                0.000       0.000      0.000       0.000      0.000
    C4                0.000       0.000      0.000       0.000      0.000
    IP               10.494      10.592     10.906      11.219     11.318
    SP                0.238       0.272      0.382       0.492      0.527
    IC               94.923      95.032     95.378      95.725     95.834
    SC               -0.436      -0.396     -0.268      -0.140     -0.099

 Residual Variances
    P1                4.977       5.626      7.694       9.763     10.412
    P2                4.977       5.626      7.694       9.763     10.412
    P3                4.977       5.626      7.694       9.763     10.412
    P4                4.977       5.626      7.694       9.763     10.412
    C1                7.596       7.852      8.670       9.487      9.743
    C2                7.596       7.852      8.670       9.487      9.743
    C3                7.596       7.852      8.670       9.487      9.743
    C4                7.596       7.852      8.670       9.487      9.743
    IP                5.333       6.265      9.230      12.194     13.126
    SP               -0.480      -0.263      0.430       1.123      1.340
    IC                8.039       8.582     10.311      12.040     12.583
    SC               -0.116       0.083      0.717       1.351      1.550


     Beginning Time:  17:24:32
        Ending Time:  17:24:47
       Elapsed Time:  00:00:15



MUTHEN & MUTHEN
3463 Stoner Ave.
Los Angeles, CA  90066

Tel: (310) 391-9971
Fax: (310) 391-8971
Web: www.StatModel.com
Support: Support@StatModel.com

Copyright (c) 1998-2008 Muthen & Muthen
