Mplus VERSION 7.4 (Mac)
MUTHEN & MUTHEN
02/08/2017  10:41 PM

INPUT INSTRUCTIONS

  TITLE:
  Script produced from the prototype in ./sandbox/syntax-creator/
  DATA:
  File = wide-dataset.dat ;
  VARIABLE:
  NAMES are
   id male age_c70 edu_c7 htm_c smoke cardio diabetes dementia_ever
      dementia_baseline bnt_00 bnt_01 bnt_02 bnt_03 bnt_04 bnt_05 bnt_06 bnt_07
      bnt_08 bnt_09 bnt_10 bnt_11 bnt_12 bnt_13 bnt_14 bnt_15 bnt_16 bnt_17
      bnt_18 bostordel_00 bostordel_01 bostordel_02 bostordel_03 bostordel_04
      bostordel_05 bostordel_06 bostordel_07 bostordel_08 bostordel_09 bostordel_10
      bostordel_11 bostordel_12 bostordel_13 bostordel_14 bostordel_15 bostordel_16
      bostordel_17 bostordel_18 bostorim_00 bostorim_01 bostorim_02 bostorim_03
      bostorim_04 bostorim_05 bostorim_06 bostorim_07 bostorim_08 bostorim_09
      bostorim_10 bostorim_11 bostorim_12 bostorim_13 bostorim_14 bostorim_15
      bostorim_16 bostorim_17 bostorim_18 catfluency_00 catfluency_01 catfluency_02
      catfluency_03 catfluency_04 catfluency_05 catfluency_06 catfluency_07
      catfluency_08 catfluency_09 catfluency_10 catfluency_11 catfluency_12
      catfluency_13 catfluency_14 catfluency_15 catfluency_16 catfluency_17
      catfluency_18 complexideas_00 complexideas_01 complexideas_02 complexideas_03
      complexideas_04 complexideas_05 complexideas_06 complexideas_07 complexideas_08
      complexideas_09 complexideas_10 complexideas_11 complexideas_12 complexideas_13
      complexideas_14 complexideas_15 complexideas_16 complexideas_17 complexideas_18
      digitbackward_00 digitbackward_01 digitbackward_02 digitbackward_03
      digitbackward_04 digitbackward_05 digitbackward_06 digitbackward_07
      digitbackward_08 digitbackward_09 digitbackward_10 digitbackward_11
      digitbackward_12 digitbackward_13 digitbackward_14 digitbackward_15
      digitbackward_16 digitbackward_17 digitbackward_18 digitforward_00
      digitforward_01 digitforward_02 digitforward_03 digitforward_04 digitforward_05
      digitforward_06 digitforward_07 digitforward_08 digitforward_09 digitforward_10
      digitforward_11 digitforward_12 digitforward_13 digitforward_14 digitforward_15
      digitforward_16 digitforward_17 digitforward_18 digitorder_00 digitorder_01
      digitorder_02 digitorder_03 digitorder_04 digitorder_05 digitorder_06
      digitorder_07 digitorder_08 digitorder_09 digitorder_10 digitorder_11
      digitorder_12 digitorder_13 digitorder_14 digitorder_15 digitorder_16
      digitorder_17 digitorder_18 fev_00 fev_01 fev_02 fev_03 fev_04 fev_05 fev_06
      fev_07 fev_08 fev_09 fev_10 fev_11 fev_12 fev_13 fev_14 fev_15 fev_16 fev_17
      fev_18 fev100_00 fev100_01 fev100_02 fev100_03 fev100_04 fev100_05 fev100_06
      fev100_07 fev100_08 fev100_09 fev100_10 fev100_11 fev100_12 fev100_13 fev100_14
      fev100_15 fev100_16 fev100_17 fev100_18 gait_00 gait_01 gait_02 gait_03 gait_04
      gait_05 gait_06 gait_07 gait_08 gait_09 gait_10 gait_11 gait_12 gait_13 gait_14
      gait_15 gait_16 gait_17 gait_18 grip_00 grip_01 grip_02 grip_03 grip_04 grip_05
      grip_06 grip_07 grip_08 grip_09 grip_10 grip_11 grip_12 grip_13 grip_14 grip_15
      grip_16 grip_17 grip_18 lineorientation_00 lineorientation_01 lineorientation_02
      lineorientation_03 lineorientation_04 lineorientation_05 lineorientation_06
      lineorientation_07 lineorientation_08 lineorientation_09 lineorientation_10
      lineorientation_11 lineorientation_12 lineorientation_13 lineorientation_14
      lineorientation_15 lineorientation_16 lineorientation_17 lineorientation_18
      logimemdel_00 logimemdel_01 logimemdel_02 logimemdel_03 logimemdel_04
      logimemdel_05 logimemdel_06 logimemdel_07 logimemdel_08 logimemdel_09
      logimemdel_10 logimemdel_11 logimemdel_12 logimemdel_13 logimemdel_14
      logimemdel_15 logimemdel_16 logimemdel_17 logimemdel_18 logimemim_00
      logimemim_01 logimemim_02 logimemim_03 logimemim_04 logimemim_05 logimemim_06
      logimemim_07 logimemim_08 logimemim_09 logimemim_10 logimemim_11 logimemim_12
      logimemim_13 logimemim_14 logimemim_15 logimemim_16 logimemim_17 logimemim_18
      matrices_00 matrices_01 matrices_02 matrices_03 matrices_04 matrices_05
      matrices_06 matrices_07 matrices_08 matrices_09 matrices_10 matrices_11
      matrices_12 matrices_13 matrices_14 matrices_15 matrices_16 matrices_17
      matrices_18 mmse_00 mmse_01 mmse_02 mmse_03 mmse_04 mmse_05 mmse_06 mmse_07
      mmse_08 mmse_09 mmse_10 mmse_11 mmse_12 mmse_13 mmse_14 mmse_15 mmse_16 mmse_17
      mmse_18 nart_00 nart_01 nart_02 nart_03 nart_04 nart_05 nart_06 nart_07 nart_08
      nart_09 nart_10 nart_11 nart_12 nart_13 nart_14 nart_15 nart_16 nart_17 nart_18
      numbercomparison_00 numbercomparison_01 numbercomparison_02 numbercomparison_03
      numbercomparison_04 numbercomparison_05 numbercomparison_06 numbercomparison_07
      numbercomparison_08 numbercomparison_09 numbercomparison_10 numbercomparison_11
      numbercomparison_12 numbercomparison_13 numbercomparison_14 numbercomparison_15
      numbercomparison_16 numbercomparison_17 numbercomparison_18 symbol_00
      symbol_01 symbol_02 symbol_03 symbol_04 symbol_05 symbol_06 symbol_07 symbol_08
      symbol_09 symbol_10 symbol_11 symbol_12 symbol_13 symbol_14 symbol_15 symbol_16
      symbol_17 symbol_18 wordlistdel_00 wordlistdel_01 wordlistdel_02 wordlistdel_03
      wordlistdel_04 wordlistdel_05 wordlistdel_06 wordlistdel_07 wordlistdel_08
      wordlistdel_09 wordlistdel_10 wordlistdel_11 wordlistdel_12 wordlistdel_13
      wordlistdel_14 wordlistdel_15 wordlistdel_16 wordlistdel_17 wordlistdel_18
      wordlistim_00 wordlistim_01 wordlistim_02 wordlistim_03 wordlistim_04
      wordlistim_05 wordlistim_06 wordlistim_07 wordlistim_08 wordlistim_09
      wordlistim_10 wordlistim_11 wordlistim_12 wordlistim_13 wordlistim_14
      wordlistim_15 wordlistim_16 wordlistim_17 wordlistim_18 wordlistrecog_00
      wordlistrecog_01 wordlistrecog_02 wordlistrecog_03 wordlistrecog_04
      wordlistrecog_05 wordlistrecog_06 wordlistrecog_07 wordlistrecog_08
      wordlistrecog_09 wordlistrecog_10 wordlistrecog_11 wordlistrecog_12
      wordlistrecog_13 wordlistrecog_14 wordlistrecog_15 wordlistrecog_16
      wordlistrecog_17 wordlistrecog_18 years_since_bl_00 years_since_bl_01
      years_since_bl_02 years_since_bl_03 years_since_bl_04 years_since_bl_05
      years_since_bl_06 years_since_bl_07 years_since_bl_08 years_since_bl_09
      years_since_bl_10 years_since_bl_11 years_since_bl_12 years_since_bl_13
      years_since_bl_14 years_since_bl_15 years_since_bl_16 years_since_bl_17
      years_since_bl_18
  	;
  Missing are all (-9999);
  USEVARIABLES are
  	!define the variables used in the analysis
  	! covariates used in the model
  age_c70	
  	!estimated time points
  time_00
  time_01
  time_02
  time_03
  time_04
  	!modelled time points of process (A)
  a_00
  a_01
  a_02
  a_03
  a_04
  	!modelled time points of process (B)
  b_00
  b_01
  b_02
  b_03
  b_04
  ;
  TSCORES are
  	!estimated time points
  time_00
  time_01
  time_02
  time_03
  time_04;
  USEOBSERVATIONS are
  	!select a subset of observations
  male EQ 1
  and
  dementia_baseline NE 1
  ;
  DEFINE:
  	! assign variables to the process (A)
  a_00=gait_00;
  a_01=gait_01;
  a_02=gait_02;
  a_03=gait_03;
  a_04=gait_04;
  	! assign variables to the process (B)
  b_00=wordlistrecog_00;
  b_01=wordlistrecog_01;
  b_02=wordlistrecog_02;
  b_03=wordlistrecog_03;
  b_04=wordlistrecog_04;
  	!assign variables to time points
  time_00=years_since_bl_00;
  time_01=years_since_bl_01;
  time_02=years_since_bl_02;
  time_03=years_since_bl_03;
  time_04=years_since_bl_04;
  	
  ANALYSIS:
  TYPE = RANDOM;
  COVERAGE=.00;
  MODEL:
  	!first-level equation
  	! assign process (A) to time points
  ia sa | a_00 AT time_00 ;
  ia sa | a_01 AT time_01 ;
  ia sa | a_02 AT time_02 ;
  ia sa | a_03 AT time_03 ;
  ia sa | a_04 AT time_04 ;
  	! assign process (B) to time points
  ib sb | b_00 AT time_00 ;
  ib sb | b_01 AT time_01 ;
  ib sb | b_02 AT time_02 ;
  ib sb | b_03 AT time_03 ;
  ib sb | b_04 AT time_04 ;
  	!variance of the first-level terms
  ia (v_ia);
  sa (v_sa);
  ib (v_ib);
  sb (v_sb);
  	!covariance among first-level terms
  ia WITH sa (c_iasa);
  ia WITH ib (c_iaib);
  ia WITH sb (c_iasb);
  sa WITH ib (c_saib);
  sa WITH sb (c_sasb);
  ib WITH sb (c_ibsb);
  	!second-level equation
  ia sa ib sb ON age_c70;
  	!residual covariance of process (A)
  a_00 (res_a);
  a_01 (res_a);
  a_02 (res_a);
  a_03 (res_a);
  a_04 (res_a);	
  	!residual covariance of process (B)
  b_00 (res_b);
  b_01 (res_b);
  b_02 (res_b);
  b_03 (res_b);
  b_04 (res_b);	
  	!Paired covariances constrained to be equal across t
  a_00 pwith b_00 (res_cov);
  a_01 pwith b_01 (res_cov);
  a_02 pwith b_02 (res_cov);
  a_03 pwith b_03 (res_cov);
  a_04 pwith b_04 (res_cov);	
  MODEL CONSTRAINT:
  	!assigns labels to new parameters;
  NEW r_iaib;
  NEW r_sasb;
  NEW r_res_ab;
  	!compute confidence intervals for correlation coefficients;
  r_iaib = c_iaib/((v_ia**0.5)*(v_ib**0.5));
  r_sasb = c_sasb/((v_sa**0.5)*(v_sb**0.5));
  r_res_ab = res_cov/((res_a**0.5)*(res_b**0.5));
  SAVEDATA:
  FILE is   b1_male_a_gait_wordlistrecog_fscores.dat;
  SAVE = FSCORES;
  RESULTS are   b1_male_a_gait_wordlistrecog_results.dat;
  	
  OUTPUT: sampstat cinterval;
  PLOT: Type is Plot1 Plot2 Plot3;



INPUT READING TERMINATED NORMALLY




Script produced from the prototype in ./sandbox/syntax-creator/

SUMMARY OF ANALYSIS

Number of groups                                                 1
Number of observations                                         442

Number of dependent variables                                   10
Number of independent variables                                  1
Number of continuous latent variables                            4

Observed dependent variables

  Continuous
   A_00        A_01        A_02        A_03        A_04        B_00
   B_01        B_02        B_03        B_04

Observed independent variables
   AGE_C70

Continuous latent variables
   IA          SA          IB          SB

Variables with special functions

  Time scores
   TIME_00     TIME_01     TIME_02     TIME_03     TIME_04


Estimator                                                      MLR
Information matrix                                        OBSERVED
Maximum number of iterations                                   100
Convergence criterion                                    0.100D-05
Maximum number of EM iterations                                500
Convergence criteria for the EM algorithm
  Loglikelihood change                                   0.100D-02
  Relative loglikelihood change                          0.100D-05
  Derivative                                             0.100D-03
Minimum variance                                         0.100D-03
Maximum number of steepest descent iterations                   20
Maximum number of iterations for H1                           2000
Convergence criterion for H1                             0.100D-03
Optimization algorithm                                         EMA

Input data file(s)
  wide-dataset.dat
Input data format  FREE


SUMMARY OF DATA

     Number of missing data patterns            53


COVARIANCE COVERAGE OF DATA

Minimum covariance coverage value   0.000


     PROPORTION OF DATA PRESENT


           Covariance Coverage
              A_00          A_01          A_02          A_03          A_04
              ________      ________      ________      ________      ________
 A_00           0.923
 A_01           0.724         0.749
 A_02           0.600         0.593         0.629
 A_03           0.511         0.498         0.475         0.538
 A_04           0.455         0.441         0.428         0.423         0.475
 B_00           0.923         0.749         0.629         0.538         0.475
 B_01           0.810         0.747         0.618         0.527         0.464
 B_02           0.701         0.661         0.624         0.518         0.464
 B_03           0.611         0.581         0.545         0.538         0.459
 B_04           0.525         0.498         0.475         0.466         0.473
 AGE_C70        0.923         0.749         0.629         0.538         0.475


           Covariance Coverage
              B_00          B_01          B_02          B_03          B_04
              ________      ________      ________      ________      ________
 B_00           1.000
 B_01           0.860         0.860
 B_02           0.751         0.731         0.751
 B_03           0.661         0.643         0.633         0.661
 B_04           0.568         0.550         0.548         0.548         0.568
 AGE_C70        1.000         0.860         0.751         0.661         0.568


           Covariance Coverage
              AGE_C70
              ________
 AGE_C70        1.000


SAMPLE STATISTICS


     ESTIMATED SAMPLE STATISTICS


           Means
              A_00          A_01          A_02          A_03          A_04
              ________      ________      ________      ________      ________
 1              0.658         0.630         0.606         0.578         0.558


           Means
              B_00          B_01          B_02          B_03          B_04
              ________      ________      ________      ________      ________
 1              9.210         9.156         9.119         9.122         8.767


           Means
              AGE_C70
              ________
 1             10.200


           Covariances
              A_00          A_01          A_02          A_03          A_04
              ________      ________      ________      ________      ________
 A_00           0.046
 A_01           0.025         0.048
 A_02           0.022         0.025         0.047
 A_03           0.025         0.022         0.030         0.044
 A_04           0.025         0.025         0.029         0.032         0.049
 B_00           0.046         0.038         0.051         0.065         0.069
 B_01           0.033         0.039         0.071         0.067         0.054
 B_02           0.057         0.066         0.084         0.084         0.080
 B_03           0.072         0.043         0.082         0.081         0.084
 B_04           0.091         0.099         0.106         0.132         0.147
 AGE_C70       -0.343        -0.342        -0.335        -0.520        -0.480


           Covariances
              B_00          B_01          B_02          B_03          B_04
              ________      ________      ________      ________      ________
 B_00           2.352
 B_01           1.841         3.043
 B_02           1.726         2.024         3.047
 B_03           1.784         1.927         2.115         3.164
 B_04           2.298         2.360         3.092         2.711         5.153
 AGE_C70       -2.515        -2.169        -3.297        -3.340        -5.142


           Covariances
              AGE_C70
              ________
 AGE_C70       49.151


           Correlations
              A_00          A_01          A_02          A_03          A_04
              ________      ________      ________      ________      ________
 A_00           1.000
 A_01           0.524         1.000
 A_02           0.482         0.519         1.000
 A_03           0.559         0.488         0.666         1.000
 A_04           0.540         0.521         0.599         0.683         1.000
 B_00           0.139         0.114         0.153         0.203         0.204
 B_01           0.089         0.103         0.188         0.184         0.140
 B_02           0.153         0.174         0.222         0.230         0.208
 B_03           0.189         0.112         0.211         0.218         0.215
 B_04           0.188         0.200         0.216         0.277         0.293
 AGE_C70       -0.228        -0.223        -0.220        -0.354        -0.310


           Correlations
              B_00          B_01          B_02          B_03          B_04
              ________      ________      ________      ________      ________
 B_00           1.000
 B_01           0.688         1.000
 B_02           0.645         0.665         1.000
 B_03           0.654         0.621         0.681         1.000
 B_04           0.660         0.596         0.780         0.671         1.000
 AGE_C70       -0.234        -0.177        -0.269        -0.268        -0.323


           Correlations
              AGE_C70
              ________
 AGE_C70        1.000


     MAXIMUM LOG-LIKELIHOOD VALUE FOR THE UNRESTRICTED (H1) MODEL IS -3867.057


UNIVARIATE SAMPLE STATISTICS


     UNIVARIATE HIGHER-ORDER MOMENT DESCRIPTIVE STATISTICS

         Variable/         Mean/     Skewness/   Minimum/ % with                Percentiles
        Sample Size      Variance    Kurtosis    Maximum  Min/Max      20%/60%    40%/80%    Median

     A_00                  0.659       0.277       0.054    0.25%       0.488      0.602      0.642
             408.000       0.046       0.180       1.478    0.25%       0.707      0.827
     A_01                  0.645       0.655       0.118    0.30%       0.473      0.574      0.617
             331.000       0.047       0.978       1.524    0.30%       0.687      0.813
     A_02                  0.632       0.454       0.152    0.36%       0.443      0.574      0.633
             278.000       0.047       0.265       1.318    0.36%       0.697      0.799
     A_03                  0.625       0.508       0.232    0.42%       0.443      0.554      0.610
             238.000       0.040       0.568       1.434    0.42%       0.677      0.799
     A_04                  0.622       0.488       0.119    0.48%       0.469      0.561      0.610
             210.000       0.043       1.381       1.478    0.48%       0.659      0.813
     B_00                  9.210      -2.769       0.000    0.45%       9.000     10.000     10.000
             442.000       2.352       9.026      10.000   65.61%      10.000     10.000
     B_01                  9.163      -2.911       0.000    0.79%       9.000     10.000     10.000
             380.000       2.984       9.330      10.000   67.37%      10.000     10.000
     B_02                  9.217      -2.693       0.000    0.30%       9.000     10.000     10.000
             332.000       2.857       7.578      10.000   72.29%      10.000     10.000
     B_03                  9.260      -2.956       1.000    0.68%       9.000     10.000     10.000
             292.000       2.768       8.883      10.000   71.58%      10.000     10.000
     B_04                  9.092      -2.679       0.000    1.20%       9.000     10.000     10.000
             251.000       3.884       7.064      10.000   70.92%      10.000     10.000
     AGE_C70              10.200      -0.508     -12.094    0.23%       4.661      9.083     11.092
             442.000      49.151       0.154      28.508    0.23%      12.628     16.026


THE MODEL ESTIMATION TERMINATED NORMALLY



MODEL FIT INFORMATION

Number of Free Parameters                       21

Loglikelihood

          H0 Value                       -2436.937
          H0 Scaling Correction Factor      1.8191
            for MLR

Information Criteria

          Akaike (AIC)                    4915.875
          Bayesian (BIC)                  5001.792
          Sample-Size Adjusted BIC        4935.148
            (n* = (n + 2) / 24)



MODEL RESULTS

                                                    Two-Tailed
                    Estimate       S.E.  Est./S.E.    P-Value

 IA         ON
    AGE_C70           -0.007      0.001     -4.945      0.000

 SA         ON
    AGE_C70           -0.001      0.001     -1.715      0.086

 IB         ON
    AGE_C70           -0.046      0.010     -4.373      0.000

 SB         ON
    AGE_C70           -0.010      0.003     -3.358      0.001

 IA       WITH
    SA                -0.001      0.001     -0.741      0.459
    IB                 0.021      0.015      1.403      0.161
    SB                 0.006      0.004      1.642      0.101

 SA       WITH
    IB                 0.005      0.004      1.290      0.197
    SB                 0.000      0.001     -0.006      0.995

 IB       WITH
    SB                 0.082      0.053      1.543      0.123

 A_00     WITH
    B_00               0.004      0.005      0.791      0.429

 A_01     WITH
    B_01               0.004      0.005      0.791      0.429

 A_02     WITH
    B_02               0.004      0.005      0.791      0.429

 A_03     WITH
    B_03               0.004      0.005      0.791      0.429

 A_04     WITH
    B_04               0.004      0.005      0.791      0.429

 Intercepts
    A_00               0.000      0.000    999.000    999.000
    A_01               0.000      0.000    999.000    999.000
    A_02               0.000      0.000    999.000    999.000
    A_03               0.000      0.000    999.000    999.000
    A_04               0.000      0.000    999.000    999.000
    B_00               0.000      0.000    999.000    999.000
    B_01               0.000      0.000    999.000    999.000
    B_02               0.000      0.000    999.000    999.000
    B_03               0.000      0.000    999.000    999.000
    B_04               0.000      0.000    999.000    999.000
    IA                 0.724      0.017     42.926      0.000
    SA                -0.016      0.006     -2.691      0.007
    IB                 9.697      0.097    100.146      0.000
    SB                 0.030      0.024      1.232      0.218

 Residual Variances
    A_00               0.020      0.001     13.621      0.000
    A_01               0.020      0.001     13.621      0.000
    A_02               0.020      0.001     13.621      0.000
    A_03               0.020      0.001     13.621      0.000
    A_04               0.020      0.001     13.621      0.000
    B_00               1.015      0.146      6.965      0.000
    B_01               1.015      0.146      6.965      0.000
    B_02               1.015      0.146      6.965      0.000
    B_03               1.015      0.146      6.965      0.000
    B_04               1.015      0.146      6.965      0.000
    IA                 0.023      0.003      8.768      0.000
    SA                 0.000      0.000      1.582      0.114
    IB                 1.455      0.307      4.737      0.000
    SB                 0.032      0.021      1.514      0.130

New/Additional Parameters
    R_IAIB             0.114      0.079      1.439      0.150
    R_SASB            -0.002      0.332     -0.006      0.995
    R_RES_AB           0.029      0.037      0.786      0.432


QUALITY OF NUMERICAL RESULTS

     Condition Number for the Information Matrix              0.915E-09
       (ratio of smallest to largest eigenvalue)


CONFIDENCE INTERVALS OF MODEL RESULTS

                  Lower .5%  Lower 2.5%    Lower 5%    Estimate    Upper 5%  Upper 2.5%   Upper .5%

 IA       ON
    AGE_C70         -0.010      -0.009      -0.009      -0.007      -0.004      -0.004      -0.003

 SA       ON
    AGE_C70         -0.002      -0.002      -0.002      -0.001       0.000       0.000       0.000

 IB       ON
    AGE_C70         -0.073      -0.066      -0.063      -0.046      -0.029      -0.025      -0.019

 SB       ON
    AGE_C70         -0.018      -0.016      -0.015      -0.010      -0.005      -0.004      -0.002

 IA       WITH
    SA              -0.002      -0.002      -0.002      -0.001       0.001       0.001       0.001
    IB              -0.017      -0.008      -0.004       0.021       0.045       0.050       0.059
    SB              -0.004      -0.001       0.000       0.006       0.012       0.014       0.016

 SA       WITH
    IB              -0.005      -0.003      -0.001       0.005       0.012       0.014       0.016
    SB              -0.003      -0.003      -0.002       0.000       0.002       0.002       0.003

 IB       WITH
    SB              -0.055      -0.022      -0.005       0.082       0.169       0.186       0.219

 A_00     WITH
    B_00            -0.009      -0.006      -0.005       0.004       0.013       0.015       0.018

 A_01     WITH
    B_01            -0.009      -0.006      -0.005       0.004       0.013       0.015       0.018

 A_02     WITH
    B_02            -0.009      -0.006      -0.005       0.004       0.013       0.015       0.018

 A_03     WITH
    B_03            -0.009      -0.006      -0.005       0.004       0.013       0.015       0.018

 A_04     WITH
    B_04            -0.009      -0.006      -0.005       0.004       0.013       0.015       0.018

 Intercepts
    A_00             0.000       0.000       0.000       0.000       0.000       0.000       0.000
    A_01             0.000       0.000       0.000       0.000       0.000       0.000       0.000
    A_02             0.000       0.000       0.000       0.000       0.000       0.000       0.000
    A_03             0.000       0.000       0.000       0.000       0.000       0.000       0.000
    A_04             0.000       0.000       0.000       0.000       0.000       0.000       0.000
    B_00             0.000       0.000       0.000       0.000       0.000       0.000       0.000
    B_01             0.000       0.000       0.000       0.000       0.000       0.000       0.000
    B_02             0.000       0.000       0.000       0.000       0.000       0.000       0.000
    B_03             0.000       0.000       0.000       0.000       0.000       0.000       0.000
    B_04             0.000       0.000       0.000       0.000       0.000       0.000       0.000
    IA               0.680       0.691       0.696       0.724       0.752       0.757       0.767
    SA              -0.032      -0.028      -0.026      -0.016      -0.006      -0.004      -0.001
    IB               9.448       9.508       9.538       9.697       9.857       9.887       9.947
    SB              -0.033      -0.018      -0.010       0.030       0.070       0.078       0.093

 Residual Variances
    A_00             0.016       0.017       0.018       0.020       0.022       0.023       0.024
    A_01             0.016       0.017       0.018       0.020       0.022       0.023       0.024
    A_02             0.016       0.017       0.018       0.020       0.022       0.023       0.024
    A_03             0.016       0.017       0.018       0.020       0.022       0.023       0.024
    A_04             0.016       0.017       0.018       0.020       0.022       0.023       0.024
    B_00             0.640       0.729       0.775       1.015       1.255       1.300       1.390
    B_01             0.640       0.729       0.775       1.015       1.255       1.300       1.390
    B_02             0.640       0.729       0.775       1.015       1.255       1.300       1.390
    B_03             0.640       0.729       0.775       1.015       1.255       1.300       1.390
    B_04             0.640       0.729       0.775       1.015       1.255       1.300       1.390
    IA               0.016       0.018       0.019       0.023       0.027       0.028       0.030
    SA               0.000       0.000       0.000       0.000       0.001       0.001       0.001
    IB               0.664       0.853       0.950       1.455       1.961       2.057       2.247
    SB              -0.023      -0.010      -0.003       0.032       0.068       0.075       0.088

New/Additional Parameters
    R_IAIB          -0.090      -0.041      -0.016       0.114       0.245       0.270       0.319
    R_SASB          -0.857      -0.652      -0.548      -0.002       0.544       0.649       0.853
    R_RES_AB        -0.067      -0.044      -0.032       0.029       0.091       0.102       0.125


SAMPLE STATISTICS FOR ESTIMATED FACTOR SCORES


     SAMPLE STATISTICS


           Means
              IA            IA_SE         SA            SA_SE         IB
              ________      ________      ________      ________      ________
 1              0.656         0.081        -0.025         0.020         9.231


           Means
              IB_SE         SB            SB_SE
              ________      ________      ________
 1              0.519        -0.073         0.145


           Covariances
              IA            IA_SE         SA            SA_SE         IB
              ________      ________      ________      ________      ________
 IA             0.018
 IA_SE         -0.001         0.000
 SA             0.000         0.000         0.000
 SA_SE          0.000         0.000         0.000         0.000
 IB             0.036         0.000         0.006         0.000         1.278
 IB_SE         -0.004         0.001         0.000         0.000        -0.012
 SB             0.008         0.000         0.001         0.000         0.116
 SB_SE         -0.001         0.000         0.000         0.000        -0.002


           Covariances
              IB_SE         SB            SB_SE
              ________      ________      ________
 IB_SE          0.011
 SB            -0.002         0.016
 SB_SE          0.001         0.000         0.000


           Correlations
              IA            IA_SE         SA            SA_SE         IB
              ________      ________      ________      ________      ________
 IA             1.000
 IA_SE         -0.215         1.000
 SA             0.223         0.096         1.000
 SA_SE         -0.429         0.707        -0.019         1.000
 IB             0.236        -0.014         0.550        -0.135         1.000
 IB_SE         -0.286         0.668         0.014         0.675        -0.101
 SB             0.466        -0.044         0.532        -0.217         0.804
 SB_SE         -0.350         0.591        -0.059         0.805        -0.155


           Correlations
              IB_SE         SB            SB_SE
              ________      ________      ________
 IB_SE          1.000
 SB            -0.138         1.000
 SB_SE          0.898        -0.204         1.000


RESULTS SAVING INFORMATION

  Order of data

    Parameter estimates
     (saved in order shown in Technical 1 output)
    Standard errors
     (saved in order shown in Technical 1 output)
    H0 Loglikelihood
    H0 Scaling Correction Factor for MLR
    Number of Free Parameters
    Akaike (AIC)
    Bayesian (BIC)
    Sample-Size Adjusted BIC
    Condition Number

  Save file
    b1_male_a_gait_wordlistrecog_results.dat

  Save file format           Free


PLOT INFORMATION

The following plots are available:

  Histograms (sample values, estimated factor scores)
  Scatterplots (sample values, estimated factor scores)
  Latent variable distribution plots

SAVEDATA INFORMATION


  Save file
    b1_male_a_gait_wordlistrecog_fscores.dat

  Order and format of variables

    A_00           F10.3
    A_01           F10.3
    A_02           F10.3
    A_03           F10.3
    A_04           F10.3
    B_00           F10.3
    B_01           F10.3
    B_02           F10.3
    B_03           F10.3
    B_04           F10.3
    AGE_C70        F10.3
    TIME_00        F10.3
    TIME_01        F10.3
    TIME_02        F10.3
    TIME_03        F10.3
    TIME_04        F10.3
    IA             F10.3
    IA_SE          F10.3
    SA             F10.3
    SA_SE          F10.3
    IB             F10.3
    IB_SE          F10.3
    SB             F10.3
    SB_SE          F10.3

  Save file format
    24F10.3

  Save file record length    10000


     Beginning Time:  22:41:07
        Ending Time:  22:41:10
       Elapsed Time:  00:00:03



MUTHEN & MUTHEN
3463 Stoner Ave.
Los Angeles, CA  90066

Tel: (310) 391-9971
Fax: (310) 391-8971
Web: www.StatModel.com
Support: Support@StatModel.com

Copyright (c) 1998-2015 Muthen & Muthen
