Mplus VERSION 7.4 (Mac)
MUTHEN & MUTHEN
11/06/2015   2:33 PM

INPUT INSTRUCTIONS

  TITLE: grip - sybmol digit - female - age & education & height & diab & smoke & cardio

  DATA:  File = satsa.dat;

  VARIABLE: Names are
  twinnr pairid sex01 przygup rear iage1-iage7 intakeage time1-time7 dem1-dem7
  s_demen_onset
  htcm wtkg qualc depr cv chd sumill eversmoke diabete
  marital msgroup sesobj educ edugr
  fev1_1-fev1_7 ht_1-ht_7 grip1-grip7 gait2-gait7
  stupt_2-stupt_7 stuprt_2-stuprt_7
  idigf_r1-idigf_r7 idigb_r1-idigb_r7 ibloc_r1-ibloc_r7 ithur_r1-ithur_r7
  isynm_r1-isynm_r7 iinfo_r1-iinfo_r7 ianal_r1-ianal_r7 irota_r1-irota_r7
  ifigi_r1-ifigi_r7 isymd_r1-isymd_r7 mmse7_1-mmse7_7
  tverb1-tverb7 tspat1-tspat7 tmemo1-tmemo7 tsped1-tsped7 tpcom1-tpcom7;

         MISSING are .;
         USEVAR are  diabete eversmoke chd time1 time2 time3  time5 time6 time7
                     p1 p2 p3  p5 p6 p7
                     c1 c2 c3  c5 c6 c7
                     Bage ceduc height;
         TSCORES =   time1 time2 time3   time5 time6 time7;

         USEOBSERVATIONS are  sex01 EQ 1;

  Define: p1=grip1; p2=grip2; p3=grip3; p5=grip5; p6=grip6; p7=grip7;
          c1=isymd_r1; c2=isymd_r2; c3=isymd_r3; c5=isymd_r5; c6=isymd_r6; c7=isymd_r7;

          Bage=intakeage-70;   !Centered at Age 70
          !Bagesq=(intakeage-70)**2;

          Sex=1;         !0=Male
          cEduc=educ-1;     ! center at 1 as most equivalent to 7 years
          !SEP=SESgrp;
          !Marstat;
          Height=htcm-160;  !center at 172 for males and 160 for females
          !Weight
          !BMI
          !SmokHist=Smoke;
          !Alcohol;
          !CompExp;
          !PhysAct;
          !BP;
          !DepSymp;
          !Cardio;
          !Diab;
          !MorbInd;

          !BageSex=Bage*Sex;
          !BageEduc=Bage*Educ;
          !SexEduc=Sex*Educ;

  ANALYSIS: TYPE = RANDOM;
  	estimator=mlf;

  MODEL:  ip sp | p1 p2 p3 p5 p6 p7 at time1 time2 time3 time5 time6 time7;
          ic sc | c1 c2 c3 c5 c6 c7 at time1 time2 time3 time5 time6 time7;

          ip sp ic sc ON Bage ceduc height diabete eversmoke chd;

          p1-p7 (res_p);
          c1-c7 (res_c);

          p1 p2 p3 p5 p6 p7 pwith c1 c2 c3 c5 c6 c7(res_cov);

          ip (v_ip); ! v - variance
          sp (v_sp);
          ic (v_ic);
          sc (v_sc);
          ip WITH sp (c_ipsp); ! c - covariance
          ip WITH ic (c_ipic);
          ip WITH sc (c_ipsc);
          sp WITH ic (c_spic);
          sp WITH sc (c_spsc);
          ic WITH sc (c_icsc);

  MODEL CONSTRAINT:

          NEW r_ipic;
          NEW r_spsc;
          NEW r_res_pc;

          r_ipic = c_ipic/((v_ip**0.5)*(v_ic**0.5));
          r_spsc = c_spsc/((v_sp**0.5)*(v_sc**0.5));
          r_res_pc = res_cov/((res_p**0.5)*(res_c**0.5));

  OUTPUT: sampstat Cinterval;

  PLOT: Type is Plot1 Plot2 Plot3;

  SAVEDATA:

          FILE IS   SATSASlopes_f_grip_symbol;
          SAVE = FSCORES;






*** WARNING in VARIABLE command
  Note that only the first 8 characters of variable names are used in the output.
  Shorten variable names to avoid any confusion.
*** WARNING in PLOT command
  Note that only the first 8 characters of variable names are used in plots.
  If variable names are not unique within the first 8 characters, problems
  may occur.
*** WARNING
  Data set contains cases with missing on x-variables.
  These cases were not included in the analysis.
  Number of cases with missing on x-variables:  100
*** WARNING
  Data set contains cases with missing on all variables except
  x-variables.  These cases were not included in the analysis.
  Number of cases with missing on all variables except x-variables:  2
   4 WARNING(S) FOUND IN THE INPUT INSTRUCTIONS



grip - sybmol digit - female - age & education & height & diab & smoke & cardio

SUMMARY OF ANALYSIS

Number of groups                                                 1
Number of observations                                         409

Number of dependent variables                                   12
Number of independent variables                                  6
Number of continuous latent variables                            4

Observed dependent variables

  Continuous
   P1          P2          P3          P5          P6          P7
   C1          C2          C3          C5          C6          C7

Observed independent variables
   DIABETE     EVERSMOK    CHD         BAGE        CEDUC       HEIGHT

Continuous latent variables
   IP          SP          IC          SC

Variables with special functions

  Time scores
   TIME1       TIME2       TIME3       TIME5       TIME6       TIME7


Estimator                                                      MLF
Information matrix                                        OBSERVED
Maximum number of iterations                                   100
Convergence criterion                                    0.100D-05
Maximum number of EM iterations                                500
Convergence criteria for the EM algorithm
  Loglikelihood change                                   0.100D-02
  Relative loglikelihood change                          0.100D-05
  Derivative                                             0.100D-03
Minimum variance                                         0.100D-03
Maximum number of steepest descent iterations                   20
Maximum number of iterations for H1                           2000
Convergence criterion for H1                             0.100D-03
Optimization algorithm                                         EMA

Input data file(s)
  satsa.dat
Input data format  FREE


SUMMARY OF DATA

     Number of missing data patterns            82


COVARIANCE COVERAGE OF DATA

Minimum covariance coverage value   0.100


     PROPORTION OF DATA PRESENT


           Covariance Coverage
              P1            P2            P3            P5            P6
              ________      ________      ________      ________      ________
 P1             0.787
 P2             0.582         0.672
 P3             0.550         0.579         0.638
 P5             0.433         0.433         0.443         0.611
 P6             0.342         0.355         0.359         0.482         0.513
 P7             0.279         0.301         0.313         0.423         0.428
 C1             0.780         0.582         0.548         0.433         0.345
 C2             0.535         0.614         0.545         0.411         0.337
 C3             0.489         0.521         0.565         0.413         0.342
 C5             0.423         0.435         0.443         0.577         0.484
 C6             0.335         0.347         0.350         0.472         0.482
 C7             0.259         0.281         0.291         0.401         0.403
 DIABETE        0.787         0.672         0.638         0.611         0.513
 EVERSMOK       0.787         0.672         0.638         0.611         0.513
 CHD            0.787         0.672         0.638         0.611         0.513
 BAGE           0.787         0.672         0.638         0.611         0.513
 CEDUC          0.787         0.672         0.638         0.611         0.513
 HEIGHT         0.787         0.672         0.638         0.611         0.513


           Covariance Coverage
              P7            C1            C2            C3            C5
              ________      ________      ________      ________      ________
 P7             0.445
 C1             0.281         0.785
 C2             0.293         0.535         0.619
 C3             0.298         0.489         0.499         0.567
 C5             0.438         0.425         0.416         0.418         0.606
 C6             0.430         0.337         0.335         0.337         0.487
 C7             0.421         0.262         0.271         0.281         0.418
 DIABETE        0.445         0.785         0.619         0.567         0.606
 EVERSMOK       0.445         0.785         0.619         0.567         0.606
 CHD            0.445         0.785         0.619         0.567         0.606
 BAGE           0.445         0.785         0.619         0.567         0.606
 CEDUC          0.445         0.785         0.619         0.567         0.606
 HEIGHT         0.445         0.785         0.619         0.567         0.606


           Covariance Coverage
              C6            C7            DIABETE       EVERSMOK      CHD
              ________      ________      ________      ________      ________
 C6             0.501
 C7             0.413         0.421
 DIABETE        0.501         0.421         1.000
 EVERSMOK       0.501         0.421         1.000         1.000
 CHD            0.501         0.421         1.000         1.000         1.000
 BAGE           0.501         0.421         1.000         1.000         1.000
 CEDUC          0.501         0.421         1.000         1.000         1.000
 HEIGHT         0.501         0.421         1.000         1.000         1.000


           Covariance Coverage
              BAGE          CEDUC         HEIGHT
              ________      ________      ________
 BAGE           1.000
 CEDUC          1.000         1.000
 HEIGHT         1.000         1.000         1.000


SAMPLE STATISTICS


     ESTIMATED SAMPLE STATISTICS


           Means
              P1            P2            P3            P5            P6
              ________      ________      ________      ________      ________
 1             22.697        21.107        20.951        17.403        12.414


           Means
              P7            C1            C2            C3            C5
              ________      ________      ________      ________      ________
 1             15.850        40.977        37.867        37.656        30.658


           Means
              C6            C7            DIABETE       EVERSMOK      CHD
              ________      ________      ________      ________      ________
 1             29.781        29.292         0.032         0.318         0.112


           Means
              BAGE          CEDUC         HEIGHT
              ________      ________      ________
 1             -6.056         0.518         1.968


           Covariances
              P1            P2            P3            P5            P6
              ________      ________      ________      ________      ________
 P1            42.268
 P2            25.910        36.844
 P3            25.142        28.371        40.405
 P5            22.070        27.664        26.271        79.402
 P6            23.530        29.091        30.507        53.185        54.928
 P7            31.518        32.893        36.505        33.304        38.496
 C1            29.532        34.565        34.853        37.444        42.534
 C2            26.811        33.409        38.398        37.758        41.452
 C3            29.387        40.790        43.097        50.457        56.696
 C5            32.853        38.717        44.835        54.510        59.558
 C6            28.680        40.143        50.058        45.110        55.780
 C7            33.807        43.275        52.414        54.831        64.562
 DIABETE       -0.069        -0.195        -0.126        -0.356        -0.305
 EVERSMOK       0.237         0.371         0.406         0.406         0.566
 CHD           -0.366        -0.410        -0.342        -0.522        -0.487
 BAGE         -18.521       -26.531       -29.967       -36.088       -38.726
 CEDUC          0.630         0.984         1.322         1.519         1.533
 HEIGHT         8.590        10.899        12.906         9.282        11.545


           Covariances
              P7            C1            C2            C3            C5
              ________      ________      ________      ________      ________
 P7            66.202
 C1            42.169       168.320
 C2            40.669       142.555       164.200
 C3            50.354       164.664       171.629       225.795
 C5            49.664       153.113       155.359       187.665       206.166
 C6            55.058       140.315       150.064       175.850       174.147
 C7            68.847       167.897       168.479       213.949       208.630
 DIABETE       -0.102        -0.396        -0.445        -0.519        -0.377
 EVERSMOK       0.448         0.828         0.887         0.949         0.998
 CHD           -0.297        -0.631        -0.764        -0.776        -0.842
 BAGE         -38.662       -70.218       -74.251       -91.976       -91.129
 CEDUC          1.340         4.202         3.645         4.638         4.796
 HEIGHT        17.164        20.938        24.356        26.361        25.374


           Covariances
              C6            C7            DIABETE       EVERSMOK      CHD
              ________      ________      ________      ________      ________
 C6           211.024
 C7           206.268       266.623
 DIABETE       -0.764        -0.279         0.031
 EVERSMOK       0.608         0.973        -0.005         0.217
 CHD           -0.817        -0.721         0.001        -0.006         0.100
 BAGE         -90.479      -112.327         0.200        -0.681         0.533
 CEDUC          4.565         5.414        -0.012         0.028        -0.022
 HEIGHT        26.032        31.085         0.003         0.225        -0.128


           Covariances
              BAGE          CEDUC         HEIGHT
              ________      ________      ________
 BAGE          81.595
 CEDUC         -2.018         0.612
 HEIGHT       -15.756         1.092        36.481


           Correlations
              P1            P2            P3            P5            P6
              ________      ________      ________      ________      ________
 P1             1.000
 P2             0.657         1.000
 P3             0.608         0.735         1.000
 P5             0.381         0.511         0.464         1.000
 P6             0.488         0.647         0.648         0.805         1.000
 P7             0.596         0.666         0.706         0.459         0.638
 C1             0.350         0.439         0.423         0.324         0.442
 C2             0.322         0.430         0.471         0.331         0.436
 C3             0.301         0.447         0.451         0.377         0.509
 C5             0.352         0.444         0.491         0.426         0.560
 C6             0.304         0.455         0.542         0.348         0.518
 C7             0.318         0.437         0.505         0.377         0.534
 DIABETE       -0.060        -0.184        -0.113        -0.228        -0.235
 EVERSMOK       0.078         0.131         0.137         0.098         0.164
 CHD           -0.178        -0.214        -0.171        -0.185        -0.208
 BAGE          -0.315        -0.484        -0.522        -0.448        -0.578
 CEDUC          0.124         0.207         0.266         0.218         0.264
 HEIGHT         0.219         0.297         0.336         0.172         0.258


           Correlations
              P7            C1            C2            C3            C5
              ________      ________      ________      ________      ________
 P7             1.000
 C1             0.399         1.000
 C2             0.390         0.857         1.000
 C3             0.412         0.845         0.891         1.000
 C5             0.425         0.822         0.844         0.870         1.000
 C6             0.466         0.745         0.806         0.806         0.835
 C7             0.518         0.793         0.805         0.872         0.890
 DIABETE       -0.071        -0.174        -0.198        -0.197        -0.150
 EVERSMOK       0.118         0.137         0.149         0.136         0.149
 CHD           -0.116        -0.154        -0.189        -0.163        -0.186
 BAGE          -0.526        -0.599        -0.641        -0.678        -0.703
 CEDUC          0.211         0.414         0.364         0.395         0.427
 HEIGHT         0.349         0.267         0.315         0.290         0.293


           Correlations
              C6            C7            DIABETE       EVERSMOK      CHD
              ________      ________      ________      ________      ________
 C6             1.000
 C7             0.870         1.000
 DIABETE       -0.300        -0.097         1.000
 EVERSMOK       0.090         0.128        -0.064         1.000
 CHD           -0.178        -0.140         0.024        -0.044         1.000
 BAGE          -0.690        -0.762         0.126        -0.162         0.187
 CEDUC          0.402         0.424        -0.084         0.078        -0.088
 HEIGHT         0.297         0.315         0.003         0.080        -0.067


           Correlations
              BAGE          CEDUC         HEIGHT
              ________      ________      ________
 BAGE           1.000
 CEDUC         -0.286         1.000
 HEIGHT        -0.289         0.231         1.000


     MAXIMUM LOG-LIKELIHOOD VALUE FOR THE UNRESTRICTED (H1) MODEL IS -12789.964


UNIVARIATE SAMPLE STATISTICS


     UNIVARIATE HIGHER-ORDER MOMENT DESCRIPTIVE STATISTICS

         Variable/         Mean/     Skewness/   Minimum/ % with                Percentiles
        Sample Size      Variance    Kurtosis    Maximum  Min/Max      20%/60%    40%/80%    Median

     P1                   22.009      -0.234       0.000    0.62%      17.000     21.000     22.000
             322.000      38.755       0.779      45.000    0.31%      24.000     27.000
     P2                   21.185       0.097       6.000    0.36%      16.000     20.000     21.000
             275.000      34.478      -0.112      38.000    0.36%      22.000     26.000
     P3                   20.916       0.328       6.000    0.38%      16.000     19.000     21.000
             261.000      37.326       0.357      43.000    0.38%      22.000     26.000
     P5                   19.055       0.365       0.000    0.40%      12.000     17.000     18.500
             250.000      73.465       0.000      49.000    0.40%      21.000     26.000
     P6                   15.110       0.486       1.000    0.95%      10.000     13.000     14.000
             210.000      45.221       0.245      37.000    0.48%      16.000     21.000
     P7                   18.187      -0.066       0.000    2.75%      12.000     16.000     18.000
             182.000      59.690       0.184      40.000    0.55%      20.000     24.000
     C1                   38.598      -0.399       0.000    0.31%      30.000     36.000     39.000
             321.000     150.446       0.436      82.000    0.31%      42.000     49.000
     C2                   38.470      -0.546       0.000    0.40%      30.000     36.000     39.000
             253.000     133.269       0.151      64.000    0.40%      43.000     48.000
     C3                   38.720      -0.222       6.000    0.43%      27.000     36.000     39.500
             232.000     173.503      -0.320      72.000    0.43%      43.000     50.000
     C5                   35.681       0.041       1.000    0.40%      25.000     33.000     35.500
             248.000     153.540       0.292      75.000    0.40%      38.000     45.000
     C6                   36.454       0.011       3.000    0.49%      26.000     34.000     36.000
             205.000     138.219      -0.057      72.000    0.49%      39.000     45.000
     C7                   38.564      -0.010       3.000    0.58%      29.000     36.000     39.000
             172.000     159.827       0.199      74.000    0.58%      42.000     49.000
     DIABETE               0.032       5.338       0.000   96.82%       0.000      0.000      0.000
             409.000       0.031      26.494       1.000    3.18%       0.000      0.000
     EVERSMOKE             0.318       0.782       0.000   68.22%       0.000      0.000      0.000
             409.000       0.217      -1.388       1.000   31.78%       0.000      1.000
     CHD                   0.112       2.453       0.000   88.75%       0.000      0.000      0.000
             409.000       0.100       4.018       1.000   11.25%       0.000      0.000
     BAGE                 -6.056       0.052     -30.239    0.24%     -14.755     -9.239     -6.186
             409.000      81.595      -0.628      17.984    0.24%      -3.396      2.005
     CEDUC                 0.518       1.688       0.000   61.37%       0.000      0.000      0.000
             409.000       0.612       2.563       3.000    4.89%       0.000      1.000
     HEIGHT                1.968      -0.108     -16.000    0.24%      -3.000      1.000      2.000
             409.000      36.481      -0.215      19.000    0.24%       3.000      7.000


THE MODEL ESTIMATION TERMINATED NORMALLY



MODEL FIT INFORMATION

Number of Free Parameters                       41

Loglikelihood

          H0 Value                       -9586.790

Information Criteria

          Akaike (AIC)                   19255.580
          Bayesian (BIC)                 19420.142
          Sample-Size Adjusted BIC       19290.042
            (n* = (n + 2) / 24)



MODEL RESULTS

                                                    Two-Tailed
                    Estimate       S.E.  Est./S.E.    P-Value

 IP         ON
    BAGE              -0.190      0.035     -5.495      0.000
    CEDUC              0.323      0.391      0.827      0.408
    HEIGHT             0.154      0.053      2.894      0.004
    DIABETE           -1.147      1.716     -0.669      0.504
    EVERSMOKE          0.216      0.618      0.350      0.726
    CHD               -2.274      0.807     -2.820      0.005

 SP         ON
    BAGE              -0.013      0.003     -3.807      0.000
    CEDUC              0.019      0.033      0.585      0.559
    HEIGHT             0.000      0.004     -0.090      0.928
    DIABETE           -0.456      0.347     -1.315      0.188
    EVERSMOKE          0.029      0.053      0.549      0.583
    CHD                0.016      0.071      0.231      0.818

 IC         ON
    BAGE              -0.694      0.061    -11.376      0.000
    CEDUC              3.294      0.702      4.692      0.000
    HEIGHT             0.175      0.088      1.975      0.048
    DIABETE           -6.881      2.919     -2.357      0.018
    EVERSMOKE          0.949      1.189      0.798      0.425
    CHD               -1.813      1.543     -1.175      0.240

 SC         ON
    BAGE              -0.023      0.005     -4.891      0.000
    CEDUC              0.053      0.043      1.225      0.221
    HEIGHT             0.000      0.007     -0.015      0.988
    DIABETE           -0.184      0.563     -0.327      0.744
    EVERSMOKE         -0.056      0.076     -0.741      0.459
    CHD               -0.018      0.156     -0.117      0.907

 IP       WITH
    SP                 0.072      0.140      0.511      0.609
    IC                 7.146      3.218      2.221      0.026
    SC                -0.038      0.189     -0.200      0.841

 SP       WITH
    IC                -0.334      0.269     -1.242      0.214
    SC                 0.017      0.015      1.142      0.253

 IC       WITH
    SC                -0.686      0.368     -1.861      0.063

 P1       WITH
    C1                 2.641      0.946      2.792      0.005

 P2       WITH
    C2                 2.641      0.946      2.792      0.005

 P3       WITH
    C3                 2.641      0.946      2.792      0.005

 P5       WITH
    C5                 2.641      0.946      2.792      0.005

 P6       WITH
    C6                 2.641      0.946      2.792      0.005

 P7       WITH
    C7                 2.641      0.946      2.792      0.005

 Intercepts
    P1                 0.000      0.000    999.000    999.000
    P2                 0.000      0.000    999.000    999.000
    P3                 0.000      0.000    999.000    999.000
    P5                 0.000      0.000    999.000    999.000
    P6                 0.000      0.000    999.000    999.000
    P7                 0.000      0.000    999.000    999.000
    C1                 0.000      0.000    999.000    999.000
    C2                 0.000      0.000    999.000    999.000
    C3                 0.000      0.000    999.000    999.000
    C5                 0.000      0.000    999.000    999.000
    C6                 0.000      0.000    999.000    999.000
    C7                 0.000      0.000    999.000    999.000
    IP                21.505      0.455     47.254      0.000
    SP                -0.568      0.043    -13.296      0.000
    IC                34.494      0.744     46.343      0.000
    SC                -0.822      0.064    -12.778      0.000

 Residual Variances
    P1                21.548      1.018     21.158      0.000
    P2                21.548      1.018     21.158      0.000
    P3                21.548      1.018     21.158      0.000
    P5                21.548      1.018     21.158      0.000
    P6                21.548      1.018     21.158      0.000
    P7                21.548      1.018     21.158      0.000
    C1                27.682      0.829     33.401      0.000
    C2                27.682      0.829     33.401      0.000
    C3                27.682      0.829     33.401      0.000
    C5                27.682      0.829     33.401      0.000
    C6                27.682      0.829     33.401      0.000
    C7                27.682      0.829     33.401      0.000
    IP                13.805      2.374      5.814      0.000
    SP                 0.020      0.012      1.723      0.085
    IC                69.181      6.734     10.274      0.000
    SC                 0.090      0.023      3.853      0.000

New/Additional Parameters
    R_IPIC             0.231      0.097      2.379      0.017
    R_SPSC             0.391      0.283      1.381      0.167
    R_RES_PC           0.108      0.038      2.817      0.005


QUALITY OF NUMERICAL RESULTS

     Condition Number for the Information Matrix              0.714E-06
       (ratio of smallest to largest eigenvalue)


CONFIDENCE INTERVALS OF MODEL RESULTS

                  Lower .5%  Lower 2.5%    Lower 5%    Estimate    Upper 5%  Upper 2.5%   Upper .5%

 IP       ON
    BAGE            -0.279      -0.258      -0.247      -0.190      -0.133      -0.122      -0.101
    CEDUC           -0.683      -0.442      -0.319       0.323       0.966       1.089       1.329
    HEIGHT           0.017       0.050       0.067       0.154       0.242       0.259       0.291
    DIABETE         -5.568      -4.511      -3.970      -1.147       1.675       2.216       3.273
    EVERSMOKE       -1.375      -0.994      -0.800       0.216       1.232       1.427       1.807
    CHD             -4.352      -3.855      -3.601      -2.274      -0.948      -0.694      -0.197

 SP       ON
    BAGE            -0.021      -0.019      -0.018      -0.013      -0.007      -0.006      -0.004
    CEDUC           -0.066      -0.046      -0.035       0.019       0.074       0.084       0.105
    HEIGHT          -0.012      -0.009      -0.008       0.000       0.007       0.008       0.011
    DIABETE         -1.349      -1.136      -1.027      -0.456       0.114       0.224       0.437
    EVERSMOKE       -0.108      -0.075      -0.058       0.029       0.117       0.133       0.166
    CHD             -0.167      -0.123      -0.101       0.016       0.134       0.156       0.200

 IC       ON
    BAGE            -0.851      -0.814      -0.795      -0.694      -0.594      -0.575      -0.537
    CEDUC            1.485       1.918       2.139       3.294       4.449       4.670       5.102
    HEIGHT          -0.053       0.001       0.029       0.175       0.320       0.348       0.403
    DIABETE        -14.401     -12.603     -11.683      -6.881      -2.079      -1.159       0.639
    EVERSMOKE       -2.114      -1.382      -1.007       0.949       2.905       3.280       4.012
    CHD             -5.789      -4.838      -4.352      -1.813       0.726       1.212       2.162

 SC       ON
    BAGE            -0.035      -0.032      -0.031      -0.023      -0.015      -0.014      -0.011
    CEDUC           -0.058      -0.032      -0.018       0.053       0.123       0.137       0.163
    HEIGHT          -0.017      -0.013      -0.011       0.000       0.011       0.013       0.017
    DIABETE         -1.634      -1.287      -1.110      -0.184       0.742       0.920       1.266
    EVERSMOKE       -0.253      -0.206      -0.182      -0.056       0.069       0.093       0.140
    CHD             -0.421      -0.325      -0.275      -0.018       0.239       0.288       0.384

 IP       WITH
    SP              -0.290      -0.203      -0.159       0.072       0.303       0.347       0.433
    IC              -1.142       0.839       1.853       7.146      12.439      13.453      15.434
    SC              -0.525      -0.408      -0.349      -0.038       0.273       0.333       0.449

 SP       WITH
    IC              -1.025      -0.860      -0.775      -0.334       0.108       0.193       0.358
    SC              -0.021      -0.012      -0.007       0.017       0.041       0.045       0.054

 IC       WITH
    SC              -1.635      -1.408      -1.292      -0.686      -0.080       0.036       0.263

 P1       WITH
    C1               0.204       0.787       1.085       2.641       4.197       4.495       5.077

 P2       WITH
    C2               0.204       0.787       1.085       2.641       4.197       4.495       5.077

 P3       WITH
    C3               0.204       0.787       1.085       2.641       4.197       4.495       5.077

 P5       WITH
    C5               0.204       0.787       1.085       2.641       4.197       4.495       5.077

 P6       WITH
    C6               0.204       0.787       1.085       2.641       4.197       4.495       5.077

 P7       WITH
    C7               0.204       0.787       1.085       2.641       4.197       4.495       5.077

 Intercepts
    P1               0.000       0.000       0.000       0.000       0.000       0.000       0.000
    P2               0.000       0.000       0.000       0.000       0.000       0.000       0.000
    P3               0.000       0.000       0.000       0.000       0.000       0.000       0.000
    P5               0.000       0.000       0.000       0.000       0.000       0.000       0.000
    P6               0.000       0.000       0.000       0.000       0.000       0.000       0.000
    P7               0.000       0.000       0.000       0.000       0.000       0.000       0.000
    C1               0.000       0.000       0.000       0.000       0.000       0.000       0.000
    C2               0.000       0.000       0.000       0.000       0.000       0.000       0.000
    C3               0.000       0.000       0.000       0.000       0.000       0.000       0.000
    C5               0.000       0.000       0.000       0.000       0.000       0.000       0.000
    C6               0.000       0.000       0.000       0.000       0.000       0.000       0.000
    C7               0.000       0.000       0.000       0.000       0.000       0.000       0.000
    IP              20.333      20.613      20.757      21.505      22.254      22.397      22.677
    SP              -0.678      -0.652      -0.638      -0.568      -0.498      -0.484      -0.458
    IC              32.576      33.035      33.269      34.494      35.718      35.952      36.411
    SC              -0.987      -0.948      -0.928      -0.822      -0.716      -0.696      -0.656

 Residual Variances
    P1              18.924      19.551      19.872      21.548      23.223      23.544      24.171
    P2              18.924      19.551      19.872      21.548      23.223      23.544      24.171
    P3              18.924      19.551      19.872      21.548      23.223      23.544      24.171
    P5              18.924      19.551      19.872      21.548      23.223      23.544      24.171
    P6              18.924      19.551      19.872      21.548      23.223      23.544      24.171
    P7              18.924      19.551      19.872      21.548      23.223      23.544      24.171
    C1              25.547      26.057      26.318      27.682      29.045      29.306      29.816
    C2              25.547      26.057      26.318      27.682      29.045      29.306      29.816
    C3              25.547      26.057      26.318      27.682      29.045      29.306      29.816
    C5              25.547      26.057      26.318      27.682      29.045      29.306      29.816
    C6              25.547      26.057      26.318      27.682      29.045      29.306      29.816
    C7              25.547      26.057      26.318      27.682      29.045      29.306      29.816
    IP               7.690       9.152       9.900      13.805      17.711      18.459      19.921
    SP              -0.010      -0.003       0.001       0.020       0.040       0.043       0.050
    IC              51.837      55.983      58.104      69.181      80.258      82.379      86.526
    SC               0.030       0.044       0.052       0.090       0.129       0.136       0.151

New/Additional Parameters
    R_IPIC          -0.019       0.041       0.071       0.231       0.391       0.422       0.482
    R_SPSC          -0.339      -0.164      -0.075       0.391       0.858       0.947       1.121
    R_RES_PC         0.009       0.033       0.045       0.108       0.171       0.183       0.207


SAMPLE STATISTICS FOR ESTIMATED FACTOR SCORES


     SAMPLE STATISTICS


           Means
              IP            IP_SE         SP            SP_SE         IC
              ________      ________      ________      ________      ________
 1             22.905         2.189        -0.485         0.123        40.628


           Means
              IC_SE         SC            SC_SE
              ________      ________      ________
 1              3.609        -0.681         0.260


           Covariances
              IP            IP_SE         SP            SP_SE         IC
              ________      ________      ________      ________      ________
 IP            15.397
 IP_SE         -0.224         0.119
 SP             0.420        -0.008         0.029
 SP_SE         -0.012         0.003        -0.001         0.000
 IC            25.323        -0.789         0.907        -0.048       124.198
 IC_SE          0.013         0.214        -0.003         0.003         0.188
 SC             0.541        -0.008         0.037        -0.001         1.609
 SC_SE         -0.027         0.008        -0.002         0.000        -0.109


           Covariances
              IC_SE         SC            SC_SE
              ________      ________      ________
 IC_SE          0.692
 SC             0.028         0.074
 SC_SE          0.015        -0.002         0.001


           Correlations
              IP            IP_SE         SP            SP_SE         IC
              ________      ________      ________      ________      ________
 IP             1.000
 IP_SE         -0.165         1.000
 SP             0.633        -0.134         1.000
 SP_SE         -0.327         0.761        -0.398         1.000
 IC             0.579        -0.205         0.481        -0.450         1.000
 IC_SE          0.004         0.745        -0.019         0.370         0.020
 SC             0.508        -0.081         0.798        -0.393         0.532
 SC_SE         -0.217         0.767        -0.323         0.889        -0.314


           Correlations
              IC_SE         SC            SC_SE
              ________      ________      ________
 IC_SE          1.000
 SC             0.123         1.000
 SC_SE          0.582        -0.287         1.000


PLOT INFORMATION

The following plots are available:

  Histograms (sample values, estimated factor scores)
  Scatterplots (sample values, estimated factor scores)
  Latent variable distribution plots

SAVEDATA INFORMATION


  Save file
    SATSASlopes_f_grip_symbol

  Order and format of variables

    P1             F10.3
    P2             F10.3
    P3             F10.3
    P5             F10.3
    P6             F10.3
    P7             F10.3
    C1             F10.3
    C2             F10.3
    C3             F10.3
    C5             F10.3
    C6             F10.3
    C7             F10.3
    DIABETE        F10.3
    EVERSMOK       F10.3
    CHD            F10.3
    BAGE           F10.3
    CEDUC          F10.3
    HEIGHT         F10.3
    TIME1          F10.3
    TIME2          F10.3
    TIME3          F10.3
    TIME5          F10.3
    TIME6          F10.3
    TIME7          F10.3
    IP             F10.3
    IP_SE          F10.3
    SP             F10.3
    SP_SE          F10.3
    IC             F10.3
    IC_SE          F10.3
    SC             F10.3
    SC_SE          F10.3

  Save file format
    32F10.3

  Save file record length    10000


     Beginning Time:  14:33:29
        Ending Time:  14:33:31
       Elapsed Time:  00:00:02



MUTHEN & MUTHEN
3463 Stoner Ave.
Los Angeles, CA  90066

Tel: (310) 391-9971
Fax: (310) 391-8971
Web: www.StatModel.com
Support: Support@StatModel.com

Copyright (c) 1998-2015 Muthen & Muthen
