Mplus VERSION 7.3 (Mac)
MUTHEN & MUTHEN
06/16/2015   2:48 PM

INPUT INSTRUCTIONS

  TITLE: fev - Digits Back - female - age

  DATA:  File = satsa.dat;

  VARIABLE: Names are
  twinnr pairid sex01 przygup rear iage1-iage7 intakeage time1-time7 dem1-dem7
  s_demen_onset
  htcm wtkg qualc depr cv chd sumill eversmoke diabete
  marital msgroup sesobj educ edugr
  fev1_1-fev1_7 ht_1-ht_7 grip1-grip7 gait2-gait7
  stupt_2-stupt_7 stuprt_2-stuprt_7
  idigf_r1-idigf_r7 idigb_r1-idigb_r7 ibloc_r1-ibloc_r7 ithur_r1-ithur_r7
  isynm_r1-isynm_r7 iinfo_r1-iinfo_r7 ianal_r1-ianal_r7 irota_r1-irota_r7
  ifigi_r1-ifigi_r7 isymd_r1-isymd_r7 mmse7_1-mmse7_7
  tverb1-tverb7 tspat1-tspat7 tmemo1-tmemo7 tsped1-tsped7 tpcom1-tpcom7;

         MISSING are .;
         USEVAR are  time1 time2 time3  time5 time6 time7
                     p1 p2 p3  p5 p6 p7
              	       c1 c2 c3  c5 c6 c7
                     Bage ceduc height;
         TSCORES =   time1 time2 time3   time5 time6 time7;

         USEOBSERVATIONS are  sex01 EQ 1;

  Define: p1=fev1_1; p2=fev1_2; p3=fev1_3; p5=fev1_5; p6=fev1_6; p7=fev1_7;
          c1=mmse7_1; c2=mmse7_2; c3=mmse7_3; c5=mmse7_5; c6=mmse7_6; c7=mmse7_7;

          Bage=intakeage-70;   !Centered at Age 70
          !Bagesq=(intakeage-70)**2;

          Sex=1;         !0=Male
          cEduc=educ-1;     ! center at 1 as most equivalent to 7 years
          !SEP=SESgrp;
          !Marstat;
          Height=htcm-160;
          !Weight
          !BMI
          !SmokHist=Smoke;
          !Alcohol;
          !CompExp;
          !PhysAct;
          !BP;
          !DepSymp;
          !Cardio;
          !Diab;
          !MorbInd;

          !BageSex=Bage*Sex;
          !BageEduc=Bage*Educ;
          !SexEduc=Sex*Educ;

  ANALYSIS: TYPE = RANDOM;
  	estimator=mlf;

  MODEL:  ip sp | p1 p2 p3 p5 p6 p7 at time1 time2 time3 time5 time6 time7;
          ic sc | c1 c2 c3 c5 c6 c7 at time1 time2 time3 time5 time6 time7;

          !ip sp ic sc ON Bage  ;

          p1-p7 (res_p);
          c1-c7 (res_c);

          p1 p2 p3 p5 p6 p7 pwith c1 c2 c3 c5 c6 c7(res_cov);

  OUTPUT: sampstat ;





*** WARNING in MODEL command
  Variable is uncorrelated with all other variables:  BAGE
*** WARNING in MODEL command
  Variable is uncorrelated with all other variables:  CEDUC
*** WARNING in MODEL command
  Variable is uncorrelated with all other variables:  HEIGHT
*** WARNING in MODEL command
  At least one variable is uncorrelated with all other variables in the model.
  Check that this is what is intended.
   4 WARNING(S) FOUND IN THE INPUT INSTRUCTIONS



fev - Digits Back - female - age

SUMMARY OF ANALYSIS

Number of groups                                                 1
Number of observations                                         512

Number of dependent variables                                   15
Number of independent variables                                  0
Number of continuous latent variables                            4

Observed dependent variables

  Continuous
   P1          P2          P3          P5          P6          P7
   C1          C2          C3          C5          C6          C7
   BAGE        CEDUC       HEIGHT

Continuous latent variables
   IP          SP          IC          SC

Variables with special functions

  Time scores
   TIME1       TIME2       TIME3       TIME5       TIME6       TIME7


Estimator                                                      MLF
Information matrix                                        OBSERVED
Maximum number of iterations                                   100
Convergence criterion                                    0.100D-05
Maximum number of EM iterations                                500
Convergence criteria for the EM algorithm
  Loglikelihood change                                   0.100D-02
  Relative loglikelihood change                          0.100D-05
  Derivative                                             0.100D-03
Minimum variance                                         0.100D-03
Maximum number of steepest descent iterations                   20
Maximum number of iterations for H1                           2000
Convergence criterion for H1                             0.100D-03
Optimization algorithm                                         EMA

Input data file(s)
  satsa.dat
Input data format  FREE


SUMMARY OF DATA

     Number of missing data patterns           115


COVARIANCE COVERAGE OF DATA

Minimum covariance coverage value   0.100


     PROPORTION OF DATA PRESENT


           Covariance Coverage
              P1            P2            P3            P5            P6
              ________      ________      ________      ________      ________
 P1             0.637
 P2             0.469         0.639
 P3             0.438         0.535         0.621
 P5             0.354         0.418         0.426         0.605
 P6             0.258         0.305         0.307         0.438         0.449
 P7             0.215         0.260         0.271         0.393         0.361
 C1             0.580         0.500         0.473         0.377         0.260
 C2             0.488         0.639         0.562         0.432         0.312
 C3             0.459         0.562         0.621         0.439         0.314
 C5             0.381         0.441         0.455         0.605         0.441
 C6             0.293         0.346         0.355         0.494         0.449
 C7             0.234         0.285         0.301         0.426         0.391
 BAGE           0.637         0.639         0.621         0.605         0.449
 CEDUC          0.631         0.625         0.598         0.574         0.434
 HEIGHT         0.629         0.625         0.598         0.572         0.434


           Covariance Coverage
              P7            C1            C2            C3            C5
              ________      ________      ________      ________      ________
 P7             0.400
 C1             0.215         0.709
 C2             0.266         0.525         0.674
 C3             0.277         0.502         0.596         0.654
 C5             0.396         0.406         0.457         0.469         0.641
 C6             0.396         0.303         0.355         0.363         0.498
 C7             0.400         0.238         0.293         0.307         0.430
 BAGE           0.400         0.709         0.674         0.654         0.641
 CEDUC          0.383         0.701         0.656         0.629         0.605
 HEIGHT         0.379         0.697         0.654         0.629         0.605


           Covariance Coverage
              C6            C7            BAGE          CEDUC         HEIGHT
              ________      ________      ________      ________      ________
 C6             0.512
 C7             0.430         0.434
 BAGE           0.512         0.434         1.000
 CEDUC          0.490         0.414         0.957         0.957
 HEIGHT         0.488         0.412         0.949         0.939         0.949


SAMPLE STATISTICS


     ESTIMATED SAMPLE STATISTICS


           Means
              P1            P2            P3            P5            P6
              ________      ________      ________      ________      ________
 1              1.949         1.904         1.885         1.598         1.462


           Means
              P7            C1            C2            C3            C5
              ________      ________      ________      ________      ________
 1              1.282        27.975        28.158        27.488        25.699


           Means
              C6            C7            BAGE          CEDUC         HEIGHT
              ________      ________      ________      ________      ________
 1             24.894        23.612        -5.817         0.521         2.109


           Covariances
              P1            P2            P3            P5            P6
              ________      ________      ________      ________      ________
 P1             0.241
 P2             0.211         0.265
 P3             0.206         0.238         0.280
 P5             0.187         0.218         0.224         0.298
 P6             0.195         0.226         0.244         0.243         0.337
 P7             0.224         0.275         0.270         0.282         0.317
 C1             0.154         0.255         0.214         0.197         0.277
 C2             0.180         0.234         0.231         0.236         0.407
 C3             0.345         0.401         0.439         0.349         0.688
 C5             0.618         0.783         0.717         0.821         1.073
 C6             0.841         1.013         1.060         1.049         1.601
 C7             1.357         1.626         1.609         1.600         2.087
 BAGE          -2.868        -3.121        -3.123        -2.753        -3.330
 CEDUC          0.090         0.098         0.110         0.089         0.126
 HEIGHT         1.021         1.142         1.196         1.123         1.201


           Covariances
              P7            C1            C2            C3            C5
              ________      ________      ________      ________      ________
 P7             0.453
 C1             0.483         3.726
 C2             0.558         1.861         2.787
 C3             0.681         2.509         3.012         6.951
 C5             1.489         3.042         3.402         6.712        18.729
 C6             1.934         4.039         5.252         9.417        18.298
 C7             2.877         5.525         6.705        10.824        20.982
 BAGE          -4.067        -5.490        -4.582        -8.647       -18.780
 CEDUC          0.130         0.402         0.266         0.378         0.738
 HEIGHT         1.168         1.162         0.675         1.233         2.863


           Covariances
              C6            C7            BAGE          CEDUC         HEIGHT
              ________      ________      ________      ________      ________
 C6            26.522
 C7            28.129        39.586
 BAGE         -24.439       -38.362        83.628
 CEDUC          0.876         1.121        -1.967         0.609
 HEIGHT         4.546         8.125       -15.928         1.042        36.621


           Correlations
              P1            P2            P3            P5            P6
              ________      ________      ________      ________      ________
 P1             1.000
 P2             0.834         1.000
 P3             0.794         0.875         1.000
 P5             0.698         0.777         0.777         1.000
 P6             0.685         0.756         0.796         0.767         1.000
 P7             0.677         0.793         0.758         0.768         0.810
 C1             0.162         0.257         0.209         0.187         0.248
 C2             0.219         0.272         0.262         0.259         0.420
 C3             0.267         0.296         0.315         0.243         0.449
 C5             0.291         0.352         0.313         0.348         0.427
 C6             0.332         0.382         0.389         0.373         0.536
 C7             0.439         0.502         0.483         0.466         0.571
 BAGE          -0.639        -0.663        -0.645        -0.552        -0.628
 CEDUC          0.235         0.245         0.267         0.208         0.279
 HEIGHT         0.344         0.367         0.373         0.340         0.342


           Correlations
              P7            C1            C2            C3            C5
              ________      ________      ________      ________      ________
 P7             1.000
 C1             0.371         1.000
 C2             0.497         0.578         1.000
 C3             0.384         0.493         0.684         1.000
 C5             0.511         0.364         0.471         0.588         1.000
 C6             0.558         0.406         0.611         0.694         0.821
 C7             0.679         0.455         0.638         0.653         0.771
 BAGE          -0.661        -0.311        -0.300        -0.359        -0.475
 CEDUC          0.247         0.267         0.205         0.184         0.218
 HEIGHT         0.287         0.099         0.067         0.077         0.109


           Correlations
              C6            C7            BAGE          CEDUC         HEIGHT
              ________      ________      ________      ________      ________
 C6             1.000
 C7             0.868         1.000
 BAGE          -0.519        -0.667         1.000
 CEDUC          0.218         0.228        -0.276         1.000
 HEIGHT         0.146         0.213        -0.288         0.221         1.000


     MAXIMUM LOG-LIKELIHOOD VALUE FOR THE UNRESTRICTED (H1) MODEL IS -8375.250


UNIVARIATE HIGHER-ORDER MOMENT DESCRIPTIVE STATISTICS


     UNIVARIATE HIGHER-ORDER MOMENT DESCRIPTIVE STATISTICS

         Variable/         Mean/     Skewness/   Minimum/ % with                Percentiles
        Sample Size      Variance    Kurtosis    Maximum  Min/Max      20%/60%    40%/80%    Median

     P1                    1.907      -0.134       0.500    0.31%       1.500      1.800      1.900
             326.000       0.222      -0.130       3.400    0.31%       2.100      2.300
     P2                    1.893      -0.131       0.650    0.31%       1.500      1.760      1.900
             327.000       0.237      -0.314       3.100    0.61%       2.050      2.300
     P3                    1.856      -0.103       0.410    0.31%       1.430      1.740      1.860
             318.000       0.255      -0.184       3.200    0.31%       1.970      2.280
     P5                    1.759       0.058       0.000    0.32%       1.330      1.610      1.705
             310.000       0.242       0.001       3.040    0.32%       1.840      2.200
     P6                    1.725       0.012       0.540    0.43%       1.270      1.620      1.735
             230.000       0.229      -0.391       2.980    0.43%       1.820      2.150
     P7                    1.644      -0.044       0.000    0.49%       1.170      1.460      1.660
             205.000       0.265      -0.186       3.020    0.49%       1.780      2.090
     C1                   27.752      -1.131      20.000    0.28%      26.000     28.000     28.000
             363.000       3.674       0.855      30.000   12.67%      29.000     29.000
     C2                   28.133      -1.764      19.000    0.29%      27.000     28.000     29.000
             345.000       2.631       4.361      30.000   12.75%      29.000     29.000
     C3                   27.528      -3.937       5.000    0.30%      26.000     28.000     28.000
             335.000       6.518      26.097      30.000   12.24%      28.000     29.000
     C5                   26.643      -2.867       2.000    0.30%      25.000     27.000     28.000
             328.000      14.321      11.425      30.000   12.80%      28.000     29.000
     C6                   26.931      -3.557       4.000    0.76%      25.000     27.000     28.000
             262.000      12.598      17.768      30.000   12.98%      28.000     29.000
     C7                   26.932      -2.462       7.000    0.45%      26.000     27.000     28.000
             222.000      13.811       7.761      30.000   20.27%      29.000     30.000
     BAGE                 -5.817       0.084     -30.239    0.20%     -14.712     -9.231     -6.038
             512.000      83.628      -0.652      17.984    0.39%      -3.336      2.228
     CEDUC                 0.518       1.666       0.000   61.43%       0.000      0.000      0.000
             490.000       0.609       2.470       3.000    4.69%       0.000      1.000
     HEIGHT                2.113      -0.064     -16.000    0.21%      -3.000      1.000      2.000
             486.000      36.631      -0.231      19.000    0.21%       3.000      7.000


THE MODEL ESTIMATION TERMINATED NORMALLY



MODEL FIT INFORMATION

Number of Free Parameters                       23

Loglikelihood

          H0 Value                       -8863.436

Information Criteria

          Akaike (AIC)                   17772.872
          Bayesian (BIC)                 17870.353
          Sample-Size Adjusted BIC       17797.347
            (n* = (n + 2) / 24)



MODEL RESULTS

                                                    Two-Tailed
                    Estimate       S.E.  Est./S.E.    P-Value

 SP       WITH
    IP                -0.001      0.001     -0.906      0.365

 IC       WITH
    IP                 0.078      0.051      1.521      0.128
    SP                 0.005      0.003      1.447      0.148

 SC       WITH
    IP                 0.040      0.012      3.448      0.001
    SP                 0.001      0.001      1.712      0.087
    IC                 0.068      0.020      3.375      0.001

 P1       WITH
    C1                 0.062      0.017      3.708      0.000

 P2       WITH
    C2                 0.062      0.017      3.708      0.000

 P3       WITH
    C3                 0.062      0.017      3.708      0.000

 P5       WITH
    C5                 0.062      0.017      3.708      0.000

 P6       WITH
    C6                 0.062      0.017      3.708      0.000

 P7       WITH
    C7                 0.062      0.017      3.708      0.000

 Means
    BAGE              -5.817      0.597     -9.746      0.000
    CEDUC              0.518      0.061      8.450      0.000
    HEIGHT             2.113      0.309      6.840      0.000
    IP                 1.997      0.034     58.993      0.000
    SP                -0.030      0.002    -18.429      0.000
    IC                28.286      0.115    245.371      0.000
    SC                -0.171      0.031     -5.551      0.000

 Intercepts
    P1                 0.000      0.000    999.000    999.000
    P2                 0.000      0.000    999.000    999.000
    P3                 0.000      0.000    999.000    999.000
    P5                 0.000      0.000    999.000    999.000
    P6                 0.000      0.000    999.000    999.000
    P7                 0.000      0.000    999.000    999.000
    C1                 0.000      0.000    999.000    999.000
    C2                 0.000      0.000    999.000    999.000
    C3                 0.000      0.000    999.000    999.000
    C5                 0.000      0.000    999.000    999.000
    C6                 0.000      0.000    999.000    999.000
    C7                 0.000      0.000    999.000    999.000

 Variances
    BAGE              83.628      6.988     11.967      0.000
    CEDUC              0.609      0.043     14.062      0.000
    HEIGHT            36.631      2.656     13.791      0.000
    IP                 0.213      0.020     10.777      0.000
    SP                 0.000      0.000      5.250      0.000
    IC                 0.900      0.213      4.218      0.000
    SC                 0.067      0.007     10.117      0.000

 Residual Variances
    P1                 0.056      0.001     39.451      0.000
    P2                 0.056      0.001     39.451      0.000
    P3                 0.056      0.001     39.451      0.000
    P5                 0.056      0.001     39.451      0.000
    P6                 0.056      0.001     39.451      0.000
    P7                 0.056      0.001     39.451      0.000
    C1                 3.066      0.067     45.733      0.000
    C2                 3.066      0.067     45.733      0.000
    C3                 3.066      0.067     45.733      0.000
    C5                 3.066      0.067     45.733      0.000
    C6                 3.066      0.067     45.733      0.000
    C7                 3.066      0.067     45.733      0.000


QUALITY OF NUMERICAL RESULTS

     Condition Number for the Information Matrix              0.462E-05
       (ratio of smallest to largest eigenvalue)


     Beginning Time:  14:48:07
        Ending Time:  14:48:09
       Elapsed Time:  00:00:02



MUTHEN & MUTHEN
3463 Stoner Ave.
Los Angeles, CA  90066

Tel: (310) 391-9971
Fax: (310) 391-8971
Web: www.StatModel.com
Support: Support@StatModel.com

Copyright (c) 1998-2014 Muthen & Muthen
