Mplus VERSION 7.4 (Mac)
MUTHEN & MUTHEN
02/08/2017   9:45 PM

INPUT INSTRUCTIONS

  TITLE:
  Script produced from the prototype in ./sandbox/syntax-creator/
  DATA:
  File = wide-dataset.dat ;
  VARIABLE:
  NAMES are
   id male age_c70 edu_c7 htm_c smoke cardio diabetes dementia_ever
      dementia_baseline bnt_00 bnt_01 bnt_02 bnt_03 bnt_04 bnt_05 bnt_06 bnt_07
      bnt_08 bnt_09 bnt_10 bnt_11 bnt_12 bnt_13 bnt_14 bnt_15 bnt_16 bnt_17
      bnt_18 bostordel_00 bostordel_01 bostordel_02 bostordel_03 bostordel_04
      bostordel_05 bostordel_06 bostordel_07 bostordel_08 bostordel_09 bostordel_10
      bostordel_11 bostordel_12 bostordel_13 bostordel_14 bostordel_15 bostordel_16
      bostordel_17 bostordel_18 bostorim_00 bostorim_01 bostorim_02 bostorim_03
      bostorim_04 bostorim_05 bostorim_06 bostorim_07 bostorim_08 bostorim_09
      bostorim_10 bostorim_11 bostorim_12 bostorim_13 bostorim_14 bostorim_15
      bostorim_16 bostorim_17 bostorim_18 catfluency_00 catfluency_01 catfluency_02
      catfluency_03 catfluency_04 catfluency_05 catfluency_06 catfluency_07
      catfluency_08 catfluency_09 catfluency_10 catfluency_11 catfluency_12
      catfluency_13 catfluency_14 catfluency_15 catfluency_16 catfluency_17
      catfluency_18 complexideas_00 complexideas_01 complexideas_02 complexideas_03
      complexideas_04 complexideas_05 complexideas_06 complexideas_07 complexideas_08
      complexideas_09 complexideas_10 complexideas_11 complexideas_12 complexideas_13
      complexideas_14 complexideas_15 complexideas_16 complexideas_17 complexideas_18
      digitbackward_00 digitbackward_01 digitbackward_02 digitbackward_03
      digitbackward_04 digitbackward_05 digitbackward_06 digitbackward_07
      digitbackward_08 digitbackward_09 digitbackward_10 digitbackward_11
      digitbackward_12 digitbackward_13 digitbackward_14 digitbackward_15
      digitbackward_16 digitbackward_17 digitbackward_18 digitforward_00
      digitforward_01 digitforward_02 digitforward_03 digitforward_04 digitforward_05
      digitforward_06 digitforward_07 digitforward_08 digitforward_09 digitforward_10
      digitforward_11 digitforward_12 digitforward_13 digitforward_14 digitforward_15
      digitforward_16 digitforward_17 digitforward_18 digitorder_00 digitorder_01
      digitorder_02 digitorder_03 digitorder_04 digitorder_05 digitorder_06
      digitorder_07 digitorder_08 digitorder_09 digitorder_10 digitorder_11
      digitorder_12 digitorder_13 digitorder_14 digitorder_15 digitorder_16
      digitorder_17 digitorder_18 fev_00 fev_01 fev_02 fev_03 fev_04 fev_05 fev_06
      fev_07 fev_08 fev_09 fev_10 fev_11 fev_12 fev_13 fev_14 fev_15 fev_16 fev_17
      fev_18 fev100_00 fev100_01 fev100_02 fev100_03 fev100_04 fev100_05 fev100_06
      fev100_07 fev100_08 fev100_09 fev100_10 fev100_11 fev100_12 fev100_13 fev100_14
      fev100_15 fev100_16 fev100_17 fev100_18 gait_00 gait_01 gait_02 gait_03 gait_04
      gait_05 gait_06 gait_07 gait_08 gait_09 gait_10 gait_11 gait_12 gait_13 gait_14
      gait_15 gait_16 gait_17 gait_18 grip_00 grip_01 grip_02 grip_03 grip_04 grip_05
      grip_06 grip_07 grip_08 grip_09 grip_10 grip_11 grip_12 grip_13 grip_14 grip_15
      grip_16 grip_17 grip_18 lineorientation_00 lineorientation_01 lineorientation_02
      lineorientation_03 lineorientation_04 lineorientation_05 lineorientation_06
      lineorientation_07 lineorientation_08 lineorientation_09 lineorientation_10
      lineorientation_11 lineorientation_12 lineorientation_13 lineorientation_14
      lineorientation_15 lineorientation_16 lineorientation_17 lineorientation_18
      logimemdel_00 logimemdel_01 logimemdel_02 logimemdel_03 logimemdel_04
      logimemdel_05 logimemdel_06 logimemdel_07 logimemdel_08 logimemdel_09
      logimemdel_10 logimemdel_11 logimemdel_12 logimemdel_13 logimemdel_14
      logimemdel_15 logimemdel_16 logimemdel_17 logimemdel_18 logimemim_00
      logimemim_01 logimemim_02 logimemim_03 logimemim_04 logimemim_05 logimemim_06
      logimemim_07 logimemim_08 logimemim_09 logimemim_10 logimemim_11 logimemim_12
      logimemim_13 logimemim_14 logimemim_15 logimemim_16 logimemim_17 logimemim_18
      matrices_00 matrices_01 matrices_02 matrices_03 matrices_04 matrices_05
      matrices_06 matrices_07 matrices_08 matrices_09 matrices_10 matrices_11
      matrices_12 matrices_13 matrices_14 matrices_15 matrices_16 matrices_17
      matrices_18 mmse_00 mmse_01 mmse_02 mmse_03 mmse_04 mmse_05 mmse_06 mmse_07
      mmse_08 mmse_09 mmse_10 mmse_11 mmse_12 mmse_13 mmse_14 mmse_15 mmse_16 mmse_17
      mmse_18 nart_00 nart_01 nart_02 nart_03 nart_04 nart_05 nart_06 nart_07 nart_08
      nart_09 nart_10 nart_11 nart_12 nart_13 nart_14 nart_15 nart_16 nart_17 nart_18
      numbercomparison_00 numbercomparison_01 numbercomparison_02 numbercomparison_03
      numbercomparison_04 numbercomparison_05 numbercomparison_06 numbercomparison_07
      numbercomparison_08 numbercomparison_09 numbercomparison_10 numbercomparison_11
      numbercomparison_12 numbercomparison_13 numbercomparison_14 numbercomparison_15
      numbercomparison_16 numbercomparison_17 numbercomparison_18 symbol_00
      symbol_01 symbol_02 symbol_03 symbol_04 symbol_05 symbol_06 symbol_07 symbol_08
      symbol_09 symbol_10 symbol_11 symbol_12 symbol_13 symbol_14 symbol_15 symbol_16
      symbol_17 symbol_18 wordlistdel_00 wordlistdel_01 wordlistdel_02 wordlistdel_03
      wordlistdel_04 wordlistdel_05 wordlistdel_06 wordlistdel_07 wordlistdel_08
      wordlistdel_09 wordlistdel_10 wordlistdel_11 wordlistdel_12 wordlistdel_13
      wordlistdel_14 wordlistdel_15 wordlistdel_16 wordlistdel_17 wordlistdel_18
      wordlistim_00 wordlistim_01 wordlistim_02 wordlistim_03 wordlistim_04
      wordlistim_05 wordlistim_06 wordlistim_07 wordlistim_08 wordlistim_09
      wordlistim_10 wordlistim_11 wordlistim_12 wordlistim_13 wordlistim_14
      wordlistim_15 wordlistim_16 wordlistim_17 wordlistim_18 wordlistrecog_00
      wordlistrecog_01 wordlistrecog_02 wordlistrecog_03 wordlistrecog_04
      wordlistrecog_05 wordlistrecog_06 wordlistrecog_07 wordlistrecog_08
      wordlistrecog_09 wordlistrecog_10 wordlistrecog_11 wordlistrecog_12
      wordlistrecog_13 wordlistrecog_14 wordlistrecog_15 wordlistrecog_16
      wordlistrecog_17 wordlistrecog_18 years_since_bl_00 years_since_bl_01
      years_since_bl_02 years_since_bl_03 years_since_bl_04 years_since_bl_05
      years_since_bl_06 years_since_bl_07 years_since_bl_08 years_since_bl_09
      years_since_bl_10 years_since_bl_11 years_since_bl_12 years_since_bl_13
      years_since_bl_14 years_since_bl_15 years_since_bl_16 years_since_bl_17
      years_since_bl_18
  	;
  Missing are all (-9999);
  USEVARIABLES are
  	!define the variables used in the analysis
  	! covariates used in the model
  age_c70
  edu_c7	
  	!estimated time points
  time_00
  time_01
  time_02
  time_03
  time_04
  	!modelled time points of process (A)
  a_00
  a_01
  a_02
  a_03
  a_04
  	!modelled time points of process (B)
  b_00
  b_01
  b_02
  b_03
  b_04
  ;
  TSCORES are
  	!estimated time points
  time_00
  time_01
  time_02
  time_03
  time_04;
  USEOBSERVATIONS are
  	!select a subset of observations
  male EQ 1
  and
  id NE 0
  ;
  DEFINE:
  	! assign variables to the process (A)
  a_00=gait_00;
  a_01=gait_01;
  a_02=gait_02;
  a_03=gait_03;
  a_04=gait_04;
  	! assign variables to the process (B)
  b_00=logimemdel_00;
  b_01=logimemdel_01;
  b_02=logimemdel_02;
  b_03=logimemdel_03;
  b_04=logimemdel_04;
  	!assign variables to time points
  time_00=years_since_bl_00;
  time_01=years_since_bl_01;
  time_02=years_since_bl_02;
  time_03=years_since_bl_03;
  time_04=years_since_bl_04;
  	
  ANALYSIS:
  TYPE = RANDOM;
  COVERAGE=.00;
  MODEL:
  	!first-level equation
  	! assign process (A) to time points
  ia sa | a_00 AT time_00 ;
  ia sa | a_01 AT time_01 ;
  ia sa | a_02 AT time_02 ;
  ia sa | a_03 AT time_03 ;
  ia sa | a_04 AT time_04 ;
  	! assign process (B) to time points
  ib sb | b_00 AT time_00 ;
  ib sb | b_01 AT time_01 ;
  ib sb | b_02 AT time_02 ;
  ib sb | b_03 AT time_03 ;
  ib sb | b_04 AT time_04 ;
  	!variance of the first-level terms
  ia (v_ia);
  sa (v_sa);
  ib (v_ib);
  sb (v_sb);
  	!covariance among first-level terms
  ia WITH sa (c_iasa);
  ia WITH ib (c_iaib);
  ia WITH sb (c_iasb);
  sa WITH ib (c_saib);
  sa WITH sb (c_sasb);
  ib WITH sb (c_ibsb);
  	!second-level equation
  ia sa ib sb ON age_c70
  edu_c7;
  	!residual covariance of process (A)
  a_00 (res_a);
  a_01 (res_a);
  a_02 (res_a);
  a_03 (res_a);
  a_04 (res_a);	
  	!residual covariance of process (B)
  b_00 (res_b);
  b_01 (res_b);
  b_02 (res_b);
  b_03 (res_b);
  b_04 (res_b);	
  	!Paired covariances constrained to be equal across t
  a_00 pwith b_00 (res_cov);
  a_01 pwith b_01 (res_cov);
  a_02 pwith b_02 (res_cov);
  a_03 pwith b_03 (res_cov);
  a_04 pwith b_04 (res_cov);	
  MODEL CONSTRAINT:
  	!assigns labels to new parameters;
  NEW r_iaib;
  NEW r_sasb;
  NEW r_res_ab;
  	!compute confidence intervals for correlation coefficients;
  r_iaib = c_iaib/((v_ia**0.5)*(v_ib**0.5));
  r_sasb = c_sasb/((v_sa**0.5)*(v_sb**0.5));
  r_res_ab = res_cov/((res_a**0.5)*(res_b**0.5));
  SAVEDATA:
  FILE is   b1_male_ae_gait_logimemdel_fscores.dat;
  SAVE = FSCORES;
  RESULTS are   b1_male_ae_gait_logimemdel_results.dat;
  	
  OUTPUT: sampstat cinterval;
  PLOT: Type is Plot1 Plot2 Plot3;



*** WARNING
  Data set contains cases with missing on all variables except
  x-variables.  These cases were not included in the analysis.
  Number of cases with missing on all variables except x-variables:  1
   1 WARNING(S) FOUND IN THE INPUT INSTRUCTIONS




Script produced from the prototype in ./sandbox/syntax-creator/

SUMMARY OF ANALYSIS

Number of groups                                                 1
Number of observations                                         484

Number of dependent variables                                   10
Number of independent variables                                  2
Number of continuous latent variables                            4

Observed dependent variables

  Continuous
   A_00        A_01        A_02        A_03        A_04        B_00
   B_01        B_02        B_03        B_04

Observed independent variables
   AGE_C70     EDU_C7

Continuous latent variables
   IA          SA          IB          SB

Variables with special functions

  Time scores
   TIME_00     TIME_01     TIME_02     TIME_03     TIME_04


Estimator                                                      MLR
Information matrix                                        OBSERVED
Maximum number of iterations                                   100
Convergence criterion                                    0.100D-05
Maximum number of EM iterations                                500
Convergence criteria for the EM algorithm
  Loglikelihood change                                   0.100D-02
  Relative loglikelihood change                          0.100D-05
  Derivative                                             0.100D-03
Minimum variance                                         0.100D-03
Maximum number of steepest descent iterations                   20
Maximum number of iterations for H1                           2000
Convergence criterion for H1                             0.100D-03
Optimization algorithm                                         EMA

Input data file(s)
  wide-dataset.dat
Input data format  FREE


SUMMARY OF DATA

     Number of missing data patterns            59


COVARIANCE COVERAGE OF DATA

Minimum covariance coverage value   0.000


     PROPORTION OF DATA PRESENT


           Covariance Coverage
              A_00          A_01          A_02          A_03          A_04
              ________      ________      ________      ________      ________
 A_00           0.913
 A_01           0.694         0.723
 A_02           0.579         0.564         0.605
 A_03           0.483         0.469         0.448         0.508
 A_04           0.424         0.411         0.399         0.393         0.442
 B_00           0.913         0.723         0.605         0.508         0.442
 B_01           0.791         0.719         0.597         0.500         0.434
 B_02           0.676         0.630         0.603         0.490         0.432
 B_03           0.574         0.545         0.514         0.508         0.428
 B_04           0.488         0.461         0.442         0.434         0.436
 AGE_C70        0.913         0.723         0.605         0.508         0.442
 EDU_C7         0.913         0.723         0.605         0.508         0.442


           Covariance Coverage
              B_00          B_01          B_02          B_03          B_04
              ________      ________      ________      ________      ________
 B_00           0.998
 B_01           0.843         0.843
 B_02           0.723         0.707         0.725
 B_03           0.622         0.607         0.595         0.622
 B_04           0.529         0.514         0.506         0.510         0.529
 AGE_C70        0.998         0.843         0.725         0.622         0.529
 EDU_C7         0.998         0.843         0.725         0.622         0.529


           Covariance Coverage
              AGE_C70       EDU_C7
              ________      ________
 AGE_C70        1.000
 EDU_C7         1.000         1.000


SAMPLE STATISTICS


     ESTIMATED SAMPLE STATISTICS


           Means
              A_00          A_01          A_02          A_03          A_04
              ________      ________      ________      ________      ________
 1              0.642         0.619         0.595         0.563         0.544


           Means
              B_00          B_01          B_02          B_03          B_04
              ________      ________      ________      ________      ________
 1              7.640         7.946         7.960         7.989         7.890


           Means
              AGE_C70       EDU_C7
              ________      ________
 1             10.583         8.457


           Covariances
              A_00          A_01          A_02          A_03          A_04
              ________      ________      ________      ________      ________
 A_00           0.048
 A_01           0.026         0.048
 A_02           0.024         0.025         0.048
 A_03           0.027         0.024         0.031         0.045
 A_04           0.027         0.026         0.030         0.033         0.050
 B_00           0.240         0.217         0.205         0.298         0.308
 B_01           0.260         0.237         0.241         0.285         0.321
 B_02           0.300         0.319         0.309         0.375         0.333
 B_03           0.286         0.349         0.388         0.427         0.433
 B_04           0.329         0.344         0.356         0.483         0.487
 AGE_C70       -0.362        -0.370        -0.371        -0.546        -0.504
 EDU_C7         0.155         0.087         0.069         0.039         0.070


           Covariances
              B_00          B_01          B_02          B_03          B_04
              ________      ________      ________      ________      ________
 B_00          21.765
 B_01          16.259        21.457
 B_02          16.532        17.615        24.587
 B_03          16.772        17.874        19.898        27.007
 B_04          18.267        19.473        21.618        23.772        30.017
 AGE_C70       -8.250        -9.948       -10.683       -12.576       -12.819
 EDU_C7         2.927         3.405         3.104         3.284         3.776


           Covariances
              AGE_C70       EDU_C7
              ________      ________
 AGE_C70       49.052
 EDU_C7         0.699        13.368


           Correlations
              A_00          A_01          A_02          A_03          A_04
              ________      ________      ________      ________      ________
 A_00           1.000
 A_01           0.542         1.000
 A_02           0.508         0.527         1.000
 A_03           0.578         0.509         0.676         1.000
 A_04           0.551         0.538         0.604         0.697         1.000
 B_00           0.235         0.212         0.201         0.302         0.295
 B_01           0.257         0.233         0.237         0.290         0.310
 B_02           0.277         0.293         0.284         0.357         0.300
 B_03           0.251         0.305         0.340         0.388         0.373
 B_04           0.274         0.286         0.296         0.416         0.398
 AGE_C70       -0.236        -0.241        -0.241        -0.368        -0.322
 EDU_C7         0.193         0.108         0.086         0.050         0.086


           Correlations
              B_00          B_01          B_02          B_03          B_04
              ________      ________      ________      ________      ________
 B_00           1.000
 B_01           0.752         1.000
 B_02           0.715         0.767         1.000
 B_03           0.692         0.743         0.772         1.000
 B_04           0.715         0.767         0.796         0.835         1.000
 AGE_C70       -0.252        -0.307        -0.308        -0.346        -0.334
 EDU_C7         0.172         0.201         0.171         0.173         0.188


           Correlations
              AGE_C70       EDU_C7
              ________      ________
 AGE_C70        1.000
 EDU_C7         0.027         1.000


     MAXIMUM LOG-LIKELIHOOD VALUE FOR THE UNRESTRICTED (H1) MODEL IS -7102.156


UNIVARIATE SAMPLE STATISTICS


     UNIVARIATE HIGHER-ORDER MOMENT DESCRIPTIVE STATISTICS

         Variable/         Mean/     Skewness/   Minimum/ % with                Percentiles
        Sample Size      Variance    Kurtosis    Maximum  Min/Max      20%/60%    40%/80%    Median

     A_00                  0.644       0.239       0.054    0.23%       0.443      0.588      0.633
             442.000       0.048       0.135       1.478    0.23%       0.697      0.813
     A_01                  0.640       0.651       0.118    0.29%       0.469      0.574      0.610
             350.000       0.047       0.974       1.524    0.29%       0.677      0.813
     A_02                  0.625       0.416       0.152    0.34%       0.420      0.554      0.617
             293.000       0.047       0.212       1.318    0.34%       0.687      0.799
     A_03                  0.620       0.494       0.153    0.41%       0.443      0.548      0.610
             246.000       0.040       0.592       1.434    0.41%       0.668      0.799
     A_04                  0.619       0.487       0.119    0.47%       0.464      0.561      0.610
             214.000       0.043       1.332       1.478    0.47%       0.650      0.799
     B_00                  7.652       0.118       0.000    7.45%       3.000      6.000      8.000
             483.000      21.713      -0.684      22.000    0.21%       9.000     12.000
     B_01                  8.176      -0.040       0.000    6.62%       4.000      7.000      9.000
             408.000      21.498      -0.822      20.000    0.25%      10.000     13.000
     B_02                  8.527      -0.081       0.000    8.83%       4.000      7.000      9.000
             351.000      24.050      -0.775      23.000    0.28%      10.000     13.000
     B_03                  8.784      -0.153       0.000    6.98%       3.000      8.000      9.000
             301.000      24.960      -0.857      21.000    0.33%      11.000     13.000
     B_04                  9.086      -0.137       0.000    7.81%       4.000      8.000      9.000
             256.000      26.704      -0.889      21.000    0.39%      11.000     14.000
     AGE_C70              10.583      -0.506     -12.094    0.21%       5.127      9.652     11.604
             484.000      49.052       0.216      28.508    0.21%      12.979     16.204
     EDU_C7                8.457      -0.318      -7.000    0.21%       5.000      8.000      9.000
             484.000      13.368       1.509      21.000    0.41%       9.000     11.000


THE MODEL ESTIMATION TERMINATED NORMALLY



MODEL FIT INFORMATION

Number of Free Parameters                       25

Loglikelihood

          H0 Value                       -4199.170
          H0 Scaling Correction Factor      1.0715
            for MLR

Information Criteria

          Akaike (AIC)                    8448.340
          Bayesian (BIC)                  8552.892
          Sample-Size Adjusted BIC        8473.544
            (n* = (n + 2) / 24)



MODEL RESULTS

                                                    Two-Tailed
                    Estimate       S.E.  Est./S.E.    P-Value

 IA         ON
    AGE_C70           -0.007      0.001     -5.458      0.000
    EDU_C7             0.011      0.003      3.647      0.000

 SA         ON
    AGE_C70           -0.001      0.000     -1.928      0.054
    EDU_C7            -0.002      0.001     -2.138      0.032

 IB         ON
    AGE_C70           -0.176      0.027     -6.517      0.000
    EDU_C7             0.231      0.056      4.102      0.000

 SB         ON
    AGE_C70           -0.024      0.007     -3.220      0.001
    EDU_C7             0.012      0.014      0.882      0.378

 IA       WITH
    SA                -0.001      0.001     -0.743      0.457
    IB                 0.140      0.042      3.311      0.001
    SB                 0.014      0.010      1.482      0.138

 SA       WITH
    IB                 0.008      0.012      0.656      0.512
    SB                 0.007      0.003      2.152      0.031

 IB       WITH
    SB                 0.180      0.212      0.850      0.395

 A_00     WITH
    B_00              -0.003      0.011     -0.250      0.803

 A_01     WITH
    B_01              -0.003      0.011     -0.250      0.803

 A_02     WITH
    B_02              -0.003      0.011     -0.250      0.803

 A_03     WITH
    B_03              -0.003      0.011     -0.250      0.803

 A_04     WITH
    B_04              -0.003      0.011     -0.250      0.803

 Intercepts
    A_00               0.000      0.000    999.000    999.000
    A_01               0.000      0.000    999.000    999.000
    A_02               0.000      0.000    999.000    999.000
    A_03               0.000      0.000    999.000    999.000
    A_04               0.000      0.000    999.000    999.000
    B_00               0.000      0.000    999.000    999.000
    B_01               0.000      0.000    999.000    999.000
    B_02               0.000      0.000    999.000    999.000
    B_03               0.000      0.000    999.000    999.000
    B_04               0.000      0.000    999.000    999.000
    IA                 0.628      0.027     23.000      0.000
    SA                 0.001      0.009      0.102      0.919
    IB                 7.663      0.600     12.768      0.000
    SB                 0.211      0.156      1.355      0.175

 Residual Variances
    A_00               0.020      0.001     14.035      0.000
    A_01               0.020      0.001     14.035      0.000
    A_02               0.020      0.001     14.035      0.000
    A_03               0.020      0.001     14.035      0.000
    A_04               0.020      0.001     14.035      0.000
    B_00               5.293      0.303     17.460      0.000
    B_01               5.293      0.303     17.460      0.000
    B_02               5.293      0.303     17.460      0.000
    B_03               5.293      0.303     17.460      0.000
    B_04               5.293      0.303     17.460      0.000
    IA                 0.023      0.003      8.804      0.000
    SA                 0.000      0.000      1.639      0.101
    IB                13.723      1.027     13.368      0.000
    SB                 0.343      0.093      3.688      0.000

New/Additional Parameters
    R_IAIB             0.247      0.071      3.474      0.001
    R_SASB             0.562      0.287      1.956      0.051
    R_RES_AB          -0.009      0.034     -0.249      0.803


QUALITY OF NUMERICAL RESULTS

     Condition Number for the Information Matrix              0.788E-09
       (ratio of smallest to largest eigenvalue)


CONFIDENCE INTERVALS OF MODEL RESULTS

                  Lower .5%  Lower 2.5%    Lower 5%    Estimate    Upper 5%  Upper 2.5%   Upper .5%

 IA       ON
    AGE_C70         -0.011      -0.010      -0.009      -0.007      -0.005      -0.005      -0.004
    EDU_C7           0.003       0.005       0.006       0.011       0.015       0.016       0.018

 SA       ON
    AGE_C70         -0.002      -0.002      -0.002      -0.001       0.000       0.000       0.000
    EDU_C7          -0.004      -0.004      -0.003      -0.002       0.000       0.000       0.000

 IB       ON
    AGE_C70         -0.246      -0.229      -0.221      -0.176      -0.132      -0.123      -0.107
    EDU_C7           0.086       0.121       0.139       0.231       0.324       0.342       0.377

 SB       ON
    AGE_C70         -0.043      -0.039      -0.036      -0.024      -0.012      -0.009      -0.005
    EDU_C7          -0.024      -0.015      -0.011       0.012       0.036       0.040       0.049

 IA       WITH
    SA              -0.002      -0.002      -0.002      -0.001       0.001       0.001       0.001
    IB               0.031       0.057       0.070       0.140       0.209       0.223       0.249
    SB              -0.011      -0.005      -0.002       0.014       0.030       0.033       0.039

 SA       WITH
    IB              -0.023      -0.016      -0.012       0.008       0.028       0.031       0.039
    SB              -0.001       0.001       0.002       0.007       0.012       0.013       0.015

 IB       WITH
    SB              -0.366      -0.235      -0.168       0.180       0.528       0.595       0.726

 A_00     WITH
    B_00            -0.031      -0.025      -0.021      -0.003       0.015       0.019       0.026

 A_01     WITH
    B_01            -0.031      -0.025      -0.021      -0.003       0.015       0.019       0.026

 A_02     WITH
    B_02            -0.031      -0.025      -0.021      -0.003       0.015       0.019       0.026

 A_03     WITH
    B_03            -0.031      -0.025      -0.021      -0.003       0.015       0.019       0.026

 A_04     WITH
    B_04            -0.031      -0.025      -0.021      -0.003       0.015       0.019       0.026

 Intercepts
    A_00             0.000       0.000       0.000       0.000       0.000       0.000       0.000
    A_01             0.000       0.000       0.000       0.000       0.000       0.000       0.000
    A_02             0.000       0.000       0.000       0.000       0.000       0.000       0.000
    A_03             0.000       0.000       0.000       0.000       0.000       0.000       0.000
    A_04             0.000       0.000       0.000       0.000       0.000       0.000       0.000
    B_00             0.000       0.000       0.000       0.000       0.000       0.000       0.000
    B_01             0.000       0.000       0.000       0.000       0.000       0.000       0.000
    B_02             0.000       0.000       0.000       0.000       0.000       0.000       0.000
    B_03             0.000       0.000       0.000       0.000       0.000       0.000       0.000
    B_04             0.000       0.000       0.000       0.000       0.000       0.000       0.000
    IA               0.557       0.574       0.583       0.628       0.672       0.681       0.698
    SA              -0.022      -0.017      -0.014       0.001       0.016       0.019       0.024
    IB               6.117       6.487       6.676       7.663       8.651       8.840       9.209
    SB              -0.190      -0.094      -0.045       0.211       0.467       0.516       0.611

 Residual Variances
    A_00             0.016       0.017       0.017       0.020       0.022       0.022       0.023
    A_01             0.016       0.017       0.017       0.020       0.022       0.022       0.023
    A_02             0.016       0.017       0.017       0.020       0.022       0.022       0.023
    A_03             0.016       0.017       0.017       0.020       0.022       0.022       0.023
    A_04             0.016       0.017       0.017       0.020       0.022       0.022       0.023
    B_00             4.512       4.699       4.794       5.293       5.792       5.887       6.074
    B_01             4.512       4.699       4.794       5.293       5.792       5.887       6.074
    B_02             4.512       4.699       4.794       5.293       5.792       5.887       6.074
    B_03             4.512       4.699       4.794       5.293       5.792       5.887       6.074
    B_04             4.512       4.699       4.794       5.293       5.792       5.887       6.074
    IA               0.017       0.018       0.019       0.023       0.028       0.029       0.030
    SA               0.000       0.000       0.000       0.000       0.001       0.001       0.001
    IB              11.079      11.711      12.035      13.723      15.412      15.736      16.368
    SB               0.104       0.161       0.190       0.343       0.497       0.526       0.583

New/Additional Parameters
    R_IAIB           0.064       0.108       0.130       0.247       0.364       0.386       0.430
    R_SASB          -0.178      -0.001       0.089       0.562       1.035       1.125       1.302
    R_RES_AB        -0.097      -0.076      -0.065      -0.009       0.048       0.059       0.080


SAMPLE STATISTICS FOR ESTIMATED FACTOR SCORES


     SAMPLE STATISTICS


           Means
              IA            IA_SE         SA            SA_SE         IB
              ________      ________      ________      ________      ________
 1              0.641         0.082        -0.025         0.019         7.754


           Means
              IB_SE         SB            SB_SE
              ________      ________      ________
 1              1.394         0.061         0.481


           Covariances
              IA            IA_SE         SA            SA_SE         IB
              ________      ________      ________      ________      ________
 IA             0.020
 IA_SE         -0.001         0.000
 SA             0.000         0.000         0.000
 SA_SE          0.000         0.000         0.000         0.000
 IB             0.224        -0.011         0.014        -0.001        13.909
 IB_SE         -0.010         0.003         0.000         0.000        -0.177
 SB             0.025        -0.001         0.003         0.000         0.666
 SB_SE         -0.004         0.001         0.000         0.000        -0.062


           Covariances
              IB_SE         SB            SB_SE
              ________      ________      ________
 IB_SE          0.055
 SB            -0.012         0.138
 SB_SE          0.012        -0.005         0.004


           Correlations
              IA            IA_SE         SA            SA_SE         IB
              ________      ________      ________      ________      ________
 IA             1.000
 IA_SE         -0.267         1.000
 SA             0.049         0.091         1.000
 SA_SE         -0.440         0.689        -0.037         1.000
 IB             0.422        -0.152         0.291        -0.256         1.000
 IB_SE         -0.286         0.695         0.011         0.754        -0.202
 SB             0.482        -0.087         0.664        -0.218         0.481
 SB_SE         -0.392         0.599        -0.067         0.967        -0.262


           Correlations
              IB_SE         SB            SB_SE
              ________      ________      ________
 IB_SE          1.000
 SB            -0.132         1.000
 SB_SE          0.785        -0.211         1.000


RESULTS SAVING INFORMATION

  Order of data

    Parameter estimates
     (saved in order shown in Technical 1 output)
    Standard errors
     (saved in order shown in Technical 1 output)
    H0 Loglikelihood
    H0 Scaling Correction Factor for MLR
    Number of Free Parameters
    Akaike (AIC)
    Bayesian (BIC)
    Sample-Size Adjusted BIC
    Condition Number

  Save file
    b1_male_ae_gait_logimemdel_results.dat

  Save file format           Free


PLOT INFORMATION

The following plots are available:

  Histograms (sample values, estimated factor scores)
  Scatterplots (sample values, estimated factor scores)
  Latent variable distribution plots

SAVEDATA INFORMATION


  Save file
    b1_male_ae_gait_logimemdel_fscores.dat

  Order and format of variables

    A_00           F10.3
    A_01           F10.3
    A_02           F10.3
    A_03           F10.3
    A_04           F10.3
    B_00           F10.3
    B_01           F10.3
    B_02           F10.3
    B_03           F10.3
    B_04           F10.3
    AGE_C70        F10.3
    EDU_C7         F10.3
    TIME_00        F10.3
    TIME_01        F10.3
    TIME_02        F10.3
    TIME_03        F10.3
    TIME_04        F10.3
    IA             F10.3
    IA_SE          F10.3
    SA             F10.3
    SA_SE          F10.3
    IB             F10.3
    IB_SE          F10.3
    SB             F10.3
    SB_SE          F10.3

  Save file format
    25F10.3

  Save file record length    10000


     Beginning Time:  21:45:52
        Ending Time:  21:45:55
       Elapsed Time:  00:00:03



MUTHEN & MUTHEN
3463 Stoner Ave.
Los Angeles, CA  90066

Tel: (310) 391-9971
Fax: (310) 391-8971
Web: www.StatModel.com
Support: Support@StatModel.com

Copyright (c) 1998-2015 Muthen & Muthen
