Mplus VERSION 7.4 (Mac)
MUTHEN & MUTHEN
02/08/2017   9:54 PM

INPUT INSTRUCTIONS

  TITLE:
  Script produced from the prototype in ./sandbox/syntax-creator/
  DATA:
  File = wide-dataset.dat ;
  VARIABLE:
  NAMES are
   id male age_c70 edu_c7 htm_c smoke cardio diabetes dementia_ever
      dementia_baseline bnt_00 bnt_01 bnt_02 bnt_03 bnt_04 bnt_05 bnt_06 bnt_07
      bnt_08 bnt_09 bnt_10 bnt_11 bnt_12 bnt_13 bnt_14 bnt_15 bnt_16 bnt_17
      bnt_18 bostordel_00 bostordel_01 bostordel_02 bostordel_03 bostordel_04
      bostordel_05 bostordel_06 bostordel_07 bostordel_08 bostordel_09 bostordel_10
      bostordel_11 bostordel_12 bostordel_13 bostordel_14 bostordel_15 bostordel_16
      bostordel_17 bostordel_18 bostorim_00 bostorim_01 bostorim_02 bostorim_03
      bostorim_04 bostorim_05 bostorim_06 bostorim_07 bostorim_08 bostorim_09
      bostorim_10 bostorim_11 bostorim_12 bostorim_13 bostorim_14 bostorim_15
      bostorim_16 bostorim_17 bostorim_18 catfluency_00 catfluency_01 catfluency_02
      catfluency_03 catfluency_04 catfluency_05 catfluency_06 catfluency_07
      catfluency_08 catfluency_09 catfluency_10 catfluency_11 catfluency_12
      catfluency_13 catfluency_14 catfluency_15 catfluency_16 catfluency_17
      catfluency_18 complexideas_00 complexideas_01 complexideas_02 complexideas_03
      complexideas_04 complexideas_05 complexideas_06 complexideas_07 complexideas_08
      complexideas_09 complexideas_10 complexideas_11 complexideas_12 complexideas_13
      complexideas_14 complexideas_15 complexideas_16 complexideas_17 complexideas_18
      digitbackward_00 digitbackward_01 digitbackward_02 digitbackward_03
      digitbackward_04 digitbackward_05 digitbackward_06 digitbackward_07
      digitbackward_08 digitbackward_09 digitbackward_10 digitbackward_11
      digitbackward_12 digitbackward_13 digitbackward_14 digitbackward_15
      digitbackward_16 digitbackward_17 digitbackward_18 digitforward_00
      digitforward_01 digitforward_02 digitforward_03 digitforward_04 digitforward_05
      digitforward_06 digitforward_07 digitforward_08 digitforward_09 digitforward_10
      digitforward_11 digitforward_12 digitforward_13 digitforward_14 digitforward_15
      digitforward_16 digitforward_17 digitforward_18 digitorder_00 digitorder_01
      digitorder_02 digitorder_03 digitorder_04 digitorder_05 digitorder_06
      digitorder_07 digitorder_08 digitorder_09 digitorder_10 digitorder_11
      digitorder_12 digitorder_13 digitorder_14 digitorder_15 digitorder_16
      digitorder_17 digitorder_18 fev_00 fev_01 fev_02 fev_03 fev_04 fev_05 fev_06
      fev_07 fev_08 fev_09 fev_10 fev_11 fev_12 fev_13 fev_14 fev_15 fev_16 fev_17
      fev_18 fev100_00 fev100_01 fev100_02 fev100_03 fev100_04 fev100_05 fev100_06
      fev100_07 fev100_08 fev100_09 fev100_10 fev100_11 fev100_12 fev100_13 fev100_14
      fev100_15 fev100_16 fev100_17 fev100_18 gait_00 gait_01 gait_02 gait_03 gait_04
      gait_05 gait_06 gait_07 gait_08 gait_09 gait_10 gait_11 gait_12 gait_13 gait_14
      gait_15 gait_16 gait_17 gait_18 grip_00 grip_01 grip_02 grip_03 grip_04 grip_05
      grip_06 grip_07 grip_08 grip_09 grip_10 grip_11 grip_12 grip_13 grip_14 grip_15
      grip_16 grip_17 grip_18 lineorientation_00 lineorientation_01 lineorientation_02
      lineorientation_03 lineorientation_04 lineorientation_05 lineorientation_06
      lineorientation_07 lineorientation_08 lineorientation_09 lineorientation_10
      lineorientation_11 lineorientation_12 lineorientation_13 lineorientation_14
      lineorientation_15 lineorientation_16 lineorientation_17 lineorientation_18
      logimemdel_00 logimemdel_01 logimemdel_02 logimemdel_03 logimemdel_04
      logimemdel_05 logimemdel_06 logimemdel_07 logimemdel_08 logimemdel_09
      logimemdel_10 logimemdel_11 logimemdel_12 logimemdel_13 logimemdel_14
      logimemdel_15 logimemdel_16 logimemdel_17 logimemdel_18 logimemim_00
      logimemim_01 logimemim_02 logimemim_03 logimemim_04 logimemim_05 logimemim_06
      logimemim_07 logimemim_08 logimemim_09 logimemim_10 logimemim_11 logimemim_12
      logimemim_13 logimemim_14 logimemim_15 logimemim_16 logimemim_17 logimemim_18
      matrices_00 matrices_01 matrices_02 matrices_03 matrices_04 matrices_05
      matrices_06 matrices_07 matrices_08 matrices_09 matrices_10 matrices_11
      matrices_12 matrices_13 matrices_14 matrices_15 matrices_16 matrices_17
      matrices_18 mmse_00 mmse_01 mmse_02 mmse_03 mmse_04 mmse_05 mmse_06 mmse_07
      mmse_08 mmse_09 mmse_10 mmse_11 mmse_12 mmse_13 mmse_14 mmse_15 mmse_16 mmse_17
      mmse_18 nart_00 nart_01 nart_02 nart_03 nart_04 nart_05 nart_06 nart_07 nart_08
      nart_09 nart_10 nart_11 nart_12 nart_13 nart_14 nart_15 nart_16 nart_17 nart_18
      numbercomparison_00 numbercomparison_01 numbercomparison_02 numbercomparison_03
      numbercomparison_04 numbercomparison_05 numbercomparison_06 numbercomparison_07
      numbercomparison_08 numbercomparison_09 numbercomparison_10 numbercomparison_11
      numbercomparison_12 numbercomparison_13 numbercomparison_14 numbercomparison_15
      numbercomparison_16 numbercomparison_17 numbercomparison_18 symbol_00
      symbol_01 symbol_02 symbol_03 symbol_04 symbol_05 symbol_06 symbol_07 symbol_08
      symbol_09 symbol_10 symbol_11 symbol_12 symbol_13 symbol_14 symbol_15 symbol_16
      symbol_17 symbol_18 wordlistdel_00 wordlistdel_01 wordlistdel_02 wordlistdel_03
      wordlistdel_04 wordlistdel_05 wordlistdel_06 wordlistdel_07 wordlistdel_08
      wordlistdel_09 wordlistdel_10 wordlistdel_11 wordlistdel_12 wordlistdel_13
      wordlistdel_14 wordlistdel_15 wordlistdel_16 wordlistdel_17 wordlistdel_18
      wordlistim_00 wordlistim_01 wordlistim_02 wordlistim_03 wordlistim_04
      wordlistim_05 wordlistim_06 wordlistim_07 wordlistim_08 wordlistim_09
      wordlistim_10 wordlistim_11 wordlistim_12 wordlistim_13 wordlistim_14
      wordlistim_15 wordlistim_16 wordlistim_17 wordlistim_18 wordlistrecog_00
      wordlistrecog_01 wordlistrecog_02 wordlistrecog_03 wordlistrecog_04
      wordlistrecog_05 wordlistrecog_06 wordlistrecog_07 wordlistrecog_08
      wordlistrecog_09 wordlistrecog_10 wordlistrecog_11 wordlistrecog_12
      wordlistrecog_13 wordlistrecog_14 wordlistrecog_15 wordlistrecog_16
      wordlistrecog_17 wordlistrecog_18 years_since_bl_00 years_since_bl_01
      years_since_bl_02 years_since_bl_03 years_since_bl_04 years_since_bl_05
      years_since_bl_06 years_since_bl_07 years_since_bl_08 years_since_bl_09
      years_since_bl_10 years_since_bl_11 years_since_bl_12 years_since_bl_13
      years_since_bl_14 years_since_bl_15 years_since_bl_16 years_since_bl_17
      years_since_bl_18
  	;
  Missing are all (-9999);
  USEVARIABLES are
  	!define the variables used in the analysis
  	! covariates used in the model
  age_c70
  edu_c7
  htm_c	
  	!estimated time points
  time_00
  time_01
  time_02
  time_03
  time_04
  	!modelled time points of process (A)
  a_00
  a_01
  a_02
  a_03
  a_04
  	!modelled time points of process (B)
  b_00
  b_01
  b_02
  b_03
  b_04
  ;
  TSCORES are
  	!estimated time points
  time_00
  time_01
  time_02
  time_03
  time_04;
  USEOBSERVATIONS are
  	!select a subset of observations
  male EQ 0
  and
  id NE 0
  ;
  DEFINE:
  	! assign variables to the process (A)
  a_00=grip_00;
  a_01=grip_01;
  a_02=grip_02;
  a_03=grip_03;
  a_04=grip_04;
  	! assign variables to the process (B)
  b_00=bnt_00;
  b_01=bnt_01;
  b_02=bnt_02;
  b_03=bnt_03;
  b_04=bnt_04;
  	!assign variables to time points
  time_00=years_since_bl_00;
  time_01=years_since_bl_01;
  time_02=years_since_bl_02;
  time_03=years_since_bl_03;
  time_04=years_since_bl_04;
  	
  ANALYSIS:
  TYPE = RANDOM;
  COVERAGE=.00;
  MODEL:
  	!first-level equation
  	! assign process (A) to time points
  ia sa | a_00 AT time_00 ;
  ia sa | a_01 AT time_01 ;
  ia sa | a_02 AT time_02 ;
  ia sa | a_03 AT time_03 ;
  ia sa | a_04 AT time_04 ;
  	! assign process (B) to time points
  ib sb | b_00 AT time_00 ;
  ib sb | b_01 AT time_01 ;
  ib sb | b_02 AT time_02 ;
  ib sb | b_03 AT time_03 ;
  ib sb | b_04 AT time_04 ;
  	!variance of the first-level terms
  ia (v_ia);
  sa (v_sa);
  ib (v_ib);
  sb (v_sb);
  	!covariance among first-level terms
  ia WITH sa (c_iasa);
  ia WITH ib (c_iaib);
  ia WITH sb (c_iasb);
  sa WITH ib (c_saib);
  sa WITH sb (c_sasb);
  ib WITH sb (c_ibsb);
  	!second-level equation
  ia sa ib sb ON age_c70
  edu_c7
  htm_c;
  	!residual covariance of process (A)
  a_00 (res_a);
  a_01 (res_a);
  a_02 (res_a);
  a_03 (res_a);
  a_04 (res_a);	
  	!residual covariance of process (B)
  b_00 (res_b);
  b_01 (res_b);
  b_02 (res_b);
  b_03 (res_b);
  b_04 (res_b);	
  	!Paired covariances constrained to be equal across t
  a_00 pwith b_00 (res_cov);
  a_01 pwith b_01 (res_cov);
  a_02 pwith b_02 (res_cov);
  a_03 pwith b_03 (res_cov);
  a_04 pwith b_04 (res_cov);	
  MODEL CONSTRAINT:
  	!assigns labels to new parameters;
  NEW r_iaib;
  NEW r_sasb;
  NEW r_res_ab;
  	!compute confidence intervals for correlation coefficients;
  r_iaib = c_iaib/((v_ia**0.5)*(v_ib**0.5));
  r_sasb = c_sasb/((v_sa**0.5)*(v_sb**0.5));
  r_res_ab = res_cov/((res_a**0.5)*(res_b**0.5));
  SAVEDATA:
  FILE is   b1_female_aeh_grip_bnt_fscores.dat;
  SAVE = FSCORES;
  RESULTS are   b1_female_aeh_grip_bnt_results.dat;
  	
  OUTPUT: sampstat cinterval;
  PLOT: Type is Plot1 Plot2 Plot3;



*** WARNING
  Data set contains cases with missing on x-variables.
  These cases were not included in the analysis.
  Number of cases with missing on x-variables:  15
*** WARNING
  Data set contains cases with missing on all variables except
  x-variables.  These cases were not included in the analysis.
  Number of cases with missing on all variables except x-variables:  1
   2 WARNING(S) FOUND IN THE INPUT INSTRUCTIONS




Script produced from the prototype in ./sandbox/syntax-creator/

SUMMARY OF ANALYSIS

Number of groups                                                 1
Number of observations                                        1350

Number of dependent variables                                   10
Number of independent variables                                  3
Number of continuous latent variables                            4

Observed dependent variables

  Continuous
   A_00        A_01        A_02        A_03        A_04        B_00
   B_01        B_02        B_03        B_04

Observed independent variables
   AGE_C70     EDU_C7      HTM_C

Continuous latent variables
   IA          SA          IB          SB

Variables with special functions

  Time scores
   TIME_00     TIME_01     TIME_02     TIME_03     TIME_04


Estimator                                                      MLR
Information matrix                                        OBSERVED
Maximum number of iterations                                   100
Convergence criterion                                    0.100D-05
Maximum number of EM iterations                                500
Convergence criteria for the EM algorithm
  Loglikelihood change                                   0.100D-02
  Relative loglikelihood change                          0.100D-05
  Derivative                                             0.100D-03
Minimum variance                                         0.100D-03
Maximum number of steepest descent iterations                   20
Maximum number of iterations for H1                           2000
Convergence criterion for H1                             0.100D-03
Optimization algorithm                                         EMA

Input data file(s)
  wide-dataset.dat
Input data format  FREE


SUMMARY OF DATA

     Number of missing data patterns           133


COVARIANCE COVERAGE OF DATA

Minimum covariance coverage value   0.000


     PROPORTION OF DATA PRESENT


           Covariance Coverage
              A_00          A_01          A_02          A_03          A_04
              ________      ________      ________      ________      ________
 A_00           0.867
 A_01           0.631         0.641
 A_02           0.527         0.482         0.547
 A_03           0.392         0.347         0.363         0.481
 A_04           0.267         0.230         0.235         0.299         0.348
 B_00           0.853         0.630         0.538         0.474         0.344
 B_01           0.744         0.622         0.522         0.459         0.333
 B_02           0.665         0.571         0.533         0.464         0.334
 B_03           0.577         0.490         0.476         0.468         0.331
 B_04           0.481         0.409         0.392         0.396         0.333
 AGE_C70        0.867         0.641         0.547         0.481         0.348
 EDU_C7         0.867         0.641         0.547         0.481         0.348
 HTM_C          0.867         0.641         0.547         0.481         0.348


           Covariance Coverage
              B_00          B_01          B_02          B_03          B_04
              ________      ________      ________      ________      ________
 B_00           0.987
 B_01           0.839         0.844
 B_02           0.759         0.735         0.764
 B_03           0.663         0.642         0.640         0.668
 B_04           0.562         0.546         0.535         0.532         0.565
 AGE_C70        0.987         0.844         0.764         0.668         0.565
 EDU_C7         0.987         0.844         0.764         0.668         0.565
 HTM_C          0.987         0.844         0.764         0.668         0.565


           Covariance Coverage
              AGE_C70       EDU_C7        HTM_C
              ________      ________      ________
 AGE_C70        1.000
 EDU_C7         1.000         1.000
 HTM_C          1.000         1.000         1.000


SAMPLE STATISTICS


     ESTIMATED SAMPLE STATISTICS


           Means
              A_00          A_01          A_02          A_03          A_04
              ________      ________      ________      ________      ________
 1             40.421        39.117        38.022        36.589        34.885


           Means
              B_00          B_01          B_02          B_03          B_04
              ________      ________      ________      ________      ________
 1             13.667        13.676        13.612        13.465        13.288


           Means
              AGE_C70       EDU_C7        HTM_C
              ________      ________      ________
 1              9.664         7.326        -0.013


           Covariances
              A_00          A_01          A_02          A_03          A_04
              ________      ________      ________      ________      ________
 A_00         153.395
 A_01         133.599       154.869
 A_02         133.451       137.490       161.290
 A_03         130.666       133.553       143.256       159.379
 A_04         133.398       136.541       140.705       146.282       171.182
 B_00           4.867         5.195         5.976         5.747         5.954
 B_01           5.158         5.351         6.250         5.919         6.555
 B_02           5.978         6.238         7.234         7.079         7.674
 B_03           6.358         6.806         7.790         7.967         9.417
 B_04           6.867         7.395         9.039         8.916        10.285
 AGE_C70      -42.884       -42.655       -47.919       -49.072       -47.668
 EDU_C7         5.317         5.748         5.358         3.982         3.648
 HTM_C          0.278         0.264         0.284         0.263         0.264


           Covariances
              B_00          B_01          B_02          B_03          B_04
              ________      ________      ________      ________      ________
 B_00           2.580
 B_01           2.114         2.929
 B_02           2.202         2.589         3.365
 B_03           2.421         2.806         3.222         4.409
 B_04           2.587         3.044         3.594         4.436         5.735
 AGE_C70       -2.817        -3.030        -3.502        -3.930        -4.243
 EDU_C7         1.153         1.109         1.106         1.101         1.321
 HTM_C          0.015         0.017         0.020         0.016         0.015


           Covariances
              AGE_C70       EDU_C7        HTM_C
              ________      ________      ________
 AGE_C70       60.506
 EDU_C7        -1.327         9.547
 HTM_C         -0.118         0.031         0.005


           Correlations
              A_00          A_01          A_02          A_03          A_04
              ________      ________      ________      ________      ________
 A_00           1.000
 A_01           0.867         1.000
 A_02           0.848         0.870         1.000
 A_03           0.836         0.850         0.894         1.000
 A_04           0.823         0.839         0.847         0.886         1.000
 B_00           0.245         0.260         0.293         0.283         0.283
 B_01           0.243         0.251         0.288         0.274         0.293
 B_02           0.263         0.273         0.311         0.306         0.320
 B_03           0.244         0.260         0.292         0.301         0.343
 B_04           0.232         0.248         0.297         0.295         0.328
 AGE_C70       -0.445        -0.441        -0.485        -0.500        -0.468
 EDU_C7         0.139         0.149         0.137         0.102         0.090
 HTM_C          0.326         0.309         0.326         0.303         0.294


           Correlations
              B_00          B_01          B_02          B_03          B_04
              ________      ________      ________      ________      ________
 B_00           1.000
 B_01           0.769         1.000
 B_02           0.747         0.825         1.000
 B_03           0.718         0.781         0.836         1.000
 B_04           0.672         0.743         0.818         0.882         1.000
 AGE_C70       -0.225        -0.228        -0.245        -0.241        -0.228
 EDU_C7         0.232         0.210         0.195         0.170         0.179
 HTM_C          0.136         0.142         0.162         0.113         0.092


           Correlations
              AGE_C70       EDU_C7        HTM_C
              ________      ________      ________
 AGE_C70        1.000
 EDU_C7        -0.055         1.000
 HTM_C         -0.220         0.146         1.000


     MAXIMUM LOG-LIKELIHOOD VALUE FOR THE UNRESTRICTED (H1) MODEL IS -27610.937


UNIVARIATE SAMPLE STATISTICS


     UNIVARIATE HIGHER-ORDER MOMENT DESCRIPTIVE STATISTICS

         Variable/         Mean/     Skewness/   Minimum/ % with                Percentiles
        Sample Size      Variance    Kurtosis    Maximum  Min/Max      20%/60%    40%/80%    Median

     A_00                 40.064       0.251       0.500    0.09%      29.750     36.750     39.750
            1170.000     154.444       0.395      97.750    0.09%      42.750     50.000
     A_01                 38.749       0.130       0.000    0.23%      28.750     35.500     38.500
             865.000     142.478       0.379      85.000    0.12%      41.500     48.500
     A_02                 37.908       0.013       0.000    0.27%      27.000     35.000     37.750
             739.000     146.612      -0.093      72.500    0.14%      40.750     48.250
     A_03                 36.575       0.168       0.000    0.31%      27.000     32.750     35.875
             650.000     137.142       0.179      73.750    0.15%      39.250     46.500
     A_04                 35.736       0.238       0.000    0.64%      25.750     32.500     35.375
             470.000     151.436       0.516      76.250    0.21%      38.250     45.250
     B_00                 13.686      -2.212       0.000    0.08%      13.000     14.000     14.000
            1332.000       2.493       9.258      15.000   37.16%      14.000     15.000
     B_01                 13.760      -2.751       0.000    0.18%      13.000     14.000     14.000
            1139.000       2.690      12.853      15.000   39.07%      14.000     15.000
     B_02                 13.767      -2.215       4.000    0.10%      13.000     14.000     14.000
            1032.000       2.723       6.383      15.000   42.15%      15.000     15.000
     B_03                 13.674      -2.633       0.000    0.11%      13.000     14.000     14.000
             902.000       3.495       9.628      15.000   41.24%      15.000     15.000
     B_04                 13.619      -2.825       0.000    0.13%      13.000     14.000     14.000
             763.000       4.087      10.287      15.000   39.58%      14.000     15.000
     AGE_C70               9.664      -0.478     -16.653    0.07%       3.467      8.678     10.445
            1350.000      60.506       0.203      30.471    0.07%      12.275     16.242
     EDU_C7                7.326      -0.172      -7.000    0.07%       5.000      6.000      7.000
            1350.000       9.547       1.192      18.000    0.07%       8.000     10.000
     HTM_C                -0.013      -0.209      -0.355    0.15%      -0.076     -0.025     -0.012
            1350.000       0.005       0.957       0.203    0.22%       0.000      0.051


THE MODEL ESTIMATION TERMINATED NORMALLY



MODEL FIT INFORMATION

Number of Free Parameters                       29

Loglikelihood

          H0 Value                      -21293.344
          H0 Scaling Correction Factor      1.7019
            for MLR

Information Criteria

          Akaike (AIC)                   42644.689
          Bayesian (BIC)                 42795.717
          Sample-Size Adjusted BIC       42703.596
            (n* = (n + 2) / 24)



MODEL RESULTS

                                                    Two-Tailed
                    Estimate       S.E.  Est./S.E.    P-Value

 IA         ON
    AGE_C70           -0.622      0.043    -14.414      0.000
    EDU_C7             0.368      0.106      3.482      0.000
    HTM_C             40.470      4.320      9.368      0.000

 SA         ON
    AGE_C70           -0.031      0.010     -3.105      0.002
    EDU_C7            -0.047      0.027     -1.740      0.082
    HTM_C             -0.994      1.168     -0.852      0.394

 IB         ON
    AGE_C70           -0.041      0.006     -6.798      0.000
    EDU_C7             0.107      0.015      6.981      0.000
    HTM_C              1.746      0.613      2.846      0.004

 SB         ON
    AGE_C70           -0.006      0.002     -3.194      0.001
    EDU_C7             0.001      0.005      0.119      0.905
    HTM_C             -0.083      0.190     -0.433      0.665

 IA       WITH
    SA                -1.240      0.877     -1.413      0.158
    IB                 2.154      0.719      2.998      0.003
    SB                 0.208      0.156      1.333      0.183

 SA       WITH
    IB                 0.242      0.122      1.987      0.047
    SB                 0.120      0.041      2.925      0.003

 IB       WITH
    SB                 0.094      0.041      2.325      0.020

 A_00     WITH
    B_00              -0.055      0.076     -0.720      0.471

 A_01     WITH
    B_01              -0.055      0.076     -0.720      0.471

 A_02     WITH
    B_02              -0.055      0.076     -0.720      0.471

 A_03     WITH
    B_03              -0.055      0.076     -0.720      0.471

 A_04     WITH
    B_04              -0.055      0.076     -0.720      0.471

 Intercepts
    A_00               0.000      0.000    999.000    999.000
    A_01               0.000      0.000    999.000    999.000
    A_02               0.000      0.000    999.000    999.000
    A_03               0.000      0.000    999.000    999.000
    A_04               0.000      0.000    999.000    999.000
    B_00               0.000      0.000    999.000    999.000
    B_01               0.000      0.000    999.000    999.000
    B_02               0.000      0.000    999.000    999.000
    B_03               0.000      0.000    999.000    999.000
    B_04               0.000      0.000    999.000    999.000
    IA                44.277      0.997     44.404      0.000
    SA                -0.705      0.251     -2.806      0.005
    IB                13.338      0.145     91.796      0.000
    SB                -0.035      0.048     -0.726      0.468

 Residual Variances
    A_00              19.742      0.905     21.824      0.000
    A_01              19.742      0.905     21.824      0.000
    A_02              19.742      0.905     21.824      0.000
    A_03              19.742      0.905     21.824      0.000
    A_04              19.742      0.905     21.824      0.000
    B_00               0.579      0.031     18.407      0.000
    B_01               0.579      0.031     18.407      0.000
    B_02               0.579      0.031     18.407      0.000
    B_03               0.579      0.031     18.407      0.000
    B_04               0.579      0.031     18.407      0.000
    IA                94.512      5.269     17.939      0.000
    SA                 1.266      0.284      4.455      0.000
    IB                 1.770      0.235      7.515      0.000
    SB                 0.121      0.020      6.169      0.000

New/Additional Parameters
    R_IAIB             0.167      0.047      3.556      0.000
    R_SASB             0.307      0.098      3.133      0.002
    R_RES_AB          -0.016      0.022     -0.722      0.470


QUALITY OF NUMERICAL RESULTS

     Condition Number for the Information Matrix              0.493E-05
       (ratio of smallest to largest eigenvalue)


CONFIDENCE INTERVALS OF MODEL RESULTS

                  Lower .5%  Lower 2.5%    Lower 5%    Estimate    Upper 5%  Upper 2.5%   Upper .5%

 IA       ON
    AGE_C70         -0.733      -0.706      -0.693      -0.622      -0.551      -0.537      -0.511
    EDU_C7           0.096       0.161       0.194       0.368       0.542       0.575       0.641
    HTM_C           29.342      32.003      33.363      40.470      47.577      48.938      51.598

 SA       ON
    AGE_C70         -0.057      -0.051      -0.048      -0.031      -0.015      -0.011      -0.005
    EDU_C7          -0.117      -0.100      -0.092      -0.047      -0.003       0.006       0.023
    HTM_C           -4.002      -3.283      -2.915      -0.994       0.926       1.294       2.013

 IB       ON
    AGE_C70         -0.056      -0.052      -0.050      -0.041      -0.031      -0.029      -0.025
    EDU_C7           0.068       0.077       0.082       0.107       0.133       0.138       0.147
    HTM_C            0.166       0.544       0.737       1.746       2.755       2.949       3.326

 SB       ON
    AGE_C70         -0.010      -0.009      -0.008      -0.006      -0.003      -0.002      -0.001
    EDU_C7          -0.012      -0.009      -0.008       0.001       0.009       0.011       0.014
    HTM_C           -0.573      -0.456      -0.396      -0.083       0.231       0.291       0.408

 IA       WITH
    SA              -3.500      -2.960      -2.683      -1.240       0.203       0.480       1.020
    IB               0.303       0.746       0.972       2.154       3.336       3.562       4.005
    SB              -0.194      -0.098      -0.049       0.208       0.465       0.514       0.611

 SA       WITH
    IB              -0.072       0.003       0.042       0.242       0.442       0.481       0.556
    SB               0.014       0.040       0.053       0.120       0.188       0.201       0.226

 IB       WITH
    SB              -0.010       0.015       0.028       0.094       0.161       0.174       0.199

 A_00     WITH
    B_00            -0.251      -0.204      -0.180      -0.055       0.070       0.094       0.141

 A_01     WITH
    B_01            -0.251      -0.204      -0.180      -0.055       0.070       0.094       0.141

 A_02     WITH
    B_02            -0.251      -0.204      -0.180      -0.055       0.070       0.094       0.141

 A_03     WITH
    B_03            -0.251      -0.204      -0.180      -0.055       0.070       0.094       0.141

 A_04     WITH
    B_04            -0.251      -0.204      -0.180      -0.055       0.070       0.094       0.141

 Intercepts
    A_00             0.000       0.000       0.000       0.000       0.000       0.000       0.000
    A_01             0.000       0.000       0.000       0.000       0.000       0.000       0.000
    A_02             0.000       0.000       0.000       0.000       0.000       0.000       0.000
    A_03             0.000       0.000       0.000       0.000       0.000       0.000       0.000
    A_04             0.000       0.000       0.000       0.000       0.000       0.000       0.000
    B_00             0.000       0.000       0.000       0.000       0.000       0.000       0.000
    B_01             0.000       0.000       0.000       0.000       0.000       0.000       0.000
    B_02             0.000       0.000       0.000       0.000       0.000       0.000       0.000
    B_03             0.000       0.000       0.000       0.000       0.000       0.000       0.000
    B_04             0.000       0.000       0.000       0.000       0.000       0.000       0.000
    IA              41.708      42.323      42.637      44.277      45.917      46.231      46.845
    SA              -1.351      -1.197      -1.118      -0.705      -0.292      -0.212      -0.058
    IB              12.964      13.053      13.099      13.338      13.577      13.623      13.712
    SB              -0.160      -0.130      -0.115      -0.035       0.044       0.060       0.089

 Residual Variances
    A_00            17.412      17.969      18.254      19.742      21.230      21.515      22.072
    A_01            17.412      17.969      18.254      19.742      21.230      21.515      22.072
    A_02            17.412      17.969      18.254      19.742      21.230      21.515      22.072
    A_03            17.412      17.969      18.254      19.742      21.230      21.515      22.072
    A_04            17.412      17.969      18.254      19.742      21.230      21.515      22.072
    B_00             0.498       0.517       0.527       0.579       0.631       0.641       0.660
    B_01             0.498       0.517       0.527       0.579       0.631       0.641       0.660
    B_02             0.498       0.517       0.527       0.579       0.631       0.641       0.660
    B_03             0.498       0.517       0.527       0.579       0.631       0.641       0.660
    B_04             0.498       0.517       0.527       0.579       0.631       0.641       0.660
    IA              80.941      84.185      85.845      94.512     103.178     104.838     108.082
    SA               0.534       0.709       0.799       1.266       1.734       1.823       1.999
    IB               1.163       1.308       1.382       1.770       2.157       2.231       2.376
    SB               0.070       0.082       0.088       0.121       0.153       0.159       0.171

New/Additional Parameters
    R_IAIB           0.046       0.075       0.090       0.167       0.244       0.258       0.287
    R_SASB           0.055       0.115       0.146       0.307       0.469       0.500       0.560
    R_RES_AB        -0.074      -0.060      -0.053      -0.016       0.021       0.028       0.042


SAMPLE STATISTICS FOR ESTIMATED FACTOR SCORES


     SAMPLE STATISTICS


           Means
              IA            IA_SE         SA            SA_SE         IB
              ________      ________      ________      ________      ________
 1             40.461         3.357        -1.339         0.987        13.711


           Means
              IB_SE         SB            SB_SE
              ________      ________      ________
 1              0.502        -0.084         0.228


           Covariances
              IA            IA_SE         SA            SA_SE         IB
              ________      ________      ________      ________      ________
 IA           121.098
 IA_SE          0.401         2.000
 SA             0.819        -0.001         0.360
 SA_SE         -0.019         0.066        -0.002         0.008
 IB             4.915        -0.030         0.274        -0.011         1.774
 IB_SE         -0.103         0.043        -0.004         0.003        -0.018
 SB             0.455        -0.004         0.088        -0.001         0.158
 SB_SE         -0.103         0.036        -0.004         0.004        -0.016


           Covariances
              IB_SE         SB            SB_SE
              ________      ________      ________
 IB_SE          0.008
 SB            -0.001         0.067
 SB_SE          0.003        -0.001         0.004


           Correlations
              IA            IA_SE         SA            SA_SE         IB
              ________      ________      ________      ________      ________
 IA             1.000
 IA_SE          0.026         1.000
 SA             0.124        -0.001         1.000
 SA_SE         -0.019         0.511        -0.043         1.000
 IB             0.335        -0.016         0.343        -0.090         1.000
 IB_SE         -0.105         0.344        -0.070         0.389        -0.151
 SB             0.160        -0.011         0.565        -0.053         0.458
 SB_SE         -0.157         0.431        -0.114         0.699        -0.201


           Correlations
              IB_SE         SB            SB_SE
              ________      ________      ________
 IB_SE          1.000
 SB            -0.061         1.000
 SB_SE          0.630        -0.088         1.000


RESULTS SAVING INFORMATION

  Order of data

    Parameter estimates
     (saved in order shown in Technical 1 output)
    Standard errors
     (saved in order shown in Technical 1 output)
    H0 Loglikelihood
    H0 Scaling Correction Factor for MLR
    Number of Free Parameters
    Akaike (AIC)
    Bayesian (BIC)
    Sample-Size Adjusted BIC
    Condition Number

  Save file
    b1_female_aeh_grip_bnt_results.dat

  Save file format           Free


PLOT INFORMATION

The following plots are available:

  Histograms (sample values, estimated factor scores)
  Scatterplots (sample values, estimated factor scores)
  Latent variable distribution plots

SAVEDATA INFORMATION


  Save file
    b1_female_aeh_grip_bnt_fscores.dat

  Order and format of variables

    A_00           F10.3
    A_01           F10.3
    A_02           F10.3
    A_03           F10.3
    A_04           F10.3
    B_00           F10.3
    B_01           F10.3
    B_02           F10.3
    B_03           F10.3
    B_04           F10.3
    AGE_C70        F10.3
    EDU_C7         F10.3
    HTM_C          F10.3
    TIME_00        F10.3
    TIME_01        F10.3
    TIME_02        F10.3
    TIME_03        F10.3
    TIME_04        F10.3
    IA             F10.3
    IA_SE          F10.3
    SA             F10.3
    SA_SE          F10.3
    IB             F10.3
    IB_SE          F10.3
    SB             F10.3
    SB_SE          F10.3

  Save file format
    26F10.3

  Save file record length    10000


     Beginning Time:  21:54:01
        Ending Time:  21:54:06
       Elapsed Time:  00:00:05



MUTHEN & MUTHEN
3463 Stoner Ave.
Los Angeles, CA  90066

Tel: (310) 391-9971
Fax: (310) 391-8971
Web: www.StatModel.com
Support: Support@StatModel.com

Copyright (c) 1998-2015 Muthen & Muthen
