Mplus VERSION 7.3 (Mac)
MUTHEN & MUTHEN
06/16/2015   2:41 PM

INPUT INSTRUCTIONS

  TITLE: fev - Digits Back - female - age

  DATA:  File = satsa.dat;

  VARIABLE: Names are
  twinnr pairid sex01 przygup rear iage1-iage7 intakeage time1-time7 dem1-dem7
  s_demen_onset
  htcm wtkg qualc depr cv chd sumill eversmoke diabete
  marital msgroup sesobj educ edugr
  fev1_1-fev1_7 ht_1-ht_7 grip1-grip7 gait2-gait7
  stupt_2-stupt_7 stuprt_2-stuprt_7
  idigf_r1-idigf_r7 idigb_r1-idigb_r7 ibloc_r1-ibloc_r7 ithur_r1-ithur_r7
  isynm_r1-isynm_r7 iinfo_r1-iinfo_r7 ianal_r1-ianal_r7 irota_r1-irota_r7
  ifigi_r1-ifigi_r7 isymd_r1-isymd_r7 mmse7_1-mmse7_7
  tverb1-tverb7 tspat1-tspat7 tmemo1-tmemo7 tsped1-tsped7 tpcom1-tpcom7;

         MISSING are .;
         USEVAR are  time1 time2 time3  time5 time6 time7
                     p1 p2 p3  p5 p6 p7
              	       c1 c2 c3  c5 c6 c7
                     Bage ceduc height;
         TSCORES =   time1 time2 time3   time5 time6 time7;

         USEOBSERVATIONS are  sex01 EQ 0;

  Define: p1=fev1_1; p2=fev1_2; p3=fev1_3; p5=fev1_5; p6=fev1_6; p7=fev1_7;
          c1=ianal_r1; c2=ianal_r2; c3=ianal_r3; c5=ianal_r5; c6=ianal_r6; c7=ianal_r7;

          Bage=intakeage-70;   !Centered at Age 70
          !Bagesq=(intakeage-70)**2;

          Sex=0;         !0=Male
          cEduc=educ-1;     ! center at 1 as most equivalent to 7 years
          !SEP=SESgrp;
          !Marstat;
          Height=htcm-172;
          !Weight
          !BMI
          !SmokHist=Smoke;
          !Alcohol;
          !CompExp;
          !PhysAct;
          !BP;
          !DepSymp;
          !Cardio;
          !Diab;
          !MorbInd;

          !BageSex=Bage*Sex;
          !BageEduc=Bage*Educ;
          !SexEduc=Sex*Educ;

  ANALYSIS: TYPE = RANDOM;
  	estimator=mlf;

  MODEL:  ip sp | p1 p2 p3 p5 p6 p7 at time1 time2 time3 time5 time6 time7;
          ic sc | c1 c2 c3 c5 c6 c7 at time1 time2 time3 time5 time6 time7;

          !ip sp ic sc ON Bage  ;

          p1-p7 (res_p);
          c1-c7 (res_c);

          p1 p2 p3 p5 p6 p7 pwith c1 c2 c3 c5 c6 c7(res_cov);

  OUTPUT: sampstat ;





*** WARNING in MODEL command
  Variable is uncorrelated with all other variables:  BAGE
*** WARNING in MODEL command
  Variable is uncorrelated with all other variables:  CEDUC
*** WARNING in MODEL command
  Variable is uncorrelated with all other variables:  HEIGHT
*** WARNING in MODEL command
  At least one variable is uncorrelated with all other variables in the model.
  Check that this is what is intended.
   4 WARNING(S) FOUND IN THE INPUT INSTRUCTIONS



fev - Digits Back - female - age

SUMMARY OF ANALYSIS

Number of groups                                                 1
Number of observations                                         347

Number of dependent variables                                   15
Number of independent variables                                  0
Number of continuous latent variables                            4

Observed dependent variables

  Continuous
   P1          P2          P3          P5          P6          P7
   C1          C2          C3          C5          C6          C7
   BAGE        CEDUC       HEIGHT

Continuous latent variables
   IP          SP          IC          SC

Variables with special functions

  Time scores
   TIME1       TIME2       TIME3       TIME5       TIME6       TIME7


Estimator                                                      MLF
Information matrix                                        OBSERVED
Maximum number of iterations                                   100
Convergence criterion                                    0.100D-05
Maximum number of EM iterations                                500
Convergence criteria for the EM algorithm
  Loglikelihood change                                   0.100D-02
  Relative loglikelihood change                          0.100D-05
  Derivative                                             0.100D-03
Minimum variance                                         0.100D-03
Maximum number of steepest descent iterations                   20
Maximum number of iterations for H1                           2000
Convergence criterion for H1                             0.100D-03
Optimization algorithm                                         EMA

Input data file(s)
  satsa.dat
Input data format  FREE


SUMMARY OF DATA

     Number of missing data patterns            94


COVARIANCE COVERAGE OF DATA

Minimum covariance coverage value   0.100


     PROPORTION OF DATA PRESENT


           Covariance Coverage
              P1            P2            P3            P5            P6
              ________      ________      ________      ________      ________
 P1             0.599
 P2             0.464         0.657
 P3             0.450         0.576         0.663
 P5             0.297         0.412         0.447         0.599
 P6             0.236         0.320         0.354         0.473         0.493
 P7             0.179         0.262         0.294         0.401         0.392
 C1             0.597         0.536         0.524         0.337         0.265
 C2             0.452         0.620         0.582         0.427         0.334
 C3             0.412         0.539         0.611         0.429         0.352
 C5             0.280         0.386         0.418         0.553         0.470
 C6             0.222         0.308         0.346         0.458         0.467
 C7             0.150         0.233         0.254         0.354         0.349
 BAGE           0.599         0.657         0.663         0.599         0.493
 CEDUC          0.594         0.643         0.651         0.588         0.487
 HEIGHT         0.599         0.646         0.654         0.588         0.487


           Covariance Coverage
              P7            C1            C2            C3            C5
              ________      ________      ________      ________      ________
 P7             0.418
 C1             0.196         0.709
 C2             0.274         0.527         0.657
 C3             0.291         0.484         0.556         0.620
 C5             0.398         0.308         0.401         0.409         0.562
 C6             0.386         0.254         0.326         0.340         0.461
 C7             0.349         0.161         0.242         0.254         0.357
 BAGE           0.418         0.709         0.657         0.620         0.562
 CEDUC          0.412         0.700         0.643         0.608         0.553
 HEIGHT         0.412         0.709         0.646         0.611         0.556


           Covariance Coverage
              C6            C7            BAGE          CEDUC         HEIGHT
              ________      ________      ________      ________      ________
 C6             0.478
 C7             0.349         0.366
 BAGE           0.478         0.366         1.000
 CEDUC          0.473         0.360         0.983         0.983
 HEIGHT         0.473         0.360         0.986         0.974         0.986


SAMPLE STATISTICS


     ESTIMATED SAMPLE STATISTICS


           Means
              P1            P2            P3            P5            P6
              ________      ________      ________      ________      ________
 1              2.822         2.759         2.709         2.295         2.084


           Means
              P7            C1            C2            C3            C5
              ________      ________      ________      ________      ________
 1              2.047        15.859        15.669        15.530        14.885


           Means
              C6            C7            BAGE          CEDUC         HEIGHT
              ________      ________      ________      ________      ________
 1             14.105        14.827        -7.348         0.723         3.838


           Covariances
              P1            P2            P3            P5            P6
              ________      ________      ________      ________      ________
 P1             0.548
 P2             0.515         0.548
 P3             0.516         0.524         0.612
 P5             0.551         0.561         0.580         0.741
 P6             0.511         0.530         0.552         0.614         0.779
 P7             0.561         0.573         0.565         0.623         0.658
 C1             1.287         1.269         1.210         1.528         1.589
 C2             1.087         1.077         0.996         1.281         0.904
 C3             1.453         1.395         1.354         1.755         1.371
 C5             1.645         1.625         1.651         1.928         1.852
 C6             1.685         1.729         1.722         1.928         1.930
 C7             1.676         1.682         1.536         1.845         1.521
 BAGE          -3.199        -3.191        -3.160        -3.772        -3.969
 CEDUC          0.148         0.142         0.121         0.153         0.097
 HEIGHT         2.033         2.147         2.171         2.048         1.943


           Covariances
              P7            C1            C2            C3            C5
              ________      ________      ________      ________      ________
 P7             0.792
 C1             1.616        20.301
 C2             1.155        13.073        16.983
 C3             1.582        14.719        13.784        21.143
 C5             2.001        15.906        14.231        17.188        23.360
 C6             2.149        16.355        14.809        16.961        19.066
 C7             2.046        15.161        12.175        14.826        15.340
 BAGE          -3.878       -15.933       -14.123       -18.372       -20.238
 CEDUC          0.176         2.031         1.887         1.866         2.343
 HEIGHT         2.117        10.130         8.846        10.909        10.364


           Covariances
              C6            C7            BAGE          CEDUC         HEIGHT
              ________      ________      ________      ________      ________
 C6            24.321
 C7            17.168        20.885
 BAGE         -21.357       -19.012        67.530
 CEDUC          2.355         2.065        -1.099         0.991
 HEIGHT        10.464        12.855       -16.100         1.577        41.772


           Correlations
              P1            P2            P3            P5            P6
              ________      ________      ________      ________      ________
 P1             1.000
 P2             0.940         1.000
 P3             0.890         0.905         1.000
 P5             0.865         0.880         0.862         1.000
 P6             0.782         0.810         0.799         0.808         1.000
 P7             0.851         0.870         0.812         0.814         0.838
 C1             0.386         0.380         0.343         0.394         0.399
 C2             0.356         0.353         0.309         0.361         0.249
 C3             0.427         0.410         0.376         0.443         0.338
 C5             0.460         0.454         0.437         0.463         0.434
 C6             0.462         0.474         0.447         0.454         0.443
 C7             0.495         0.497         0.430         0.469         0.377
 BAGE          -0.526        -0.524        -0.492        -0.533        -0.547
 CEDUC          0.200         0.192         0.155         0.179         0.111
 HEIGHT         0.425         0.449         0.429         0.368         0.341


           Correlations
              P7            C1            C2            C3            C5
              ________      ________      ________      ________      ________
 P7             1.000
 C1             0.403         1.000
 C2             0.315         0.704         1.000
 C3             0.387         0.710         0.727         1.000
 C5             0.465         0.730         0.714         0.773         1.000
 C6             0.490         0.736         0.729         0.748         0.800
 C7             0.503         0.736         0.646         0.706         0.695
 BAGE          -0.530        -0.430        -0.417        -0.486        -0.510
 CEDUC          0.199         0.453         0.460         0.408         0.487
 HEIGHT         0.368         0.348         0.332         0.367         0.332


           Correlations
              C6            C7            BAGE          CEDUC         HEIGHT
              ________      ________      ________      ________      ________
 C6             1.000
 C7             0.762         1.000
 BAGE          -0.527        -0.506         1.000
 CEDUC          0.480         0.454        -0.134         1.000
 HEIGHT         0.328         0.435        -0.303         0.245         1.000


     MAXIMUM LOG-LIKELIHOOD VALUE FOR THE UNRESTRICTED (H1) MODEL IS -6354.696


UNIVARIATE HIGHER-ORDER MOMENT DESCRIPTIVE STATISTICS


     UNIVARIATE HIGHER-ORDER MOMENT DESCRIPTIVE STATISTICS

         Variable/         Mean/     Skewness/   Minimum/ % with                Percentiles
        Sample Size      Variance    Kurtosis    Maximum  Min/Max      20%/60%    40%/80%    Median

     P1                    2.725      -0.166       0.700    0.48%       2.100      2.600      2.800
             208.000       0.517      -0.120       4.600    0.96%       3.000      3.300
     P2                    2.740      -0.322       0.570    0.44%       2.150      2.600      2.800
             228.000       0.498       0.034       4.550    0.44%       2.920      3.350
     P3                    2.708      -0.212       0.700    0.43%       2.100      2.600      2.755
             230.000       0.555      -0.099       4.530    0.43%       2.870      3.330
     P5                    2.577      -0.188       0.440    0.48%       1.900      2.390      2.570
             208.000       0.606      -0.306       4.490    0.48%       2.730      3.290
     P6                    2.471      -0.212       0.460    0.58%       1.750      2.260      2.520
             171.000       0.579      -0.490       4.290    0.58%       2.680      3.200
     P7                    2.519      -0.052       0.770    0.69%       1.930      2.360      2.490
             145.000       0.489      -0.457       4.190    0.69%       2.750      3.100
     C1                   15.191       0.385       5.000    0.41%      11.000     13.000     14.000
             246.000      18.976      -0.595      27.000    0.41%      16.000     19.000
     C2                   15.640       0.232       7.000    0.44%      12.000     14.000     15.000
             228.000      15.186      -0.746      25.000    0.88%      16.000     19.000
     C3                   15.716       0.204       4.000    0.47%      12.000     14.000     15.000
             215.000      18.575      -0.312      27.000    0.47%      17.000     19.000
     C5                   16.410      -0.142       5.000    0.51%      13.000     15.000     16.000
             195.000      20.591      -0.502      26.000    1.54%      18.000     21.000
     C6                   15.994      -0.160       2.000    0.60%      12.000     14.000     16.000
             166.000      19.066      -0.356      25.000    1.20%      17.000     20.000
     C7                   17.173      -0.683       2.000    0.79%      14.000     16.000     17.000
             127.000      15.876       0.672      24.000    1.57%      19.000     21.000
     BAGE                 -7.348       0.247     -27.605    0.29%     -15.374    -10.005     -6.917
             347.000      67.530      -0.300      17.816    0.29%      -4.833     -0.339
     CEDUC                 0.721       1.171       0.000   57.48%       0.000      0.000      0.000
             341.000       0.987       0.121       3.000    9.68%       1.000      1.000
     HEIGHT                3.860       0.331     -10.000    0.29%      -2.000      1.000      3.000
             342.000      41.857      -0.434      22.000    0.29%       5.000     10.000


THE MODEL ESTIMATION TERMINATED NORMALLY



MODEL FIT INFORMATION

Number of Free Parameters                       23

Loglikelihood

          H0 Value                       -6659.093

Information Criteria

          Akaike (AIC)                   13364.187
          Bayesian (BIC)                 13452.721
          Sample-Size Adjusted BIC       13379.758
            (n* = (n + 2) / 24)



MODEL RESULTS

                                                    Two-Tailed
                    Estimate       S.E.  Est./S.E.    P-Value

 SP       WITH
    IP                 0.001      0.002      0.231      0.817

 IC       WITH
    IP                 1.057      0.237      4.469      0.000
    SP                 0.001      0.010      0.129      0.897

 SC       WITH
    IP                 0.022      0.011      2.005      0.045
    SP                 0.000      0.001      0.361      0.718
    IC                 0.022      0.081      0.278      0.781

 P1       WITH
    C1                 0.049      0.033      1.490      0.136

 P2       WITH
    C2                 0.049      0.033      1.490      0.136

 P3       WITH
    C3                 0.049      0.033      1.490      0.136

 P5       WITH
    C5                 0.049      0.033      1.490      0.136

 P6       WITH
    C6                 0.049      0.033      1.490      0.136

 P7       WITH
    C7                 0.049      0.033      1.490      0.136

 Means
    BAGE              -7.348      0.597    -12.316      0.000
    CEDUC              0.721      0.104      6.952      0.000
    HEIGHT             3.860      0.442      8.727      0.000
    IP                 2.881      0.057     50.177      0.000
    SP                -0.041      0.002    -17.994      0.000
    IC                15.871      0.322     49.311      0.000
    SC                -0.062      0.017     -3.767      0.000

 Intercepts
    P1                 0.000      0.000    999.000    999.000
    P2                 0.000      0.000    999.000    999.000
    P3                 0.000      0.000    999.000    999.000
    P5                 0.000      0.000    999.000    999.000
    P6                 0.000      0.000    999.000    999.000
    P7                 0.000      0.000    999.000    999.000
    C1                 0.000      0.000    999.000    999.000
    C2                 0.000      0.000    999.000    999.000
    C3                 0.000      0.000    999.000    999.000
    C5                 0.000      0.000    999.000    999.000
    C6                 0.000      0.000    999.000    999.000
    C7                 0.000      0.000    999.000    999.000

 Variances
    BAGE              67.530      6.002     11.252      0.000
    CEDUC              0.987      0.130      7.599      0.000
    HEIGHT            41.857      4.007     10.446      0.000
    IP                 0.480      0.055      8.680      0.000
    SP                 0.000      0.000      3.090      0.002
    IC                13.478      2.072      6.506      0.000
    SC                 0.005      0.004      1.250      0.211

 Residual Variances
    P1                 0.093      0.003     27.793      0.000
    P2                 0.093      0.003     27.793      0.000
    P3                 0.093      0.003     27.793      0.000
    P5                 0.093      0.003     27.793      0.000
    P6                 0.093      0.003     27.793      0.000
    P7                 0.093      0.003     27.793      0.000
    C1                 5.566      0.288     19.307      0.000
    C2                 5.566      0.288     19.307      0.000
    C3                 5.566      0.288     19.307      0.000
    C5                 5.566      0.288     19.307      0.000
    C6                 5.566      0.288     19.307      0.000
    C7                 5.566      0.288     19.307      0.000


QUALITY OF NUMERICAL RESULTS

     Condition Number for the Information Matrix              0.134E-04
       (ratio of smallest to largest eigenvalue)


     Beginning Time:  14:41:41
        Ending Time:  14:41:43
       Elapsed Time:  00:00:02



MUTHEN & MUTHEN
3463 Stoner Ave.
Los Angeles, CA  90066

Tel: (310) 391-9971
Fax: (310) 391-8971
Web: www.StatModel.com
Support: Support@StatModel.com

Copyright (c) 1998-2014 Muthen & Muthen
