Mplus VERSION 7.3 (Mac)
MUTHEN & MUTHEN
02/27/2015   1:44 PM

INPUT INSTRUCTIONS

  TITLE: grip - analogies - male - age & education

  DATA:  File = satsa.dat;

  VARIABLE: Names are
  twinnr pairid sex01 przygup rear iage1-iage7 intakeage time1-time7 dem1-dem7
  s_demen_onset
  htcm wtkg qualc depr cv chd sumill eversmoke diabete
  marital msgroup sesobj educ edugr
  fev1_1-fev1_7 ht_1-ht_7 grip1-grip7 gait2-gait7
  stupt_2-stupt_7 stuprt_2-stuprt_7
  idigf_r1-idigf_r7 idigb_r1-idigb_r7 ibloc_r1-ibloc_r7 ithur_r1-ithur_r7
  isynm_r1-isynm_r7 iinfo_r1-iinfo_r7 ianal_r1-ianal_r7 irota_r1-irota_r7
  ifigi_r1-ifigi_r7 isymd_r1-isymd_r7 mmse7_1-mmse7_7
  tverb1-tverb7 tspat1-tspat7 tmemo1-tmemo7 tsped1-tsped7 tpcom1-tpcom7;

         MISSING are .;
         USEVAR are  time1 time2 time3  time5 time6 time7
                     p1 p2 p3  p5 p6 p7
                     c1 c2 c3  c5 c6 c7
                     Bage ceduc;
         TSCORES =   time1 time2 time3   time5 time6 time7;

         USEOBSERVATIONS are  sex01 EQ 0;

  Define: p1=grip1; p2=grip2; p3=grip3; p5=grip5; p6=grip6; p7=grip7;
          c1=ianal_r1; c2=ianal_r2; c3=ianal_r3; c5=ianal_r5; c6=ianal_r6; c7=ianal_r7;

          Bage=intakeage-70;   !Centered at Age 70
          !Bagesq=(intakeage-70)**2;

          Sex=0;         !0=Male
          cEduc=educ-1;     ! center at 1 as most equivalent to 7 years
          !SEP=SESgrp;
          !Marstat;
          !Height
          !Weight
          !BMI
          !SmokHist=Smoke;
          !Alcohol;
          !CompExp;
          !PhysAct;
          !BP;
          !DepSymp;
          !Cardio;
          !Diab;
          !MorbInd;

          !BageSex=Bage*Sex;
          !BageEduc=Bage*Educ;
          !SexEduc=Sex*Educ;

  ANALYSIS: TYPE = RANDOM;
  	estimator=mlf;

  MODEL:  ip sp | p1 p2 p3 p5 p6 p7 at time1 time2 time3 time5 time6 time7;
          ic sc | c1 c2 c3 c5 c6 c7 at time1 time2 time3 time5 time6 time7;

          ip sp ic sc ON Bage ceduc;

          p1-p7 (res_p);
          c1-c7 (res_c);

          p1 p2 p3 p5 p6 p7 pwith c1 c2 c3 c5 c6 c7(res_cov);

  OUTPUT: sampstat ;





*** WARNING
  Data set contains cases with missing on x-variables.
  These cases were not included in the analysis.
  Number of cases with missing on x-variables:  6
   1 WARNING(S) FOUND IN THE INPUT INSTRUCTIONS



grip - analogies - male - age & education

SUMMARY OF ANALYSIS

Number of groups                                                 1
Number of observations                                         341

Number of dependent variables                                   12
Number of independent variables                                  2
Number of continuous latent variables                            4

Observed dependent variables

  Continuous
   P1          P2          P3          P5          P6          P7
   C1          C2          C3          C5          C6          C7

Observed independent variables
   BAGE        CEDUC

Continuous latent variables
   IP          SP          IC          SC

Variables with special functions

  Time scores
   TIME1       TIME2       TIME3       TIME5       TIME6       TIME7


Estimator                                                      MLF
Information matrix                                        OBSERVED
Maximum number of iterations                                   100
Convergence criterion                                    0.100D-05
Maximum number of EM iterations                                500
Convergence criteria for the EM algorithm
  Loglikelihood change                                   0.100D-02
  Relative loglikelihood change                          0.100D-05
  Derivative                                             0.100D-03
Minimum variance                                         0.100D-03
Maximum number of steepest descent iterations                   20
Maximum number of iterations for H1                           2000
Convergence criterion for H1                             0.100D-03
Optimization algorithm                                         EMA

Input data file(s)
  satsa.dat
Input data format  FREE


SUMMARY OF DATA

     Number of missing data patterns            70


COVARIANCE COVERAGE OF DATA

Minimum covariance coverage value   0.100


     PROPORTION OF DATA PRESENT


           Covariance Coverage
              P1            P2            P3            P5            P6
              ________      ________      ________      ________      ________
 P1             0.713
 P2             0.581         0.704
 P3             0.531         0.619         0.672
 P5             0.331         0.425         0.449         0.598
 P6             0.282         0.364         0.372         0.496         0.516
 P7             0.205         0.290         0.305         0.419         0.419
 C1             0.710         0.581         0.531         0.331         0.282
 C2             0.531         0.654         0.589         0.413         0.355
 C3             0.487         0.581         0.616         0.419         0.361
 C5             0.308         0.408         0.425         0.557         0.481
 C6             0.255         0.337         0.349         0.466         0.475
 C7             0.161         0.243         0.255         0.355         0.355
 BAGE           0.713         0.704         0.672         0.598         0.516
 CEDUC          0.713         0.704         0.672         0.598         0.516


           Covariance Coverage
              P7            C1            C2            C3            C5
              ________      ________      ________      ________      ________
 P7             0.434
 C1             0.205         0.713
 C2             0.282         0.531         0.654
 C3             0.296         0.487         0.554         0.619
 C5             0.411         0.308         0.399         0.408         0.563
 C6             0.399         0.255         0.326         0.340         0.463
 C7             0.352         0.161         0.240         0.252         0.358
 BAGE           0.434         0.713         0.654         0.619         0.563
 CEDUC          0.434         0.713         0.654         0.619         0.563


           Covariance Coverage
              C6            C7            BAGE          CEDUC
              ________      ________      ________      ________
 C6             0.481
 C7             0.349         0.367
 BAGE           0.481         0.367         1.000
 CEDUC          0.481         0.367         1.000         1.000


SAMPLE STATISTICS


     ESTIMATED SAMPLE STATISTICS


           Means
              P1            P2            P3            P5            P6
              ________      ________      ________      ________      ________
 1             42.641        40.625        38.935        32.309        26.914


           Means
              P7            C1            C2            C3            C5
              ________      ________      ________      ________      ________
 1             29.228        15.841        15.635        15.504        14.941


           Means
              C6            C7            BAGE          CEDUC
              ________      ________      ________      ________
 1             14.174        14.855        -7.370         0.721


           Covariances
              P1            P2            P3            P5            P6
              ________      ________      ________      ________      ________
 P1           110.285
 P2            73.123        94.634
 P3            72.293        72.278        93.922
 P5           105.047       146.848       135.249       618.838
 P6            79.904        78.306        77.195       119.191       122.408
 P7            96.256        87.055        88.070       111.202       111.426
 C1            14.110        14.410        15.445         2.168        20.114
 C2            10.687        13.548        13.786        13.150        16.156
 C3            13.678        14.270        17.300        24.738        20.030
 C5            15.787        20.564        19.003        36.761        26.253
 C6            19.301        18.170        20.522        32.678        27.529
 C7            19.649        18.323        16.582        22.882        24.976
 BAGE         -41.116       -40.351       -44.763       -73.033       -55.781
 CEDUC          0.534         1.313         1.098         0.140         1.139


           Covariances
              P7            C1            C2            C3            C5
              ________      ________      ________      ________      ________
 P7           164.890
 C1            24.918        20.221
 C2            18.412        12.672        16.528
 C3            24.838        14.212        13.305        20.747
 C5            29.397        15.170        13.371        16.921        22.951
 C6            33.131        15.901        14.222        16.579        18.632
 C7            33.045        14.566        11.666        14.741        14.740
 BAGE         -64.550       -15.286       -13.476       -18.494       -19.523
 CEDUC          1.801         1.993         1.832         1.775         2.260


           Covariances
              C6            C7            BAGE          CEDUC
              ________      ________      ________      ________
 C6            24.000
 C7            16.502        20.335
 BAGE         -21.263       -18.445        67.014
 CEDUC          2.272         1.913        -1.069         0.987


           Correlations
              P1            P2            P3            P5            P6
              ________      ________      ________      ________      ________
 P1             1.000
 P2             0.716         1.000
 P3             0.710         0.767         1.000
 P5             0.402         0.607         0.561         1.000
 P6             0.688         0.728         0.720         0.433         1.000
 P7             0.714         0.697         0.708         0.348         0.784
 C1             0.299         0.329         0.354         0.019         0.404
 C2             0.250         0.343         0.350         0.130         0.359
 C3             0.286         0.322         0.392         0.218         0.397
 C5             0.314         0.441         0.409         0.308         0.495
 C6             0.375         0.381         0.432         0.268         0.508
 C7             0.415         0.418         0.379         0.204         0.501
 BAGE          -0.478        -0.507        -0.564        -0.359        -0.616
 CEDUC          0.051         0.136         0.114         0.006         0.104


           Correlations
              P7            C1            C2            C3            C5
              ________      ________      ________      ________      ________
 P7             1.000
 C1             0.432         1.000
 C2             0.353         0.693         1.000
 C3             0.425         0.694         0.719         1.000
 C5             0.478         0.704         0.687         0.775         1.000
 C6             0.527         0.722         0.714         0.743         0.794
 C7             0.571         0.718         0.636         0.718         0.682
 BAGE          -0.614        -0.415        -0.405        -0.496        -0.498
 CEDUC          0.141         0.446         0.454         0.392         0.475


           Correlations
              C6            C7            BAGE          CEDUC
              ________      ________      ________      ________
 C6             1.000
 C7             0.747         1.000
 BAGE          -0.530        -0.500         1.000
 CEDUC          0.467         0.427        -0.131         1.000


     MAXIMUM LOG-LIKELIHOOD VALUE FOR THE UNRESTRICTED (H1) MODEL IS -8945.458


UNIVARIATE HIGHER-ORDER MOMENT DESCRIPTIVE STATISTICS


     UNIVARIATE HIGHER-ORDER MOMENT DESCRIPTIVE STATISTICS

         Variable/         Mean/     Skewness/   Minimum/ % with                Percentiles
        Sample Size      Variance    Kurtosis    Maximum  Min/Max      20%/60%    40%/80%    Median

     P1                   40.383      -0.335       8.000    0.41%      34.000     38.000     41.000
             243.000      99.100       0.812      68.000    0.41%      43.000     48.000
     P2                   40.296       0.152      20.000    0.42%      34.000     37.000     40.000
             240.000      75.633       0.119      68.000    0.42%      43.000     47.000
     P3                   39.100       0.329      15.000    0.44%      33.000     38.000     40.000
             229.000      74.169       1.492      70.000    0.44%      41.000     44.000
     P5                   37.407       9.679       7.000    0.49%      27.000     33.000     35.000
             204.000     562.516     118.652     335.000    0.49%      37.000     45.000
     P6                   31.034       0.383       6.000    0.57%      22.000     28.000     30.000
             176.000      95.442       0.794      70.000    0.57%      34.000     39.000
     P7                   34.635       0.187       1.000    0.68%      25.000     32.000     35.000
             148.000     125.070       0.593      70.000    0.68%      37.000     43.000
     C1                   15.198       0.388       5.000    0.41%      11.000     13.000     14.000
             243.000      18.726      -0.577      27.000    0.41%      16.000     19.000
     C2                   15.610       0.245       7.000    0.45%      12.000     14.000     15.000
             223.000      15.090      -0.704      25.000    0.90%      16.000     19.000
     C3                   15.706       0.228       4.000    0.47%      12.000     14.000     15.000
             211.000      18.587      -0.294      27.000    0.47%      17.000     19.000
     C5                   16.370      -0.129       5.000    0.52%      12.000     15.000     16.000
             192.000      20.671      -0.501      26.000    1.56%      18.000     21.000
     C6                   16.006      -0.165       2.000    0.61%      12.000     14.000     16.000
             164.000      19.177      -0.358      25.000    1.22%      17.000     20.000
     C7                   17.176      -0.703       2.000    0.80%      14.000     16.000     17.000
             125.000      15.729       0.762      24.000    1.60%      19.000     20.000
     BAGE                 -7.370       0.250     -27.605    0.29%     -15.299    -10.008     -6.973
             341.000      67.014      -0.278      17.816    0.29%      -4.833     -0.339
     CEDUC                 0.721       1.171       0.000   57.48%       0.000      0.000      0.000
             341.000       0.987       0.121       3.000    9.68%       1.000      1.000


THE MODEL ESTIMATION TERMINATED NORMALLY



MODEL FIT INFORMATION

Number of Free Parameters                       25

Loglikelihood

          H0 Value                       -7702.964

Information Criteria

          Akaike (AIC)                   15455.928
          Bayesian (BIC)                 15551.725
          Sample-Size Adjusted BIC       15472.419
            (n* = (n + 2) / 24)



MODEL RESULTS

                                                    Two-Tailed
                    Estimate       S.E.  Est./S.E.    P-Value

 IP         ON
    BAGE              -0.580      0.098     -5.907      0.000
    CEDUC              0.003      0.830      0.004      0.997

 SP         ON
    BAGE              -0.016      0.012     -1.340      0.180
    CEDUC              0.017      0.072      0.238      0.812

 IC         ON
    BAGE              -0.198      0.026     -7.732      0.000
    CEDUC              1.737      0.194      8.954      0.000

 SC         ON
    BAGE              -0.004      0.002     -1.911      0.056
    CEDUC              0.008      0.016      0.493      0.622

 SP       WITH
    IP                 0.637      0.948      0.672      0.501

 IC       WITH
    IP                 1.993      2.926      0.681      0.496
    SP                 0.176      0.270      0.652      0.514

 SC       WITH
    IP                 0.104      0.222      0.469      0.639
    SP                 0.005      0.018      0.270      0.787
    IC                -0.018      0.060     -0.304      0.761

 P1       WITH
    C1                 3.279      1.877      1.747      0.081

 P2       WITH
    C2                 3.279      1.877      1.747      0.081

 P3       WITH
    C3                 3.279      1.877      1.747      0.081

 P5       WITH
    C5                 3.279      1.877      1.747      0.081

 P6       WITH
    C6                 3.279      1.877      1.747      0.081

 P7       WITH
    C7                 3.279      1.877      1.747      0.081

 Intercepts
    P1                 0.000      0.000    999.000    999.000
    P2                 0.000      0.000    999.000    999.000
    P3                 0.000      0.000    999.000    999.000
    P5                 0.000      0.000    999.000    999.000
    P6                 0.000      0.000    999.000    999.000
    P7                 0.000      0.000    999.000    999.000
    C1                 0.000      0.000    999.000    999.000
    C2                 0.000      0.000    999.000    999.000
    C3                 0.000      0.000    999.000    999.000
    C5                 0.000      0.000    999.000    999.000
    C6                 0.000      0.000    999.000    999.000
    C7                 0.000      0.000    999.000    999.000
    IP                38.572      1.059     36.428      0.000
    SP                -0.904      0.137     -6.607      0.000
    IC                13.173      0.348     37.826      0.000
    SC                -0.108      0.026     -4.097      0.000

 Residual Variances
    P1               104.434      2.181     47.886      0.000
    P2               104.434      2.181     47.886      0.000
    P3               104.434      2.181     47.886      0.000
    P5               104.434      2.181     47.886      0.000
    P6               104.434      2.181     47.886      0.000
    P7               104.434      2.181     47.886      0.000
    C1                 5.556      0.288     19.312      0.000
    C2                 5.556      0.288     19.312      0.000
    C3                 5.556      0.288     19.312      0.000
    C5                 5.556      0.288     19.312      0.000
    C6                 5.556      0.288     19.312      0.000
    C7                 5.556      0.288     19.312      0.000
    IP                36.138     13.060      2.767      0.006
    SP                 0.022      0.094      0.232      0.816
    IC                 7.202      1.006      7.159      0.000
    SC                 0.004      0.004      0.837      0.403


QUALITY OF NUMERICAL RESULTS

     Condition Number for the Information Matrix              0.397E-07
       (ratio of smallest to largest eigenvalue)


     Beginning Time:  13:44:47
        Ending Time:  13:44:53
       Elapsed Time:  00:00:06



MUTHEN & MUTHEN
3463 Stoner Ave.
Los Angeles, CA  90066

Tel: (310) 391-9971
Fax: (310) 391-8971
Web: www.StatModel.com
Support: Support@StatModel.com

Copyright (c) 1998-2014 Muthen & Muthen
