Mplus VERSION 7.4 (Mac)
MUTHEN & MUTHEN
02/08/2017  10:01 PM

INPUT INSTRUCTIONS

  TITLE:
  Script produced from the prototype in ./sandbox/syntax-creator/
  DATA:
  File = wide-dataset.dat ;
  VARIABLE:
  NAMES are
   id male age_c70 edu_c7 htm_c smoke cardio diabetes dementia_ever
      dementia_baseline bnt_00 bnt_01 bnt_02 bnt_03 bnt_04 bnt_05 bnt_06 bnt_07
      bnt_08 bnt_09 bnt_10 bnt_11 bnt_12 bnt_13 bnt_14 bnt_15 bnt_16 bnt_17
      bnt_18 bostordel_00 bostordel_01 bostordel_02 bostordel_03 bostordel_04
      bostordel_05 bostordel_06 bostordel_07 bostordel_08 bostordel_09 bostordel_10
      bostordel_11 bostordel_12 bostordel_13 bostordel_14 bostordel_15 bostordel_16
      bostordel_17 bostordel_18 bostorim_00 bostorim_01 bostorim_02 bostorim_03
      bostorim_04 bostorim_05 bostorim_06 bostorim_07 bostorim_08 bostorim_09
      bostorim_10 bostorim_11 bostorim_12 bostorim_13 bostorim_14 bostorim_15
      bostorim_16 bostorim_17 bostorim_18 catfluency_00 catfluency_01 catfluency_02
      catfluency_03 catfluency_04 catfluency_05 catfluency_06 catfluency_07
      catfluency_08 catfluency_09 catfluency_10 catfluency_11 catfluency_12
      catfluency_13 catfluency_14 catfluency_15 catfluency_16 catfluency_17
      catfluency_18 complexideas_00 complexideas_01 complexideas_02 complexideas_03
      complexideas_04 complexideas_05 complexideas_06 complexideas_07 complexideas_08
      complexideas_09 complexideas_10 complexideas_11 complexideas_12 complexideas_13
      complexideas_14 complexideas_15 complexideas_16 complexideas_17 complexideas_18
      digitbackward_00 digitbackward_01 digitbackward_02 digitbackward_03
      digitbackward_04 digitbackward_05 digitbackward_06 digitbackward_07
      digitbackward_08 digitbackward_09 digitbackward_10 digitbackward_11
      digitbackward_12 digitbackward_13 digitbackward_14 digitbackward_15
      digitbackward_16 digitbackward_17 digitbackward_18 digitforward_00
      digitforward_01 digitforward_02 digitforward_03 digitforward_04 digitforward_05
      digitforward_06 digitforward_07 digitforward_08 digitforward_09 digitforward_10
      digitforward_11 digitforward_12 digitforward_13 digitforward_14 digitforward_15
      digitforward_16 digitforward_17 digitforward_18 digitorder_00 digitorder_01
      digitorder_02 digitorder_03 digitorder_04 digitorder_05 digitorder_06
      digitorder_07 digitorder_08 digitorder_09 digitorder_10 digitorder_11
      digitorder_12 digitorder_13 digitorder_14 digitorder_15 digitorder_16
      digitorder_17 digitorder_18 fev_00 fev_01 fev_02 fev_03 fev_04 fev_05 fev_06
      fev_07 fev_08 fev_09 fev_10 fev_11 fev_12 fev_13 fev_14 fev_15 fev_16 fev_17
      fev_18 fev100_00 fev100_01 fev100_02 fev100_03 fev100_04 fev100_05 fev100_06
      fev100_07 fev100_08 fev100_09 fev100_10 fev100_11 fev100_12 fev100_13 fev100_14
      fev100_15 fev100_16 fev100_17 fev100_18 gait_00 gait_01 gait_02 gait_03 gait_04
      gait_05 gait_06 gait_07 gait_08 gait_09 gait_10 gait_11 gait_12 gait_13 gait_14
      gait_15 gait_16 gait_17 gait_18 grip_00 grip_01 grip_02 grip_03 grip_04 grip_05
      grip_06 grip_07 grip_08 grip_09 grip_10 grip_11 grip_12 grip_13 grip_14 grip_15
      grip_16 grip_17 grip_18 lineorientation_00 lineorientation_01 lineorientation_02
      lineorientation_03 lineorientation_04 lineorientation_05 lineorientation_06
      lineorientation_07 lineorientation_08 lineorientation_09 lineorientation_10
      lineorientation_11 lineorientation_12 lineorientation_13 lineorientation_14
      lineorientation_15 lineorientation_16 lineorientation_17 lineorientation_18
      logimemdel_00 logimemdel_01 logimemdel_02 logimemdel_03 logimemdel_04
      logimemdel_05 logimemdel_06 logimemdel_07 logimemdel_08 logimemdel_09
      logimemdel_10 logimemdel_11 logimemdel_12 logimemdel_13 logimemdel_14
      logimemdel_15 logimemdel_16 logimemdel_17 logimemdel_18 logimemim_00
      logimemim_01 logimemim_02 logimemim_03 logimemim_04 logimemim_05 logimemim_06
      logimemim_07 logimemim_08 logimemim_09 logimemim_10 logimemim_11 logimemim_12
      logimemim_13 logimemim_14 logimemim_15 logimemim_16 logimemim_17 logimemim_18
      matrices_00 matrices_01 matrices_02 matrices_03 matrices_04 matrices_05
      matrices_06 matrices_07 matrices_08 matrices_09 matrices_10 matrices_11
      matrices_12 matrices_13 matrices_14 matrices_15 matrices_16 matrices_17
      matrices_18 mmse_00 mmse_01 mmse_02 mmse_03 mmse_04 mmse_05 mmse_06 mmse_07
      mmse_08 mmse_09 mmse_10 mmse_11 mmse_12 mmse_13 mmse_14 mmse_15 mmse_16 mmse_17
      mmse_18 nart_00 nart_01 nart_02 nart_03 nart_04 nart_05 nart_06 nart_07 nart_08
      nart_09 nart_10 nart_11 nart_12 nart_13 nart_14 nart_15 nart_16 nart_17 nart_18
      numbercomparison_00 numbercomparison_01 numbercomparison_02 numbercomparison_03
      numbercomparison_04 numbercomparison_05 numbercomparison_06 numbercomparison_07
      numbercomparison_08 numbercomparison_09 numbercomparison_10 numbercomparison_11
      numbercomparison_12 numbercomparison_13 numbercomparison_14 numbercomparison_15
      numbercomparison_16 numbercomparison_17 numbercomparison_18 symbol_00
      symbol_01 symbol_02 symbol_03 symbol_04 symbol_05 symbol_06 symbol_07 symbol_08
      symbol_09 symbol_10 symbol_11 symbol_12 symbol_13 symbol_14 symbol_15 symbol_16
      symbol_17 symbol_18 wordlistdel_00 wordlistdel_01 wordlistdel_02 wordlistdel_03
      wordlistdel_04 wordlistdel_05 wordlistdel_06 wordlistdel_07 wordlistdel_08
      wordlistdel_09 wordlistdel_10 wordlistdel_11 wordlistdel_12 wordlistdel_13
      wordlistdel_14 wordlistdel_15 wordlistdel_16 wordlistdel_17 wordlistdel_18
      wordlistim_00 wordlistim_01 wordlistim_02 wordlistim_03 wordlistim_04
      wordlistim_05 wordlistim_06 wordlistim_07 wordlistim_08 wordlistim_09
      wordlistim_10 wordlistim_11 wordlistim_12 wordlistim_13 wordlistim_14
      wordlistim_15 wordlistim_16 wordlistim_17 wordlistim_18 wordlistrecog_00
      wordlistrecog_01 wordlistrecog_02 wordlistrecog_03 wordlistrecog_04
      wordlistrecog_05 wordlistrecog_06 wordlistrecog_07 wordlistrecog_08
      wordlistrecog_09 wordlistrecog_10 wordlistrecog_11 wordlistrecog_12
      wordlistrecog_13 wordlistrecog_14 wordlistrecog_15 wordlistrecog_16
      wordlistrecog_17 wordlistrecog_18 years_since_bl_00 years_since_bl_01
      years_since_bl_02 years_since_bl_03 years_since_bl_04 years_since_bl_05
      years_since_bl_06 years_since_bl_07 years_since_bl_08 years_since_bl_09
      years_since_bl_10 years_since_bl_11 years_since_bl_12 years_since_bl_13
      years_since_bl_14 years_since_bl_15 years_since_bl_16 years_since_bl_17
      years_since_bl_18
  	;
  Missing are all (-9999);
  USEVARIABLES are
  	!define the variables used in the analysis
  	! covariates used in the model
  age_c70
  edu_c7
  htm_c
  smoke
  cardio
  diabetes	
  	!estimated time points
  time_00
  time_01
  time_02
  time_03
  time_04
  	!modelled time points of process (A)
  a_00
  a_01
  a_02
  a_03
  a_04
  	!modelled time points of process (B)
  b_00
  b_01
  b_02
  b_03
  b_04
  ;
  TSCORES are
  	!estimated time points
  time_00
  time_01
  time_02
  time_03
  time_04;
  USEOBSERVATIONS are
  	!select a subset of observations
  male EQ 0
  and
  id NE 0
  ;
  DEFINE:
  	! assign variables to the process (A)
  a_00=grip_00;
  a_01=grip_01;
  a_02=grip_02;
  a_03=grip_03;
  a_04=grip_04;
  	! assign variables to the process (B)
  b_00=logimemim_00;
  b_01=logimemim_01;
  b_02=logimemim_02;
  b_03=logimemim_03;
  b_04=logimemim_04;
  	!assign variables to time points
  time_00=years_since_bl_00;
  time_01=years_since_bl_01;
  time_02=years_since_bl_02;
  time_03=years_since_bl_03;
  time_04=years_since_bl_04;
  	
  ANALYSIS:
  TYPE = RANDOM;
  COVERAGE=.00;
  MODEL:
  	!first-level equation
  	! assign process (A) to time points
  ia sa | a_00 AT time_00 ;
  ia sa | a_01 AT time_01 ;
  ia sa | a_02 AT time_02 ;
  ia sa | a_03 AT time_03 ;
  ia sa | a_04 AT time_04 ;
  	! assign process (B) to time points
  ib sb | b_00 AT time_00 ;
  ib sb | b_01 AT time_01 ;
  ib sb | b_02 AT time_02 ;
  ib sb | b_03 AT time_03 ;
  ib sb | b_04 AT time_04 ;
  	!variance of the first-level terms
  ia (v_ia);
  sa (v_sa);
  ib (v_ib);
  sb (v_sb);
  	!covariance among first-level terms
  ia WITH sa (c_iasa);
  ia WITH ib (c_iaib);
  ia WITH sb (c_iasb);
  sa WITH ib (c_saib);
  sa WITH sb (c_sasb);
  ib WITH sb (c_ibsb);
  	!second-level equation
  ia sa ib sb ON age_c70
  edu_c7
  htm_c
  smoke
  cardio
  diabetes;
  	!residual covariance of process (A)
  a_00 (res_a);
  a_01 (res_a);
  a_02 (res_a);
  a_03 (res_a);
  a_04 (res_a);	
  	!residual covariance of process (B)
  b_00 (res_b);
  b_01 (res_b);
  b_02 (res_b);
  b_03 (res_b);
  b_04 (res_b);	
  	!Paired covariances constrained to be equal across t
  a_00 pwith b_00 (res_cov);
  a_01 pwith b_01 (res_cov);
  a_02 pwith b_02 (res_cov);
  a_03 pwith b_03 (res_cov);
  a_04 pwith b_04 (res_cov);	
  MODEL CONSTRAINT:
  	!assigns labels to new parameters;
  NEW r_iaib;
  NEW r_sasb;
  NEW r_res_ab;
  	!compute confidence intervals for correlation coefficients;
  r_iaib = c_iaib/((v_ia**0.5)*(v_ib**0.5));
  r_sasb = c_sasb/((v_sa**0.5)*(v_sb**0.5));
  r_res_ab = res_cov/((res_a**0.5)*(res_b**0.5));
  SAVEDATA:
  FILE is   b1_female_aehplus_grip_logimemim_fscores.dat;
  SAVE = FSCORES;
  RESULTS are   b1_female_aehplus_grip_logimemim_results.dat;
  	
  OUTPUT: sampstat cinterval;
  PLOT: Type is Plot1 Plot2 Plot3;



*** WARNING
  Data set contains cases with missing on x-variables.
  These cases were not included in the analysis.
  Number of cases with missing on x-variables:  164
   1 WARNING(S) FOUND IN THE INPUT INSTRUCTIONS




Script produced from the prototype in ./sandbox/syntax-creator/

SUMMARY OF ANALYSIS

Number of groups                                                 1
Number of observations                                        1202

Number of dependent variables                                   10
Number of independent variables                                  6
Number of continuous latent variables                            4

Observed dependent variables

  Continuous
   A_00        A_01        A_02        A_03        A_04        B_00
   B_01        B_02        B_03        B_04

Observed independent variables
   AGE_C70     EDU_C7      HTM_C       SMOKE       CARDIO      DIABETES

Continuous latent variables
   IA          SA          IB          SB

Variables with special functions

  Time scores
   TIME_00     TIME_01     TIME_02     TIME_03     TIME_04


Estimator                                                      MLR
Information matrix                                        OBSERVED
Maximum number of iterations                                   100
Convergence criterion                                    0.100D-05
Maximum number of EM iterations                                500
Convergence criteria for the EM algorithm
  Loglikelihood change                                   0.100D-02
  Relative loglikelihood change                          0.100D-05
  Derivative                                             0.100D-03
Minimum variance                                         0.100D-03
Maximum number of steepest descent iterations                   20
Maximum number of iterations for H1                           2000
Convergence criterion for H1                             0.100D-03
Optimization algorithm                                         EMA

Input data file(s)
  wide-dataset.dat
Input data format  FREE


SUMMARY OF DATA

     Number of missing data patterns            98


COVARIANCE COVERAGE OF DATA

Minimum covariance coverage value   0.000


     PROPORTION OF DATA PRESENT


           Covariance Coverage
              A_00          A_01          A_02          A_03          A_04
              ________      ________      ________      ________      ________
 A_00           0.869
 A_01           0.631         0.640
 A_02           0.522         0.479         0.541
 A_03           0.384         0.339         0.355         0.468
 A_04           0.262         0.226         0.232         0.290         0.337
 B_00           0.866         0.637         0.539         0.467         0.337
 B_01           0.760         0.636         0.530         0.458         0.327
 B_02           0.671         0.578         0.535         0.455         0.327
 B_03           0.579         0.493         0.478         0.466         0.326
 B_04           0.487         0.415         0.403         0.399         0.334
 AGE_C70        0.869         0.640         0.541         0.468         0.337
 EDU_C7         0.869         0.640         0.541         0.468         0.337
 HTM_C          0.869         0.640         0.541         0.468         0.337
 SMOKE          0.869         0.640         0.541         0.468         0.337
 CARDIO         0.869         0.640         0.541         0.468         0.337
 DIABETES       0.869         0.640         0.541         0.468         0.337


           Covariance Coverage
              B_00          B_01          B_02          B_03          B_04
              ________      ________      ________      ________      ________
 B_00           0.997
 B_01           0.853         0.854
 B_02           0.761         0.743         0.763
 B_03           0.663         0.649         0.643         0.665
 B_04           0.564         0.550         0.541         0.538         0.565
 AGE_C70        0.997         0.854         0.763         0.665         0.565
 EDU_C7         0.997         0.854         0.763         0.665         0.565
 HTM_C          0.997         0.854         0.763         0.665         0.565
 SMOKE          0.997         0.854         0.763         0.665         0.565
 CARDIO         0.997         0.854         0.763         0.665         0.565
 DIABETES       0.997         0.854         0.763         0.665         0.565


           Covariance Coverage
              AGE_C70       EDU_C7        HTM_C         SMOKE         CARDIO
              ________      ________      ________      ________      ________
 AGE_C70        1.000
 EDU_C7         1.000         1.000
 HTM_C          1.000         1.000         1.000
 SMOKE          1.000         1.000         1.000         1.000
 CARDIO         1.000         1.000         1.000         1.000         1.000
 DIABETES       1.000         1.000         1.000         1.000         1.000


           Covariance Coverage
              DIABETES
              ________
 DIABETES       1.000


SAMPLE STATISTICS


     ESTIMATED SAMPLE STATISTICS


           Means
              A_00          A_01          A_02          A_03          A_04
              ________      ________      ________      ________      ________
 1             40.467        39.195        38.272        36.889        35.190


           Means
              B_00          B_01          B_02          B_03          B_04
              ________      ________      ________      ________      ________
 1             11.016        11.386        11.453        11.248        11.066


           Means
              AGE_C70       EDU_C7        HTM_C         SMOKE         CARDIO
              ________      ________      ________      ________      ________
 1              9.661         7.359        -0.011         0.389         0.118


           Means
              DIABETES
              ________
 1              0.175


           Covariances
              A_00          A_01          A_02          A_03          A_04
              ________      ________      ________      ________      ________
 A_00         151.663
 A_01         131.902       154.108
 A_02         130.573       135.762       159.117
 A_03         129.081       132.879       141.964       159.360
 A_04         132.489       136.112       138.908       147.107       172.190
 B_00          10.345        10.217        12.258        11.747        11.751
 B_01          11.000        11.306        13.175        12.918        15.361
 B_02          14.177        15.315        16.496        16.438        16.667
 B_03          16.314        16.347        19.414        20.645        21.711
 B_04          19.664        20.288        24.080        25.469        26.461
 AGE_C70      -43.472       -42.695       -47.859       -49.364       -48.021
 EDU_C7         4.824         5.454         4.899         3.687         3.007
 HTM_C          0.271         0.256         0.284         0.259         0.268
 SMOKE          0.338         0.322         0.329         0.486         0.392
 CARDIO        -0.134        -0.094        -0.109        -0.103        -0.141
 DIABETES       0.110         0.148        -0.050         0.183         0.261


           Covariances
              B_00          B_01          B_02          B_03          B_04
              ________      ________      ________      ________      ________
 B_00          20.000
 B_01          14.758        21.286
 B_02          15.079        16.638        24.060
 B_03          15.422        17.453        20.295        26.891
 B_04          16.804        19.271        21.419        23.993        31.671
 AGE_C70       -9.735        -9.247       -11.145       -12.979       -16.187
 EDU_C7         3.486         3.857         3.950         4.069         3.920
 HTM_C          0.053         0.041         0.058         0.060         0.080
 SMOKE          0.070         0.044         0.069         0.027        -0.003
 CARDIO        -0.043        -0.055        -0.047        -0.030        -0.022
 DIABETES       0.032        -0.009         0.002         0.093         0.098


           Covariances
              AGE_C70       EDU_C7        HTM_C         SMOKE         CARDIO
              ________      ________      ________      ________      ________
 AGE_C70       61.373
 EDU_C7        -1.618         9.490
 HTM_C         -0.129         0.031         0.005
 SMOKE         -0.320         0.018         0.002         0.238
 CARDIO         0.223        -0.022        -0.001         0.004         0.104
 DIABETES      -0.247        -0.167         0.000        -0.006         0.007


           Covariances
              DIABETES
              ________
 DIABETES       0.144


           Correlations
              A_00          A_01          A_02          A_03          A_04
              ________      ________      ________      ________      ________
 A_00           1.000
 A_01           0.863         1.000
 A_02           0.841         0.867         1.000
 A_03           0.830         0.848         0.892         1.000
 A_04           0.820         0.836         0.839         0.888         1.000
 B_00           0.188         0.184         0.217         0.208         0.200
 B_01           0.194         0.197         0.226         0.222         0.254
 B_02           0.235         0.252         0.267         0.265         0.259
 B_03           0.255         0.254         0.297         0.315         0.319
 B_04           0.284         0.290         0.339         0.358         0.358
 AGE_C70       -0.451        -0.439        -0.484        -0.499        -0.467
 EDU_C7         0.127         0.143         0.126         0.095         0.074
 HTM_C          0.321         0.302         0.329         0.299         0.298
 SMOKE          0.056         0.053         0.054         0.079         0.061
 CARDIO        -0.034        -0.024        -0.027        -0.025        -0.033
 DIABETES       0.023         0.031        -0.010         0.038         0.052


           Correlations
              B_00          B_01          B_02          B_03          B_04
              ________      ________      ________      ________      ________
 B_00           1.000
 B_01           0.715         1.000
 B_02           0.687         0.735         1.000
 B_03           0.665         0.729         0.798         1.000
 B_04           0.668         0.742         0.776         0.822         1.000
 AGE_C70       -0.278        -0.256        -0.290        -0.319        -0.367
 EDU_C7         0.253         0.271         0.261         0.255         0.226
 HTM_C          0.174         0.129         0.173         0.168         0.208
 SMOKE          0.032         0.020         0.029         0.011        -0.001
 CARDIO        -0.030        -0.037        -0.030        -0.018        -0.012
 DIABETES       0.019        -0.005         0.001         0.047         0.046


           Correlations
              AGE_C70       EDU_C7        HTM_C         SMOKE         CARDIO
              ________      ________      ________      ________      ________
 AGE_C70        1.000
 EDU_C7        -0.067         1.000
 HTM_C         -0.241         0.149         1.000
 SMOKE         -0.084         0.012         0.073         1.000
 CARDIO         0.088        -0.022        -0.063         0.025         1.000
 DIABETES      -0.083        -0.143         0.015        -0.030         0.056


           Correlations
              DIABETES
              ________
 DIABETES       1.000


     MAXIMUM LOG-LIKELIHOOD VALUE FOR THE UNRESTRICTED (H1) MODEL IS -30982.426


UNIVARIATE SAMPLE STATISTICS


     UNIVARIATE HIGHER-ORDER MOMENT DESCRIPTIVE STATISTICS

         Variable/         Mean/     Skewness/   Minimum/ % with                Percentiles
        Sample Size      Variance    Kurtosis    Maximum  Min/Max      20%/60%    40%/80%    Median

     A_00                 40.105       0.223       0.500    0.10%      30.000     36.750     39.750
            1045.000     151.939       0.432      97.750    0.10%      42.750     50.000
     A_01                 38.872       0.064       0.000    0.26%      29.250     36.000     38.500
             769.000     139.593       0.234      77.000    0.13%      41.750     48.750
     A_02                 38.255      -0.056       0.000    0.31%      27.500     35.250     38.375
             650.000     139.660      -0.153      71.750    0.15%      41.000     48.500
     A_03                 36.997       0.140       0.000    0.36%      27.500     33.250     36.500
             563.000     135.214       0.111      73.750    0.18%      39.500     46.500
     A_04                 36.410       0.210       0.000    0.74%      26.500     33.000     36.000
             405.000     149.231       0.668      76.250    0.25%      38.750     45.750
     B_00                 11.023      -0.173       0.000    0.83%       7.000     10.000     11.000
            1198.000      19.993      -0.487      22.000    0.25%      12.000     15.000
     B_01                 11.554      -0.337       0.000    1.36%       8.000     11.000     12.000
            1027.000      20.884      -0.338      22.000    0.39%      13.000     16.000
     B_02                 11.831      -0.374       0.000    1.20%       8.000     11.000     12.000
             917.000      23.004      -0.459      22.000    0.33%      13.000     16.000
     B_03                 11.837      -0.506       0.000    2.25%       7.000     11.000     13.000
             799.000      24.584      -0.377      23.000    0.13%      14.000     16.000
     B_04                 11.772      -0.473       0.000    4.27%       8.000     11.000     12.000
             679.000      28.547      -0.368      24.000    0.15%      14.000     16.000
     AGE_C70               9.661      -0.439     -16.338    0.08%       3.374      8.516     10.416
            1202.000      61.373       0.107      29.811    0.08%      12.253     16.428
     EDU_C7                7.359      -0.168      -7.000    0.08%       5.000      6.000      7.000
            1202.000       9.490       1.242      18.000    0.08%       8.000     10.000
     HTM_C                -0.011      -0.153      -0.355    0.17%      -0.063     -0.025     -0.012
            1202.000       0.005       0.901       0.203    0.25%       0.000      0.051
     SMOKE                 0.389       0.454       0.000   61.06%       0.000      0.000      0.000
            1202.000       0.238      -1.794       1.000   38.94%       0.000      1.000
     CARDIO                0.118       2.366       0.000   88.19%       0.000      0.000      0.000
            1202.000       0.104       3.599       1.000   11.81%       0.000      0.000
     DIABETES              0.175       1.713       0.000   82.53%       0.000      0.000      0.000
            1202.000       0.144       0.936       1.000   17.47%       0.000      0.000


THE MODEL ESTIMATION TERMINATED NORMALLY



MODEL FIT INFORMATION

Number of Free Parameters                       41

Loglikelihood

          H0 Value                      -23687.499
          H0 Scaling Correction Factor      1.0477
            for MLR

Information Criteria

          Akaike (AIC)                   47456.999
          Bayesian (BIC)                 47665.760
          Sample-Size Adjusted BIC       47535.528
            (n* = (n + 2) / 24)



MODEL RESULTS

                                                    Two-Tailed
                    Estimate       S.E.  Est./S.E.    P-Value

 IA         ON
    AGE_C70           -0.620      0.046    -13.542      0.000
    EDU_C7             0.307      0.114      2.682      0.007
    HTM_C             38.457      4.587      8.384      0.000
    SMOKE              0.114      0.643      0.177      0.860
    CARDIO             0.868      0.913      0.951      0.342
    DIABETES          -0.197      0.830     -0.238      0.812

 SA         ON
    AGE_C70           -0.030      0.011     -2.849      0.004
    EDU_C7            -0.050      0.030     -1.657      0.097
    HTM_C             -0.703      1.243     -0.566      0.572
    SMOKE              0.062      0.166      0.376      0.707
    CARDIO            -0.005      0.221     -0.023      0.982
    DIABETES           0.035      0.209      0.165      0.869

 IB         ON
    AGE_C70           -0.126      0.015     -8.163      0.000
    EDU_C7             0.350      0.037      9.333      0.000
    HTM_C              3.934      1.539      2.556      0.011
    SMOKE              0.066      0.233      0.283      0.777
    CARDIO            -0.088      0.350     -0.252      0.801
    DIABETES           0.214      0.276      0.776      0.438

 SB         ON
    AGE_C70           -0.023      0.005     -5.013      0.000
    EDU_C7             0.010      0.012      0.839      0.402
    HTM_C              0.720      0.493      1.460      0.144
    SMOKE             -0.100      0.071     -1.404      0.160
    CARDIO             0.101      0.107      0.946      0.344
    DIABETES           0.093      0.090      1.037      0.300

 IA       WITH
    SA                -1.071      0.941     -1.138      0.255
    IB                 1.473      1.280      1.150      0.250
    SB                 0.997      0.385      2.593      0.010

 SA       WITH
    IB                 0.452      0.302      1.498      0.134
    SB                 0.281      0.097      2.899      0.004

 IB       WITH
    SB                 0.313      0.139      2.259      0.024

 A_00     WITH
    B_00               0.029      0.267      0.109      0.913

 A_01     WITH
    B_01               0.029      0.267      0.109      0.913

 A_02     WITH
    B_02               0.029      0.267      0.109      0.913

 A_03     WITH
    B_03               0.029      0.267      0.109      0.913

 A_04     WITH
    B_04               0.029      0.267      0.109      0.913

 Intercepts
    A_00               0.000      0.000    999.000    999.000
    A_01               0.000      0.000    999.000    999.000
    A_02               0.000      0.000    999.000    999.000
    A_03               0.000      0.000    999.000    999.000
    A_04               0.000      0.000    999.000    999.000
    B_00               0.000      0.000    999.000    999.000
    B_01               0.000      0.000    999.000    999.000
    B_02               0.000      0.000    999.000    999.000
    B_03               0.000      0.000    999.000    999.000
    B_04               0.000      0.000    999.000    999.000
    IA                44.559      1.157     38.504      0.000
    SA                -0.646      0.290     -2.230      0.026
    IB                 9.831      0.377     26.059      0.000
    SB                 0.188      0.116      1.630      0.103

 Residual Variances
    A_00              20.175      0.991     20.367      0.000
    A_01              20.175      0.991     20.367      0.000
    A_02              20.175      0.991     20.367      0.000
    A_03              20.175      0.991     20.367      0.000
    A_04              20.175      0.991     20.367      0.000
    B_00               5.567      0.185     30.036      0.000
    B_01               5.567      0.185     30.036      0.000
    B_02               5.567      0.185     30.036      0.000
    B_03               5.567      0.185     30.036      0.000
    B_04               5.567      0.185     30.036      0.000
    IA                93.309      5.654     16.503      0.000
    SA                 1.305      0.297      4.391      0.000
    IB                11.696      0.618     18.912      0.000
    SB                 0.422      0.056      7.561      0.000

New/Additional Parameters
    R_IAIB             0.045      0.039      1.151      0.250
    R_SASB             0.379      0.127      2.986      0.003
    R_RES_AB           0.003      0.025      0.109      0.913


QUALITY OF NUMERICAL RESULTS

     Condition Number for the Information Matrix              0.169E-07
       (ratio of smallest to largest eigenvalue)


CONFIDENCE INTERVALS OF MODEL RESULTS

                  Lower .5%  Lower 2.5%    Lower 5%    Estimate    Upper 5%  Upper 2.5%   Upper .5%

 IA       ON
    AGE_C70         -0.737      -0.709      -0.695      -0.620      -0.544      -0.530      -0.502
    EDU_C7           0.012       0.083       0.119       0.307       0.495       0.531       0.602
    HTM_C           26.642      29.467      30.912      38.457      46.002      47.447      50.271
    SMOKE           -1.542      -1.146      -0.944       0.114       1.171       1.373       1.769
    CARDIO          -1.483      -0.921      -0.634       0.868       2.370       2.658       3.220
    DIABETES        -2.334      -1.823      -1.562      -0.197       1.167       1.429       1.940

 SA       ON
    AGE_C70         -0.058      -0.051      -0.048      -0.030      -0.013      -0.009      -0.003
    EDU_C7          -0.128      -0.109      -0.100      -0.050       0.000       0.009       0.028
    HTM_C           -3.905      -3.139      -2.748      -0.703       1.341       1.733       2.498
    SMOKE           -0.364      -0.262      -0.210       0.062       0.335       0.387       0.489
    CARDIO          -0.574      -0.438      -0.368      -0.005       0.358       0.428       0.564
    DIABETES        -0.504      -0.375      -0.309       0.035       0.378       0.444       0.573

 IB       ON
    AGE_C70         -0.166      -0.157      -0.152      -0.126      -0.101      -0.096      -0.086
    EDU_C7           0.253       0.276       0.288       0.350       0.411       0.423       0.446
    HTM_C           -0.030       0.918       1.403       3.934       6.466       6.951       7.898
    SMOKE           -0.535      -0.391      -0.318       0.066       0.450       0.523       0.667
    CARDIO          -0.991      -0.775      -0.665      -0.088       0.488       0.598       0.814
    DIABETES        -0.497      -0.327      -0.240       0.214       0.668       0.755       0.925

 SB       ON
    AGE_C70         -0.035      -0.032      -0.030      -0.023      -0.015      -0.014      -0.011
    EDU_C7          -0.020      -0.013      -0.009       0.010       0.029       0.032       0.039
    HTM_C           -0.551      -0.247      -0.091       0.720       1.532       1.688       1.992
    SMOKE           -0.283      -0.239      -0.217      -0.100       0.017       0.040       0.083
    CARDIO          -0.174      -0.108      -0.075       0.101       0.277       0.310       0.376
    DIABETES        -0.138      -0.083      -0.055       0.093       0.241       0.270       0.325

 IA       WITH
    SA              -3.495      -2.916      -2.619      -1.071       0.477       0.773       1.353
    IB              -1.825      -1.037      -0.633       1.473       3.579       3.982       4.771
    SB               0.007       0.244       0.365       0.997       1.630       1.751       1.988

 SA       WITH
    IB              -0.325      -0.139      -0.044       0.452       0.948       1.043       1.229
    SB               0.031       0.091       0.122       0.281       0.441       0.471       0.531

 IB       WITH
    SB              -0.044       0.041       0.085       0.313       0.541       0.585       0.670

 A_00     WITH
    B_00            -0.658      -0.494      -0.410       0.029       0.468       0.552       0.716

 A_01     WITH
    B_01            -0.658      -0.494      -0.410       0.029       0.468       0.552       0.716

 A_02     WITH
    B_02            -0.658      -0.494      -0.410       0.029       0.468       0.552       0.716

 A_03     WITH
    B_03            -0.658      -0.494      -0.410       0.029       0.468       0.552       0.716

 A_04     WITH
    B_04            -0.658      -0.494      -0.410       0.029       0.468       0.552       0.716

 Intercepts
    A_00             0.000       0.000       0.000       0.000       0.000       0.000       0.000
    A_01             0.000       0.000       0.000       0.000       0.000       0.000       0.000
    A_02             0.000       0.000       0.000       0.000       0.000       0.000       0.000
    A_03             0.000       0.000       0.000       0.000       0.000       0.000       0.000
    A_04             0.000       0.000       0.000       0.000       0.000       0.000       0.000
    B_00             0.000       0.000       0.000       0.000       0.000       0.000       0.000
    B_01             0.000       0.000       0.000       0.000       0.000       0.000       0.000
    B_02             0.000       0.000       0.000       0.000       0.000       0.000       0.000
    B_03             0.000       0.000       0.000       0.000       0.000       0.000       0.000
    B_04             0.000       0.000       0.000       0.000       0.000       0.000       0.000
    IA              41.578      42.290      42.655      44.559      46.462      46.827      47.539
    SA              -1.391      -1.213      -1.122      -0.646      -0.169      -0.078       0.100
    IB               8.860       9.092       9.211       9.831      10.452      10.571      10.803
    SB              -0.109      -0.038      -0.002       0.188       0.379       0.415       0.486

 Residual Variances
    A_00            17.623      18.233      18.545      20.175      21.804      22.116      22.726
    A_01            17.623      18.233      18.545      20.175      21.804      22.116      22.726
    A_02            17.623      18.233      18.545      20.175      21.804      22.116      22.726
    A_03            17.623      18.233      18.545      20.175      21.804      22.116      22.726
    A_04            17.623      18.233      18.545      20.175      21.804      22.116      22.726
    B_00             5.090       5.204       5.263       5.567       5.872       5.931       6.045
    B_01             5.090       5.204       5.263       5.567       5.872       5.931       6.045
    B_02             5.090       5.204       5.263       5.567       5.872       5.931       6.045
    B_03             5.090       5.204       5.263       5.567       5.872       5.931       6.045
    B_04             5.090       5.204       5.263       5.567       5.872       5.931       6.045
    IA              78.745      82.227      84.008      93.309     102.610     104.391     107.872
    SA               0.540       0.723       0.816       1.305       1.794       1.888       2.071
    IB              10.103      10.484      10.679      11.696      12.713      12.908      13.289
    SB               0.278       0.312       0.330       0.422       0.513       0.531       0.565

New/Additional Parameters
    R_IAIB          -0.055      -0.031      -0.019       0.045       0.108       0.120       0.144
    R_SASB           0.052       0.130       0.170       0.379       0.588       0.628       0.706
    R_RES_AB        -0.062      -0.047      -0.039       0.003       0.044       0.052       0.068


SAMPLE STATISTICS FOR ESTIMATED FACTOR SCORES


     SAMPLE STATISTICS


           Means
              IA            IA_SE         SA            SA_SE         IB
              ________      ________      ________      ________      ________
 1             40.513         3.406        -1.269         1.008        11.192


           Means
              IB_SE         SB            SB_SE
              ________      ________      ________
 1              1.395         0.020         0.508


           Covariances
              IA            IA_SE         SA            SA_SE         IB
              ________      ________      ________      ________      ________
 IA           118.214
 IA_SE          0.242         2.121
 SA             1.053         0.015         0.356
 SA_SE         -0.042         0.071         0.000         0.009
 IB             9.689        -0.230         0.612        -0.042        12.274
 IB_SE         -0.309         0.180        -0.001         0.013        -0.118
 SB             2.226         0.016         0.166         0.000         0.835
 SB_SE         -0.117         0.051        -0.003         0.006        -0.045


           Covariances
              IB_SE         SB            SB_SE
              ________      ________      ________
 IB_SE          0.054
 SB            -0.009         0.201
 SB_SE          0.013        -0.005         0.005


           Correlations
              IA            IA_SE         SA            SA_SE         IB
              ________      ________      ________      ________      ________
 IA             1.000
 IA_SE          0.015         1.000
 SA             0.162         0.018         1.000
 SA_SE         -0.040         0.504        -0.004         1.000
 IB             0.254        -0.045         0.292        -0.125         1.000
 IB_SE         -0.123         0.532        -0.006         0.577        -0.145
 SB             0.456         0.024         0.619        -0.011         0.531
 SB_SE         -0.146         0.468        -0.076         0.775        -0.174


           Correlations
              IB_SE         SB            SB_SE
              ________      ________      ________
 IB_SE          1.000
 SB            -0.091         1.000
 SB_SE          0.765        -0.136         1.000


RESULTS SAVING INFORMATION

  Order of data

    Parameter estimates
     (saved in order shown in Technical 1 output)
    Standard errors
     (saved in order shown in Technical 1 output)
    H0 Loglikelihood
    H0 Scaling Correction Factor for MLR
    Number of Free Parameters
    Akaike (AIC)
    Bayesian (BIC)
    Sample-Size Adjusted BIC
    Condition Number

  Save file
    b1_female_aehplus_grip_logimemim_results.dat

  Save file format           Free


PLOT INFORMATION

The following plots are available:

  Histograms (sample values, estimated factor scores)
  Scatterplots (sample values, estimated factor scores)
  Latent variable distribution plots

SAVEDATA INFORMATION


  Save file
    b1_female_aehplus_grip_logimemim_fscores.dat

  Order and format of variables

    A_00           F10.3
    A_01           F10.3
    A_02           F10.3
    A_03           F10.3
    A_04           F10.3
    B_00           F10.3
    B_01           F10.3
    B_02           F10.3
    B_03           F10.3
    B_04           F10.3
    AGE_C70        F10.3
    EDU_C7         F10.3
    HTM_C          F10.3
    SMOKE          F10.3
    CARDIO         F10.3
    DIABETES       F10.3
    TIME_00        F10.3
    TIME_01        F10.3
    TIME_02        F10.3
    TIME_03        F10.3
    TIME_04        F10.3
    IA             F10.3
    IA_SE          F10.3
    SA             F10.3
    SA_SE          F10.3
    IB             F10.3
    IB_SE          F10.3
    SB             F10.3
    SB_SE          F10.3

  Save file format
    29F10.3

  Save file record length    10000


     Beginning Time:  22:01:12
        Ending Time:  22:01:19
       Elapsed Time:  00:00:07



MUTHEN & MUTHEN
3463 Stoner Ave.
Los Angeles, CA  90066

Tel: (310) 391-9971
Fax: (310) 391-8971
Web: www.StatModel.com
Support: Support@StatModel.com

Copyright (c) 1998-2015 Muthen & Muthen
