Mplus VERSION 7.3
MUTHEN & MUTHEN
10/25/2015   4:57 PM

INPUT INSTRUCTIONS

  TITLE:
   M1, Pulmonary function, Gait, Fully Conditional, female

  DATA:
    File = C:\Users\Andrea Zammit\Desktop\EASMaster.csv;
  VARIABLE:
   Names are
          SubjectID Sex Ethnic Caus DemEver Bagesq deathage DEMO23 Educyrs Status
          Wave_1 Wave_2 Wave_3 Wave_4 Wave_5 Wave_6 Wave_7 Wave_8 Wave_9 Wave_10
          AgeAtWaveOne AgeAtWave_2 AgeAtWave_3 AgeAtWave_4 AgeAtWave_5 AgeAtWave_6
          AgeAtWave_7
          AgeAtWave_8 AgeAtWave_9 AgeAtWave_10
          YrsSinceBaseline_1 YrsSinceBaseline_2 YrsSinceBaseline_3 YrsSinceBaseline_4
          YrsSinceBaseline_5 YrsSinceBaseline_6 YrsSinceBaseline_7 YrsSinceBaseline_8
          YrsSinceBaseline_9 YrsSinceBaseline_10
          Blessd_1 Blessd_2 Blessd_3 Blessd_4 Blessd_5 Blessd_6 Blessd_7
          Blessd_8 Blessd_9 Blessd_10
          MMS_1 MMS_2 MMS_3 MMS_4 MMS_5 MMS_6 MMS_7 MMS_8 MMS_9 MMS_10
          GDSScore_1 GDSScore_2 GDSScore_3 GDSScore_4 GDSScore_5 GDSScore_6 GDSScore_7
          GDSScore_8 GDSScore_9 GDSScore_10
          FreeRecall_1 FreeRecall_2 FreeRecall_3 FreeRecall_4 FreeRecall_5
          FreeRecall_6 FreeRecall_7 FreeRecall_8 FreeRecall_9 FreeRecall_10
          TotRecall_1 TotRecall_2 TotRecall_3 TotRecall_4 TotRecall_5 TotRecall_6
          TotRecall_7
          TotRecall_8 TotRecall_9 TotRecall_10
          DelFreeRecall_1 DelFreeRecall_2 DelFreeRecall_3 DelFreeRecall_4 DelFreeRecall_5
          DelFreeRecall_6 DelFreeRecall_7 DelFreeRecall_8 DelFreeRecall_9 DelFreeRecall_10
          DelTotRecall_1 DelTotRecall_2 DelTotRecall_3 DelTotRecall_4 DelTotRecall_5
          DelTotRecall_6 DelTotRecall_7 DelTotRecall_8 DelTotRecall_9 DelTotRecall_10
          BostonFree_1 BostonFree_2 BostonFree_3 BostonFree_4 BostonFree_5
          BostonFree_6 BostonFree_7 BostonFree_8 BostonFree_9 BostonFree_10
          Infraw_1 Infraw_2 Infraw_3 Infraw_4 Infraw_5 Infraw_6 Infraw_7
          Infraw_8 Infraw_9 Infraw_10
          Vocraw_1 Vocraw_2 Vocraw_3 Vocraw_4 Vocraw_5 Vocraw_6 Vocraw_7
          Vocraw_8 Vocraw_9 Vocraw_10
          Spnraw_1 Spnraw_2 Spnraw_3 Spnraw_4 Spnraw_5 Spnraw_6 Spnraw_7
          Spnraw_8 Spnraw_9 Spnraw_10
          DSpnAgeScaledScore_1 DSpnAgeScaledScore_2 DSpnAgeScaledScore_3
          DSpnAgeScaledScore_4 DSpnAgeScaledScore_5 DSpnAgeScaledScore_6
          DSpnAgeScaledScore_7 DSpnAgeScaledScore_8 DSpnAgeScaledScore_9
          DSpnAgeScaledScore_10
          Symraw_1 Symraw_2 Symraw_3 Symraw_4 Symraw_5 Symraw_6
          Symraw_7 Symraw_8 Symraw_9 Symraw_10
          Blockraw_1 Blockraw_2 Blockraw_3 Blockraw_4 Blockraw_5 Blockraw_6
          Blockraw_7 Blockraw_8 Blockraw_9 Blockraw_10
          FAS_1 FAS_2 FAS_3 FAS_4 FAS_5 FAS_6 FAS_7 FAS_8 FAS_9 FAS_10
          CAT_1 CAT_2 CAT_3 CAT_4
          CAT_5 CAT_6 CAT_7 CAT_8 CAT_9 CAT_10
          Grade_1 Grade_2 Grade_3 Grade_4 Grade_5 Grade_6 Grade_7 Grade_8 Grade_9 Grade_10
          LM_1 LM_2 LM_3 LM_4 LM_5 LM_6 LM_7 LM_8 LM_9 LM_10
          CFCopy_1 CFCopy_2 CFCopy_3 CFCopy_4 CFCopy_5 CFCopy_6 CFCopy_7
          CFCopy_8 CFCopy_9 CFCopy_10
          CFRecall_1 CFRecall_2 CFRecall_3 CFRecall_4 CFRecall_5 CFRecall_6 CFRecall_7
          CFRecall_8 CFRecall_9 CFRecall_10
          TrA1_1 TrA1_2 TrA1_3 TrA1_4 TrA1_5 TrA1_6 TrA1_7 TrA1_8 TrA1_9 TrA1_10
          TrlAZScore_1 TrlAZScore_2 TrlAZScore_3 TrlAZScore_4 TrlAZScore_5
          TrlAZScore_6 TrlAZScore_7 TrlAZScore_8 TrlAZScore_9 TrlAZScore_10
          TMTARate_1 TMTARate_2 TMTARate_3 TMTARate_4 TMTARate_5 TMTARate_6 TMTARate_7
          TMTARate_8 TMTARate_9 TMTARate_10
          TrA2_1 TrA2_2 TrA2_3 TrA2_4 TrA2_5 TrA2_6 TrA2_7 TrA2_8 TrA2_9 TrA2_10
          TrB1_1 TrB1_2 TrB1_3 TrB1_4 TrB1_5 TrB1_6 TrB1_7 TrB1_8 TrB1_9 TrB1_10
          TrlBZScore_1 TrlBZScore_2 TrlBZScore_3 TrlBZScore_4 TrlBZScore_5
          TrlBZScore_6 TrlBZScore_7 TrlBZScore_8 TrlBZScore_9 TrlBZScore_10
          TMTBRate_1 TMTBRate_2 TMTBRate_3 TMTBRate_4 TMTBRate_5 TMTBRate_6 TMTBRate_7
          TMTBRate_8 TMTBRate_9 TMTBRate_10
          TrB2_1 TrB2_2 TrB2_3 TrB2_4 TrB2_5 TrB2_6
          TrB2_7 TrB2_8 TrB2_9 TrB2_10
          EpisodicMemory2FreeCatLM_1 EpisodicMemory2FreeCatLM_2
          EpisodicMemory2FreeCatLM_3
          EpisodicMemory2FreeCatLM_4 EpisodicMemory2FreeCatLM_5
          EpisodicMemory2FreeCatLM_6 EpisodicMemory2FreeCatLM_7
          EpisodicMemory2FreeCatLM_8 EpisodicMemory2FreeCatLM_9
          EpisodicMemory2FreeCatLM_10
          FrontalExecFunc_1 FrontalExecFunc_2 FrontalExecFunc_3 FrontalExecFunc_4
          FrontalExecFunc_5 FrontalExecFunc_6 FrontalExecFunc_7 FrontalExecFunc_8
          FrontalExecFunc_9 FrontalExecFunc_10
          Language2BostVoc_1 Language2BostVoc_2
          Language2BostVoc_3 Language2BostVoc_4 Language2BostVoc_5
          Language2BostVoc_6 Language2BostVoc_7 Language2BostVoc_8
          Language2BostVoc_9 Language2BostVoc_10
          DysExec_1 DysExec_2 DysExec_3 DysExec_4 DysExec_5 DysExec_6 DysExec_7
          DysExec_8 DysExec_9 DysExec_10
          aMCI1_1 aMCI1_2 aMCI1_3 aMCI1_4 aMCI1_5 aMCI1_6 aMCI1_7 aMCI1_8 aMCI1_9 aMCI1_10
          naMCI1_1 naMCI1_2 naMCI1_3 naMCI1_4 naMCI1_5 naMCI1_6 naMCI1_7
          naMCI1_8 naMCI1_9 naMCI1_10
          CumulMI_1 CumulMI_2 CumulMI_3 CumulMI_4
          CumulMI_5 CumulMI_6 CumulMI_7 CumulMI_8 CumulMI_9 CumulMI_10
          CumulStroke_1 CumulStroke_2 CumulStroke_3 CumulStroke_4 CumulStroke_5
          CumulStroke_6 CumulStroke_7 CumulStroke_8 CumulStroke_9 CumulStroke_10
          CumulDiab_1 CumulDiab_2 CumulDiab_3 CumulDiab_4 CumulDiab_5 CumulDiab_6
          CumulDiab_7 CumulDiab_8 CumulDiab_9 CumulDiab_10
          DMever
          CumulHyper_1 CumulHyper_2 CumulHyper_3 CumulHyper_4 CumulHyper_5
          CumulHyper_6 CumulHyper_7 CumulHyper_8 CumulHyper_9 CumulHyper_10
          CumulAngina_1 CumulAngina_2 CumulAngina_3 CumulAngina_4 CumulAngina_5
          CumulAngina_6 CumulAngina_7 CumulAngina_8 CumulAngina_9 CumulAngina_10
          CumulHrtFail_1 CumulHrtFail_2 CumulHrtFail_3 CumulHrtFail_4 CumulHrtFail_5
          CumulHrtFail_6 CumulHrtFail_7 CumulHrtFail_8 CumulHrtFail_9 CumulHrtFail_10
          CumulPD_1 CumulPD_2 CumulPD_3 CumulPD_4 CumulPD_5 CumulPD_6 CumulPD_7
          CumulPD_8 CumulPD_9 CumulPD_10
          CumulDep_1 CumulDep_2 CumulDep_3 CumulDep_4
          CumulDep_5 CumulDep_6 CumulDep_7 CumulDep_8 CumulDep_9 CumulDep_10
          CumulAnemia_1 CumulAnemia_2 CumulAnemia_3 CumulAnemia_4 CumulAnemia_5
          CumulAnemia_6 CumulAnemia_7 CumulAnemia_8 CumulAnemia_9 CumulAnemia_10
          CVIndexArWave_1 CVIndexArWave_2 CVIndexArWave_3 CVIndexArWave_4 CVIndexArWave_5
          CVIndexArWave_6 CVIndexArWave_7 CVIndexArWave_8 CVIndexArWave_9 CVIndexArWave_10
          CVIndexCumul_1 CVIndexCumul_2 CVIndexCumul_3 CVIndexCumul_4 CVIndexCumul_5
          CVIndexCumul_6 CVIndexCumul_7 CVIndexCumul_8 CVIndexCumul_9 CVIndexCumul_10
          BloodPres1stSys_1 BloodPres1stSys_2 BloodPres1stSys_3 BloodPres1stSys_4
          BloodPres1stSys_5 BloodPres1stSys_6 BloodPres1stSys_7 BloodPres1stSys_8
          BloodPres1stSys_9 BloodPres1stSys_10
          BloodPres1stDia_1 BloodPres1stDia_2 BloodPres1stDia_3 BloodPres1stDia_4
          BloodPres1stDia_5 BloodPres1stDia_6 BloodPres1stDia_7 BloodPres1stDia_8
          BloodPres1stDia_9 BloodPres1stDia_10
          Ht_1 Ht_2 Ht_3 Ht_4 Ht_5 Ht_6 Ht_7 Ht_8 Ht_9 Ht_10
          Wt_1 Wt_2 Wt_3 Wt_4 Wt_5 Wt_6 Wt_7 Wt_8 Wt_9 Wt_10
          BMI_1 BMI_2 BMI_3 BMI_4 BMI_5 BMI_6 BMI_7 BMI_8 BMI_9 BMI_10
          Waist_1 Waist_2 Waist_3 Waist_4 Waist_5 Waist_6 Waist_7 Waist_8 Waist_9 Waist_10
          Hip_1 Hip_2 Hip_3 Hip_4 Hip_5 Hip_6 Hip_7 Hip_8 Hip_9 Hip_10
          Velocity_1 Velocity_2 Velocity_3 Velocity_4 Velocity_5 Velocity_6 Velocity_7
          Velocity_8 Velocity_9 Velocity_10
          ChairRaiseTime_1 ChairRaiseTime_2 ChairRaiseTime_3 ChairRaiseTime_4
          ChairRaiseTime_5 ChairRaiseTime_6 ChairRaiseTime_7 ChairRaiseTime_8
          ChairRaiseTime_9 ChairRaiseTime_10
          FlamingoStandTime_1 FlamingoStandTime_2 FlamingoStandTime_3 FlamingoStandTime_4
          FlamingoStandTime_5 FlamingoStandTime_6 FlamingoStandTime_7 FlamingoStandTime_8
          FlamingoStandTime_9 FlamingoStandTime_10
          MaxEff_1 MaxEff_2 MaxEff_3 MaxEff_4 MaxEff_5 MaxEff_6 MaxEff_7
          MaxEff_8 MaxEff_9 MaxEff_10
          PeakFlowBestOf3_1 PeakFlowBestOf3_2 PeakFlowBestOf3_3 PeakFlowBestOf3_4
          PeakFlowBestOf3_5 PeakFlowBestOf3_6 PeakFlowBestOf3_7 PeakFlowBestOf3_8
          PeakFlowBestOf3_9 PeakFlowBestOf3_10
          UPDRS15_1 UPDRS15_2 UPDRS15_3 UPDRS15_4 UPDRS15_5 UPDRS15_6 UPDRS15_7
          UPDRS15_8 UPDRS15_9 UPDRS15_10
          UPDRS27_1 UPDRS27_2 UPDRS27_3 UPDRS27_4 UPDRS27_5 UPDRS27_6 UPDRS27_7
          UPDRS27_8 UPDRS27_9 UPDRS27_10
          UPDRS28_1 UPDRS28_2 UPDRS28_3 UPDRS28_4
          UPDRS28_5 UPDRS28_6 UPDRS28_7 UPDRS28_8 UPDRS28_9 UPDRS28_10
          UPDRS29_1 UPDRS29_2 UPDRS29_3 UPDRS29_4 UPDRS29_5 UPDRS29_6 UPDRS29_7
          UPDRS29_8 UPDRS29_9 UPDRS29_10
          EMail_1 EMail_2 EMail_3 EMail_4 EMail_5 EMail_6 EMail_7 EMail_8 EMail_9 EMail_10
          Aerobic_1 Aerobic_2 Aerobic_3 Aerobic_4 Aerobic_5 Aerobic_6 Aerobic_7
          Aerobic_8 Aerobic_9 Aerobic_10
          HrsFor2WeekLight_1 HrsFor2WeekLight_2 HrsFor2WeekLight_3 HrsFor2WeekLight_4
          HrsFor2WeekLight_5 HrsFor2WeekLight_6 HrsFor2WeekLight_7 HrsFor2WeekLight_8
          HrsFor2WeekLight_9 HrsFor2WeekLight_10
          HrsFor2WeekMedium_1 HrsFor2WeekMedium_2 HrsFor2WeekMedium_3 HrsFor2WeekMedium_4
          HrsFor2WeekMedium_5 HrsFor2WeekMedium_6 HrsFor2WeekMedium_7 HrsFor2WeekMedium_8
          HrsFor2WeekMedium_9 HrsFor2WeekMedium_10
          HrsFor2WeekHeavy_1 HrsFor2WeekHeavy_2 HrsFor2WeekHeavy_3 HrsFor2WeekHeavy_4
          HrsFor2WeekHeavy_5 HrsFor2WeekHeavy_6 HrsFor2WeekHeavy_7 HrsFor2WeekHeavy_8
          HrsFor2WeekHeavy_9 HrsFor2WeekHeavy_10
          DaysPerWeekLight_1 DaysPerWeekLight_2 DaysPerWeekLight_3 DaysPerWeekLight_4
          DaysPerWeekLight_5 DaysPerWeekLight_6 DaysPerWeekLight_7 DaysPerWeekLight_8
          DaysPerWeekLight_9 DaysPerWeekLight_10
          DaysPerWeekMedium_1 DaysPerWeekMedium_2 DaysPerWeekMedium_3 DaysPerWeekMedium_4
          DaysPerWeekMedium_5
          DaysPerWeekMedium_6 DaysPerWeekMedium_7 DaysPerWeekMedium_8 DaysPerWeekMedium_9
          DaysPerWeekMedium_10
          DaysPerWeekHeavy_1 DaysPerWeekHeavy_2 DaysPerWeekHeavy_3 DaysPerWeekHeavy_4
          DaysPerWeekHeavy_5 DaysPerWeekHeavy_6 DaysPerWeekHeavy_7 DaysPerWeekHeavy_8
          DaysPerWeekHeavy_9 DaysPerWeekHeavy_10
          CigsPerDay_1 CigsPerDay_2 CigsPerDay_3
          CigsPerDay_4 CigsPerDay_5 CigsPerDay_6 CigsPerDay_7 CigsPerDay_8
          CigsPerDay_9 CigsPerDay_10
          SmokNow_1 SmokNow_2 SmokNow_3 SmokNow_4
          SmokNow_5 SmokNow_6 SmokNow_7 SmokNow_8 SmokNow_9 SmokNow_10
          SmokEver_1 SmokEver_2 SmokEver_3 SmokEver_4 SmokEver_5 SmokEver_6 SmokEver_7
          SmokEver_8 SmokEver_9 SmokEver_10
          SmokNumYrs_1 SmokNumYrs_2 SmokNumYrs_3 SmokNumYrs_4 SmokNumYrs_5
          SmokNumYrs_6 SmokNumYrs_7 SmokNumYrs_8 SmokNumYrs_9 SmokNumYrs_10
          DrinksPerMonth_1 DrinksPerMonth_2 DrinksPerMonth_3 DrinksPerMonth_4
          DrinksPerMonth_5 DrinksPerMonth_6 DrinksPerMonth_7 DrinksPerMonth_8
          DrinksPerMonth_9 DrinksPerMonth_10
          Glucose_1 Glucose_2 Glucose_3 Glucose_4 Glucose_5 Glucose_6 Glucose_7
          Glucose_8 Glucose_9 Glucose_10
          chronicpi1 chronicpi2 chronicpi3 chronicpi4 chronicpi5 chronicpi6 chronicpi7
          chronicpi8 chronicpi9 chronicpi10
          Pdever
          Cvd cisum;
        MISSING = ALL(-9999);
               USEVAR are time1 time2 time3 time4 time5 time6 time7
                          p1 p2 p3 p4 p5 p6 p7
                         c1 c2 c3 c4 c5 c6 c7
                         Bage educ height Diab SmokHist Cardio;
               TSCORES =   time1 time2 time3 time4 time5 time6 time7;
              USEOBSERVATIONS are DemEver EQ 0 and sex EQ 0;
  DEFINE:
    p1=PeakFlowBestOf3_1; p2=PeakFlowBestOf3_2; p3=PeakFlowBestOf3_3;
       p4=PeakFlowBestOf3_4; p5=PeakFlowBestOf3_5; p6=PeakFlowBestOf3_6;
       p7=PeakFlowBestOf3_7; p8=PeakFlowBestOf3_8; p9=PeakFlowBestOf3_9;
  c1=Velocity_1; c2=Velocity_2; c3=Velocity_3; c4=Velocity_4; c5=Velocity_5;
  c6=Velocity_6; c7=Velocity_7;
          c8=Velocity_8; c9=Velocity_9;
                Bage=AgeAtWaveOne-70;
                Bagesq=(AgeatWaveOne-70)**2;
                Dage=deathage;
                Educ=Educyrs-7;
                SEP=DEMO23;
                time1=wave_1;
                time2=wave_2;
                time3=wave_3;
                time4=wave_4;
                time5=wave_5;
                time6=wave_6;
                time7=wave_7;
                time8=wave_8;
                time9=wave_9;
                time10=wave_10;
               Height=Ht_1-160;
                SmokHist=SmokEver_1;
                DepSymp = GDSScore_1;
                Cardio = cvd;
                Diab=DMever;
                AgeAtWave_1Educyrs=Bage*Educ;
  ANALYSIS:
   TYPE = RANDOM;
         ESTIMATOR=MLF;
         miterations=1000;
     h1convergence = 0.00001;
         COVERAGE = .001;
  OUTPUT:
   sampstat
  MODEL:
       ip sp | p1-p7 AT time1-time7;
       ic sc  | c1 - c7 AT time1-time7;
       ip(v_ip);
       sp(v_sp);
       ic(v_ic);
       sc(v_sc);
       ip WITH sp(c_ipsp);
       ip WITH ic(c_ipic);
       ip WITH sc (c_ipsc);
       sp WITH ic (c_spic);
       sp WITH sc (c_spsc);
       ic WITH SC (C_ICSC);

       ip sp  ic sc  ON Bage educ height smokhist cardio diab;
        c1-c7 (res_c);
         p1-p7 (res_p);
          p1-p7 pwith c1-c7(res_cov);

    MODEL CONSTRAINT:

            NEW r_ipic; !assigns labels to new parameters;
            NEW r_spsc;
            NEW r_res_pc;

            r_ipic = c_ipic/((v_ip**0.5)*(v_ic**0.5));
            r_spsc = c_spsc/((v_sp**0.5)*(v_sc**0.5));
            r_res_pc = res_cov/((res_p**0.5)*(res_c**0.5));

    OUTPUT: sampstat Cinterval;


  SAVEDATA:

  FILE IS   LASAfSlopes;

  SAVE = FSCORES;


  PLOT:   TYPE IS PLOT3;



*** WARNING
  Data set contains cases with missing on x-variables.
  These cases were not included in the analysis.
  Number of cases with missing on x-variables:  312
   1 WARNING(S) FOUND IN THE INPUT INSTRUCTIONS




M1, Pulmonary function, Gait, Fully Conditional, female

SUMMARY OF ANALYSIS

Number of groups                                                 1
Number of observations                                          72

Number of dependent variables                                   14
Number of independent variables                                  6
Number of continuous latent variables                            4

Observed dependent variables

  Continuous
   P1          P2          P3          P4          P5          P6
   P7          C1          C2          C3          C4          C5
   C6          C7

Observed independent variables
   BAGE        EDUC        HEIGHT      DIAB        SMOKHIST    CARDIO

Continuous latent variables
   IP          SP          IC          SC

Variables with special functions

  Time scores
   TIME1       TIME2       TIME3       TIME4       TIME5       TIME6
   TIME7


Estimator                                                      MLF
Information matrix                                        OBSERVED
Maximum number of iterations                                   100
Convergence criterion                                    0.100D-05
Maximum number of EM iterations                               1000
Convergence criteria for the EM algorithm
  Loglikelihood change                                   0.100D-02
  Relative loglikelihood change                          0.100D-05
  Derivative                                             0.100D-03
Minimum variance                                         0.100D-03
Maximum number of steepest descent iterations                   20
Maximum number of iterations for H1                           2000
Convergence criterion for H1                             0.100D-04
Optimization algorithm                                         EMA

Input data file(s)
  C:\Users\Andrea Zammit\Desktop\EASMaster.csv
Input data format  FREE


SUMMARY OF DATA

     Number of missing data patterns            35


COVARIANCE COVERAGE OF DATA

Minimum covariance coverage value   0.001


     PROPORTION OF DATA PRESENT


           Covariance Coverage
              P1            P2            P3            P4            P5
              ________      ________      ________      ________      ________
 P1             1.000
 P2             0.736         0.736
 P3             0.542         0.486         0.542
 P4             0.431         0.375         0.389         0.431
 P5             0.236         0.222         0.194         0.236         0.236
 P6             0.208         0.208         0.181         0.194         0.167
 P7             0.139         0.125         0.125         0.125         0.125
 C1             0.847         0.611         0.458         0.375         0.208
 C2             0.694         0.625         0.458         0.361         0.194
 C3             0.486         0.444         0.431         0.319         0.181
 C4             0.403         0.333         0.361         0.375         0.222
 C5             0.181         0.167         0.153         0.181         0.181
 C6             0.153         0.125         0.139         0.111         0.083
 C7             0.111         0.097         0.111         0.097         0.083
 BAGE           1.000         0.736         0.542         0.431         0.236
 EDUC           1.000         0.736         0.542         0.431         0.236
 HEIGHT         1.000         0.736         0.542         0.431         0.236
 DIAB           1.000         0.736         0.542         0.431         0.236
 SMOKHIST       1.000         0.736         0.542         0.431         0.236
 CARDIO         1.000         0.736         0.542         0.431         0.236


           Covariance Coverage
              P6            P7            C1            C2            C3
              ________      ________      ________      ________      ________
 P6             0.208
 P7             0.125         0.139
 C1             0.194         0.125         0.847
 C2             0.181         0.111         0.583         0.694
 C3             0.153         0.125         0.403         0.417         0.486
 C4             0.194         0.125         0.347         0.347         0.292
 C5             0.153         0.111         0.153         0.153         0.153
 C6             0.097         0.069         0.139         0.111         0.111
 C7             0.097         0.097         0.111         0.097         0.083
 BAGE           0.208         0.139         0.847         0.694         0.486
 EDUC           0.208         0.139         0.847         0.694         0.486
 HEIGHT         0.208         0.139         0.847         0.694         0.486
 DIAB           0.208         0.139         0.847         0.694         0.486
 SMOKHIST       0.208         0.139         0.847         0.694         0.486
 CARDIO         0.208         0.139         0.847         0.694         0.486


           Covariance Coverage
              C4            C5            C6            C7            BAGE
              ________      ________      ________      ________      ________
 C4             0.403
 C5             0.167         0.181
 C6             0.139         0.083         0.153
 C7             0.097         0.083         0.069         0.111
 BAGE           0.403         0.181         0.153         0.111         1.000
 EDUC           0.403         0.181         0.153         0.111         1.000
 HEIGHT         0.403         0.181         0.153         0.111         1.000
 DIAB           0.403         0.181         0.153         0.111         1.000
 SMOKHIST       0.403         0.181         0.153         0.111         1.000
 CARDIO         0.403         0.181         0.153         0.111         1.000


           Covariance Coverage
              EDUC          HEIGHT        DIAB          SMOKHIST      CARDIO
              ________      ________      ________      ________      ________
 EDUC           1.000
 HEIGHT         1.000         1.000
 DIAB           1.000         1.000         1.000
 SMOKHIST       1.000         1.000         1.000         1.000
 CARDIO         1.000         1.000         1.000         1.000         1.000


SAMPLE STATISTICS


     ESTIMATED SAMPLE STATISTICS


           Means
              P1            P2            P3            P4            P5
              ________      ________      ________      ________      ________
 1            394.861       387.016       362.104       308.840       300.750


           Means
              P6            P7            C1            C2            C3
              ________      ________      ________      ________      ________
 1            293.624       265.300       102.064       100.014        97.143


           Means
              C4            C5            C6            C7            BAGE
              ________      ________      ________      ________      ________
 1             86.660        92.661        88.645        90.536         7.964


           Means
              EDUC          HEIGHT        DIAB          SMOKHIST      CARDIO
              ________      ________      ________      ________      ________
 1              7.875        12.667         0.236         0.625         0.153


           Covariances
              P1            P2            P3            P4            P5
              ________      ________      ________      ________      ________
 P1         15177.758
 P2         10208.022     15735.512
 P3         10582.661     10881.381     16736.757
 P4         10096.272      9645.853     11741.650     11970.988
 P5          9707.169      8395.656     11669.088     11040.389     12634.031
 P6          7478.861      6619.301     10341.309      9184.144     10334.441
 P7          4783.021      4237.899      7513.319      7297.437      8761.619
 C1           412.580       341.502       396.816       359.202       591.447
 C2           231.651       503.286       522.405       436.039       379.876
 C3           -34.219       466.847       219.852        39.290       411.148
 C4           292.066       397.648       766.294       539.465       810.028
 C5            99.620       111.107       931.008       404.013       525.595
 C6           396.161       385.836       156.351       190.295       467.046
 C7           567.601       558.120       383.110       196.179       387.200
 BAGE         -84.651      -259.616      -123.028       -66.325      -137.956
 EDUC          92.830         5.263        52.965        50.130        71.383
 HEIGHT       190.787       170.476       348.666       204.939        55.925
 DIAB          -3.092        -6.026         1.738         2.563        -4.460
 SMOKHIST      -7.344         3.240        -1.338         5.889        -2.875
 CARDIO        -9.076         4.421         0.271        -2.600        -1.671


           Covariances
              P6            P7            C1            C2            C3
              ________      ________      ________      ________      ________
 P6          9732.558
 P7          8238.197      9344.586
 C1           518.754       620.979       299.838
 C2           378.603       399.149       219.757       281.187
 C3           471.445       596.870       283.081       234.303       441.285
 C4           885.140       993.675       213.066       221.212       292.418
 C5           449.542       456.598       129.814       144.794       116.597
 C6           488.490       524.111       201.560       189.255       235.276
 C7           203.976       159.472       146.682       120.489       157.701
 BAGE        -170.657      -122.743       -14.597       -15.781       -40.807
 EDUC          49.138       115.908         4.615        -0.487         1.651
 HEIGHT       179.090       210.344         3.043        18.609        -7.929
 DIAB          -2.682       -11.299        -0.791        -1.076        -0.196
 SMOKHIST      -4.112         1.732        -0.426         1.090        -0.308
 CARDIO        -9.505        -4.890        -0.613         0.414         0.282


           Covariances
              C4            C5            C6            C7            BAGE
              ________      ________      ________      ________      ________
 C4           371.487
 C5           182.490       203.671
 C6           245.543        97.369       256.244
 C7           145.288       100.810       155.584       161.160
 BAGE         -43.157         6.534       -31.016        -5.073        26.558
 EDUC          -3.174        -5.537       -12.287        -6.387         1.205
 HEIGHT         8.436        10.868        -4.604       -24.078        -5.409
 DIAB          -1.703        -0.834        -3.378        -2.397        -0.023
 SMOKHIST       3.082         1.060         0.400         0.069        -0.529
 CARDIO        -0.057         1.752        -0.958         0.351         0.083


           Covariances
              EDUC          HEIGHT        DIAB          SMOKHIST      CARDIO
              ________      ________      ________      ________      ________
 EDUC          11.498
 HEIGHT         0.986        52.583
 DIAB          -0.012         0.204         0.180
 SMOKHIST      -0.408         0.292         0.019         0.234
 CARDIO        -0.050        -0.157         0.006         0.030         0.157


           Correlations
              P1            P2            P3            P4            P5
              ________      ________      ________      ________      ________
 P1             1.000
 P2             0.661         1.000
 P3             0.664         0.671         1.000
 P4             0.749         0.703         0.830         1.000
 P5             0.701         0.595         0.802         0.898         1.000
 P6             0.615         0.535         0.810         0.851         0.932
 P7             0.402         0.349         0.601         0.690         0.806
 C1             0.193         0.157         0.177         0.190         0.304
 C2             0.112         0.239         0.241         0.238         0.202
 C3            -0.013         0.177         0.081         0.017         0.174
 C4             0.123         0.164         0.307         0.256         0.374
 C5             0.057         0.062         0.504         0.259         0.328
 C6             0.201         0.192         0.075         0.109         0.260
 C7             0.363         0.350         0.233         0.141         0.271
 BAGE          -0.133        -0.402        -0.185        -0.118        -0.238
 EDUC           0.222         0.012         0.121         0.135         0.187
 HEIGHT         0.214         0.187         0.372         0.258         0.069
 DIAB          -0.059        -0.113         0.032         0.055        -0.093
 SMOKHIST      -0.123         0.053        -0.021         0.111        -0.053
 CARDIO        -0.186         0.089         0.005        -0.060        -0.037


           Correlations
              P6            P7            C1            C2            C3
              ________      ________      ________      ________      ________
 P6             1.000
 P7             0.864         1.000
 C1             0.304         0.371         1.000
 C2             0.229         0.246         0.757         1.000
 C3             0.227         0.294         0.778         0.665         1.000
 C4             0.466         0.533         0.638         0.684         0.722
 C5             0.319         0.331         0.525         0.605         0.389
 C6             0.309         0.339         0.727         0.705         0.700
 C7             0.163         0.130         0.667         0.566         0.591
 BAGE          -0.336        -0.246        -0.164        -0.183        -0.377
 EDUC           0.147         0.354         0.079        -0.009         0.023
 HEIGHT         0.250         0.300         0.024         0.153        -0.052
 DIAB          -0.064        -0.275        -0.108        -0.151        -0.022
 SMOKHIST      -0.086         0.037        -0.051         0.134        -0.030
 CARDIO        -0.243        -0.128        -0.089         0.062         0.034


           Correlations
              C4            C5            C6            C7            BAGE
              ________      ________      ________      ________      ________
 C4             1.000
 C5             0.663         1.000
 C6             0.796         0.426         1.000
 C7             0.594         0.556         0.766         1.000
 BAGE          -0.434         0.089        -0.376        -0.078         1.000
 EDUC          -0.049        -0.114        -0.226        -0.148         0.069
 HEIGHT         0.060         0.105        -0.040        -0.262        -0.145
 DIAB          -0.208        -0.138        -0.497        -0.445        -0.011
 SMOKHIST       0.330         0.153         0.052         0.011        -0.212
 CARDIO        -0.008         0.310        -0.151         0.070         0.041


           Correlations
              EDUC          HEIGHT        DIAB          SMOKHIST      CARDIO
              ________      ________      ________      ________      ________
 EDUC           1.000
 HEIGHT         0.040         1.000
 DIAB          -0.008         0.066         1.000
 SMOKHIST      -0.249         0.083         0.093         1.000
 CARDIO        -0.037        -0.055         0.033         0.154         1.000


     MAXIMUM LOG-LIKELIHOOD VALUE FOR THE UNRESTRICTED (H1) MODEL IS -2533.215


UNIVARIATE HIGHER-ORDER MOMENT DESCRIPTIVE STATISTICS


     UNIVARIATE HIGHER-ORDER MOMENT DESCRIPTIVE STATISTICS

         Variable/         Mean/     Skewness/   Minimum/ % with                Percentiles
        Sample Size      Variance    Kurtosis    Maximum  Min/Max      20%/60%    40%/80%    Median

     P1                  394.861       0.737     160.000    1.39%     300.000    360.000    400.000
              72.000   15177.758       1.254     850.000    1.39%     410.000    500.000
     P2                  388.340       0.739     160.000    1.89%     260.000    340.000    360.000
              53.000   16994.677       1.120     850.000    1.89%     410.000    500.000
     P3                  370.513       0.281     150.000    2.56%     230.000    320.000    370.000
              39.000   16866.404      -0.670     680.000    2.56%     400.000    460.000
     P4                  328.387       0.211     150.000    3.23%     200.000    260.000    310.000
              31.000   11813.528      -1.175     540.000    3.23%     360.000    450.000
     P5                  313.765       0.195     150.000    5.88%     164.000    240.000    300.000
              17.000   13998.533      -1.299     530.000    5.88%     310.000    440.000
     P6                  299.600       0.364     120.000    6.67%     210.000    254.000    300.000
              15.000    8767.573       0.039     510.000    6.67%     300.000    350.000
     P7                  269.000       0.572     110.000   10.00%     200.000    220.000    260.000
              10.000    9269.000      -0.200     460.000   10.00%     260.000    280.000
     C1                  102.762      -0.035      68.000    1.64%      84.800     97.300    102.000
              61.000     319.968      -0.825     141.300    1.64%     110.300    118.000
     C2                  100.780      -0.161      57.400    2.00%      87.400     98.000    102.550
              50.000     269.638       0.444     142.600    2.00%     105.700    112.600
     C3                   95.649       0.453      62.300    2.86%      78.200     86.800     93.600
              35.000     338.670      -0.273     137.800    2.86%      97.100    107.900
     C4                   89.079       0.295      60.300    3.45%      70.800     81.400     85.800
              29.000     376.556      -0.931     132.600    3.45%      86.900    109.400
     C5                   95.723       0.390      69.000    7.69%      82.300     89.400     94.300
              13.000     244.854      -0.554     125.300    7.69%      96.500    101.700
     C6                   86.164      -0.663      49.000    9.09%      71.800     79.300     81.900
              11.000     283.253      -0.354     104.600    9.09%      98.500    103.000
     C7                   91.087       0.337      62.400   12.50%      75.800     79.300     93.850
               8.000     319.996      -0.219     126.200   12.50%      93.900     97.700
     BAGE                  7.964       0.220      -0.379    1.39%       2.605      6.211      7.394
              72.000      26.558      -1.147      18.821    1.39%       9.154     14.101
     EDUC                  7.875      -0.365      -1.000    2.78%       5.000      7.000      8.000
              72.000      11.498      -0.281      13.000   11.11%       9.000     11.000
     HEIGHT               12.667      -0.151      -9.000    1.39%       6.000     11.000     12.000
              72.000      52.583       0.043      30.000    1.39%      15.000     20.000
     DIAB                  0.236       1.243       0.000   76.39%       0.000      0.000      0.000
              72.000       0.180      -0.456       1.000   23.61%       0.000      1.000
     SMOKHIST              0.625      -0.516       0.000   37.50%       0.000      1.000      1.000
              72.000       0.234      -1.733       1.000   62.50%       1.000      1.000
     CARDIO                0.153       2.575       0.000   86.11%       0.000      0.000      0.000
              72.000       0.157       6.167       2.000    1.39%       0.000      0.000


THE MODEL ESTIMATION TERMINATED NORMALLY



MODEL FIT INFORMATION

Number of Free Parameters                       41

Loglikelihood

          H0 Value                       -2199.590

Information Criteria

          Akaike (AIC)                    4481.180
          Bayesian (BIC)                  4574.524
          Sample-Size Adjusted BIC        4445.347
            (n* = (n + 2) / 24)



MODEL RESULTS

                                                    Two-Tailed
                    Estimate       S.E.  Est./S.E.    P-Value

 IP         ON
    BAGE              -5.115      7.050     -0.725      0.468
    EDUC               4.970      9.005      0.552      0.581
    HEIGHT             2.662      4.137      0.643      0.520
    SMOKHIST         -30.437     92.086     -0.331      0.741
    CARDIO           -20.235     71.960     -0.281      0.779
    DIAB             -18.565     71.251     -0.261      0.794

 SP         ON
    BAGE               0.366      1.960      0.187      0.852
    EDUC              -0.026      2.808     -0.009      0.993
    HEIGHT             0.374      1.597      0.234      0.815
    SMOKHIST           5.827     21.092      0.276      0.782
    CARDIO            -3.626     28.477     -0.127      0.899
    DIAB               1.981     23.310      0.085      0.932

 IC         ON
    BAGE              -0.467      0.584     -0.800      0.424
    EDUC               0.677      1.149      0.590      0.555
    HEIGHT             0.047      0.492      0.097      0.923
    SMOKHIST          -1.462      7.208     -0.203      0.839
    CARDIO            -2.668     14.193     -0.188      0.851
    DIAB              -4.857     12.708     -0.382      0.702

 SC         ON
    BAGE              -0.081      0.277     -0.291      0.771
    EDUC              -0.276      0.359     -0.768      0.442
    HEIGHT             0.046      0.242      0.189      0.850
    SMOKHIST           0.957      3.394      0.282      0.778
    CARDIO             0.350      7.185      0.049      0.961
    DIAB              -0.136      5.805     -0.023      0.981

 IP       WITH
    SP             -1014.771   1338.144     -0.758      0.448
    IC               -18.119    903.197     -0.020      0.984
    SC                91.254    240.905      0.379      0.705

 SP       WITH
    IC                87.615    230.329      0.380      0.704
    SC                -7.506     32.476     -0.231      0.817

 IC       WITH
    SC                -3.343     34.338     -0.097      0.922

 P1       WITH
    C1                68.362    103.135      0.663      0.507

 P2       WITH
    C2                68.362    103.135      0.663      0.507

 P3       WITH
    C3                68.362    103.135      0.663      0.507

 P4       WITH
    C4                68.362    103.135      0.663      0.507

 P5       WITH
    C5                68.362    103.135      0.663      0.507

 P6       WITH
    C6                68.362    103.135      0.663      0.507

 P7       WITH
    C7                68.362    103.135      0.663      0.507

 Intercepts
    P1                 0.000      0.000    999.000    999.000
    P2                 0.000      0.000    999.000    999.000
    P3                 0.000      0.000    999.000    999.000
    P4                 0.000      0.000    999.000    999.000
    P5                 0.000      0.000    999.000    999.000
    P6                 0.000      0.000    999.000    999.000
    P7                 0.000      0.000    999.000    999.000
    C1                 0.000      0.000    999.000    999.000
    C2                 0.000      0.000    999.000    999.000
    C3                 0.000      0.000    999.000    999.000
    C4                 0.000      0.000    999.000    999.000
    C5                 0.000      0.000    999.000    999.000
    C6                 0.000      0.000    999.000    999.000
    C7                 0.000      0.000    999.000    999.000
    IP               419.173    108.811      3.852      0.000
    SP               -36.597     40.051     -0.914      0.361
    IC               106.321     15.730      6.759      0.000
    SC                -2.016      6.210     -0.325      0.745

 Residual Variances
    P1              3424.992    574.795      5.959      0.000
    P2              3424.992    574.795      5.959      0.000
    P3              3424.992    574.795      5.959      0.000
    P4              3424.992    574.795      5.959      0.000
    P5              3424.992    574.795      5.959      0.000
    P6              3424.992    574.795      5.959      0.000
    P7              3424.992    574.795      5.959      0.000
    C1                74.308     17.241      4.310      0.000
    C2                74.308     17.241      4.310      0.000
    C3                74.308     17.241      4.310      0.000
    C4                74.308     17.241      4.310      0.000
    C5                74.308     17.241      4.310      0.000
    C6                74.308     17.241      4.310      0.000
    C7                74.308     17.241      4.310      0.000
    IP             13104.590   5942.392      2.205      0.027
    SP               197.091    360.933      0.546      0.585
    IC               227.209    133.105      1.707      0.088
    SC                 1.019      5.450      0.187      0.852

New/Additional Parameters
    R_IPIC            -0.011      0.526     -0.020      0.984
    R_SPSC            -0.530      2.633     -0.201      0.841
    R_RES_PC           0.136      0.198      0.685      0.493


QUALITY OF NUMERICAL RESULTS

     Condition Number for the Information Matrix              0.386E-07
       (ratio of smallest to largest eigenvalue)


CONFIDENCE INTERVALS OF MODEL RESULTS

                  Lower .5%  Lower 2.5%    Lower 5%    Estimate    Upper 5%  Upper 2.5%   Upper .5%

 IP       ON
    BAGE           -23.275     -18.933     -16.712      -5.115       6.483       8.704      13.046
    EDUC           -18.224     -12.679      -9.842       4.970      19.783      22.619      28.164
    HEIGHT          -7.994      -5.446      -4.143       2.662       9.466      10.769      13.317
    SMOKHIST      -267.632    -210.925    -181.918     -30.437     121.044     150.051     206.758
    CARDIO        -205.590    -161.277    -138.609     -20.235      98.140     120.807     165.120
    DIAB          -202.093    -158.217    -135.773     -18.565      98.642     121.086     164.962

 SP       ON
    BAGE            -4.683      -3.476      -2.858       0.366       3.591       4.208       5.415
    EDUC            -7.259      -5.530      -4.645      -0.026       4.593       5.477       7.206
    HEIGHT          -3.739      -2.755      -2.252       0.374       3.000       3.503       4.486
    SMOKHIST       -48.501     -35.513     -28.869       5.827      40.524      47.168      60.156
    CARDIO         -76.977     -59.441     -50.470      -3.626      43.219      52.189      69.725
    DIAB           -58.061     -43.707     -36.364       1.981      40.326      47.669      62.023

 IC       ON
    BAGE            -1.972      -1.612      -1.428      -0.467       0.493       0.677       1.037
    EDUC            -2.281      -1.574      -1.212       0.677       2.567       2.929       3.636
    HEIGHT          -1.219      -0.916      -0.761       0.047       0.856       1.011       1.314
    SMOKHIST       -20.029     -15.590     -13.319      -1.462      10.396      12.667      17.105
    CARDIO         -39.226     -30.486     -26.015      -2.668      20.680      25.150      33.890
    DIAB           -37.591     -29.765     -25.762      -4.857      16.048      20.051      27.877

 SC       ON
    BAGE            -0.795      -0.624      -0.537      -0.081       0.376       0.463       0.634
    EDUC            -1.201      -0.980      -0.867      -0.276       0.315       0.428       0.649
    HEIGHT          -0.578      -0.429      -0.353       0.046       0.444       0.521       0.670
    SMOKHIST        -7.784      -5.694      -4.625       0.957       6.540       7.609       9.698
    CARDIO         -18.157     -13.733     -11.469       0.350      12.170      14.433      18.858
    DIAB           -15.089     -11.514      -9.686      -0.136       9.413      11.242      14.817

 IP       WITH
    SP           -4461.561   -3637.532   -3216.017   -1014.771    1186.476    1607.991    2432.020
    IC           -2344.575   -1788.386   -1503.878     -18.119    1467.641    1752.148    2308.337
    SC            -529.270    -380.920    -305.035      91.254     487.543     563.428     711.778

 SP       WITH
    IC            -505.666    -363.829    -291.276      87.615     466.506     539.060     680.896
    SC             -91.158     -71.159     -60.929      -7.506      45.917      56.147      76.146

 IC       WITH
    SC             -91.792     -70.646     -59.830      -3.343      53.144      63.960      85.106

 P1       WITH
    C1            -197.294    -133.783    -101.295      68.362     238.019     270.506     334.017

 P2       WITH
    C2            -197.294    -133.783    -101.295      68.362     238.019     270.506     334.017

 P3       WITH
    C3            -197.294    -133.783    -101.295      68.362     238.019     270.506     334.017

 P4       WITH
    C4            -197.294    -133.783    -101.295      68.362     238.019     270.506     334.017

 P5       WITH
    C5            -197.294    -133.783    -101.295      68.362     238.019     270.506     334.017

 P6       WITH
    C6            -197.294    -133.783    -101.295      68.362     238.019     270.506     334.017

 P7       WITH
    C7            -197.294    -133.783    -101.295      68.362     238.019     270.506     334.017

 Intercepts
    P1               0.000       0.000       0.000       0.000       0.000       0.000       0.000
    P2               0.000       0.000       0.000       0.000       0.000       0.000       0.000
    P3               0.000       0.000       0.000       0.000       0.000       0.000       0.000
    P4               0.000       0.000       0.000       0.000       0.000       0.000       0.000
    P5               0.000       0.000       0.000       0.000       0.000       0.000       0.000
    P6               0.000       0.000       0.000       0.000       0.000       0.000       0.000
    P7               0.000       0.000       0.000       0.000       0.000       0.000       0.000
    C1               0.000       0.000       0.000       0.000       0.000       0.000       0.000
    C2               0.000       0.000       0.000       0.000       0.000       0.000       0.000
    C3               0.000       0.000       0.000       0.000       0.000       0.000       0.000
    C4               0.000       0.000       0.000       0.000       0.000       0.000       0.000
    C5               0.000       0.000       0.000       0.000       0.000       0.000       0.000
    C6               0.000       0.000       0.000       0.000       0.000       0.000       0.000
    C7               0.000       0.000       0.000       0.000       0.000       0.000       0.000
    IP             138.898     205.904     240.180     419.173     598.167     632.442     699.448
    SP            -139.760    -115.097    -102.481     -36.597      29.286      41.902      66.566
    IC              65.803      75.490      80.445     106.321     132.198     137.153     146.839
    SC             -18.011     -14.187     -12.231      -2.016       8.200      10.156      13.980

 Residual Variances
    P1            1944.435    2298.394    2479.455    3424.992    4370.530    4551.590    4905.549
    P2            1944.435    2298.394    2479.455    3424.992    4370.530    4551.590    4905.549
    P3            1944.435    2298.394    2479.455    3424.992    4370.530    4551.590    4905.549
    P4            1944.435    2298.394    2479.455    3424.992    4370.530    4551.590    4905.549
    P5            1944.435    2298.394    2479.455    3424.992    4370.530    4551.590    4905.549
    P6            1944.435    2298.394    2479.455    3424.992    4370.530    4551.590    4905.549
    P7            1944.435    2298.394    2479.455    3424.992    4370.530    4551.590    4905.549
    C1              29.897      40.515      45.946      74.308     102.670     108.101     118.718
    C2              29.897      40.515      45.946      74.308     102.670     108.101     118.718
    C3              29.897      40.515      45.946      74.308     102.670     108.101     118.718
    C4              29.897      40.515      45.946      74.308     102.670     108.101     118.718
    C5              29.897      40.515      45.946      74.308     102.670     108.101     118.718
    C6              29.897      40.515      45.946      74.308     102.670     108.101     118.718
    C7              29.897      40.515      45.946      74.308     102.670     108.101     118.718
    IP           -2201.822    1457.502    3329.355   13104.590   22879.824   24751.678   28411.002
    SP            -732.601    -510.338    -396.644     197.091     790.826     904.520    1126.782
    IC            -115.643     -33.677       8.251     227.209     446.167     488.095     570.061
    SC             -13.019      -9.663      -7.946       1.019       9.984      11.701      15.057

New/Additional Parameters
    R_IPIC          -1.365      -1.041      -0.875      -0.011       0.854       1.020       1.344
    R_SPSC          -7.311      -5.690      -4.861      -0.530       3.801       4.631       6.252
    R_RES_PC        -0.374      -0.252      -0.190       0.136       0.461       0.523       0.645


SAMPLE STATISTICS FOR ESTIMATED FACTOR SCORES


     SAMPLE STATISTICS


           Means
              IP            IP_SE         SP            SP_SE         IC
              ________      ________      ________      ________      ________
 1            424.793        45.185       -25.597        10.367       106.066


           Means
              IC_SE         SC            SC_SE
              ________      ________      ________
 1              5.873        -3.630         0.662


           Covariances
              IP            IP_SE         SP            SP_SE         IC
              ________      ________      ________      ________      ________
 IP         12833.332
 IP_SE       -134.497        32.175
 SP          -725.730         5.473       107.430
 SP_SE        -15.021         3.369        -0.063         1.032
 IC           156.234        -7.409        66.573        -1.525       206.416
 IC_SE        -18.790         8.083         0.563         1.297        -2.096
 SC            69.439        -0.132        -3.759        -0.144        -3.714
 SC_SE         -0.645         0.145         0.003         0.022        -0.048


           Covariances
              IC_SE         SC            SC_SE
              ________      ________      ________
 IC_SE          3.895
 SC            -0.142         2.375
 SC_SE          0.046        -0.003         0.001


           Correlations
              IP            IP_SE         SP            SP_SE         IC
              ________      ________      ________      ________      ________
 IP             1.000
 IP_SE         -0.209         1.000
 SP            -0.618         0.093         1.000
 SP_SE         -0.131         0.585        -0.006         1.000
 IC             0.096        -0.091         0.447        -0.105         1.000
 IC_SE         -0.084         0.722         0.027         0.647        -0.074
 SC             0.398        -0.015        -0.235        -0.092        -0.168
 SC_SE         -0.203         0.914         0.011         0.775        -0.119


           Correlations
              IC_SE         SC            SC_SE
              ________      ________      ________
 IC_SE          1.000
 SC            -0.047         1.000
 SC_SE          0.834        -0.062         1.000


PLOT INFORMATION

The following plots are available:

  Histograms (sample values, estimated factor scores)
  Scatterplots (sample values, estimated factor scores)
  Latent variable distribution plots

SAVEDATA INFORMATION


  Save file
    LASAfSlopes

  Order and format of variables

    P1             F10.3
    P2             F10.3
    P3             F10.3
    P4             F10.3
    P5             F10.3
    P6             F10.3
    P7             F10.3
    C1             F10.3
    C2             F10.3
    C3             F10.3
    C4             F10.3
    C5             F10.3
    C6             F10.3
    C7             F10.3
    BAGE           F10.3
    EDUC           F10.3
    HEIGHT         F10.3
    DIAB           F10.3
    SMOKHIST       F10.3
    CARDIO         F10.3
    TIME1          F10.3
    TIME2          F10.3
    TIME3          F10.3
    TIME4          F10.3
    TIME5          F10.3
    TIME6          F10.3
    TIME7          F10.3
    IP             F10.3
    IP_SE          F10.3
    SP             F10.3
    SP_SE          F10.3
    IC             F10.3
    IC_SE          F10.3
    SC             F10.3
    SC_SE          F10.3

  Save file format
    35F10.3

  Save file record length    10000


DIAGRAM INFORMATION

  Use View Diagram under the Diagram menu in the Mplus Editor to view the diagram.
  If running Mplus from the Mplus Diagrammer, the diagram opens automatically.

  Diagram output
    c:\users\andrea zammit\documents\github\ialsa-2015-portland\studies\eas\physicaloct25\b1_male_ah

     Beginning Time:  16:57:53
        Ending Time:  16:58:11
       Elapsed Time:  00:00:18



MUTHEN & MUTHEN
3463 Stoner Ave.
Los Angeles, CA  90066

Tel: (310) 391-9971
Fax: (310) 391-8971
Web: www.StatModel.com
Support: Support@StatModel.com

Copyright (c) 1998-2014 Muthen & Muthen
