Mplus VERSION 7.31
MUTHEN & MUTHEN
06/27/2015   1:53 AM

INPUT INSTRUCTIONS

  TITLE:  IALSA: VA Normative Aging Study ;
          6/26/15, Lewina Lee ;

  DATA:
  FILE is C:\Users\Lewina\SkyDrive\IALSA\M+\NAS_wide_20150626.dat;

  !ORIGINAL SAS names
  		
  !/*FROM FILE: ADMIN*/
  !/*bdate*/	age0 	/*date_cog1*/	/*yr_cog1	date_death*/	age_dead	dead
  !NEDUC 	CHD 	DM 	CHF		CVA		COPD	ARTH		CANC
  !		/*NEW 6/26/15 - add disease status at first occasion for each person*/
  !		chd_base	chf_base	heart_base	cva_base	dm_base
  !		copd_base 	arth_base 	canc_base 	dis_base
  !DISTOT1993		DISTOT1994  DISTOT1995  DISTOT1996  DISTOT1997
  !DISTOT1998  	DISTOT1999  DISTOT2000  DISTOT2001  DISTOT2002
  !DISTOT2003  	DISTOT2004  DISTOT2005  DISTOT2006  DISTOT2007
  !DISTOT2008  	DISTOT2009  DISTOT2010  DISTOT2011

  !/*FROM FILE: TV_WIDE2*/
  !cint12 		cint23 		cint34 		cint45	 	cint56 		cint67
  !wave_1		wave_2		wave_3		wave_4		wave_5		wave_6		wave_7
  !/*date_cog_1	date_cog_2	date_cog_3	date_cog_4	date_cog_5	date_cog_6	date_cog_7
  !date_exam_1	date_exam_2	date_exam_3	date_exam_4	date_exam_5	date_exam_6	date_exam_7*/

  !		/*NEW 6/26/15:*/
  !		yr_cog_1	yr_cog_2	yr_cog_3	yr_cog_4	yr_cog_5	yr_cog_6	yr_cog_7
  !		yr_exam_1	yr_exam_2	yr_exam_3	yr_exam_4	yr_exam_5	yr_exam_6	yr_exam_7
  !		age_cog_1	age_cog_2	age_cog_3	age_cog_4	age_cog_5	age_cog_6	age_cog_7
  !		age_exam_1	age_exam_2	age_exam_3	age_exam_4	age_exam_5	age_exam_6	age_exam_7
  !		/*age_1		age_2		age_3		age_4		age_5		age_6		age_7*/

  !offset_1	offset_2	offset_3	offset_4	offset_5	offset_6	offset_7

  !		/*NEW 6/26/15*/
  !		/*yr_1		yr_2	yr_3		yr_4		yr_5		yr_6		yr_7*/

  !Y2die_C_1	Y2die_C_2	Y2die_C_3	Y2die_C_4	Y2die_C_5	Y2die_C_6	Y2die_C_7
  !Y2die_E_1	Y2die_E_2	Y2die_E_3	Y2die_E_4	Y2die_E_5	Y2die_E_6	Y2die_E_7
  !mmse_total_1	mmse_total_2	mmse_total_3	mmse_total_4	mmse_total_5	mmse_total_6	mmse_total_
  !vf_1		vf_2		vf_3		vf_4		vf_5		vf_6		vf_7
  !wltot_1		wltot_2		wltot_3		wltot_4		wltot_5		wltot_6		wltot_7
  !wldr_1		wldr_2		wldr_3		wldr_4		wldr_5		wldr_6		wldr_7
  !vwsum_1		vwsum_2		vwsum_3		vwsum_4		vwsum_5		vwsum_6		vwsum_7
  !dsbs_1		dsbs_2		dsbs_3		dsbs_4		dsbs_5		dsbs_6		dsbs_7
  !dsbt_1		dsbt_2		dsbt_3		dsbt_4		dsbt_5		dsbt_6		dsbt_7
  !PR_MEAN_1	PR_MEAN_2	PR_MEAN_3	PR_MEAN_4	PR_MEAN_5	PR_MEAN_6	PR_MEAN_7

  !		/*NEW 6/26/15 - unadjusted pulm variables*/
  !		fev1_1		fev1_2		fev1_3		fev1_4		fev1_5		fev1_6		fev1_7
  !		fvc_1		fvc_2		fvc_3		fvc_4		fvc_5		fvc_6		fvc_7

  !fev1_h_1	fev1_h_2	fev1_h_3	fev1_h_4	fev1_h_5	fev1_h_6	fev1_h_7
  !fvc_h_1		fvc_h_2		fvc_h_3		fvc_h_4		fvc_h_5		fvc_h_6		fvc_h_7
  !ffr_1		ffr_2		ffr_3		ffr_4		ffr_5		ffr_6		ffr_7
  !income_1	income_2	income_3	income_4	income_5	income_6	income_7
  !married_1	married_2	married_3	married_4	married_5	married_6	married_7
  !wt_kg_1		wt_kg_2		wt_kg_3		wt_kg_4		wt_kg_5		wt_kg_6		wt_kg_7
  !ht_cm_1		ht_cm_2		ht_cm_3		ht_cm_4		ht_cm_5		ht_cm_6		ht_cm_7
  !BMI_1		BMI_2		BMI_3		BMI_4		BMI_5		BMI_6		BMI_7
  !smk_now_1	smk_now_2	smk_now_3	smk_now_4	smk_now_5	smk_now_6	smk_now_7
  !smk_nvr_1	smk_nvr_2	smk_nvr_3	smk_nvr_4	smk_nvr_5	smk_nvr_6	smk_nvr_7
  !smk_fmr_1	smk_fmr_2	smk_fmr_3	smk_fmr_4	smk_fmr_5	smk_fmr_6	smk_fmr_7
  !drink2_1	drink2_2	drink2_3	drink2_4	drink2_5	drink2_6	drink2_7
  !drkden_1	drkden_2	drkden_3	drkden_4	drkden_5	drkden_6	drkden_7
  !drkden_sqrt_1	drkden_sqrt_2	drkden_sqrt_3	drkden_sqrt_4	drkden_sqrt_5	drkden_sqrt_6	drkde
  !compexp_1	compexp_2	compexp_3	compexp_4	compexp_5	compexp_6	compexp_7
  !STAIRS_1	STAIRS_2	STAIRS_3	STAIRS_4	STAIRS_5	STAIRS_6	STAIRS_7
  !BLOCKS_1	BLOCKS_2	BLOCKS_3	BLOCKS_4	BLOCKS_5	BLOCKS_6	BLOCKS_7
  	
  !		/*NEW 6/26/15 - add STAIRS & BLOCKS using 1st occasion of available data*/
  !		STAIRS_F	STAIRS_OCC
  !		BLOCKS_F	BLOCKS_F

  !sbp_sit_1	sbp_sit_2	sbp_sit_3	sbp_sit_4	sbp_sit_5	sbp_sit_6	sbp_sit_7
  !dbp_sit_1	dbp_sit_2	dbp_sit_3	dbp_sit_4	dbp_sit_5	dbp_sit_6	dbp_sit_7
  !depress_1	depress_2	depress_3	depress_4	depress_5	depress_6	depress_7
  !GLUCFAST_1	GLUCFAST_2	GLUCFAST_3	GLUCFAST_4	GLUCFAST_5	GLUCFAST_6	GLUCFAST_7
  !HBA1C_1		HBA1C_2		HBA1C_3		HBA1C_4		HBA1C_5		HBA1C_6		HBA1C_7
  !wbc_1		wbc_2		wbc_3		wbc_4		wbc_5		wbc_6		wbc_7

  VARIABLE:
  NAMES ARE
  id		
  age0 	age_dead	dead
  NEDUC 	CHD 	DM 	CHF		CVA			COPD	ARTH	CANC !onsets

  ! New - 6/26/15 - Disease (y/n) during/before first exam year;
  chd_base    chf_base	heart_base	cva_base	dm_base
  copd_base 	arth_base 	canc_base 	dis_base

  DIS1993		DIS1994  DIS1995  DIS1996  DIS1997
  DIS1998  	DIS1999  DIS2000  DIS2001  DIS2002
  DIS2003  	DIS2004  DIS2005  DIS2006  DIS2007
  DIS2008  	DIS2009  DIS2010  DIS2011
  cint12 		cint23 		cint34 		cint45	 	cint56 		cint67
  wave1		wave2		wave3		wave4		wave5		wave6		wave7

  !NEW 6/26/15;
  yr_C1       yr_C2       yr_C3       yr_C4       yr_C5       yr_C6       yr_C7
  yr_E1       yr_E2       yr_E3       yr_E4       yr_E5       yr_E6       yr_E7
  age_C1       age_C2       age_C3       age_C4       age_C5       age_C6       age_C7
  age_E1       age_E2       age_E3       age_E4       age_E5       age_E6       age_E7
  	
  offset1 	offset2	    offset3	    offset4	    offset5	    offset6	    offset7
  Y2dieC1	    Y2dieC2	    Y2dieC3	    Y2dieC4	    Y2dieC5	    Y2dieC6	Y2dieC7
  Y2dieE1	    Y2dieE2	    Y2dieE3	    Y2dieE4	    Y2dieE5	    Y2dieE6	Y2dieE7
  mmse1   	mmse2	    mmse3	    mmse4	    mmse5	    mmse6	    mmse7
  vf1		    vf2		    vf3		    vf4		    vf5		    vf6		    vf7
  wltot1		wltot2		wltot3		wltot4		wltot5		wltot6		wltot7
  wldr1		wldr2		wldr3		wldr4		wldr5		wldr6		wldr7
  vwsum1		vwsum2		vwsum3		vwsum4		vwsum5		vwsum6		vwsum7
  dsbs1		dsbs2		dsbs3		dsbs4		dsbs5		dsbs6		dsbs7
  dsbt1		dsbt2		dsbt3		dsbt4		dsbt5		dsbt6		dsbt7
  PR1	        PR2	        PR3	        PR4	        PR5	        PR6	        PR7

  fev11	    fev12	    fev13	    fev14	    fev15	    fev16	    fev17
  fvc1		fvc2		fvc3		fvc4		fvc5		fvc6		fvc7
  FEV1_H1	    FEV1_H2	    FEV1_H3	    FEV1_H4	    FEV1_H5	    FEV1_H6	    FEV1_H7 !height-ad
  fvc_H1		fvc_H2		fvc_H3		fvc_H4		fvc_H5		fvc_H6		fvc_H7

  ffr1		ffr2		ffr3		ffr4		ffr5		ffr6		ffr7
  income1	    income2	    income3	    income4	    income5	    income6 	income7
  married1	married2	married3	married4	married5	married6	married7
  wtkg1		wtkg2		wtkg3		wtkg4		wtkg5		wtkg6		wtkg7
  htcm1		htcm2		htcm3		htcm4		htcm5		htcm6		htcm7
  BMI1		BMI2		BMI3		BMI4		BMI5		BMI6		BMI7
  smk_now1	smk_now2	smk_now3	smk_now4	smk_now5	smk_now6	smk_now7
  smk_nvr1	smk_nvr2	smk_nvr3	smk_nvr4	smk_nvr5	smk_nvr6	smk_nvr7
  smk_fmr1	smk_fmr2	smk_fmr3	smk_fmr4	smk_fmr5	smk_fmr6	smk_fmr7
  drink21		drink22		drink23		drink24		drink25		drink26		drink27
  dden1		dden2		dden3		dden4		dden5		dden6		dden7
  dden_sr1	dden_sr2	dden_sr3	dden_sr4	dden_sr5	dden_sr6	dden_sr7
  compexp1	compexp2	compexp3	compexp4	compexp5	compexp6	compexp7
  STAIRS1		STAIRS2		STAIRS3		STAIRS4		STAIRS5		STAIRS6		STAIRS7
  BLOCKS1		BLOCKS2		BLOCKS3		BLOCKS4		BLOCKS5		BLOCKS6		BLOCKS7

  !New 6/26/15 - use first available occasion of data;
  STAIRS_F	STAIRS_OCC
  BLOCKS_F	BLOCKS_OCC

  sbp1		sbp2		sbp3		sbp4		sbp5		sbp6		sbp7
  dbp1		dbp2		dbp3		dbp4		dbp5		dbp6		dbp7
  deprx1	    deprx2	    deprx3	    deprx4	    deprx5  	deprx6	    deprx7
  fbg1		fbg2		fbg3		fbg4		fbg5		fbg6		fbg7
  HBA1C1		HBA1C2		HBA1C3		HBA1C4		HBA1C5		HBA1C6		HBA1C7
  wbc1		wbc2		wbc3		wbc4		wbc5		wbc6		wbc7
  ;

  USEVARIABLES ARE
  !Neduc htcm1 wtkg1 bmi1 smk_now1 smk_nvr1
  !drink21  deprx1 dis1993
  !married1  income1
  !htcm1
  !dden_sr1
  !smk_now1    smk_fmr1
  !compexp1
  !heart_base  DM_base !dis_base !
  !blocks_F stairs_F
  !deprx1
  !sbp1 dbp1
  time1 time2 time3 time4 time5 time6
  c1 c2 c3 c4 c5 c6
  p1 p2 p3 p4 p5 p6
  Bage    Educ

  ;

  TSCORES = time1 time2 time3 time4 time5 time6;

  MISSING = .;

  DEFINE: !sbp1 = sbp1/10;
          !dbp1 = dbp1/10;
          time1=yr_C1-1993; time2=yr_C2-1993; time3=yr_C3-1993;
          time4=yr_C4-1993; time5=yr_C5-1993; time6=yr_C6-1993;		
          c1=vwsum1;	c2=vwsum2; c3=vwsum3; c4=vwsum4; c5=vwsum5; c6=vwsum6;
          p1=FVC_H1*10;    p2=FVC_H2*10; p3=FVC_H3*10;
          p4=FVC_H4*10;    p5=FVC_H5*10; p6=FVC_H6*10;
          Bage=age_C1-70;
          Educ=NEDUC-7;


  !GROUPING IS;

  !CATEGORICAL ARE
  !dis_base;

  ANALYSIS:   TYPE=random;
              COVERAGE=.0002;
              PROCESSORS = 4;
             ! H1iterations=5000;

  MODEL:  ip sp| p1-p6 AT time1-time6;
          ic sc| c1-c6 AT time1-time6;

  ip sp ic sc ON Bage Educ  ;

  p1-p6 (res_p);
  c1-c6 (res_c);

  p1-p6 pwith c1-c6(res_cov);

  !Specify variances of exogeneous variables to fill in missingness;
  !leave out smoking variables (n=1131 so won't affect analysis N) to help convergence;
  Bage Educ ;  !smk_now1 smk_fmr1 heart_base DM_base


  OUTPUT: SAMPSTAT ; ! CINTERVAL;



*** WARNING
  Input line exceeded 90 characters. Some input may be truncated.
  !mmse_total_1	mmse_total_2	mmse_total_3	mmse_total_4	mmse_total_5	mmse_total_6	mmse_total_7
*** WARNING
  Input line exceeded 90 characters. Some input may be truncated.
  !drkden_sqrt_1	drkden_sqrt_2	drkden_sqrt_3	drkden_sqrt_4	drkden_sqrt_5	drkden_sqrt_6	drkden
*** WARNING
  Input line exceeded 90 characters. Some input may be truncated.
  FEV1_H1	    FEV1_H2	    FEV1_H3	    FEV1_H4	    FEV1_H5	    FEV1_H6	    FEV1_H7 !height-adj
   3 WARNING(S) FOUND IN THE INPUT INSTRUCTIONS



IALSA: VA Normative Aging Study ;
6/26/15, Lewina Lee ;

SUMMARY OF ANALYSIS

Number of groups                                                 1
Number of observations                                        1132

Number of dependent variables                                   12
Number of independent variables                                  2
Number of continuous latent variables                            4

Observed dependent variables

  Continuous
   C1          C2          C3          C4          C5          C6
   P1          P2          P3          P4          P5          P6

Observed independent variables
   BAGE        EDUC

Continuous latent variables
   IP          SP          IC          SC

Variables with special functions

  Time scores
   TIME1       TIME2       TIME3       TIME4       TIME5       TIME6


Estimator                                                      MLR
Information matrix                                        OBSERVED
Maximum number of iterations                                   100
Convergence criterion                                    0.100D-05
Maximum number of EM iterations                                500
Convergence criteria for the EM algorithm
  Loglikelihood change                                   0.100D-02
  Relative loglikelihood change                          0.100D-05
  Derivative                                             0.100D-03
Minimum variance                                         0.100D-03
Maximum number of steepest descent iterations                   20
Maximum number of iterations for H1                           2000
Convergence criterion for H1                             0.100D-03
Optimization algorithm                                         EMA

Input data file(s)
  C:\Users\Lewina\SkyDrive\IALSA\M+\NAS_wide_20150626.dat
Input data format  FREE


SUMMARY OF DATA

     Number of missing data patterns           104


COVARIANCE COVERAGE OF DATA

Minimum covariance coverage value   0.000


     PROPORTION OF DATA PRESENT


           Covariance Coverage
              C1            C2            C3            C4            C5
              ________      ________      ________      ________      ________
 C1             0.960
 C2             0.681         0.701
 C3             0.471         0.474         0.484
 C4             0.252         0.253         0.248         0.257
 C5             0.099         0.103         0.100         0.077         0.103
 C6             0.055         0.057         0.057         0.050         0.025
 P1             0.928         0.684         0.472         0.254         0.102
 P2             0.648         0.644         0.451         0.245         0.100
 P3             0.416         0.415         0.393         0.219         0.073
 P4             0.247         0.246         0.239         0.174         0.065
 P5             0.180         0.185         0.181         0.151         0.098
 P6             0.059         0.060         0.060         0.055         0.032
 BAGE           0.960         0.701         0.484         0.257         0.103
 EDUC           0.959         0.698         0.482         0.257         0.103


           Covariance Coverage
              C6            P1            P2            P3            P4
              ________      ________      ________      ________      ________
 C6             0.057
 P1             0.057         0.966
 P2             0.052         0.646         0.665
 P3             0.056         0.416         0.398         0.427
 P4             0.011         0.248         0.239         0.192         0.252
 P5             0.053         0.184         0.175         0.146         0.111
 P6             0.051         0.059         0.057         0.058         0.016
 BAGE           0.057         0.966         0.665         0.427         0.252
 EDUC           0.057         0.962         0.663         0.425         0.251


           Covariance Coverage
              P5            P6            BAGE          EDUC
              ________      ________      ________      ________
 P5             0.185
 P6             0.057         0.060
 BAGE           0.185         0.060         1.000
 EDUC           0.185         0.060         0.996         0.996


SAMPLE STATISTICS


     ESTIMATED SAMPLE STATISTICS


           Means
              C1            C2            C3            C4            C5
              ________      ________      ________      ________      ________
 1             14.854        14.844        13.869        12.834        12.486


           Means
              C6            P1            P2            P3            P4
              ________      ________      ________      ________      ________
 1             11.452        11.514        11.024        10.810        10.832


           Means
              P5            P6            BAGE          EDUC
              ________      ________      ________      ________
 1             10.615        10.383        -1.701         7.262


           Covariances
              C1            C2            C3            C4            C5
              ________      ________      ________      ________      ________
 C1            32.180
 C2            16.103        36.601
 C3            16.579        17.614        36.994
 C4            18.298        18.556        19.543        39.729
 C5            15.182        13.951        13.653        16.846        29.545
 C6            21.940        24.798        17.840        25.343        22.676
 P1             1.874         1.933         2.362         2.232         0.613
 P2             2.020         1.712         2.357         2.093        -0.178
 P3             2.044         1.905         2.494         2.777        -0.228
 P4             2.061         2.278         3.006         2.596        -0.417
 P5             2.194         1.994         3.429         2.593         0.114
 P6             1.134         0.773         1.526         2.323        -1.224
 BAGE          -8.962        -9.495       -13.179       -13.212        -3.160
 EDUC           2.111         2.227         2.293         2.102        -0.697


           Covariances
              C6            P1            P2            P3            P4
              ________      ________      ________      ________      ________
 C6            42.942
 P1             2.308         3.938
 P2             2.623         3.615         4.026
 P3             3.241         3.599         3.621         4.346
 P4             2.655         3.818         3.907         4.205         5.023
 P5             3.296         3.939         4.040         4.300         5.002
 P6             2.039         3.792         3.937         4.046         4.415
 BAGE          -9.245        -5.350        -5.260        -5.278        -5.362
 EDUC           1.431         0.475         0.379         0.503         0.639


           Covariances
              P5            P6            BAGE          EDUC
              ________      ________      ________      ________
 P5             5.835
 P6             4.875         5.084
 BAGE          -6.035        -6.344        54.522
 EDUC           0.597         0.832        -0.722         7.189


           Correlations
              C1            C2            C3            C4            C5
              ________      ________      ________      ________      ________
 C1             1.000
 C2             0.469         1.000
 C3             0.480         0.479         1.000
 C4             0.512         0.487         0.510         1.000
 C5             0.492         0.424         0.413         0.492         1.000
 C6             0.590         0.626         0.448         0.614         0.637
 P1             0.167         0.161         0.196         0.178         0.057
 P2             0.177         0.141         0.193         0.166        -0.016
 P3             0.173         0.151         0.197         0.211        -0.020
 P4             0.162         0.168         0.221         0.184        -0.034
 P5             0.160         0.136         0.233         0.170         0.009
 P6             0.089         0.057         0.111         0.163        -0.100
 BAGE          -0.214        -0.213        -0.293        -0.284        -0.079
 EDUC           0.139         0.137         0.141         0.124        -0.048


           Correlations
              C6            P1            P2            P3            P4
              ________      ________      ________      ________      ________
 C6             1.000
 P1             0.178         1.000
 P2             0.200         0.908         1.000
 P3             0.237         0.870         0.866         1.000
 P4             0.181         0.858         0.869         0.900         1.000
 P5             0.208         0.822         0.834         0.854         0.924
 P6             0.138         0.847         0.870         0.861         0.874
 BAGE          -0.191        -0.365        -0.355        -0.343        -0.324
 EDUC           0.081         0.089         0.070         0.090         0.106


           Correlations
              P5            P6            BAGE          EDUC
              ________      ________      ________      ________
 P5             1.000
 P6             0.895         1.000
 BAGE          -0.338        -0.381         1.000
 EDUC           0.092         0.138        -0.036         1.000


     MAXIMUM LOG-LIKELIHOOD VALUE FOR THE UNRESTRICTED (H1) MODEL IS -20048.155


UNIVARIATE SAMPLE STATISTICS


     UNIVARIATE HIGHER-ORDER MOMENT DESCRIPTIVE STATISTICS

         Variable/         Mean/     Skewness/   Minimum/ % with                Percentiles
        Sample Size      Variance    Kurtosis    Maximum  Min/Max      20%/60%    40%/80%    Median

     C1                   14.864      -0.073       0.000    0.09%       9.000     13.000     15.000
            1087.000      32.156      -0.615      26.000    3.96%      16.000     20.000
     C2                   15.242      -0.116       1.000    1.01%       9.000     14.000     16.000
             794.000      36.133      -0.687      26.000    6.42%      17.000     20.000
     C3                   14.788      -0.110       0.000    0.55%       9.000     13.000     15.000
             548.000      35.539      -0.592      26.000    4.74%      16.000     20.000
     C4                   13.924       0.028       1.000    0.69%       9.000     12.000     13.000
             291.000      35.389      -0.689      26.000    3.09%      16.000     20.000
     C5                   13.111       0.121       1.000    0.85%       9.000     12.000     13.000
             117.000      28.612      -0.242      26.000    2.56%      15.000     18.000
     C6                   13.200       0.338       1.000    1.54%       7.000     11.000     12.000
              65.000      39.052      -0.747      26.000    4.62%      14.000     19.000
     P1                   11.525      -0.070       5.212    0.09%       9.900     11.120     11.573
            1093.000       3.926       0.070      18.082    0.09%      12.023     13.129
     P2                   11.284      -0.038       5.205    0.13%       9.780     10.818     11.331
             753.000       3.601       0.208      17.883    0.13%      11.713     12.861
     P3                   11.264       0.075       5.856    0.21%       9.680     10.927     11.302
             483.000       3.570       0.454      17.953    0.21%      11.660     12.698
     P4                   11.341       0.111       4.631    0.35%       9.807     10.802     11.237
             285.000       4.523       0.693      19.159    0.35%      11.620     13.069
     P5                   11.325       0.289       6.117    0.48%       9.645     10.743     11.265
             209.000       4.169       0.682      19.231    0.48%      11.825     12.996
     P6                   11.494      -0.070       7.263    1.47%       9.928     11.066     11.586
              68.000       2.960      -0.252      16.019    1.47%      11.914     13.029
     BAGE                 -1.701       0.276     -21.000    0.09%      -8.000     -4.000     -2.000
            1132.000      54.522       0.033      27.000    0.18%       0.000      4.000
     EDUC                  7.262       0.241      -2.000    0.09%       5.000      6.000      7.000
            1127.000       7.189       0.066      17.000    0.18%       8.000      9.000


THE MODEL ESTIMATION TERMINATED NORMALLY



MODEL FIT INFORMATION

Number of Free Parameters                       30

Loglikelihood

          H0 Value                      -20152.743
          H0 Scaling Correction Factor      1.0389
            for MLR

Information Criteria

          Akaike (AIC)                   40365.486
          Bayesian (BIC)                 40516.439
          Sample-Size Adjusted BIC       40421.150
            (n* = (n + 2) / 24)



MODEL RESULTS

                                                    Two-Tailed
                    Estimate       S.E.  Est./S.E.    P-Value

 IP         ON
    BAGE              -0.089      0.008    -11.681      0.000
    EDUC               0.043      0.021      2.095      0.036

 SP         ON
    BAGE              -0.001      0.001     -1.422      0.155
    EDUC               0.002      0.002      1.611      0.107

 IC         ON
    BAGE              -0.162      0.025     -6.595      0.000
    EDUC               0.335      0.065      5.141      0.000

 SC         ON
    BAGE              -0.002      0.003     -0.785      0.433
    EDUC              -0.009      0.007     -1.242      0.214

 SP       WITH
    IP                 0.008      0.009      0.879      0.379

 IC       WITH
    IP                 1.272      0.352      3.617      0.000
    SP                -0.022      0.026     -0.834      0.404

 SC       WITH
    IP                -0.041      0.037     -1.097      0.273
    SP                 0.004      0.002      1.784      0.074
    IC                 0.060      0.129      0.463      0.644

 P1       WITH
    C1                -0.288      0.088     -3.262      0.001

 P2       WITH
    C2                -0.288      0.088     -3.262      0.001

 P3       WITH
    C3                -0.288      0.088     -3.262      0.001

 P4       WITH
    C4                -0.288      0.088     -3.262      0.001

 P5       WITH
    C5                -0.288      0.088     -3.262      0.001

 P6       WITH
    C6                -0.288      0.088     -3.262      0.001

 EDUC     WITH
    BAGE              -0.720      0.574     -1.254      0.210

 Means
    BAGE              -1.701      0.219     -7.753      0.000
    EDUC               7.263      0.080     90.937      0.000

 Intercepts
    C1                 0.000      0.000    999.000    999.000
    C2                 0.000      0.000    999.000    999.000
    C3                 0.000      0.000    999.000    999.000
    C4                 0.000      0.000    999.000    999.000
    C5                 0.000      0.000    999.000    999.000
    C6                 0.000      0.000    999.000    999.000
    P1                 0.000      0.000    999.000    999.000
    P2                 0.000      0.000    999.000    999.000
    P3                 0.000      0.000    999.000    999.000
    P4                 0.000      0.000    999.000    999.000
    P5                 0.000      0.000    999.000    999.000
    P6                 0.000      0.000    999.000    999.000
    IP                11.090      0.163     68.068      0.000
    SP                -0.082      0.014     -6.032      0.000
    IC                12.889      0.498     25.866      0.000
    SC                -0.135      0.056     -2.396      0.017

 Variances
    BAGE              54.522      2.311     23.597      0.000
    EDUC               7.189      0.308     23.357      0.000

 Residual Variances
    C1                17.880      0.664     26.940      0.000
    C2                17.880      0.664     26.940      0.000
    C3                17.880      0.664     26.940      0.000
    C4                17.880      0.664     26.940      0.000
    C5                17.880      0.664     26.940      0.000
    C6                17.880      0.664     26.940      0.000
    P1                 0.454      0.027     16.565      0.000
    P2                 0.454      0.027     16.565      0.000
    P3                 0.454      0.027     16.565      0.000
    P4                 0.454      0.027     16.565      0.000
    P5                 0.454      0.027     16.565      0.000
    P6                 0.454      0.027     16.565      0.000
    IP                 2.868      0.161     17.849      0.000
    SP                 0.004      0.001      5.058      0.000
    IC                13.161      1.441      9.133      0.000
    SC                 0.013      0.014      0.885      0.376


QUALITY OF NUMERICAL RESULTS

     Condition Number for the Information Matrix              0.345E-04
       (ratio of smallest to largest eigenvalue)


     Beginning Time:  01:53:32
        Ending Time:  01:54:15
       Elapsed Time:  00:00:43



MUTHEN & MUTHEN
3463 Stoner Ave.
Los Angeles, CA  90066

Tel: (310) 391-9971
Fax: (310) 391-8971
Web: www.StatModel.com
Support: Support@StatModel.com

Copyright (c) 1998-2015 Muthen & Muthen
