Mplus VERSION 7.4 (Mac)
MUTHEN & MUTHEN
02/08/2017   9:33 PM

INPUT INSTRUCTIONS

  TITLE:
  Script produced from the prototype in ./sandbox/syntax-creator/
  DATA:
  File = wide-dataset.dat ;
  VARIABLE:
  NAMES are
   id male age_c70 edu_c7 htm_c smoke cardio diabetes dementia_ever
      dementia_baseline bnt_00 bnt_01 bnt_02 bnt_03 bnt_04 bnt_05 bnt_06 bnt_07
      bnt_08 bnt_09 bnt_10 bnt_11 bnt_12 bnt_13 bnt_14 bnt_15 bnt_16 bnt_17
      bnt_18 bostordel_00 bostordel_01 bostordel_02 bostordel_03 bostordel_04
      bostordel_05 bostordel_06 bostordel_07 bostordel_08 bostordel_09 bostordel_10
      bostordel_11 bostordel_12 bostordel_13 bostordel_14 bostordel_15 bostordel_16
      bostordel_17 bostordel_18 bostorim_00 bostorim_01 bostorim_02 bostorim_03
      bostorim_04 bostorim_05 bostorim_06 bostorim_07 bostorim_08 bostorim_09
      bostorim_10 bostorim_11 bostorim_12 bostorim_13 bostorim_14 bostorim_15
      bostorim_16 bostorim_17 bostorim_18 catfluency_00 catfluency_01 catfluency_02
      catfluency_03 catfluency_04 catfluency_05 catfluency_06 catfluency_07
      catfluency_08 catfluency_09 catfluency_10 catfluency_11 catfluency_12
      catfluency_13 catfluency_14 catfluency_15 catfluency_16 catfluency_17
      catfluency_18 complexideas_00 complexideas_01 complexideas_02 complexideas_03
      complexideas_04 complexideas_05 complexideas_06 complexideas_07 complexideas_08
      complexideas_09 complexideas_10 complexideas_11 complexideas_12 complexideas_13
      complexideas_14 complexideas_15 complexideas_16 complexideas_17 complexideas_18
      digitbackward_00 digitbackward_01 digitbackward_02 digitbackward_03
      digitbackward_04 digitbackward_05 digitbackward_06 digitbackward_07
      digitbackward_08 digitbackward_09 digitbackward_10 digitbackward_11
      digitbackward_12 digitbackward_13 digitbackward_14 digitbackward_15
      digitbackward_16 digitbackward_17 digitbackward_18 digitforward_00
      digitforward_01 digitforward_02 digitforward_03 digitforward_04 digitforward_05
      digitforward_06 digitforward_07 digitforward_08 digitforward_09 digitforward_10
      digitforward_11 digitforward_12 digitforward_13 digitforward_14 digitforward_15
      digitforward_16 digitforward_17 digitforward_18 digitorder_00 digitorder_01
      digitorder_02 digitorder_03 digitorder_04 digitorder_05 digitorder_06
      digitorder_07 digitorder_08 digitorder_09 digitorder_10 digitorder_11
      digitorder_12 digitorder_13 digitorder_14 digitorder_15 digitorder_16
      digitorder_17 digitorder_18 fev_00 fev_01 fev_02 fev_03 fev_04 fev_05 fev_06
      fev_07 fev_08 fev_09 fev_10 fev_11 fev_12 fev_13 fev_14 fev_15 fev_16 fev_17
      fev_18 fev100_00 fev100_01 fev100_02 fev100_03 fev100_04 fev100_05 fev100_06
      fev100_07 fev100_08 fev100_09 fev100_10 fev100_11 fev100_12 fev100_13 fev100_14
      fev100_15 fev100_16 fev100_17 fev100_18 gait_00 gait_01 gait_02 gait_03 gait_04
      gait_05 gait_06 gait_07 gait_08 gait_09 gait_10 gait_11 gait_12 gait_13 gait_14
      gait_15 gait_16 gait_17 gait_18 grip_00 grip_01 grip_02 grip_03 grip_04 grip_05
      grip_06 grip_07 grip_08 grip_09 grip_10 grip_11 grip_12 grip_13 grip_14 grip_15
      grip_16 grip_17 grip_18 lineorientation_00 lineorientation_01 lineorientation_02
      lineorientation_03 lineorientation_04 lineorientation_05 lineorientation_06
      lineorientation_07 lineorientation_08 lineorientation_09 lineorientation_10
      lineorientation_11 lineorientation_12 lineorientation_13 lineorientation_14
      lineorientation_15 lineorientation_16 lineorientation_17 lineorientation_18
      logimemdel_00 logimemdel_01 logimemdel_02 logimemdel_03 logimemdel_04
      logimemdel_05 logimemdel_06 logimemdel_07 logimemdel_08 logimemdel_09
      logimemdel_10 logimemdel_11 logimemdel_12 logimemdel_13 logimemdel_14
      logimemdel_15 logimemdel_16 logimemdel_17 logimemdel_18 logimemim_00
      logimemim_01 logimemim_02 logimemim_03 logimemim_04 logimemim_05 logimemim_06
      logimemim_07 logimemim_08 logimemim_09 logimemim_10 logimemim_11 logimemim_12
      logimemim_13 logimemim_14 logimemim_15 logimemim_16 logimemim_17 logimemim_18
      matrices_00 matrices_01 matrices_02 matrices_03 matrices_04 matrices_05
      matrices_06 matrices_07 matrices_08 matrices_09 matrices_10 matrices_11
      matrices_12 matrices_13 matrices_14 matrices_15 matrices_16 matrices_17
      matrices_18 mmse_00 mmse_01 mmse_02 mmse_03 mmse_04 mmse_05 mmse_06 mmse_07
      mmse_08 mmse_09 mmse_10 mmse_11 mmse_12 mmse_13 mmse_14 mmse_15 mmse_16 mmse_17
      mmse_18 nart_00 nart_01 nart_02 nart_03 nart_04 nart_05 nart_06 nart_07 nart_08
      nart_09 nart_10 nart_11 nart_12 nart_13 nart_14 nart_15 nart_16 nart_17 nart_18
      numbercomparison_00 numbercomparison_01 numbercomparison_02 numbercomparison_03
      numbercomparison_04 numbercomparison_05 numbercomparison_06 numbercomparison_07
      numbercomparison_08 numbercomparison_09 numbercomparison_10 numbercomparison_11
      numbercomparison_12 numbercomparison_13 numbercomparison_14 numbercomparison_15
      numbercomparison_16 numbercomparison_17 numbercomparison_18 symbol_00
      symbol_01 symbol_02 symbol_03 symbol_04 symbol_05 symbol_06 symbol_07 symbol_08
      symbol_09 symbol_10 symbol_11 symbol_12 symbol_13 symbol_14 symbol_15 symbol_16
      symbol_17 symbol_18 wordlistdel_00 wordlistdel_01 wordlistdel_02 wordlistdel_03
      wordlistdel_04 wordlistdel_05 wordlistdel_06 wordlistdel_07 wordlistdel_08
      wordlistdel_09 wordlistdel_10 wordlistdel_11 wordlistdel_12 wordlistdel_13
      wordlistdel_14 wordlistdel_15 wordlistdel_16 wordlistdel_17 wordlistdel_18
      wordlistim_00 wordlistim_01 wordlistim_02 wordlistim_03 wordlistim_04
      wordlistim_05 wordlistim_06 wordlistim_07 wordlistim_08 wordlistim_09
      wordlistim_10 wordlistim_11 wordlistim_12 wordlistim_13 wordlistim_14
      wordlistim_15 wordlistim_16 wordlistim_17 wordlistim_18 wordlistrecog_00
      wordlistrecog_01 wordlistrecog_02 wordlistrecog_03 wordlistrecog_04
      wordlistrecog_05 wordlistrecog_06 wordlistrecog_07 wordlistrecog_08
      wordlistrecog_09 wordlistrecog_10 wordlistrecog_11 wordlistrecog_12
      wordlistrecog_13 wordlistrecog_14 wordlistrecog_15 wordlistrecog_16
      wordlistrecog_17 wordlistrecog_18 years_since_bl_00 years_since_bl_01
      years_since_bl_02 years_since_bl_03 years_since_bl_04 years_since_bl_05
      years_since_bl_06 years_since_bl_07 years_since_bl_08 years_since_bl_09
      years_since_bl_10 years_since_bl_11 years_since_bl_12 years_since_bl_13
      years_since_bl_14 years_since_bl_15 years_since_bl_16 years_since_bl_17
      years_since_bl_18
  	;
  Missing are all (-9999);
  USEVARIABLES are
  	!define the variables used in the analysis
  	! covariates used in the model
  age_c70
  edu_c7
  htm_c
  smoke
  cardio
  diabetes	
  	!estimated time points
  time_00
  time_01
  time_02
  time_03
  time_04
  	!modelled time points of process (A)
  a_00
  a_01
  a_02
  a_03
  a_04
  	!modelled time points of process (B)
  b_00
  b_01
  b_02
  b_03
  b_04
  ;
  TSCORES are
  	!estimated time points
  time_00
  time_01
  time_02
  time_03
  time_04;
  USEOBSERVATIONS are
  	!select a subset of observations
  male EQ 1
  and
  id NE 0
  ;
  DEFINE:
  	! assign variables to the process (A)
  a_00=fev_00;
  a_01=fev_01;
  a_02=fev_02;
  a_03=fev_03;
  a_04=fev_04;
  	! assign variables to the process (B)
  b_00=numbercomparison_00;
  b_01=numbercomparison_01;
  b_02=numbercomparison_02;
  b_03=numbercomparison_03;
  b_04=numbercomparison_04;
  	!assign variables to time points
  time_00=years_since_bl_00;
  time_01=years_since_bl_01;
  time_02=years_since_bl_02;
  time_03=years_since_bl_03;
  time_04=years_since_bl_04;
  	
  ANALYSIS:
  TYPE = RANDOM;
  COVERAGE=.00;
  MODEL:
  	!first-level equation
  	! assign process (A) to time points
  ia sa | a_00 AT time_00 ;
  ia sa | a_01 AT time_01 ;
  ia sa | a_02 AT time_02 ;
  ia sa | a_03 AT time_03 ;
  ia sa | a_04 AT time_04 ;
  	! assign process (B) to time points
  ib sb | b_00 AT time_00 ;
  ib sb | b_01 AT time_01 ;
  ib sb | b_02 AT time_02 ;
  ib sb | b_03 AT time_03 ;
  ib sb | b_04 AT time_04 ;
  	!variance of the first-level terms
  ia (v_ia);
  sa (v_sa);
  ib (v_ib);
  sb (v_sb);
  	!covariance among first-level terms
  ia WITH sa (c_iasa);
  ia WITH ib (c_iaib);
  ia WITH sb (c_iasb);
  sa WITH ib (c_saib);
  sa WITH sb (c_sasb);
  ib WITH sb (c_ibsb);
  	!second-level equation
  ia sa ib sb ON age_c70
  edu_c7
  htm_c
  smoke
  cardio
  diabetes;
  	!residual covariance of process (A)
  a_00 (res_a);
  a_01 (res_a);
  a_02 (res_a);
  a_03 (res_a);
  a_04 (res_a);	
  	!residual covariance of process (B)
  b_00 (res_b);
  b_01 (res_b);
  b_02 (res_b);
  b_03 (res_b);
  b_04 (res_b);	
  	!Paired covariances constrained to be equal across t
  a_00 pwith b_00 (res_cov);
  a_01 pwith b_01 (res_cov);
  a_02 pwith b_02 (res_cov);
  a_03 pwith b_03 (res_cov);
  a_04 pwith b_04 (res_cov);	
  MODEL CONSTRAINT:
  	!assigns labels to new parameters;
  NEW r_iaib;
  NEW r_sasb;
  NEW r_res_ab;
  	!compute confidence intervals for correlation coefficients;
  r_iaib = c_iaib/((v_ia**0.5)*(v_ib**0.5));
  r_sasb = c_sasb/((v_sa**0.5)*(v_sb**0.5));
  r_res_ab = res_cov/((res_a**0.5)*(res_b**0.5));
  SAVEDATA:
  FILE is   b1_male_aehplus_fev_numbercomparison_fscores.dat;
  SAVE = FSCORES;
  RESULTS are   b1_male_aehplus_fev_numbercomparison_results.dat;
  	
  OUTPUT: sampstat cinterval;
  PLOT: Type is Plot1 Plot2 Plot3;



*** WARNING
  Data set contains cases with missing on x-variables.
  These cases were not included in the analysis.
  Number of cases with missing on x-variables:  46
*** WARNING
  Data set contains cases with missing on all variables except
  x-variables.  These cases were not included in the analysis.
  Number of cases with missing on all variables except x-variables:  1
   2 WARNING(S) FOUND IN THE INPUT INSTRUCTIONS




Script produced from the prototype in ./sandbox/syntax-creator/

SUMMARY OF ANALYSIS

Number of groups                                                 1
Number of observations                                         438

Number of dependent variables                                   10
Number of independent variables                                  6
Number of continuous latent variables                            4

Observed dependent variables

  Continuous
   A_00        A_01        A_02        A_03        A_04        B_00
   B_01        B_02        B_03        B_04

Observed independent variables
   AGE_C70     EDU_C7      HTM_C       SMOKE       CARDIO      DIABETES

Continuous latent variables
   IA          SA          IB          SB

Variables with special functions

  Time scores
   TIME_00     TIME_01     TIME_02     TIME_03     TIME_04


Estimator                                                      MLR
Information matrix                                        OBSERVED
Maximum number of iterations                                   100
Convergence criterion                                    0.100D-05
Maximum number of EM iterations                                500
Convergence criteria for the EM algorithm
  Loglikelihood change                                   0.100D-02
  Relative loglikelihood change                          0.100D-05
  Derivative                                             0.100D-03
Minimum variance                                         0.100D-03
Maximum number of steepest descent iterations                   20
Maximum number of iterations for H1                           2000
Convergence criterion for H1                             0.100D-03
Optimization algorithm                                         EMA

Input data file(s)
  wide-dataset.dat
Input data format  FREE


SUMMARY OF DATA

     Number of missing data patterns            75


COVARIANCE COVERAGE OF DATA

Minimum covariance coverage value   0.000


     PROPORTION OF DATA PRESENT


           Covariance Coverage
              A_00          A_01          A_02          A_03          A_04
              ________      ________      ________      ________      ________
 A_00           0.831
 A_01           0.594         0.598
 A_02           0.484         0.447         0.495
 A_03           0.374         0.333         0.340         0.386
 A_04           0.249         0.210         0.219         0.228         0.333
 B_00           0.820         0.594         0.495         0.381         0.329
 B_01           0.708         0.582         0.486         0.372         0.324
 B_02           0.603         0.518         0.482         0.372         0.322
 B_03           0.525         0.447         0.436         0.374         0.317
 B_04           0.445         0.384         0.365         0.340         0.320
 AGE_C70        0.831         0.598         0.495         0.386         0.333
 EDU_C7         0.831         0.598         0.495         0.386         0.333
 HTM_C          0.831         0.598         0.495         0.386         0.333
 SMOKE          0.831         0.598         0.495         0.386         0.333
 CARDIO         0.831         0.598         0.495         0.386         0.333
 DIABETES       0.831         0.598         0.495         0.386         0.333


           Covariance Coverage
              B_00          B_01          B_02          B_03          B_04
              ________      ________      ________      ________      ________
 B_00           0.989
 B_01           0.838         0.840
 B_02           0.717         0.701         0.719
 B_03           0.621         0.610         0.596         0.623
 B_04           0.530         0.518         0.511         0.516         0.532
 AGE_C70        0.989         0.840         0.719         0.623         0.532
 EDU_C7         0.989         0.840         0.719         0.623         0.532
 HTM_C          0.989         0.840         0.719         0.623         0.532
 SMOKE          0.989         0.840         0.719         0.623         0.532
 CARDIO         0.989         0.840         0.719         0.623         0.532
 DIABETES       0.989         0.840         0.719         0.623         0.532


           Covariance Coverage
              AGE_C70       EDU_C7        HTM_C         SMOKE         CARDIO
              ________      ________      ________      ________      ________
 AGE_C70        1.000
 EDU_C7         1.000         1.000
 HTM_C          1.000         1.000         1.000
 SMOKE          1.000         1.000         1.000         1.000
 CARDIO         1.000         1.000         1.000         1.000         1.000
 DIABETES       1.000         1.000         1.000         1.000         1.000


           Covariance Coverage
              DIABETES
              ________
 DIABETES       1.000


SAMPLE STATISTICS


     ESTIMATED SAMPLE STATISTICS


           Means
              A_00          A_01          A_02          A_03          A_04
              ________      ________      ________      ________      ________
 1              2.134         2.092         1.976         1.960         1.931


           Means
              B_00          B_01          B_02          B_03          B_04
              ________      ________      ________      ________      ________
 1             23.098        22.536        21.845        21.330        20.591


           Means
              AGE_C70       EDU_C7        HTM_C         SMOKE         CARDIO
              ________      ________      ________      ________      ________
 1             10.479         8.543         0.015         0.498         0.242


           Means
              DIABETES
              ________
 1              0.267


           Covariances
              A_00          A_01          A_02          A_03          A_04
              ________      ________      ________      ________      ________
 A_00           0.396
 A_01           0.340         0.354
 A_02           0.347         0.336         0.412
 A_03           0.338         0.327         0.346         0.387
 A_04           0.345         0.339         0.346         0.361         0.397
 B_00           0.935         0.971         1.095         1.019         1.152
 B_01           0.982         1.006         1.139         1.169         1.442
 B_02           1.143         1.175         1.294         1.230         1.273
 B_03           1.084         1.001         1.373         1.312         1.432
 B_04           1.828         1.715         1.822         1.789         2.044
 AGE_C70       -1.380        -1.234        -1.357        -1.633        -1.656
 EDU_C7         0.463         0.484         0.564         0.336         0.482
 HTM_C          0.014         0.015         0.016         0.016         0.013
 SMOKE         -0.033        -0.020         0.010         0.006         0.004
 CARDIO        -0.025        -0.036        -0.032        -0.050        -0.036
 DIABETES      -0.028        -0.018        -0.027        -0.016        -0.030


           Covariances
              B_00          B_01          B_02          B_03          B_04
              ________      ________      ________      ________      ________
 B_00          62.510
 B_01          51.772        65.268
 B_02          50.866        53.973        71.407
 B_03          56.935        59.807        61.120        82.001
 B_04          48.961        51.668        55.489        63.439        80.545
 AGE_C70      -13.761       -17.053       -16.347       -22.210       -22.319
 EDU_C7         7.269         6.442         5.703         5.609         3.663
 HTM_C          0.140         0.138         0.127         0.146         0.135
 SMOKE         -0.067         0.119        -0.206         0.276         0.379
 CARDIO        -0.020        -0.062        -0.058        -0.003        -0.290
 DIABETES       0.043         0.038         0.092        -0.015         0.071


           Covariances
              AGE_C70       EDU_C7        HTM_C         SMOKE         CARDIO
              ________      ________      ________      ________      ________
 AGE_C70       50.055
 EDU_C7         0.004        13.097
 HTM_C         -0.071         0.069         0.006
 SMOKE         -0.459        -0.149         0.002         0.250
 CARDIO         0.193        -0.070        -0.002         0.017         0.183
 DIABETES      -0.251        -0.250         0.001         0.004         0.013


           Covariances
              DIABETES
              ________
 DIABETES       0.196


           Correlations
              A_00          A_01          A_02          A_03          A_04
              ________      ________      ________      ________      ________
 A_00           1.000
 A_01           0.909         1.000
 A_02           0.859         0.880         1.000
 A_03           0.862         0.884         0.867         1.000
 A_04           0.869         0.904         0.856         0.921         1.000
 B_00           0.188         0.207         0.216         0.207         0.231
 B_01           0.193         0.209         0.220         0.233         0.283
 B_02           0.215         0.234         0.239         0.234         0.239
 B_03           0.190         0.186         0.236         0.233         0.251
 B_04           0.324         0.321         0.316         0.320         0.361
 AGE_C70       -0.310        -0.293        -0.299        -0.371        -0.371
 EDU_C7         0.203         0.225         0.243         0.149         0.211
 HTM_C          0.289         0.324         0.326         0.333         0.263
 SMOKE         -0.103        -0.068         0.031         0.019         0.012
 CARDIO        -0.094        -0.140        -0.117        -0.188        -0.134
 DIABETES      -0.101        -0.068        -0.096        -0.058        -0.109


           Correlations
              B_00          B_01          B_02          B_03          B_04
              ________      ________      ________      ________      ________
 B_00           1.000
 B_01           0.811         1.000
 B_02           0.761         0.791         1.000
 B_03           0.795         0.818         0.799         1.000
 B_04           0.690         0.713         0.732         0.781         1.000
 AGE_C70       -0.246        -0.298        -0.273        -0.347        -0.352
 EDU_C7         0.254         0.220         0.186         0.171         0.113
 HTM_C          0.234         0.226         0.200         0.214         0.199
 SMOKE         -0.017         0.030        -0.049         0.061         0.084
 CARDIO        -0.006        -0.018        -0.016        -0.001        -0.076
 DIABETES       0.012         0.011         0.025        -0.004         0.018


           Correlations
              AGE_C70       EDU_C7        HTM_C         SMOKE         CARDIO
              ________      ________      ________      ________      ________
 AGE_C70        1.000
 EDU_C7         0.000         1.000
 HTM_C         -0.132         0.253         1.000
 SMOKE         -0.130        -0.083         0.061         1.000
 CARDIO         0.064        -0.045        -0.060         0.077         1.000
 DIABETES      -0.080        -0.156         0.041         0.018         0.068


           Correlations
              DIABETES
              ________
 DIABETES       1.000


     MAXIMUM LOG-LIKELIHOOD VALUE FOR THE UNRESTRICTED (H1) MODEL IS -8300.002


UNIVARIATE SAMPLE STATISTICS


     UNIVARIATE HIGHER-ORDER MOMENT DESCRIPTIVE STATISTICS

         Variable/         Mean/     Skewness/   Minimum/ % with                Percentiles
        Sample Size      Variance    Kurtosis    Maximum  Min/Max      20%/60%    40%/80%    Median

     A_00                  2.139      -0.162       0.420    0.27%       1.580      2.005      2.157
             364.000       0.413      -0.345       3.930    0.27%       2.320      2.705
     A_01                  2.144      -0.223       0.705    0.38%       1.600      2.035      2.178
             262.000       0.334      -0.456       3.605    0.38%       2.330      2.680
     A_02                  2.063      -0.073       0.585    0.46%       1.565      1.870      2.050
             217.000       0.379      -0.481       3.630    0.46%       2.265      2.615
     A_03                  2.029      -0.143       0.715    0.59%       1.555      1.935      2.050
             169.000       0.321      -0.237       3.490    0.59%       2.145      2.450
     A_04                  2.003      -0.172       0.435    0.68%       1.425      1.890      2.013
             146.000       0.301      -0.253       3.285    0.68%       2.160      2.495
     B_00                 23.134      -0.103       0.000    0.69%      16.000     21.000     24.000
             433.000      62.292      -0.080      44.000    0.23%      25.000     30.000
     B_01                 23.035      -0.051       4.000    0.54%      16.000     21.000     23.000
             368.000      60.458      -0.527      42.000    0.54%      25.000     30.000
     B_02                 22.790      -0.150       0.000    0.63%      16.000     21.000     23.000
             315.000      65.874      -0.063      43.000    0.32%      25.000     30.000
     B_03                 22.905       0.038       0.000    0.73%      15.000     21.000     23.000
             273.000      68.152      -0.022      46.000    0.37%      25.000     30.000
     B_04                 22.476      -0.077       0.000    1.29%      16.000     20.000     23.000
             233.000      67.915       0.235      48.000    0.43%      24.000     30.000
     AGE_C70              10.479      -0.485     -12.094    0.23%       5.020      9.548     11.559
             438.000      50.055       0.190      28.508    0.23%      12.927     16.089
     EDU_C7                8.543      -0.280      -7.000    0.23%       5.000      8.000      9.000
             438.000      13.097       1.691      21.000    0.46%       9.000     11.000
     HTM_C                 0.015      -0.452      -0.298    0.23%      -0.044      0.007      0.026
             438.000       0.006       0.557       0.185    0.91%       0.033      0.083
     SMOKE                 0.498       0.009       0.000   50.23%       0.000      0.000      0.000
             438.000       0.250      -2.000       1.000   49.77%       1.000      1.000
     CARDIO                0.242       1.205       0.000   75.80%       0.000      0.000      0.000
             438.000       0.183      -0.549       1.000   24.20%       0.000      1.000
     DIABETES              0.267       1.053       0.000   73.29%       0.000      0.000      0.000
             438.000       0.196      -0.892       1.000   26.71%       0.000      1.000


THE MODEL ESTIMATION TERMINATED NORMALLY



MODEL FIT INFORMATION

Number of Free Parameters                       41

Loglikelihood

          H0 Value                       -5418.417
          H0 Scaling Correction Factor      1.1935
            for MLR

Information Criteria

          Akaike (AIC)                   10918.833
          Bayesian (BIC)                 11086.204
          Sample-Size Adjusted BIC       10956.091
            (n* = (n + 2) / 24)



MODEL RESULTS

                                                    Two-Tailed
                    Estimate       S.E.  Est./S.E.    P-Value

 IA         ON
    AGE_C70           -0.026      0.004     -6.833      0.000
    EDU_C7             0.021      0.008      2.677      0.007
    HTM_C              1.942      0.370      5.242      0.000
    SMOKE             -0.172      0.056     -3.065      0.002
    CARDIO            -0.067      0.068     -0.982      0.326
    DIABETES          -0.143      0.069     -2.071      0.038

 SA         ON
    AGE_C70           -0.001      0.001     -1.325      0.185
    EDU_C7             0.000      0.002     -0.098      0.922
    HTM_C             -0.013      0.108     -0.119      0.905
    SMOKE              0.052      0.012      4.392      0.000
    CARDIO            -0.027      0.014     -1.993      0.046
    DIABETES           0.007      0.013      0.536      0.592

 IB         ON
    AGE_C70           -0.266      0.050     -5.362      0.000
    EDU_C7             0.474      0.110      4.301      0.000
    HTM_C             15.572      4.461      3.490      0.000
    SMOKE             -0.730      0.705     -1.034      0.301
    CARDIO             0.642      0.739      0.868      0.385
    DIABETES           0.375      0.777      0.483      0.629

 SB         ON
    AGE_C70           -0.040      0.013     -3.124      0.002
    EDU_C7            -0.060      0.028     -2.165      0.030
    HTM_C              0.085      1.081      0.078      0.938
    SMOKE              0.297      0.184      1.613      0.107
    CARDIO            -0.201      0.217     -0.928      0.353
    DIABETES          -0.124      0.175     -0.709      0.478

 IA       WITH
    SA                -0.004      0.003     -1.262      0.207
    IB                 0.043      0.199      0.217      0.828
    SB                 0.131      0.052      2.512      0.012

 SA       WITH
    IB                 0.063      0.045      1.389      0.165
    SB                -0.007      0.011     -0.614      0.539

 IB       WITH
    SB                 0.315      0.829      0.380      0.704

 A_00     WITH
    B_00               0.025      0.029      0.871      0.384

 A_01     WITH
    B_01               0.025      0.029      0.871      0.384

 A_02     WITH
    B_02               0.025      0.029      0.871      0.384

 A_03     WITH
    B_03               0.025      0.029      0.871      0.384

 A_04     WITH
    B_04               0.025      0.029      0.871      0.384

 Intercepts
    A_00               0.000      0.000    999.000    999.000
    A_01               0.000      0.000    999.000    999.000
    A_02               0.000      0.000    999.000    999.000
    A_03               0.000      0.000    999.000    999.000
    A_04               0.000      0.000    999.000    999.000
    B_00               0.000      0.000    999.000    999.000
    B_01               0.000      0.000    999.000    999.000
    B_02               0.000      0.000    999.000    999.000
    B_03               0.000      0.000    999.000    999.000
    B_04               0.000      0.000    999.000    999.000
    IA                 2.328      0.101     22.950      0.000
    SA                -0.064      0.021     -3.076      0.002
    IB                21.727      1.213     17.910      0.000
    SB                 0.231      0.301      0.769      0.442

 Residual Variances
    A_00               0.042      0.004      9.520      0.000
    A_01               0.042      0.004      9.520      0.000
    A_02               0.042      0.004      9.520      0.000
    A_03               0.042      0.004      9.520      0.000
    A_04               0.042      0.004      9.520      0.000
    B_00              14.065      1.289     10.911      0.000
    B_01              14.065      1.289     10.911      0.000
    B_02              14.065      1.289     10.911      0.000
    B_03              14.065      1.289     10.911      0.000
    B_04              14.065      1.289     10.911      0.000
    IA                 0.266      0.022     12.037      0.000
    SA                 0.001      0.001      1.423      0.155
    IB                41.012      3.653     11.227      0.000
    SB                 0.770      0.352      2.186      0.029

New/Additional Parameters
    R_IAIB             0.013      0.060      0.217      0.828
    R_SASB            -0.209      0.346     -0.605      0.545
    R_RES_AB           0.033      0.038      0.862      0.388


QUALITY OF NUMERICAL RESULTS

     Condition Number for the Information Matrix              0.610E-06
       (ratio of smallest to largest eigenvalue)


CONFIDENCE INTERVALS OF MODEL RESULTS

                  Lower .5%  Lower 2.5%    Lower 5%    Estimate    Upper 5%  Upper 2.5%   Upper .5%

 IA       ON
    AGE_C70         -0.035      -0.033      -0.032      -0.026      -0.019      -0.018      -0.016
    EDU_C7           0.001       0.006       0.008       0.021       0.034       0.037       0.042
    HTM_C            0.988       1.216       1.333       1.942       2.552       2.668       2.897
    SMOKE           -0.316      -0.282      -0.264      -0.172      -0.080      -0.062      -0.027
    CARDIO          -0.241      -0.200      -0.178      -0.067       0.045       0.066       0.108
    DIABETES        -0.322      -0.279      -0.257      -0.143      -0.030      -0.008       0.035

 SA       ON
    AGE_C70         -0.004      -0.003      -0.003      -0.001       0.000       0.001       0.001
    EDU_C7          -0.005      -0.004      -0.003       0.000       0.003       0.003       0.004
    HTM_C           -0.292      -0.225      -0.191      -0.013       0.165       0.200       0.266
    SMOKE            0.021       0.029       0.032       0.052       0.071       0.075       0.082
    CARDIO          -0.063      -0.054      -0.050      -0.027      -0.005       0.000       0.008
    DIABETES        -0.027      -0.019      -0.015       0.007       0.029       0.033       0.042

 IB       ON
    AGE_C70         -0.393      -0.363      -0.347      -0.266      -0.184      -0.169      -0.138
    EDU_C7           0.190       0.258       0.293       0.474       0.655       0.690       0.757
    HTM_C            4.080       6.828       8.233      15.572      22.911      24.316      27.064
    SMOKE           -2.547      -2.112      -1.890      -0.730       0.431       0.653       1.087
    CARDIO          -1.263      -0.807      -0.575       0.642       1.858       2.091       2.546
    DIABETES        -1.626      -1.148      -0.903       0.375       1.654       1.898       2.377

 SB       ON
    AGE_C70         -0.073      -0.065      -0.061      -0.040      -0.019      -0.015      -0.007
    EDU_C7          -0.131      -0.114      -0.105      -0.060      -0.014      -0.006       0.011
    HTM_C           -2.699      -2.033      -1.693       0.085       1.862       2.203       2.868
    SMOKE           -0.178      -0.064      -0.006       0.297       0.600       0.658       0.772
    CARDIO          -0.760      -0.626      -0.558      -0.201       0.156       0.224       0.357
    DIABETES        -0.574      -0.467      -0.412      -0.124       0.164       0.219       0.326

 IA       WITH
    SA              -0.012      -0.010      -0.009      -0.004       0.001       0.002       0.004
    IB              -0.468      -0.346      -0.283       0.043       0.370       0.432       0.554
    SB              -0.003       0.029       0.045       0.131       0.217       0.234       0.266

 SA       WITH
    IB              -0.054      -0.026      -0.012       0.063       0.137       0.151       0.179
    SB              -0.036      -0.029      -0.025      -0.007       0.012       0.015       0.022

 IB       WITH
    SB              -1.820      -1.310      -1.049       0.315       1.678       1.939       2.450

 A_00     WITH
    B_00            -0.049      -0.031      -0.022       0.025       0.073       0.082       0.099

 A_01     WITH
    B_01            -0.049      -0.031      -0.022       0.025       0.073       0.082       0.099

 A_02     WITH
    B_02            -0.049      -0.031      -0.022       0.025       0.073       0.082       0.099

 A_03     WITH
    B_03            -0.049      -0.031      -0.022       0.025       0.073       0.082       0.099

 A_04     WITH
    B_04            -0.049      -0.031      -0.022       0.025       0.073       0.082       0.099

 Intercepts
    A_00             0.000       0.000       0.000       0.000       0.000       0.000       0.000
    A_01             0.000       0.000       0.000       0.000       0.000       0.000       0.000
    A_02             0.000       0.000       0.000       0.000       0.000       0.000       0.000
    A_03             0.000       0.000       0.000       0.000       0.000       0.000       0.000
    A_04             0.000       0.000       0.000       0.000       0.000       0.000       0.000
    B_00             0.000       0.000       0.000       0.000       0.000       0.000       0.000
    B_01             0.000       0.000       0.000       0.000       0.000       0.000       0.000
    B_02             0.000       0.000       0.000       0.000       0.000       0.000       0.000
    B_03             0.000       0.000       0.000       0.000       0.000       0.000       0.000
    B_04             0.000       0.000       0.000       0.000       0.000       0.000       0.000
    IA               2.067       2.129       2.161       2.328       2.495       2.527       2.589
    SA              -0.118      -0.105      -0.099      -0.064      -0.030      -0.023      -0.010
    IB              18.603      19.350      19.732      21.727      23.723      24.105      24.852
    SB              -0.544      -0.358      -0.264       0.231       0.727       0.821       1.007

 Residual Variances
    A_00             0.031       0.033       0.035       0.042       0.049       0.051       0.054
    A_01             0.031       0.033       0.035       0.042       0.049       0.051       0.054
    A_02             0.031       0.033       0.035       0.042       0.049       0.051       0.054
    A_03             0.031       0.033       0.035       0.042       0.049       0.051       0.054
    A_04             0.031       0.033       0.035       0.042       0.049       0.051       0.054
    B_00            10.745      11.538      11.944      14.065      16.185      16.591      17.385
    B_01            10.745      11.538      11.944      14.065      16.185      16.591      17.385
    B_02            10.745      11.538      11.944      14.065      16.185      16.591      17.385
    B_03            10.745      11.538      11.944      14.065      16.185      16.591      17.385
    B_04            10.745      11.538      11.944      14.065      16.185      16.591      17.385
    IA               0.209       0.223       0.230       0.266       0.303       0.310       0.323
    SA              -0.001      -0.001       0.000       0.001       0.003       0.003       0.004
    IB              31.602      33.852      35.003      41.012      47.021      48.171      50.421
    SB              -0.137       0.080       0.191       0.770       1.349       1.460       1.677

New/Additional Parameters
    R_IAIB          -0.142      -0.105      -0.086       0.013       0.112       0.131       0.168
    R_SASB          -1.100      -0.887      -0.778      -0.209       0.360       0.469       0.682
    R_RES_AB        -0.065      -0.042      -0.030       0.033       0.095       0.107       0.130


SAMPLE STATISTICS FOR ESTIMATED FACTOR SCORES


     SAMPLE STATISTICS


           Means
              IA            IA_SE         SA            SA_SE         IB
              ________      ________      ________      ________      ________
 1              2.133         0.174        -0.057         0.035        23.122


           Means
              IB_SE         SB            SB_SE
              ________      ________      ________
 1              2.301        -0.627         0.734


           Covariances
              IA            IA_SE         SA            SA_SE         IB
              ________      ________      ________      ________      ________
 IA             0.306
 IA_SE         -0.004         0.011
 SA            -0.002         0.000         0.001
 SA_SE          0.000         0.000         0.000         0.000
 IB             0.851        -0.061         0.060        -0.002        44.795
 IB_SE         -0.039         0.018         0.000         0.000        -0.620
 SB             0.133        -0.004         0.007         0.000         1.005
 SB_SE         -0.009         0.004         0.000         0.000        -0.124


           Covariances
              IB_SE         SB            SB_SE
              ________      ________      ________
 IB_SE          0.316
 SB            -0.018         0.393
 SB_SE          0.028        -0.007         0.006


           Correlations
              IA            IA_SE         SA            SA_SE         IB
              ________      ________      ________      ________      ________
 IA             1.000
 IA_SE         -0.063         1.000
 SA            -0.102        -0.014         1.000
 SA_SE         -0.117         0.564        -0.031         1.000
 IB             0.230        -0.085         0.265        -0.184         1.000
 IB_SE         -0.124         0.297         0.003         0.391        -0.165
 SB             0.384        -0.063         0.337        -0.137         0.239
 SB_SE         -0.206         0.487        -0.049         0.637        -0.242


           Correlations
              IB_SE         SB            SB_SE
              ________      ________      ________
 IB_SE          1.000
 SB            -0.052         1.000
 SB_SE          0.649        -0.154         1.000


RESULTS SAVING INFORMATION

  Order of data

    Parameter estimates
     (saved in order shown in Technical 1 output)
    Standard errors
     (saved in order shown in Technical 1 output)
    H0 Loglikelihood
    H0 Scaling Correction Factor for MLR
    Number of Free Parameters
    Akaike (AIC)
    Bayesian (BIC)
    Sample-Size Adjusted BIC
    Condition Number

  Save file
    b1_male_aehplus_fev_numbercomparison_results.dat

  Save file format           Free


PLOT INFORMATION

The following plots are available:

  Histograms (sample values, estimated factor scores)
  Scatterplots (sample values, estimated factor scores)
  Latent variable distribution plots

SAVEDATA INFORMATION


  Save file
    b1_male_aehplus_fev_numbercomparison_fscores.dat

  Order and format of variables

    A_00           F10.3
    A_01           F10.3
    A_02           F10.3
    A_03           F10.3
    A_04           F10.3
    B_00           F10.3
    B_01           F10.3
    B_02           F10.3
    B_03           F10.3
    B_04           F10.3
    AGE_C70        F10.3
    EDU_C7         F10.3
    HTM_C          F10.3
    SMOKE          F10.3
    CARDIO         F10.3
    DIABETES       F10.3
    TIME_00        F10.3
    TIME_01        F10.3
    TIME_02        F10.3
    TIME_03        F10.3
    TIME_04        F10.3
    IA             F10.3
    IA_SE          F10.3
    SA             F10.3
    SA_SE          F10.3
    IB             F10.3
    IB_SE          F10.3
    SB             F10.3
    SB_SE          F10.3

  Save file format
    29F10.3

  Save file record length    10000


     Beginning Time:  21:33:50
        Ending Time:  21:33:54
       Elapsed Time:  00:00:04



MUTHEN & MUTHEN
3463 Stoner Ave.
Los Angeles, CA  90066

Tel: (310) 391-9971
Fax: (310) 391-8971
Web: www.StatModel.com
Support: Support@StatModel.com

Copyright (c) 1998-2015 Muthen & Muthen
