Mplus VERSION 7.4 (Mac)
MUTHEN & MUTHEN
02/08/2017   9:41 PM

INPUT INSTRUCTIONS

  TITLE:
  Script produced from the prototype in ./sandbox/syntax-creator/
  DATA:
  File = wide-dataset.dat ;
  VARIABLE:
  NAMES are
   id male age_c70 edu_c7 htm_c smoke cardio diabetes dementia_ever
      dementia_baseline bnt_00 bnt_01 bnt_02 bnt_03 bnt_04 bnt_05 bnt_06 bnt_07
      bnt_08 bnt_09 bnt_10 bnt_11 bnt_12 bnt_13 bnt_14 bnt_15 bnt_16 bnt_17
      bnt_18 bostordel_00 bostordel_01 bostordel_02 bostordel_03 bostordel_04
      bostordel_05 bostordel_06 bostordel_07 bostordel_08 bostordel_09 bostordel_10
      bostordel_11 bostordel_12 bostordel_13 bostordel_14 bostordel_15 bostordel_16
      bostordel_17 bostordel_18 bostorim_00 bostorim_01 bostorim_02 bostorim_03
      bostorim_04 bostorim_05 bostorim_06 bostorim_07 bostorim_08 bostorim_09
      bostorim_10 bostorim_11 bostorim_12 bostorim_13 bostorim_14 bostorim_15
      bostorim_16 bostorim_17 bostorim_18 catfluency_00 catfluency_01 catfluency_02
      catfluency_03 catfluency_04 catfluency_05 catfluency_06 catfluency_07
      catfluency_08 catfluency_09 catfluency_10 catfluency_11 catfluency_12
      catfluency_13 catfluency_14 catfluency_15 catfluency_16 catfluency_17
      catfluency_18 complexideas_00 complexideas_01 complexideas_02 complexideas_03
      complexideas_04 complexideas_05 complexideas_06 complexideas_07 complexideas_08
      complexideas_09 complexideas_10 complexideas_11 complexideas_12 complexideas_13
      complexideas_14 complexideas_15 complexideas_16 complexideas_17 complexideas_18
      digitbackward_00 digitbackward_01 digitbackward_02 digitbackward_03
      digitbackward_04 digitbackward_05 digitbackward_06 digitbackward_07
      digitbackward_08 digitbackward_09 digitbackward_10 digitbackward_11
      digitbackward_12 digitbackward_13 digitbackward_14 digitbackward_15
      digitbackward_16 digitbackward_17 digitbackward_18 digitforward_00
      digitforward_01 digitforward_02 digitforward_03 digitforward_04 digitforward_05
      digitforward_06 digitforward_07 digitforward_08 digitforward_09 digitforward_10
      digitforward_11 digitforward_12 digitforward_13 digitforward_14 digitforward_15
      digitforward_16 digitforward_17 digitforward_18 digitorder_00 digitorder_01
      digitorder_02 digitorder_03 digitorder_04 digitorder_05 digitorder_06
      digitorder_07 digitorder_08 digitorder_09 digitorder_10 digitorder_11
      digitorder_12 digitorder_13 digitorder_14 digitorder_15 digitorder_16
      digitorder_17 digitorder_18 fev_00 fev_01 fev_02 fev_03 fev_04 fev_05 fev_06
      fev_07 fev_08 fev_09 fev_10 fev_11 fev_12 fev_13 fev_14 fev_15 fev_16 fev_17
      fev_18 fev100_00 fev100_01 fev100_02 fev100_03 fev100_04 fev100_05 fev100_06
      fev100_07 fev100_08 fev100_09 fev100_10 fev100_11 fev100_12 fev100_13 fev100_14
      fev100_15 fev100_16 fev100_17 fev100_18 gait_00 gait_01 gait_02 gait_03 gait_04
      gait_05 gait_06 gait_07 gait_08 gait_09 gait_10 gait_11 gait_12 gait_13 gait_14
      gait_15 gait_16 gait_17 gait_18 grip_00 grip_01 grip_02 grip_03 grip_04 grip_05
      grip_06 grip_07 grip_08 grip_09 grip_10 grip_11 grip_12 grip_13 grip_14 grip_15
      grip_16 grip_17 grip_18 lineorientation_00 lineorientation_01 lineorientation_02
      lineorientation_03 lineorientation_04 lineorientation_05 lineorientation_06
      lineorientation_07 lineorientation_08 lineorientation_09 lineorientation_10
      lineorientation_11 lineorientation_12 lineorientation_13 lineorientation_14
      lineorientation_15 lineorientation_16 lineorientation_17 lineorientation_18
      logimemdel_00 logimemdel_01 logimemdel_02 logimemdel_03 logimemdel_04
      logimemdel_05 logimemdel_06 logimemdel_07 logimemdel_08 logimemdel_09
      logimemdel_10 logimemdel_11 logimemdel_12 logimemdel_13 logimemdel_14
      logimemdel_15 logimemdel_16 logimemdel_17 logimemdel_18 logimemim_00
      logimemim_01 logimemim_02 logimemim_03 logimemim_04 logimemim_05 logimemim_06
      logimemim_07 logimemim_08 logimemim_09 logimemim_10 logimemim_11 logimemim_12
      logimemim_13 logimemim_14 logimemim_15 logimemim_16 logimemim_17 logimemim_18
      matrices_00 matrices_01 matrices_02 matrices_03 matrices_04 matrices_05
      matrices_06 matrices_07 matrices_08 matrices_09 matrices_10 matrices_11
      matrices_12 matrices_13 matrices_14 matrices_15 matrices_16 matrices_17
      matrices_18 mmse_00 mmse_01 mmse_02 mmse_03 mmse_04 mmse_05 mmse_06 mmse_07
      mmse_08 mmse_09 mmse_10 mmse_11 mmse_12 mmse_13 mmse_14 mmse_15 mmse_16 mmse_17
      mmse_18 nart_00 nart_01 nart_02 nart_03 nart_04 nart_05 nart_06 nart_07 nart_08
      nart_09 nart_10 nart_11 nart_12 nart_13 nart_14 nart_15 nart_16 nart_17 nart_18
      numbercomparison_00 numbercomparison_01 numbercomparison_02 numbercomparison_03
      numbercomparison_04 numbercomparison_05 numbercomparison_06 numbercomparison_07
      numbercomparison_08 numbercomparison_09 numbercomparison_10 numbercomparison_11
      numbercomparison_12 numbercomparison_13 numbercomparison_14 numbercomparison_15
      numbercomparison_16 numbercomparison_17 numbercomparison_18 symbol_00
      symbol_01 symbol_02 symbol_03 symbol_04 symbol_05 symbol_06 symbol_07 symbol_08
      symbol_09 symbol_10 symbol_11 symbol_12 symbol_13 symbol_14 symbol_15 symbol_16
      symbol_17 symbol_18 wordlistdel_00 wordlistdel_01 wordlistdel_02 wordlistdel_03
      wordlistdel_04 wordlistdel_05 wordlistdel_06 wordlistdel_07 wordlistdel_08
      wordlistdel_09 wordlistdel_10 wordlistdel_11 wordlistdel_12 wordlistdel_13
      wordlistdel_14 wordlistdel_15 wordlistdel_16 wordlistdel_17 wordlistdel_18
      wordlistim_00 wordlistim_01 wordlistim_02 wordlistim_03 wordlistim_04
      wordlistim_05 wordlistim_06 wordlistim_07 wordlistim_08 wordlistim_09
      wordlistim_10 wordlistim_11 wordlistim_12 wordlistim_13 wordlistim_14
      wordlistim_15 wordlistim_16 wordlistim_17 wordlistim_18 wordlistrecog_00
      wordlistrecog_01 wordlistrecog_02 wordlistrecog_03 wordlistrecog_04
      wordlistrecog_05 wordlistrecog_06 wordlistrecog_07 wordlistrecog_08
      wordlistrecog_09 wordlistrecog_10 wordlistrecog_11 wordlistrecog_12
      wordlistrecog_13 wordlistrecog_14 wordlistrecog_15 wordlistrecog_16
      wordlistrecog_17 wordlistrecog_18 years_since_bl_00 years_since_bl_01
      years_since_bl_02 years_since_bl_03 years_since_bl_04 years_since_bl_05
      years_since_bl_06 years_since_bl_07 years_since_bl_08 years_since_bl_09
      years_since_bl_10 years_since_bl_11 years_since_bl_12 years_since_bl_13
      years_since_bl_14 years_since_bl_15 years_since_bl_16 years_since_bl_17
      years_since_bl_18
  	;
  Missing are all (-9999);
  USEVARIABLES are
  	!define the variables used in the analysis
  	! covariates used in the model
  age_c70
  edu_c7
  htm_c
  smoke
  cardio
  diabetes	
  	!estimated time points
  time_00
  time_01
  time_02
  time_03
  time_04
  	!modelled time points of process (A)
  a_00
  a_01
  a_02
  a_03
  a_04
  	!modelled time points of process (B)
  b_00
  b_01
  b_02
  b_03
  b_04
  ;
  TSCORES are
  	!estimated time points
  time_00
  time_01
  time_02
  time_03
  time_04;
  USEOBSERVATIONS are
  	!select a subset of observations
  male EQ 1
  and
  id NE 0
  ;
  DEFINE:
  	! assign variables to the process (A)
  a_00=gait_00;
  a_01=gait_01;
  a_02=gait_02;
  a_03=gait_03;
  a_04=gait_04;
  	! assign variables to the process (B)
  b_00=catfluency_00;
  b_01=catfluency_01;
  b_02=catfluency_02;
  b_03=catfluency_03;
  b_04=catfluency_04;
  	!assign variables to time points
  time_00=years_since_bl_00;
  time_01=years_since_bl_01;
  time_02=years_since_bl_02;
  time_03=years_since_bl_03;
  time_04=years_since_bl_04;
  	
  ANALYSIS:
  TYPE = RANDOM;
  COVERAGE=.00;
  MODEL:
  	!first-level equation
  	! assign process (A) to time points
  ia sa | a_00 AT time_00 ;
  ia sa | a_01 AT time_01 ;
  ia sa | a_02 AT time_02 ;
  ia sa | a_03 AT time_03 ;
  ia sa | a_04 AT time_04 ;
  	! assign process (B) to time points
  ib sb | b_00 AT time_00 ;
  ib sb | b_01 AT time_01 ;
  ib sb | b_02 AT time_02 ;
  ib sb | b_03 AT time_03 ;
  ib sb | b_04 AT time_04 ;
  	!variance of the first-level terms
  ia (v_ia);
  sa (v_sa);
  ib (v_ib);
  sb (v_sb);
  	!covariance among first-level terms
  ia WITH sa (c_iasa);
  ia WITH ib (c_iaib);
  ia WITH sb (c_iasb);
  sa WITH ib (c_saib);
  sa WITH sb (c_sasb);
  ib WITH sb (c_ibsb);
  	!second-level equation
  ia sa ib sb ON age_c70
  edu_c7
  htm_c
  smoke
  cardio
  diabetes;
  	!residual covariance of process (A)
  a_00 (res_a);
  a_01 (res_a);
  a_02 (res_a);
  a_03 (res_a);
  a_04 (res_a);	
  	!residual covariance of process (B)
  b_00 (res_b);
  b_01 (res_b);
  b_02 (res_b);
  b_03 (res_b);
  b_04 (res_b);	
  	!Paired covariances constrained to be equal across t
  a_00 pwith b_00 (res_cov);
  a_01 pwith b_01 (res_cov);
  a_02 pwith b_02 (res_cov);
  a_03 pwith b_03 (res_cov);
  a_04 pwith b_04 (res_cov);	
  MODEL CONSTRAINT:
  	!assigns labels to new parameters;
  NEW r_iaib;
  NEW r_sasb;
  NEW r_res_ab;
  	!compute confidence intervals for correlation coefficients;
  r_iaib = c_iaib/((v_ia**0.5)*(v_ib**0.5));
  r_sasb = c_sasb/((v_sa**0.5)*(v_sb**0.5));
  r_res_ab = res_cov/((res_a**0.5)*(res_b**0.5));
  SAVEDATA:
  FILE is   b1_male_aehplus_gait_catfluency_fscores.dat;
  SAVE = FSCORES;
  RESULTS are   b1_male_aehplus_gait_catfluency_results.dat;
  	
  OUTPUT: sampstat cinterval;
  PLOT: Type is Plot1 Plot2 Plot3;



*** WARNING
  Data set contains cases with missing on x-variables.
  These cases were not included in the analysis.
  Number of cases with missing on x-variables:  46
   1 WARNING(S) FOUND IN THE INPUT INSTRUCTIONS




Script produced from the prototype in ./sandbox/syntax-creator/

SUMMARY OF ANALYSIS

Number of groups                                                 1
Number of observations                                         439

Number of dependent variables                                   10
Number of independent variables                                  6
Number of continuous latent variables                            4

Observed dependent variables

  Continuous
   A_00        A_01        A_02        A_03        A_04        B_00
   B_01        B_02        B_03        B_04

Observed independent variables
   AGE_C70     EDU_C7      HTM_C       SMOKE       CARDIO      DIABETES

Continuous latent variables
   IA          SA          IB          SB

Variables with special functions

  Time scores
   TIME_00     TIME_01     TIME_02     TIME_03     TIME_04


Estimator                                                      MLR
Information matrix                                        OBSERVED
Maximum number of iterations                                   100
Convergence criterion                                    0.100D-05
Maximum number of EM iterations                                500
Convergence criteria for the EM algorithm
  Loglikelihood change                                   0.100D-02
  Relative loglikelihood change                          0.100D-05
  Derivative                                             0.100D-03
Minimum variance                                         0.100D-03
Maximum number of steepest descent iterations                   20
Maximum number of iterations for H1                           2000
Convergence criterion for H1                             0.100D-03
Optimization algorithm                                         EMA

Input data file(s)
  wide-dataset.dat
Input data format  FREE


SUMMARY OF DATA

     Number of missing data patterns            54


COVARIANCE COVERAGE OF DATA

Minimum covariance coverage value   0.000


     PROPORTION OF DATA PRESENT


           Covariance Coverage
              A_00          A_01          A_02          A_03          A_04
              ________      ________      ________      ________      ________
 A_00           0.918
 A_01           0.702         0.731
 A_02           0.585         0.572         0.613
 A_03           0.494         0.481         0.458         0.519
 A_04           0.433         0.424         0.410         0.403         0.453
 B_00           0.918         0.731         0.613         0.519         0.453
 B_01           0.804         0.731         0.610         0.515         0.451
 B_02           0.681         0.638         0.610         0.501         0.444
 B_03           0.590         0.560         0.531         0.519         0.444
 B_04           0.508         0.483         0.467         0.453         0.453
 AGE_C70        0.918         0.731         0.613         0.519         0.453
 EDU_C7         0.918         0.731         0.613         0.519         0.453
 HTM_C          0.918         0.731         0.613         0.519         0.453
 SMOKE          0.918         0.731         0.613         0.519         0.453
 CARDIO         0.918         0.731         0.613         0.519         0.453
 DIABETES       0.918         0.731         0.613         0.519         0.453


           Covariance Coverage
              B_00          B_01          B_02          B_03          B_04
              ________      ________      ________      ________      ________
 B_00           0.998
 B_01           0.861         0.863
 B_02           0.727         0.720         0.729
 B_03           0.638         0.626         0.610         0.638
 B_04           0.551         0.542         0.526         0.535         0.551
 AGE_C70        0.998         0.863         0.729         0.638         0.551
 EDU_C7         0.998         0.863         0.729         0.638         0.551
 HTM_C          0.998         0.863         0.729         0.638         0.551
 SMOKE          0.998         0.863         0.729         0.638         0.551
 CARDIO         0.998         0.863         0.729         0.638         0.551
 DIABETES       0.998         0.863         0.729         0.638         0.551


           Covariance Coverage
              AGE_C70       EDU_C7        HTM_C         SMOKE         CARDIO
              ________      ________      ________      ________      ________
 AGE_C70        1.000
 EDU_C7         1.000         1.000
 HTM_C          1.000         1.000         1.000
 SMOKE          1.000         1.000         1.000         1.000
 CARDIO         1.000         1.000         1.000         1.000         1.000
 DIABETES       1.000         1.000         1.000         1.000         1.000


           Covariance Coverage
              DIABETES
              ________
 DIABETES       1.000


SAMPLE STATISTICS


     ESTIMATED SAMPLE STATISTICS


           Means
              A_00          A_01          A_02          A_03          A_04
              ________      ________      ________      ________      ________
 1              0.641         0.617         0.591         0.571         0.542


           Means
              B_00          B_01          B_02          B_03          B_04
              ________      ________      ________      ________      ________
 1             29.970        29.659        28.582        28.114        27.134


           Means
              AGE_C70       EDU_C7        HTM_C         SMOKE         CARDIO
              ________      ________      ________      ________      ________
 1             10.494         8.538         0.015         0.499         0.241


           Means
              DIABETES
              ________
 1              0.267


           Covariances
              A_00          A_01          A_02          A_03          A_04
              ________      ________      ________      ________      ________
 A_00           0.049
 A_01           0.027         0.049
 A_02           0.025         0.026         0.048
 A_03           0.025         0.023         0.030         0.043
 A_04           0.028         0.027         0.031         0.033         0.052
 B_00           0.880         0.705         0.638         0.857         0.680
 B_01           1.002         0.837         0.795         0.920         0.800
 B_02           0.909         0.879         0.871         0.971         0.872
 B_03           0.973         0.827         0.908         1.023         0.957
 B_04           1.025         0.941         0.988         1.258         1.104
 AGE_C70       -0.366        -0.374        -0.339        -0.516        -0.524
 EDU_C7         0.146         0.099         0.087         0.030         0.079
 HTM_C          0.002         0.002         0.002         0.001         0.001
 SMOKE         -0.002         0.004         0.002         0.005        -0.003
 CARDIO         0.000         0.000        -0.002        -0.009        -0.004
 DIABETES      -0.009        -0.008        -0.003        -0.008         0.003


           Covariances
              B_00          B_01          B_02          B_03          B_04
              ________      ________      ________      ________      ________
 B_00         109.269
 B_01          95.223       120.316
 B_02          94.240       100.947       124.511
 B_03          94.926       102.208       107.486       128.774
 B_04         102.308       106.551       115.783       119.239       149.975
 AGE_C70      -23.515       -22.464       -28.130       -29.310       -35.608
 EDU_C7         7.092         7.285         5.981         7.733         6.804
 HTM_C          0.128         0.126         0.145         0.163         0.138
 SMOKE          0.072         0.076        -0.045         0.346         0.101
 CARDIO        -0.061        -0.195        -0.286        -0.298        -0.090
 DIABETES      -0.129        -0.194        -0.377        -0.428        -0.201


           Covariances
              AGE_C70       EDU_C7        HTM_C         SMOKE         CARDIO
              ________      ________      ________      ________      ________
 AGE_C70       50.039
 EDU_C7        -0.034        13.082
 HTM_C         -0.071         0.069         0.006
 SMOKE         -0.450        -0.152         0.002         0.250
 CARDIO         0.189        -0.068        -0.002         0.016         0.183
 DIABETES      -0.255        -0.248         0.001         0.004         0.013


           Covariances
              DIABETES
              ________
 DIABETES       0.195


           Correlations
              A_00          A_01          A_02          A_03          A_04
              ________      ________      ________      ________      ________
 A_00           1.000
 A_01           0.557         1.000
 A_02           0.505         0.529         1.000
 A_03           0.553         0.496         0.650         1.000
 A_04           0.561         0.542         0.609         0.705         1.000
 B_00           0.381         0.304         0.277         0.395         0.286
 B_01           0.413         0.344         0.329         0.404         0.320
 B_02           0.369         0.355         0.355         0.420         0.343
 B_03           0.388         0.329         0.364         0.435         0.370
 B_04           0.379         0.347         0.367         0.496         0.396
 AGE_C70       -0.234        -0.238        -0.218        -0.352        -0.325
 EDU_C7         0.183         0.124         0.109         0.040         0.095
 HTM_C          0.098         0.124         0.116         0.072         0.081
 SMOKE         -0.014         0.039         0.020         0.047        -0.023
 CARDIO        -0.001        -0.004        -0.018        -0.106        -0.045
 DIABETES      -0.093        -0.080        -0.026        -0.082         0.026


           Correlations
              B_00          B_01          B_02          B_03          B_04
              ________      ________      ________      ________      ________
 B_00           1.000
 B_01           0.830         1.000
 B_02           0.808         0.825         1.000
 B_03           0.800         0.821         0.849         1.000
 B_04           0.799         0.793         0.847         0.858         1.000
 AGE_C70       -0.318        -0.290        -0.356        -0.365        -0.411
 EDU_C7         0.188         0.184         0.148         0.188         0.154
 HTM_C          0.162         0.152         0.172         0.190         0.150
 SMOKE          0.014         0.014        -0.008         0.061         0.016
 CARDIO        -0.014        -0.041        -0.060        -0.061        -0.017
 DIABETES      -0.028        -0.040        -0.077        -0.085        -0.037


           Correlations
              AGE_C70       EDU_C7        HTM_C         SMOKE         CARDIO
              ________      ________      ________      ________      ________
 AGE_C70        1.000
 EDU_C7        -0.001         1.000
 HTM_C         -0.133         0.253         1.000
 SMOKE         -0.127        -0.084         0.060         1.000
 CARDIO         0.062        -0.044        -0.059         0.076         1.000
 DIABETES      -0.081        -0.155         0.041         0.017         0.069


           Correlations
              DIABETES
              ________
 DIABETES       1.000


     MAXIMUM LOG-LIKELIHOOD VALUE FOR THE UNRESTRICTED (H1) MODEL IS -7917.776


UNIVARIATE SAMPLE STATISTICS


     UNIVARIATE HIGHER-ORDER MOMENT DESCRIPTIVE STATISTICS

         Variable/         Mean/     Skewness/   Minimum/ % with                Percentiles
        Sample Size      Variance    Kurtosis    Maximum  Min/Max      20%/60%    40%/80%    Median

     A_00                  0.645       0.239       0.054    0.25%       0.460      0.588      0.633
             403.000       0.049       0.174       1.478    0.25%       0.697      0.813
     A_01                  0.639       0.625       0.118    0.31%       0.469      0.567      0.610
             321.000       0.048       0.885       1.524    0.31%       0.677      0.813
     A_02                  0.626       0.423       0.152    0.37%       0.428      0.554      0.610
             269.000       0.047       0.279       1.318    0.37%       0.687      0.799
     A_03                  0.624       0.426       0.153    0.44%       0.452      0.554      0.610
             228.000       0.040       0.564       1.434    0.44%       0.668      0.799
     A_04                  0.619       0.498       0.119    0.50%       0.460      0.554      0.610
             199.000       0.045       1.271       1.478    0.50%       0.650      0.813
     B_00                 30.018       0.020       0.000    0.46%      22.000     27.000     30.000
             438.000     108.443       0.052      64.000    0.23%      33.000     39.000
     B_01                 30.198       0.019       0.000    0.26%      21.000     28.000     30.000
             379.000     114.343       0.143      67.000    0.26%      33.000     39.000
     B_02                 29.878       0.016       0.000    0.31%      21.000     27.000     30.000
             320.000     112.032      -0.056      61.000    0.31%      33.000     38.000
     B_03                 30.136      -0.027       1.000    0.36%      22.000     28.000     30.000
             280.000     105.867       0.093      58.000    0.36%      32.000     39.000
     B_04                 29.430      -0.100       0.000    0.83%      19.000     27.000     30.000
             242.000     121.609      -0.247      55.000    0.83%      32.000     39.000
     AGE_C70              10.494      -0.488     -12.094    0.23%       5.020      9.562     11.569
             439.000      50.039       0.190      28.508    0.23%      12.927     16.168
     EDU_C7                8.538      -0.276      -7.000    0.23%       5.000      8.000      9.000
             439.000      13.082       1.690      21.000    0.46%       9.000     11.000
     HTM_C                 0.015      -0.449      -0.298    0.23%      -0.044      0.007      0.020
             439.000       0.006       0.560       0.185    0.91%       0.033      0.083
     SMOKE                 0.499       0.005       0.000   50.11%       0.000      0.000      0.000
             439.000       0.250      -2.000       1.000   49.89%       1.000      1.000
     CARDIO                0.241       1.208       0.000   75.85%       0.000      0.000      0.000
             439.000       0.183      -0.540       1.000   24.15%       0.000      1.000
     DIABETES              0.267       1.056       0.000   73.35%       0.000      0.000      0.000
             439.000       0.195      -0.885       1.000   26.65%       0.000      1.000


THE MODEL ESTIMATION TERMINATED NORMALLY



MODEL FIT INFORMATION

Number of Free Parameters                       41

Loglikelihood

          H0 Value                       -5012.787
          H0 Scaling Correction Factor      1.0130
            for MLR

Information Criteria

          Akaike (AIC)                   10107.575
          Bayesian (BIC)                 10275.039
          Sample-Size Adjusted BIC       10144.925
            (n* = (n + 2) / 24)



MODEL RESULTS

                                                    Two-Tailed
                    Estimate       S.E.  Est./S.E.    P-Value

 IA         ON
    AGE_C70           -0.007      0.001     -5.072      0.000
    EDU_C7             0.008      0.003      2.555      0.011
    HTM_C              0.145      0.138      1.053      0.292
    SMOKE             -0.006      0.019     -0.319      0.750
    CARDIO             0.020      0.022      0.927      0.354
    DIABETES          -0.047      0.020     -2.344      0.019

 SA         ON
    AGE_C70           -0.001      0.001     -1.463      0.144
    EDU_C7            -0.001      0.001     -1.392      0.164
    HTM_C             -0.021      0.048     -0.432      0.666
    SMOKE             -0.002      0.007     -0.301      0.764
    CARDIO            -0.011      0.007     -1.531      0.126
    DIABETES           0.009      0.007      1.371      0.171

 IB         ON
    AGE_C70           -0.435      0.060     -7.246      0.000
    EDU_C7             0.451      0.140      3.221      0.001
    HTM_C             11.706      6.145      1.905      0.057
    SMOKE             -0.438      0.909     -0.482      0.630
    CARDIO             0.091      0.960      0.095      0.925
    DIABETES          -0.921      1.017     -0.905      0.365

 SB         ON
    AGE_C70           -0.059      0.014     -4.222      0.000
    EDU_C7            -0.010      0.032     -0.312      0.755
    HTM_C              0.665      1.388      0.479      0.632
    SMOKE              0.000      0.202      0.000      1.000
    CARDIO            -0.027      0.246     -0.111      0.912
    DIABETES          -0.325      0.232     -1.400      0.161

 IA       WITH
    SA                -0.001      0.001     -1.037      0.300
    IB                 0.616      0.109      5.638      0.000
    SB                 0.010      0.020      0.521      0.602

 SA       WITH
    IB                -0.047      0.029     -1.606      0.108
    SB                 0.017      0.005      3.146      0.002

 IB       WITH
    SB                 0.816      1.133      0.720      0.471

 A_00     WITH
    B_00               0.004      0.021      0.191      0.848

 A_01     WITH
    B_01               0.004      0.021      0.191      0.848

 A_02     WITH
    B_02               0.004      0.021      0.191      0.848

 A_03     WITH
    B_03               0.004      0.021      0.191      0.848

 A_04     WITH
    B_04               0.004      0.021      0.191      0.848

 Intercepts
    A_00               0.000      0.000    999.000    999.000
    A_01               0.000      0.000    999.000    999.000
    A_02               0.000      0.000    999.000    999.000
    A_03               0.000      0.000    999.000    999.000
    A_04               0.000      0.000    999.000    999.000
    B_00               0.000      0.000    999.000    999.000
    B_01               0.000      0.000    999.000    999.000
    B_02               0.000      0.000    999.000    999.000
    B_03               0.000      0.000    999.000    999.000
    B_04               0.000      0.000    999.000    999.000
    IA                 0.653      0.034     19.265      0.000
    SA                -0.003      0.012     -0.232      0.816
    IB                31.102      1.529     20.336      0.000
    SB                 0.055      0.352      0.156      0.876

 Residual Variances
    A_00               0.020      0.001     13.842      0.000
    A_01               0.020      0.001     13.842      0.000
    A_02               0.020      0.001     13.842      0.000
    A_03               0.020      0.001     13.842      0.000
    A_04               0.020      0.001     13.842      0.000
    B_00              19.748      1.072     18.416      0.000
    B_01              19.748      1.072     18.416      0.000
    B_02              19.748      1.072     18.416      0.000
    B_03              19.748      1.072     18.416      0.000
    B_04              19.748      1.072     18.416      0.000
    IA                 0.024      0.003      8.510      0.000
    SA                 0.001      0.000      2.232      0.026
    IB                77.033      7.592     10.147      0.000
    SB                 0.967      0.266      3.640      0.000

New/Additional Parameters
    R_IAIB             0.454      0.062      7.335      0.000
    R_SASB             0.756      0.122      6.219      0.000
    R_RES_AB           0.006      0.034      0.192      0.848


QUALITY OF NUMERICAL RESULTS

     Condition Number for the Information Matrix              0.905E-09
       (ratio of smallest to largest eigenvalue)


CONFIDENCE INTERVALS OF MODEL RESULTS

                  Lower .5%  Lower 2.5%    Lower 5%    Estimate    Upper 5%  Upper 2.5%   Upper .5%

 IA       ON
    AGE_C70         -0.011      -0.010      -0.010      -0.007      -0.005      -0.004      -0.004
    EDU_C7           0.000       0.002       0.003       0.008       0.014       0.015       0.017
    HTM_C           -0.210      -0.125      -0.082       0.145       0.372       0.415       0.500
    SMOKE           -0.056      -0.044      -0.038      -0.006       0.026       0.032       0.044
    CARDIO          -0.036      -0.023      -0.016       0.020       0.056       0.063       0.077
    DIABETES        -0.099      -0.087      -0.080      -0.047      -0.014      -0.008       0.005

 SA       ON
    AGE_C70         -0.002      -0.002      -0.002      -0.001       0.000       0.000       0.001
    EDU_C7          -0.004      -0.003      -0.003      -0.001       0.000       0.001       0.001
    HTM_C           -0.143      -0.114      -0.099      -0.021       0.058       0.073       0.102
    SMOKE           -0.019      -0.015      -0.013      -0.002       0.009       0.011       0.015
    CARDIO          -0.030      -0.025      -0.023      -0.011       0.001       0.003       0.008
    DIABETES        -0.008      -0.004      -0.002       0.009       0.021       0.023       0.027

 IB       ON
    AGE_C70         -0.590      -0.553      -0.534      -0.435      -0.336      -0.317      -0.280
    EDU_C7           0.090       0.177       0.221       0.451       0.681       0.725       0.812
    HTM_C           -4.123      -0.339       1.597      11.706      21.815      23.751      27.535
    SMOKE           -2.781      -2.221      -1.934      -0.438       1.058       1.344       1.904
    CARDIO          -2.383      -1.792      -1.489       0.091       1.671       1.973       2.565
    DIABETES        -3.541      -2.914      -2.594      -0.921       0.753       1.073       1.699

 SB       ON
    AGE_C70         -0.095      -0.087      -0.082      -0.059      -0.036      -0.032      -0.023
    EDU_C7          -0.093      -0.073      -0.063      -0.010       0.043       0.053       0.073
    HTM_C           -2.910      -2.055      -1.618       0.665       2.949       3.386       4.241
    SMOKE           -0.520      -0.396      -0.332       0.000       0.332       0.396       0.520
    CARDIO          -0.660      -0.509      -0.431      -0.027       0.377       0.454       0.605
    DIABETES        -0.924      -0.781      -0.708      -0.325       0.057       0.130       0.273

 IA       WITH
    SA              -0.002      -0.002      -0.002      -0.001       0.000       0.001       0.001
    IB               0.334       0.402       0.436       0.616       0.796       0.830       0.897
    SB              -0.041      -0.029      -0.022       0.010       0.043       0.049       0.062

 SA       WITH
    IB              -0.123      -0.105      -0.096      -0.047       0.001       0.010       0.029
    SB               0.003       0.006       0.008       0.017       0.026       0.028       0.031

 IB       WITH
    SB              -2.103      -1.405      -1.048       0.816       2.681       3.038       3.736

 A_00     WITH
    B_00            -0.050      -0.037      -0.031       0.004       0.039       0.045       0.058

 A_01     WITH
    B_01            -0.050      -0.037      -0.031       0.004       0.039       0.045       0.058

 A_02     WITH
    B_02            -0.050      -0.037      -0.031       0.004       0.039       0.045       0.058

 A_03     WITH
    B_03            -0.050      -0.037      -0.031       0.004       0.039       0.045       0.058

 A_04     WITH
    B_04            -0.050      -0.037      -0.031       0.004       0.039       0.045       0.058

 Intercepts
    A_00             0.000       0.000       0.000       0.000       0.000       0.000       0.000
    A_01             0.000       0.000       0.000       0.000       0.000       0.000       0.000
    A_02             0.000       0.000       0.000       0.000       0.000       0.000       0.000
    A_03             0.000       0.000       0.000       0.000       0.000       0.000       0.000
    A_04             0.000       0.000       0.000       0.000       0.000       0.000       0.000
    B_00             0.000       0.000       0.000       0.000       0.000       0.000       0.000
    B_01             0.000       0.000       0.000       0.000       0.000       0.000       0.000
    B_02             0.000       0.000       0.000       0.000       0.000       0.000       0.000
    B_03             0.000       0.000       0.000       0.000       0.000       0.000       0.000
    B_04             0.000       0.000       0.000       0.000       0.000       0.000       0.000
    IA               0.565       0.586       0.597       0.653       0.708       0.719       0.740
    SA              -0.034      -0.026      -0.023      -0.003       0.017       0.021       0.028
    IB              27.162      28.104      28.586      31.102      33.617      34.099      35.041
    SB              -0.853      -0.636      -0.525       0.055       0.635       0.746       0.963

 Residual Variances
    A_00             0.016       0.017       0.017       0.020       0.022       0.023       0.023
    A_01             0.016       0.017       0.017       0.020       0.022       0.023       0.023
    A_02             0.016       0.017       0.017       0.020       0.022       0.023       0.023
    A_03             0.016       0.017       0.017       0.020       0.022       0.023       0.023
    A_04             0.016       0.017       0.017       0.020       0.022       0.023       0.023
    B_00            16.986      17.646      17.984      19.748      21.512      21.850      22.510
    B_01            16.986      17.646      17.984      19.748      21.512      21.850      22.510
    B_02            16.986      17.646      17.984      19.748      21.512      21.850      22.510
    B_03            16.986      17.646      17.984      19.748      21.512      21.850      22.510
    B_04            16.986      17.646      17.984      19.748      21.512      21.850      22.510
    IA               0.017       0.018       0.019       0.024       0.028       0.029       0.031
    SA               0.000       0.000       0.000       0.001       0.001       0.001       0.001
    IB              57.479      62.154      64.545      77.033      89.521      91.913      96.588
    SB               0.283       0.446       0.530       0.967       1.404       1.488       1.651

New/Additional Parameters
    R_IAIB           0.295       0.333       0.352       0.454       0.556       0.576       0.614
    R_SASB           0.443       0.518       0.556       0.756       0.956       0.994       1.069
    R_RES_AB        -0.080      -0.059      -0.049       0.006       0.062       0.072       0.093


SAMPLE STATISTICS FOR ESTIMATED FACTOR SCORES


     SAMPLE STATISTICS


           Means
              IA            IA_SE         SA            SA_SE         IB
              ________      ________      ________      ________      ________
 1              0.640         0.079        -0.024         0.020        30.123


           Means
              IB_SE         SB            SB_SE
              ________      ________      ________
 1              2.667        -0.735         0.824


           Covariances
              IA            IA_SE         SA            SA_SE         IB
              ________      ________      ________      ________      ________
 IA             0.022
 IA_SE         -0.001         0.000
 SA             0.000         0.000         0.000
 SA_SE          0.000         0.000         0.000         0.000
 IB             0.816        -0.036        -0.023        -0.004        84.067
 IB_SE         -0.023         0.006         0.001         0.001        -1.003
 SB             0.045        -0.001         0.006         0.000         2.948
 SB_SE         -0.006         0.001         0.000         0.000        -0.234


           Covariances
              IB_SE         SB            SB_SE
              ________      ________      ________
 IB_SE          0.262
 SB            -0.034         0.472
 SB_SE          0.040        -0.013         0.010


           Correlations
              IA            IA_SE         SA            SA_SE         IB
              ________      ________      ________      ________      ________
 IA             1.000
 IA_SE         -0.302         1.000
 SA            -0.102         0.097         1.000
 SA_SE         -0.444         0.671         0.023         1.000
 IB             0.606        -0.223        -0.169        -0.270         1.000
 IB_SE         -0.306         0.699         0.105         0.744        -0.214
 SB             0.446        -0.110         0.605        -0.211         0.468
 SB_SE         -0.410         0.629         0.025         0.982        -0.258


           Correlations
              IB_SE         SB            SB_SE
              ________      ________      ________
 IB_SE          1.000
 SB            -0.097         1.000
 SB_SE          0.799        -0.193         1.000


RESULTS SAVING INFORMATION

  Order of data

    Parameter estimates
     (saved in order shown in Technical 1 output)
    Standard errors
     (saved in order shown in Technical 1 output)
    H0 Loglikelihood
    H0 Scaling Correction Factor for MLR
    Number of Free Parameters
    Akaike (AIC)
    Bayesian (BIC)
    Sample-Size Adjusted BIC
    Condition Number

  Save file
    b1_male_aehplus_gait_catfluency_results.dat

  Save file format           Free


PLOT INFORMATION

The following plots are available:

  Histograms (sample values, estimated factor scores)
  Scatterplots (sample values, estimated factor scores)
  Latent variable distribution plots

SAVEDATA INFORMATION


  Save file
    b1_male_aehplus_gait_catfluency_fscores.dat

  Order and format of variables

    A_00           F10.3
    A_01           F10.3
    A_02           F10.3
    A_03           F10.3
    A_04           F10.3
    B_00           F10.3
    B_01           F10.3
    B_02           F10.3
    B_03           F10.3
    B_04           F10.3
    AGE_C70        F10.3
    EDU_C7         F10.3
    HTM_C          F10.3
    SMOKE          F10.3
    CARDIO         F10.3
    DIABETES       F10.3
    TIME_00        F10.3
    TIME_01        F10.3
    TIME_02        F10.3
    TIME_03        F10.3
    TIME_04        F10.3
    IA             F10.3
    IA_SE          F10.3
    SA             F10.3
    SA_SE          F10.3
    IB             F10.3
    IB_SE          F10.3
    SB             F10.3
    SB_SE          F10.3

  Save file format
    29F10.3

  Save file record length    10000


     Beginning Time:  21:41:10
        Ending Time:  21:41:13
       Elapsed Time:  00:00:03



MUTHEN & MUTHEN
3463 Stoner Ave.
Los Angeles, CA  90066

Tel: (310) 391-9971
Fax: (310) 391-8971
Web: www.StatModel.com
Support: Support@StatModel.com

Copyright (c) 1998-2015 Muthen & Muthen
