Mplus VERSION 7.2 (Mac)
MUTHEN & MUTHEN
02/24/2015   2:01 PM
INPUT INSTRUCTIONS
  TITLE: M5 Hand Strength, DSST, Age Conditional, Female
    DATA:  File = "/Users/qingqingzhang/Dropbox/IALSA/Data/HABC-9999.dta.dat";
  VARIABLE:
    Names are
       habcid vstatus ds2dth race gender site CV1AGE Y1pchd1 Y1pchd2 Y1pchd3
       Y1pchf Y1pcbvd Y1pcvd Y1ppad Y1pdiab1 Y1phbp1 Y1WTK Y1bmi Y1sysbp
       Y1diabp cesd1 Y1educ wd20m1 wd2min1 wd400m1 Y1hakcal Y1hacat Y1SMK1
       Y1DRINKER1 Y1CURDRNK1 wd400m2 wd20m2 wd20m3 wd20m4 cesd4 wd400m4 wd20m6
       cesd6 wd400m6 wd2min6 wd20m8 cesd8 wd400m8 wd2min8 wd20m10 cesd10
       wd400m10 wd2min10 cesd11 wd20m5 wd2min2 wd2min4 smokecurrent smokeformer
       educpost educhigh mmmscore1 dss1 faminc tsmarsta self1 lpschool self2
       clox3 mmmscore3 self3 self4 clox5 mmmscore5 dss5 self5 self6 clox8
       dss8 mmmscore8 self8 clox10 dss10 mmmscore10 self10 mmmscore11 dss11
       self11 hand1 hand2 hand4 hand6 hand8 hand10 limit1 limit2 limit3 limit4
       limit5 limit6 limit8 limit9 limit10 limit11 t1 t2 t3 t4 t5 t6 t8 t10
       t11;
         MISSING are all (-9999);
         USEVAR are  smokecurrent smokeformer Y1pcvd Y1pdiab1
                     time1 time2 time4 time5 time6 time8 time10 time11
                     Bage Educ Height
                     p1 p2    p4    p6 p8 p10
                     c1       c5    c8 c10 c11;
         TSCORES =   time1 time2 time4 time5 time6 time8 time10 time11;
         USEOBSERVATIONS are gender EQ 0; ! female=0
    Define: p1= hand1;  p2= hand2; p4= hand4;
            p6= hand6;  p8= hand8; p10= hand10;
            c1= dss1;  c5= dss5; c8=dss8;
            c10= dss10; c11=dss11;
            time1=t1; time2=t2; time3=t3; time4=t4; time5=t5; time6=t6; time8=t8;
            time10=t10; time11=t11;
            Bage=CV1AGE-70;   !Centered at Age 70
            !Bagesq=(compage1-70)**2;
            !Dage=YTDead;
            !Sex=female;         !0=Male
            Educ= lpschool-7;     ! Centered at 7 years
            !SEP=SESgrp;
            !Marstat;
            Height= sqrt(Y1WTK/Y1bmi)-1.60;
            !Weight
            !BMI
            !SmokHist=Smoke;
            !Alcohol;
            !CompExp;
            !PhysAct;
            !BP;
            !DepSymp;
            !Cardio;
            !Diab;
            !MorbInd;
            !BageSex=Bage*Sex;
            !BageEduc=Bage*Educ;
            !SexEduc=Sex*Educ;
    ANALYSIS: TYPE = RANDOM;
  MODEL:  ip sp | p1-p10 AT time1 time2 time4 time6 time8 time10;
          ic sc | c1-c11 AT time1             time5 time8 time10 time11;
          ip sp ic sc ON Bage Educ Height smokecurrent smokeformer Y1pcvd Y1pdiab1;
          p1-p10 (res_p);
          c1-c11 (res_c);
          p1  with c1  (res_cov);
          p8  with c8  (res_cov);
          p10 with c10 (res_cov);
  OUTPUT: sampstat Cinterval;
*** WARNING in VARIABLE command
  Note that only the first 8 characters of variable names are used in the output.
  Shorten variable names to avoid any confusion.
*** WARNING
  Data set contains cases with missing on x-variables.
  These cases were not included in the analysis.
  Number of cases with missing on x-variables:  46
   2 WARNING(S) FOUND IN THE INPUT INSTRUCTIONS
M5 Hand Strength, DSST, Age Conditional, Female
SUMMARY OF ANALYSIS
Number of groups                                                 1
Number of observations                                        1538
Number of dependent variables                                   11
Number of independent variables                                  7
Number of continuous latent variables                            4
Observed dependent variables
  Continuous
   P1          P2          P4          P6          P8          P10
   C1          C5          C8          C10         C11
Observed independent variables
   SMOKECUR    SMOKEFOR    Y1PCVD      Y1PDIAB1    BAGE        EDUC
   HEIGHT
Continuous latent variables
   IP          SP          IC          SC
Variables with special functions
  Time scores
   TIME1       TIME2       TIME4       TIME5       TIME6       TIME8
   TIME10      TIME11
Estimator                                                      MLR
Information matrix                                        OBSERVED
Maximum number of iterations                                   100
Convergence criterion                                    0.100D-05
Maximum number of EM iterations                                500
Convergence criteria for the EM algorithm
  Loglikelihood change                                   0.100D-02
  Relative loglikelihood change                          0.100D-05
  Derivative                                             0.100D-03
Minimum variance                                         0.100D-03
Maximum number of steepest descent iterations                   20
Maximum number of iterations for H1                           2000
Convergence criterion for H1                             0.100D-03
Optimization algorithm                                         EMA
Input data file(s)
  /Users/qingqingzhang/Dropbox/IALSA/Data/HABC-9999.dta.dat
Input data format  FREE
SUMMARY OF DATA
     Number of missing data patterns           138
COVARIANCE COVERAGE OF DATA
Minimum covariance coverage value   0.100
     PROPORTION OF DATA PRESENT
           Covariance Coverage
              P1            P2            P4            P6            P8
              ________      ________      ________      ________      ________
 P1             0.981
 P2             0.822         0.833
 P4             0.767         0.713         0.780
 P6             0.689         0.636         0.661         0.702
 P8             0.588         0.544         0.561         0.549         0.598
 P10            0.538         0.502         0.512         0.497         0.498
 C1             0.973         0.826         0.773         0.697         0.594
 C5             0.759         0.700         0.716         0.670         0.570
 C8             0.580         0.536         0.555         0.542         0.587
 C10            0.531         0.496         0.505         0.489         0.490
 C11            0.448         0.422         0.428         0.419         0.421
 SMOKECUR       0.981         0.833         0.780         0.702         0.598
 SMOKEFOR       0.981         0.833         0.780         0.702         0.598
 Y1PCVD         0.981         0.833         0.780         0.702         0.598
 Y1PDIAB1       0.981         0.833         0.780         0.702         0.598
 BAGE           0.981         0.833         0.780         0.702         0.598
 EDUC           0.981         0.833         0.780         0.702         0.598
 HEIGHT         0.981         0.833         0.780         0.702         0.598
           Covariance Coverage
              P10           C1            C5            C8            C10
              ________      ________      ________      ________      ________
 P10            0.547
 C1             0.544         0.989
 C5             0.514         0.767         0.773
 C8             0.495         0.587         0.564         0.590
 C10            0.536         0.538         0.507         0.490         0.539
 C11            0.433         0.454         0.430         0.421         0.434
 SMOKECUR       0.547         0.989         0.773         0.590         0.539
 SMOKEFOR       0.547         0.989         0.773         0.590         0.539
 Y1PCVD         0.547         0.989         0.773         0.590         0.539
 Y1PDIAB1       0.547         0.989         0.773         0.590         0.539
 BAGE           0.547         0.989         0.773         0.590         0.539
 EDUC           0.547         0.989         0.773         0.590         0.539
 HEIGHT         0.547         0.989         0.773         0.590         0.539
           Covariance Coverage
              C11           SMOKECUR      SMOKEFOR      Y1PCVD        Y1PDIAB1
              ________      ________      ________      ________      ________
 C11            0.456
 SMOKECUR       0.456         1.000
 SMOKEFOR       0.456         1.000         1.000
 Y1PCVD         0.456         1.000         1.000         1.000
 Y1PDIAB1       0.456         1.000         1.000         1.000         1.000
 BAGE           0.456         1.000         1.000         1.000         1.000
 EDUC           0.456         1.000         1.000         1.000         1.000
 HEIGHT         0.456         1.000         1.000         1.000         1.000
           Covariance Coverage
              BAGE          EDUC          HEIGHT
              ________      ________      ________
 BAGE           1.000
 EDUC           1.000         1.000
 HEIGHT         1.000         1.000         1.000
SAMPLE STATISTICS
     ESTIMATED SAMPLE STATISTICS
           Means
              P1            P2            P4            P6            P8
              ________      ________      ________      ________      ________
 1             25.011        24.106        24.219        23.249        22.458
           Means
              P10           C1            C5            C8            C10
              ________      ________      ________      ________      ________
 1             21.551        37.106        34.248        32.398        31.146
           Means
              C11           SMOKECUR      SMOKEFOR      Y1PCVD        Y1PDIAB1
              ________      ________      ________      ________      ________
 1             29.198         0.098         0.328         0.174         0.137
           Means
              BAGE          EDUC          HEIGHT
              ________      ________      ________
 1              3.508         5.837        -0.004
           Covariances
              P1            P2            P4            P6            P8
              ________      ________      ________      ________      ________
 P1            39.689
 P2            26.336        35.285
 P4            25.074        25.036        34.404
 P6            23.461        23.603        25.468        33.835
 P8            24.990        23.405        25.735        27.182        38.079
 P10           21.427        20.729        22.775        23.240        25.605
 C1            -9.041       -10.302        -6.430        -5.336        -4.923
 C5           -11.285        -9.560        -7.007        -4.007        -4.064
 C8           -11.544        -9.987        -4.364        -0.703         0.184
 C10           -8.351        -9.636        -3.089        -0.913         1.339
 C11           -6.141        -5.959        -1.007         2.789         4.119
 SMOKECUR      -0.061        -0.019        -0.076        -0.020        -0.087
 SMOKEFOR       0.112         0.081         0.120         0.039         0.108
 Y1PCVD        -0.169        -0.166        -0.160        -0.209        -0.183
 Y1PDIAB1       0.119         0.107         0.002         0.054         0.072
 BAGE          -2.649        -2.584        -3.177        -3.109        -3.765
 EDUC          -2.923        -2.908        -2.494        -2.542        -2.525
 HEIGHT         0.126         0.120         0.112         0.110         0.121
           Covariances
              P10           C1            C5            C8            C10
              ________      ________      ________      ________      ________
 P10           29.013
 C1            -5.428       215.958
 C5            -1.674       167.767       216.044
 C8             1.775       170.181       182.849       223.621
 C10            3.254       165.836       181.687       204.437       235.242
 C11            6.414       165.025       181.464       205.903       213.782
 SMOKECUR      -0.040        -0.460        -0.418        -0.351        -0.412
 SMOKEFOR       0.094         0.527         0.665         0.511         0.670
 Y1PCVD        -0.211        -0.645        -0.619        -0.597        -0.654
 Y1PDIAB1       0.007        -0.770        -0.892        -0.933        -1.010
 BAGE          -3.459        -6.978        -7.337        -8.997        -9.397
 EDUC          -2.594        22.568        21.703        22.058        21.920
 HEIGHT         0.098        -0.004        -0.002         0.024         0.009
           Covariances
              C11           SMOKECUR      SMOKEFOR      Y1PCVD        Y1PDIAB1
              ________      ________      ________      ________      ________
 C11          253.346
 SMOKECUR      -0.543         0.089
 SMOKEFOR       0.566        -0.032         0.221
 Y1PCVD        -0.935         0.006         0.005         0.143
 Y1PDIAB1      -0.890         0.000         0.000         0.016         0.118
 BAGE         -10.903        -0.012        -0.028         0.045        -0.019
 EDUC          21.512        -0.037         0.024        -0.106        -0.151
 HEIGHT         0.050         0.000         0.001         0.000         0.000
           Covariances
              BAGE          EDUC          HEIGHT
              ________      ________      ________
 BAGE           8.230
 EDUC          -0.403         8.528
 HEIGHT        -0.020         0.004         0.004
           Correlations
              P1            P2            P4            P6            P8
              ________      ________      ________      ________      ________
 P1             1.000
 P2             0.704         1.000
 P4             0.679         0.719         1.000
 P6             0.640         0.683         0.746         1.000
 P8             0.643         0.639         0.711         0.757         1.000
 P10            0.631         0.648         0.721         0.742         0.770
 C1            -0.098        -0.118        -0.075        -0.062        -0.054
 C5            -0.122        -0.109        -0.081        -0.047        -0.045
 C8            -0.123        -0.112        -0.050        -0.008         0.002
 C10           -0.086        -0.106        -0.034        -0.010         0.014
 C11           -0.061        -0.063        -0.011         0.030         0.042
 SMOKECUR      -0.033        -0.011        -0.043        -0.011        -0.047
 SMOKEFOR       0.038         0.029         0.043         0.014         0.037
 Y1PCVD        -0.071        -0.074        -0.072        -0.095        -0.078
 Y1PDIAB1       0.055         0.052         0.001         0.027         0.034
 BAGE          -0.147        -0.152        -0.189        -0.186        -0.213
 EDUC          -0.159        -0.168        -0.146        -0.150        -0.140
 HEIGHT         0.331         0.333         0.315         0.313         0.323
           Correlations
              P10           C1            C5            C8            C10
              ________      ________      ________      ________      ________
 P10            1.000
 C1            -0.069         1.000
 C5            -0.021         0.777         1.000
 C8             0.022         0.774         0.832         1.000
 C10            0.039         0.736         0.806         0.891         1.000
 C11            0.075         0.706         0.776         0.865         0.876
 SMOKECUR      -0.025        -0.105        -0.096        -0.079        -0.090
 SMOKEFOR       0.037         0.076         0.096         0.073         0.093
 Y1PCVD        -0.104        -0.116        -0.111        -0.105        -0.113
 Y1PDIAB1       0.004        -0.153        -0.177        -0.182        -0.192
 BAGE          -0.224        -0.166        -0.174        -0.210        -0.214
 EDUC          -0.165         0.526         0.506         0.505         0.489
 HEIGHT         0.300        -0.005        -0.002         0.026         0.009
           Correlations
              C11           SMOKECUR      SMOKEFOR      Y1PCVD        Y1PDIAB1
              ________      ________      ________      ________      ________
 C11            1.000
 SMOKECUR      -0.115         1.000
 SMOKEFOR       0.076        -0.231         1.000
 Y1PCVD        -0.155         0.056         0.027         1.000
 Y1PDIAB1      -0.163        -0.004         0.000         0.123         1.000
 BAGE          -0.239        -0.014        -0.021         0.041        -0.019
 EDUC           0.463        -0.043         0.018        -0.095        -0.150
 HEIGHT         0.051        -0.012         0.031        -0.018        -0.003
           Correlations
              BAGE          EDUC          HEIGHT
              ________      ________      ________
 BAGE           1.000
 EDUC          -0.048         1.000
 HEIGHT        -0.113         0.020         1.000
     MAXIMUM LOG-LIKELIHOOD VALUE FOR THE UNRESTRICTED (H1) MODEL IS -45776.386
THE MODEL ESTIMATION TERMINATED NORMALLY
MODEL FIT INFORMATION
Number of Free Parameters                       45
Loglikelihood
          H0 Value                      -37988.612
          H0 Scaling Correction Factor      1.5204
            for MLR
Information Criteria
          Akaike (AIC)                   76067.225
          Bayesian (BIC)                 76307.445
          Sample-Size Adjusted BIC       76164.492
            (n* = (n + 2) / 24)
MODEL RESULTS
                                                    Two-Tailed
                    Estimate       S.E.  Est./S.E.    P-Value
 IP         ON
    BAGE              -0.235      0.050     -4.685      0.000
    EDUC              -0.374      0.054     -6.951      0.000
    HEIGHT            33.081      2.290     14.447      0.000
    SMOKECURRE        -0.461      0.434     -1.063      0.288
    SMOKEFORME         0.304      0.303      1.006      0.315
    Y1PCVD            -1.286      0.396     -3.246      0.001
    Y1PDIAB1           0.633      0.453      1.397      0.163
 SP         ON
    BAGE              -0.016      0.006     -2.837      0.005
    EDUC               0.003      0.006      0.511      0.609
    HEIGHT            -0.685      0.271     -2.531      0.011
    SMOKECURRE        -0.002      0.055     -0.027      0.978
    SMOKEFORME        -0.004      0.034     -0.131      0.895
    Y1PCVD            -0.017      0.050     -0.331      0.741
    Y1PDIAB1          -0.085      0.066     -1.287      0.198
 IC         ON
    BAGE              -0.665      0.109     -6.100      0.000
    EDUC               2.515      0.103     24.445      0.000
    HEIGHT            -9.951      5.081     -1.958      0.050
    SMOKECURRE        -3.362      0.990     -3.397      0.001
    SMOKEFORME         1.721      0.690      2.494      0.013
    Y1PCVD            -1.758      0.847     -2.075      0.038
    Y1PDIAB1          -3.163      0.895     -3.535      0.000
 SC         ON
    BAGE              -0.041      0.012     -3.347      0.001
    EDUC              -0.015      0.011     -1.314      0.189
    HEIGHT             0.759      0.545      1.393      0.164
    SMOKECURRE         0.028      0.115      0.246      0.806
    SMOKEFORME         0.027      0.074      0.359      0.719
    Y1PCVD            -0.054      0.098     -0.549      0.583
    Y1PDIAB1          -0.193      0.112     -1.724      0.085
 SP       WITH
    IP                -0.645      0.202     -3.185      0.001
 IC       WITH
    IP                -4.384      1.748     -2.508      0.012
    SP                 0.333      0.214      1.555      0.120
 SC       WITH
    IP                -0.206      0.203     -1.017      0.309
    SP                 0.093      0.026      3.576      0.000
    IC                -2.248      0.599     -3.755      0.000
 P1       WITH
    C1                 0.782      0.598      1.308      0.191
 P8       WITH
    C8                 0.782      0.598      1.308      0.191
 P10      WITH
    C10                0.782      0.598      1.308      0.191
 Intercepts
    P1                 0.000      0.000    999.000    999.000
    P2                 0.000      0.000    999.000    999.000
    P4                 0.000      0.000    999.000    999.000
    P6                 0.000      0.000    999.000    999.000
    P8                 0.000      0.000    999.000    999.000
    P10                0.000      0.000    999.000    999.000
    C1                 0.000      0.000    999.000    999.000
    C5                 0.000      0.000    999.000    999.000
    C8                 0.000      0.000    999.000    999.000
    C10                0.000      0.000    999.000    999.000
    C11                0.000      0.000    999.000    999.000
    IP                28.500      0.455     62.571      0.000
    SP                -0.301      0.052     -5.808      0.000
    IC                25.947      0.890     29.140      0.000
    SC                -0.455      0.094     -4.826      0.000
 Residual Variances
    P1                 9.856      0.768     12.841      0.000
    P2                 9.856      0.768     12.841      0.000
    P4                 9.856      0.768     12.841      0.000
    P6                 9.856      0.768     12.841      0.000
    P8                 9.856      0.768     12.841      0.000
    P10                9.856      0.768     12.841      0.000
    C1                34.361      1.970     17.438      0.000
    C5                34.361      1.970     17.438      0.000
    C8                34.361      1.970     17.438      0.000
    C10               34.361      1.970     17.438      0.000
    C11               34.361      1.970     17.438      0.000
    IP                22.755      1.559     14.592      0.000
    SP                 0.102      0.030      3.409      0.001
    IC               116.021      6.179     18.776      0.000
    SC                 0.674      0.091      7.443      0.000
QUALITY OF NUMERICAL RESULTS
     Condition Number for the Information Matrix              0.371E-05
       (ratio of smallest to largest eigenvalue)
