Mplus VERSION 7.2 (Mac)
MUTHEN & MUTHEN
02/23/2015   2:16 PM

INPUT INSTRUCTIONS

  TITLE: M5 Hand Strength, Modified Mini-Mental Status, Age Conditional, Female

    DATA:  File = "/Users/qingqingzhang/Dropbox/IALSA/Data/HABC-9999.dta.dat";

  VARIABLE:
    Names are
       habcid vstatus ds2dth race gender site CV1AGE Y1pchd1 Y1pchd2 Y1pchd3
       Y1pchf Y1pcbvd Y1pcvd Y1ppad Y1pdiab1 Y1phbp1 Y1WTK Y1bmi Y1sysbp
       Y1diabp cesd1 Y1educ wd20m1 wd2min1 wd400m1 Y1hakcal Y1hacat Y1SMK1
       Y1DRINKER1 Y1CURDRNK1 wd400m2 wd20m2 wd20m3 wd20m4 cesd4 wd400m4 wd20m6
       cesd6 wd400m6 wd2min6 wd20m8 cesd8 wd400m8 wd2min8 wd20m10 cesd10
       wd400m10 wd2min10 cesd11 wd20m5 wd2min2 wd2min4 smokecurrent smokeformer
       educpost educhigh mmmscore1 dss1 faminc tsmarsta self1 lpschool self2
       clox3 mmmscore3 self3 self4 clox5 mmmscore5 dss5 self5 self6 clox8
       dss8 mmmscore8 self8 clox10 dss10 mmmscore10 self10 mmmscore11 dss11
       self11 hand1 hand2 hand4 hand6 hand8 hand10 limit1 limit2 limit3 limit4
       limit5 limit6 limit8 limit9 limit10 limit11 t1 t2 t3 t4 t5 t6 t8 t10
       t11;

         MISSING are all (-9999);
         USEVAR are  t1 t2 t3 t4 t5  t6 t8 t10 t11
                     Bage
                     p1 p2    p4    p6 p8 p10
                     c1    c3    c5    c8 c10 c11;
         TSCORES =   t1 t2 t3  t4  t5  t6 t8 t10 t11;

         USEOBSERVATIONS are gender EQ 0; ! female=0

    Define: p1= hand1;  p2= hand2; p4= hand4;
            p6= hand6;  p8= hand8; p10= hand10;
            c1= mmmscore1; c3= mmmscore3; c5= mmmscore5; c8=mmmscore8;
            c10= mmmscore10; c11=mmmscore11;

            Bage=CV1AGE-80;   !Centered at Age 80
            !Bagesq=(compage1-80)**2;
            !Dage=YTDead;
            !Sex=female;         !0=Male
            !Educ=Educyrs-7;     ! Centered at 7 years
            !SEP=SESgrp;
            !Marstat;
            !Height
            !Weight
            !BMI
            !SmokHist=Smoke;
            !Alcohol;
            !CompExp;
            !PhysAct;
            !BP;
            !DepSymp;
            !Cardio;
            !Diab;
            !MorbInd;

            !BageSex=Bage*Sex;
            !BageEduc=Bage*Educ;
            !SexEduc=Sex*Educ;

    ANALYSIS: TYPE = RANDOM;

  MODEL:  ip sp | p1-p10 AT t1 t2 t4 t6 t8 t10;
          ic sc | c1-c11 AT t1 t3 t5 t8 t10 t11;

          ip sp ic sc ON Bage;

          p1-p10 (res_p);
          c1-c11 (res_c);

          p1-p10 pwith c1-c11(res_cov);

  OUTPUT: sampstat Cinterval;





INPUT READING TERMINATED NORMALLY



M5 Hand Strength, Modified Mini-Mental Status, Age Conditional, Female

SUMMARY OF ANALYSIS

Number of groups                                                 1
Number of observations                                        1584

Number of dependent variables                                   12
Number of independent variables                                  1
Number of continuous latent variables                            4

Observed dependent variables

  Continuous
   P1          P2          P4          P6          P8          P10
   C1          C3          C5          C8          C10         C11

Observed independent variables
   BAGE

Continuous latent variables
   IP          SP          IC          SC

Variables with special functions

  Time scores
   T1          T2          T3          T4          T5          T6
   T8          T10         T11


Estimator                                                      MLR
Information matrix                                        OBSERVED
Maximum number of iterations                                   100
Convergence criterion                                    0.100D-05
Maximum number of EM iterations                                500
Convergence criteria for the EM algorithm
  Loglikelihood change                                   0.100D-02
  Relative loglikelihood change                          0.100D-05
  Derivative                                             0.100D-03
Minimum variance                                         0.100D-03
Maximum number of steepest descent iterations                   20
Maximum number of iterations for H1                           2000
Convergence criterion for H1                             0.100D-03
Optimization algorithm                                         EMA

Input data file(s)
  /Users/qingqingzhang/Dropbox/IALSA/Data/HABC-9999.dta.dat
Input data format  FREE


SUMMARY OF DATA

     Number of missing data patterns           144


COVARIANCE COVERAGE OF DATA

Minimum covariance coverage value   0.100


     PROPORTION OF DATA PRESENT


           Covariance Coverage
              P1            P2            P4            P6            P8
              ________      ________      ________      ________      ________
 P1             0.979
 P2             0.819         0.830
 P4             0.765         0.712         0.778
 P6             0.685         0.634         0.658         0.699
 P8             0.586         0.542         0.559         0.547         0.597
 P10            0.537         0.501         0.510         0.494         0.496
 C1             0.979         0.828         0.776         0.697         0.595
 C3             0.810         0.750         0.746         0.661         0.557
 C5             0.840         0.753         0.751         0.687         0.589
 C8             0.584         0.539         0.558         0.546         0.592
 C10            0.537         0.503         0.511         0.495         0.495
 C11            0.449         0.423         0.429         0.420         0.422
 BAGE           0.979         0.830         0.778         0.699         0.597


           Covariance Coverage
              P10           C1            C3            C5            C8
              ________      ________      ________      ________      ________
 P10            0.545
 C1             0.544         0.997
 C3             0.509         0.824         0.826
 C5             0.535         0.853         0.772         0.856
 C8             0.497         0.593         0.556         0.588         0.595
 C10            0.544         0.545         0.509         0.535         0.497
 C11            0.433         0.456         0.431         0.450         0.422
 BAGE           0.545         0.997         0.826         0.856         0.595


           Covariance Coverage
              C10           C11           BAGE
              ________      ________      ________
 C10            0.546
 C11            0.434         0.456
 BAGE           0.546         0.456         1.000


SAMPLE STATISTICS


     ESTIMATED SAMPLE STATISTICS


           Means
              P1            P2            P4            P6            P8
              ________      ________      ________      ________      ________
 1             25.009        24.144        24.255        23.199        22.453


           Means
              P10           C1            C3            C5            C8
              ________      ________      ________      ________      ________
 1             21.572        90.580        89.501        86.688        86.322


           Means
              C10           C11           BAGE
              ________      ________      ________
 1             85.260        85.897        -6.504


           Covariances
              P1            P2            P4            P6            P8
              ________      ________      ________      ________      ________
 P1            39.837
 P2            26.531        35.577
 P4            25.265        25.107        34.511
 P6            23.855        23.925        25.859        34.512
 P8            25.400        23.893        26.193        27.882        38.819
 P10           21.908        21.290        23.222        24.006        26.468
 C1            -2.945        -2.629        -1.189        -3.343        -1.905
 C3            -4.684        -3.464        -1.385        -1.095        -0.262
 C5            -2.953        -4.462        -1.110         3.560         2.827
 C8            -3.597        -4.631         0.242         2.134         4.502
 C10           -5.080        -6.427        -1.426         0.102         3.274
 C11           -3.396        -4.818         0.427         2.141         5.208
 BAGE          -2.552        -2.523        -3.218        -3.166        -3.950


           Covariances
              P10           C1            C3            C5            C8
              ________      ________      ________      ________      ________
 P10           29.878
 C1            -2.233        65.931
 C3            -0.132        57.420        79.824
 C5             1.135        65.690        83.171       169.139
 C8             4.784        64.025        82.150       112.556       131.433
 C10            4.664        69.089        89.147       118.633       134.519
 C11            5.494        65.340        85.489       114.373       133.343
 BAGE          -3.631        -2.250        -3.980        -5.421        -6.057


           Covariances
              C10           C11           BAGE
              ________      ________      ________
 C10          167.177
 C11          156.314       169.253
 BAGE          -7.180        -6.724         8.227


           Correlations
              P1            P2            P4            P6            P8
              ________      ________      ________      ________      ________
 P1             1.000
 P2             0.705         1.000
 P4             0.681         0.717         1.000
 P6             0.643         0.683         0.749         1.000
 P8             0.646         0.643         0.716         0.762         1.000
 P10            0.635         0.653         0.723         0.748         0.777
 C1            -0.057        -0.054        -0.025        -0.070        -0.038
 C3            -0.083        -0.065        -0.026        -0.021        -0.005
 C5            -0.036        -0.058        -0.015         0.047         0.035
 C8            -0.050        -0.068         0.004         0.032         0.063
 C10           -0.062        -0.083        -0.019         0.001         0.041
 C11           -0.041        -0.062         0.006         0.028         0.064
 BAGE          -0.141        -0.147        -0.191        -0.188        -0.221


           Correlations
              P10           C1            C3            C5            C8
              ________      ________      ________      ________      ________
 P10            1.000
 C1            -0.050         1.000
 C3            -0.003         0.792         1.000
 C5             0.016         0.622         0.716         1.000
 C8             0.076         0.688         0.802         0.755         1.000
 C10            0.066         0.658         0.772         0.705         0.907
 C11            0.077         0.619         0.735         0.676         0.894
 BAGE          -0.232        -0.097        -0.155        -0.145        -0.184


           Correlations
              C10           C11           BAGE
              ________      ________      ________
 C10            1.000
 C11            0.929         1.000
 BAGE          -0.194        -0.180         1.000


     MAXIMUM LOG-LIKELIHOOD VALUE FOR THE UNRESTRICTED (H1) MODEL IS -46285.158


THE MODEL ESTIMATION TERMINATED NORMALLY



MODEL FIT INFORMATION

Number of Free Parameters                       21

Loglikelihood

          H0 Value                      -43005.580
          H0 Scaling Correction Factor      2.5434
            for MLR

Information Criteria

          Akaike (AIC)                   86053.160
          Bayesian (BIC)                 86165.882
          Sample-Size Adjusted BIC       86099.169
            (n* = (n + 2) / 24)



MODEL RESULTS

                                                    Two-Tailed
                    Estimate       S.E.  Est./S.E.    P-Value

 IP         ON
    BAGE              -0.288      0.052     -5.490      0.000

 SP         ON
    BAGE              -0.020      0.006     -3.459      0.001

 IC         ON
    BAGE              -0.222      0.072     -3.076      0.002

 SC         ON
    BAGE              -0.078      0.014     -5.641      0.000

 SP       WITH
    IP                -0.731      0.205     -3.560      0.000

 IC       WITH
    IP                -3.313      1.336     -2.480      0.013
    SP                -0.017      0.159     -0.108      0.914

 SC       WITH
    IP                -0.598      0.224     -2.677      0.007
    SP                 0.170      0.037      4.557      0.000
    IC                 2.160      0.467      4.625      0.000

 P1       WITH
    C1                -0.376      0.284     -1.323      0.186

 P2       WITH
    C3                -0.376      0.284     -1.323      0.186

 P4       WITH
    C5                -0.376      0.284     -1.323      0.186

 P6       WITH
    C8                -0.376      0.284     -1.323      0.186

 P8       WITH
    C10               -0.376      0.284     -1.323      0.186

 P10      WITH
    C11               -0.376      0.284     -1.323      0.186

 Intercepts
    P1                 0.000      0.000    999.000    999.000
    P2                 0.000      0.000    999.000    999.000
    P4                 0.000      0.000    999.000    999.000
    P6                 0.000      0.000    999.000    999.000
    P8                 0.000      0.000    999.000    999.000
    P10                0.000      0.000    999.000    999.000
    C1                 0.000      0.000    999.000    999.000
    C3                 0.000      0.000    999.000    999.000
    C5                 0.000      0.000    999.000    999.000
    C8                 0.000      0.000    999.000    999.000
    C10                0.000      0.000    999.000    999.000
    C11                0.000      0.000    999.000    999.000
    IP                23.426      0.383     61.109      0.000
    SP                -0.493      0.045    -10.913      0.000
    IC                89.695      0.563    159.376      0.000
    SC                -1.220      0.127     -9.629      0.000

 Residual Variances
    P1                 9.822      0.753     13.048      0.000
    P2                 9.822      0.753     13.048      0.000
    P4                 9.822      0.753     13.048      0.000
    P6                 9.822      0.753     13.048      0.000
    P8                 9.822      0.753     13.048      0.000
    P10                9.822      0.753     13.048      0.000
    C1                23.480      1.486     15.800      0.000
    C3                23.480      1.486     15.800      0.000
    C5                23.480      1.486     15.800      0.000
    C8                23.480      1.486     15.800      0.000
    C10               23.480      1.486     15.800      0.000
    C11               23.480      1.486     15.800      0.000
    IP                28.355      1.673     16.950      0.000
    SP                 0.110      0.030      3.605      0.000
    IC                43.008      4.585      9.381      0.000
    SC                 1.145      0.223      5.135      0.000


QUALITY OF NUMERICAL RESULTS

     Condition Number for the Information Matrix              0.571E-05
       (ratio of smallest to largest eigenvalue)


CONFIDENCE INTERVALS OF MODEL RESULTS

                  Lower .5%  Lower 2.5%    Lower 5%    Estimate    Upper 5%  Upper 2.5%   Upper .5%

 IP       ON
    BAGE            -0.423      -0.391      -0.375      -0.288      -0.202      -0.185      -0.153

 SP       ON
    BAGE            -0.035      -0.031      -0.029      -0.020      -0.010      -0.009      -0.005

 IC       ON
    BAGE            -0.408      -0.363      -0.341      -0.222      -0.103      -0.081      -0.036

 SC       ON
    BAGE            -0.114      -0.105      -0.101      -0.078      -0.055      -0.051      -0.043

 SP       WITH
    IP              -1.260      -1.134      -1.069      -0.731      -0.393      -0.329      -0.202

 IC       WITH
    IP              -6.753      -5.931      -5.510      -3.313      -1.115      -0.695       0.128
    SP              -0.427      -0.329      -0.279      -0.017       0.245       0.295       0.393

 SC       WITH
    IP              -1.174      -1.037      -0.966      -0.598      -0.231      -0.160      -0.023
    SP               0.074       0.097       0.109       0.170       0.231       0.243       0.266
    IC               0.957       1.245       1.392       2.160       2.929       3.076       3.363

 P1       WITH
    C1              -1.109      -0.934      -0.844      -0.376       0.092       0.181       0.356

 P2       WITH
    C3              -1.109      -0.934      -0.844      -0.376       0.092       0.181       0.356

 P4       WITH
    C5              -1.109      -0.934      -0.844      -0.376       0.092       0.181       0.356

 P6       WITH
    C8              -1.109      -0.934      -0.844      -0.376       0.092       0.181       0.356

 P8       WITH
    C10             -1.109      -0.934      -0.844      -0.376       0.092       0.181       0.356

 P10      WITH
    C11             -1.109      -0.934      -0.844      -0.376       0.092       0.181       0.356

 Intercepts
    P1               0.000       0.000       0.000       0.000       0.000       0.000       0.000
    P2               0.000       0.000       0.000       0.000       0.000       0.000       0.000
    P4               0.000       0.000       0.000       0.000       0.000       0.000       0.000
    P6               0.000       0.000       0.000       0.000       0.000       0.000       0.000
    P8               0.000       0.000       0.000       0.000       0.000       0.000       0.000
    P10              0.000       0.000       0.000       0.000       0.000       0.000       0.000
    C1               0.000       0.000       0.000       0.000       0.000       0.000       0.000
    C3               0.000       0.000       0.000       0.000       0.000       0.000       0.000
    C5               0.000       0.000       0.000       0.000       0.000       0.000       0.000
    C8               0.000       0.000       0.000       0.000       0.000       0.000       0.000
    C10              0.000       0.000       0.000       0.000       0.000       0.000       0.000
    C11              0.000       0.000       0.000       0.000       0.000       0.000       0.000
    IP              22.438      22.674      22.795      23.426      24.056      24.177      24.413
    SP              -0.610      -0.582      -0.568      -0.493      -0.419      -0.405      -0.377
    IC              88.245      88.592      88.769      89.695      90.621      90.798      91.144
    SC              -1.547      -1.469      -1.429      -1.220      -1.012      -0.972      -0.894

 Residual Variances
    P1               7.883       8.346       8.583       9.822      11.060      11.297      11.761
    P2               7.883       8.346       8.583       9.822      11.060      11.297      11.761
    P4               7.883       8.346       8.583       9.822      11.060      11.297      11.761
    P6               7.883       8.346       8.583       9.822      11.060      11.297      11.761
    P8               7.883       8.346       8.583       9.822      11.060      11.297      11.761
    P10              7.883       8.346       8.583       9.822      11.060      11.297      11.761
    C1              19.652      20.568      21.036      23.480      25.925      26.393      27.308
    C3              19.652      20.568      21.036      23.480      25.925      26.393      27.308
    C5              19.652      20.568      21.036      23.480      25.925      26.393      27.308
    C8              19.652      20.568      21.036      23.480      25.925      26.393      27.308
    C10             19.652      20.568      21.036      23.480      25.925      26.393      27.308
    C11             19.652      20.568      21.036      23.480      25.925      26.393      27.308
    IP              24.046      25.076      25.603      28.355      31.107      31.634      32.664
    SP               0.031       0.050       0.060       0.110       0.160       0.169       0.188
    IC              31.199      34.022      35.466      43.008      50.550      51.994      54.817
    SC               0.571       0.708       0.778       1.145       1.512       1.583       1.720


     Beginning Time:  14:16:40
        Ending Time:  14:16:51
       Elapsed Time:  00:00:11



MUTHEN & MUTHEN
3463 Stoner Ave.
Los Angeles, CA  90066

Tel: (310) 391-9971
Fax: (310) 391-8971
Web: www.StatModel.com
Support: Support@StatModel.com

Copyright (c) 1998-2014 Muthen & Muthen
