Mplus VERSION 7.2 (Mac)
MUTHEN & MUTHEN
02/24/2015   1:59 PM
INPUT INSTRUCTIONS
  TITLE: M5 Hand Strength, Modified Mini-Mental Status, Age Conditional, Female
    DATA:  File = "/Users/qingqingzhang/Dropbox/IALSA/Data/HABC-9999.dta.dat";
  VARIABLE:
    Names are
       habcid vstatus ds2dth race gender site CV1AGE Y1pchd1 Y1pchd2 Y1pchd3
       Y1pchf Y1pcbvd Y1pcvd Y1ppad Y1pdiab1 Y1phbp1 Y1WTK Y1bmi Y1sysbp
       Y1diabp cesd1 Y1educ wd20m1 wd2min1 wd400m1 Y1hakcal Y1hacat Y1SMK1
       Y1DRINKER1 Y1CURDRNK1 wd400m2 wd20m2 wd20m3 wd20m4 cesd4 wd400m4 wd20m6
       cesd6 wd400m6 wd2min6 wd20m8 cesd8 wd400m8 wd2min8 wd20m10 cesd10
       wd400m10 wd2min10 cesd11 wd20m5 wd2min2 wd2min4 smokecurrent smokeformer
       educpost educhigh mmmscore1 dss1 faminc tsmarsta self1 lpschool self2
       clox3 mmmscore3 self3 self4 clox5 mmmscore5 dss5 self5 self6 clox8
       dss8 mmmscore8 self8 clox10 dss10 mmmscore10 self10 mmmscore11 dss11
       self11 hand1 hand2 hand4 hand6 hand8 hand10 limit1 limit2 limit3 limit4
       limit5 limit6 limit8 limit9 limit10 limit11 t1 t2 t3 t4 t5 t6 t8 t10
       t11;
         MISSING are all (-9999);
         USEVAR are  smokecurrent smokeformer Y1pcvd Y1pdiab1
                     time1 time2 time3 time4 time5 time6 time8 time10 time11
                     Bage Educ Height
                     p1 p2    p4    p6 p8 p10
                     c1    c3    c5    c8 c10 c11;
         TSCORES =   time1 time2 time3 time4 time5 time6 time8 time10 time11;
         USEOBSERVATIONS are gender EQ 0; ! female=0
    Define: p1= hand1;  p2= hand2; p4= hand4;
            p6= hand6;  p8= hand8; p10= hand10;
            c1= mmmscore1; c3= mmmscore3; c5= mmmscore5; c8=mmmscore8;
            c10= mmmscore10; c11=mmmscore11;
            time1=t1; time2=t2; time3=t3; time4=t4; time5=t5; time6=t6; time8=t8;
            time10=t10; time11=t11;
            Bage=CV1AGE-70;   !Centered at Age 70
            !Bagesq=(compage1-70)**2;
            !Dage=YTDead;
            !Sex=female;         !0=Male
            Educ= lpschool-7;     ! Centered at 7 years
            !SEP=SESgrp;
            !Marstat;
            Height= sqrt(Y1WTK/Y1bmi)-1.60;
            !Weight
            !BMI
            !SmokHist=Smoke;
            !Alcohol;
            !CompExp;
            !PhysAct;
            !BP;
            !DepSymp;
            !Cardio;
            !Diab;
            !MorbInd;
            !BageSex=Bage*Sex;
            !BageEduc=Bage*Educ;
            !SexEduc=Sex*Educ;
    ANALYSIS: TYPE = RANDOM;
  MODEL:  ip sp | p1-p10 AT time1 time2 time4 time6 time8 time10;
          ic sc | c1-c11 AT time1 time3 time5       time8 time10 time11;
          ip sp ic sc ON Bage Educ Height smokecurrent smokeformer Y1pcvd Y1pdiab1;
          p1-p10 (res_p);
          c1-c11 (res_c);
          p1  with c1  (res_cov);
          p8  with c8  (res_cov);
          p10 with c10 (res_cov);
  OUTPUT: sampstat Cinterval;
*** WARNING in VARIABLE command
  Note that only the first 8 characters of variable names are used in the output.
  Shorten variable names to avoid any confusion.
*** WARNING
  Data set contains cases with missing on x-variables.
  These cases were not included in the analysis.
  Number of cases with missing on x-variables:  46
   2 WARNING(S) FOUND IN THE INPUT INSTRUCTIONS
M5 Hand Strength, Modified Mini-Mental Status, Age Conditional, Female
SUMMARY OF ANALYSIS
Number of groups                                                 1
Number of observations                                        1538
Number of dependent variables                                   12
Number of independent variables                                  7
Number of continuous latent variables                            4
Observed dependent variables
  Continuous
   P1          P2          P4          P6          P8          P10
   C1          C3          C5          C8          C10         C11
Observed independent variables
   SMOKECUR    SMOKEFOR    Y1PCVD      Y1PDIAB1    BAGE        EDUC
   HEIGHT
Continuous latent variables
   IP          SP          IC          SC
Variables with special functions
  Time scores
   TIME1       TIME2       TIME3       TIME4       TIME5       TIME6
   TIME8       TIME10      TIME11
Estimator                                                      MLR
Information matrix                                        OBSERVED
Maximum number of iterations                                   100
Convergence criterion                                    0.100D-05
Maximum number of EM iterations                                500
Convergence criteria for the EM algorithm
  Loglikelihood change                                   0.100D-02
  Relative loglikelihood change                          0.100D-05
  Derivative                                             0.100D-03
Minimum variance                                         0.100D-03
Maximum number of steepest descent iterations                   20
Maximum number of iterations for H1                           2000
Convergence criterion for H1                             0.100D-03
Optimization algorithm                                         EMA
Input data file(s)
  /Users/qingqingzhang/Dropbox/IALSA/Data/HABC-9999.dta.dat
Input data format  FREE
SUMMARY OF DATA
     Number of missing data patterns           141
COVARIANCE COVERAGE OF DATA
Minimum covariance coverage value   0.100
     PROPORTION OF DATA PRESENT
           Covariance Coverage
              P1            P2            P4            P6            P8
              ________      ________      ________      ________      ________
 P1             0.981
 P2             0.822         0.833
 P4             0.767         0.713         0.780
 P6             0.689         0.636         0.661         0.702
 P8             0.588         0.544         0.561         0.549         0.598
 P10            0.538         0.502         0.512         0.497         0.498
 C1             0.980         0.831         0.777         0.700         0.596
 C3             0.812         0.750         0.746         0.664         0.559
 C5             0.843         0.755         0.752         0.691         0.590
 C8             0.586         0.541         0.560         0.548         0.594
 C10            0.539         0.503         0.512         0.497         0.497
 C11            0.451         0.424         0.430         0.421         0.424
 SMOKECUR       0.981         0.833         0.780         0.702         0.598
 SMOKEFOR       0.981         0.833         0.780         0.702         0.598
 Y1PCVD         0.981         0.833         0.780         0.702         0.598
 Y1PDIAB1       0.981         0.833         0.780         0.702         0.598
 BAGE           0.981         0.833         0.780         0.702         0.598
 EDUC           0.981         0.833         0.780         0.702         0.598
 HEIGHT         0.981         0.833         0.780         0.702         0.598
           Covariance Coverage
              P10           C1            C3            C5            C8
              ________      ________      ________      ________      ________
 P10            0.547
 C1             0.546         0.997
 C3             0.510         0.825         0.826
 C5             0.536         0.856         0.774         0.859
 C8             0.500         0.595         0.558         0.590         0.597
 C10            0.545         0.546         0.510         0.536         0.499
 C11            0.435         0.458         0.432         0.452         0.425
 SMOKECUR       0.547         0.997         0.826         0.859         0.597
 SMOKEFOR       0.547         0.997         0.826         0.859         0.597
 Y1PCVD         0.547         0.997         0.826         0.859         0.597
 Y1PDIAB1       0.547         0.997         0.826         0.859         0.597
 BAGE           0.547         0.997         0.826         0.859         0.597
 EDUC           0.547         0.997         0.826         0.859         0.597
 HEIGHT         0.547         0.997         0.826         0.859         0.597
           Covariance Coverage
              C10           C11           SMOKECUR      SMOKEFOR      Y1PCVD
              ________      ________      ________      ________      ________
 C10            0.547
 C11            0.436         0.458
 SMOKECUR       0.547         0.458         1.000
 SMOKEFOR       0.547         0.458         1.000         1.000
 Y1PCVD         0.547         0.458         1.000         1.000         1.000
 Y1PDIAB1       0.547         0.458         1.000         1.000         1.000
 BAGE           0.547         0.458         1.000         1.000         1.000
 EDUC           0.547         0.458         1.000         1.000         1.000
 HEIGHT         0.547         0.458         1.000         1.000         1.000
           Covariance Coverage
              Y1PDIAB1      BAGE          EDUC          HEIGHT
              ________      ________      ________      ________
 Y1PDIAB1       1.000
 BAGE           1.000         1.000
 EDUC           1.000         1.000         1.000
 HEIGHT         1.000         1.000         1.000         1.000
SAMPLE STATISTICS
     ESTIMATED SAMPLE STATISTICS
           Means
              P1            P2            P4            P6            P8
              ________      ________      ________      ________      ________
 1             25.014        24.112        24.221        23.132        22.397
           Means
              P10           C1            C3            C5            C8
              ________      ________      ________      ________      ________
 1             21.511        90.687        89.645        86.778        86.463
           Means
              C10           C11           SMOKECUR      SMOKEFOR      Y1PCVD
              ________      ________      ________      ________      ________
 1             85.384        86.033         0.098         0.328         0.174
           Means
              Y1PDIAB1      BAGE          EDUC          HEIGHT
              ________      ________      ________      ________
 1              0.137         3.508         5.837        -0.004
           Covariances
              P1            P2            P4            P6            P8
              ________      ________      ________      ________      ________
 P1            39.711
 P2            26.352        35.319
 P4            25.096        25.081        34.439
 P6            23.601        23.707        25.569        34.250
 P8            25.119        23.520        25.851        27.502        38.355
 P10           21.481        20.817        22.962        23.551        25.903
 C1            -3.185        -2.767        -1.267        -3.009        -1.786
 C3            -5.258        -3.667        -1.560        -0.770        -0.114
 C5            -3.406        -4.855        -1.495         3.973         2.592
 C8            -3.938        -4.803         0.156         2.621         4.691
 C10           -5.304        -7.282        -1.349         0.624         3.111
 C11           -3.869        -5.794         0.225         2.352         5.137
 SMOKECUR      -0.062        -0.021        -0.077        -0.033        -0.093
 SMOKEFOR       0.113         0.085         0.124         0.050         0.117
 Y1PCVD        -0.170        -0.165        -0.158        -0.209        -0.179
 Y1PDIAB1       0.120         0.106         0.000         0.050         0.071
 BAGE          -2.637        -2.594        -3.194        -3.167        -3.837
 EDUC          -2.936        -2.908        -2.476        -2.535        -2.515
 HEIGHT         0.126         0.120         0.112         0.111         0.121
           Covariances
              P10           C1            C3            C5            C8
              ________      ________      ________      ________      ________
 P10           29.372
 C1            -1.760        63.771
 C3             0.496        54.234        75.583
 C5             1.477        62.410        78.891       165.683
 C8             5.534        60.581        77.434       107.993       127.033
 C10            4.859        64.744        83.733       113.466       129.356
 C11            5.974        62.028        81.186       110.611       129.960
 SMOKECUR      -0.043        -0.269        -0.258        -0.386        -0.285
 SMOKEFOR       0.107         0.263         0.350         0.546         0.452
 Y1PCVD        -0.206        -0.284        -0.311        -0.478        -0.391
 Y1PDIAB1       0.009        -0.417        -0.492        -0.598        -0.633
 BAGE          -3.578        -2.280        -4.064        -5.418        -6.182
 EDUC          -2.605        12.252        13.972        15.565        15.512
 HEIGHT         0.099         0.019         0.018         0.040         0.033
           Covariances
              C10           C11           SMOKECUR      SMOKEFOR      Y1PCVD
              ________      ________      ________      ________      ________
 C10          159.568
 C11          152.140       167.440
 SMOKECUR      -0.396        -0.301         0.089
 SMOKEFOR       0.436         0.607        -0.032         0.221
 Y1PCVD        -0.386        -0.243         0.006         0.005         0.143
 Y1PDIAB1      -0.688        -0.570         0.000         0.000         0.016
 BAGE          -7.231        -6.912        -0.012        -0.028         0.045
 EDUC          16.981        16.057        -0.037         0.024        -0.106
 HEIGHT         0.028         0.021         0.000         0.001         0.000
           Covariances
              Y1PDIAB1      BAGE          EDUC          HEIGHT
              ________      ________      ________      ________
 Y1PDIAB1       0.118
 BAGE          -0.019         8.230
 EDUC          -0.151        -0.403         8.528
 HEIGHT         0.000        -0.020         0.004         0.004
           Correlations
              P1            P2            P4            P6            P8
              ________      ________      ________      ________      ________
 P1             1.000
 P2             0.704         1.000
 P4             0.679         0.719         1.000
 P6             0.640         0.682         0.744         1.000
 P8             0.644         0.639         0.711         0.759         1.000
 P10            0.629         0.646         0.722         0.743         0.772
 C1            -0.063        -0.058        -0.027        -0.064        -0.036
 C3            -0.096        -0.071        -0.031        -0.015        -0.002
 C5            -0.042        -0.063        -0.020         0.053         0.033
 C8            -0.055        -0.072         0.002         0.040         0.067
 C10           -0.067        -0.097        -0.018         0.008         0.040
 C11           -0.047        -0.075         0.003         0.031         0.064
 SMOKECUR      -0.033        -0.012        -0.044        -0.019        -0.051
 SMOKEFOR       0.038         0.030         0.045         0.018         0.040
 Y1PCVD        -0.071        -0.073        -0.071        -0.094        -0.076
 Y1PDIAB1       0.055         0.052         0.000         0.025         0.034
 BAGE          -0.146        -0.152        -0.190        -0.189        -0.216
 EDUC          -0.160        -0.168        -0.144        -0.148        -0.139
 HEIGHT         0.331         0.333         0.316         0.314         0.323
           Correlations
              P10           C1            C3            C5            C8
              ________      ________      ________      ________      ________
 P10            1.000
 C1            -0.041         1.000
 C3             0.011         0.781         1.000
 C5             0.021         0.607         0.705         1.000
 C8             0.091         0.673         0.790         0.744         1.000
 C10            0.071         0.642         0.762         0.698         0.909
 C11            0.085         0.600         0.722         0.664         0.891
 SMOKECUR      -0.027        -0.113        -0.100        -0.101        -0.085
 SMOKEFOR       0.042         0.070         0.086         0.090         0.085
 Y1PCVD        -0.100        -0.094        -0.095        -0.098        -0.092
 Y1PDIAB1       0.005        -0.152        -0.165        -0.135        -0.164
 BAGE          -0.230        -0.100        -0.163        -0.147        -0.191
 EDUC          -0.165         0.525         0.550         0.414         0.471
 HEIGHT         0.301         0.039         0.035         0.051         0.048
           Correlations
              C10           C11           SMOKECUR      SMOKEFOR      Y1PCVD
              ________      ________      ________      ________      ________
 C10            1.000
 C11            0.931         1.000
 SMOKECUR      -0.105        -0.078         1.000
 SMOKEFOR       0.073         0.100        -0.231         1.000
 Y1PCVD        -0.081        -0.050         0.056         0.027         1.000
 Y1PDIAB1      -0.159        -0.128        -0.004         0.000         0.123
 BAGE          -0.200        -0.186        -0.014        -0.021         0.041
 EDUC           0.460         0.425        -0.043         0.018        -0.095
 HEIGHT         0.037         0.026        -0.012         0.031        -0.018
           Correlations
              Y1PDIAB1      BAGE          EDUC          HEIGHT
              ________      ________      ________      ________
 Y1PDIAB1       1.000
 BAGE          -0.019         1.000
 EDUC          -0.150        -0.048         1.000
 HEIGHT        -0.003        -0.113         0.020         1.000
     MAXIMUM LOG-LIKELIHOOD VALUE FOR THE UNRESTRICTED (H1) MODEL IS -48662.987
THE MODEL ESTIMATION TERMINATED NORMALLY
MODEL FIT INFORMATION
Number of Free Parameters                       45
Loglikelihood
          H0 Value                      -41366.056
          H0 Scaling Correction Factor      1.7886
            for MLR
Information Criteria
          Akaike (AIC)                   82822.113
          Bayesian (BIC)                 83062.334
          Sample-Size Adjusted BIC       82919.380
            (n* = (n + 2) / 24)
MODEL RESULTS
                                                    Two-Tailed
                    Estimate       S.E.  Est./S.E.    P-Value
 IP         ON
    BAGE              -0.231      0.050     -4.607      0.000
    EDUC              -0.376      0.054     -6.962      0.000
    HEIGHT            33.113      2.291     14.451      0.000
    SMOKECURRE        -0.435      0.434     -1.003      0.316
    SMOKEFORME         0.294      0.302      0.974      0.330
    Y1PCVD            -1.301      0.396     -3.287      0.001
    Y1PDIAB1           0.650      0.453      1.434      0.152
 SP         ON
    BAGE              -0.019      0.006     -3.227      0.001
    EDUC               0.004      0.006      0.702      0.482
    HEIGHT            -0.672      0.274     -2.448      0.014
    SMOKECURRE        -0.018      0.057     -0.317      0.751
    SMOKEFORME         0.001      0.034      0.021      0.983
    Y1PCVD            -0.013      0.050     -0.251      0.802
    Y1PDIAB1          -0.093      0.066     -1.406      0.160
 IC         ON
    BAGE              -0.146      0.063     -2.318      0.020
    EDUC               1.353      0.084     16.168      0.000
    HEIGHT             2.728      2.878      0.948      0.343
    SMOKECURRE        -1.663      0.671     -2.480      0.013
    SMOKEFORME         0.791      0.350      2.262      0.024
    Y1PCVD            -0.733      0.488     -1.503      0.133
    Y1PDIAB1          -1.423      0.567     -2.512      0.012
 SC         ON
    BAGE              -0.079      0.014     -5.494      0.000
    EDUC               0.060      0.013      4.502      0.000
    HEIGHT            -0.027      0.572     -0.048      0.962
    SMOKECURRE        -0.211      0.182     -1.160      0.246
    SMOKEFORME         0.103      0.074      1.390      0.165
    Y1PCVD            -0.011      0.106     -0.104      0.917
    Y1PDIAB1          -0.253      0.118     -2.137      0.033
 SP       WITH
    IP                -0.640      0.200     -3.201      0.001
 IC       WITH
    IP                -0.607      0.992     -0.613      0.540
    SP                 0.067      0.132      0.504      0.614
 SC       WITH
    IP                -0.336      0.209     -1.607      0.108
    SP                 0.160      0.037      4.325      0.000
    IC                 1.095      0.447      2.452      0.014
 P1       WITH
    C1                 0.652      0.513      1.270      0.204
 P8       WITH
    C8                 0.652      0.513      1.270      0.204
 P10      WITH
    C10                0.652      0.513      1.270      0.204
 Intercepts
    P1                 0.000      0.000    999.000    999.000
    P2                 0.000      0.000    999.000    999.000
    P4                 0.000      0.000    999.000    999.000
    P6                 0.000      0.000    999.000    999.000
    P8                 0.000      0.000    999.000    999.000
    P10                0.000      0.000    999.000    999.000
    C1                 0.000      0.000    999.000    999.000
    C3                 0.000      0.000    999.000    999.000
    C5                 0.000      0.000    999.000    999.000
    C8                 0.000      0.000    999.000    999.000
    C10                0.000      0.000    999.000    999.000
    C11                0.000      0.000    999.000    999.000
    IP                28.523      0.458     62.320      0.000
    SP                -0.318      0.053     -6.018      0.000
    IC                84.128      0.676    124.430      0.000
    SC                -0.777      0.117     -6.664      0.000
 Residual Variances
    P1                 9.854      0.769     12.807      0.000
    P2                 9.854      0.769     12.807      0.000
    P4                 9.854      0.769     12.807      0.000
    P6                 9.854      0.769     12.807      0.000
    P8                 9.854      0.769     12.807      0.000
    P10                9.854      0.769     12.807      0.000
    C1                23.255      1.513     15.370      0.000
    C3                23.255      1.513     15.370      0.000
    C5                23.255      1.513     15.370      0.000
    C8                23.255      1.513     15.370      0.000
    C10               23.255      1.513     15.370      0.000
    C11               23.255      1.513     15.370      0.000
    IP                22.727      1.551     14.654      0.000
    SP                 0.108      0.030      3.559      0.000
    IC                23.306      2.838      8.213      0.000
    SC                 1.158      0.239      4.852      0.000
QUALITY OF NUMERICAL RESULTS
     Condition Number for the Information Matrix              0.194E-05
       (ratio of smallest to largest eigenvalue)
