Mplus VERSION 7.2 (Mac)
MUTHEN & MUTHEN
02/24/2015   1:50 PM
INPUT INSTRUCTIONS
  TITLE: M5 Walking Speed, DSST, Age Conditional, Female
    DATA:  File = "/Users/qingqingzhang/Dropbox/IALSA/Data/HABC-9999.dta.dat";
  VARIABLE:
    Names are
       habcid vstatus ds2dth race gender site CV1AGE Y1pchd1 Y1pchd2 Y1pchd3
       Y1pchf Y1pcbvd Y1pcvd Y1ppad Y1pdiab1 Y1phbp1 Y1WTK Y1bmi Y1sysbp
       Y1diabp cesd1 Y1educ wd20m1 wd2min1 wd400m1 Y1hakcal Y1hacat Y1SMK1
       Y1DRINKER1 Y1CURDRNK1 wd400m2 wd20m2 wd20m3 wd20m4 cesd4 wd400m4 wd20m6
       cesd6 wd400m6 wd2min6 wd20m8 cesd8 wd400m8 wd2min8 wd20m10 cesd10
       wd400m10 wd2min10 cesd11 wd20m5 wd2min2 wd2min4 smokecurrent smokeformer
       educpost educhigh mmmscore1 dss1 faminc tsmarsta self1 lpschool self2
       clox3 mmmscore3 self3 self4 clox5 mmmscore5 dss5 self5 self6 clox8
       dss8 mmmscore8 self8 clox10 dss10 mmmscore10 self10 mmmscore11 dss11
       self11 hand1 hand2 hand4 hand6 hand8 hand10 limit1 limit2 limit3 limit4
       limit5 limit6 limit8 limit9 limit10 limit11 t1 t2 t3 t4 t5 t6 t8 t10
       t11;
         MISSING are all (-9999);
         USEVAR are  time1 time2 time3 time4 time5 time6 time8 time10 time11
                     Bage Educ Height
                     p1 p2 p3 p4 p5 p6 p8 p10
                     c1       c5       c8 c10 c11;
         TSCORES =   time1 time2 time3 time4 time5 time6 time8 time10 time11;
         USEOBSERVATIONS are gender EQ 0; ! female=0
    Define: p1= wd20m1;  p2= wd20m3; p3= wd20m3; p4= wd20m4;
            p5= wd20m5; p6= wd20m6;  p8= wd20m8; p10= wd20m10;
            c1= dss1;  c5= dss5; c8=dss8;
            c10= dss10; c11=dss11;
            time1=t1; time2=t2; time3=t3; time4=t4; time5=t5; time6=t6;
            time8=t8; time10=t10; time11=t11;
            Bage=CV1AGE-70;   !Centered at Age 70
            !Bagesq=(compage1-70)**2;
            !Dage=YTDead;
            !Sex=female;         !0=Male
            Educ= lpschool-7;     ! Centered at 7 years
            !SEP=SESgrp;
            !Marstat;
            Height= sqrt(Y1WTK/Y1bmi)-1.60;
            !Weight
            !BMI
            !SmokHist=Smoke;
            !Alcohol;
            !CompExp;
            !PhysAct;
            !BP;
            !DepSymp;
            !Cardio;
            !Diab;
            !MorbInd;
            !BageSex=Bage*Sex;
            !BageEduc=Bage*Educ;
            !SexEduc=Sex*Educ;
    ANALYSIS: TYPE = RANDOM;
  MODEL:  ip sp | p1-p10 AT time1 time2 time3 time4 time5 time6 time8 time10;
          ic sc | c1-c11 AT time1                   time5       time8 time10 time11;
          ip sp ic sc ON Bage Educ Height;
          p1-p10 (res_p);
          c1-c11 (res_c);
          p1  with c1  (res_cov);
          p5  with c5  (res_cov);
          p8  with c8  (res_cov);
          p10 with c10 (res_cov);
  OUTPUT: sampstat Cinterval;
*** WARNING
  Data set contains cases with missing on x-variables.
  These cases were not included in the analysis.
  Number of cases with missing on x-variables:  6
*** WARNING
  Data set contains cases with missing on all variables except
  x-variables.  These cases were not included in the analysis.
  Number of cases with missing on all variables except x-variables:  3
   2 WARNING(S) FOUND IN THE INPUT INSTRUCTIONS
M5 Walking Speed, DSST, Age Conditional, Female
SUMMARY OF ANALYSIS
Number of groups                                                 1
Number of observations                                        1575
Number of dependent variables                                   13
Number of independent variables                                  3
Number of continuous latent variables                            4
Observed dependent variables
  Continuous
   P1          P2          P3          P4          P5          P6
   P8          P10         C1          C5          C8          C10
   C11
Observed independent variables
   BAGE        EDUC        HEIGHT
Continuous latent variables
   IP          SP          IC          SC
Variables with special functions
  Time scores
   TIME1       TIME2       TIME3       TIME4       TIME5       TIME6
   TIME8       TIME10      TIME11
Estimator                                                      MLR
Information matrix                                        OBSERVED
Maximum number of iterations                                   100
Convergence criterion                                    0.100D-05
Maximum number of EM iterations                                500
Convergence criteria for the EM algorithm
  Loglikelihood change                                   0.100D-02
  Relative loglikelihood change                          0.100D-05
  Derivative                                             0.100D-03
Minimum variance                                         0.100D-03
Maximum number of steepest descent iterations                   20
Maximum number of iterations for H1                           2000
Convergence criterion for H1                             0.100D-03
Optimization algorithm                                         EMA
Input data file(s)
  /Users/qingqingzhang/Dropbox/IALSA/Data/HABC-9999.dta.dat
Input data format  FREE
SUMMARY OF DATA
     Number of missing data patterns           202
COVARIANCE COVERAGE OF DATA
Minimum covariance coverage value   0.100
     PROPORTION OF DATA PRESENT
           Covariance Coverage
              P1            P2            P3            P4            P5
              ________      ________      ________      ________      ________
 P1             0.862
 P2             0.723         0.825
 P3             0.723         0.825         0.825
 P4             0.668         0.726         0.726         0.760
 P5             0.661         0.714         0.714         0.693         0.753
 P6             0.617         0.656         0.656         0.643         0.658
 P8             0.486         0.516         0.516         0.510         0.521
 P10            0.436         0.458         0.458         0.454         0.453
 C1             0.857         0.819         0.819         0.754         0.748
 C5             0.679         0.723         0.723         0.700         0.747
 C8             0.523         0.552         0.552         0.544         0.557
 C10            0.483         0.503         0.503         0.498         0.501
 C11            0.414         0.429         0.429         0.421         0.425
 BAGE           0.862         0.825         0.825         0.760         0.753
 EDUC           0.862         0.825         0.825         0.760         0.753
 HEIGHT         0.862         0.825         0.825         0.760         0.753
           Covariance Coverage
              P6            P8            P10           C1            C5
              ________      ________      ________      ________      ________
 P6             0.697
 P8             0.510         0.547
 P10            0.448         0.433         0.481
 C1             0.691         0.544         0.479         0.990
 C5             0.663         0.523         0.457         0.767         0.773
 C8             0.540         0.540         0.443         0.587         0.564
 C10            0.488         0.462         0.474         0.539         0.508
 C11            0.419         0.399         0.396         0.455         0.431
 BAGE           0.697         0.547         0.481         0.990         0.773
 EDUC           0.697         0.547         0.481         0.990         0.773
 HEIGHT         0.697         0.547         0.481         0.990         0.773
           Covariance Coverage
              C8            C10           C11           BAGE          EDUC
              ________      ________      ________      ________      ________
 C8             0.590
 C10            0.490         0.540
 C11            0.420         0.434         0.456
 BAGE           0.590         0.540         0.456         1.000
 EDUC           0.590         0.540         0.456         1.000         1.000
 HEIGHT         0.590         0.540         0.456         1.000         1.000
           Covariance Coverage
              HEIGHT
              ________
 HEIGHT         1.000
SAMPLE STATISTICS
     ESTIMATED SAMPLE STATISTICS
           Means
              P1            P2            P3            P4            P5
              ________      ________      ________      ________      ________
 1              1.257         1.093         1.093         1.080         1.033
           Means
              P6            P8            P10           C1            C5
              ________      ________      ________      ________      ________
 1              1.017         0.945         0.895        36.954        34.081
           Means
              C8            C10           C11           BAGE          EDUC
              ________      ________      ________      ________      ________
 1             32.048        30.732        28.817         3.498         5.819
           Means
              HEIGHT
              ________
 1             -0.005
           Covariances
              P1            P2            P3            P4            P5
              ________      ________      ________      ________      ________
 P1             0.057
 P2             0.035         0.048
 P3             0.035         0.048         0.048
 P4             0.034         0.038         0.038         0.046
 P5             0.036         0.038         0.038         0.040         0.050
 P6             0.034         0.036         0.036         0.038         0.042
 P8             0.035         0.038         0.038         0.040         0.043
 P10            0.036         0.039         0.039         0.041         0.044
 C1             1.438         1.190         1.190         1.199         1.206
 C5             1.408         1.256         1.256         1.309         1.405
 C8             1.520         1.401         1.401         1.464         1.534
 C10            1.565         1.374         1.374         1.506         1.557
 C11            1.600         1.477         1.477         1.580         1.635
 BAGE          -0.110        -0.127        -0.127        -0.134        -0.132
 EDUC           0.200         0.172         0.172         0.180         0.160
 HEIGHT         0.000         0.001         0.001         0.001         0.001
           Covariances
              P6            P8            P10           C1            C5
              ________      ________      ________      ________      ________
 P6             0.052
 P8             0.043         0.054
 P10            0.045         0.049         0.064
 C1             1.115         1.331         1.328       214.880
 C5             1.290         1.491         1.474       166.992       214.717
 C8             1.469         1.743         1.856       169.420       182.230
 C10            1.436         1.731         1.890       165.142       181.535
 C11            1.585         1.837         2.077       165.133       182.255
 BAGE          -0.125        -0.157        -0.180        -6.775        -7.170
 EDUC           0.149         0.176         0.184        22.263        21.506
 HEIGHT         0.001         0.001         0.001         0.005         0.007
           Covariances
              C8            C10           C11           BAGE          EDUC
              ________      ________      ________      ________      ________
 C8           222.987
 C10          204.483       237.233
 C11          207.035       216.673       255.769
 BAGE          -8.917        -9.442       -10.850         8.232
 EDUC          21.722        21.606        21.318        -0.386         8.444
 HEIGHT         0.035         0.015         0.053        -0.020         0.005
           Covariances
              HEIGHT
              ________
 HEIGHT         0.004
           Correlations
              P1            P2            P3            P4            P5
              ________      ________      ________      ________      ________
 P1             1.000
 P2             0.676         1.000
 P3             0.676         1.000         1.000
 P4             0.673         0.814         0.814         1.000
 P5             0.667         0.772         0.772         0.835         1.000
 P6             0.633         0.721         0.721         0.779         0.826
 P8             0.640         0.747         0.747         0.796         0.830
 P10            0.601         0.702         0.702         0.752         0.775
 C1             0.412         0.369         0.369         0.381         0.367
 C5             0.404         0.389         0.389         0.417         0.428
 C8             0.428         0.426         0.426         0.457         0.458
 C10            0.427         0.405         0.405         0.456         0.451
 C11            0.420         0.419         0.419         0.461         0.456
 BAGE          -0.160        -0.201        -0.201        -0.218        -0.205
 EDUC           0.289         0.268         0.268         0.289         0.246
 HEIGHT         0.031         0.044         0.044         0.071         0.055
           Correlations
              P6            P8            P10           C1            C5
              ________      ________      ________      ________      ________
 P6             1.000
 P8             0.815         1.000
 P10            0.780         0.838         1.000
 C1             0.334         0.392         0.358         1.000
 C5             0.386         0.439         0.398         0.777         1.000
 C8             0.432         0.504         0.492         0.774         0.833
 C10            0.409         0.486         0.485         0.731         0.804
 C11            0.435         0.496         0.514         0.704         0.778
 BAGE          -0.192        -0.237        -0.248        -0.161        -0.171
 EDUC           0.226         0.261         0.251         0.523         0.505
 HEIGHT         0.077         0.053         0.033         0.006         0.008
           Correlations
              C8            C10           C11           BAGE          EDUC
              ________      ________      ________      ________      ________
 C8             1.000
 C10            0.889         1.000
 C11            0.867         0.880         1.000
 BAGE          -0.208        -0.214        -0.236         1.000
 EDUC           0.501         0.483         0.459        -0.046         1.000
 HEIGHT         0.038         0.016         0.054        -0.115         0.027
           Correlations
              HEIGHT
              ________
 HEIGHT         1.000
     MAXIMUM LOG-LIKELIHOOD VALUE FOR THE UNRESTRICTED (H1) MODEL IS -14681.166
THE MODEL ESTIMATION TERMINATED NORMALLY
MODEL FIT INFORMATION
Number of Free Parameters                       29
Loglikelihood
          H0 Value                      -14341.574
          H0 Scaling Correction Factor      1.3168
            for MLR
Information Criteria
          Akaike (AIC)                   28741.149
          Bayesian (BIC)                 28896.647
          Sample-Size Adjusted BIC       28804.520
            (n* = (n + 2) / 24)
MODEL RESULTS
                                                    Two-Tailed
                    Estimate       S.E.  Est./S.E.    P-Value
 IP         ON
    BAGE              -0.011      0.002     -6.101      0.000
    EDUC               0.021      0.002     11.425      0.000
    HEIGHT             0.074      0.088      0.837      0.402
 SP         ON
    BAGE              -0.001      0.000     -3.473      0.001
    EDUC               0.000      0.000     -0.962      0.336
    HEIGHT             0.002      0.011      0.215      0.830
 IC         ON
    BAGE              -0.640      0.109     -5.870      0.000
    EDUC               2.603      0.100     25.996      0.000
    HEIGHT            -6.884      5.144     -1.338      0.181
 SC         ON
    BAGE              -0.042      0.012     -3.538      0.000
    EDUC              -0.012      0.011     -1.106      0.269
    HEIGHT             0.652      0.547      1.191      0.234
 SP       WITH
    IP                -0.001      0.000     -4.594      0.000
 IC       WITH
    IP                 0.652      0.072      9.041      0.000
    SP                 0.002      0.010      0.161      0.872
 SC       WITH
    IP                 0.009      0.007      1.327      0.185
    SP                 0.006      0.001      5.281      0.000
    IC                -2.142      0.595     -3.602      0.000
 P1       WITH
    C1                 0.055      0.014      3.843      0.000
 P5       WITH
    C5                 0.055      0.014      3.843      0.000
 P8       WITH
    C8                 0.055      0.014      3.843      0.000
 P10      WITH
    C10                0.055      0.014      3.843      0.000
 Intercepts
    P1                 0.000      0.000    999.000    999.000
    P2                 0.000      0.000    999.000    999.000
    P3                 0.000      0.000    999.000    999.000
    P4                 0.000      0.000    999.000    999.000
    P5                 0.000      0.000    999.000    999.000
    P6                 0.000      0.000    999.000    999.000
    P8                 0.000      0.000    999.000    999.000
    P10                0.000      0.000    999.000    999.000
    C1                 0.000      0.000    999.000    999.000
    C5                 0.000      0.000    999.000    999.000
    C8                 0.000      0.000    999.000    999.000
    C10                0.000      0.000    999.000    999.000
    C11                0.000      0.000    999.000    999.000
    IP                 1.143      0.014     83.049      0.000
    SP                -0.031      0.002    -16.124      0.000
    IC                24.621      0.788     31.261      0.000
    SC                -0.503      0.086     -5.877      0.000
 Residual Variances
    P1                 0.012      0.000     27.869      0.000
    P2                 0.012      0.000     27.869      0.000
    P3                 0.012      0.000     27.869      0.000
    P4                 0.012      0.000     27.869      0.000
    P5                 0.012      0.000     27.869      0.000
    P6                 0.012      0.000     27.869      0.000
    P8                 0.012      0.000     27.869      0.000
    P10                0.012      0.000     27.869      0.000
    C1                34.221      1.942     17.625      0.000
    C5                34.221      1.942     17.625      0.000
    C8                34.221      1.942     17.625      0.000
    C10               34.221      1.942     17.625      0.000
    C11               34.221      1.942     17.625      0.000
    IP                 0.035      0.002     20.239      0.000
    SP                 0.000      0.000      8.283      0.000
    IC               119.384      6.234     19.150      0.000
    SC                 0.696      0.090      7.722      0.000
QUALITY OF NUMERICAL RESULTS
     Condition Number for the Information Matrix              0.416E-08
       (ratio of smallest to largest eigenvalue)
