Mplus VERSION 7.11
MUTHEN & MUTHEN
02/27/2015  12:01 PM

INPUT INSTRUCTIONS

  TITLE: M5 Hand Strength, DSST, Age Conditional, Female

    DATA:  File = "C:\Users\wuche\Dropbox\IALSA\Data\HABC-9999.dta.dat";

  VARIABLE:
    Names are
       habcid vstatus ds2dth race gender site CV1AGE Y1pchd1 Y1pchd2 Y1pchd3
       Y1pchf Y1pcbvd Y1pcvd Y1ppad Y1pdiab1 Y1phbp1 Y1WTK Y1bmi Y1sysbp
       Y1diabp cesd1 Y1educ wd20m1 wd2min1 wd400m1 Y1hakcal Y1hacat Y1SMK1
       Y1DRINKER1 Y1CURDRNK1 wd400m2 wd20m2 wd20m3 wd20m4 cesd4 wd400m4 wd20m6
       cesd6 wd400m6 wd2min6 wd20m8 cesd8 wd400m8 wd2min8 wd20m10 cesd10
       wd400m10 wd2min10 cesd11 wd20m5 wd2min2 wd2min4 smokecurrent smokeformer
       educpost educhigh mmmscore1 dss1 faminc tsmarsta self1 lpschool self2
       clox3 mmmscore3 self3 self4 clox5 mmmscore5 dss5 self5 self6 clox8
       dss8 mmmscore8 self8 clox10 dss10 mmmscore10 self10 mmmscore11 dss11
       self11 hand1 hand2 hand4 hand6 hand8 hand10 limit1 limit2 limit3 limit4
       limit5 limit6 limit8 limit9 limit10 limit11 t1 t2 t3 t4 t5 t6 t8 t10
       t11;

         MISSING are all (-9999);
         USEVAR are  smokecurrent  Y1pcvd Y1pdiab1
                     time1 time2 time4 time5 time6 time8 time10 time11
                     Bage Educ Height
                     p1 p2    p4    p6 p8 p10
                     c1       c5    c8 c10 c11;
         TSCORES =   time1 time2 time4 time5 time6 time8 time10 time11;

         USEOBSERVATIONS are gender EQ 0; ! female=0

    Define: p1= hand1;  p2= hand2; p4= hand4;
            p6= hand6;  p8= hand8; p10= hand10;
            c1= dss1;  c5= dss5; c8=dss8;
            c10= dss10; c11=dss11;
            time1=t1; time2=t2; time3=t3; time4=t4; time5=t5; time6=t6; time8=t8;
            time10=t10; time11=t11;
            Bage=CV1AGE-70;   !Centered at Age 70
            !Bagesq=(compage1-70)**2;
            !Dage=YTDead;
            !Sex=female;         !0=Male
            Educ= lpschool-7;     ! Centered at 7 years
            !SEP=SESgrp;
            !Marstat;
            Height= sqrt(Y1WTK/Y1bmi)-1.60;
            !Weight
            !BMI
            !SmokHist=Smoke;
            !Alcohol;
            !CompExp;
            !PhysAct;
            !BP;
            !DepSymp;
            !Cardio;
            !Diab;
            !MorbInd;

            !BageSex=Bage*Sex;
            !BageEduc=Bage*Educ;
            !SexEduc=Sex*Educ;

    ANALYSIS: TYPE = RANDOM;

  MODEL:  ip sp | p1-p10 AT time1 time2 time4 time6 time8 time10;
          ic sc | c1-c11 AT time1             time5 time8 time10 time11;

          ip sp ic sc ON Bage Educ Height smokecurrent  Y1pcvd Y1pdiab1;

          p1-p10 (res_p);
          c1-c11 (res_c);

          p1  with c1  (res_cov);
          p8  with c8  (res_cov);
          p10 with c10 (res_cov);

  OUTPUT: sampstat Cinterval;





*** WARNING in VARIABLE command
  Note that only the first 8 characters of variable names are used in the output.
  Shorten variable names to avoid any confusion.
*** WARNING
  Data set contains cases with missing on x-variables.
  These cases were not included in the analysis.
  Number of cases with missing on x-variables:  46
   2 WARNING(S) FOUND IN THE INPUT INSTRUCTIONS



M5 Hand Strength, DSST, Age Conditional, Female

SUMMARY OF ANALYSIS

Number of groups                                                 1
Number of observations                                        1538

Number of dependent variables                                   11
Number of independent variables                                  6
Number of continuous latent variables                            4

Observed dependent variables

  Continuous
   P1          P2          P4          P6          P8          P10
   C1          C5          C8          C10         C11

Observed independent variables
   SMOKECUR    Y1PCVD      Y1PDIAB1    BAGE        EDUC        HEIGHT

Continuous latent variables
   IP          SP          IC          SC

Variables with special functions

  Time scores
   TIME1       TIME2       TIME4       TIME5       TIME6       TIME8
   TIME10      TIME11


Estimator                                                      MLR
Information matrix                                        OBSERVED
Maximum number of iterations                                   100
Convergence criterion                                    0.100D-05
Maximum number of EM iterations                                500
Convergence criteria for the EM algorithm
  Loglikelihood change                                   0.100D-02
  Relative loglikelihood change                          0.100D-05
  Derivative                                             0.100D-03
Minimum variance                                         0.100D-03
Maximum number of steepest descent iterations                   20
Maximum number of iterations for H1                           2000
Convergence criterion for H1                             0.100D-03
Optimization algorithm                                         EMA

Input data file(s)
  C:\Users\wuche\Dropbox\IALSA\Data\HABC-9999.dta.dat
Input data format  FREE


SUMMARY OF DATA

     Number of missing data patterns           138


COVARIANCE COVERAGE OF DATA

Minimum covariance coverage value   0.100


     PROPORTION OF DATA PRESENT


           Covariance Coverage
              P1            P2            P4            P6            P8
              ________      ________      ________      ________      ________
 P1             0.981
 P2             0.822         0.833
 P4             0.767         0.713         0.780
 P6             0.689         0.636         0.661         0.702
 P8             0.588         0.544         0.561         0.549         0.598
 P10            0.538         0.502         0.512         0.497         0.498
 C1             0.973         0.826         0.773         0.697         0.594
 C5             0.759         0.700         0.716         0.670         0.570
 C8             0.580         0.536         0.555         0.542         0.587
 C10            0.531         0.496         0.505         0.489         0.490
 C11            0.448         0.422         0.428         0.419         0.421
 SMOKECUR       0.981         0.833         0.780         0.702         0.598
 Y1PCVD         0.981         0.833         0.780         0.702         0.598
 Y1PDIAB1       0.981         0.833         0.780         0.702         0.598
 BAGE           0.981         0.833         0.780         0.702         0.598
 EDUC           0.981         0.833         0.780         0.702         0.598
 HEIGHT         0.981         0.833         0.780         0.702         0.598


           Covariance Coverage
              P10           C1            C5            C8            C10
              ________      ________      ________      ________      ________
 P10            0.547
 C1             0.544         0.989
 C5             0.514         0.767         0.773
 C8             0.495         0.587         0.564         0.590
 C10            0.536         0.538         0.507         0.490         0.539
 C11            0.433         0.454         0.430         0.421         0.434
 SMOKECUR       0.547         0.989         0.773         0.590         0.539
 Y1PCVD         0.547         0.989         0.773         0.590         0.539
 Y1PDIAB1       0.547         0.989         0.773         0.590         0.539
 BAGE           0.547         0.989         0.773         0.590         0.539
 EDUC           0.547         0.989         0.773         0.590         0.539
 HEIGHT         0.547         0.989         0.773         0.590         0.539


           Covariance Coverage
              C11           SMOKECUR      Y1PCVD        Y1PDIAB1      BAGE
              ________      ________      ________      ________      ________
 C11            0.456
 SMOKECUR       0.456         1.000
 Y1PCVD         0.456         1.000         1.000
 Y1PDIAB1       0.456         1.000         1.000         1.000
 BAGE           0.456         1.000         1.000         1.000         1.000
 EDUC           0.456         1.000         1.000         1.000         1.000
 HEIGHT         0.456         1.000         1.000         1.000         1.000


           Covariance Coverage
              EDUC          HEIGHT
              ________      ________
 EDUC           1.000
 HEIGHT         1.000         1.000


SAMPLE STATISTICS


     ESTIMATED SAMPLE STATISTICS


           Means
              P1            P2            P4            P6            P8
              ________      ________      ________      ________      ________
 1             25.012        24.105        24.225        23.244        22.470


           Means
              P10           C1            C5            C8            C10
              ________      ________      ________      ________      ________
 1             21.554        37.108        34.274        32.402        31.175


           Means
              C11           SMOKECUR      Y1PCVD        Y1PDIAB1      BAGE
              ________      ________      ________      ________      ________
 1             29.255         0.427         0.174         0.137         3.508


           Means
              EDUC          HEIGHT
              ________      ________
 1              5.837        -0.004


           Covariances
              P1            P2            P4            P6            P8
              ________      ________      ________      ________      ________
 P1            39.696
 P2            26.338        35.282
 P4            25.077        25.038        34.397
 P6            23.461        23.586        25.463        33.825
 P8            24.980        23.393        25.726        27.169        38.050
 P10           21.421        20.724        22.769        23.233        25.589
 C1            -9.041       -10.286        -6.473        -5.335        -5.013
 C5           -11.252        -9.512        -7.028        -4.012        -4.134
 C8           -11.525        -9.936        -4.384        -0.682         0.144
 C10           -8.305        -9.600        -3.101        -0.935         1.286
 C11           -6.058        -5.926        -1.066         2.730         3.980
 SMOKECUR       0.051         0.061         0.049         0.015         0.030
 Y1PCVD        -0.169        -0.165        -0.159        -0.211        -0.180
 Y1PDIAB1       0.119         0.106         0.002         0.053         0.070
 BAGE          -2.649        -2.584        -3.185        -3.114        -3.773
 EDUC          -2.924        -2.905        -2.486        -2.539        -2.522
 HEIGHT         0.126         0.120         0.112         0.110         0.121


           Covariances
              P10           C1            C5            C8            C10
              ________      ________      ________      ________      ________
 P10           29.005
 C1            -5.453       215.948
 C5            -1.698       167.531       215.655
 C8             1.769       170.069       182.533       223.397
 C10            3.242       165.612       181.348       204.202       235.005
 C11            6.362       164.705       181.081       205.692       213.519
 SMOKECUR       0.055         0.069         0.265         0.162         0.280
 Y1PCVD        -0.211        -0.646        -0.614        -0.596        -0.646
 Y1PDIAB1       0.007        -0.771        -0.891        -0.930        -1.011
 BAGE          -3.460        -6.971        -7.342        -8.985        -9.410
 EDUC          -2.592        22.562        21.683        22.043        21.910
 HEIGHT         0.098        -0.004        -0.002         0.024         0.009


           Covariances
              C11           SMOKECUR      Y1PCVD        Y1PDIAB1      BAGE
              ________      ________      ________      ________      ________
 C11          252.903
 SMOKECUR       0.069         0.245
 Y1PCVD        -0.921         0.011         0.143
 Y1PDIAB1      -0.897         0.000         0.016         0.118
 BAGE         -10.934        -0.039         0.045        -0.019         8.230
 EDUC          21.497        -0.013        -0.106        -0.151        -0.403
 HEIGHT         0.049         0.001         0.000         0.000        -0.020


           Covariances
              EDUC          HEIGHT
              ________      ________
 EDUC           8.528
 HEIGHT         0.004         0.004


           Correlations
              P1            P2            P4            P6            P8
              ________      ________      ________      ________      ________
 P1             1.000
 P2             0.704         1.000
 P4             0.679         0.719         1.000
 P6             0.640         0.683         0.746         1.000
 P8             0.643         0.638         0.711         0.757         1.000
 P10            0.631         0.648         0.721         0.742         0.770
 C1            -0.098        -0.118        -0.075        -0.062        -0.055
 C5            -0.122        -0.109        -0.082        -0.047        -0.046
 C8            -0.122        -0.112        -0.050        -0.008         0.002
 C10           -0.086        -0.105        -0.034        -0.010         0.014
 C11           -0.060        -0.063        -0.011         0.030         0.041
 SMOKECUR       0.016         0.021         0.017         0.005         0.010
 Y1PCVD        -0.071        -0.074        -0.072        -0.096        -0.077
 Y1PDIAB1       0.055         0.052         0.001         0.027         0.033
 BAGE          -0.147        -0.152        -0.189        -0.187        -0.213
 EDUC          -0.159        -0.167        -0.145        -0.149        -0.140
 HEIGHT         0.331         0.333         0.314         0.313         0.323


           Correlations
              P10           C1            C5            C8            C10
              ________      ________      ________      ________      ________
 P10            1.000
 C1            -0.069         1.000
 C5            -0.021         0.776         1.000
 C8             0.022         0.774         0.832         1.000
 C10            0.039         0.735         0.806         0.891         1.000
 C11            0.074         0.705         0.775         0.865         0.876
 SMOKECUR       0.021         0.010         0.036         0.022         0.037
 Y1PCVD        -0.103        -0.116        -0.110        -0.105        -0.111
 Y1PDIAB1       0.004        -0.153        -0.177        -0.181        -0.192
 BAGE          -0.224        -0.165        -0.174        -0.210        -0.214
 EDUC          -0.165         0.526         0.506         0.505         0.489
 HEIGHT         0.300        -0.005        -0.003         0.026         0.009


           Correlations
              C11           SMOKECUR      Y1PCVD        Y1PDIAB1      BAGE
              ________      ________      ________      ________      ________
 C11            1.000
 SMOKECUR       0.009         1.000
 Y1PCVD        -0.153         0.059         1.000
 Y1PDIAB1      -0.164        -0.002         0.123         1.000
 BAGE          -0.240        -0.028         0.041        -0.019         1.000
 EDUC           0.463        -0.009        -0.095        -0.150        -0.048
 HEIGHT         0.051         0.022        -0.018        -0.003        -0.113


           Correlations
              EDUC          HEIGHT
              ________      ________
 EDUC           1.000
 HEIGHT         0.020         1.000


     MAXIMUM LOG-LIKELIHOOD VALUE FOR THE UNRESTRICTED (H1) MODEL IS -45599.991


THE MODEL ESTIMATION TERMINATED NORMALLY



MODEL FIT INFORMATION

Number of Free Parameters                       41

Loglikelihood

          H0 Value                      -38001.942
          H0 Scaling Correction Factor      1.5927
            for MLR

Information Criteria

          Akaike (AIC)                   76085.885
          Bayesian (BIC)                 76304.753
          Sample-Size Adjusted BIC       76174.506
            (n* = (n + 2) / 24)



MODEL RESULTS

                                                    Two-Tailed
                    Estimate       S.E.  Est./S.E.    P-Value

 IP         ON
    BAGE              -0.234      0.050     -4.672      0.000
    EDUC              -0.371      0.054     -6.904      0.000
    HEIGHT            33.142      2.289     14.479      0.000
    SMOKECURRE         0.132      0.279      0.471      0.637
    Y1PCVD            -1.308      0.395     -3.315      0.001
    Y1PDIAB1           0.641      0.453      1.414      0.157

 SP         ON
    BAGE              -0.016      0.006     -2.841      0.004
    EDUC               0.003      0.006      0.510      0.610
    HEIGHT            -0.687      0.271     -2.538      0.011
    SMOKECURRE        -0.003      0.032     -0.094      0.925
    Y1PCVD            -0.016      0.050     -0.316      0.752
    Y1PDIAB1          -0.085      0.066     -1.284      0.199

 IC         ON
    BAGE              -0.660      0.110     -6.018      0.000
    EDUC               2.534      0.103     24.641      0.000
    HEIGHT            -9.472      5.136     -1.844      0.065
    SMOKECURRE         0.560      0.638      0.878      0.380
    Y1PCVD            -1.899      0.856     -2.220      0.026
    Y1PDIAB1          -3.107      0.894     -3.474      0.001

 SC         ON
    BAGE              -0.041      0.012     -3.362      0.001
    EDUC              -0.015      0.011     -1.314      0.189
    HEIGHT             0.749      0.546      1.372      0.170
    SMOKECURRE         0.035      0.069      0.506      0.613
    Y1PCVD            -0.048      0.098     -0.486      0.627
    Y1PDIAB1          -0.194      0.112     -1.730      0.084

 SP       WITH
    IP                -0.645      0.202     -3.187      0.001

 IC       WITH
    IP                -4.094      1.762     -2.324      0.020
    SP                 0.328      0.216      1.515      0.130

 SC       WITH
    IP                -0.201      0.203     -0.993      0.321
    SP                 0.092      0.026      3.558      0.000
    IC                -2.276      0.602     -3.779      0.000

 P1       WITH
    C1                 0.799      0.598      1.337      0.181

 P8       WITH
    C8                 0.799      0.598      1.337      0.181

 P10      WITH
    C10                0.799      0.598      1.337      0.181

 Intercepts
    P1                 0.000      0.000    999.000    999.000
    P2                 0.000      0.000    999.000    999.000
    P4                 0.000      0.000    999.000    999.000
    P6                 0.000      0.000    999.000    999.000
    P8                 0.000      0.000    999.000    999.000
    P10                0.000      0.000    999.000    999.000
    C1                 0.000      0.000    999.000    999.000
    C5                 0.000      0.000    999.000    999.000
    C8                 0.000      0.000    999.000    999.000
    C10                0.000      0.000    999.000    999.000
    C11                0.000      0.000    999.000    999.000
    IP                28.482      0.455     62.609      0.000
    SP                -0.301      0.052     -5.812      0.000
    IC                25.834      0.894     28.901      0.000
    SC                -0.456      0.094     -4.847      0.000

 Residual Variances
    P1                 9.856      0.767     12.842      0.000
    P2                 9.856      0.767     12.842      0.000
    P4                 9.856      0.767     12.842      0.000
    P6                 9.856      0.767     12.842      0.000
    P8                 9.856      0.767     12.842      0.000
    P10                9.856      0.767     12.842      0.000
    C1                34.360      1.971     17.437      0.000
    C5                34.360      1.971     17.437      0.000
    C8                34.360      1.971     17.437      0.000
    C10               34.360      1.971     17.437      0.000
    C11               34.360      1.971     17.437      0.000
    IP                22.804      1.561     14.604      0.000
    SP                 0.102      0.030      3.408      0.001
    IC               118.009      6.275     18.806      0.000
    SC                 0.675      0.091      7.448      0.000


QUALITY OF NUMERICAL RESULTS

     Condition Number for the Information Matrix              0.590E-05
       (ratio of smallest to largest eigenvalue)


CONFIDENCE INTERVALS OF MODEL RESULTS

                  Lower .5%  Lower 2.5%    Lower 5%    Estimate    Upper 5%  Upper 2.5%   Upper .5%

 IP       ON
    BAGE            -0.363      -0.332      -0.316      -0.234      -0.152      -0.136      -0.105
    EDUC            -0.510      -0.477      -0.460      -0.371      -0.283      -0.266      -0.233
    HEIGHT          27.246      28.656      29.377      33.142      36.908      37.629      39.038
    SMOKECURRE      -0.588      -0.416      -0.328       0.132       0.591       0.679       0.851
    Y1PCVD          -2.325      -2.082      -1.957      -1.308      -0.659      -0.535      -0.292
    Y1PDIAB1        -0.527      -0.247      -0.105       0.641       1.387       1.530       1.809

 SP       ON
    BAGE            -0.031      -0.028      -0.026      -0.016      -0.007      -0.005      -0.002
    EDUC            -0.013      -0.009      -0.007       0.003       0.013       0.015       0.019
    HEIGHT          -1.385      -1.218      -1.133      -0.687      -0.242      -0.157       0.010
    SMOKECURRE      -0.085      -0.065      -0.055      -0.003       0.049       0.059       0.079
    Y1PCVD          -0.145      -0.114      -0.098      -0.016       0.066       0.082       0.113
    Y1PDIAB1        -0.255      -0.215      -0.194      -0.085       0.024       0.045       0.085

 IC       ON
    BAGE            -0.943      -0.875      -0.841      -0.660      -0.480      -0.445      -0.378
    EDUC             2.269       2.332       2.364       2.534       2.703       2.735       2.798
    HEIGHT         -22.700     -19.538     -17.920      -9.472      -1.023       0.595       3.757
    SMOKECURRE      -1.084      -0.691      -0.490       0.560       1.610       1.811       2.204
    Y1PCVD          -4.103      -3.576      -3.307      -1.899      -0.492      -0.223       0.304
    Y1PDIAB1        -5.411      -4.860      -4.578      -3.107      -1.636      -1.354      -0.803

 SC       ON
    BAGE            -0.072      -0.065      -0.061      -0.041      -0.021      -0.017      -0.010
    EDUC            -0.044      -0.037      -0.033      -0.015       0.004       0.007       0.014
    HEIGHT          -0.657      -0.321      -0.149       0.749       1.646       1.818       2.154
    SMOKECURRE      -0.143      -0.100      -0.078       0.035       0.148       0.170       0.212
    Y1PCVD          -0.299      -0.239      -0.208      -0.048       0.113       0.144       0.204
    Y1PDIAB1        -0.482      -0.413      -0.378      -0.194      -0.009       0.026       0.095

 SP       WITH
    IP              -1.166      -1.041      -0.978      -0.645      -0.312      -0.248      -0.124

 IC       WITH
    IP              -8.632      -7.547      -6.992      -4.094      -1.196      -0.641       0.444
    SP              -0.230      -0.096      -0.028       0.328       0.684       0.752       0.886

 SC       WITH
    IP              -0.723      -0.598      -0.534      -0.201       0.132       0.196       0.321
    SP               0.025       0.041       0.049       0.092       0.135       0.143       0.159
    IC              -3.828      -3.457      -3.267      -2.276      -1.285      -1.096      -0.725

 P1       WITH
    C1              -0.741      -0.373      -0.184       0.799       1.782       1.971       2.339

 P8       WITH
    C8              -0.741      -0.373      -0.184       0.799       1.782       1.971       2.339

 P10      WITH
    C10             -0.741      -0.373      -0.184       0.799       1.782       1.971       2.339

 Intercepts
    P1               0.000       0.000       0.000       0.000       0.000       0.000       0.000
    P2               0.000       0.000       0.000       0.000       0.000       0.000       0.000
    P4               0.000       0.000       0.000       0.000       0.000       0.000       0.000
    P6               0.000       0.000       0.000       0.000       0.000       0.000       0.000
    P8               0.000       0.000       0.000       0.000       0.000       0.000       0.000
    P10              0.000       0.000       0.000       0.000       0.000       0.000       0.000
    C1               0.000       0.000       0.000       0.000       0.000       0.000       0.000
    C5               0.000       0.000       0.000       0.000       0.000       0.000       0.000
    C8               0.000       0.000       0.000       0.000       0.000       0.000       0.000
    C10              0.000       0.000       0.000       0.000       0.000       0.000       0.000
    C11              0.000       0.000       0.000       0.000       0.000       0.000       0.000
    IP              27.310      27.590      27.733      28.482      29.230      29.373      29.653
    SP              -0.434      -0.403      -0.386      -0.301      -0.216      -0.200      -0.168
    IC              23.531      24.082      24.363      25.834      27.304      27.586      28.136
    SC              -0.699      -0.641      -0.611      -0.456      -0.301      -0.272      -0.214

 Residual Variances
    P1               7.879       8.351       8.593       9.856      11.118      11.360      11.833
    P2               7.879       8.351       8.593       9.856      11.118      11.360      11.833
    P4               7.879       8.351       8.593       9.856      11.118      11.360      11.833
    P6               7.879       8.351       8.593       9.856      11.118      11.360      11.833
    P8               7.879       8.351       8.593       9.856      11.118      11.360      11.833
    P10              7.879       8.351       8.593       9.856      11.118      11.360      11.833
    C1              29.284      30.498      31.118      34.360      37.601      38.222      39.436
    C5              29.284      30.498      31.118      34.360      37.601      38.222      39.436
    C8              29.284      30.498      31.118      34.360      37.601      38.222      39.436
    C10             29.284      30.498      31.118      34.360      37.601      38.222      39.436
    C11             29.284      30.498      31.118      34.360      37.601      38.222      39.436
    IP              18.782      19.743      20.235      22.804      25.373      25.865      26.826
    SP               0.025       0.043       0.053       0.102       0.151       0.160       0.179
    IC             101.846     105.710     107.687     118.009     128.331     130.308     134.172
    SC               0.442       0.498       0.526       0.675       0.824       0.853       0.909


DIAGRAM INFORMATION

  Use View Diagram under the Diagram menu in the Mplus Editor to view the diagram.
  If running Mplus from the Mplus Diagrammer, the diagram opens automatically.

  Diagram output
    c:\users\wuche\dropbox\ialsa\codemplusoutput\workshopcode\univariate_bivariate_analyses\aeh_aehp

     Beginning Time:  12:01:15
        Ending Time:  12:01:23
       Elapsed Time:  00:00:08



MUTHEN & MUTHEN
3463 Stoner Ave.
Los Angeles, CA  90066

Tel: (310) 391-9971
Fax: (310) 391-8971
Web: www.StatModel.com
Support: Support@StatModel.com

Copyright (c) 1998-2013 Muthen & Muthen
