Mplus VERSION 7.2 (Mac)
MUTHEN & MUTHEN
02/24/2015  10:33 AM
INPUT INSTRUCTIONS
  TITLE: M5 Hand Strength, Clock Test, Age Conditional, Male
    DATA:  File = "/Users/qingqingzhang/Dropbox/IALSA/Data/HABC-9999.dta.dat";
  VARIABLE:
    Names are
       habcid vstatus ds2dth race gender site CV1AGE Y1pchd1 Y1pchd2 Y1pchd3
       Y1pchf Y1pcbvd Y1pcvd Y1ppad Y1pdiab1 Y1phbp1 Y1WTK Y1bmi Y1sysbp
       Y1diabp cesd1 Y1educ wd20m1 wd2min1 wd400m1 Y1hakcal Y1hacat Y1SMK1
       Y1DRINKER1 Y1CURDRNK1 wd400m2 wd20m2 wd20m3 wd20m4 cesd4 wd400m4 wd20m6
       cesd6 wd400m6 wd2min6 wd20m8 cesd8 wd400m8 wd2min8 wd20m10 cesd10
       wd400m10 wd2min10 cesd11 wd20m5 wd2min2 wd2min4 smokecurrent smokeformer
       educpost educhigh mmmscore1 dss1 faminc tsmarsta self1 lpschool self2
       clox3 mmmscore3 self3 self4 clox5 mmmscore5 dss5 self5 self6 clox8
       dss8 mmmscore8 self8 clox10 dss10 mmmscore10 self10 mmmscore11 dss11
       self11 hand1 hand2 hand4 hand6 hand8 hand10 limit1 limit2 limit3 limit4
       limit5 limit6 limit8 limit9 limit10 limit11 t1 t2 t3 t4 t5 t6 t8 t10
       t11;
         MISSING are all (-9999);
         USEVAR are  time1 time2 time3 time4 time5 time6 time8 time10
                     Bage
                     p1 p2    p4    p6 p8 p10
                     c3       c5    c8 c10;
         TSCORES =   time1 time2 time3 time4 time5 time6 time8 time10;
         USEOBSERVATIONS are gender EQ 1; ! female=0
    Define: p1= hand1;  p2= hand2; p4= hand4;
            p6= hand6;  p8= hand8; p10= hand10;
            c3=clox3; c5=clox5; c8=clox8; c10=clox10;
            time1=t1; time2=t2; time3=t3; time4=t4; time5=t5; time6=t6;
            time8=t8; time10=t10;
            Bage=CV1AGE-70;   !Centered at Age 70
            !Bagesq=(compage1-70)**2;
            !Dage=YTDead;
            !Sex=female;         !0=Male
            !Educ=Educyrs-7;     ! Centered at 7 years
            !SEP=SESgrp;
            !Marstat;
            !Height
            !Weight
            !BMI
            !SmokHist=Smoke;
            !Alcohol;
            !CompExp;
            !PhysAct;
            !BP;
            !DepSymp;
            !Cardio;
            !Diab;
            !MorbInd;
            !BageSex=Bage*Sex;
            !BageEduc=Bage*Educ;
            !SexEduc=Sex*Educ;
    ANALYSIS: TYPE = RANDOM;
  MODEL:  ip sp | p1-p10 AT time1 time2 time4 time6 time8 time10;
          ic sc | c3-c10 AT time3 time5 time8 time10;
          ip sp ic sc ON Bage;
          p1-p10 (res_p);
          c3-c10 (res_c);
          p8  with c8  (res_cov);
          p10 with c10 (res_cov);
  OUTPUT: sampstat Cinterval;
INPUT READING TERMINATED NORMALLY
M5 Hand Strength, Clock Test, Age Conditional, Male
SUMMARY OF ANALYSIS
Number of groups                                                 1
Number of observations                                        1491
Number of dependent variables                                   10
Number of independent variables                                  1
Number of continuous latent variables                            4
Observed dependent variables
  Continuous
   P1          P2          P4          P6          P8          P10
   C3          C5          C8          C10
Observed independent variables
   BAGE
Continuous latent variables
   IP          SP          IC          SC
Variables with special functions
  Time scores
   TIME1       TIME2       TIME3       TIME4       TIME5       TIME6
   TIME8       TIME10
Estimator                                                      MLR
Information matrix                                        OBSERVED
Maximum number of iterations                                   100
Convergence criterion                                    0.100D-05
Maximum number of EM iterations                                500
Convergence criteria for the EM algorithm
  Loglikelihood change                                   0.100D-02
  Relative loglikelihood change                          0.100D-05
  Derivative                                             0.100D-03
Minimum variance                                         0.100D-03
Maximum number of steepest descent iterations                   20
Maximum number of iterations for H1                           2000
Convergence criterion for H1                             0.100D-03
Optimization algorithm                                         EMA
Input data file(s)
  /Users/qingqingzhang/Dropbox/IALSA/Data/HABC-9999.dta.dat
Input data format  FREE
SUMMARY OF DATA
     Number of missing data patterns           102
COVARIANCE COVERAGE OF DATA
Minimum covariance coverage value   0.100
     PROPORTION OF DATA PRESENT
           Covariance Coverage
              P1            P2            P4            P6            P8
              ________      ________      ________      ________      ________
 P1             0.987
 P2             0.860         0.869
 P4             0.765         0.725         0.773
 P6             0.657         0.628         0.640         0.665
 P8             0.557         0.531         0.538         0.535         0.563
 P10            0.483         0.464         0.466         0.463         0.457
 C3             0.804         0.768         0.734         0.634         0.533
 C5             0.727         0.687         0.700         0.641         0.543
 C8             0.549         0.522         0.530         0.529         0.552
 C10            0.480         0.461         0.463         0.461         0.453
 BAGE           0.987         0.869         0.773         0.665         0.563
           Covariance Coverage
              P10           C3            C5            C8            C10
              ________      ________      ________      ________      ________
 P10            0.489
 C3             0.463         0.814
 C5             0.469         0.699         0.735
 C8             0.454         0.526         0.537         0.555
 C10            0.483         0.462         0.468         0.453         0.486
 BAGE           0.489         0.814         0.735         0.555         0.486
           Covariance Coverage
              BAGE
              ________
 BAGE           1.000
SAMPLE STATISTICS
     ESTIMATED SAMPLE STATISTICS
           Means
              P1            P2            P4            P6            P8
              ________      ________      ________      ________      ________
 1             40.764        39.271        38.653        37.348        35.951
           Means
              P10           C3            C5            C8            C10
              ________      ________      ________      ________      ________
 1             33.763        10.336        10.353        10.006         9.735
           Means
              BAGE
              ________
 1              3.768
           Covariances
              P1            P2            P4            P6            P8
              ________      ________      ________      ________      ________
 P1            75.000
 P2            54.674        75.494
 P4            51.608        52.107        69.045
 P6            52.371        55.414        54.894        74.929
 P8            54.174        56.123        52.146        58.942        75.463
 P10           46.586        47.507        48.152        51.837        55.604
 C3            -0.659         0.705         0.507         1.856         1.536
 C5             0.397         1.323         1.464         2.192         2.290
 C8             1.024         2.064         1.844         2.856         3.843
 C10            0.886         1.436         2.417         3.392         3.010
 BAGE          -5.009        -5.991        -5.975        -5.711        -6.367
           Covariances
              P10           C3            C5            C8            C10
              ________      ________      ________      ________      ________
 P10           65.142
 C3             1.377         6.884
 C5             1.300         2.961         6.052
 C8             2.948         2.715         2.787         6.961
 C10            3.336         3.210         2.953         3.403         7.342
 BAGE          -5.944        -0.844        -0.721        -0.867        -1.045
           Covariances
              BAGE
              ________
 BAGE           8.248
           Correlations
              P1            P2            P4            P6            P8
              ________      ________      ________      ________      ________
 P1             1.000
 P2             0.727         1.000
 P4             0.717         0.722         1.000
 P6             0.699         0.737         0.763         1.000
 P8             0.720         0.744         0.722         0.784         1.000
 P10            0.666         0.677         0.718         0.742         0.793
 C3            -0.029         0.031         0.023         0.082         0.067
 C5             0.019         0.062         0.072         0.103         0.107
 C8             0.045         0.090         0.084         0.125         0.168
 C10            0.038         0.061         0.107         0.145         0.128
 BAGE          -0.201        -0.240        -0.250        -0.230        -0.255
           Correlations
              P10           C3            C5            C8            C10
              ________      ________      ________      ________      ________
 P10            1.000
 C3             0.065         1.000
 C5             0.065         0.459         1.000
 C8             0.138         0.392         0.429         1.000
 C10            0.153         0.452         0.443         0.476         1.000
 BAGE          -0.256        -0.112        -0.102        -0.114        -0.134
           Correlations
              BAGE
              ________
 BAGE           1.000
     MAXIMUM LOG-LIKELIHOOD VALUE FOR THE UNRESTRICTED (H1) MODEL IS -33007.646
THE MODEL ESTIMATION TERMINATED NORMALLY
MODEL FIT INFORMATION
Number of Free Parameters                       21
Loglikelihood
          H0 Value                      -29406.568
          H0 Scaling Correction Factor      1.3832
            for MLR
Information Criteria
          Akaike (AIC)                   58855.135
          Bayesian (BIC)                 58966.586
          Sample-Size Adjusted BIC       58899.875
            (n* = (n + 2) / 24)
MODEL RESULTS
                                                    Two-Tailed
                    Estimate       S.E.  Est./S.E.    P-Value
 IP         ON
    BAGE              -0.650      0.072     -8.990      0.000
 SP         ON
    BAGE              -0.011      0.007     -1.459      0.144
 IC         ON
    BAGE              -0.087      0.033     -2.631      0.009
 SC         ON
    BAGE              -0.003      0.005     -0.577      0.564
 SP       WITH
    IP                -0.809      0.216     -3.739      0.000
 IC       WITH
    IP                -1.084      0.790     -1.371      0.170
    SP                 0.175      0.081      2.165      0.030
 SC       WITH
    IP                 0.191      0.114      1.686      0.092
    SP                 0.002      0.011      0.183      0.855
    IC                -0.098      0.076     -1.279      0.201
 P8       WITH
    C8                 0.806      0.318      2.533      0.011
 P10      WITH
    C10                0.806      0.318      2.533      0.011
 Intercepts
    P1                 0.000      0.000    999.000    999.000
    P2                 0.000      0.000    999.000    999.000
    P4                 0.000      0.000    999.000    999.000
    P6                 0.000      0.000    999.000    999.000
    P8                 0.000      0.000    999.000    999.000
    P10                0.000      0.000    999.000    999.000
    C3                 0.000      0.000    999.000    999.000
    C5                 0.000      0.000    999.000    999.000
    C8                 0.000      0.000    999.000    999.000
    C10                0.000      0.000    999.000    999.000
    IP                43.705      0.360    121.554      0.000
    SP                -0.661      0.035    -18.920      0.000
    IC                10.977      0.146     75.059      0.000
    SC                -0.073      0.020     -3.678      0.000
 Residual Variances
    P1                18.703      0.972     19.232      0.000
    P2                18.703      0.972     19.232      0.000
    P4                18.703      0.972     19.232      0.000
    P6                18.703      0.972     19.232      0.000
    P8                18.703      0.972     19.232      0.000
    P10               18.703      0.972     19.232      0.000
    C3                 3.606      0.159     22.663      0.000
    C5                 3.606      0.159     22.663      0.000
    C8                 3.606      0.159     22.663      0.000
    C10                3.606      0.159     22.663      0.000
    IP                53.865      2.493     21.607      0.000
    SP                 0.126      0.036      3.492      0.000
    IC                 3.353      0.582      5.765      0.000
    SC                 0.021      0.012      1.784      0.074
QUALITY OF NUMERICAL RESULTS
     Condition Number for the Information Matrix              0.104E-04
       (ratio of smallest to largest eigenvalue)
