Mplus VERSION 7.11
MUTHEN & MUTHEN
02/27/2015  12:03 PM
INPUT INSTRUCTIONS
  TITLE: M5 Hand Strength, DSST, Age Conditional, Male
    DATA:  File = "C:\Users\wuche\Dropbox\IALSA\Data\HABC-9999.dta.dat";
  VARIABLE:
    Names are
       habcid vstatus ds2dth race gender site CV1AGE Y1pchd1 Y1pchd2 Y1pchd3
       Y1pchf Y1pcbvd Y1pcvd Y1ppad Y1pdiab1 Y1phbp1 Y1WTK Y1bmi Y1sysbp
       Y1diabp cesd1 Y1educ wd20m1 wd2min1 wd400m1 Y1hakcal Y1hacat Y1SMK1
       Y1DRINKER1 Y1CURDRNK1 wd400m2 wd20m2 wd20m3 wd20m4 cesd4 wd400m4 wd20m6
       cesd6 wd400m6 wd2min6 wd20m8 cesd8 wd400m8 wd2min8 wd20m10 cesd10
       wd400m10 wd2min10 cesd11 wd20m5 wd2min2 wd2min4 smokecurrent smokeformer
       educpost educhigh mmmscore1 dss1 faminc tsmarsta self1 lpschool self2
       clox3 mmmscore3 self3 self4 clox5 mmmscore5 dss5 self5 self6 clox8
       dss8 mmmscore8 self8 clox10 dss10 mmmscore10 self10 mmmscore11 dss11
       self11 hand1 hand2 hand4 hand6 hand8 hand10 limit1 limit2 limit3 limit4
       limit5 limit6 limit8 limit9 limit10 limit11 t1 t2 t3 t4 t5 t6 t8 t10
       t11;
         MISSING are all (-9999);
         USEVAR are  smokecurrent  Y1pcvd Y1pdiab1
                     time1 time2 time4 time5 time6 time8 time10 time11
                     Bage Educ Height
                     p1 p2    p4    p6 p8 p10
                     c1          c5    c8 c10 c11;
         TSCORES =   time1 time2 time4 time5 time6 time8 time10 time11;
         USEOBSERVATIONS are gender EQ 1; ! female=0
    Define: p1= hand1;  p2= hand2; p4= hand4;
            p6= hand6;  p8= hand8; p10= hand10;
            c1= dss1;  c5= dss5; c8=dss8;
            c10= dss10; c11=dss11;
            time1=t1; time2=t2; time3=t3; time4=t4; time5=t5; time6=t6; time8=t8;
            time10=t10; time11=t11;
            Bage=CV1AGE-70;   !Centered at Age 70
            !Bagesq=(compage1-70)**2;
            !Dage=YTDead;
            !Sex=female;         !0=Male
            Educ= lpschool-7;     ! Centered at 7 years
            !SEP=SESgrp;
            !Marstat;
            Height= sqrt(Y1WTK/Y1bmi)-1.72;
            !Weight
            !BMI
            !SmokHist=Smoke;
            !Alcohol;
            !CompExp;
            !PhysAct;
            !BP;
            !DepSymp;
            !Cardio;
            !Diab;
            !MorbInd;
            !BageSex=Bage*Sex;
            !BageEduc=Bage*Educ;
            !SexEduc=Sex*Educ;
  ANALYSIS: TYPE = RANDOM;
  MODEL:  ip sp | p1-p10 AT time1 time2 time4 time6 time8 time10;
          ic sc | c1-c11 AT time1             time5 time8 time10 time11;
          ip sp ic sc ON Bage Educ Height smokecurrent  Y1pcvd Y1pdiab1;
          p1-p10 (res_p);
          c1-c11 (res_c);
          p1  with c1  (res_cov);
          p8  with c8  (res_cov);
          p10 with c10 (res_cov);
  OUTPUT: sampstat Cinterval;
*** WARNING in VARIABLE command
  Note that only the first 8 characters of variable names are used in the output.
  Shorten variable names to avoid any confusion.
*** WARNING
  Data set contains cases with missing on x-variables.
  These cases were not included in the analysis.
  Number of cases with missing on x-variables:  27
*** WARNING
  Data set contains cases with missing on all variables except
  x-variables.  These cases were not included in the analysis.
  Number of cases with missing on all variables except x-variables:  1
   3 WARNING(S) FOUND IN THE INPUT INSTRUCTIONS
M5 Hand Strength, DSST, Age Conditional, Male
SUMMARY OF ANALYSIS
Number of groups                                                 1
Number of observations                                        1463
Number of dependent variables                                   11
Number of independent variables                                  6
Number of continuous latent variables                            4
Observed dependent variables
  Continuous
   P1          P2          P4          P6          P8          P10
   C1          C5          C8          C10         C11
Observed independent variables
   SMOKECUR    Y1PCVD      Y1PDIAB1    BAGE        EDUC        HEIGHT
Continuous latent variables
   IP          SP          IC          SC
Variables with special functions
  Time scores
   TIME1       TIME2       TIME4       TIME5       TIME6       TIME8
   TIME10      TIME11
Estimator                                                      MLR
Information matrix                                        OBSERVED
Maximum number of iterations                                   100
Convergence criterion                                    0.100D-05
Maximum number of EM iterations                                500
Convergence criteria for the EM algorithm
  Loglikelihood change                                   0.100D-02
  Relative loglikelihood change                          0.100D-05
  Derivative                                             0.100D-03
Minimum variance                                         0.100D-03
Maximum number of steepest descent iterations                   20
Maximum number of iterations for H1                           2000
Convergence criterion for H1                             0.100D-03
Optimization algorithm                                         EMA
Input data file(s)
  C:\Users\wuche\Dropbox\IALSA\Data\HABC-9999.dta.dat
Input data format  FREE
SUMMARY OF DATA
     Number of missing data patterns           122
COVARIANCE COVERAGE OF DATA
Minimum covariance coverage value   0.100
     PROPORTION OF DATA PRESENT
           Covariance Coverage
              P1            P2            P4            P6            P8
              ________      ________      ________      ________      ________
 P1             0.987
 P2             0.861         0.869
 P4             0.767         0.727         0.775
 P6             0.660         0.632         0.644         0.668
 P8             0.560         0.533         0.541         0.537         0.566
 P10            0.485         0.467         0.469         0.465         0.459
 C1             0.973         0.856         0.765         0.663         0.563
 C5             0.729         0.689         0.702         0.643         0.543
 C8             0.544         0.519         0.526         0.523         0.548
 C10            0.471         0.452         0.455         0.452         0.444
 C11            0.388         0.372         0.377         0.374         0.366
 SMOKECUR       0.987         0.869         0.775         0.668         0.566
 Y1PCVD         0.987         0.869         0.775         0.668         0.566
 Y1PDIAB1       0.987         0.869         0.775         0.668         0.566
 BAGE           0.987         0.869         0.775         0.668         0.566
 EDUC           0.987         0.869         0.775         0.668         0.566
 HEIGHT         0.987         0.869         0.775         0.668         0.566
           Covariance Coverage
              P10           C1            C5            C8            C10
              ________      ________      ________      ________      ________
 P10            0.491
 C1             0.489         0.984
 C5             0.470         0.733         0.737
 C8             0.452         0.548         0.531         0.550
 C10            0.474         0.476         0.459         0.446         0.477
 C11            0.375         0.390         0.376         0.366         0.373
 SMOKECUR       0.491         0.984         0.737         0.550         0.477
 Y1PCVD         0.491         0.984         0.737         0.550         0.477
 Y1PDIAB1       0.491         0.984         0.737         0.550         0.477
 BAGE           0.491         0.984         0.737         0.550         0.477
 EDUC           0.491         0.984         0.737         0.550         0.477
 HEIGHT         0.491         0.984         0.737         0.550         0.477
           Covariance Coverage
              C11           SMOKECUR      Y1PCVD        Y1PDIAB1      BAGE
              ________      ________      ________      ________      ________
 C11            0.391
 SMOKECUR       0.391         1.000
 Y1PCVD         0.391         1.000         1.000
 Y1PDIAB1       0.391         1.000         1.000         1.000
 BAGE           0.391         1.000         1.000         1.000         1.000
 EDUC           0.391         1.000         1.000         1.000         1.000
 HEIGHT         0.391         1.000         1.000         1.000         1.000
           Covariance Coverage
              EDUC          HEIGHT
              ________      ________
 EDUC           1.000
 HEIGHT         1.000         1.000
SAMPLE STATISTICS
     ESTIMATED SAMPLE STATISTICS
           Means
              P1            P2            P4            P6            P8
              ________      ________      ________      ________      ________
 1             40.742        39.283        38.642        37.310        35.863
           Means
              P10           C1            C5            C8            C10
              ________      ________      ________      ________      ________
 1             33.691        33.627        31.193        28.611        27.204
           Means
              C11           SMOKECUR      Y1PCVD        Y1PDIAB1      BAGE
              ________      ________      ________      ________      ________
 1             26.494         0.703         0.295         0.169         3.761
           Means
              EDUC          HEIGHT
              ________      ________
 1              6.103         0.013
           Covariances
              P1            P2            P4            P6            P8
              ________      ________      ________      ________      ________
 P1            74.952
 P2            54.379        75.210
 P4            51.532        51.903        69.085
 P6            52.166        55.011        54.651        74.710
 P8            54.604        56.191        52.600        59.191        76.221
 P10           46.671        47.505        48.397        51.853        56.398
 C1            -5.870        -6.727         0.482         5.245         5.276
 C5            -2.275        -2.079         5.093         8.585        11.599
 C8             6.072         0.801        12.125        15.446        21.905
 C10            7.219         3.282        13.499        16.162        22.077
 C11            5.169         1.960        12.561        14.410        21.325
 SMOKECUR       0.089         0.122         0.141         0.204         0.036
 Y1PCVD        -0.336        -0.270        -0.305        -0.277        -0.337
 Y1PDIAB1      -0.286        -0.217        -0.304        -0.259        -0.440
 BAGE          -5.002        -5.943        -5.943        -5.657        -6.439
 EDUC          -2.114        -2.199        -1.831        -0.961        -0.776
 HEIGHT         0.175         0.183         0.159         0.160         0.165
           Covariances
              P10           C1            C5            C8            C10
              ________      ________      ________      ________      ________
 P10           65.661
 C1             2.823       210.261
 C5            12.702       174.059       224.170
 C8            20.260       170.689       186.278       223.147
 C10           23.122       170.545       190.217       200.745       230.777
 C11           20.301       154.961       171.553       187.093       195.288
 SMOKECUR       0.229        -0.294        -0.445        -0.504        -0.379
 Y1PCVD        -0.241        -0.165        -0.213        -0.384        -0.299
 Y1PDIAB1      -0.323        -0.396        -0.601        -0.601        -0.681
 BAGE          -5.931        -4.862        -6.859        -7.959        -8.867
 EDUC          -1.524        29.544        29.346        27.703        27.501
 HEIGHT         0.140         0.038         0.078         0.077         0.086
           Covariances
              C11           SMOKECUR      Y1PCVD        Y1PDIAB1      BAGE
              ________      ________      ________      ________      ________
 C11          213.742
 SMOKECUR      -0.488         0.209
 Y1PCVD        -0.403         0.007         0.208
 Y1PDIAB1      -0.633         0.000         0.007         0.140
 BAGE          -9.019        -0.089         0.120         0.008         8.249
 EDUC          25.066        -0.088         0.015        -0.075        -0.006
 HEIGHT         0.078         0.001        -0.002         0.000        -0.019
           Covariances
              EDUC          HEIGHT
              ________      ________
 EDUC          12.013
 HEIGHT         0.006         0.004
           Correlations
              P1            P2            P4            P6            P8
              ________      ________      ________      ________      ________
 P1             1.000
 P2             0.724         1.000
 P4             0.716         0.720         1.000
 P6             0.697         0.734         0.761         1.000
 P8             0.722         0.742         0.725         0.784         1.000
 P10            0.665         0.676         0.719         0.740         0.797
 C1            -0.047        -0.053         0.004         0.042         0.042
 C5            -0.018        -0.016         0.041         0.066         0.089
 C8             0.047         0.006         0.098         0.120         0.168
 C10            0.055         0.025         0.107         0.123         0.166
 C11            0.041         0.015         0.103         0.114         0.167
 SMOKECUR       0.022         0.031         0.037         0.052         0.009
 Y1PCVD        -0.085        -0.068        -0.080        -0.070        -0.085
 Y1PDIAB1      -0.088        -0.067        -0.098        -0.080        -0.135
 BAGE          -0.201        -0.239        -0.249        -0.228        -0.257
 EDUC          -0.070        -0.073        -0.064        -0.032        -0.026
 HEIGHT         0.309         0.322         0.292         0.283         0.289
           Correlations
              P10           C1            C5            C8            C10
              ________      ________      ________      ________      ________
 P10            1.000
 C1             0.024         1.000
 C5             0.105         0.802         1.000
 C8             0.167         0.788         0.833         1.000
 C10            0.188         0.774         0.836         0.885         1.000
 C11            0.171         0.731         0.784         0.857         0.879
 SMOKECUR       0.062        -0.044        -0.065        -0.074        -0.055
 Y1PCVD        -0.065        -0.025        -0.031        -0.056        -0.043
 Y1PDIAB1      -0.106        -0.073        -0.107        -0.107        -0.120
 BAGE          -0.255        -0.117        -0.160        -0.186        -0.203
 EDUC          -0.054         0.588         0.566         0.535         0.522
 HEIGHT         0.265         0.040         0.079         0.079         0.086
           Correlations
              C11           SMOKECUR      Y1PCVD        Y1PDIAB1      BAGE
              ________      ________      ________      ________      ________
 C11            1.000
 SMOKECUR      -0.073         1.000
 Y1PCVD        -0.060         0.034         1.000
 Y1PDIAB1      -0.115        -0.002         0.040         1.000
 BAGE          -0.215        -0.068         0.092         0.008         1.000
 EDUC           0.495        -0.055         0.009        -0.058        -0.001
 HEIGHT         0.082         0.034        -0.072         0.014        -0.100
           Correlations
              EDUC          HEIGHT
              ________      ________
 EDUC           1.000
 HEIGHT         0.027         1.000
     MAXIMUM LOG-LIKELIHOOD VALUE FOR THE UNRESTRICTED (H1) MODEL IS -44546.365
THE MODEL ESTIMATION TERMINATED NORMALLY
MODEL FIT INFORMATION
Number of Free Parameters                       41
Loglikelihood
          H0 Value                      -36613.032
          H0 Scaling Correction Factor      1.3080
            for MLR
Information Criteria
          Akaike (AIC)                   73308.065
          Bayesian (BIC)                 73524.883
          Sample-Size Adjusted BIC       73394.638
            (n* = (n + 2) / 24)
MODEL RESULTS
                                                    Two-Tailed
                    Estimate       S.E.  Est./S.E.    P-Value
 IP         ON
    BAGE              -0.545      0.068     -7.967      0.000
    EDUC              -0.219      0.059     -3.730      0.000
    HEIGHT            40.032      3.171     12.623      0.000
    SMOKECURRE        -0.041      0.428     -0.095      0.924
    Y1PCVD            -0.721      0.434     -1.661      0.097
    Y1PDIAB1          -1.879      0.529     -3.555      0.000
 SP         ON
    BAGE              -0.012      0.007     -1.647      0.099
    EDUC               0.010      0.006      1.635      0.102
    HEIGHT            -0.852      0.351     -2.427      0.015
    SMOKECURRE         0.039      0.048      0.819      0.413
    Y1PCVD             0.017      0.049      0.357      0.721
    Y1PDIAB1          -0.079      0.055     -1.426      0.154
 IC         ON
    BAGE              -0.542      0.110     -4.907      0.000
    EDUC               2.503      0.091     27.531      0.000
    HEIGHT             3.330      4.950      0.673      0.501
    SMOKECURRE        -0.634      0.682     -0.931      0.352
    Y1PCVD            -0.416      0.678     -0.614      0.539
    Y1PDIAB1          -1.395      0.827     -1.688      0.091
 SC         ON
    BAGE              -0.050      0.012     -3.996      0.000
    EDUC              -0.030      0.010     -2.994      0.003
    HEIGHT             0.906      0.494      1.835      0.067
    SMOKECURRE        -0.121      0.073     -1.652      0.099
    Y1PCVD            -0.052      0.075     -0.689      0.491
    Y1PDIAB1          -0.217      0.104     -2.080      0.038
 SP       WITH
    IP                -0.613      0.214     -2.862      0.004
 IC       WITH
    IP                -7.060      2.471     -2.857      0.004
    SP                 1.074      0.278      3.861      0.000
 SC       WITH
    IP                 0.535      0.255      2.093      0.036
    SP                 0.072      0.028      2.590      0.010
    IC                -1.296      0.602     -2.152      0.031
 P1       WITH
    C1                 1.102      0.737      1.497      0.135
 P8       WITH
    C8                 1.102      0.737      1.497      0.135
 P10      WITH
    C10                1.102      0.737      1.497      0.135
 Intercepts
    P1                 0.000      0.000    999.000    999.000
    P2                 0.000      0.000    999.000    999.000
    P4                 0.000      0.000    999.000    999.000
    P6                 0.000      0.000    999.000    999.000
    P8                 0.000      0.000    999.000    999.000
    P10                0.000      0.000    999.000    999.000
    C1                 0.000      0.000    999.000    999.000
    C5                 0.000      0.000    999.000    999.000
    C8                 0.000      0.000    999.000    999.000
    C10                0.000      0.000    999.000    999.000
    C11                0.000      0.000    999.000    999.000
    IP                44.701      0.602     74.285      0.000
    SP                -0.735      0.065    -11.309      0.000
    IC                21.996      0.994     22.117      0.000
    SC                -0.230      0.105     -2.194      0.028
 Residual Variances
    P1                18.789      0.992     18.948      0.000
    P2                18.789      0.992     18.948      0.000
    P4                18.789      0.992     18.948      0.000
    P6                18.789      0.992     18.948      0.000
    P8                18.789      0.992     18.948      0.000
    P10               18.789      0.992     18.948      0.000
    C1                33.030      2.467     13.386      0.000
    C5                33.030      2.467     13.386      0.000
    C8                33.030      2.467     13.386      0.000
    C10               33.030      2.467     13.386      0.000
    C11               33.030      2.467     13.386      0.000
    IP                45.596      2.206     20.670      0.000
    SP                 0.119      0.036      3.317      0.001
    IC               104.986      6.393     16.422      0.000
    SC                 0.447      0.082      5.435      0.000
QUALITY OF NUMERICAL RESULTS
     Condition Number for the Information Matrix              0.608E-06
       (ratio of smallest to largest eigenvalue)
