Mplus VERSION 7.2 (Mac)
MUTHEN & MUTHEN
02/23/2015   3:29 PM

INPUT INSTRUCTIONS

  TITLE: M5 Walking Speed, DSST, Age Conditional, Male

    DATA:  File = "/Users/qingqingzhang/Dropbox/IALSA/Data/HABC-9999.dta.dat";

  VARIABLE:
    Names are
       habcid vstatus ds2dth race gender site CV1AGE Y1pchd1 Y1pchd2 Y1pchd3
       Y1pchf Y1pcbvd Y1pcvd Y1ppad Y1pdiab1 Y1phbp1 Y1WTK Y1bmi Y1sysbp
       Y1diabp cesd1 Y1educ wd20m1 wd2min1 wd400m1 Y1hakcal Y1hacat Y1SMK1
       Y1DRINKER1 Y1CURDRNK1 wd400m2 wd20m2 wd20m3 wd20m4 cesd4 wd400m4 wd20m6
       cesd6 wd400m6 wd2min6 wd20m8 cesd8 wd400m8 wd2min8 wd20m10 cesd10
       wd400m10 wd2min10 cesd11 wd20m5 wd2min2 wd2min4 smokecurrent smokeformer
       educpost educhigh mmmscore1 dss1 faminc tsmarsta self1 lpschool self2
       clox3 mmmscore3 self3 self4 clox5 mmmscore5 dss5 self5 self6 clox8
       dss8 mmmscore8 self8 clox10 dss10 mmmscore10 self10 mmmscore11 dss11
       self11 hand1 hand2 hand4 hand6 hand8 hand10 limit1 limit2 limit3 limit4
       limit5 limit6 limit8 limit9 limit10 limit11 t1 t2 t3 t4 t5 t6 t8 t10
       t11;

         MISSING are all (-9999);
         USEVAR are  t1 t2 t3 t4 t5 t6 t8 t10 t11
                     Bage
                     p1 p2 p3 p4 p5 p6 p8 p10
                     c1       c5       c8 c10 c11;
         TSCORES =   t1 t2 t3 t4 t5 t6 t8 t10 t11;

         USEOBSERVATIONS are gender EQ 1; ! female=0

    Define: p1= wd20m1;  p2= wd20m3; p3= wd20m3; p4= wd20m4;
            p5= wd20m5; p6= wd20m6;  p8= wd20m8; p10= wd20m10;
            c1= dss1;  c5= dss5; c8=dss8;
            c10= dss10; c11=dss11;

            Bage=CV1AGE-80;   !Centered at Age 80
            !Bagesq=(compage1-80)**2;
            !Dage=YTDead;
            !Sex=female;         !0=Male
            !Educ=Educyrs-7;     ! Centered at 7 years
            !SEP=SESgrp;
            !Marstat;
            !Height
            !Weight
            !BMI
            !SmokHist=Smoke;
            !Alcohol;
            !CompExp;
            !PhysAct;
            !BP;
            !DepSymp;
            !Cardio;
            !Diab;
            !MorbInd;

            !BageSex=Bage*Sex;
            !BageEduc=Bage*Educ;
            !SexEduc=Sex*Educ;

    ANALYSIS: TYPE = RANDOM;

  MODEL:  ip sp | p1-p10 AT t1 t2 t3 t4 t5 t6 t8 t10;
          ic sc | c1-c11 AT t1 t5 t8 t10 t11;

          ip sp ic sc ON Bage;

          p1-p10 (res_p);
          c1-c11 (res_c);



  OUTPUT: sampstat Cinterval;





*** WARNING
  Data set contains cases with missing on all variables except
  x-variables.  These cases were not included in the analysis.
  Number of cases with missing on all variables except x-variables:  4
   1 WARNING(S) FOUND IN THE INPUT INSTRUCTIONS



M5 Walking Speed, DSST, Age Conditional, Male

SUMMARY OF ANALYSIS

Number of groups                                                 1
Number of observations                                        1487

Number of dependent variables                                   13
Number of independent variables                                  1
Number of continuous latent variables                            4

Observed dependent variables

  Continuous
   P1          P2          P3          P4          P5          P6
   P8          P10         C1          C5          C8          C10
   C11

Observed independent variables
   BAGE

Continuous latent variables
   IP          SP          IC          SC

Variables with special functions

  Time scores
   T1          T2          T3          T4          T5          T6
   T8          T10         T11


Estimator                                                      MLR
Information matrix                                        OBSERVED
Maximum number of iterations                                   100
Convergence criterion                                    0.100D-05
Maximum number of EM iterations                                500
Convergence criteria for the EM algorithm
  Loglikelihood change                                   0.100D-02
  Relative loglikelihood change                          0.100D-05
  Derivative                                             0.100D-03
Minimum variance                                         0.100D-03
Maximum number of steepest descent iterations                   20
Maximum number of iterations for H1                           2000
Convergence criterion for H1                             0.100D-03
Optimization algorithm                                         EMA

Input data file(s)
  /Users/qingqingzhang/Dropbox/IALSA/Data/HABC-9999.dta.dat
Input data format  FREE


SUMMARY OF DATA

     Number of missing data patterns           178


COVARIANCE COVERAGE OF DATA

Minimum covariance coverage value   0.100


     PROPORTION OF DATA PRESENT


           Covariance Coverage
              P1            P2            P3            P4            P5
              ________      ________      ________      ________      ________
 P1             0.878
 P2             0.734         0.823
 P3             0.734         0.823         0.823
 P4             0.682         0.729         0.729         0.759
 P5             0.655         0.698         0.698         0.689         0.726
 P6             0.597         0.636         0.636         0.631         0.638
 P8             0.467         0.496         0.496         0.494         0.498
 P10            0.413         0.434         0.434         0.433         0.436
 C1             0.868         0.814         0.814         0.751         0.720
 C5             0.658         0.701         0.701         0.690         0.716
 C8             0.495         0.523         0.523         0.519         0.525
 C10            0.434         0.453         0.453         0.450         0.456
 C11            0.362         0.375         0.375         0.376         0.374
 BAGE           0.878         0.823         0.823         0.759         0.726


           Covariance Coverage
              P6            P8            P10           C1            C5
              ________      ________      ________      ________      ________
 P6             0.661
 P8             0.496         0.514
 P10            0.434         0.411         0.451
 C1             0.656         0.510         0.449         0.986
 C5             0.636         0.498         0.437         0.732         0.736
 C8             0.520         0.504         0.422         0.547         0.531
 C10            0.450         0.420         0.440         0.474         0.458
 C11            0.374         0.352         0.355         0.390         0.377
 BAGE           0.661         0.514         0.451         0.986         0.736


           Covariance Coverage
              C8            C10           C11           BAGE
              ________      ________      ________      ________
 C8             0.549
 C10            0.445         0.475
 C11            0.367         0.373         0.391
 BAGE           0.549         0.475         0.391         1.000


SAMPLE STATISTICS


     ESTIMATED SAMPLE STATISTICS


           Means
              P1            P2            P3            P4            P5
              ________      ________      ________      ________      ________
 1              1.392         1.177         1.177         1.174         1.124


           Means
              P6            P8            P10           C1            C5
              ________      ________      ________      ________      ________
 1              1.108         1.016         0.982        33.603        31.028


           Means
              C8            C10           C11           BAGE
              ________      ________      ________      ________
 1             28.497        26.966        26.277        -6.226


           Covariances
              P1            P2            P3            P4            P5
              ________      ________      ________      ________      ________
 P1             0.064
 P2             0.035         0.047
 P3             0.035         0.047         0.047
 P4             0.034         0.037         0.037         0.050
 P5             0.033         0.036         0.036         0.037         0.046
 P6             0.034         0.036         0.036         0.036         0.038
 P8             0.034         0.038         0.038         0.037         0.040
 P10            0.034         0.037         0.037         0.038         0.041
 C1             1.366         1.238         1.238         1.114         1.143
 C5             1.430         1.369         1.369         1.298         1.394
 C8             1.446         1.423         1.423         1.353         1.445
 C10            1.477         1.476         1.476         1.356         1.504
 C11            1.375         1.385         1.385         1.304         1.405
 BAGE          -0.113        -0.105        -0.105        -0.129        -0.137


           Covariances
              P6            P8            P10           C1            C5
              ________      ________      ________      ________      ________
 P6             0.048
 P8             0.043         0.055
 P10            0.043         0.051         0.063
 C1             1.103         1.178         1.164       209.845
 C5             1.319         1.404         1.470       174.315       225.965
 C8             1.415         1.554         1.673       171.481       187.042
 C10            1.458         1.652         1.792       171.976       191.343
 C11            1.437         1.630         1.755       156.445       173.011
 BAGE          -0.136        -0.169        -0.207        -4.711        -6.574


           Covariances
              C8            C10           C11           BAGE
              ________      ________      ________      ________
 C8           223.972
 C10          202.365       232.713
 C11          189.565       197.674       216.836
 BAGE          -7.746        -8.870        -8.958         8.249


           Correlations
              P1            P2            P3            P4            P5
              ________      ________      ________      ________      ________
 P1             1.000
 P2             0.636         1.000
 P3             0.636         1.000         1.000
 P4             0.611         0.770         0.770         1.000
 P5             0.601         0.777         0.777         0.771         1.000
 P6             0.615         0.750         0.750         0.744         0.798
 P8             0.574         0.740         0.740         0.716         0.792
 P10            0.528         0.677         0.677         0.687         0.748
 C1             0.372         0.395         0.395         0.345         0.366
 C5             0.376         0.421         0.421         0.387         0.430
 C8             0.382         0.440         0.440         0.406         0.448
 C10            0.382         0.447         0.447         0.399         0.457
 C11            0.369         0.435         0.435         0.398         0.443
 BAGE          -0.155        -0.169        -0.169        -0.202        -0.222


           Correlations
              P6            P8            P10           C1            C5
              ________      ________      ________      ________      ________
 P6             1.000
 P8             0.833         1.000
 P10            0.777         0.860         1.000
 C1             0.347         0.347         0.320         1.000
 C5             0.400         0.398         0.389         0.801         1.000
 C8             0.431         0.443         0.445         0.791         0.831
 C10            0.435         0.462         0.468         0.778         0.834
 C11            0.445         0.472         0.475         0.733         0.782
 BAGE          -0.215        -0.250        -0.287        -0.113        -0.152


           Correlations
              C8            C10           C11           BAGE
              ________      ________      ________      ________
 C8             1.000
 C10            0.886         1.000
 C11            0.860         0.880         1.000
 BAGE          -0.180        -0.202        -0.212         1.000


     MAXIMUM LOG-LIKELIHOOD VALUE FOR THE UNRESTRICTED (H1) MODEL IS -11735.329


THE MODEL ESTIMATION TERMINATED NORMALLY



MODEL FIT INFORMATION

Number of Free Parameters                       20

Loglikelihood

          H0 Value                      -13423.432
          H0 Scaling Correction Factor      1.5866
            for MLR

Information Criteria

          Akaike (AIC)                   26886.864
          Bayesian (BIC)                 26992.955
          Sample-Size Adjusted BIC       26929.421
            (n* = (n + 2) / 24)



MODEL RESULTS

                                                    Two-Tailed
                    Estimate       S.E.  Est./S.E.    P-Value

 IP         ON
    BAGE              -0.011      0.002     -5.196      0.000

 SP         ON
    BAGE              -0.001      0.000     -4.777      0.000

 IC         ON
    BAGE              -0.526      0.132     -3.993      0.000

 SC         ON
    BAGE              -0.053      0.012     -4.354      0.000

 SP       WITH
    IP                -0.001      0.000     -5.345      0.000

 IC       WITH
    IP                 1.197      0.097     12.350      0.000
    SP                -0.020      0.012     -1.667      0.095

 SC       WITH
    IP                -0.001      0.008     -0.069      0.945
    SP                 0.006      0.001      5.899      0.000
    IC                -1.748      0.652     -2.681      0.007

 Intercepts
    P1                 0.000      0.000    999.000    999.000
    P2                 0.000      0.000    999.000    999.000
    P3                 0.000      0.000    999.000    999.000
    P4                 0.000      0.000    999.000    999.000
    P5                 0.000      0.000    999.000    999.000
    P6                 0.000      0.000    999.000    999.000
    P8                 0.000      0.000    999.000    999.000
    P10                0.000      0.000    999.000    999.000
    C1                 0.000      0.000    999.000    999.000
    C5                 0.000      0.000    999.000    999.000
    C8                 0.000      0.000    999.000    999.000
    C10                0.000      0.000    999.000    999.000
    C11                0.000      0.000    999.000    999.000
    IP                 1.271      0.014     90.679      0.000
    SP                -0.047      0.002    -25.193      0.000
    IC                31.223      0.889     35.117      0.000
    SC                -1.080      0.087    -12.373      0.000

 Residual Variances
    P1                 0.015      0.001     24.099      0.000
    P2                 0.015      0.001     24.099      0.000
    P3                 0.015      0.001     24.099      0.000
    P4                 0.015      0.001     24.099      0.000
    P5                 0.015      0.001     24.099      0.000
    P6                 0.015      0.001     24.099      0.000
    P8                 0.015      0.001     24.099      0.000
    P10                0.015      0.001     24.099      0.000
    C1                33.322      2.455     13.574      0.000
    C5                33.322      2.455     13.574      0.000
    C8                33.322      2.455     13.574      0.000
    C10               33.322      2.455     13.574      0.000
    C11               33.322      2.455     13.574      0.000
    IP                 0.040      0.002     18.735      0.000
    SP                 0.000      0.000      7.622      0.000
    IC               180.408      8.330     21.658      0.000
    SC                 0.455      0.083      5.500      0.000


QUALITY OF NUMERICAL RESULTS

     Condition Number for the Information Matrix              0.566E-07
       (ratio of smallest to largest eigenvalue)


CONFIDENCE INTERVALS OF MODEL RESULTS

                  Lower .5%  Lower 2.5%    Lower 5%    Estimate    Upper 5%  Upper 2.5%   Upper .5%

 IP       ON
    BAGE            -0.016      -0.015      -0.014      -0.011      -0.007      -0.007      -0.005

 SP       ON
    BAGE            -0.002      -0.002      -0.002      -0.001      -0.001      -0.001      -0.001

 IC       ON
    BAGE            -0.866      -0.784      -0.743      -0.526      -0.309      -0.268      -0.187

 SC       ON
    BAGE            -0.084      -0.076      -0.073      -0.053      -0.033      -0.029      -0.022

 SP       WITH
    IP              -0.002      -0.002      -0.001      -0.001      -0.001      -0.001      -0.001

 IC       WITH
    IP               0.948       1.007       1.038       1.197       1.357       1.387       1.447
    SP              -0.052      -0.045      -0.041      -0.020       0.000       0.004       0.011

 SC       WITH
    IP              -0.020      -0.016      -0.013      -0.001       0.012       0.015       0.019
    SP               0.003       0.004       0.004       0.006       0.007       0.007       0.008
    IC              -3.428      -3.026      -2.821      -1.748      -0.676      -0.470      -0.069

 Intercepts
    P1               0.000       0.000       0.000       0.000       0.000       0.000       0.000
    P2               0.000       0.000       0.000       0.000       0.000       0.000       0.000
    P3               0.000       0.000       0.000       0.000       0.000       0.000       0.000
    P4               0.000       0.000       0.000       0.000       0.000       0.000       0.000
    P5               0.000       0.000       0.000       0.000       0.000       0.000       0.000
    P6               0.000       0.000       0.000       0.000       0.000       0.000       0.000
    P8               0.000       0.000       0.000       0.000       0.000       0.000       0.000
    P10              0.000       0.000       0.000       0.000       0.000       0.000       0.000
    C1               0.000       0.000       0.000       0.000       0.000       0.000       0.000
    C5               0.000       0.000       0.000       0.000       0.000       0.000       0.000
    C8               0.000       0.000       0.000       0.000       0.000       0.000       0.000
    C10              0.000       0.000       0.000       0.000       0.000       0.000       0.000
    C11              0.000       0.000       0.000       0.000       0.000       0.000       0.000
    IP               1.235       1.244       1.248       1.271       1.294       1.299       1.308
    SP              -0.052      -0.051      -0.050      -0.047      -0.044      -0.044      -0.042
    IC              28.933      29.480      29.760      31.223      32.685      32.965      33.513
    SC              -1.305      -1.251      -1.223      -1.080      -0.936      -0.909      -0.855

 Residual Variances
    P1               0.014       0.014       0.014       0.015       0.016       0.016       0.017
    P2               0.014       0.014       0.014       0.015       0.016       0.016       0.017
    P3               0.014       0.014       0.014       0.015       0.016       0.016       0.017
    P4               0.014       0.014       0.014       0.015       0.016       0.016       0.017
    P5               0.014       0.014       0.014       0.015       0.016       0.016       0.017
    P6               0.014       0.014       0.014       0.015       0.016       0.016       0.017
    P8               0.014       0.014       0.014       0.015       0.016       0.016       0.017
    P10              0.014       0.014       0.014       0.015       0.016       0.016       0.017
    C1              26.999      28.511      29.284      33.322      37.361      38.134      39.646
    C5              26.999      28.511      29.284      33.322      37.361      38.134      39.646
    C8              26.999      28.511      29.284      33.322      37.361      38.134      39.646
    C10             26.999      28.511      29.284      33.322      37.361      38.134      39.646
    C11             26.999      28.511      29.284      33.322      37.361      38.134      39.646
    IP               0.034       0.036       0.036       0.040       0.043       0.044       0.045
    SP               0.000       0.000       0.000       0.000       0.000       0.000       0.000
    IC             158.952     164.082     166.705     180.408     194.111     196.734     201.864
    SC               0.242       0.293       0.319       0.455       0.592       0.618       0.669


     Beginning Time:  15:29:44
        Ending Time:  15:29:57
       Elapsed Time:  00:00:13



MUTHEN & MUTHEN
3463 Stoner Ave.
Los Angeles, CA  90066

Tel: (310) 391-9971
Fax: (310) 391-8971
Web: www.StatModel.com
Support: Support@StatModel.com

Copyright (c) 1998-2014 Muthen & Muthen
