Mplus VERSION 7.2 (Mac)
MUTHEN & MUTHEN
02/23/2015   1:45 PM

INPUT INSTRUCTIONS

    TITLE: Clock Test, Empty Model, Female

    DATA:  File = "/Users/qingqingzhang/Dropbox/IALSA/Data/HABC-9999.dta.dat";

  VARIABLE:
    Names are
       habcid vstatus ds2dth race gender site CV1AGE Y1pchd1 Y1pchd2 Y1pchd3
       Y1pchf Y1pcbvd Y1pcvd Y1ppad Y1pdiab1 Y1phbp1 Y1WTK Y1bmi Y1sysbp
       Y1diabp cesd1 Y1educ wd20m1 wd2min1 wd400m1 Y1hakcal Y1hacat Y1SMK1
       Y1DRINKER1 Y1CURDRNK1 wd400m2 wd20m2 wd20m3 wd20m4 cesd4 wd400m4 wd20m6
       cesd6 wd400m6 wd2min6 wd20m8 cesd8 wd400m8 wd2min8 wd20m10 cesd10
       wd400m10 wd2min10 cesd11 wd20m5 wd2min2 wd2min4 smokecurrent smokeformer
       educpost educhigh mmmscore1 dss1 faminc tsmarsta self1 lpschool self2
       clox3 mmmscore3 self3 self4 clox5 mmmscore5 dss5 self5 self6 clox8
       dss8 mmmscore8 self8 clox10 dss10 mmmscore10 self10 mmmscore11 dss11
       self11 hand1 hand2 hand4 hand6 hand8 hand10 limit1 limit2 limit3 limit4
       limit5 limit6 limit8 limit9 limit10 limit11 t1 t2 t3 t4 t5 t6 t8 t10
       t11;

         MISSING are all (-9999);
         USEVAR are   t3    t5    t8 t10

                      c3    c5    c8 c10 ;
         TSCORES =    t3    t5    t8 t10 ;

         USEOBSERVATIONS are gender EQ 0; ! female=0


    Define: c3= clox3;  c5= clox5;
            c8= clox8;  c10= clox10 ;

            Bage=CV1AGE-80;   !Centered at Age 80
            !Bagesq=(compage1-80)**2;
            !Dage=YTDead;
            !Sex=female;         !0=Male
            !Educ=Educyrs-7;     ! Centered at 7 years
            !SEP=SESgrp;
            !Marstat;
            !Height
            !Weight
            !BMI
            !SmokHist=Smoke;
            !Alcohol;
            !CompExp;
            !PhysAct;
            !BP;
            !DepSymp;
            !Cardio;
            !Diab;
            !MorbInd;

            !BageSex=Bage*Sex;
            !BageEduc=Bage*Educ;
            !SexEduc=Sex*Educ;

    ANALYSIS: TYPE = RANDOM;

    MODEL:  ic | c3-c10 AT t3-t10;

            c3-c10 (res_c);

    OUTPUT: sampstat;



*** WARNING
  Data set contains cases with missing on all variables.
  These cases were not included in the analysis.
  Number of cases with missing on all variables:  177
   1 WARNING(S) FOUND IN THE INPUT INSTRUCTIONS



Clock Test, Empty Model, Female

SUMMARY OF ANALYSIS

Number of groups                                                 1
Number of observations                                        1407

Number of dependent variables                                    4
Number of independent variables                                  0
Number of continuous latent variables                            1

Observed dependent variables

  Continuous
   C3          C5          C8          C10

Continuous latent variables
   IC

Variables with special functions

  Time scores
   T3          T5          T8          T10


Estimator                                                      MLR
Information matrix                                        OBSERVED
Maximum number of iterations                                   100
Convergence criterion                                    0.100D-05
Maximum number of EM iterations                                500
Convergence criteria for the EM algorithm
  Loglikelihood change                                   0.100D-02
  Relative loglikelihood change                          0.100D-05
  Derivative                                             0.100D-03
Minimum variance                                         0.100D-03
Maximum number of steepest descent iterations                   20
Maximum number of iterations for H1                           2000
Convergence criterion for H1                             0.100D-03
Optimization algorithm                                         EMA

Input data file(s)
  /Users/qingqingzhang/Dropbox/IALSA/Data/HABC-9999.dta.dat
Input data format  FREE


SUMMARY OF DATA

     Number of missing data patterns            15


COVARIANCE COVERAGE OF DATA

Minimum covariance coverage value   0.100


     PROPORTION OF DATA PRESENT


           Covariance Coverage
              C3            C5            C8            C10
              ________      ________      ________      ________
 C3             0.930
 C5             0.819         0.873
 C8             0.623         0.638         0.665
 C10            0.573         0.578         0.557         0.613


SAMPLE STATISTICS


     ESTIMATED SAMPLE STATISTICS


           Means
              C3            C5            C8            C10
              ________      ________      ________      ________
 1             10.810        10.733        10.409        10.160


           Covariances
              C3            C5            C8            C10
              ________      ________      ________      ________
 C3             5.112
 C5             2.801         4.854
 C8             2.814         2.751         5.561
 C10            2.859         3.157         3.360         6.006


           Correlations
              C3            C5            C8            C10
              ________      ________      ________      ________
 C3             1.000
 C5             0.562         1.000
 C8             0.528         0.529         1.000
 C10            0.516         0.585         0.581         1.000


     MAXIMUM LOG-LIKELIHOOD VALUE FOR THE UNRESTRICTED (H1) MODEL IS -9089.781


THE MODEL ESTIMATION TERMINATED NORMALLY



MODEL FIT INFORMATION

Number of Free Parameters                        3

Loglikelihood

          H0 Value                       -9150.481
          H0 Scaling Correction Factor      1.8903
            for MLR

Information Criteria

          Akaike (AIC)                   18306.963
          Bayesian (BIC)                 18322.711
          Sample-Size Adjusted BIC       18313.181
            (n* = (n + 2) / 24)



MODEL RESULTS

                                                    Two-Tailed
                    Estimate       S.E.  Est./S.E.    P-Value

 Means
    IC                10.603      0.052    204.278      0.000

 Intercepts
    C3                 0.000      0.000    999.000    999.000
    C5                 0.000      0.000    999.000    999.000
    C8                 0.000      0.000    999.000    999.000
    C10                0.000      0.000    999.000    999.000

 Variances
    IC                 2.758      0.199     13.860      0.000

 Residual Variances
    C3                 2.505      0.109     22.955      0.000
    C5                 2.505      0.109     22.955      0.000
    C8                 2.505      0.109     22.955      0.000
    C10                2.505      0.109     22.955      0.000


QUALITY OF NUMERICAL RESULTS

     Condition Number for the Information Matrix              0.834E-02
       (ratio of smallest to largest eigenvalue)


     Beginning Time:  13:45:35
        Ending Time:  13:45:35
       Elapsed Time:  00:00:00



MUTHEN & MUTHEN
3463 Stoner Ave.
Los Angeles, CA  90066

Tel: (310) 391-9971
Fax: (310) 391-8971
Web: www.StatModel.com
Support: Support@StatModel.com

Copyright (c) 1998-2014 Muthen & Muthen
