Mplus VERSION 7.2 (Mac)
MUTHEN & MUTHEN
02/24/2015   1:34 PM

INPUT INSTRUCTIONS

    TITLE: Clock Test, Linear LGM, Age Conditional, Female

    DATA:  File = "/Users/qingqingzhang/Dropbox/IALSA/Data/HABC-9999.dta.dat";

  VARIABLE:
    Names are
       habcid vstatus ds2dth race gender site CV1AGE Y1pchd1 Y1pchd2 Y1pchd3
       Y1pchf Y1pcbvd Y1pcvd Y1ppad Y1pdiab1 Y1phbp1 Y1WTK Y1bmi Y1sysbp
       Y1diabp cesd1 Y1educ wd20m1 wd2min1 wd400m1 Y1hakcal Y1hacat Y1SMK1
       Y1DRINKER1 Y1CURDRNK1 wd400m2 wd20m2 wd20m3 wd20m4 cesd4 wd400m4 wd20m6
       cesd6 wd400m6 wd2min6 wd20m8 cesd8 wd400m8 wd2min8 wd20m10 cesd10
       wd400m10 wd2min10 cesd11 wd20m5 wd2min2 wd2min4 smokecurrent smokeformer
       educpost educhigh mmmscore1 dss1 faminc tsmarsta self1 lpschool self2
       clox3 mmmscore3 self3 self4 clox5 mmmscore5 dss5 self5 self6 clox8
       dss8 mmmscore8 self8 clox10 dss10 mmmscore10 self10 mmmscore11 dss11
       self11 hand1 hand2 hand4 hand6 hand8 hand10 limit1 limit2 limit3 limit4
       limit5 limit6 limit8 limit9 limit10 limit11 t1 t2 t3 t4 t5 t6 t8 t10
       t11;

         MISSING are all (-9999);
         USEVAR are   smokecurrent smokeformer Y1pdiab1 Y1pcvd Bage Educ Height
                      time3 time5 time8 time10

                      c3    c5    c8    c10 ;
         TSCORES =    time3 time5 time8 time10;

         USEOBSERVATIONS are gender EQ 0; ! female=0


    Define: c3= clox3;  c5= clox5;
            c8= clox8;  c10= clox10 ;
            time3=t3; time5=t5; time8=t8; time10=t10;
            Bage=CV1AGE-70;   !Centered at Age 70
            !Bagesq=(compage1-70)**2;
            !Dage=YTDead;
            !Sex=female;         !0=Male
            Educ= lpschool-7;     ! Centered at 7 years
            !SEP=SESgrp;
            !Marstat;
            Height=sqrt(Y1WTK/Y1bmi)-1.60;
            !Weight
            !BMI
            !SmokHist=Smoke;
            !Alcohol;
            !CompExp;
            !PhysAct;
            !BP;
            !DepSymp;
            !Cardio;
            !Diab;
            !MorbInd;

            !BageSex=Bage*Sex;
            !BageEduc=Bage*Educ;
            !SexEduc=Sex*Educ;

    ANALYSIS: TYPE = RANDOM;

    MODEL:  ic sc| c3-c10 AT time3-time10;
            ic sc ON Bage Educ Height smokecurrent smokeformer Y1pdiab1 Y1pcvd;
            c3-c10 (res_c);

    OUTPUT: sampstat;



*** WARNING in VARIABLE command
  Note that only the first 8 characters of variable names are used in the output.
  Shorten variable names to avoid any confusion.
*** WARNING
  Data set contains cases with missing on x-variables.
  These cases were not included in the analysis.
  Number of cases with missing on x-variables:  46
*** WARNING
  Data set contains cases with missing on all variables except
  x-variables.  These cases were not included in the analysis.
  Number of cases with missing on all variables except x-variables:  169
   3 WARNING(S) FOUND IN THE INPUT INSTRUCTIONS



Clock Test, Linear LGM, Age Conditional, Female

SUMMARY OF ANALYSIS

Number of groups                                                 1
Number of observations                                        1369

Number of dependent variables                                    4
Number of independent variables                                  7
Number of continuous latent variables                            2

Observed dependent variables

  Continuous
   C3          C5          C8          C10

Observed independent variables
   SMOKECUR    SMOKEFOR    Y1PDIAB1    Y1PCVD      BAGE        EDUC
   HEIGHT

Continuous latent variables
   IC          SC

Variables with special functions

  Time scores
   TIME3       TIME5       TIME8       TIME10


Estimator                                                      MLR
Information matrix                                        OBSERVED
Maximum number of iterations                                   100
Convergence criterion                                    0.100D-05
Maximum number of EM iterations                                500
Convergence criteria for the EM algorithm
  Loglikelihood change                                   0.100D-02
  Relative loglikelihood change                          0.100D-05
  Derivative                                             0.100D-03
Minimum variance                                         0.100D-03
Maximum number of steepest descent iterations                   20
Maximum number of iterations for H1                           2000
Convergence criterion for H1                             0.100D-03
Optimization algorithm                                         EMA

Input data file(s)
  /Users/qingqingzhang/Dropbox/IALSA/Data/HABC-9999.dta.dat
Input data format  FREE


SUMMARY OF DATA

     Number of missing data patterns            15


COVARIANCE COVERAGE OF DATA

Minimum covariance coverage value   0.100


     PROPORTION OF DATA PRESENT


           Covariance Coverage
              C3            C5            C8            C10           SMOKECUR
              ________      ________      ________      ________      ________
 C3             0.929
 C5             0.819         0.874
 C8             0.624         0.638         0.665
 C10            0.573         0.578         0.558         0.614
 SMOKECUR       0.929         0.874         0.665         0.614         1.000
 SMOKEFOR       0.929         0.874         0.665         0.614         1.000
 Y1PDIAB1       0.929         0.874         0.665         0.614         1.000
 Y1PCVD         0.929         0.874         0.665         0.614         1.000
 BAGE           0.929         0.874         0.665         0.614         1.000
 EDUC           0.929         0.874         0.665         0.614         1.000
 HEIGHT         0.929         0.874         0.665         0.614         1.000


           Covariance Coverage
              SMOKEFOR      Y1PDIAB1      Y1PCVD        BAGE          EDUC
              ________      ________      ________      ________      ________
 SMOKEFOR       1.000
 Y1PDIAB1       1.000         1.000
 Y1PCVD         1.000         1.000         1.000
 BAGE           1.000         1.000         1.000         1.000
 EDUC           1.000         1.000         1.000         1.000         1.000
 HEIGHT         1.000         1.000         1.000         1.000         1.000


           Covariance Coverage
              HEIGHT
              ________
 HEIGHT         1.000


SAMPLE STATISTICS


     ESTIMATED SAMPLE STATISTICS


           Means
              C3            C5            C8            C10           SMOKECUR
              ________      ________      ________      ________      ________
 1             10.819        10.734        10.408        10.147         0.091


           Means
              SMOKEFOR      Y1PDIAB1      Y1PCVD        BAGE          EDUC
              ________      ________      ________      ________      ________
 1              0.332         0.127         0.168         3.443         5.947


           Means
              HEIGHT
              ________
 1             -0.004


           Covariances
              C3            C5            C8            C10           SMOKECUR
              ________      ________      ________      ________      ________
 C3             5.079
 C5             2.745         4.825
 C8             2.740         2.678         5.483
 C10            2.820         3.108         3.261         5.935
 SMOKECUR      -0.053        -0.050        -0.015        -0.047         0.082
 SMOKEFOR       0.018         0.035         0.024         0.021        -0.030
 Y1PDIAB1      -0.027        -0.043        -0.039        -0.027        -0.001
 Y1PCVD        -0.034        -0.035        -0.094        -0.050         0.005
 BAGE          -0.954        -0.827        -1.003        -1.286         0.002
 EDUC           2.176         2.272         2.271         2.554        -0.031
 HEIGHT         0.007         0.004         0.010         0.000         0.000


           Covariances
              SMOKEFOR      Y1PDIAB1      Y1PCVD        BAGE          EDUC
              ________      ________      ________      ________      ________
 SMOKEFOR       0.222
 Y1PDIAB1       0.000         0.111
 Y1PCVD         0.007         0.017         0.140
 BAGE          -0.025        -0.011         0.058         8.090
 EDUC           0.018        -0.141        -0.116        -0.239         8.442
 HEIGHT         0.000         0.000         0.000        -0.020         0.004


           Covariances
              HEIGHT
              ________
 HEIGHT         0.004


           Correlations
              C3            C5            C8            C10           SMOKECUR
              ________      ________      ________      ________      ________
 C3             1.000
 C5             0.554         1.000
 C8             0.519         0.521         1.000
 C10            0.514         0.581         0.572         1.000
 SMOKECUR      -0.083        -0.080        -0.022        -0.068         1.000
 SMOKEFOR       0.016         0.033         0.022         0.018        -0.223
 Y1PDIAB1      -0.036        -0.058        -0.050        -0.033        -0.013
 Y1PCVD        -0.040        -0.043        -0.108        -0.055         0.042
 BAGE          -0.149        -0.132        -0.151        -0.186         0.003
 EDUC           0.332         0.356         0.334         0.361        -0.037
 HEIGHT         0.048         0.030         0.069        -0.001        -0.001


           Correlations
              SMOKEFOR      Y1PDIAB1      Y1PCVD        BAGE          EDUC
              ________      ________      ________      ________      ________
 SMOKEFOR       1.000
 Y1PDIAB1       0.001         1.000
 Y1PCVD         0.040         0.134         1.000
 BAGE          -0.019        -0.012         0.054         1.000
 EDUC           0.013        -0.145        -0.107        -0.029         1.000
 HEIGHT         0.016        -0.005        -0.006        -0.114         0.025


           Correlations
              HEIGHT
              ________
 HEIGHT         1.000


     MAXIMUM LOG-LIKELIHOOD VALUE FOR THE UNRESTRICTED (H1) MODEL IS -15659.113


THE MODEL ESTIMATION TERMINATED NORMALLY



MODEL FIT INFORMATION

Number of Free Parameters                       20

Loglikelihood

          H0 Value                       -8696.707
          H0 Scaling Correction Factor      1.2152
            for MLR

Information Criteria

          Akaike (AIC)                   17433.415
          Bayesian (BIC)                 17537.851
          Sample-Size Adjusted BIC       17474.319
            (n* = (n + 2) / 24)



MODEL RESULTS

                                                    Two-Tailed
                    Estimate       S.E.  Est./S.E.    P-Value

 IC         ON
    BAGE              -0.081      0.026     -3.112      0.002
    EDUC               0.237      0.028      8.611      0.000
    HEIGHT             1.433      1.208      1.186      0.236
    SMOKECURRE        -0.676      0.300     -2.249      0.024
    SMOKEFORME        -0.010      0.150     -0.068      0.946
    Y1PDIAB1          -0.036      0.206     -0.177      0.859
    Y1PCVD             0.138      0.196      0.701      0.483

 SC         ON
    BAGE              -0.005      0.004     -1.473      0.141
    EDUC               0.005      0.004      1.271      0.204
    HEIGHT            -0.149      0.156     -0.956      0.339
    SMOKECURRE         0.045      0.038      1.171      0.241
    SMOKEFORME         0.006      0.021      0.274      0.784
    Y1PDIAB1           0.011      0.030      0.360      0.719
    Y1PCVD            -0.037      0.030     -1.250      0.211

 SC       WITH
    IC                -0.056      0.048     -1.162      0.245

 Intercepts
    C3                 0.000      0.000    999.000    999.000
    C5                 0.000      0.000    999.000    999.000
    C8                 0.000      0.000    999.000    999.000
    C10                0.000      0.000    999.000    999.000
    IC                10.070      0.227     44.406      0.000
    SC                -0.108      0.030     -3.621      0.000

 Residual Variances
    C3                 2.278      0.110     20.767      0.000
    C5                 2.278      0.110     20.767      0.000
    C8                 2.278      0.110     20.767      0.000
    C10                2.278      0.110     20.767      0.000
    IC                 2.243      0.402      5.576      0.000
    SC                 0.015      0.008      1.983      0.047


QUALITY OF NUMERICAL RESULTS

     Condition Number for the Information Matrix              0.131E-05
       (ratio of smallest to largest eigenvalue)


     Beginning Time:  13:34:47
        Ending Time:  13:34:51
       Elapsed Time:  00:00:04



MUTHEN & MUTHEN
3463 Stoner Ave.
Los Angeles, CA  90066

Tel: (310) 391-9971
Fax: (310) 391-8971
Web: www.StatModel.com
Support: Support@StatModel.com

Copyright (c) 1998-2014 Muthen & Muthen
