Mplus VERSION 7.2 (Mac)
MUTHEN & MUTHEN
02/24/2015   1:32 PM

INPUT INSTRUCTIONS

    TITLE: Hand Strength, Linear LGM, Age Conditional, Male

    DATA:  File = "/Users/qingqingzhang/Dropbox/IALSA/Data/HABC-9999.dta.dat";

  VARIABLE:
    Names are
       habcid vstatus ds2dth race gender site CV1AGE Y1pchd1 Y1pchd2 Y1pchd3
       Y1pchf Y1pcbvd Y1pcvd Y1ppad Y1pdiab1 Y1phbp1 Y1WTK Y1bmi Y1sysbp
       Y1diabp cesd1 Y1educ wd20m1 wd2min1 wd400m1 Y1hakcal Y1hacat Y1SMK1
       Y1DRINKER1 Y1CURDRNK1 wd400m2 wd20m2 wd20m3 wd20m4 cesd4 wd400m4 wd20m6
       cesd6 wd400m6 wd2min6 wd20m8 cesd8 wd400m8 wd2min8 wd20m10 cesd10
       wd400m10 wd2min10 cesd11 wd20m5 wd2min2 wd2min4 smokecurrent smokeformer
       educpost educhigh mmmscore1 dss1 faminc tsmarsta self1 lpschool self2
       clox3 mmmscore3 self3 self4 clox5 mmmscore5 dss5 self5 self6 clox8
       dss8 mmmscore8 self8 clox10 dss10 mmmscore10 self10 mmmscore11 dss11
       self11 hand1 hand2 hand4 hand6 hand8 hand10 limit1 limit2 limit3 limit4
       limit5 limit6 limit8 limit9 limit10 limit11 t1 t2 t3 t4 t5 t6 t8 t10
       t11;

         MISSING are all (-9999);
         USEVAR are  smokecurrent smokeformer Y1pdiab1 Y1pcvd Bage Educ Height
                     time1 time2    time4    time6 time8 time10
                     p1    p2       p4       p6    p8    p10;
         TSCORES =   time1 time2    time4    time6 time8 time10;

         USEOBSERVATIONS are gender EQ 1; ! female=0

    Define: p1= hand1;  p2= hand2; p4= hand4;
            p6= hand6;  p8= hand8; p10= hand10;
            time1=t1; time2=t2; time4=t4; time6=t6; time8=t8; time10=t10;
            Bage=CV1AGE-70;   !Centered at Age 70
            !Bagesq=(compage1-70)**2;
            !Dage=YTDead;
            !Sex=female;         !0=Male
            Educ=lpschool-7;     ! Centered at 7 years
            !SEP=SESgrp;
            !Marstat;
            Height=sqrt(Y1WTK/Y1bmi)-1.72;
            !Weight
            !BMI
            !SmokHist=Smoke;
            !Alcohol;
            !CompExp;
            !PhysAct;
            !BP;
            !DepSymp;
            !Cardio;
            !Diab;
            !MorbInd;

            !BageSex=Bage*Sex;
            !BageEduc=Bage*Educ;
            !SexEduc=Sex*Educ;

    ANALYSIS: TYPE = RANDOM;

    MODEL:  ip sp| p1-p10 AT time1-time10;
            ip sp ON Bage Educ Height smokecurrent smokeformer Y1pdiab1 Y1pcvd;

            p1-p10 (res_p);

    OUTPUT: sampstat;



*** WARNING in VARIABLE command
  Note that only the first 8 characters of variable names are used in the output.
  Shorten variable names to avoid any confusion.
*** WARNING
  Data set contains cases with missing on x-variables.
  These cases were not included in the analysis.
  Number of cases with missing on x-variables:  27
*** WARNING
  Data set contains cases with missing on all variables except
  x-variables.  These cases were not included in the analysis.
  Number of cases with missing on all variables except x-variables:  2
   3 WARNING(S) FOUND IN THE INPUT INSTRUCTIONS



Hand Strength, Linear LGM, Age Conditional, Male

SUMMARY OF ANALYSIS

Number of groups                                                 1
Number of observations                                        1462

Number of dependent variables                                    6
Number of independent variables                                  7
Number of continuous latent variables                            2

Observed dependent variables

  Continuous
   P1          P2          P4          P6          P8          P10

Observed independent variables
   SMOKECUR    SMOKEFOR    Y1PDIAB1    Y1PCVD      BAGE        EDUC
   HEIGHT

Continuous latent variables
   IP          SP

Variables with special functions

  Time scores
   TIME1       TIME2       TIME4       TIME6       TIME8       TIME10


Estimator                                                      MLR
Information matrix                                        OBSERVED
Maximum number of iterations                                   100
Convergence criterion                                    0.100D-05
Maximum number of EM iterations                                500
Convergence criteria for the EM algorithm
  Loglikelihood change                                   0.100D-02
  Relative loglikelihood change                          0.100D-05
  Derivative                                             0.100D-03
Minimum variance                                         0.100D-03
Maximum number of steepest descent iterations                   20
Maximum number of iterations for H1                           2000
Convergence criterion for H1                             0.100D-03
Optimization algorithm                                         EMA

Input data file(s)
  /Users/qingqingzhang/Dropbox/IALSA/Data/HABC-9999.dta.dat
Input data format  FREE


SUMMARY OF DATA

     Number of missing data patterns            39


COVARIANCE COVERAGE OF DATA

Minimum covariance coverage value   0.100


     PROPORTION OF DATA PRESENT


           Covariance Coverage
              P1            P2            P4            P6            P8
              ________      ________      ________      ________      ________
 P1             0.988
 P2             0.861         0.870
 P4             0.767         0.727         0.776
 P6             0.661         0.632         0.644         0.669
 P8             0.560         0.534         0.541         0.537         0.566
 P10            0.486         0.467         0.469         0.466         0.459
 SMOKECUR       0.988         0.870         0.776         0.669         0.566
 SMOKEFOR       0.988         0.870         0.776         0.669         0.566
 Y1PDIAB1       0.988         0.870         0.776         0.669         0.566
 Y1PCVD         0.988         0.870         0.776         0.669         0.566
 BAGE           0.988         0.870         0.776         0.669         0.566
 EDUC           0.988         0.870         0.776         0.669         0.566
 HEIGHT         0.988         0.870         0.776         0.669         0.566


           Covariance Coverage
              P10           SMOKECUR      SMOKEFOR      Y1PDIAB1      Y1PCVD
              ________      ________      ________      ________      ________
 P10            0.492
 SMOKECUR       0.492         1.000
 SMOKEFOR       0.492         1.000         1.000
 Y1PDIAB1       0.492         1.000         1.000         1.000
 Y1PCVD         0.492         1.000         1.000         1.000         1.000
 BAGE           0.492         1.000         1.000         1.000         1.000
 EDUC           0.492         1.000         1.000         1.000         1.000
 HEIGHT         0.492         1.000         1.000         1.000         1.000


           Covariance Coverage
              BAGE          EDUC          HEIGHT
              ________      ________      ________
 BAGE           1.000
 EDUC           1.000         1.000
 HEIGHT         1.000         1.000         1.000


SAMPLE STATISTICS


     ESTIMATED SAMPLE STATISTICS


           Means
              P1            P2            P4            P6            P8
              ________      ________      ________      ________      ________
 1             40.741        39.263        38.646        37.339        35.941


           Means
              P10           SMOKECUR      SMOKEFOR      Y1PDIAB1      Y1PCVD
              ________      ________      ________      ________      ________
 1             33.837         0.107         0.596         0.169         0.295


           Means
              BAGE          EDUC          HEIGHT
              ________      ________      ________
 1              3.762         6.109         0.013


           Covariances
              P1            P2            P4            P6            P8
              ________      ________      ________      ________      ________
 P1            74.960
 P2            54.399        75.229
 P4            51.502        51.861        69.013
 P6            52.104        54.895        54.605        74.632
 P8            54.383        56.115        52.355        58.922        75.867
 P10           46.419        47.127        47.947        51.457        55.748
 SMOKECUR       0.086         0.045        -0.020        -0.084         0.022
 SMOKEFOR       0.003         0.076         0.158         0.280         0.014
 Y1PDIAB1      -0.287        -0.221        -0.302        -0.259        -0.437
 Y1PCVD        -0.338        -0.273        -0.300        -0.276        -0.335
 BAGE          -5.004        -5.951        -5.946        -5.648        -6.432
 EDUC          -2.107        -2.186        -1.834        -0.969        -0.845
 HEIGHT         0.176         0.183         0.159         0.160         0.166


           Covariances
              P10           SMOKECUR      SMOKEFOR      Y1PDIAB1      Y1PCVD
              ________      ________      ________      ________      ________
 P10           64.933
 SMOKECUR       0.048         0.096
 SMOKEFOR       0.175        -0.064         0.241
 Y1PDIAB1      -0.315        -0.003         0.003         0.140
 Y1PCVD        -0.242        -0.007         0.015         0.007         0.208
 BAGE          -5.823        -0.064        -0.026         0.008         0.121
 EDUC          -1.702        -0.129         0.036        -0.076         0.020
 HEIGHT         0.141        -0.001         0.002         0.000        -0.002


           Covariances
              BAGE          EDUC          HEIGHT
              ________      ________      ________
 BAGE           8.254
 EDUC          -0.012        11.951
 HEIGHT        -0.019         0.006         0.004


           Correlations
              P1            P2            P4            P6            P8
              ________      ________      ________      ________      ________
 P1             1.000
 P2             0.724         1.000
 P4             0.716         0.720         1.000
 P6             0.697         0.733         0.761         1.000
 P8             0.721         0.743         0.724         0.783         1.000
 P10            0.665         0.674         0.716         0.739         0.794
 SMOKECUR       0.032         0.017        -0.008        -0.031         0.008
 SMOKEFOR       0.001         0.018         0.039         0.066         0.003
 Y1PDIAB1      -0.089        -0.068        -0.097        -0.080        -0.134
 Y1PCVD        -0.086        -0.069        -0.079        -0.070        -0.084
 BAGE          -0.201        -0.239        -0.249        -0.228        -0.257
 EDUC          -0.070        -0.073        -0.064        -0.032        -0.028
 HEIGHT         0.310         0.323         0.293         0.283         0.291


           Correlations
              P10           SMOKECUR      SMOKEFOR      Y1PDIAB1      Y1PCVD
              ________      ________      ________      ________      ________
 P10            1.000
 SMOKECUR       0.019         1.000
 SMOKEFOR       0.044        -0.421         1.000
 Y1PDIAB1      -0.104        -0.027         0.014         1.000
 Y1PCVD        -0.066        -0.050         0.065         0.041         1.000
 BAGE          -0.252        -0.072        -0.018         0.007         0.092
 EDUC          -0.061        -0.120         0.021        -0.059         0.013
 HEIGHT         0.268        -0.047         0.061         0.014        -0.072


           Correlations
              BAGE          EDUC          HEIGHT
              ________      ________      ________
 BAGE           1.000
 EDUC          -0.001         1.000
 HEIGHT        -0.101         0.026         1.000


     MAXIMUM LOG-LIKELIHOOD VALUE FOR THE UNRESTRICTED (H1) MODEL IS -28501.389


THE MODEL ESTIMATION TERMINATED NORMALLY



MODEL FIT INFORMATION

Number of Free Parameters                       20

Loglikelihood

          H0 Value                      -20216.370
          H0 Scaling Correction Factor      1.3258
            for MLR

Information Criteria

          Akaike (AIC)                   40472.741
          Bayesian (BIC)                 40578.492
          Sample-Size Adjusted BIC       40514.958
            (n* = (n + 2) / 24)



MODEL RESULTS

                                                    Two-Tailed
                    Estimate       S.E.  Est./S.E.    P-Value

 IP         ON
    BAGE              -0.545      0.068     -7.951      0.000
    EDUC              -0.216      0.059     -3.646      0.000
    HEIGHT            40.065      3.171     12.636      0.000
    SMOKECURRE         0.229      0.764      0.299      0.765
    SMOKEFORME        -0.075      0.439     -0.171      0.864
    Y1PDIAB1          -1.886      0.530     -3.555      0.000
    Y1PCVD            -0.710      0.434     -1.635      0.102

 SP         ON
    BAGE              -0.012      0.007     -1.661      0.097
    EDUC               0.009      0.006      1.411      0.158
    HEIGHT            -0.872      0.351     -2.484      0.013
    SMOKECURRE        -0.071      0.097     -0.728      0.467
    SMOKEFORME         0.052      0.049      1.070      0.285
    Y1PDIAB1          -0.075      0.056     -1.348      0.178
    Y1PCVD             0.013      0.049      0.272      0.785

 SP       WITH
    IP                -0.633      0.218     -2.904      0.004

 Intercepts
    P1                 0.000      0.000    999.000    999.000
    P2                 0.000      0.000    999.000    999.000
    P4                 0.000      0.000    999.000    999.000
    P6                 0.000      0.000    999.000    999.000
    P8                 0.000      0.000    999.000    999.000
    P10                0.000      0.000    999.000    999.000
    IP                44.637      0.607     73.560      0.000
    SP                -0.708      0.066    -10.809      0.000

 Residual Variances
    P1                18.798      0.991     18.965      0.000
    P2                18.798      0.991     18.965      0.000
    P4                18.798      0.991     18.965      0.000
    P6                18.798      0.991     18.965      0.000
    P8                18.798      0.991     18.965      0.000
    P10               18.798      0.991     18.965      0.000
    IP                45.662      2.218     20.591      0.000
    SP                 0.118      0.036      3.270      0.001


QUALITY OF NUMERICAL RESULTS

     Condition Number for the Information Matrix              0.292E-04
       (ratio of smallest to largest eigenvalue)


     Beginning Time:  13:32:01
        Ending Time:  13:32:05
       Elapsed Time:  00:00:04



MUTHEN & MUTHEN
3463 Stoner Ave.
Los Angeles, CA  90066

Tel: (310) 391-9971
Fax: (310) 391-8971
Web: www.StatModel.com
Support: Support@StatModel.com

Copyright (c) 1998-2014 Muthen & Muthen
