Mplus VERSION 7.3
MUTHEN & MUTHEN
10/23/2015   8:58 PM

INPUT INSTRUCTIONS

  TITLE:
   M5, Grip, Gait, Fully Conditional, female

  DATA:
    File = C:\Users\Andrea Zammit\Desktop\EASMaster.csv;
  VARIABLE:
   Names are
          SubjectID Sex Ethnic Caus DemEver Bagesq deathage DEMO23 Educyrs Status
          Wave_1 Wave_2 Wave_3 Wave_4 Wave_5 Wave_6 Wave_7 Wave_8 Wave_9 Wave_10
          AgeAtWaveOne AgeAtWave_2 AgeAtWave_3 AgeAtWave_4 AgeAtWave_5 AgeAtWave_6
          AgeAtWave_7
          AgeAtWave_8 AgeAtWave_9 AgeAtWave_10
          YrsSinceBaseline_1 YrsSinceBaseline_2 YrsSinceBaseline_3 YrsSinceBaseline_4
          YrsSinceBaseline_5 YrsSinceBaseline_6 YrsSinceBaseline_7 YrsSinceBaseline_8
          YrsSinceBaseline_9 YrsSinceBaseline_10
          Blessd_1 Blessd_2 Blessd_3 Blessd_4 Blessd_5 Blessd_6 Blessd_7
          Blessd_8 Blessd_9 Blessd_10
          MMS_1 MMS_2 MMS_3 MMS_4 MMS_5 MMS_6 MMS_7 MMS_8 MMS_9 MMS_10
          GDSScore_1 GDSScore_2 GDSScore_3 GDSScore_4 GDSScore_5 GDSScore_6 GDSScore_7
          GDSScore_8 GDSScore_9 GDSScore_10
          FreeRecall_1 FreeRecall_2 FreeRecall_3 FreeRecall_4 FreeRecall_5
          FreeRecall_6 FreeRecall_7 FreeRecall_8 FreeRecall_9 FreeRecall_10
          TotRecall_1 TotRecall_2 TotRecall_3 TotRecall_4 TotRecall_5 TotRecall_6
          TotRecall_7
          TotRecall_8 TotRecall_9 TotRecall_10
          DelFreeRecall_1 DelFreeRecall_2 DelFreeRecall_3 DelFreeRecall_4 DelFreeRecall_5
          DelFreeRecall_6 DelFreeRecall_7 DelFreeRecall_8 DelFreeRecall_9 DelFreeRecall_10
          DelTotRecall_1 DelTotRecall_2 DelTotRecall_3 DelTotRecall_4 DelTotRecall_5
          DelTotRecall_6 DelTotRecall_7 DelTotRecall_8 DelTotRecall_9 DelTotRecall_10
          BostonFree_1 BostonFree_2 BostonFree_3 BostonFree_4 BostonFree_5
          BostonFree_6 BostonFree_7 BostonFree_8 BostonFree_9 BostonFree_10
          Infraw_1 Infraw_2 Infraw_3 Infraw_4 Infraw_5 Infraw_6 Infraw_7
          Infraw_8 Infraw_9 Infraw_10
          Vocraw_1 Vocraw_2 Vocraw_3 Vocraw_4 Vocraw_5 Vocraw_6 Vocraw_7
          Vocraw_8 Vocraw_9 Vocraw_10
          Spnraw_1 Spnraw_2 Spnraw_3 Spnraw_4 Spnraw_5 Spnraw_6 Spnraw_7
          Spnraw_8 Spnraw_9 Spnraw_10
          DSpnAgeScaledScore_1 DSpnAgeScaledScore_2 DSpnAgeScaledScore_3
          DSpnAgeScaledScore_4 DSpnAgeScaledScore_5 DSpnAgeScaledScore_6
          DSpnAgeScaledScore_7 DSpnAgeScaledScore_8 DSpnAgeScaledScore_9
          DSpnAgeScaledScore_10
          Symraw_1 Symraw_2 Symraw_3 Symraw_4 Symraw_5 Symraw_6
          Symraw_7 Symraw_8 Symraw_9 Symraw_10
          Blockraw_1 Blockraw_2 Blockraw_3 Blockraw_4 Blockraw_5 Blockraw_6
          Blockraw_7 Blockraw_8 Blockraw_9 Blockraw_10
          FAS_1 FAS_2 FAS_3 FAS_4 FAS_5 FAS_6 FAS_7 FAS_8 FAS_9 FAS_10
          CAT_1 CAT_2 CAT_3 CAT_4
          CAT_5 CAT_6 CAT_7 CAT_8 CAT_9 CAT_10
          Grade_1 Grade_2 Grade_3 Grade_4 Grade_5 Grade_6 Grade_7 Grade_8 Grade_9 Grade_10
          LM_1 LM_2 LM_3 LM_4 LM_5 LM_6 LM_7 LM_8 LM_9 LM_10
          CFCopy_1 CFCopy_2 CFCopy_3 CFCopy_4 CFCopy_5 CFCopy_6 CFCopy_7
          CFCopy_8 CFCopy_9 CFCopy_10
          CFRecall_1 CFRecall_2 CFRecall_3 CFRecall_4 CFRecall_5 CFRecall_6 CFRecall_7
          CFRecall_8 CFRecall_9 CFRecall_10
          TrA1_1 TrA1_2 TrA1_3 TrA1_4 TrA1_5 TrA1_6 TrA1_7 TrA1_8 TrA1_9 TrA1_10
          TrlAZScore_1 TrlAZScore_2 TrlAZScore_3 TrlAZScore_4 TrlAZScore_5
          TrlAZScore_6 TrlAZScore_7 TrlAZScore_8 TrlAZScore_9 TrlAZScore_10
          TMTARate_1 TMTARate_2 TMTARate_3 TMTARate_4 TMTARate_5 TMTARate_6 TMTARate_7
          TMTARate_8 TMTARate_9 TMTARate_10
          TrA2_1 TrA2_2 TrA2_3 TrA2_4 TrA2_5 TrA2_6 TrA2_7 TrA2_8 TrA2_9 TrA2_10
          TrB1_1 TrB1_2 TrB1_3 TrB1_4 TrB1_5 TrB1_6 TrB1_7 TrB1_8 TrB1_9 TrB1_10
          TrlBZScore_1 TrlBZScore_2 TrlBZScore_3 TrlBZScore_4 TrlBZScore_5
          TrlBZScore_6 TrlBZScore_7 TrlBZScore_8 TrlBZScore_9 TrlBZScore_10
          TMTBRate_1 TMTBRate_2 TMTBRate_3 TMTBRate_4 TMTBRate_5 TMTBRate_6 TMTBRate_7
          TMTBRate_8 TMTBRate_9 TMTBRate_10
          TrB2_1 TrB2_2 TrB2_3 TrB2_4 TrB2_5 TrB2_6
          TrB2_7 TrB2_8 TrB2_9 TrB2_10
          EpisodicMemory2FreeCatLM_1 EpisodicMemory2FreeCatLM_2
          EpisodicMemory2FreeCatLM_3
          EpisodicMemory2FreeCatLM_4 EpisodicMemory2FreeCatLM_5
          EpisodicMemory2FreeCatLM_6 EpisodicMemory2FreeCatLM_7
          EpisodicMemory2FreeCatLM_8 EpisodicMemory2FreeCatLM_9
          EpisodicMemory2FreeCatLM_10
          FrontalExecFunc_1 FrontalExecFunc_2 FrontalExecFunc_3 FrontalExecFunc_4
          FrontalExecFunc_5 FrontalExecFunc_6 FrontalExecFunc_7 FrontalExecFunc_8
          FrontalExecFunc_9 FrontalExecFunc_10
          Language2BostVoc_1 Language2BostVoc_2
          Language2BostVoc_3 Language2BostVoc_4 Language2BostVoc_5
          Language2BostVoc_6 Language2BostVoc_7 Language2BostVoc_8
          Language2BostVoc_9 Language2BostVoc_10
          DysExec_1 DysExec_2 DysExec_3 DysExec_4 DysExec_5 DysExec_6 DysExec_7
          DysExec_8 DysExec_9 DysExec_10
          aMCI1_1 aMCI1_2 aMCI1_3 aMCI1_4 aMCI1_5 aMCI1_6 aMCI1_7 aMCI1_8 aMCI1_9 aMCI1_10
          naMCI1_1 naMCI1_2 naMCI1_3 naMCI1_4 naMCI1_5 naMCI1_6 naMCI1_7
          naMCI1_8 naMCI1_9 naMCI1_10
          CumulMI_1 CumulMI_2 CumulMI_3 CumulMI_4
          CumulMI_5 CumulMI_6 CumulMI_7 CumulMI_8 CumulMI_9 CumulMI_10
          CumulStroke_1 CumulStroke_2 CumulStroke_3 CumulStroke_4 CumulStroke_5
          CumulStroke_6 CumulStroke_7 CumulStroke_8 CumulStroke_9 CumulStroke_10
          CumulDiab_1 CumulDiab_2 CumulDiab_3 CumulDiab_4 CumulDiab_5 CumulDiab_6
          CumulDiab_7 CumulDiab_8 CumulDiab_9 CumulDiab_10
          DMever
          CumulHyper_1 CumulHyper_2 CumulHyper_3 CumulHyper_4 CumulHyper_5
          CumulHyper_6 CumulHyper_7 CumulHyper_8 CumulHyper_9 CumulHyper_10
          CumulAngina_1 CumulAngina_2 CumulAngina_3 CumulAngina_4 CumulAngina_5
          CumulAngina_6 CumulAngina_7 CumulAngina_8 CumulAngina_9 CumulAngina_10
          CumulHrtFail_1 CumulHrtFail_2 CumulHrtFail_3 CumulHrtFail_4 CumulHrtFail_5
          CumulHrtFail_6 CumulHrtFail_7 CumulHrtFail_8 CumulHrtFail_9 CumulHrtFail_10
          CumulPD_1 CumulPD_2 CumulPD_3 CumulPD_4 CumulPD_5 CumulPD_6 CumulPD_7
          CumulPD_8 CumulPD_9 CumulPD_10
          CumulDep_1 CumulDep_2 CumulDep_3 CumulDep_4
          CumulDep_5 CumulDep_6 CumulDep_7 CumulDep_8 CumulDep_9 CumulDep_10
          CumulAnemia_1 CumulAnemia_2 CumulAnemia_3 CumulAnemia_4 CumulAnemia_5
          CumulAnemia_6 CumulAnemia_7 CumulAnemia_8 CumulAnemia_9 CumulAnemia_10
          CVIndexArWave_1 CVIndexArWave_2 CVIndexArWave_3 CVIndexArWave_4 CVIndexArWave_5
          CVIndexArWave_6 CVIndexArWave_7 CVIndexArWave_8 CVIndexArWave_9 CVIndexArWave_10
          CVIndexCumul_1 CVIndexCumul_2 CVIndexCumul_3 CVIndexCumul_4 CVIndexCumul_5
          CVIndexCumul_6 CVIndexCumul_7 CVIndexCumul_8 CVIndexCumul_9 CVIndexCumul_10
          BloodPres1stSys_1 BloodPres1stSys_2 BloodPres1stSys_3 BloodPres1stSys_4
          BloodPres1stSys_5 BloodPres1stSys_6 BloodPres1stSys_7 BloodPres1stSys_8
          BloodPres1stSys_9 BloodPres1stSys_10
          BloodPres1stDia_1 BloodPres1stDia_2 BloodPres1stDia_3 BloodPres1stDia_4
          BloodPres1stDia_5 BloodPres1stDia_6 BloodPres1stDia_7 BloodPres1stDia_8
          BloodPres1stDia_9 BloodPres1stDia_10
          Ht_1 Ht_2 Ht_3 Ht_4 Ht_5 Ht_6 Ht_7 Ht_8 Ht_9 Ht_10
          Wt_1 Wt_2 Wt_3 Wt_4 Wt_5 Wt_6 Wt_7 Wt_8 Wt_9 Wt_10
          BMI_1 BMI_2 BMI_3 BMI_4 BMI_5 BMI_6 BMI_7 BMI_8 BMI_9 BMI_10
          Waist_1 Waist_2 Waist_3 Waist_4 Waist_5 Waist_6 Waist_7 Waist_8 Waist_9 Waist_10
          Hip_1 Hip_2 Hip_3 Hip_4 Hip_5 Hip_6 Hip_7 Hip_8 Hip_9 Hip_10
          Velocity_1 Velocity_2 Velocity_3 Velocity_4 Velocity_5 Velocity_6 Velocity_7
          Velocity_8 Velocity_9 Velocity_10
          ChairRaiseTime_1 ChairRaiseTime_2 ChairRaiseTime_3 ChairRaiseTime_4
          ChairRaiseTime_5 ChairRaiseTime_6 ChairRaiseTime_7 ChairRaiseTime_8
          ChairRaiseTime_9 ChairRaiseTime_10
          FlamingoStandTime_1 FlamingoStandTime_2 FlamingoStandTime_3 FlamingoStandTime_4
          FlamingoStandTime_5 FlamingoStandTime_6 FlamingoStandTime_7 FlamingoStandTime_8
          FlamingoStandTime_9 FlamingoStandTime_10
          MaxEff_1 MaxEff_2 MaxEff_3 MaxEff_4 MaxEff_5 MaxEff_6 MaxEff_7
          MaxEff_8 MaxEff_9 MaxEff_10
          PeakFlowBestOf3_1 PeakFlowBestOf3_2 PeakFlowBestOf3_3 PeakFlowBestOf3_4
          PeakFlowBestOf3_5 PeakFlowBestOf3_6 PeakFlowBestOf3_7 PeakFlowBestOf3_8
          PeakFlowBestOf3_9 PeakFlowBestOf3_10
          UPDRS15_1 UPDRS15_2 UPDRS15_3 UPDRS15_4 UPDRS15_5 UPDRS15_6 UPDRS15_7
          UPDRS15_8 UPDRS15_9 UPDRS15_10
          UPDRS27_1 UPDRS27_2 UPDRS27_3 UPDRS27_4 UPDRS27_5 UPDRS27_6 UPDRS27_7
          UPDRS27_8 UPDRS27_9 UPDRS27_10
          UPDRS28_1 UPDRS28_2 UPDRS28_3 UPDRS28_4
          UPDRS28_5 UPDRS28_6 UPDRS28_7 UPDRS28_8 UPDRS28_9 UPDRS28_10
          UPDRS29_1 UPDRS29_2 UPDRS29_3 UPDRS29_4 UPDRS29_5 UPDRS29_6 UPDRS29_7
          UPDRS29_8 UPDRS29_9 UPDRS29_10
          EMail_1 EMail_2 EMail_3 EMail_4 EMail_5 EMail_6 EMail_7 EMail_8 EMail_9 EMail_10
          Aerobic_1 Aerobic_2 Aerobic_3 Aerobic_4 Aerobic_5 Aerobic_6 Aerobic_7
          Aerobic_8 Aerobic_9 Aerobic_10
          HrsFor2WeekLight_1 HrsFor2WeekLight_2 HrsFor2WeekLight_3 HrsFor2WeekLight_4
          HrsFor2WeekLight_5 HrsFor2WeekLight_6 HrsFor2WeekLight_7 HrsFor2WeekLight_8
          HrsFor2WeekLight_9 HrsFor2WeekLight_10
          HrsFor2WeekMedium_1 HrsFor2WeekMedium_2 HrsFor2WeekMedium_3 HrsFor2WeekMedium_4
          HrsFor2WeekMedium_5 HrsFor2WeekMedium_6 HrsFor2WeekMedium_7 HrsFor2WeekMedium_8
          HrsFor2WeekMedium_9 HrsFor2WeekMedium_10
          HrsFor2WeekHeavy_1 HrsFor2WeekHeavy_2 HrsFor2WeekHeavy_3 HrsFor2WeekHeavy_4
          HrsFor2WeekHeavy_5 HrsFor2WeekHeavy_6 HrsFor2WeekHeavy_7 HrsFor2WeekHeavy_8
          HrsFor2WeekHeavy_9 HrsFor2WeekHeavy_10
          DaysPerWeekLight_1 DaysPerWeekLight_2 DaysPerWeekLight_3 DaysPerWeekLight_4
          DaysPerWeekLight_5 DaysPerWeekLight_6 DaysPerWeekLight_7 DaysPerWeekLight_8
          DaysPerWeekLight_9 DaysPerWeekLight_10
          DaysPerWeekMedium_1 DaysPerWeekMedium_2 DaysPerWeekMedium_3 DaysPerWeekMedium_4
          DaysPerWeekMedium_5
          DaysPerWeekMedium_6 DaysPerWeekMedium_7 DaysPerWeekMedium_8 DaysPerWeekMedium_9
          DaysPerWeekMedium_10
          DaysPerWeekHeavy_1 DaysPerWeekHeavy_2 DaysPerWeekHeavy_3 DaysPerWeekHeavy_4
          DaysPerWeekHeavy_5 DaysPerWeekHeavy_6 DaysPerWeekHeavy_7 DaysPerWeekHeavy_8
          DaysPerWeekHeavy_9 DaysPerWeekHeavy_10
          CigsPerDay_1 CigsPerDay_2 CigsPerDay_3
          CigsPerDay_4 CigsPerDay_5 CigsPerDay_6 CigsPerDay_7 CigsPerDay_8
          CigsPerDay_9 CigsPerDay_10
          SmokNow_1 SmokNow_2 SmokNow_3 SmokNow_4
          SmokNow_5 SmokNow_6 SmokNow_7 SmokNow_8 SmokNow_9 SmokNow_10
          SmokEver_1 SmokEver_2 SmokEver_3 SmokEver_4 SmokEver_5 SmokEver_6 SmokEver_7
          SmokEver_8 SmokEver_9 SmokEver_10
          SmokNumYrs_1 SmokNumYrs_2 SmokNumYrs_3 SmokNumYrs_4 SmokNumYrs_5
          SmokNumYrs_6 SmokNumYrs_7 SmokNumYrs_8 SmokNumYrs_9 SmokNumYrs_10
          DrinksPerMonth_1 DrinksPerMonth_2 DrinksPerMonth_3 DrinksPerMonth_4
          DrinksPerMonth_5 DrinksPerMonth_6 DrinksPerMonth_7 DrinksPerMonth_8
          DrinksPerMonth_9 DrinksPerMonth_10
          Glucose_1 Glucose_2 Glucose_3 Glucose_4 Glucose_5 Glucose_6 Glucose_7
          Glucose_8 Glucose_9 Glucose_10
          chronicpi1 chronicpi2 chronicpi3 chronicpi4 chronicpi5 chronicpi6 chronicpi7
          chronicpi8 chronicpi9 chronicpi10
          Pdever
          Cvd cisum;
        MISSING = ALL(-9999);
               USEVAR are time1 time2 time3 time4 time5 time6 time7
                          p1 p2 p3 p4 p5 p6 p7
                         c1 c2 c3 c4 c5 c6 c7
                         Bage educ height Diab SmokHist Cardio;
               TSCORES =   time1 time2 time3 time4 time5 time6 time7 ;
              USEOBSERVATIONS are DemEver EQ 0 and sex EQ 0;
  DEFINE:
    p1=MaxEff_1; p2=MaxEff_2; p3=MaxEff_3; p4=MaxEff_4; p5=MaxEff_5; p6=MaxEff_6;
     p7=MaxEff_7; p8=MaxEff_8; p9=MaxEff_9;
  c1=Velocity_1; c2=Velocity_2; c3=Velocity_3; c4=Velocity_4; c5=Velocity_5;
  c6=Velocity_6; c7=Velocity_7; c8=Velocity_8; c9=Velocity_9;
                Bage=AgeAtWaveOne-70;
                Bagesq=(AgeatWaveOne-70)**2;
                Dage=deathage;
                Educ=Educyrs-7;
                SEP=DEMO23;
                time1=wave_1;
                time2=wave_2;
                time3=wave_3;
                time4=wave_4;
                time5=wave_5;
                time6=wave_6;
                time7=wave_7;
                time8=wave_8;
                time9=wave_9;
                time10=wave_10;
               Height=Ht_1-160;
                SmokHist=SmokEver_1;
                DepSymp = GDSScore_1;
                Cardio = cvd;
                Diab=DMever;
                AgeAtWave_1Educyrs=Bage*Educ;
  ANALYSIS:
   TYPE = RANDOM;
         ESTIMATOR=MLF;
         miterations=1000;
     h1convergence = 0.00001;
         COVERAGE = .001;
  OUTPUT:
   sampstat
  MODEL:
       ip sp | p1-p7 AT time1-time7;
       ic sc  | c1 - c7 AT time1-time7;
       ip(v_ip);
       sp(v_sp);
       ic(v_ic);
       sc(v_sc);
       ip WITH sp(c_ipsp);
       ip WITH ic(c_ipic);
       ip WITH sc (c_ipsc);
       sp WITH ic (c_spic);
       sp WITH sc (c_spsc);
       ic WITH SC (C_ICSC);

       ip sp  ic sc  ON Bage educ height smokhist cardio diab;
        c1-c7 (res_c);
         p1-p7 (res_p);
          p1-p7 pwith c1-c7(res_cov);

    MODEL CONSTRAINT:

            NEW r_ipic; !assigns labels to new parameters;
            NEW r_spsc;
            NEW r_res_pc;

            r_ipic = c_ipic/((v_ip**0.5)*(v_ic**0.5));
            r_spsc = c_spsc/((v_sp**0.5)*(v_sc**0.5));
            r_res_pc = res_cov/((res_p**0.5)*(res_c**0.5));

    OUTPUT: sampstat Cinterval;


  SAVEDATA:

  FILE IS   LASAfSlopes;

  SAVE = FSCORES;


  PLOT:   TYPE IS PLOT3;




*** WARNING
  Data set contains cases with missing on x-variables.
  These cases were not included in the analysis.
  Number of cases with missing on x-variables:  312
   1 WARNING(S) FOUND IN THE INPUT INSTRUCTIONS




M5, Grip, Gait, Fully Conditional, female

SUMMARY OF ANALYSIS

Number of groups                                                 1
Number of observations                                          72

Number of dependent variables                                   14
Number of independent variables                                  6
Number of continuous latent variables                            4

Observed dependent variables

  Continuous
   P1          P2          P3          P4          P5          P6
   P7          C1          C2          C3          C4          C5
   C6          C7

Observed independent variables
   BAGE        EDUC        HEIGHT      DIAB        SMOKHIST    CARDIO

Continuous latent variables
   IP          SP          IC          SC

Variables with special functions

  Time scores
   TIME1       TIME2       TIME3       TIME4       TIME5       TIME6
   TIME7


Estimator                                                      MLF
Information matrix                                        OBSERVED
Maximum number of iterations                                   100
Convergence criterion                                    0.100D-05
Maximum number of EM iterations                               1000
Convergence criteria for the EM algorithm
  Loglikelihood change                                   0.100D-02
  Relative loglikelihood change                          0.100D-05
  Derivative                                             0.100D-03
Minimum variance                                         0.100D-03
Maximum number of steepest descent iterations                   20
Maximum number of iterations for H1                           2000
Convergence criterion for H1                             0.100D-04
Optimization algorithm                                         EMA

Input data file(s)
  C:\Users\Andrea Zammit\Desktop\EASMaster.csv
Input data format  FREE


SUMMARY OF DATA

     Number of missing data patterns            35


COVARIANCE COVERAGE OF DATA

Minimum covariance coverage value   0.001


     PROPORTION OF DATA PRESENT


           Covariance Coverage
              P1            P2            P3            P4            P5
              ________      ________      ________      ________      ________
 P1             1.000
 P2             0.736         0.736
 P3             0.556         0.500         0.556
 P4             0.444         0.389         0.403         0.444
 P5             0.236         0.222         0.194         0.236         0.236
 P6             0.208         0.208         0.181         0.194         0.167
 P7             0.139         0.125         0.125         0.125         0.125
 C1             0.847         0.611         0.472         0.389         0.208
 C2             0.694         0.625         0.472         0.375         0.194
 C3             0.486         0.444         0.444         0.333         0.181
 C4             0.403         0.333         0.361         0.375         0.222
 C5             0.181         0.167         0.153         0.181         0.181
 C6             0.153         0.125         0.139         0.111         0.083
 C7             0.111         0.097         0.111         0.097         0.083
 BAGE           1.000         0.736         0.556         0.444         0.236
 EDUC           1.000         0.736         0.556         0.444         0.236
 HEIGHT         1.000         0.736         0.556         0.444         0.236
 DIAB           1.000         0.736         0.556         0.444         0.236
 SMOKHIST       1.000         0.736         0.556         0.444         0.236
 CARDIO         1.000         0.736         0.556         0.444         0.236


           Covariance Coverage
              P6            P7            C1            C2            C3
              ________      ________      ________      ________      ________
 P6             0.208
 P7             0.125         0.139
 C1             0.194         0.125         0.847
 C2             0.181         0.111         0.583         0.694
 C3             0.153         0.125         0.403         0.417         0.486
 C4             0.194         0.125         0.347         0.347         0.292
 C5             0.153         0.111         0.153         0.153         0.153
 C6             0.097         0.069         0.139         0.111         0.111
 C7             0.097         0.097         0.111         0.097         0.083
 BAGE           0.208         0.139         0.847         0.694         0.486
 EDUC           0.208         0.139         0.847         0.694         0.486
 HEIGHT         0.208         0.139         0.847         0.694         0.486
 DIAB           0.208         0.139         0.847         0.694         0.486
 SMOKHIST       0.208         0.139         0.847         0.694         0.486
 CARDIO         0.208         0.139         0.847         0.694         0.486


           Covariance Coverage
              C4            C5            C6            C7            BAGE
              ________      ________      ________      ________      ________
 C4             0.403
 C5             0.167         0.181
 C6             0.139         0.083         0.153
 C7             0.097         0.083         0.069         0.111
 BAGE           0.403         0.181         0.153         0.111         1.000
 EDUC           0.403         0.181         0.153         0.111         1.000
 HEIGHT         0.403         0.181         0.153         0.111         1.000
 DIAB           0.403         0.181         0.153         0.111         1.000
 SMOKHIST       0.403         0.181         0.153         0.111         1.000
 CARDIO         0.403         0.181         0.153         0.111         1.000


           Covariance Coverage
              EDUC          HEIGHT        DIAB          SMOKHIST      CARDIO
              ________      ________      ________      ________      ________
 EDUC           1.000
 HEIGHT         1.000         1.000
 DIAB           1.000         1.000         1.000
 SMOKHIST       1.000         1.000         1.000         1.000
 CARDIO         1.000         1.000         1.000         1.000         1.000


SAMPLE STATISTICS


     ESTIMATED SAMPLE STATISTICS


           Means
              P1            P2            P3            P4            P5
              ________      ________      ________      ________      ________
 1             27.153        26.715        24.668        19.524        17.336


           Means
              P6            P7            C1            C2            C3
              ________      ________      ________      ________      ________
 1             14.026        13.390       100.288        99.287        98.602


           Means
              C4            C5            C6            C7            BAGE
              ________      ________      ________      ________      ________
 1             86.894        90.793        85.653        90.950         7.964


           Means
              EDUC          HEIGHT        DIAB          SMOKHIST      CARDIO
              ________      ________      ________      ________      ________
 1              7.875        12.667         0.236         0.625         0.153


           Covariances
              P1            P2            P3            P4            P5
              ________      ________      ________      ________      ________
 P1            49.685
 P2            37.559        69.293
 P3            31.368        46.116        73.528
 P4            20.081        31.888        55.602        55.563
 P5             7.212        11.395        24.273        29.519        30.054
 P6            24.818        36.721        43.681        43.982        32.659
 P7            31.483        54.159        75.891        70.670        39.365
 C1            51.606        10.984        20.568         8.990         3.663
 C2            40.527        27.151        33.930        41.172        45.425
 C3            70.266        45.203        60.735        50.757        39.095
 C4            32.494        17.285        88.722        83.400        76.043
 C5           -11.427        -5.574        31.486        20.799        37.037
 C6            61.149        47.169        49.676        20.023         4.060
 C7             5.752       -20.244       -26.383       -30.965       -13.314
 BAGE         -15.969       -19.816       -24.684       -21.018       -17.985
 EDUC          -2.509        -4.478        -3.684         1.121        -1.027
 HEIGHT        13.537        15.162        15.224        13.529        13.097
 DIAB          -0.036        -0.480         0.153         0.016        -0.056
 SMOKHIST       0.710         0.555         0.989         1.098         1.522
 CARDIO        -0.148         0.474         0.699         0.538         0.067


           Covariances
              P6            P7            C1            C2            C3
              ________      ________      ________      ________      ________
 P6            76.790
 P7            84.813       134.903
 C1           -19.194       -59.561       382.252
 C2            42.087        24.516       212.273       268.499
 C3            81.637        44.843       248.079       204.356       381.157
 C4            71.663        73.187       200.790       230.276       302.617
 C5            35.614        12.146       152.955       219.702       201.356
 C6            -6.976         0.352       193.824       134.295       159.775
 C7           -73.940      -102.370       232.924        94.299       159.944
 BAGE         -11.668       -19.252       -15.548       -16.923       -19.526
 EDUC          -1.760        -7.378        10.372        -2.419        -6.249
 HEIGHT        35.182        33.849         0.137        24.931        15.470
 DIAB           0.061        -0.067        -0.538        -0.702        -1.524
 SMOKHIST       2.165         3.183        -0.659         1.148         1.939
 CARDIO        -0.346         0.598        -0.358        -0.133        -0.497


           Covariances
              C4            C5            C6            C7            BAGE
              ________      ________      ________      ________      ________
 C4           429.184
 C5           280.955       383.973
 C6           132.886        75.415       206.603
 C7           138.815       125.184       149.570       337.197
 BAGE         -47.586        10.183       -26.235        -2.614        26.558
 EDUC          -6.844        -5.074       -15.648        -1.978         1.205
 HEIGHT        -8.101       -10.688         9.256       -64.442        -5.409
 DIAB          -0.877         0.110        -1.874        -3.403        -0.023
 SMOKHIST       3.309         2.123        -0.904        -0.388        -0.529
 CARDIO        -0.433         1.698         0.702         1.976         0.083


           Covariances
              EDUC          HEIGHT        DIAB          SMOKHIST      CARDIO
              ________      ________      ________      ________      ________
 EDUC          11.498
 HEIGHT         0.986        52.583
 DIAB          -0.012         0.204         0.180
 SMOKHIST      -0.408         0.292         0.019         0.234
 CARDIO        -0.050        -0.157         0.006         0.030         0.157


           Correlations
              P1            P2            P3            P4            P5
              ________      ________      ________      ________      ________
 P1             1.000
 P2             0.640         1.000
 P3             0.519         0.646         1.000
 P4             0.382         0.514         0.870         1.000
 P5             0.187         0.250         0.516         0.722         1.000
 P6             0.402         0.503         0.581         0.673         0.680
 P7             0.385         0.560         0.762         0.816         0.618
 C1             0.374         0.067         0.123         0.062         0.034
 C2             0.351         0.199         0.241         0.337         0.506
 C3             0.511         0.278         0.363         0.349         0.365
 C4             0.223         0.100         0.499         0.540         0.670
 C5            -0.083        -0.034         0.187         0.142         0.345
 C6             0.604         0.394         0.403         0.187         0.052
 C7             0.044        -0.132        -0.168        -0.226        -0.132
 BAGE          -0.440        -0.462        -0.559        -0.547        -0.637
 EDUC          -0.105        -0.159        -0.127         0.044        -0.055
 HEIGHT         0.265         0.251         0.245         0.250         0.329
 DIAB          -0.012        -0.136         0.042         0.005        -0.024
 SMOKHIST       0.208         0.138         0.238         0.304         0.574
 CARDIO        -0.053         0.144         0.206         0.182         0.031


           Correlations
              P6            P7            C1            C2            C3
              ________      ________      ________      ________      ________
 P6             1.000
 P7             0.833         1.000
 C1            -0.112        -0.262         1.000
 C2             0.293         0.129         0.663         1.000
 C3             0.477         0.198         0.650         0.639         1.000
 C4             0.395         0.304         0.496         0.678         0.748
 C5             0.207         0.053         0.399         0.684         0.526
 C6            -0.055         0.002         0.690         0.570         0.569
 C7            -0.460        -0.480         0.649         0.313         0.446
 BAGE          -0.258        -0.322        -0.154        -0.200        -0.194
 EDUC          -0.059        -0.187         0.156        -0.044        -0.094
 HEIGHT         0.554         0.402         0.001         0.210         0.109
 DIAB           0.016        -0.013        -0.065        -0.101        -0.184
 SMOKHIST       0.510         0.566        -0.070         0.145         0.205
 CARDIO        -0.100         0.130        -0.046        -0.020        -0.064


           Correlations
              C4            C5            C6            C7            BAGE
              ________      ________      ________      ________      ________
 C4             1.000
 C5             0.692         1.000
 C6             0.446         0.268         1.000
 C7             0.365         0.348         0.567         1.000
 BAGE          -0.446         0.101        -0.354        -0.028         1.000
 EDUC          -0.097        -0.076        -0.321        -0.032         0.069
 HEIGHT        -0.054        -0.075         0.089        -0.484        -0.145
 DIAB          -0.100         0.013        -0.307        -0.436        -0.011
 SMOKHIST       0.330         0.224        -0.130        -0.044        -0.212
 CARDIO        -0.053         0.219         0.123         0.271         0.041


           Correlations
              EDUC          HEIGHT        DIAB          SMOKHIST      CARDIO
              ________      ________      ________      ________      ________
 EDUC           1.000
 HEIGHT         0.040         1.000
 DIAB          -0.008         0.066         1.000
 SMOKHIST      -0.249         0.083         0.093         1.000
 CARDIO        -0.037        -0.055         0.033         0.154         1.000


     MAXIMUM LOG-LIKELIHOOD VALUE FOR THE UNRESTRICTED (H1) MODEL IS -1938.153


UNIVARIATE HIGHER-ORDER MOMENT DESCRIPTIVE STATISTICS


     UNIVARIATE HIGHER-ORDER MOMENT DESCRIPTIVE STATISTICS

         Variable/         Mean/     Skewness/   Minimum/ % with                Percentiles
        Sample Size      Variance    Kurtosis    Maximum  Min/Max      20%/60%    40%/80%    Median

     P1                   27.153       0.099      10.000    1.39%      22.000     26.000     28.000
              72.000      49.685       0.597      48.000    1.39%      28.000     32.000
     P2                   25.566       0.351       8.000    1.89%      20.000     22.000     24.000
              53.000      60.132       0.360      50.000    1.89%      28.000     32.000
     P3                   23.800       0.789       6.000    2.50%      16.000     20.000     21.000
              40.000      79.960       0.576      50.000    2.50%      24.000     32.000
     P4                   19.000       0.520       8.000    3.12%      14.000     16.000     18.000
              32.000      42.500      -0.591      32.000    6.25%      20.000     24.000
     P5                   16.941       0.293      12.000   29.41%      12.000     14.000     18.000
              17.000      17.467      -0.887      26.000    5.88%      18.000     20.000
     P6                   15.200       0.040       8.000   20.00%       8.000     16.000     16.000
              15.000      26.027      -0.641      26.000    6.67%      18.000     18.000
     P7                   15.600       0.888       6.000   10.00%       8.000     10.000     13.000
              10.000      77.440      -0.408      34.000   10.00%      16.000     18.000
     C1                  102.762      -0.035      68.000    1.64%      84.800     97.300    102.000
              61.000     319.968      -0.825     141.300    1.64%     110.300    118.000
     C2                  100.780      -0.161      57.400    2.00%      87.400     98.000    102.550
              50.000     269.638       0.444     142.600    2.00%     105.700    112.600
     C3                   95.649       0.453      62.300    2.86%      78.200     86.800     93.600
              35.000     338.670      -0.273     137.800    2.86%      97.100    107.900
     C4                   89.079       0.295      60.300    3.45%      70.800     81.400     85.800
              29.000     376.556      -0.931     132.600    3.45%      86.900    109.400
     C5                   95.723       0.390      69.000    7.69%      82.300     89.400     94.300
              13.000     244.854      -0.554     125.300    7.69%      96.500    101.700
     C6                   86.164      -0.663      49.000    9.09%      71.800     79.300     81.900
              11.000     283.253      -0.354     104.600    9.09%      98.500    103.000
     C7                   91.087       0.337      62.400   12.50%      75.800     79.300     93.850
               8.000     319.996      -0.219     126.200   12.50%      93.900     97.700
     BAGE                  7.964       0.220      -0.379    1.39%       2.605      6.211      7.394
              72.000      26.558      -1.147      18.821    1.39%       9.154     14.101
     EDUC                  7.875      -0.365      -1.000    2.78%       5.000      7.000      8.000
              72.000      11.498      -0.281      13.000   11.11%       9.000     11.000
     HEIGHT               12.667      -0.151      -9.000    1.39%       6.000     11.000     12.000
              72.000      52.583       0.043      30.000    1.39%      15.000     20.000
     DIAB                  0.236       1.243       0.000   76.39%       0.000      0.000      0.000
              72.000       0.180      -0.456       1.000   23.61%       0.000      1.000
     SMOKHIST              0.625      -0.516       0.000   37.50%       0.000      1.000      1.000
              72.000       0.234      -1.733       1.000   62.50%       1.000      1.000
     CARDIO                0.153       2.575       0.000   86.11%       0.000      0.000      0.000
              72.000       0.157       6.167       2.000    1.39%       0.000      0.000


THE MODEL ESTIMATION TERMINATED NORMALLY



MODEL FIT INFORMATION

Number of Free Parameters                       41

Loglikelihood

          H0 Value                       -1553.147

Information Criteria

          Akaike (AIC)                    3188.293
          Bayesian (BIC)                  3281.637
          Sample-Size Adjusted BIC        3152.460
            (n* = (n + 2) / 24)



MODEL RESULTS

                                                    Two-Tailed
                    Estimate       S.E.  Est./S.E.    P-Value

 IP         ON
    BAGE              -0.547      0.326     -1.675      0.094
    EDUC              -0.256      0.485     -0.528      0.597
    HEIGHT             0.211      0.236      0.894      0.372
    SMOKHIST          -0.225      3.300     -0.068      0.946
    CARDIO            -0.357      3.204     -0.112      0.911
    DIAB              -0.394      3.700     -0.106      0.915

 SP         ON
    BAGE              -0.033      0.134     -0.244      0.807
    EDUC               0.023      0.153      0.151      0.880
    HEIGHT             0.002      0.096      0.019      0.985
    SMOKHIST           0.446      0.892      0.500      0.617
    CARDIO             0.768      1.460      0.526      0.599
    DIAB              -0.475      1.827     -0.260      0.795

 IC         ON
    BAGE              -0.538      0.610     -0.882      0.378
    EDUC               0.691      1.150      0.600      0.548
    HEIGHT             0.080      0.452      0.177      0.859
    SMOKHIST          -0.781      8.006     -0.098      0.922
    CARDIO            -2.562     12.211     -0.210      0.834
    DIAB              -4.713      8.790     -0.536      0.592

 SC         ON
    BAGE              -0.086      0.318     -0.269      0.788
    EDUC              -0.279      0.255     -1.096      0.273
    HEIGHT             0.015      0.211      0.072      0.942
    SMOKHIST           0.664      2.715      0.244      0.807
    CARDIO             0.421      4.090      0.103      0.918
    DIAB               0.040      3.263      0.012      0.990

 IP       WITH
    SP                -2.274      3.722     -0.611      0.541
    IC                23.893     37.413      0.639      0.523
    SC                 1.102     12.825      0.086      0.932

 SP       WITH
    IC                -4.566     13.922     -0.328      0.743
    SC                 0.183      2.276      0.080      0.936

 IC       WITH
    SC                -0.004     19.875      0.000      1.000

 P1       WITH
    C1                 7.758     10.595      0.732      0.464

 P2       WITH
    C2                 7.758     10.595      0.732      0.464

 P3       WITH
    C3                 7.758     10.595      0.732      0.464

 P4       WITH
    C4                 7.758     10.595      0.732      0.464

 P5       WITH
    C5                 7.758     10.595      0.732      0.464

 P6       WITH
    C6                 7.758     10.595      0.732      0.464

 P7       WITH
    C7                 7.758     10.595      0.732      0.464

 Intercepts
    P1                 0.000      0.000    999.000    999.000
    P2                 0.000      0.000    999.000    999.000
    P3                 0.000      0.000    999.000    999.000
    P4                 0.000      0.000    999.000    999.000
    P5                 0.000      0.000    999.000    999.000
    P6                 0.000      0.000    999.000    999.000
    P7                 0.000      0.000    999.000    999.000
    C1                 0.000      0.000    999.000    999.000
    C2                 0.000      0.000    999.000    999.000
    C3                 0.000      0.000    999.000    999.000
    C4                 0.000      0.000    999.000    999.000
    C5                 0.000      0.000    999.000    999.000
    C6                 0.000      0.000    999.000    999.000
    C7                 0.000      0.000    999.000    999.000
    IP                33.773      7.418      4.553      0.000
    SP                -2.419      2.717     -0.890      0.373
    IC               105.428     15.429      6.833      0.000
    SC                -1.237      5.304     -0.233      0.816

 Residual Variances
    P1                17.304      4.728      3.660      0.000
    P2                17.304      4.728      3.660      0.000
    P3                17.304      4.728      3.660      0.000
    P4                17.304      4.728      3.660      0.000
    P5                17.304      4.728      3.660      0.000
    P6                17.304      4.728      3.660      0.000
    P7                17.304      4.728      3.660      0.000
    C1                75.384     31.902      2.363      0.018
    C2                75.384     31.902      2.363      0.018
    C3                75.384     31.902      2.363      0.018
    C4                75.384     31.902      2.363      0.018
    C5                75.384     31.902      2.363      0.018
    C6                75.384     31.902      2.363      0.018
    C7                75.384     31.902      2.363      0.018
    IP                26.838     16.359      1.641      0.101
    SP                 0.727      1.200      0.606      0.545
    IC               213.712    102.287      2.089      0.037
    SC                 0.773      7.950      0.097      0.922

New/Additional Parameters
    R_IPIC             0.315      0.450      0.701      0.483
    R_SPSC             0.244      2.858      0.085      0.932
    R_RES_PC           0.215      0.251      0.856      0.392


QUALITY OF NUMERICAL RESULTS

     Condition Number for the Information Matrix              0.874E-09
       (ratio of smallest to largest eigenvalue)


CONFIDENCE INTERVALS OF MODEL RESULTS

                  Lower .5%  Lower 2.5%    Lower 5%    Estimate    Upper 5%  Upper 2.5%   Upper .5%

 IP       ON
    BAGE            -1.388      -1.187      -1.084      -0.547      -0.010       0.093       0.294
    EDUC            -1.505      -1.206      -1.054      -0.256       0.541       0.694       0.993
    HEIGHT          -0.397      -0.251      -0.177       0.211       0.599       0.673       0.818
    SMOKHIST        -8.724      -6.692      -5.653      -0.225       5.203       6.242       8.274
    CARDIO          -8.610      -6.637      -5.628      -0.357       4.913       5.922       7.895
    DIAB            -9.924      -7.646      -6.480      -0.394       5.693       6.858       9.137

 SP       ON
    BAGE            -0.377      -0.294      -0.252      -0.033       0.187       0.229       0.311
    EDUC            -0.371      -0.277      -0.228       0.023       0.275       0.323       0.417
    HEIGHT          -0.245      -0.186      -0.156       0.002       0.160       0.190       0.249
    SMOKHIST        -1.852      -1.303      -1.022       0.446       1.913       2.194       2.743
    CARDIO          -2.992      -2.093      -1.633       0.768       3.170       3.630       4.529
    DIAB            -5.181      -4.056      -3.480      -0.475       2.530       3.105       4.230

 IC       ON
    BAGE            -2.108      -1.733      -1.541      -0.538       0.466       0.658       1.033
    EDUC            -2.273      -1.564      -1.202       0.691       2.583       2.946       3.654
    HEIGHT          -1.084      -0.806      -0.664       0.080       0.824       0.966       1.244
    SMOKHIST       -21.403     -16.473     -13.951      -0.781      12.388      14.910      19.840
    CARDIO         -34.016     -26.496     -22.649      -2.562      17.526      21.372      28.892
    DIAB           -27.353     -21.940     -19.172      -4.713       9.746      12.515      17.928

 SC       ON
    BAGE            -0.905      -0.709      -0.609      -0.086       0.438       0.538       0.734
    EDUC            -0.935      -0.778      -0.698      -0.279       0.140       0.220       0.377
    HEIGHT          -0.528      -0.398      -0.332       0.015       0.362       0.428       0.558
    SMOKHIST        -6.330      -4.658      -3.803       0.664       5.130       5.986       7.658
    CARDIO         -10.114      -7.596      -6.307       0.421       7.149       8.438      10.957
    DIAB            -8.366      -6.357      -5.329       0.040       5.408       6.436       8.446

 IP       WITH
    SP             -11.860      -9.568      -8.396      -2.274       3.848       5.020       7.312
    IC             -72.475     -49.436     -37.651      23.893      85.436      97.221     120.260
    SC             -31.933     -24.035     -19.995       1.102      22.200      26.240      34.138

 SP       WITH
    IC             -40.425     -31.852     -27.467      -4.566      18.335      22.720      31.293
    SC              -5.678      -4.277      -3.560       0.183       3.926       4.643       6.044

 IC       WITH
    SC             -51.198     -38.959     -32.699      -0.004      32.690      38.951      51.190

 P1       WITH
    C1             -19.533     -13.008      -9.671       7.758      25.187      28.525      35.049

 P2       WITH
    C2             -19.533     -13.008      -9.671       7.758      25.187      28.525      35.049

 P3       WITH
    C3             -19.533     -13.008      -9.671       7.758      25.187      28.525      35.049

 P4       WITH
    C4             -19.533     -13.008      -9.671       7.758      25.187      28.525      35.049

 P5       WITH
    C5             -19.533     -13.008      -9.671       7.758      25.187      28.525      35.049

 P6       WITH
    C6             -19.533     -13.008      -9.671       7.758      25.187      28.525      35.049

 P7       WITH
    C7             -19.533     -13.008      -9.671       7.758      25.187      28.525      35.049

 Intercepts
    P1               0.000       0.000       0.000       0.000       0.000       0.000       0.000
    P2               0.000       0.000       0.000       0.000       0.000       0.000       0.000
    P3               0.000       0.000       0.000       0.000       0.000       0.000       0.000
    P4               0.000       0.000       0.000       0.000       0.000       0.000       0.000
    P5               0.000       0.000       0.000       0.000       0.000       0.000       0.000
    P6               0.000       0.000       0.000       0.000       0.000       0.000       0.000
    P7               0.000       0.000       0.000       0.000       0.000       0.000       0.000
    C1               0.000       0.000       0.000       0.000       0.000       0.000       0.000
    C2               0.000       0.000       0.000       0.000       0.000       0.000       0.000
    C3               0.000       0.000       0.000       0.000       0.000       0.000       0.000
    C4               0.000       0.000       0.000       0.000       0.000       0.000       0.000
    C5               0.000       0.000       0.000       0.000       0.000       0.000       0.000
    C6               0.000       0.000       0.000       0.000       0.000       0.000       0.000
    C7               0.000       0.000       0.000       0.000       0.000       0.000       0.000
    IP              14.665      19.233      21.570      33.773      45.976      48.312      52.881
    SP              -9.419      -7.746      -6.890      -2.419       2.051       2.907       4.580
    IC              65.687      75.188      80.048     105.428     130.808     135.668     145.169
    SC             -14.898     -11.632      -9.961      -1.237       7.488       9.158      12.424

 Residual Variances
    P1               5.125       8.037       9.526      17.304      25.081      26.570      29.482
    P2               5.125       8.037       9.526      17.304      25.081      26.570      29.482
    P3               5.125       8.037       9.526      17.304      25.081      26.570      29.482
    P4               5.125       8.037       9.526      17.304      25.081      26.570      29.482
    P5               5.125       8.037       9.526      17.304      25.081      26.570      29.482
    P6               5.125       8.037       9.526      17.304      25.081      26.570      29.482
    P7               5.125       8.037       9.526      17.304      25.081      26.570      29.482
    C1              -6.789      12.856      22.905      75.384     127.863     137.913     157.558
    C2              -6.789      12.856      22.905      75.384     127.863     137.913     157.558
    C3              -6.789      12.856      22.905      75.384     127.863     137.913     157.558
    C4              -6.789      12.856      22.905      75.384     127.863     137.913     157.558
    C5              -6.789      12.856      22.905      75.384     127.863     137.913     157.558
    C6              -6.789      12.856      22.905      75.384     127.863     137.913     157.558
    C7              -6.789      12.856      22.905      75.384     127.863     137.913     157.558
    IP             -15.299      -5.225      -0.072      26.838      53.748      58.901      68.975
    SP              -2.365      -1.626      -1.247       0.727       2.702       3.080       3.820
    IC             -49.758      13.230      45.450     213.712     381.973     414.193     477.182
    SC             -19.704     -14.809     -12.304       0.773      13.851      16.356      21.251

New/Additional Parameters
    R_IPIC          -0.843      -0.566      -0.425       0.315       1.056       1.197       1.474
    R_SPSC          -7.117      -5.357      -4.457       0.244       4.945       5.845       7.605
    R_RES_PC        -0.432      -0.277      -0.198       0.215       0.628       0.707       0.861


SAMPLE STATISTICS FOR ESTIMATED FACTOR SCORES


     SAMPLE STATISTICS


           Means
              IP            IP_SE         SP            SP_SE         IC
              ________      ________      ________      ________      ________
 1             29.782         2.893        -2.190         0.730       105.609


           Means
              IC_SE         SC            SC_SE
              ________      ________      ________
 1              5.809        -3.433         0.805


           Covariances
              IP            IP_SE         SP            SP_SE         IC
              ________      ________      ________      ________      ________
 IP            30.763
 IP_SE         -0.009         0.078
 SP            -0.416         0.060         0.409
 SP_SE         -0.018         0.013         0.008         0.007
 IC            27.386        -0.494        -3.079        -0.148       195.512
 IC_SE         -1.476         0.385         0.188         0.085        -2.752
 SC             3.821         0.040         0.214         0.000        -0.228
 SC_SE         -0.025         0.009         0.004         0.004        -0.080


           Covariances
              IC_SE         SC            SC_SE
              ________      ________      ________
 IC_SE          3.441
 SC            -0.071         1.659
 SC_SE          0.056        -0.001         0.002


           Correlations
              IP            IP_SE         SP            SP_SE         IC
              ________      ________      ________      ________      ________
 IP             1.000
 IP_SE         -0.006         1.000
 SP            -0.117         0.338         1.000
 SP_SE         -0.040         0.570         0.155         1.000
 IC             0.353        -0.127        -0.344        -0.131         1.000
 IC_SE         -0.143         0.745         0.159         0.566        -0.106
 SC             0.535         0.110         0.260        -0.004        -0.013
 SC_SE         -0.094         0.670         0.125         0.937        -0.120


           Correlations
              IC_SE         SC            SC_SE
              ________      ________      ________
 IC_SE          1.000
 SC            -0.030         1.000
 SC_SE          0.632        -0.016         1.000


PLOT INFORMATION

The following plots are available:

  Histograms (sample values, estimated factor scores)
  Scatterplots (sample values, estimated factor scores)
  Latent variable distribution plots

SAVEDATA INFORMATION


  Save file
    LASAfSlopes

  Order and format of variables

    P1             F10.3
    P2             F10.3
    P3             F10.3
    P4             F10.3
    P5             F10.3
    P6             F10.3
    P7             F10.3
    C1             F10.3
    C2             F10.3
    C3             F10.3
    C4             F10.3
    C5             F10.3
    C6             F10.3
    C7             F10.3
    BAGE           F10.3
    EDUC           F10.3
    HEIGHT         F10.3
    DIAB           F10.3
    SMOKHIST       F10.3
    CARDIO         F10.3
    TIME1          F10.3
    TIME2          F10.3
    TIME3          F10.3
    TIME4          F10.3
    TIME5          F10.3
    TIME6          F10.3
    TIME7          F10.3
    IP             F10.3
    IP_SE          F10.3
    SP             F10.3
    SP_SE          F10.3
    IC             F10.3
    IC_SE          F10.3
    SC             F10.3
    SC_SE          F10.3

  Save file format
    35F10.3

  Save file record length    10000


DIAGRAM INFORMATION

  Use View Diagram under the Diagram menu in the Mplus Editor to view the diagram.
  If running Mplus from the Mplus Diagrammer, the diagram opens automatically.

  Diagram output
    c:\users\andrea zammit\documents\github\ialsa-2015-portland\studies\eas\physicaloct23\b1_male_ae

     Beginning Time:  20:58:34
        Ending Time:  20:58:36
       Elapsed Time:  00:00:02



MUTHEN & MUTHEN
3463 Stoner Ave.
Los Angeles, CA  90066

Tel: (310) 391-9971
Fax: (310) 391-8971
Web: www.StatModel.com
Support: Support@StatModel.com

Copyright (c) 1998-2014 Muthen & Muthen
