Mplus VERSION 7.4 (Mac)
MUTHEN & MUTHEN
02/08/2017  10:35 PM

INPUT INSTRUCTIONS

  TITLE:
  Script produced from the prototype in ./sandbox/syntax-creator/
  DATA:
  File = wide-dataset.dat ;
  VARIABLE:
  NAMES are
   id male age_c70 edu_c7 htm_c smoke cardio diabetes dementia_ever
      dementia_baseline bnt_00 bnt_01 bnt_02 bnt_03 bnt_04 bnt_05 bnt_06 bnt_07
      bnt_08 bnt_09 bnt_10 bnt_11 bnt_12 bnt_13 bnt_14 bnt_15 bnt_16 bnt_17
      bnt_18 bostordel_00 bostordel_01 bostordel_02 bostordel_03 bostordel_04
      bostordel_05 bostordel_06 bostordel_07 bostordel_08 bostordel_09 bostordel_10
      bostordel_11 bostordel_12 bostordel_13 bostordel_14 bostordel_15 bostordel_16
      bostordel_17 bostordel_18 bostorim_00 bostorim_01 bostorim_02 bostorim_03
      bostorim_04 bostorim_05 bostorim_06 bostorim_07 bostorim_08 bostorim_09
      bostorim_10 bostorim_11 bostorim_12 bostorim_13 bostorim_14 bostorim_15
      bostorim_16 bostorim_17 bostorim_18 catfluency_00 catfluency_01 catfluency_02
      catfluency_03 catfluency_04 catfluency_05 catfluency_06 catfluency_07
      catfluency_08 catfluency_09 catfluency_10 catfluency_11 catfluency_12
      catfluency_13 catfluency_14 catfluency_15 catfluency_16 catfluency_17
      catfluency_18 complexideas_00 complexideas_01 complexideas_02 complexideas_03
      complexideas_04 complexideas_05 complexideas_06 complexideas_07 complexideas_08
      complexideas_09 complexideas_10 complexideas_11 complexideas_12 complexideas_13
      complexideas_14 complexideas_15 complexideas_16 complexideas_17 complexideas_18
      digitbackward_00 digitbackward_01 digitbackward_02 digitbackward_03
      digitbackward_04 digitbackward_05 digitbackward_06 digitbackward_07
      digitbackward_08 digitbackward_09 digitbackward_10 digitbackward_11
      digitbackward_12 digitbackward_13 digitbackward_14 digitbackward_15
      digitbackward_16 digitbackward_17 digitbackward_18 digitforward_00
      digitforward_01 digitforward_02 digitforward_03 digitforward_04 digitforward_05
      digitforward_06 digitforward_07 digitforward_08 digitforward_09 digitforward_10
      digitforward_11 digitforward_12 digitforward_13 digitforward_14 digitforward_15
      digitforward_16 digitforward_17 digitforward_18 digitorder_00 digitorder_01
      digitorder_02 digitorder_03 digitorder_04 digitorder_05 digitorder_06
      digitorder_07 digitorder_08 digitorder_09 digitorder_10 digitorder_11
      digitorder_12 digitorder_13 digitorder_14 digitorder_15 digitorder_16
      digitorder_17 digitorder_18 fev_00 fev_01 fev_02 fev_03 fev_04 fev_05 fev_06
      fev_07 fev_08 fev_09 fev_10 fev_11 fev_12 fev_13 fev_14 fev_15 fev_16 fev_17
      fev_18 fev100_00 fev100_01 fev100_02 fev100_03 fev100_04 fev100_05 fev100_06
      fev100_07 fev100_08 fev100_09 fev100_10 fev100_11 fev100_12 fev100_13 fev100_14
      fev100_15 fev100_16 fev100_17 fev100_18 gait_00 gait_01 gait_02 gait_03 gait_04
      gait_05 gait_06 gait_07 gait_08 gait_09 gait_10 gait_11 gait_12 gait_13 gait_14
      gait_15 gait_16 gait_17 gait_18 grip_00 grip_01 grip_02 grip_03 grip_04 grip_05
      grip_06 grip_07 grip_08 grip_09 grip_10 grip_11 grip_12 grip_13 grip_14 grip_15
      grip_16 grip_17 grip_18 lineorientation_00 lineorientation_01 lineorientation_02
      lineorientation_03 lineorientation_04 lineorientation_05 lineorientation_06
      lineorientation_07 lineorientation_08 lineorientation_09 lineorientation_10
      lineorientation_11 lineorientation_12 lineorientation_13 lineorientation_14
      lineorientation_15 lineorientation_16 lineorientation_17 lineorientation_18
      logimemdel_00 logimemdel_01 logimemdel_02 logimemdel_03 logimemdel_04
      logimemdel_05 logimemdel_06 logimemdel_07 logimemdel_08 logimemdel_09
      logimemdel_10 logimemdel_11 logimemdel_12 logimemdel_13 logimemdel_14
      logimemdel_15 logimemdel_16 logimemdel_17 logimemdel_18 logimemim_00
      logimemim_01 logimemim_02 logimemim_03 logimemim_04 logimemim_05 logimemim_06
      logimemim_07 logimemim_08 logimemim_09 logimemim_10 logimemim_11 logimemim_12
      logimemim_13 logimemim_14 logimemim_15 logimemim_16 logimemim_17 logimemim_18
      matrices_00 matrices_01 matrices_02 matrices_03 matrices_04 matrices_05
      matrices_06 matrices_07 matrices_08 matrices_09 matrices_10 matrices_11
      matrices_12 matrices_13 matrices_14 matrices_15 matrices_16 matrices_17
      matrices_18 mmse_00 mmse_01 mmse_02 mmse_03 mmse_04 mmse_05 mmse_06 mmse_07
      mmse_08 mmse_09 mmse_10 mmse_11 mmse_12 mmse_13 mmse_14 mmse_15 mmse_16 mmse_17
      mmse_18 nart_00 nart_01 nart_02 nart_03 nart_04 nart_05 nart_06 nart_07 nart_08
      nart_09 nart_10 nart_11 nart_12 nart_13 nart_14 nart_15 nart_16 nart_17 nart_18
      numbercomparison_00 numbercomparison_01 numbercomparison_02 numbercomparison_03
      numbercomparison_04 numbercomparison_05 numbercomparison_06 numbercomparison_07
      numbercomparison_08 numbercomparison_09 numbercomparison_10 numbercomparison_11
      numbercomparison_12 numbercomparison_13 numbercomparison_14 numbercomparison_15
      numbercomparison_16 numbercomparison_17 numbercomparison_18 symbol_00
      symbol_01 symbol_02 symbol_03 symbol_04 symbol_05 symbol_06 symbol_07 symbol_08
      symbol_09 symbol_10 symbol_11 symbol_12 symbol_13 symbol_14 symbol_15 symbol_16
      symbol_17 symbol_18 wordlistdel_00 wordlistdel_01 wordlistdel_02 wordlistdel_03
      wordlistdel_04 wordlistdel_05 wordlistdel_06 wordlistdel_07 wordlistdel_08
      wordlistdel_09 wordlistdel_10 wordlistdel_11 wordlistdel_12 wordlistdel_13
      wordlistdel_14 wordlistdel_15 wordlistdel_16 wordlistdel_17 wordlistdel_18
      wordlistim_00 wordlistim_01 wordlistim_02 wordlistim_03 wordlistim_04
      wordlistim_05 wordlistim_06 wordlistim_07 wordlistim_08 wordlistim_09
      wordlistim_10 wordlistim_11 wordlistim_12 wordlistim_13 wordlistim_14
      wordlistim_15 wordlistim_16 wordlistim_17 wordlistim_18 wordlistrecog_00
      wordlistrecog_01 wordlistrecog_02 wordlistrecog_03 wordlistrecog_04
      wordlistrecog_05 wordlistrecog_06 wordlistrecog_07 wordlistrecog_08
      wordlistrecog_09 wordlistrecog_10 wordlistrecog_11 wordlistrecog_12
      wordlistrecog_13 wordlistrecog_14 wordlistrecog_15 wordlistrecog_16
      wordlistrecog_17 wordlistrecog_18 years_since_bl_00 years_since_bl_01
      years_since_bl_02 years_since_bl_03 years_since_bl_04 years_since_bl_05
      years_since_bl_06 years_since_bl_07 years_since_bl_08 years_since_bl_09
      years_since_bl_10 years_since_bl_11 years_since_bl_12 years_since_bl_13
      years_since_bl_14 years_since_bl_15 years_since_bl_16 years_since_bl_17
      years_since_bl_18
  	;
  Missing are all (-9999);
  USEVARIABLES are
  	!define the variables used in the analysis
  	! covariates used in the model
  age_c70
  edu_c7
  htm_c	
  	!estimated time points
  time_00
  time_01
  time_02
  time_03
  time_04
  	!modelled time points of process (A)
  a_00
  a_01
  a_02
  a_03
  a_04
  	!modelled time points of process (B)
  b_00
  b_01
  b_02
  b_03
  b_04
  ;
  TSCORES are
  	!estimated time points
  time_00
  time_01
  time_02
  time_03
  time_04;
  USEOBSERVATIONS are
  	!select a subset of observations
  male EQ 1
  and
  dementia_baseline NE 1
  ;
  DEFINE:
  	! assign variables to the process (A)
  a_00=gait_00;
  a_01=gait_01;
  a_02=gait_02;
  a_03=gait_03;
  a_04=gait_04;
  	! assign variables to the process (B)
  b_00=logimemim_00;
  b_01=logimemim_01;
  b_02=logimemim_02;
  b_03=logimemim_03;
  b_04=logimemim_04;
  	!assign variables to time points
  time_00=years_since_bl_00;
  time_01=years_since_bl_01;
  time_02=years_since_bl_02;
  time_03=years_since_bl_03;
  time_04=years_since_bl_04;
  	
  ANALYSIS:
  TYPE = RANDOM;
  COVERAGE=.00;
  MODEL:
  	!first-level equation
  	! assign process (A) to time points
  ia sa | a_00 AT time_00 ;
  ia sa | a_01 AT time_01 ;
  ia sa | a_02 AT time_02 ;
  ia sa | a_03 AT time_03 ;
  ia sa | a_04 AT time_04 ;
  	! assign process (B) to time points
  ib sb | b_00 AT time_00 ;
  ib sb | b_01 AT time_01 ;
  ib sb | b_02 AT time_02 ;
  ib sb | b_03 AT time_03 ;
  ib sb | b_04 AT time_04 ;
  	!variance of the first-level terms
  ia (v_ia);
  sa (v_sa);
  ib (v_ib);
  sb (v_sb);
  	!covariance among first-level terms
  ia WITH sa (c_iasa);
  ia WITH ib (c_iaib);
  ia WITH sb (c_iasb);
  sa WITH ib (c_saib);
  sa WITH sb (c_sasb);
  ib WITH sb (c_ibsb);
  	!second-level equation
  ia sa ib sb ON age_c70
  edu_c7
  htm_c;
  	!residual covariance of process (A)
  a_00 (res_a);
  a_01 (res_a);
  a_02 (res_a);
  a_03 (res_a);
  a_04 (res_a);	
  	!residual covariance of process (B)
  b_00 (res_b);
  b_01 (res_b);
  b_02 (res_b);
  b_03 (res_b);
  b_04 (res_b);	
  	!Paired covariances constrained to be equal across t
  a_00 pwith b_00 (res_cov);
  a_01 pwith b_01 (res_cov);
  a_02 pwith b_02 (res_cov);
  a_03 pwith b_03 (res_cov);
  a_04 pwith b_04 (res_cov);	
  MODEL CONSTRAINT:
  	!assigns labels to new parameters;
  NEW r_iaib;
  NEW r_sasb;
  NEW r_res_ab;
  	!compute confidence intervals for correlation coefficients;
  r_iaib = c_iaib/((v_ia**0.5)*(v_ib**0.5));
  r_sasb = c_sasb/((v_sa**0.5)*(v_sb**0.5));
  r_res_ab = res_cov/((res_a**0.5)*(res_b**0.5));
  SAVEDATA:
  FILE is   b1_male_aeh_gait_logimemim_fscores.dat;
  SAVE = FSCORES;
  RESULTS are   b1_male_aeh_gait_logimemim_results.dat;
  	
  OUTPUT: sampstat cinterval;
  PLOT: Type is Plot1 Plot2 Plot3;



*** WARNING
  Data set contains cases with missing on x-variables.
  These cases were not included in the analysis.
  Number of cases with missing on x-variables:  6
   1 WARNING(S) FOUND IN THE INPUT INSTRUCTIONS




Script produced from the prototype in ./sandbox/syntax-creator/

SUMMARY OF ANALYSIS

Number of groups                                                 1
Number of observations                                         436

Number of dependent variables                                   10
Number of independent variables                                  3
Number of continuous latent variables                            4

Observed dependent variables

  Continuous
   A_00        A_01        A_02        A_03        A_04        B_00
   B_01        B_02        B_03        B_04

Observed independent variables
   AGE_C70     EDU_C7      HTM_C

Continuous latent variables
   IA          SA          IB          SB

Variables with special functions

  Time scores
   TIME_00     TIME_01     TIME_02     TIME_03     TIME_04


Estimator                                                      MLR
Information matrix                                        OBSERVED
Maximum number of iterations                                   100
Convergence criterion                                    0.100D-05
Maximum number of EM iterations                                500
Convergence criteria for the EM algorithm
  Loglikelihood change                                   0.100D-02
  Relative loglikelihood change                          0.100D-05
  Derivative                                             0.100D-03
Minimum variance                                         0.100D-03
Maximum number of steepest descent iterations                   20
Maximum number of iterations for H1                           2000
Convergence criterion for H1                             0.100D-03
Optimization algorithm                                         EMA

Input data file(s)
  wide-dataset.dat
Input data format  FREE


SUMMARY OF DATA

     Number of missing data patterns            50


COVARIANCE COVERAGE OF DATA

Minimum covariance coverage value   0.000


     PROPORTION OF DATA PRESENT


           Covariance Coverage
              A_00          A_01          A_02          A_03          A_04
              ________      ________      ________      ________      ________
 A_00           0.931
 A_01           0.734         0.759
 A_02           0.608         0.601         0.638
 A_03           0.518         0.505         0.482         0.546
 A_04           0.461         0.447         0.433         0.429         0.482
 B_00           0.931         0.759         0.638         0.546         0.482
 B_01           0.821         0.757         0.628         0.537         0.472
 B_02           0.713         0.674         0.635         0.528         0.470
 B_03           0.619         0.589         0.555         0.546         0.468
 B_04           0.530         0.502         0.482         0.472         0.479
 AGE_C70        0.931         0.759         0.638         0.546         0.482
 EDU_C7         0.931         0.759         0.638         0.546         0.482
 HTM_C          0.931         0.759         0.638         0.546         0.482


           Covariance Coverage
              B_00          B_01          B_02          B_03          B_04
              ________      ________      ________      ________      ________
 B_00           1.000
 B_01           0.872         0.872
 B_02           0.764         0.748         0.764
 B_03           0.670         0.656         0.644         0.670
 B_04           0.573         0.557         0.553         0.555         0.573
 AGE_C70        1.000         0.872         0.764         0.670         0.573
 EDU_C7         1.000         0.872         0.764         0.670         0.573
 HTM_C          1.000         0.872         0.764         0.670         0.573


           Covariance Coverage
              AGE_C70       EDU_C7        HTM_C
              ________      ________      ________
 AGE_C70        1.000
 EDU_C7         1.000         1.000
 HTM_C          1.000         1.000         1.000


SAMPLE STATISTICS


     ESTIMATED SAMPLE STATISTICS


           Means
              A_00          A_01          A_02          A_03          A_04
              ________      ________      ________      ________      ________
 1              0.659         0.630         0.607         0.579         0.562


           Means
              B_00          B_01          B_02          B_03          B_04
              ________      ________      ________      ________      ________
 1             10.067        10.279        10.325        10.224         9.916


           Means
              AGE_C70       EDU_C7        HTM_C
              ________      ________      ________
 1             10.171         8.486         0.016


           Covariances
              A_00          A_01          A_02          A_03          A_04
              ________      ________      ________      ________      ________
 A_00           0.045
 A_01           0.025         0.048
 A_02           0.022         0.024         0.047
 A_03           0.025         0.022         0.030         0.043
 A_04           0.025         0.025         0.028         0.031         0.047
 B_00           0.141         0.184         0.117         0.209         0.201
 B_01           0.146         0.150         0.168         0.203         0.224
 B_02           0.143         0.207         0.192         0.221         0.192
 B_03           0.160         0.233         0.300         0.336         0.267
 B_04           0.180         0.219         0.255         0.329         0.310
 AGE_C70       -0.331        -0.333        -0.333        -0.511        -0.457
 EDU_C7         0.161         0.094         0.074         0.046         0.075
 HTM_C          0.001         0.002         0.002         0.001         0.002


           Covariances
              B_00          B_01          B_02          B_03          B_04
              ________      ________      ________      ________      ________
 B_00          18.356
 B_01          12.368        19.157
 B_02          11.839        12.552        19.647
 B_03          13.247        14.548        15.892        24.283
 B_04          13.509        15.348        15.711        19.171        25.517
 AGE_C70       -6.932        -8.572        -7.063       -10.656       -10.062
 EDU_C7         3.339         3.645         2.695         3.279         3.390
 HTM_C          0.041         0.040         0.030         0.037         0.046


           Covariances
              AGE_C70       EDU_C7        HTM_C
              ________      ________      ________
 AGE_C70       49.582
 EDU_C7         0.951        12.901
 HTM_C         -0.060         0.069         0.006


           Correlations
              A_00          A_01          A_02          A_03          A_04
              ________      ________      ________      ________      ________
 A_00           1.000
 A_01           0.526         1.000
 A_02           0.474         0.514         1.000
 A_03           0.554         0.483         0.658         1.000
 A_04           0.533         0.518         0.589         0.677         1.000
 B_00           0.155         0.196         0.126         0.235         0.216
 B_01           0.156         0.157         0.178         0.223         0.235
 B_02           0.151         0.213         0.201         0.240         0.199
 B_03           0.152         0.216         0.282         0.328         0.250
 B_04           0.167         0.198         0.234         0.313         0.283
 AGE_C70       -0.221        -0.216        -0.219        -0.349        -0.299
 EDU_C7         0.210         0.120         0.095         0.061         0.096
 HTM_C          0.090         0.100         0.099         0.070         0.094


           Correlations
              B_00          B_01          B_02          B_03          B_04
              ________      ________      ________      ________      ________
 B_00           1.000
 B_01           0.660         1.000
 B_02           0.623         0.647         1.000
 B_03           0.627         0.675         0.728         1.000
 B_04           0.624         0.694         0.702         0.770         1.000
 AGE_C70       -0.230        -0.278        -0.226        -0.307        -0.283
 EDU_C7         0.217         0.232         0.169         0.185         0.187
 HTM_C          0.128         0.122         0.091         0.102         0.122


           Correlations
              AGE_C70       EDU_C7        HTM_C
              ________      ________      ________
 AGE_C70        1.000
 EDU_C7         0.038         1.000
 HTM_C         -0.114         0.259         1.000


     MAXIMUM LOG-LIKELIHOOD VALUE FOR THE UNRESTRICTED (H1) MODEL IS -6049.686


UNIVARIATE SAMPLE STATISTICS


     UNIVARIATE HIGHER-ORDER MOMENT DESCRIPTIVE STATISTICS

         Variable/         Mean/     Skewness/   Minimum/ % with                Percentiles
        Sample Size      Variance    Kurtosis    Maximum  Min/Max      20%/60%    40%/80%    Median

     A_00                  0.661       0.277       0.054    0.25%       0.488      0.610      0.642
             406.000       0.046       0.201       1.478    0.25%       0.707      0.827
     A_01                  0.645       0.655       0.118    0.30%       0.473      0.574      0.617
             331.000       0.047       0.978       1.524    0.30%       0.687      0.813
     A_02                  0.632       0.454       0.152    0.36%       0.443      0.574      0.633
             278.000       0.047       0.265       1.318    0.36%       0.697      0.799
     A_03                  0.625       0.508       0.232    0.42%       0.443      0.554      0.610
             238.000       0.040       0.568       1.434    0.42%       0.677      0.799
     A_04                  0.622       0.488       0.119    0.48%       0.469      0.561      0.610
             210.000       0.043       1.381       1.478    0.48%       0.659      0.813
     B_00                 10.067      -0.142       0.000    0.69%       6.000      9.000     11.000
             436.000      18.356      -0.346      22.000    0.23%      12.000     14.000
     B_01                 10.334      -0.220       0.000    1.84%       6.000      9.000     11.000
             380.000      19.238      -0.510      21.000    0.26%      12.000     14.000
     B_02                 10.529      -0.338       0.000    1.80%       7.000     10.000     11.000
             333.000      19.877      -0.389      23.000    0.30%      12.000     15.000
     B_03                 10.517      -0.286       0.000    1.71%       6.000     10.000     11.000
             292.000      23.777      -0.677      22.000    0.34%      12.000     15.000
     B_04                 10.532      -0.282       0.000    3.20%       6.000     10.000     11.000
             250.000      23.969      -0.541      21.000    0.80%      12.000     15.000
     AGE_C70              10.171      -0.498     -12.094    0.23%       4.637      9.050     11.002
             436.000      49.582       0.132      28.508    0.23%      12.628     16.026
     EDU_C7                8.486      -0.338      -7.000    0.23%       5.000      8.000      9.000
             436.000      12.901       1.813      21.000    0.46%       9.000     11.000
     HTM_C                 0.016      -0.488      -0.298    0.23%      -0.044      0.007      0.026
             436.000       0.006       0.623       0.185    0.92%       0.033      0.083


THE MODEL ESTIMATION TERMINATED NORMALLY



MODEL FIT INFORMATION

Number of Free Parameters                       29

Loglikelihood

          H0 Value                       -3975.321
          H0 Scaling Correction Factor      1.0531
            for MLR

Information Criteria

          Akaike (AIC)                    8008.642
          Bayesian (BIC)                  8126.893
          Sample-Size Adjusted BIC        8034.863
            (n* = (n + 2) / 24)



MODEL RESULTS

                                                    Two-Tailed
                    Estimate       S.E.  Est./S.E.    P-Value

 IA         ON
    AGE_C70           -0.007      0.001     -4.883      0.000
    EDU_C7             0.011      0.003      3.773      0.000
    HTM_C              0.065      0.135      0.480      0.631

 SA         ON
    AGE_C70           -0.001      0.001     -1.797      0.072
    EDU_C7            -0.002      0.001     -2.044      0.041
    HTM_C              0.003      0.047      0.074      0.941

 IB         ON
    AGE_C70           -0.145      0.027     -5.387      0.000
    EDU_C7             0.259      0.055      4.727      0.000
    HTM_C              2.270      2.671      0.850      0.395

 SB         ON
    AGE_C70           -0.015      0.008     -1.986      0.047
    EDU_C7            -0.002      0.016     -0.100      0.921
    HTM_C             -0.229      0.808     -0.283      0.777

 IA       WITH
    SA                 0.000      0.001     -0.436      0.663
    IB                 0.058      0.038      1.528      0.126
    SB                 0.006      0.011      0.566      0.571

 SA       WITH
    IB                 0.012      0.012      1.041      0.298
    SB                 0.006      0.004      1.713      0.087

 IB       WITH
    SB                 0.300      0.193      1.549      0.121

 A_00     WITH
    B_00              -0.001      0.012     -0.118      0.906

 A_01     WITH
    B_01              -0.001      0.012     -0.118      0.906

 A_02     WITH
    B_02              -0.001      0.012     -0.118      0.906

 A_03     WITH
    B_03              -0.001      0.012     -0.118      0.906

 A_04     WITH
    B_04              -0.001      0.012     -0.118      0.906

 Intercepts
    A_00               0.000      0.000    999.000    999.000
    A_01               0.000      0.000    999.000    999.000
    A_02               0.000      0.000    999.000    999.000
    A_03               0.000      0.000    999.000    999.000
    A_04               0.000      0.000    999.000    999.000
    B_00               0.000      0.000    999.000    999.000
    B_01               0.000      0.000    999.000    999.000
    B_02               0.000      0.000    999.000    999.000
    B_03               0.000      0.000    999.000    999.000
    B_04               0.000      0.000    999.000    999.000
    IA                 0.627      0.028     22.697      0.000
    SA                 0.000      0.009      0.037      0.971
    IB                 9.436      0.586     16.101      0.000
    SB                 0.155      0.156      0.994      0.320

 Residual Variances
    A_00               0.020      0.001     13.648      0.000
    A_01               0.020      0.001     13.648      0.000
    A_02               0.020      0.001     13.648      0.000
    A_03               0.020      0.001     13.648      0.000
    A_04               0.020      0.001     13.648      0.000
    B_00               6.262      0.306     20.443      0.000
    B_01               6.262      0.306     20.443      0.000
    B_02               6.262      0.306     20.443      0.000
    B_03               6.262      0.306     20.443      0.000
    B_04               6.262      0.306     20.443      0.000
    IA                 0.021      0.003      8.416      0.000
    SA                 0.000      0.000      1.508      0.132
    IB                 9.759      0.898     10.869      0.000
    SB                 0.298      0.099      3.022      0.003

New/Additional Parameters
    R_IAIB             0.126      0.082      1.536      0.125
    R_SASB             0.540      0.358      1.507      0.132
    R_RES_AB          -0.004      0.035     -0.118      0.906


QUALITY OF NUMERICAL RESULTS

     Condition Number for the Information Matrix              0.833E-09
       (ratio of smallest to largest eigenvalue)


CONFIDENCE INTERVALS OF MODEL RESULTS

                  Lower .5%  Lower 2.5%    Lower 5%    Estimate    Upper 5%  Upper 2.5%   Upper .5%

 IA       ON
    AGE_C70         -0.010      -0.009      -0.009      -0.007      -0.004      -0.004      -0.003
    EDU_C7           0.004       0.005       0.006       0.011       0.016       0.017       0.019
    HTM_C           -0.284      -0.200      -0.158       0.065       0.288       0.330       0.414

 SA       ON
    AGE_C70         -0.002      -0.002      -0.002      -0.001       0.000       0.000       0.000
    EDU_C7          -0.004      -0.004      -0.003      -0.002       0.000       0.000       0.000
    HTM_C           -0.118      -0.089      -0.074       0.003       0.081       0.096       0.124

 IB       ON
    AGE_C70         -0.215      -0.198      -0.190      -0.145      -0.101      -0.092      -0.076
    EDU_C7           0.118       0.152       0.169       0.259       0.349       0.366       0.400
    HTM_C           -4.609      -2.964      -2.123       2.270       6.663       7.504       9.149

 SB       ON
    AGE_C70         -0.035      -0.030      -0.028      -0.015      -0.003       0.000       0.004
    EDU_C7          -0.042      -0.033      -0.028      -0.002       0.025       0.030       0.039
    HTM_C           -2.311      -1.813      -1.558      -0.229       1.101       1.356       1.853

 IA       WITH
    SA              -0.002      -0.002      -0.001       0.000       0.001       0.001       0.001
    IB              -0.039      -0.016      -0.004       0.058       0.120       0.132       0.155
    SB              -0.022      -0.015      -0.012       0.006       0.024       0.028       0.034

 SA       WITH
    IB              -0.018      -0.011      -0.007       0.012       0.031       0.035       0.042
    SB              -0.003      -0.001       0.000       0.006       0.012       0.013       0.015

 IB       WITH
    SB              -0.199      -0.080      -0.019       0.300       0.618       0.679       0.798

 A_00     WITH
    B_00            -0.033      -0.026      -0.022      -0.001       0.019       0.023       0.030

 A_01     WITH
    B_01            -0.033      -0.026      -0.022      -0.001       0.019       0.023       0.030

 A_02     WITH
    B_02            -0.033      -0.026      -0.022      -0.001       0.019       0.023       0.030

 A_03     WITH
    B_03            -0.033      -0.026      -0.022      -0.001       0.019       0.023       0.030

 A_04     WITH
    B_04            -0.033      -0.026      -0.022      -0.001       0.019       0.023       0.030

 Intercepts
    A_00             0.000       0.000       0.000       0.000       0.000       0.000       0.000
    A_01             0.000       0.000       0.000       0.000       0.000       0.000       0.000
    A_02             0.000       0.000       0.000       0.000       0.000       0.000       0.000
    A_03             0.000       0.000       0.000       0.000       0.000       0.000       0.000
    A_04             0.000       0.000       0.000       0.000       0.000       0.000       0.000
    B_00             0.000       0.000       0.000       0.000       0.000       0.000       0.000
    B_01             0.000       0.000       0.000       0.000       0.000       0.000       0.000
    B_02             0.000       0.000       0.000       0.000       0.000       0.000       0.000
    B_03             0.000       0.000       0.000       0.000       0.000       0.000       0.000
    B_04             0.000       0.000       0.000       0.000       0.000       0.000       0.000
    IA               0.556       0.573       0.582       0.627       0.673       0.682       0.699
    SA              -0.024      -0.018      -0.015       0.000       0.016       0.019       0.024
    IB               7.926       8.287       8.472       9.436      10.400      10.584      10.945
    SB              -0.246      -0.150      -0.101       0.155       0.411       0.460       0.556

 Residual Variances
    A_00             0.016       0.017       0.018       0.020       0.022       0.023       0.024
    A_01             0.016       0.017       0.018       0.020       0.022       0.023       0.024
    A_02             0.016       0.017       0.018       0.020       0.022       0.023       0.024
    A_03             0.016       0.017       0.018       0.020       0.022       0.023       0.024
    A_04             0.016       0.017       0.018       0.020       0.022       0.023       0.024
    B_00             5.473       5.661       5.758       6.262       6.766       6.862       7.051
    B_01             5.473       5.661       5.758       6.262       6.766       6.862       7.051
    B_02             5.473       5.661       5.758       6.262       6.766       6.862       7.051
    B_03             5.473       5.661       5.758       6.262       6.766       6.862       7.051
    B_04             5.473       5.661       5.758       6.262       6.766       6.862       7.051
    IA               0.015       0.016       0.017       0.021       0.025       0.026       0.028
    SA               0.000       0.000       0.000       0.000       0.001       0.001       0.001
    IB               7.446       7.999       8.282       9.759      11.236      11.519      12.072
    SB               0.044       0.105       0.136       0.298       0.460       0.491       0.552

New/Additional Parameters
    R_IAIB          -0.086      -0.035      -0.009       0.126       0.262       0.288       0.339
    R_SASB          -0.383      -0.162      -0.050       0.540       1.129       1.242       1.463
    R_RES_AB        -0.094      -0.073      -0.062      -0.004       0.053       0.065       0.086


SAMPLE STATISTICS FOR ESTIMATED FACTOR SCORES


     SAMPLE STATISTICS


           Means
              IA            IA_SE         SA            SA_SE         IB
              ________      ________      ________      ________      ________
 1              0.656         0.078        -0.025         0.018        10.192


           Means
              IB_SE         SB            SB_SE
              ________      ________      ________
 1              1.371        -0.016         0.449


           Covariances
              IA            IA_SE         SA            SA_SE         IB
              ________      ________      ________      ________      ________
 IA             0.019
 IA_SE         -0.001         0.000
 SA             0.000         0.000         0.000
 SA_SE          0.000         0.000         0.000         0.000
 IB             0.138        -0.002         0.015         0.000         9.820
 IB_SE         -0.008         0.003         0.000         0.000        -0.065
 SB             0.013         0.000         0.003         0.000         0.585
 SB_SE         -0.002         0.001         0.000         0.000        -0.023


           Covariances
              IB_SE         SB            SB_SE
              ________      ________      ________
 IB_SE          0.049
 SB            -0.004         0.105
 SB_SE          0.009        -0.002         0.003


           Correlations
              IA            IA_SE         SA            SA_SE         IB
              ________      ________      ________      ________      ________
 IA             1.000
 IA_SE         -0.251         1.000
 SA             0.092         0.134         1.000
 SA_SE         -0.412         0.697        -0.010         1.000
 IB             0.323        -0.043         0.354        -0.134         1.000
 IB_SE         -0.264         0.669         0.038         0.774        -0.093
 SB             0.289         0.001         0.741        -0.102         0.576
 SB_SE         -0.356         0.586        -0.048         0.955        -0.143


           Correlations
              IB_SE         SB            SB_SE
              ________      ________      ________
 IB_SE          1.000
 SB            -0.056         1.000
 SB_SE          0.819        -0.114         1.000


RESULTS SAVING INFORMATION

  Order of data

    Parameter estimates
     (saved in order shown in Technical 1 output)
    Standard errors
     (saved in order shown in Technical 1 output)
    H0 Loglikelihood
    H0 Scaling Correction Factor for MLR
    Number of Free Parameters
    Akaike (AIC)
    Bayesian (BIC)
    Sample-Size Adjusted BIC
    Condition Number

  Save file
    b1_male_aeh_gait_logimemim_results.dat

  Save file format           Free


PLOT INFORMATION

The following plots are available:

  Histograms (sample values, estimated factor scores)
  Scatterplots (sample values, estimated factor scores)
  Latent variable distribution plots

SAVEDATA INFORMATION


  Save file
    b1_male_aeh_gait_logimemim_fscores.dat

  Order and format of variables

    A_00           F10.3
    A_01           F10.3
    A_02           F10.3
    A_03           F10.3
    A_04           F10.3
    B_00           F10.3
    B_01           F10.3
    B_02           F10.3
    B_03           F10.3
    B_04           F10.3
    AGE_C70        F10.3
    EDU_C7         F10.3
    HTM_C          F10.3
    TIME_00        F10.3
    TIME_01        F10.3
    TIME_02        F10.3
    TIME_03        F10.3
    TIME_04        F10.3
    IA             F10.3
    IA_SE          F10.3
    SA             F10.3
    SA_SE          F10.3
    IB             F10.3
    IB_SE          F10.3
    SB             F10.3
    SB_SE          F10.3

  Save file format
    26F10.3

  Save file record length    10000


     Beginning Time:  22:35:31
        Ending Time:  22:35:34
       Elapsed Time:  00:00:03



MUTHEN & MUTHEN
3463 Stoner Ave.
Los Angeles, CA  90066

Tel: (310) 391-9971
Fax: (310) 391-8971
Web: www.StatModel.com
Support: Support@StatModel.com

Copyright (c) 1998-2015 Muthen & Muthen
