Mplus VERSION 7.4 (Mac)
MUTHEN & MUTHEN
02/08/2017   9:29 PM

INPUT INSTRUCTIONS

  TITLE:
  Script produced from the prototype in ./sandbox/syntax-creator/
  DATA:
  File = wide-dataset.dat ;
  VARIABLE:
  NAMES are
   id male age_c70 edu_c7 htm_c smoke cardio diabetes dementia_ever
      dementia_baseline bnt_00 bnt_01 bnt_02 bnt_03 bnt_04 bnt_05 bnt_06 bnt_07
      bnt_08 bnt_09 bnt_10 bnt_11 bnt_12 bnt_13 bnt_14 bnt_15 bnt_16 bnt_17
      bnt_18 bostordel_00 bostordel_01 bostordel_02 bostordel_03 bostordel_04
      bostordel_05 bostordel_06 bostordel_07 bostordel_08 bostordel_09 bostordel_10
      bostordel_11 bostordel_12 bostordel_13 bostordel_14 bostordel_15 bostordel_16
      bostordel_17 bostordel_18 bostorim_00 bostorim_01 bostorim_02 bostorim_03
      bostorim_04 bostorim_05 bostorim_06 bostorim_07 bostorim_08 bostorim_09
      bostorim_10 bostorim_11 bostorim_12 bostorim_13 bostorim_14 bostorim_15
      bostorim_16 bostorim_17 bostorim_18 catfluency_00 catfluency_01 catfluency_02
      catfluency_03 catfluency_04 catfluency_05 catfluency_06 catfluency_07
      catfluency_08 catfluency_09 catfluency_10 catfluency_11 catfluency_12
      catfluency_13 catfluency_14 catfluency_15 catfluency_16 catfluency_17
      catfluency_18 complexideas_00 complexideas_01 complexideas_02 complexideas_03
      complexideas_04 complexideas_05 complexideas_06 complexideas_07 complexideas_08
      complexideas_09 complexideas_10 complexideas_11 complexideas_12 complexideas_13
      complexideas_14 complexideas_15 complexideas_16 complexideas_17 complexideas_18
      digitbackward_00 digitbackward_01 digitbackward_02 digitbackward_03
      digitbackward_04 digitbackward_05 digitbackward_06 digitbackward_07
      digitbackward_08 digitbackward_09 digitbackward_10 digitbackward_11
      digitbackward_12 digitbackward_13 digitbackward_14 digitbackward_15
      digitbackward_16 digitbackward_17 digitbackward_18 digitforward_00
      digitforward_01 digitforward_02 digitforward_03 digitforward_04 digitforward_05
      digitforward_06 digitforward_07 digitforward_08 digitforward_09 digitforward_10
      digitforward_11 digitforward_12 digitforward_13 digitforward_14 digitforward_15
      digitforward_16 digitforward_17 digitforward_18 digitorder_00 digitorder_01
      digitorder_02 digitorder_03 digitorder_04 digitorder_05 digitorder_06
      digitorder_07 digitorder_08 digitorder_09 digitorder_10 digitorder_11
      digitorder_12 digitorder_13 digitorder_14 digitorder_15 digitorder_16
      digitorder_17 digitorder_18 fev_00 fev_01 fev_02 fev_03 fev_04 fev_05 fev_06
      fev_07 fev_08 fev_09 fev_10 fev_11 fev_12 fev_13 fev_14 fev_15 fev_16 fev_17
      fev_18 fev100_00 fev100_01 fev100_02 fev100_03 fev100_04 fev100_05 fev100_06
      fev100_07 fev100_08 fev100_09 fev100_10 fev100_11 fev100_12 fev100_13 fev100_14
      fev100_15 fev100_16 fev100_17 fev100_18 gait_00 gait_01 gait_02 gait_03 gait_04
      gait_05 gait_06 gait_07 gait_08 gait_09 gait_10 gait_11 gait_12 gait_13 gait_14
      gait_15 gait_16 gait_17 gait_18 grip_00 grip_01 grip_02 grip_03 grip_04 grip_05
      grip_06 grip_07 grip_08 grip_09 grip_10 grip_11 grip_12 grip_13 grip_14 grip_15
      grip_16 grip_17 grip_18 lineorientation_00 lineorientation_01 lineorientation_02
      lineorientation_03 lineorientation_04 lineorientation_05 lineorientation_06
      lineorientation_07 lineorientation_08 lineorientation_09 lineorientation_10
      lineorientation_11 lineorientation_12 lineorientation_13 lineorientation_14
      lineorientation_15 lineorientation_16 lineorientation_17 lineorientation_18
      logimemdel_00 logimemdel_01 logimemdel_02 logimemdel_03 logimemdel_04
      logimemdel_05 logimemdel_06 logimemdel_07 logimemdel_08 logimemdel_09
      logimemdel_10 logimemdel_11 logimemdel_12 logimemdel_13 logimemdel_14
      logimemdel_15 logimemdel_16 logimemdel_17 logimemdel_18 logimemim_00
      logimemim_01 logimemim_02 logimemim_03 logimemim_04 logimemim_05 logimemim_06
      logimemim_07 logimemim_08 logimemim_09 logimemim_10 logimemim_11 logimemim_12
      logimemim_13 logimemim_14 logimemim_15 logimemim_16 logimemim_17 logimemim_18
      matrices_00 matrices_01 matrices_02 matrices_03 matrices_04 matrices_05
      matrices_06 matrices_07 matrices_08 matrices_09 matrices_10 matrices_11
      matrices_12 matrices_13 matrices_14 matrices_15 matrices_16 matrices_17
      matrices_18 mmse_00 mmse_01 mmse_02 mmse_03 mmse_04 mmse_05 mmse_06 mmse_07
      mmse_08 mmse_09 mmse_10 mmse_11 mmse_12 mmse_13 mmse_14 mmse_15 mmse_16 mmse_17
      mmse_18 nart_00 nart_01 nart_02 nart_03 nart_04 nart_05 nart_06 nart_07 nart_08
      nart_09 nart_10 nart_11 nart_12 nart_13 nart_14 nart_15 nart_16 nart_17 nart_18
      numbercomparison_00 numbercomparison_01 numbercomparison_02 numbercomparison_03
      numbercomparison_04 numbercomparison_05 numbercomparison_06 numbercomparison_07
      numbercomparison_08 numbercomparison_09 numbercomparison_10 numbercomparison_11
      numbercomparison_12 numbercomparison_13 numbercomparison_14 numbercomparison_15
      numbercomparison_16 numbercomparison_17 numbercomparison_18 symbol_00
      symbol_01 symbol_02 symbol_03 symbol_04 symbol_05 symbol_06 symbol_07 symbol_08
      symbol_09 symbol_10 symbol_11 symbol_12 symbol_13 symbol_14 symbol_15 symbol_16
      symbol_17 symbol_18 wordlistdel_00 wordlistdel_01 wordlistdel_02 wordlistdel_03
      wordlistdel_04 wordlistdel_05 wordlistdel_06 wordlistdel_07 wordlistdel_08
      wordlistdel_09 wordlistdel_10 wordlistdel_11 wordlistdel_12 wordlistdel_13
      wordlistdel_14 wordlistdel_15 wordlistdel_16 wordlistdel_17 wordlistdel_18
      wordlistim_00 wordlistim_01 wordlistim_02 wordlistim_03 wordlistim_04
      wordlistim_05 wordlistim_06 wordlistim_07 wordlistim_08 wordlistim_09
      wordlistim_10 wordlistim_11 wordlistim_12 wordlistim_13 wordlistim_14
      wordlistim_15 wordlistim_16 wordlistim_17 wordlistim_18 wordlistrecog_00
      wordlistrecog_01 wordlistrecog_02 wordlistrecog_03 wordlistrecog_04
      wordlistrecog_05 wordlistrecog_06 wordlistrecog_07 wordlistrecog_08
      wordlistrecog_09 wordlistrecog_10 wordlistrecog_11 wordlistrecog_12
      wordlistrecog_13 wordlistrecog_14 wordlistrecog_15 wordlistrecog_16
      wordlistrecog_17 wordlistrecog_18 years_since_bl_00 years_since_bl_01
      years_since_bl_02 years_since_bl_03 years_since_bl_04 years_since_bl_05
      years_since_bl_06 years_since_bl_07 years_since_bl_08 years_since_bl_09
      years_since_bl_10 years_since_bl_11 years_since_bl_12 years_since_bl_13
      years_since_bl_14 years_since_bl_15 years_since_bl_16 years_since_bl_17
      years_since_bl_18
  	;
  Missing are all (-9999);
  USEVARIABLES are
  	!define the variables used in the analysis
  	! covariates used in the model
  age_c70	
  	!estimated time points
  time_00
  time_01
  time_02
  time_03
  time_04
  	!modelled time points of process (A)
  a_00
  a_01
  a_02
  a_03
  a_04
  	!modelled time points of process (B)
  b_00
  b_01
  b_02
  b_03
  b_04
  ;
  TSCORES are
  	!estimated time points
  time_00
  time_01
  time_02
  time_03
  time_04;
  USEOBSERVATIONS are
  	!select a subset of observations
  male EQ 0
  and
  id NE 0
  ;
  DEFINE:
  	! assign variables to the process (A)
  a_00=fev_00;
  a_01=fev_01;
  a_02=fev_02;
  a_03=fev_03;
  a_04=fev_04;
  	! assign variables to the process (B)
  b_00=logimemdel_00;
  b_01=logimemdel_01;
  b_02=logimemdel_02;
  b_03=logimemdel_03;
  b_04=logimemdel_04;
  	!assign variables to time points
  time_00=years_since_bl_00;
  time_01=years_since_bl_01;
  time_02=years_since_bl_02;
  time_03=years_since_bl_03;
  time_04=years_since_bl_04;
  	
  ANALYSIS:
  TYPE = RANDOM;
  COVERAGE=.00;
  MODEL:
  	!first-level equation
  	! assign process (A) to time points
  ia sa | a_00 AT time_00 ;
  ia sa | a_01 AT time_01 ;
  ia sa | a_02 AT time_02 ;
  ia sa | a_03 AT time_03 ;
  ia sa | a_04 AT time_04 ;
  	! assign process (B) to time points
  ib sb | b_00 AT time_00 ;
  ib sb | b_01 AT time_01 ;
  ib sb | b_02 AT time_02 ;
  ib sb | b_03 AT time_03 ;
  ib sb | b_04 AT time_04 ;
  	!variance of the first-level terms
  ia (v_ia);
  sa (v_sa);
  ib (v_ib);
  sb (v_sb);
  	!covariance among first-level terms
  ia WITH sa (c_iasa);
  ia WITH ib (c_iaib);
  ia WITH sb (c_iasb);
  sa WITH ib (c_saib);
  sa WITH sb (c_sasb);
  ib WITH sb (c_ibsb);
  	!second-level equation
  ia sa ib sb ON age_c70;
  	!residual covariance of process (A)
  a_00 (res_a);
  a_01 (res_a);
  a_02 (res_a);
  a_03 (res_a);
  a_04 (res_a);	
  	!residual covariance of process (B)
  b_00 (res_b);
  b_01 (res_b);
  b_02 (res_b);
  b_03 (res_b);
  b_04 (res_b);	
  	!Paired covariances constrained to be equal across t
  a_00 pwith b_00 (res_cov);
  a_01 pwith b_01 (res_cov);
  a_02 pwith b_02 (res_cov);
  a_03 pwith b_03 (res_cov);
  a_04 pwith b_04 (res_cov);	
  MODEL CONSTRAINT:
  	!assigns labels to new parameters;
  NEW r_iaib;
  NEW r_sasb;
  NEW r_res_ab;
  	!compute confidence intervals for correlation coefficients;
  r_iaib = c_iaib/((v_ia**0.5)*(v_ib**0.5));
  r_sasb = c_sasb/((v_sa**0.5)*(v_sb**0.5));
  r_res_ab = res_cov/((res_a**0.5)*(res_b**0.5));
  SAVEDATA:
  FILE is   b1_female_a_fev_logimemdel_fscores.dat;
  SAVE = FSCORES;
  RESULTS are   b1_female_a_fev_logimemdel_results.dat;
  	
  OUTPUT: sampstat cinterval;
  PLOT: Type is Plot1 Plot2 Plot3;



*** WARNING
  Data set contains cases with missing on all variables except
  x-variables.  These cases were not included in the analysis.
  Number of cases with missing on all variables except x-variables:  8
   1 WARNING(S) FOUND IN THE INPUT INSTRUCTIONS




Script produced from the prototype in ./sandbox/syntax-creator/

SUMMARY OF ANALYSIS

Number of groups                                                 1
Number of observations                                        1358

Number of dependent variables                                   10
Number of independent variables                                  1
Number of continuous latent variables                            4

Observed dependent variables

  Continuous
   A_00        A_01        A_02        A_03        A_04        B_00
   B_01        B_02        B_03        B_04

Observed independent variables
   AGE_C70

Continuous latent variables
   IA          SA          IB          SB

Variables with special functions

  Time scores
   TIME_00     TIME_01     TIME_02     TIME_03     TIME_04


Estimator                                                      MLR
Information matrix                                        OBSERVED
Maximum number of iterations                                   100
Convergence criterion                                    0.100D-05
Maximum number of EM iterations                                500
Convergence criteria for the EM algorithm
  Loglikelihood change                                   0.100D-02
  Relative loglikelihood change                          0.100D-05
  Derivative                                             0.100D-03
Minimum variance                                         0.100D-03
Maximum number of steepest descent iterations                   20
Maximum number of iterations for H1                           2000
Convergence criterion for H1                             0.100D-03
Optimization algorithm                                         EMA

Input data file(s)
  wide-dataset.dat
Input data format  FREE


SUMMARY OF DATA

     Number of missing data patterns           124


COVARIANCE COVERAGE OF DATA

Minimum covariance coverage value   0.000


     PROPORTION OF DATA PRESENT


           Covariance Coverage
              A_00          A_01          A_02          A_03          A_04
              ________      ________      ________      ________      ________
 A_00           0.854
 A_01           0.614         0.622
 A_02           0.515         0.466         0.530
 A_03           0.378         0.329         0.347         0.400
 A_04           0.259         0.214         0.219         0.227         0.339
 B_00           0.851         0.619         0.528         0.398         0.338
 B_01           0.741         0.616         0.514         0.389         0.328
 B_02           0.656         0.559         0.520         0.386         0.325
 B_03           0.572         0.482         0.468         0.395         0.325
 B_04           0.480         0.403         0.384         0.331         0.332
 AGE_C70        0.854         0.622         0.530         0.400         0.339


           Covariance Coverage
              B_00          B_01          B_02          B_03          B_04
              ________      ________      ________      ________      ________
 B_00           0.996
 B_01           0.849         0.851
 B_02           0.762         0.738         0.765
 B_03           0.669         0.650         0.641         0.672
 B_04           0.567         0.549         0.536         0.536         0.568
 AGE_C70        0.996         0.851         0.765         0.672         0.568


           Covariance Coverage
              AGE_C70
              ________
 AGE_C70        1.000


SAMPLE STATISTICS


     ESTIMATED SAMPLE STATISTICS


           Means
              A_00          A_01          A_02          A_03          A_04
              ________      ________      ________      ________      ________
 1              1.493         1.459         1.434         1.382         1.334


           Means
              B_00          B_01          B_02          B_03          B_04
              ________      ________      ________      ________      ________
 1              9.103         9.489         9.679         9.680         9.519


           Means
              AGE_C70
              ________
 1              9.702


           Covariances
              A_00          A_01          A_02          A_03          A_04
              ________      ________      ________      ________      ________
 A_00           0.194
 A_01           0.160         0.184
 A_02           0.169         0.158         0.185
 A_03           0.163         0.163         0.159         0.203
 A_04           0.164         0.161         0.162         0.175         0.193
 B_00           0.425         0.366         0.444         0.412         0.457
 B_01           0.397         0.359         0.424         0.352         0.427
 B_02           0.465         0.396         0.479         0.421         0.539
 B_03           0.530         0.433         0.551         0.461         0.629
 B_04           0.664         0.556         0.651         0.559         0.692
 AGE_C70       -1.540        -1.554        -1.549        -1.424        -1.605


           Covariances
              B_00          B_01          B_02          B_03          B_04
              ________      ________      ________      ________      ________
 B_00          21.611
 B_01          17.081        24.280
 B_02          18.073        20.458        28.358
 B_03          18.228        20.710        23.801        30.049
 B_04          19.266        22.353        25.025        26.980        33.969
 AGE_C70      -10.474       -10.811       -12.136       -13.951       -16.480


           Covariances
              AGE_C70
              ________
 AGE_C70       60.979


           Correlations
              A_00          A_01          A_02          A_03          A_04
              ________      ________      ________      ________      ________
 A_00           1.000
 A_01           0.847         1.000
 A_02           0.891         0.856         1.000
 A_03           0.818         0.841         0.821         1.000
 A_04           0.849         0.855         0.856         0.882         1.000
 B_00           0.207         0.183         0.222         0.196         0.224
 B_01           0.183         0.170         0.200         0.158         0.197
 B_02           0.198         0.173         0.209         0.175         0.230
 B_03           0.220         0.184         0.234         0.186         0.261
 B_04           0.259         0.223         0.260         0.212         0.270
 AGE_C70       -0.448        -0.464        -0.462        -0.404        -0.468


           Correlations
              B_00          B_01          B_02          B_03          B_04
              ________      ________      ________      ________      ________
 B_00           1.000
 B_01           0.746         1.000
 B_02           0.730         0.780         1.000
 B_03           0.715         0.767         0.815         1.000
 B_04           0.711         0.778         0.806         0.844         1.000
 AGE_C70       -0.289        -0.281        -0.292        -0.326        -0.362


           Correlations
              AGE_C70
              ________
 AGE_C70        1.000


     MAXIMUM LOG-LIKELIHOOD VALUE FOR THE UNRESTRICTED (H1) MODEL IS -18653.619


UNIVARIATE SAMPLE STATISTICS


     UNIVARIATE HIGHER-ORDER MOMENT DESCRIPTIVE STATISTICS

         Variable/         Mean/     Skewness/   Minimum/ % with                Percentiles
        Sample Size      Variance    Kurtosis    Maximum  Min/Max      20%/60%    40%/80%    Median

     A_00                  1.493       0.146       0.170    0.09%       1.125      1.365      1.470
            1160.000       0.198       0.115       3.135    0.09%       1.600      1.860
     A_01                  1.455       0.259       0.365    0.12%       1.100      1.320      1.440
             845.000       0.183       0.058       3.075    0.12%       1.535      1.810
     A_02                  1.444       0.192       0.340    0.14%       1.095      1.330      1.427
             720.000       0.177       0.220       3.035    0.14%       1.535      1.800
     A_03                  1.384       0.745       0.345    0.18%       1.020      1.255      1.360
             543.000       0.189       3.943       4.430    0.18%       1.490      1.690
     A_04                  1.358       0.061       0.200    0.22%       1.005      1.245      1.375
             461.000       0.167       0.136       2.710    0.22%       1.480      1.695
     B_00                  9.115      -0.059       0.000    3.70%       5.000      8.000      9.000
            1352.000      21.530      -0.591      23.000    0.07%      11.000     13.000
     B_01                  9.705      -0.166       0.000    4.15%       5.000      9.000     10.000
            1156.000      23.931      -0.661      21.000    0.17%      11.000     14.000
     B_02                 10.046      -0.217       0.000    5.39%       5.000      9.000     11.000
            1039.000      27.900      -0.757      22.000    0.10%      12.000     15.000
     B_03                 10.259      -0.264       0.000    5.59%       5.000      9.000     11.000
             912.000      28.214      -0.770      23.000    0.11%      12.000     15.000
     B_04                 10.220      -0.226       0.000    7.77%       5.000      9.000     11.000
             772.000      31.641      -0.735      23.000    0.39%      12.000     15.000
     AGE_C70               9.702      -0.468     -16.653    0.07%       3.467      8.680     10.461
            1358.000      60.979       0.187      30.471    0.07%      12.278     16.286


THE MODEL ESTIMATION TERMINATED NORMALLY



MODEL FIT INFORMATION

Number of Free Parameters                       21

Loglikelihood

          H0 Value                      -14022.851
          H0 Scaling Correction Factor      2.0246
            for MLR

Information Criteria

          Akaike (AIC)                   28087.701
          Bayesian (BIC)                 28197.190
          Sample-Size Adjusted BIC       28130.482
            (n* = (n + 2) / 24)



MODEL RESULTS

                                                    Two-Tailed
                    Estimate       S.E.  Est./S.E.    P-Value

 IA         ON
    AGE_C70           -0.025      0.001    -17.728      0.000

 SA         ON
    AGE_C70            0.000      0.000      0.159      0.874

 IB         ON
    AGE_C70           -0.164      0.015    -11.192      0.000

 SB         ON
    AGE_C70           -0.022      0.004     -5.631      0.000

 IA       WITH
    SA                -0.001      0.001     -0.884      0.377
    IB                 0.121      0.049      2.503      0.012
    SB                 0.016      0.013      1.260      0.208

 SA       WITH
    IB                 0.009      0.011      0.779      0.436
    SB                -0.001      0.003     -0.496      0.620

 IB       WITH
    SB                 0.616      0.127      4.841      0.000

 A_00     WITH
    B_00               0.005      0.009      0.507      0.612

 A_01     WITH
    B_01               0.005      0.009      0.507      0.612

 A_02     WITH
    B_02               0.005      0.009      0.507      0.612

 A_03     WITH
    B_03               0.005      0.009      0.507      0.612

 A_04     WITH
    B_04               0.005      0.009      0.507      0.612

 Intercepts
    A_00               0.000      0.000    999.000    999.000
    A_01               0.000      0.000    999.000    999.000
    A_02               0.000      0.000    999.000    999.000
    A_03               0.000      0.000    999.000    999.000
    A_04               0.000      0.000    999.000    999.000
    B_00               0.000      0.000    999.000    999.000
    B_01               0.000      0.000    999.000    999.000
    B_02               0.000      0.000    999.000    999.000
    B_03               0.000      0.000    999.000    999.000
    B_04               0.000      0.000    999.000    999.000
    IA                 1.741      0.019     92.847      0.000
    SA                -0.038      0.004     -9.673      0.000
    IB                10.846      0.181     59.936      0.000
    SB                 0.337      0.048      7.057      0.000

 Residual Variances
    A_00               0.027      0.003      8.132      0.000
    A_01               0.027      0.003      8.132      0.000
    A_02               0.027      0.003      8.132      0.000
    A_03               0.027      0.003      8.132      0.000
    A_04               0.027      0.003      8.132      0.000
    B_00               5.525      0.173     32.000      0.000
    B_01               5.525      0.173     32.000      0.000
    B_02               5.525      0.173     32.000      0.000
    B_03               5.525      0.173     32.000      0.000
    B_04               5.525      0.173     32.000      0.000
    IA                 0.125      0.007     18.826      0.000
    SA                 0.001      0.000      1.389      0.165
    IB                14.880      0.639     23.297      0.000
    SB                 0.371      0.051      7.302      0.000

New/Additional Parameters
    R_IAIB             0.089      0.035      2.526      0.012
    R_SASB            -0.098      0.196     -0.501      0.616
    R_RES_AB           0.012      0.024      0.507      0.612


QUALITY OF NUMERICAL RESULTS

     Condition Number for the Information Matrix              0.318E-07
       (ratio of smallest to largest eigenvalue)


CONFIDENCE INTERVALS OF MODEL RESULTS

                  Lower .5%  Lower 2.5%    Lower 5%    Estimate    Upper 5%  Upper 2.5%   Upper .5%

 IA       ON
    AGE_C70         -0.029      -0.028      -0.028      -0.025      -0.023      -0.023      -0.022

 SA       ON
    AGE_C70         -0.001      -0.001       0.000       0.000       0.001       0.001       0.001

 IB       ON
    AGE_C70         -0.202      -0.193      -0.188      -0.164      -0.140      -0.135      -0.126

 SB       ON
    AGE_C70         -0.033      -0.030      -0.029      -0.022      -0.016      -0.015      -0.012

 IA       WITH
    SA              -0.004      -0.003      -0.003      -0.001       0.001       0.001       0.002
    IB              -0.004       0.026       0.042       0.121       0.201       0.217       0.246
    SB              -0.017      -0.009      -0.005       0.016       0.037       0.041       0.049

 SA       WITH
    IB              -0.020      -0.013      -0.010       0.009       0.027       0.031       0.038
    SB              -0.009      -0.007      -0.006      -0.001       0.003       0.004       0.006

 IB       WITH
    SB               0.288       0.367       0.407       0.616       0.826       0.866       0.944

 A_00     WITH
    B_00            -0.019      -0.013      -0.010       0.005       0.020       0.023       0.028

 A_01     WITH
    B_01            -0.019      -0.013      -0.010       0.005       0.020       0.023       0.028

 A_02     WITH
    B_02            -0.019      -0.013      -0.010       0.005       0.020       0.023       0.028

 A_03     WITH
    B_03            -0.019      -0.013      -0.010       0.005       0.020       0.023       0.028

 A_04     WITH
    B_04            -0.019      -0.013      -0.010       0.005       0.020       0.023       0.028

 Intercepts
    A_00             0.000       0.000       0.000       0.000       0.000       0.000       0.000
    A_01             0.000       0.000       0.000       0.000       0.000       0.000       0.000
    A_02             0.000       0.000       0.000       0.000       0.000       0.000       0.000
    A_03             0.000       0.000       0.000       0.000       0.000       0.000       0.000
    A_04             0.000       0.000       0.000       0.000       0.000       0.000       0.000
    B_00             0.000       0.000       0.000       0.000       0.000       0.000       0.000
    B_01             0.000       0.000       0.000       0.000       0.000       0.000       0.000
    B_02             0.000       0.000       0.000       0.000       0.000       0.000       0.000
    B_03             0.000       0.000       0.000       0.000       0.000       0.000       0.000
    B_04             0.000       0.000       0.000       0.000       0.000       0.000       0.000
    IA               1.693       1.704       1.710       1.741       1.772       1.778       1.789
    SA              -0.048      -0.045      -0.044      -0.038      -0.031      -0.030      -0.028
    IB              10.380      10.492      10.549      10.846      11.144      11.201      11.312
    SB               0.214       0.243       0.258       0.337       0.416       0.431       0.460

 Residual Variances
    A_00             0.019       0.021       0.022       0.027       0.033       0.034       0.036
    A_01             0.019       0.021       0.022       0.027       0.033       0.034       0.036
    A_02             0.019       0.021       0.022       0.027       0.033       0.034       0.036
    A_03             0.019       0.021       0.022       0.027       0.033       0.034       0.036
    A_04             0.019       0.021       0.022       0.027       0.033       0.034       0.036
    B_00             5.080       5.186       5.241       5.525       5.809       5.863       5.970
    B_01             5.080       5.186       5.241       5.525       5.809       5.863       5.970
    B_02             5.080       5.186       5.241       5.525       5.809       5.863       5.970
    B_03             5.080       5.186       5.241       5.525       5.809       5.863       5.970
    B_04             5.080       5.186       5.241       5.525       5.809       5.863       5.970
    IA               0.108       0.112       0.114       0.125       0.136       0.138       0.142
    SA              -0.001       0.000       0.000       0.001       0.001       0.002       0.002
    IB              13.235      13.629      13.830      14.880      15.931      16.132      16.526
    SB               0.240       0.271       0.287       0.371       0.454       0.470       0.501

New/Additional Parameters
    R_IAIB          -0.002       0.020       0.031       0.089       0.147       0.158       0.180
    R_SASB          -0.602      -0.481      -0.420      -0.098       0.224       0.285       0.406
    R_RES_AB        -0.049      -0.034      -0.027       0.012       0.051       0.059       0.073


SAMPLE STATISTICS FOR ESTIMATED FACTOR SCORES


     SAMPLE STATISTICS


           Means
              IA            IA_SE         SA            SA_SE         IB
              ________      ________      ________      ________      ________
 1              1.495         0.123        -0.037         0.024         9.253


           Means
              IB_SE         SB            SB_SE
              ________      ________      ________
 1              1.383         0.120         0.478


           Covariances
              IA            IA_SE         SA            SA_SE         IB
              ________      ________      ________      ________      ________
 IA             0.145
 IA_SE         -0.001         0.004
 SA             0.000         0.000         0.000
 SA_SE          0.000         0.000         0.000         0.000
 IB             0.376        -0.014         0.006         0.000        14.545
 IB_SE         -0.014         0.007         0.000         0.000        -0.140
 SB             0.048         0.000         0.000         0.000         1.061
 SB_SE         -0.004         0.002         0.000         0.000        -0.040


           Covariances
              IB_SE         SB            SB_SE
              ________      ________      ________
 IB_SE          0.067
 SB            -0.011         0.168
 SB_SE          0.012        -0.003         0.004


           Correlations
              IA            IA_SE         SA            SA_SE         IB
              ________      ________      ________      ________      ________
 IA             1.000
 IA_SE         -0.027         1.000
 SA            -0.073        -0.009         1.000
 SA_SE         -0.040         0.521         0.028         1.000
 IB             0.258        -0.062         0.203        -0.098         1.000
 IB_SE         -0.145         0.465         0.022         0.446        -0.142
 SB             0.308         0.005        -0.085        -0.021         0.678
 SB_SE         -0.173         0.425        -0.004         0.609        -0.168


           Correlations
              IB_SE         SB            SB_SE
              ________      ________      ________
 IB_SE          1.000
 SB            -0.103         1.000
 SB_SE          0.771        -0.130         1.000


RESULTS SAVING INFORMATION

  Order of data

    Parameter estimates
     (saved in order shown in Technical 1 output)
    Standard errors
     (saved in order shown in Technical 1 output)
    H0 Loglikelihood
    H0 Scaling Correction Factor for MLR
    Number of Free Parameters
    Akaike (AIC)
    Bayesian (BIC)
    Sample-Size Adjusted BIC
    Condition Number

  Save file
    b1_female_a_fev_logimemdel_results.dat

  Save file format           Free


PLOT INFORMATION

The following plots are available:

  Histograms (sample values, estimated factor scores)
  Scatterplots (sample values, estimated factor scores)
  Latent variable distribution plots

SAVEDATA INFORMATION


  Save file
    b1_female_a_fev_logimemdel_fscores.dat

  Order and format of variables

    A_00           F10.3
    A_01           F10.3
    A_02           F10.3
    A_03           F10.3
    A_04           F10.3
    B_00           F10.3
    B_01           F10.3
    B_02           F10.3
    B_03           F10.3
    B_04           F10.3
    AGE_C70        F10.3
    TIME_00        F10.3
    TIME_01        F10.3
    TIME_02        F10.3
    TIME_03        F10.3
    TIME_04        F10.3
    IA             F10.3
    IA_SE          F10.3
    SA             F10.3
    SA_SE          F10.3
    IB             F10.3
    IB_SE          F10.3
    SB             F10.3
    SB_SE          F10.3

  Save file format
    24F10.3

  Save file record length    10000


     Beginning Time:  21:29:25
        Ending Time:  21:29:38
       Elapsed Time:  00:00:13



MUTHEN & MUTHEN
3463 Stoner Ave.
Los Angeles, CA  90066

Tel: (310) 391-9971
Fax: (310) 391-8971
Web: www.StatModel.com
Support: Support@StatModel.com

Copyright (c) 1998-2015 Muthen & Muthen
