Mplus VERSION 7.4 (Mac)
MUTHEN & MUTHEN
02/08/2017   9:55 PM

INPUT INSTRUCTIONS

  TITLE:
  Script produced from the prototype in ./sandbox/syntax-creator/
  DATA:
  File = wide-dataset.dat ;
  VARIABLE:
  NAMES are
   id male age_c70 edu_c7 htm_c smoke cardio diabetes dementia_ever
      dementia_baseline bnt_00 bnt_01 bnt_02 bnt_03 bnt_04 bnt_05 bnt_06 bnt_07
      bnt_08 bnt_09 bnt_10 bnt_11 bnt_12 bnt_13 bnt_14 bnt_15 bnt_16 bnt_17
      bnt_18 bostordel_00 bostordel_01 bostordel_02 bostordel_03 bostordel_04
      bostordel_05 bostordel_06 bostordel_07 bostordel_08 bostordel_09 bostordel_10
      bostordel_11 bostordel_12 bostordel_13 bostordel_14 bostordel_15 bostordel_16
      bostordel_17 bostordel_18 bostorim_00 bostorim_01 bostorim_02 bostorim_03
      bostorim_04 bostorim_05 bostorim_06 bostorim_07 bostorim_08 bostorim_09
      bostorim_10 bostorim_11 bostorim_12 bostorim_13 bostorim_14 bostorim_15
      bostorim_16 bostorim_17 bostorim_18 catfluency_00 catfluency_01 catfluency_02
      catfluency_03 catfluency_04 catfluency_05 catfluency_06 catfluency_07
      catfluency_08 catfluency_09 catfluency_10 catfluency_11 catfluency_12
      catfluency_13 catfluency_14 catfluency_15 catfluency_16 catfluency_17
      catfluency_18 complexideas_00 complexideas_01 complexideas_02 complexideas_03
      complexideas_04 complexideas_05 complexideas_06 complexideas_07 complexideas_08
      complexideas_09 complexideas_10 complexideas_11 complexideas_12 complexideas_13
      complexideas_14 complexideas_15 complexideas_16 complexideas_17 complexideas_18
      digitbackward_00 digitbackward_01 digitbackward_02 digitbackward_03
      digitbackward_04 digitbackward_05 digitbackward_06 digitbackward_07
      digitbackward_08 digitbackward_09 digitbackward_10 digitbackward_11
      digitbackward_12 digitbackward_13 digitbackward_14 digitbackward_15
      digitbackward_16 digitbackward_17 digitbackward_18 digitforward_00
      digitforward_01 digitforward_02 digitforward_03 digitforward_04 digitforward_05
      digitforward_06 digitforward_07 digitforward_08 digitforward_09 digitforward_10
      digitforward_11 digitforward_12 digitforward_13 digitforward_14 digitforward_15
      digitforward_16 digitforward_17 digitforward_18 digitorder_00 digitorder_01
      digitorder_02 digitorder_03 digitorder_04 digitorder_05 digitorder_06
      digitorder_07 digitorder_08 digitorder_09 digitorder_10 digitorder_11
      digitorder_12 digitorder_13 digitorder_14 digitorder_15 digitorder_16
      digitorder_17 digitorder_18 fev_00 fev_01 fev_02 fev_03 fev_04 fev_05 fev_06
      fev_07 fev_08 fev_09 fev_10 fev_11 fev_12 fev_13 fev_14 fev_15 fev_16 fev_17
      fev_18 fev100_00 fev100_01 fev100_02 fev100_03 fev100_04 fev100_05 fev100_06
      fev100_07 fev100_08 fev100_09 fev100_10 fev100_11 fev100_12 fev100_13 fev100_14
      fev100_15 fev100_16 fev100_17 fev100_18 gait_00 gait_01 gait_02 gait_03 gait_04
      gait_05 gait_06 gait_07 gait_08 gait_09 gait_10 gait_11 gait_12 gait_13 gait_14
      gait_15 gait_16 gait_17 gait_18 grip_00 grip_01 grip_02 grip_03 grip_04 grip_05
      grip_06 grip_07 grip_08 grip_09 grip_10 grip_11 grip_12 grip_13 grip_14 grip_15
      grip_16 grip_17 grip_18 lineorientation_00 lineorientation_01 lineorientation_02
      lineorientation_03 lineorientation_04 lineorientation_05 lineorientation_06
      lineorientation_07 lineorientation_08 lineorientation_09 lineorientation_10
      lineorientation_11 lineorientation_12 lineorientation_13 lineorientation_14
      lineorientation_15 lineorientation_16 lineorientation_17 lineorientation_18
      logimemdel_00 logimemdel_01 logimemdel_02 logimemdel_03 logimemdel_04
      logimemdel_05 logimemdel_06 logimemdel_07 logimemdel_08 logimemdel_09
      logimemdel_10 logimemdel_11 logimemdel_12 logimemdel_13 logimemdel_14
      logimemdel_15 logimemdel_16 logimemdel_17 logimemdel_18 logimemim_00
      logimemim_01 logimemim_02 logimemim_03 logimemim_04 logimemim_05 logimemim_06
      logimemim_07 logimemim_08 logimemim_09 logimemim_10 logimemim_11 logimemim_12
      logimemim_13 logimemim_14 logimemim_15 logimemim_16 logimemim_17 logimemim_18
      matrices_00 matrices_01 matrices_02 matrices_03 matrices_04 matrices_05
      matrices_06 matrices_07 matrices_08 matrices_09 matrices_10 matrices_11
      matrices_12 matrices_13 matrices_14 matrices_15 matrices_16 matrices_17
      matrices_18 mmse_00 mmse_01 mmse_02 mmse_03 mmse_04 mmse_05 mmse_06 mmse_07
      mmse_08 mmse_09 mmse_10 mmse_11 mmse_12 mmse_13 mmse_14 mmse_15 mmse_16 mmse_17
      mmse_18 nart_00 nart_01 nart_02 nart_03 nart_04 nart_05 nart_06 nart_07 nart_08
      nart_09 nart_10 nart_11 nart_12 nart_13 nart_14 nart_15 nart_16 nart_17 nart_18
      numbercomparison_00 numbercomparison_01 numbercomparison_02 numbercomparison_03
      numbercomparison_04 numbercomparison_05 numbercomparison_06 numbercomparison_07
      numbercomparison_08 numbercomparison_09 numbercomparison_10 numbercomparison_11
      numbercomparison_12 numbercomparison_13 numbercomparison_14 numbercomparison_15
      numbercomparison_16 numbercomparison_17 numbercomparison_18 symbol_00
      symbol_01 symbol_02 symbol_03 symbol_04 symbol_05 symbol_06 symbol_07 symbol_08
      symbol_09 symbol_10 symbol_11 symbol_12 symbol_13 symbol_14 symbol_15 symbol_16
      symbol_17 symbol_18 wordlistdel_00 wordlistdel_01 wordlistdel_02 wordlistdel_03
      wordlistdel_04 wordlistdel_05 wordlistdel_06 wordlistdel_07 wordlistdel_08
      wordlistdel_09 wordlistdel_10 wordlistdel_11 wordlistdel_12 wordlistdel_13
      wordlistdel_14 wordlistdel_15 wordlistdel_16 wordlistdel_17 wordlistdel_18
      wordlistim_00 wordlistim_01 wordlistim_02 wordlistim_03 wordlistim_04
      wordlistim_05 wordlistim_06 wordlistim_07 wordlistim_08 wordlistim_09
      wordlistim_10 wordlistim_11 wordlistim_12 wordlistim_13 wordlistim_14
      wordlistim_15 wordlistim_16 wordlistim_17 wordlistim_18 wordlistrecog_00
      wordlistrecog_01 wordlistrecog_02 wordlistrecog_03 wordlistrecog_04
      wordlistrecog_05 wordlistrecog_06 wordlistrecog_07 wordlistrecog_08
      wordlistrecog_09 wordlistrecog_10 wordlistrecog_11 wordlistrecog_12
      wordlistrecog_13 wordlistrecog_14 wordlistrecog_15 wordlistrecog_16
      wordlistrecog_17 wordlistrecog_18 years_since_bl_00 years_since_bl_01
      years_since_bl_02 years_since_bl_03 years_since_bl_04 years_since_bl_05
      years_since_bl_06 years_since_bl_07 years_since_bl_08 years_since_bl_09
      years_since_bl_10 years_since_bl_11 years_since_bl_12 years_since_bl_13
      years_since_bl_14 years_since_bl_15 years_since_bl_16 years_since_bl_17
      years_since_bl_18
  	;
  Missing are all (-9999);
  USEVARIABLES are
  	!define the variables used in the analysis
  	! covariates used in the model
  age_c70	
  	!estimated time points
  time_00
  time_01
  time_02
  time_03
  time_04
  	!modelled time points of process (A)
  a_00
  a_01
  a_02
  a_03
  a_04
  	!modelled time points of process (B)
  b_00
  b_01
  b_02
  b_03
  b_04
  ;
  TSCORES are
  	!estimated time points
  time_00
  time_01
  time_02
  time_03
  time_04;
  USEOBSERVATIONS are
  	!select a subset of observations
  male EQ 0
  and
  id NE 0
  ;
  DEFINE:
  	! assign variables to the process (A)
  a_00=grip_00;
  a_01=grip_01;
  a_02=grip_02;
  a_03=grip_03;
  a_04=grip_04;
  	! assign variables to the process (B)
  b_00=bostorim_00;
  b_01=bostorim_01;
  b_02=bostorim_02;
  b_03=bostorim_03;
  b_04=bostorim_04;
  	!assign variables to time points
  time_00=years_since_bl_00;
  time_01=years_since_bl_01;
  time_02=years_since_bl_02;
  time_03=years_since_bl_03;
  time_04=years_since_bl_04;
  	
  ANALYSIS:
  TYPE = RANDOM;
  COVERAGE=.00;
  MODEL:
  	!first-level equation
  	! assign process (A) to time points
  ia sa | a_00 AT time_00 ;
  ia sa | a_01 AT time_01 ;
  ia sa | a_02 AT time_02 ;
  ia sa | a_03 AT time_03 ;
  ia sa | a_04 AT time_04 ;
  	! assign process (B) to time points
  ib sb | b_00 AT time_00 ;
  ib sb | b_01 AT time_01 ;
  ib sb | b_02 AT time_02 ;
  ib sb | b_03 AT time_03 ;
  ib sb | b_04 AT time_04 ;
  	!variance of the first-level terms
  ia (v_ia);
  sa (v_sa);
  ib (v_ib);
  sb (v_sb);
  	!covariance among first-level terms
  ia WITH sa (c_iasa);
  ia WITH ib (c_iaib);
  ia WITH sb (c_iasb);
  sa WITH ib (c_saib);
  sa WITH sb (c_sasb);
  ib WITH sb (c_ibsb);
  	!second-level equation
  ia sa ib sb ON age_c70;
  	!residual covariance of process (A)
  a_00 (res_a);
  a_01 (res_a);
  a_02 (res_a);
  a_03 (res_a);
  a_04 (res_a);	
  	!residual covariance of process (B)
  b_00 (res_b);
  b_01 (res_b);
  b_02 (res_b);
  b_03 (res_b);
  b_04 (res_b);	
  	!Paired covariances constrained to be equal across t
  a_00 pwith b_00 (res_cov);
  a_01 pwith b_01 (res_cov);
  a_02 pwith b_02 (res_cov);
  a_03 pwith b_03 (res_cov);
  a_04 pwith b_04 (res_cov);	
  MODEL CONSTRAINT:
  	!assigns labels to new parameters;
  NEW r_iaib;
  NEW r_sasb;
  NEW r_res_ab;
  	!compute confidence intervals for correlation coefficients;
  r_iaib = c_iaib/((v_ia**0.5)*(v_ib**0.5));
  r_sasb = c_sasb/((v_sa**0.5)*(v_sb**0.5));
  r_res_ab = res_cov/((res_a**0.5)*(res_b**0.5));
  SAVEDATA:
  FILE is   b1_female_a_grip_bostorim_fscores.dat;
  SAVE = FSCORES;
  RESULTS are   b1_female_a_grip_bostorim_results.dat;
  	
  OUTPUT: sampstat cinterval;
  PLOT: Type is Plot1 Plot2 Plot3;



*** WARNING
  Data set contains cases with missing on all variables except
  x-variables.  These cases were not included in the analysis.
  Number of cases with missing on all variables except x-variables:  3
   1 WARNING(S) FOUND IN THE INPUT INSTRUCTIONS




Script produced from the prototype in ./sandbox/syntax-creator/

SUMMARY OF ANALYSIS

Number of groups                                                 1
Number of observations                                        1363

Number of dependent variables                                   10
Number of independent variables                                  1
Number of continuous latent variables                            4

Observed dependent variables

  Continuous
   A_00        A_01        A_02        A_03        A_04        B_00
   B_01        B_02        B_03        B_04

Observed independent variables
   AGE_C70

Continuous latent variables
   IA          SA          IB          SB

Variables with special functions

  Time scores
   TIME_00     TIME_01     TIME_02     TIME_03     TIME_04


Estimator                                                      MLR
Information matrix                                        OBSERVED
Maximum number of iterations                                   100
Convergence criterion                                    0.100D-05
Maximum number of EM iterations                                500
Convergence criteria for the EM algorithm
  Loglikelihood change                                   0.100D-02
  Relative loglikelihood change                          0.100D-05
  Derivative                                             0.100D-03
Minimum variance                                         0.100D-03
Maximum number of steepest descent iterations                   20
Maximum number of iterations for H1                           2000
Convergence criterion for H1                             0.100D-03
Optimization algorithm                                         EMA

Input data file(s)
  wide-dataset.dat
Input data format  FREE


SUMMARY OF DATA

     Number of missing data patterns           115


COVARIANCE COVERAGE OF DATA

Minimum covariance coverage value   0.000


     PROPORTION OF DATA PRESENT


           Covariance Coverage
              A_00          A_01          A_02          A_03          A_04
              ________      ________      ________      ________      ________
 A_00           0.864
 A_01           0.628         0.638
 A_02           0.525         0.480         0.545
 A_03           0.390         0.345         0.361         0.478
 A_04           0.266         0.229         0.234         0.298         0.346
 B_00           0.862         0.636         0.544         0.478         0.346
 B_01           0.751         0.629         0.528         0.464         0.334
 B_02           0.673         0.576         0.537         0.463         0.331
 B_03           0.590         0.500         0.481         0.472         0.335
 B_04           0.492         0.417         0.397         0.402         0.335
 AGE_C70        0.864         0.638         0.545         0.478         0.346


           Covariance Coverage
              B_00          B_01          B_02          B_03          B_04
              ________      ________      ________      ________      ________
 B_00           0.997
 B_01           0.852         0.853
 B_02           0.773         0.745         0.773
 B_03           0.681         0.659         0.652         0.681
 B_04           0.574         0.555         0.544         0.544         0.574
 AGE_C70        0.997         0.853         0.773         0.681         0.574


           Covariance Coverage
              AGE_C70
              ________
 AGE_C70        1.000


SAMPLE STATISTICS


     ESTIMATED SAMPLE STATISTICS


           Means
              A_00          A_01          A_02          A_03          A_04
              ________      ________      ________      ________      ________
 1             40.252        38.964        37.843        36.369        34.664


           Means
              B_00          B_01          B_02          B_03          B_04
              ________      ________      ________      ________      ________
 1              9.411         9.317         9.134         8.997         8.680


           Means
              AGE_C70
              ________
 1              9.701


           Covariances
              A_00          A_01          A_02          A_03          A_04
              ________      ________      ________      ________      ________
 A_00         157.285
 A_01         136.416       156.878
 A_02         137.545       140.570       165.825
 A_03         134.995       136.916       148.093       164.200
 A_04         139.629       141.216       147.565       152.805       179.867
 B_00           3.870         4.136         5.242         5.455         5.217
 B_01           4.867         4.425         5.775         5.839         7.534
 B_02           6.768         6.599         8.388         9.152        10.021
 B_03           7.695         7.393         8.771         9.071        11.257
 B_04           7.223         7.922         9.709        10.420        13.144
 AGE_C70      -43.757       -43.373       -48.753       -50.234       -49.775


           Covariances
              B_00          B_01          B_02          B_03          B_04
              ________      ________      ________      ________      ________
 B_00           4.103
 B_01           2.037         4.431
 B_02           2.466         2.635         5.409
 B_03           2.428         2.851         3.696         6.376
 B_04           2.500         3.102         4.108         4.636         7.507
 AGE_C70       -2.813        -3.313        -4.549        -4.322        -5.236


           Covariances
              AGE_C70
              ________
 AGE_C70       60.944


           Correlations
              A_00          A_01          A_02          A_03          A_04
              ________      ________      ________      ________      ________
 A_00           1.000
 A_01           0.868         1.000
 A_02           0.852         0.872         1.000
 A_03           0.840         0.853         0.897         1.000
 A_04           0.830         0.841         0.854         0.889         1.000
 B_00           0.152         0.163         0.201         0.210         0.192
 B_01           0.184         0.168         0.213         0.216         0.267
 B_02           0.232         0.227         0.280         0.307         0.321
 B_03           0.243         0.234         0.270         0.280         0.332
 B_04           0.210         0.231         0.275         0.297         0.358
 AGE_C70       -0.447        -0.444        -0.485        -0.502        -0.475


           Correlations
              B_00          B_01          B_02          B_03          B_04
              ________      ________      ________      ________      ________
 B_00           1.000
 B_01           0.478         1.000
 B_02           0.523         0.538         1.000
 B_03           0.475         0.536         0.629         1.000
 B_04           0.450         0.538         0.645         0.670         1.000
 AGE_C70       -0.178        -0.202        -0.251        -0.219        -0.245


           Correlations
              AGE_C70
              ________
 AGE_C70        1.000


     MAXIMUM LOG-LIKELIHOOD VALUE FOR THE UNRESTRICTED (H1) MODEL IS -28802.588


UNIVARIATE SAMPLE STATISTICS


     UNIVARIATE HIGHER-ORDER MOMENT DESCRIPTIVE STATISTICS

         Variable/         Mean/     Skewness/   Minimum/ % with                Percentiles
        Sample Size      Variance    Kurtosis    Maximum  Min/Max      20%/60%    40%/80%    Median

     A_00                 39.949       0.195       0.000    0.17%      29.500     36.500     39.750
            1178.000     157.736       0.463      97.750    0.08%      42.500     50.000
     A_01                 38.716       0.133       0.000    0.23%      28.750     35.500     38.500
             869.000     142.314       0.380      85.000    0.12%      41.500     48.500
     A_02                 37.785      -0.029       0.000    0.27%      27.000     35.000     37.750
             743.000     149.710      -0.024      72.500    0.13%      40.500     48.000
     A_03                 36.543       0.173       0.000    0.31%      26.667     32.750     35.750
             652.000     137.063       0.177      73.750    0.15%      39.250     46.500
     A_04                 35.658       0.232       0.000    0.64%      25.750     32.250     35.250
             472.000     152.475       0.502      76.250    0.21%      38.000     45.250
     B_00                  9.416      -0.811       0.000    0.15%       8.000      9.000     10.000
            1359.000       4.090       1.128      12.000   19.28%      10.000     11.000
     B_01                  9.393      -1.002       0.000    0.34%       8.000      9.000     10.000
            1162.000       4.285       1.858      12.000   18.42%      10.000     11.000
     B_02                  9.242      -1.106       0.000    0.95%       8.000      9.000     10.000
            1053.000       5.078       2.052      12.000   18.42%      10.000     11.000
     B_03                  9.185      -1.183       0.000    1.19%       8.000      9.000     10.000
             928.000       5.782       2.025      12.000   19.83%      10.000     11.000
     B_04                  8.950      -1.143       0.000    1.66%       7.000      8.000      9.000
             783.000       6.635       1.648      12.000   18.65%      10.000     11.000
     AGE_C70               9.701      -0.470     -16.653    0.07%       3.467      8.683     10.463
            1363.000      60.944       0.186      30.471    0.07%      12.292     16.272


THE MODEL ESTIMATION TERMINATED NORMALLY



MODEL FIT INFORMATION

Number of Free Parameters                       21

Loglikelihood

          H0 Value                      -24105.121
          H0 Scaling Correction Factor      1.2523
            for MLR

Information Criteria

          Akaike (AIC)                   48252.242
          Bayesian (BIC)                 48361.808
          Sample-Size Adjusted BIC       48295.100
            (n* = (n + 2) / 24)



MODEL RESULTS

                                                    Two-Tailed
                    Estimate       S.E.  Est./S.E.    P-Value

 IA         ON
    AGE_C70           -0.715      0.043    -16.504      0.000

 SA         ON
    AGE_C70           -0.031      0.010     -3.203      0.001

 IB         ON
    AGE_C70           -0.047      0.006     -7.485      0.000

 SB         ON
    AGE_C70           -0.010      0.002     -4.106      0.000

 IA       WITH
    SA                -1.391      0.947     -1.470      0.142
    IB                 2.094      0.653      3.208      0.001
    SB                 0.457      0.240      1.908      0.056

 SA       WITH
    IB                 0.286      0.144      1.985      0.047
    SB                 0.199      0.057      3.523      0.000

 IB       WITH
    SB                 0.107      0.047      2.277      0.023

 A_00     WITH
    B_00              -0.207      0.163     -1.272      0.203

 A_01     WITH
    B_01              -0.207      0.163     -1.272      0.203

 A_02     WITH
    B_02              -0.207      0.163     -1.272      0.203

 A_03     WITH
    B_03              -0.207      0.163     -1.272      0.203

 A_04     WITH
    B_04              -0.207      0.163     -1.272      0.203

 Intercepts
    A_00               0.000      0.000    999.000    999.000
    A_01               0.000      0.000    999.000    999.000
    A_02               0.000      0.000    999.000    999.000
    A_03               0.000      0.000    999.000    999.000
    A_04               0.000      0.000    999.000    999.000
    B_00               0.000      0.000    999.000    999.000
    B_01               0.000      0.000    999.000    999.000
    B_02               0.000      0.000    999.000    999.000
    B_03               0.000      0.000    999.000    999.000
    B_04               0.000      0.000    999.000    999.000
    IA                47.232      0.565     83.621      0.000
    SA                -1.044      0.123     -8.523      0.000
    IB                 9.904      0.072    137.481      0.000
    SB                -0.076      0.027     -2.804      0.005

 Residual Variances
    A_00              19.837      0.902     21.987      0.000
    A_01              19.837      0.902     21.987      0.000
    A_02              19.837      0.902     21.987      0.000
    A_03              19.837      0.902     21.987      0.000
    A_04              19.837      0.902     21.987      0.000
    B_00               2.147      0.067     31.987      0.000
    B_01               2.147      0.067     31.987      0.000
    B_02               2.147      0.067     31.987      0.000
    B_03               2.147      0.067     31.987      0.000
    B_04               2.147      0.067     31.987      0.000
    IA               106.221      5.782     18.371      0.000
    SA                 1.290      0.281      4.594      0.000
    IB                 1.870      0.189      9.902      0.000
    SB                 0.140      0.022      6.502      0.000

New/Additional Parameters
    R_IAIB             0.149      0.043      3.448      0.001
    R_SASB             0.468      0.130      3.594      0.000
    R_RES_AB          -0.032      0.025     -1.270      0.204


QUALITY OF NUMERICAL RESULTS

     Condition Number for the Information Matrix              0.104E-04
       (ratio of smallest to largest eigenvalue)


CONFIDENCE INTERVALS OF MODEL RESULTS

                  Lower .5%  Lower 2.5%    Lower 5%    Estimate    Upper 5%  Upper 2.5%   Upper .5%

 IA       ON
    AGE_C70         -0.827      -0.800      -0.787      -0.715      -0.644      -0.631      -0.604

 SA       ON
    AGE_C70         -0.056      -0.050      -0.047      -0.031      -0.015      -0.012      -0.006

 IB       ON
    AGE_C70         -0.063      -0.059      -0.057      -0.047      -0.037      -0.035      -0.031

 SB       ON
    AGE_C70         -0.016      -0.014      -0.014      -0.010      -0.006      -0.005      -0.004

 IA       WITH
    SA              -3.830      -3.247      -2.949      -1.391       0.166       0.464       1.047
    IB               0.413       0.815       1.020       2.094       3.169       3.374       3.776
    SB              -0.160      -0.012       0.063       0.457       0.851       0.927       1.074

 SA       WITH
    IB              -0.085       0.004       0.049       0.286       0.524       0.569       0.658
    SB               0.054       0.088       0.106       0.199       0.292       0.310       0.345

 IB       WITH
    SB              -0.014       0.015       0.030       0.107       0.185       0.199       0.228

 A_00     WITH
    B_00            -0.626      -0.526      -0.475      -0.207       0.061       0.112       0.212

 A_01     WITH
    B_01            -0.626      -0.526      -0.475      -0.207       0.061       0.112       0.212

 A_02     WITH
    B_02            -0.626      -0.526      -0.475      -0.207       0.061       0.112       0.212

 A_03     WITH
    B_03            -0.626      -0.526      -0.475      -0.207       0.061       0.112       0.212

 A_04     WITH
    B_04            -0.626      -0.526      -0.475      -0.207       0.061       0.112       0.212

 Intercepts
    A_00             0.000       0.000       0.000       0.000       0.000       0.000       0.000
    A_01             0.000       0.000       0.000       0.000       0.000       0.000       0.000
    A_02             0.000       0.000       0.000       0.000       0.000       0.000       0.000
    A_03             0.000       0.000       0.000       0.000       0.000       0.000       0.000
    A_04             0.000       0.000       0.000       0.000       0.000       0.000       0.000
    B_00             0.000       0.000       0.000       0.000       0.000       0.000       0.000
    B_01             0.000       0.000       0.000       0.000       0.000       0.000       0.000
    B_02             0.000       0.000       0.000       0.000       0.000       0.000       0.000
    B_03             0.000       0.000       0.000       0.000       0.000       0.000       0.000
    B_04             0.000       0.000       0.000       0.000       0.000       0.000       0.000
    IA              45.777      46.125      46.303      47.232      48.161      48.339      48.687
    SA              -1.360      -1.284      -1.246      -1.044      -0.843      -0.804      -0.729
    IB               9.718       9.763       9.785       9.904      10.022      10.045      10.089
    SB              -0.146      -0.130      -0.121      -0.076      -0.032      -0.023      -0.006

 Residual Variances
    A_00            17.513      18.068      18.353      19.837      21.321      21.605      22.161
    A_01            17.513      18.068      18.353      19.837      21.321      21.605      22.161
    A_02            17.513      18.068      18.353      19.837      21.321      21.605      22.161
    A_03            17.513      18.068      18.353      19.837      21.321      21.605      22.161
    A_04            17.513      18.068      18.353      19.837      21.321      21.605      22.161
    B_00             1.975       2.016       2.037       2.147       2.258       2.279       2.320
    B_01             1.975       2.016       2.037       2.147       2.258       2.279       2.320
    B_02             1.975       2.016       2.037       2.147       2.258       2.279       2.320
    B_03             1.975       2.016       2.037       2.147       2.258       2.279       2.320
    B_04             1.975       2.016       2.037       2.147       2.258       2.279       2.320
    IA              91.327      94.888      96.709     106.221     115.733     117.554     121.114
    SA               0.567       0.739       0.828       1.290       1.752       1.840       2.013
    IB               1.384       1.500       1.559       1.870       2.181       2.240       2.356
    SB               0.085       0.098       0.105       0.140       0.176       0.183       0.196

New/Additional Parameters
    R_IAIB           0.038       0.064       0.078       0.149       0.220       0.233       0.260
    R_SASB           0.133       0.213       0.254       0.468       0.683       0.724       0.804
    R_RES_AB        -0.096      -0.081      -0.073      -0.032       0.009       0.017       0.033


SAMPLE STATISTICS FOR ESTIMATED FACTOR SCORES


     SAMPLE STATISTICS


           Means
              IA            IA_SE         SA            SA_SE         IB
              ________      ________      ________      ________      ________
 1             40.291         3.422        -1.346         0.978         9.447


           Means
              IB_SE         SB            SB_SE
              ________      ________      ________
 1              0.749        -0.171         0.286


           Covariances
              IA            IA_SE         SA            SA_SE         IB
              ________      ________      ________      ________      ________
 IA           123.270
 IA_SE         -0.008         2.443
 SA             1.224         0.000         0.382
 SA_SE         -0.057         0.080        -0.002         0.009
 IB             4.033        -0.107         0.403        -0.012         1.434
 IB_SE         -0.173         0.082        -0.004         0.006        -0.019
 SB             0.942         0.001         0.120        -0.001         0.199
 SB_SE         -0.079         0.031        -0.003         0.003        -0.009


           Covariances
              IB_SE         SB            SB_SE
              ________      ________      ________
 IB_SE          0.010
 SB            -0.002         0.062
 SB_SE          0.004        -0.001         0.002


           Correlations
              IA            IA_SE         SA            SA_SE         IB
              ________      ________      ________      ________      ________
 IA             1.000
 IA_SE          0.000         1.000
 SA             0.178         0.000         1.000
 SA_SE         -0.053         0.526        -0.041         1.000
 IB             0.303        -0.057         0.544        -0.106         1.000
 IB_SE         -0.155         0.524        -0.059         0.644        -0.162
 SB             0.340         0.002         0.775        -0.039         0.665
 SB_SE         -0.162         0.456        -0.105         0.800        -0.176


           Correlations
              IB_SE         SB            SB_SE
              ________      ________      ________
 IB_SE          1.000
 SB            -0.090         1.000
 SB_SE          0.815        -0.119         1.000


RESULTS SAVING INFORMATION

  Order of data

    Parameter estimates
     (saved in order shown in Technical 1 output)
    Standard errors
     (saved in order shown in Technical 1 output)
    H0 Loglikelihood
    H0 Scaling Correction Factor for MLR
    Number of Free Parameters
    Akaike (AIC)
    Bayesian (BIC)
    Sample-Size Adjusted BIC
    Condition Number

  Save file
    b1_female_a_grip_bostorim_results.dat

  Save file format           Free


PLOT INFORMATION

The following plots are available:

  Histograms (sample values, estimated factor scores)
  Scatterplots (sample values, estimated factor scores)
  Latent variable distribution plots

SAVEDATA INFORMATION


  Save file
    b1_female_a_grip_bostorim_fscores.dat

  Order and format of variables

    A_00           F10.3
    A_01           F10.3
    A_02           F10.3
    A_03           F10.3
    A_04           F10.3
    B_00           F10.3
    B_01           F10.3
    B_02           F10.3
    B_03           F10.3
    B_04           F10.3
    AGE_C70        F10.3
    TIME_00        F10.3
    TIME_01        F10.3
    TIME_02        F10.3
    TIME_03        F10.3
    TIME_04        F10.3
    IA             F10.3
    IA_SE          F10.3
    SA             F10.3
    SA_SE          F10.3
    IB             F10.3
    IB_SE          F10.3
    SB             F10.3
    SB_SE          F10.3

  Save file format
    24F10.3

  Save file record length    10000


     Beginning Time:  21:55:19
        Ending Time:  21:55:24
       Elapsed Time:  00:00:05



MUTHEN & MUTHEN
3463 Stoner Ave.
Los Angeles, CA  90066

Tel: (310) 391-9971
Fax: (310) 391-8971
Web: www.StatModel.com
Support: Support@StatModel.com

Copyright (c) 1998-2015 Muthen & Muthen
